Number of sample populations = 3. Total number of values in the input = 90
13 0 1
14 0 4
14 0 4
14 0 4
14 0 4
14 0 4
15 0 8.5
15 0 8.5
15 0 8.5
15 0 8.5
16 0 14
16 0 14
16 0 14
16 0 14
16 0 14
16 0 14
16 0 14
17 0 18
17 0 18
18 0 22
18 0 22
18 0 22
18 0 22
18 0 22
19 0 25
21 1 28
21 0 28
21 1 28
21 1 28
22 1 31
22 0 31
22 1 31
23 0 35
23 1 35
23 0 35
23 1 35
23 1 35
24 1 39
24 1 39
24 0 39
25 1 41
26 1 43
26 1 43
26 1 43
27 1 46
27 1 46
27 1 46
27 1 46
28 1 50
28 1 50
29 1 52
29 1 52
31 1 54
31 1 54
31 1 54
31 1 54
32 1 57
34 1 58
35 2 59
36 2 62
36 1 62
36 2 62
36 2 62
36 2 62
37 2 68
37 2 68
37 2 68
37 2 68
37 2 68
37 2 68
38 2 74
38 2 74
38 2 74
38 2 74
38 1 74
38 2 74
39 2 77
40 2 78
40 2 78
41 2 80
41 2 80
42 2 82
43 2 84
43 2 84
46 2 85
47 2 86
47 2 86
49 2 88
51 2 89
52 2 90
Total number of ties =57
Number of samples = 30; sum = 492.5
Number of samples = 30; sum = 1354
Number of samples = 30; sum = 2248.5
Corrected T value =75.4735
p-value to accept the null hypothesis that all distribution functions are identical = 4.08444337e-17
