1.141416735e-05
1.240489418e-05
1.209264691e-05
1.381319349e-05
1.608137625e-05
1.740392703e-05
1.139271444e-05
1.282089353e-05
1.382041927e-05
1.100726943e-05
1.235346693e-05
1.508891617e-05
1.235025184e-05
1.271708058e-05
1.271682521e-05
1.412978316e-05
1.396848156e-05
1.408103243e-05
1.171790357e-05
1.358538498e-05
1.462454194e-05
1.370067101e-05
1.228966308e-05
1.202258941e-05
1.250140019e-05
1.469423820e-05
1.468870779e-05
1.525812582e-05
1.280549869e-05
1.424697306e-05

2.383671864e-05
2.328124985e-05
2.396132841e-05
2.531802235e-05
2.186956220e-05
2.359729556e-05
2.346607298e-05
2.261151903e-05
2.344272925e-05
2.332354817e-05
2.227043342e-05
2.416368813e-05
2.332593164e-05
2.405158904e-05
2.144522586e-05
2.230169470e-05
2.273515415e-05
2.484046135e-05
2.279610407e-05
2.278919070e-05
2.153584421e-05
2.257493631e-05
2.438944308e-05
2.328674322e-05
2.331141940e-05
2.250092025e-05
2.487780155e-05
2.159121637e-05
2.004620119e-05
2.247620866e-05
