1.762176162e-06
1.631755853e-06
1.599258880e-06
1.654959463e-06
1.827051307e-06
1.953107308e-06
1.705819412e-06
1.838604109e-06
1.763219035e-06
1.824490511e-06
1.688431805e-06
1.724488615e-06
1.633887388e-06
1.824863005e-06
1.667878971e-06
1.839505626e-06
1.923430691e-06
1.614396390e-06
1.742319176e-06
1.840138240e-06
1.772520782e-06
1.601780754e-06
1.707527115e-06
1.899189638e-06
1.733974474e-06
1.954087946e-06
1.736041657e-06
1.752105194e-06
1.742612788e-06
1.747887554e-06

3.593169700e-06
3.964844059e-06
3.410435113e-06
3.513258523e-06
3.883304979e-06
3.443134361e-06
4.324995356e-06
4.097907519e-06
3.983686715e-06
3.845964418e-06
3.627614696e-06
3.934677822e-06
3.508882080e-06
3.863051826e-06
3.827028149e-06
3.907188867e-06
4.258039415e-06
3.884609449e-06
3.657085046e-06
3.957476721e-06
3.464702124e-06
3.988802718e-06
3.603654760e-06
4.143487433e-06
3.650260541e-06
3.486287013e-06
4.049434034e-06
3.971079422e-06
3.715221235e-06
3.605243620e-06
