4.649786000e+06
5.159523000e+06
4.523420000e+06
4.958669000e+06
4.870499000e+06
6.057622000e+06
5.005311000e+06
5.966798000e+06
1.077385400e+07
4.251983000e+06
5.014026000e+06
4.596522000e+06
4.041504000e+06
4.178932000e+06
5.632938000e+06
5.135118000e+06
4.500538000e+06
5.352721000e+06
4.766968000e+06
4.667907000e+06
2.437844100e+07
5.537612000e+06
4.818616000e+06
3.969230000e+06
4.446911000e+06
1.255350400e+07
4.004957000e+06
4.918893000e+06
4.361628000e+06
4.495884000e+06

4.397769000e+06
4.555812000e+06
3.995231000e+06
4.359857000e+06
3.917718000e+06
4.263016000e+06
4.081251000e+06
4.150838000e+06
4.415220000e+06
4.270031000e+06
4.092670000e+06
4.435048000e+06
4.473624000e+06
4.077333000e+06
4.294249000e+06
3.939605000e+06
3.791932000e+06
4.080102000e+06
4.370356000e+06
4.146160000e+06
4.330541000e+06
4.921049000e+06
3.930779000e+06
4.111646000e+06
4.256971000e+06
4.252271000e+06
3.832544000e+06
3.921574000e+06
4.045366000e+06
4.260735000e+06
