2.150400000e+04
2.227200000e+04
1.996800000e+04
1.894400000e+04
1.996800000e+04
2.099200000e+04
2.227200000e+04
2.022400000e+04
2.278400000e+04
2.150400000e+04
1.894400000e+04
2.022400000e+04
1.945600000e+04
2.329600000e+04
2.201600000e+04
2.227200000e+04
2.201600000e+04
1.971200000e+04
1.920000000e+04
2.150400000e+04
1.945600000e+04
2.022400000e+04
2.176000000e+04
1.971200000e+04
1.638400000e+04
1.868800000e+04
1.689600000e+04
2.073600000e+04
2.406400000e+04
1.971200000e+04

2.624000000e+05
2.554880000e+05
2.954240000e+05
2.627840000e+05
2.485760000e+05
2.598400000e+05
2.599680000e+05
2.718720000e+05
2.202880000e+05
2.708480000e+05
2.544640000e+05
2.274560000e+05
2.657280000e+05
2.638080000e+05
2.403840000e+05
2.521600000e+05
2.332160000e+05
2.466560000e+05
2.540800000e+05
2.819840000e+05
2.554880000e+05
2.588160000e+05
2.643200000e+05
2.351360000e+05
2.663680000e+05
3.445760000e+05
2.488320000e+05
2.570240000e+05
2.080000000e+05
2.444800000e+05
