6.935438000e+06
6.463801000e+06
7.123493000e+06
6.770558000e+06
6.671213000e+06
7.124198000e+06
6.783795000e+06
6.824335000e+06
6.559671000e+06
6.421701000e+06
6.932124000e+06
7.045517000e+06
6.948631000e+06
5.990011000e+06
8.495042900e+07
6.600558000e+06
6.740525000e+06
7.380315000e+06
6.689591000e+06
6.377646900e+07
1.451146600e+07
6.534733000e+06
4.129480500e+07
7.182582000e+06
6.844476000e+06
6.465648000e+06
1.395751200e+07
6.578262000e+06
5.639346000e+06
6.459745000e+06

4.846363663e+09
5.047897249e+09
5.886651512e+10
4.846128377e+09
4.846076582e+09
4.846189095e+09
4.846125561e+09
5.888945716e+10
5.401309910e+09
4.845876710e+09
4.846480158e+09
5.400836830e+09
5.401333384e+09
4.845010533e+09
5.401083284e+09
4.846278461e+09
4.846167725e+09
5.146982670e+09
5.401572167e+09
5.882866423e+10
5.047947942e+09
5.401499602e+09
5.401121643e+09
5.383999032e+09
5.401487857e+09
5.401240626e+09
5.047790567e+09
5.879673969e+10
4.846529219e+09
5.400820982e+09
