5.103500000e+04
5.007000000e+04
5.023200000e+04
4.958400000e+04
4.939000000e+04
5.026300000e+04
4.541100000e+04
4.775500000e+04
4.798000000e+04
4.692300000e+04
4.917300000e+04
5.082100000e+04
4.729000000e+04
5.037300000e+04
4.970100000e+04
5.103200000e+04
5.158800000e+04
4.846800000e+04
5.110000000e+04
5.140400000e+04
5.364300000e+04
5.170600000e+04
4.826400000e+04
4.869300000e+04
5.171000000e+04
5.097900000e+04
5.160300000e+04
4.803100000e+04
4.917000000e+04
4.944500000e+04

3.599900000e+04
3.357700000e+04
3.435500000e+04
3.576300000e+04
3.566700000e+04
3.922600000e+04
3.524800000e+04
3.857000000e+04
3.541400000e+04
3.736800000e+04
3.463700000e+04
3.541600000e+04
3.542800000e+04
3.581900000e+04
3.546500000e+04
3.726200000e+04
3.846600000e+04
3.472400000e+04
3.485400000e+04
3.748500000e+04
3.540700000e+04
3.377800000e+04
3.488700000e+04
3.770500000e+04
3.671300000e+04
3.899300000e+04
3.653600000e+04
3.614300000e+04
3.658500000e+04
3.572300000e+04
