Number of sample populations = 3. Total number of values in the input = 90
23 0 2
23 0 2
23 0 2
24 0 4
25 0 7
25 0 7
25 0 7
25 0 7
25 0 7
26 0 12
26 0 12
26 0 12
26 0 12
26 0 12
26 0 12
27 0 16
28 0 17
29 0 19
29 1 19
29 0 19
30 1 22
30 0 22
32 1 24
32 0 24
32 0 24
33 0 26
33 1 26
35 0 28
35 0 28
36 0 30
36 1 30
37 0 33
37 0 33
37 0 33
38 1 35
40 1 37
40 1 37
40 0 37
41 1 40
41 1 40
41 1 40
41 1 40
43 1 44
43 1 44
43 1 44
44 1 48
44 1 48
44 1 48
44 1 48
44 1 48
45 1 52
45 1 52
46 1 54
46 1 54
46 1 54
47 1 56
47 1 56
48 1 58
50 1 59
53 1 60
61 2 61
63 2 62
64 2 63
65 2 65
65 2 65
65 2 65
67 2 68
67 2 68
67 2 68
70 2 70
70 2 70
71 2 72
75 2 74
75 2 74
75 2 74
76 2 76
77 2 77
78 2 79
78 2 79
78 2 79
79 2 81
80 2 84
80 2 84
80 2 84
80 2 84
80 2 84
81 2 87
83 2 88
83 2 88
85 2 90
Total number of ties =50
Number of samples = 30; sum = 510.5
Number of samples = 30; sum = 1319.5
Number of samples = 30; sum = 2265
Corrected T value =75.4206
p-value to accept the null hypothesis that all distribution functions are identical = 4.19402702e-17
