2.867179967e-07
1.134439983e-07
5.134802849e-07
1.921432410e-07
9.354573480e-08
2.988959885e-07
1.180869079e-07
1.599310976e-07
1.712514854e-07
1.975514192e-07
1.148945358e-07
1.017818543e-07
2.829555653e-07
2.175801417e-07
1.040437283e-07
1.109729429e-07
1.611474237e-07
1.661818697e-07
2.270323478e-07
1.440090376e-07
1.192279846e-07
4.305403279e-07
1.794929542e-07
3.883480348e-07
2.472284953e-07
1.916560958e-07
1.408618951e-07
1.563169694e-07
2.730969325e-07
1.964542147e-07

7.695568352e-07
4.593194209e-07
9.293560367e-07
9.051343843e-07
9.050491149e-07
5.034959037e-07
1.500748679e-06
1.096724572e-06
9.331712425e-07
5.401276435e-07
3.963391645e-07
5.524976910e-07
7.362383855e-07
1.307084841e-06
6.130142373e-07
8.574955098e-07
5.442158630e-07
4.740113823e-07
1.207286897e-06
4.276559396e-07
8.573951107e-07
4.493472552e-07
6.358749330e-07
6.584680441e-07
6.623615333e-07
8.188138319e-07
6.289980536e-07
5.207668645e-07
2.334796468e-07
1.839945266e-06
