7.080000000e+02
5.730000000e+02
6.850000000e+02
6.710000000e+02
6.440000000e+02
6.800000000e+02
5.850000000e+02
7.060000000e+02
6.610000000e+02
6.860000000e+02
6.830000000e+02
6.780000000e+02
6.690000000e+02
5.980000000e+02
7.570000000e+02
5.840000000e+02
6.100000000e+02
5.140000000e+02
5.640000000e+02
5.430000000e+02
7.190000000e+02
6.830000000e+02
7.070000000e+02
6.870000000e+02
6.480000000e+02
8.520000000e+02
6.590000000e+02
7.210000000e+02
6.780000000e+02
6.710000000e+02

4.053000000e+03
3.201000000e+03
4.359000000e+03
4.568000000e+03
4.099000000e+03
2.695000000e+03
3.992000000e+03
2.535000000e+03
2.617000000e+03
3.474000000e+03
2.058000000e+03
3.318000000e+03
3.071000000e+03
3.433000000e+03
2.741000000e+03
3.028000000e+03
2.456000000e+03
5.145000000e+03
2.990000000e+03
3.018000000e+03
1.957000000e+03
4.336000000e+03
4.350000000e+03
2.475000000e+03
3.428000000e+03
2.633000000e+03
5.231000000e+03
2.947000000e+03
2.930000000e+03
4.412000000e+03
