1.200000000e+02
9.800000000e+01
1.350000000e+02
1.030000000e+02
1.260000000e+02
1.120000000e+02
1.050000000e+02
1.480000000e+02
1.170000000e+02
1.010000000e+02
1.280000000e+02
1.640000000e+02
1.340000000e+02
1.140000000e+02
8.600000000e+01
1.150000000e+02
1.100000000e+02
1.140000000e+02
1.050000000e+02
1.020000000e+02
9.200000000e+01
9.900000000e+01
1.040000000e+02
9.400000000e+01
1.230000000e+02
1.290000000e+02
9.900000000e+01
1.110000000e+02
1.160000000e+02
1.020000000e+02

9.400000000e+01
1.250000000e+02
8.100000000e+01
1.230000000e+02
1.460000000e+02
9.400000000e+01
1.200000000e+02
1.270000000e+02
1.160000000e+02
1.110000000e+02
1.210000000e+02
1.090000000e+02
1.010000000e+02
1.100000000e+02
1.170000000e+02
1.660000000e+02
1.060000000e+02
9.500000000e+01
1.210000000e+02
1.180000000e+02
1.260000000e+02
1.590000000e+02
1.250000000e+02
1.110000000e+02
1.240000000e+02
1.330000000e+02
1.230000000e+02
1.480000000e+02
1.230000000e+02
1.420000000e+02
