1.497321050e-05
1.355702201e-05
1.487095056e-05
1.221454144e-05
1.457475133e-05
1.352465929e-05
1.373936510e-05
1.503518872e-05
1.331677890e-05
1.464722667e-05
1.281415876e-05
1.411224812e-05
1.285772283e-05
1.335626884e-05
1.476304995e-05
1.461067677e-05
1.381163122e-05
1.509809704e-05
1.492831521e-05
1.330861476e-05
1.243465272e-05
1.550253731e-05
1.683356424e-05
1.471158537e-05
1.506842797e-05
1.449872207e-05
1.767590735e-05
1.371807323e-05
1.380248963e-05
1.371493403e-05

3.243843726e-05
3.220315949e-05
2.740247423e-05
2.331841636e-05
2.600243651e-05
1.931678236e-05
2.704654138e-05
2.379771309e-05
2.775949683e-05
2.362626156e-05
2.176533213e-05
3.508580308e-05
2.425090836e-05
2.124273225e-05
2.432579603e-05
2.952405483e-05
2.536784633e-05
2.078835111e-05
3.315619327e-05
2.618243693e-05
2.032663891e-05
2.384867615e-05
2.005170829e-05
2.883511332e-05
2.976262197e-05
2.090354932e-05
3.006392990e-05
2.563160595e-05
2.409220445e-05
2.525318357e-05
