2.933657600e+07
2.676134400e+07
2.599616000e+07
2.407692800e+07
3.072947200e+07
2.287705600e+07
2.775232000e+07
2.565964800e+07
2.790732800e+07
2.522150400e+07
2.794329600e+07
3.152128000e+07
2.970790400e+07
2.662988800e+07
2.550361600e+07
2.281971200e+07
2.470771200e+07
2.549542400e+07
2.609548800e+07
2.592409600e+07
2.819302400e+07
2.543040000e+07
2.429772800e+07
2.354508800e+07
2.778803200e+07
2.425113600e+07
2.674956800e+07
2.306713600e+07
2.832768000e+07
2.927142400e+07

1.534280960e+08
1.217322240e+08
1.418822400e+08
1.857233920e+08
1.584615680e+08
1.361130240e+08
1.539717120e+08
1.422365440e+08
1.488175360e+08
1.437861120e+08
1.446076160e+08
2.476012800e+08
1.264006400e+08
1.587651840e+08
1.779838720e+08
1.413143040e+08
1.248217600e+08
1.249043200e+08
1.460983040e+08
1.362154240e+08
1.416307200e+08
1.920099840e+08
1.435631360e+08
1.438311680e+08
1.536628480e+08
1.642321920e+08
1.594474240e+08
1.651310080e+08
2.152272640e+08
1.771239680e+08
