2.932000000e+03
3.041000000e+03
2.812000000e+03
3.168000000e+03
3.042000000e+03
3.123000000e+03
3.037000000e+03
3.078000000e+03
3.295000000e+03
2.907000000e+03
2.945000000e+03
3.369000000e+03
2.987000000e+03
3.249000000e+03
3.069000000e+03
3.384000000e+03
3.354000000e+03
2.767000000e+03
3.228000000e+03
2.804000000e+03
3.045000000e+03
2.984000000e+03
3.159000000e+03
3.242000000e+03
3.071000000e+03
3.125000000e+03
3.202000000e+03
3.402000000e+03
3.117000000e+03
3.270000000e+03

4.789000000e+03
5.155000000e+03
4.227000000e+03
6.467000000e+03
5.004000000e+03
4.249000000e+03
4.878000000e+03
1.003563000e+06
4.239000000e+03
6.773000000e+03
4.622000000e+03
4.600000000e+03
5.656000000e+03
4.609000000e+03
5.146000000e+03
4.345000000e+03
4.889000000e+03
4.393000000e+03
4.516000000e+03
4.603000000e+03
6.892000000e+03
1.002900000e+06
4.360000000e+03
5.562000000e+03
4.353000000e+03
3.982000000e+03
6.022000000e+03
2.996703000e+06
4.459000000e+03
4.311000000e+03
