5.263380000e+06
5.193324000e+06
5.347660000e+06
4.981730000e+06
4.953479000e+06
5.001059000e+06
5.670916000e+06
5.432899000e+06
5.546316000e+06
5.321795000e+06
5.301702000e+06
5.063509000e+06
5.117245000e+06
5.061673000e+06
5.573438000e+06
5.145240000e+06
5.663748000e+06
5.045155000e+06
5.318958000e+06
5.099090000e+06
4.921127000e+06
5.011728000e+06
5.096725000e+06
5.409238000e+06
5.178222000e+06
5.470807000e+06
5.356194000e+06
5.212327000e+06
5.063619000e+06
5.098887000e+06

1.609550000e+06
1.840152000e+06
2.045608000e+06
2.049342000e+06
1.630415000e+06
2.032686000e+06
4.051069000e+06
1.988479000e+06
1.936486000e+06
1.936336000e+06
1.970694000e+06
1.712987000e+06
2.867387000e+06
1.479168000e+06
1.603711000e+06
2.912567000e+06
1.661303000e+06
1.801020000e+06
2.060170000e+06
1.776701000e+06
1.878110000e+06
1.630128000e+06
1.890317000e+06
2.861783000e+06
1.675696000e+06
2.066725000e+06
1.774568000e+06
1.876442000e+06
2.688131000e+06
1.815912000e+06
