2.634227200e+07
2.224320000e+07
2.409216000e+07
2.403161600e+07
2.683532800e+07
2.000716800e+07
2.281702400e+07
2.213030400e+07
2.398489600e+07
2.252864000e+07
2.616921600e+07
3.033446400e+07
2.235737600e+07
2.358720000e+07
2.587993600e+07
2.505907200e+07
2.514112000e+07
2.673920000e+07
2.674201600e+07
2.976384000e+07
2.362048000e+07
2.468403200e+07
2.293017600e+07
2.582873600e+07
2.160409600e+07
2.544780800e+07
2.177561600e+07
2.659340800e+07
2.475878400e+07
2.715840000e+07

3.591424000e+07
3.943193600e+07
3.341337600e+07
3.312409600e+07
3.993433600e+07
4.116800000e+07
3.741798400e+07
4.635251200e+07
3.457152000e+07
4.118681600e+07
3.016179200e+07
3.307264000e+07
4.283788800e+07
3.364928000e+07
3.416819200e+07
3.099545600e+07
2.404275200e+07
3.917363200e+07
3.262156800e+07
3.731712000e+07
3.969177600e+07
3.299315200e+07
3.943897600e+07
3.321740800e+07
3.178611200e+07
3.342131200e+07
3.555187200e+07
3.207731200e+07
4.622003200e+07
2.986496000e+07
