3.380000000e+02
5.110000000e+02
4.180000000e+02
3.860000000e+02
4.240000000e+02
5.210000000e+02
4.150000000e+02
3.970000000e+02
4.240000000e+02
4.310000000e+02
4.540000000e+02
5.420000000e+02
3.670000000e+02
4.790000000e+02
4.730000000e+02
3.530000000e+02
5.350000000e+02
5.210000000e+02
5.270000000e+02
4.040000000e+02
2.900000000e+02
3.930000000e+02
4.350000000e+02
6.220000000e+02
3.940000000e+02
4.570000000e+02
4.920000000e+02
5.340000000e+02
4.010000000e+02
2.660000000e+02

5.040000000e+02
5.570000000e+02
4.070000000e+02
4.540000000e+02
3.870000000e+02
4.090000000e+02
5.040000000e+02
5.500000000e+02
5.700000000e+02
4.590000000e+02
4.840000000e+02
3.550000000e+02
5.010000000e+02
5.540000000e+02
5.020000000e+02
4.350000000e+02
4.850000000e+02
4.750000000e+02
4.290000000e+02
4.470000000e+02
5.990000000e+02
3.860000000e+02
4.830000000e+02
4.560000000e+02
5.060000000e+02
4.440000000e+02
4.430000000e+02
4.690000000e+02
4.020000000e+02
3.770000000e+02
