4.126588688e-07
3.983700607e-08
6.182840524e-07
2.210930723e-07
6.667709101e-07
5.211815148e-08
1.513474734e-07
2.473937247e-07
9.366772669e-07
4.167800223e-08
4.079810291e-07
2.736609239e-07
1.136279023e-06
1.092576592e-06
6.071055805e-07
3.730952756e-07
1.806713962e-07
3.483727055e-07
4.357572489e-08
3.208453877e-07
8.247061613e-08
4.591049301e-07
8.002633914e-07
5.650732074e-07
7.107853172e-08
3.281297318e-07
7.977093420e-07
1.788069669e-07
4.003388811e-07
3.249916910e-08

6.522156352e-07
1.659611514e-06
1.424517298e-06
1.247088493e-06
1.383528836e-06
1.230826633e-06
3.250833077e-07
3.702799092e-07
3.063038055e-07
1.936321816e-07
4.635726302e-07
3.879198915e-07
1.130835715e-06
1.732083857e-06
2.116966945e-06
1.138757105e-06
9.442917104e-07
1.232594416e-06
1.471890305e-06
4.270249622e-07
4.123444579e-07
1.327590768e-06
1.085492966e-06
7.534082286e-07
8.094868153e-07
4.094662572e-07
2.912423036e-07
6.555564702e-07
2.219708918e-06
1.187284202e-06
