Number of sample populations = 3. Total number of values in the input = 90
5.26058e-07 0 1
5.39251e-07 0 2
5.44738e-07 0 3
5.52527e-07 0 4
5.52651e-07 0 5
5.59735e-07 0 6
5.62317e-07 0 7
5.63596e-07 0 8
5.65818e-07 0 9
5.66712e-07 0 10
5.75562e-07 0 11
5.79525e-07 0 12
5.8061e-07 0 13
5.84695e-07 0 14
5.89568e-07 0 15
5.97201e-07 0 16
5.99964e-07 0 17
6.03139e-07 0 18
6.0744e-07 0 19
6.10559e-07 0 20
6.10832e-07 0 21
6.13419e-07 0 22
6.13734e-07 0 23
6.1815e-07 0 24
6.2664e-07 0 25
6.28167e-07 0 26
6.30161e-07 0 27
6.33676e-07 0 28
6.37131e-07 0 29
6.61861e-07 0 30
8.38764e-07 1 31
8.53023e-07 1 32
8.60263e-07 1 33
8.62885e-07 1 34
8.67805e-07 1 35
8.69942e-07 1 36
8.84227e-07 1 37
9.02369e-07 1 38
9.07632e-07 1 39
9.1416e-07 1 40
9.1489e-07 1 41
9.20222e-07 1 42
9.20599e-07 1 43
9.278e-07 1 44
9.32351e-07 1 45
9.42539e-07 1 46
9.43657e-07 1 47
9.44527e-07 1 48
9.50377e-07 1 49
9.52047e-07 1 50
9.62855e-07 1 51
9.81426e-07 1 52
9.83189e-07 1 53
9.85317e-07 1 54
9.99345e-07 1 55
1.00341e-06 1 56
1.02269e-06 1 57
1.03413e-06 1 58
1.04228e-06 1 59
1.04231e-06 1 60
2.2466e-06 2 61
2.28001e-06 2 62
2.3007e-06 2 63
2.31039e-06 2 64
2.3125e-06 2 65
2.31434e-06 2 66
2.32343e-06 2 67
2.32496e-06 2 68
2.32847e-06 2 69
2.33177e-06 2 70
2.35703e-06 2 71
2.36986e-06 2 72
2.37747e-06 2 73
2.3821e-06 2 74
2.38323e-06 2 75
2.38903e-06 2 76
2.38965e-06 2 77
2.39509e-06 2 78
2.41197e-06 2 79
2.42077e-06 2 80
2.4365e-06 2 81
2.45004e-06 2 82
2.45303e-06 2 83
2.45983e-06 2 84
2.46353e-06 2 85
2.46415e-06 2 86
2.46788e-06 2 87
2.50177e-06 2 88
2.50753e-06 2 89
2.51983e-06 2 90
Total number of ties =0
Number of samples = 30; sum = 465
Number of samples = 30; sum = 1365
Number of samples = 30; sum = 2265
Corrected T value =79.1209
p-value to accept the null hypothesis that all distribution functions are identical = 6.59355142e-18
