1.354791176e-05
1.321260779e-05
1.361022775e-05
1.338801739e-05
1.335051388e-05
1.356695166e-05
1.296615693e-05
1.599974001e-05
1.667185946e-05
1.596986718e-05
1.975577917e-05
1.378535999e-05
1.576950092e-05
1.369588211e-05
1.727370209e-05
1.421663261e-05
1.540174859e-05
1.552955852e-05
1.408972715e-05
1.637632063e-05
1.518744054e-05
1.411467734e-05
1.850841626e-05
1.321921844e-05
1.274185620e-05
1.396576072e-05
1.503302345e-05
1.482419464e-05
1.418903926e-05
1.627142201e-05

9.686206362e-05
9.910581175e-05
1.008142672e-04
9.599195714e-05
9.591573359e-05
9.885005860e-05
9.076584804e-05
9.728176915e-05
8.956076281e-05
9.970224680e-05
9.763066005e-05
9.452397418e-05
9.643969326e-05
9.785318977e-05
9.293835888e-05
9.683819837e-05
9.947154536e-05
9.979355246e-05
9.238907947e-05
9.773789791e-05
9.238892055e-05
9.215259439e-05
8.967488290e-05
9.921822749e-05
9.685918350e-05
9.563358369e-05
9.939072193e-05
9.901110750e-05
9.809809524e-05
8.939077712e-05
