1.813310949e-05
1.927895737e-05
1.838198473e-05
1.900962319e-05
2.058475882e-05
1.753998010e-05
2.075688284e-05
1.499367822e-05
1.925918769e-05
1.952592391e-05
1.697841851e-05
2.054620776e-05
2.123034101e-05
2.014089307e-05
2.112122878e-05
1.429545153e-05
1.598383487e-05
2.001368985e-05
1.907561190e-05
1.976134467e-05
1.716911980e-05
1.599024493e-05
1.956239964e-05
1.778833319e-05
2.161867132e-05
2.058992252e-05
1.673088251e-05
2.059355693e-05
2.054992644e-05
1.927389833e-05

1.854424477e-05
2.181640928e-05
2.078532061e-05
2.508951890e-05
2.094620412e-05
2.143274340e-05
2.192222107e-05
1.999571505e-05
2.105192809e-05
2.027129230e-05
2.030437067e-05
2.114859969e-05
1.983548168e-05
2.201286346e-05
2.142735977e-05
2.265336789e-05
1.776353266e-05
2.079550380e-05
1.896919756e-05
2.036403205e-05
1.863323614e-05
2.070542644e-05
2.243826642e-05
2.248034195e-05
2.106945989e-05
1.705449077e-05
2.538593825e-05
2.264111652e-05
2.078685646e-05
2.165228869e-05
