Number of sample populations = 3. Total number of values in the input = 90
7 0 3.5
7 0 3.5
7 1 3.5
7 0 3.5
7 0 3.5
7 0 3.5
8 0 13
8 0 13
8 0 13
8 0 13
8 0 13
8 0 13
8 0 13
8 1 13
8 0 13
8 0 13
8 0 13
8 0 13
8 0 13
9 1 26
9 0 26
9 0 26
9 0 26
9 0 26
9 0 26
9 0 26
9 0 26
9 1 26
9 1 26
9 1 26
9 1 26
9 1 26
10 0 38
10 1 38
10 1 38
10 0 38
10 1 38
10 0 38
10 1 38
10 1 38
10 1 38
10 1 38
11 0 46
11 1 46
11 1 46
11 1 46
11 1 46
11 1 46
11 0 46
11 1 46
12 2 56
12 1 56
12 2 56
12 2 56
12 1 56
12 1 56
12 1 56
12 2 56
12 2 56
12 0 56
12 1 56
13 1 66
13 2 66
13 2 66
13 1 66
13 2 66
13 2 66
13 1 66
13 2 66
14 1 72
14 2 72
14 2 72
14 2 72
14 2 72
15 2 77
15 2 77
15 2 77
15 2 77
15 2 77
16 2 82
16 2 82
16 2 82
16 2 82
17 2 84
17 2 84
18 2 86
18 2 86
19 2 88
21 2 89
22 2 90
Total number of ties =75
Number of samples = 30; sum = 617
Number of samples = 30; sum = 1262.5
Number of samples = 30; sum = 2215.5
Corrected T value =63.8872
p-value to accept the null hypothesis that all distribution functions are identical = 1.33989415e-14
