1.228703242e-06
1.175599064e-06
9.899595290e-07
1.021329158e-06
1.054659185e-06
1.037601837e-06
9.987995601e-07
1.120600716e-06
1.055056789e-06
1.073239406e-06
1.076094333e-06
1.087657874e-06
1.115705870e-06
1.231258170e-06
1.109191466e-06
1.088459590e-06
1.046099273e-06
1.043906741e-06
1.021304088e-06
1.251273439e-06
1.067369711e-06
9.737224195e-07
1.020983690e-06
1.046608335e-06
1.072504876e-06
1.058111956e-06
1.135515032e-06
1.133473198e-06
1.019051356e-06
1.038357684e-06

8.554628172e-07
9.057984156e-07
9.561078263e-07
8.283996107e-07
9.254329269e-07
8.677981342e-07
8.413527315e-07
8.547710414e-07
9.719750759e-07
8.398280224e-07
9.530575699e-07
8.616949068e-07
8.436460625e-07
8.964036545e-07
8.163003813e-07
8.882795908e-07
8.900660560e-07
8.263313892e-07
8.200888007e-07
9.613159648e-07
9.848083565e-07
1.002961312e-06
9.707567937e-07
8.401009164e-07
8.685410077e-07
8.841444252e-07
9.624690176e-07
9.481828842e-07
8.835167213e-07
9.576614775e-07
