Number of sample populations = 3. Total number of values in the input = 90
1.03872e-06 0 1
1.08733e-06 0 2
1.09127e-06 0 3
1.09681e-06 0 4
1.1217e-06 0 5
1.13045e-06 0 6
1.14716e-06 0 7
1.15406e-06 0 8
1.18731e-06 0 9
1.18848e-06 0 10
1.19009e-06 0 11
1.19131e-06 0 12
1.21757e-06 0 13
1.23161e-06 0 14
1.24047e-06 0 15
1.24051e-06 0 16
1.24652e-06 0 17
1.25671e-06 0 18
1.2762e-06 0 19
1.27644e-06 0 20
1.28774e-06 0 21
1.2984e-06 0 22
1.29907e-06 0 23
1.33264e-06 0 24
1.33799e-06 0 25
1.34351e-06 0 26
1.35353e-06 0 27
1.3694e-06 0 28
1.38271e-06 0 29
1.41778e-06 0 30
2.08884e-06 1 31
2.28768e-06 1 32
2.29541e-06 1 33
2.36571e-06 1 34
2.3996e-06 1 35
2.41354e-06 1 36
2.50576e-06 1 37
2.51063e-06 1 38
2.52525e-06 1 39
2.5533e-06 1 40
2.5605e-06 1 41
2.60465e-06 1 42
2.62913e-06 1 43
2.63095e-06 1 44
2.69984e-06 1 45
2.74197e-06 1 46
2.74362e-06 1 47
2.75495e-06 1 48
2.76505e-06 1 49
2.77329e-06 1 50
2.77399e-06 1 51
2.79906e-06 1 52
2.81156e-06 2 53
2.88805e-06 1 54
2.90553e-06 1 55
2.9616e-06 1 56
3.01831e-06 1 57
3.19015e-06 1 58
3.22638e-06 2 59
3.25062e-06 1 60
3.29002e-06 1 61
3.29701e-06 2 62
3.30153e-06 1 63
3.40854e-06 2 64
3.81999e-06 2 65
3.8614e-06 2 66
3.86654e-06 2 67
3.95161e-06 2 68
4.086e-06 2 69
4.13523e-06 2 70
4.57813e-06 2 71
4.71747e-06 2 72
5.53637e-06 2 73
6.13895e-06 2 74
6.19732e-06 2 75
6.28801e-06 2 76
6.3864e-06 2 77
6.40034e-06 2 78
6.56183e-06 2 79
6.72983e-06 2 80
6.76873e-06 2 81
6.885e-06 2 82
7.41271e-06 2 83
7.65745e-06 2 84
7.73108e-06 2 85
7.96514e-06 2 86
8.11006e-06 2 87
8.41025e-06 2 88
8.64e-06 2 89
9.68147e-06 2 90
Total number of ties =0
Number of samples = 30; sum = 465
Number of samples = 30; sum = 1377
Number of samples = 30; sum = 2253
Corrected T value =78.08
p-value to accept the null hypothesis that all distribution functions are identical = 1.10954118e-17
