1.240000000e+02
9.700000000e+01
1.310000000e+02
1.010000000e+02
1.250000000e+02
1.080000000e+02
1.030000000e+02
1.460000000e+02
1.180000000e+02
9.900000000e+01
1.300000000e+02
1.640000000e+02
1.300000000e+02
1.130000000e+02
8.200000000e+01
1.110000000e+02
1.150000000e+02
1.130000000e+02
1.040000000e+02
9.000000000e+01
8.500000000e+01
9.000000000e+01
1.010000000e+02
8.500000000e+01
1.230000000e+02
1.390000000e+02
1.010000000e+02
1.070000000e+02
1.070000000e+02
9.100000000e+01

1.290000000e+02
1.250000000e+02
1.480000000e+02
1.300000000e+02
1.430000000e+02
1.420000000e+02
1.400000000e+02
1.200000000e+02
1.740000000e+02
1.170000000e+02
1.710000000e+02
1.440000000e+02
1.490000000e+02
1.450000000e+02
1.380000000e+02
1.160000000e+02
1.240000000e+02
1.100000000e+02
1.240000000e+02
1.510000000e+02
1.170000000e+02
1.270000000e+02
1.590000000e+02
1.440000000e+02
1.390000000e+02
1.330000000e+02
1.240000000e+02
1.730000000e+02
1.440000000e+02
1.290000000e+02
