1.166700000e+04
2.982400000e+04
2.554400000e+04
2.225200000e+04
2.470400000e+04
2.207700000e+04
5.783000000e+03
6.562000000e+03
5.397000000e+03
3.411000000e+03
8.340000000e+03
6.919000000e+03
2.020100000e+04
3.087400000e+04
3.775700000e+04
2.030800000e+04
1.678700000e+04
2.193600000e+04
2.632800000e+04
7.549000000e+03
7.415000000e+03
2.369900000e+04
1.943400000e+04
1.341900000e+04
1.450100000e+04
7.409000000e+03
5.130000000e+03
1.180600000e+04
3.954200000e+04
2.122400000e+04

7.373000000e+03
6.850000000e+02
1.096200000e+04
3.990000000e+03
1.183600000e+04
8.720000000e+02
2.636000000e+03
4.360000000e+03
1.669300000e+04
6.400000000e+02
7.288000000e+03
4.932000000e+03
2.021500000e+04
1.945300000e+04
1.076900000e+04
6.647000000e+03
3.187000000e+03
6.120000000e+03
8.340000000e+02
5.807000000e+03
1.400000000e+03
8.148000000e+03
1.422100000e+04
1.011000000e+04
1.267000000e+03
5.750000000e+03
1.421800000e+04
3.209000000e+03
7.190000000e+03
5.810000000e+02

1.281200000e+04
1.243500000e+04
1.297300000e+04
1.266300000e+04
1.251600000e+04
1.279500000e+04
1.262000000e+04
1.297200000e+04
1.256600000e+04
1.295800000e+04
1.277000000e+04
1.249300000e+04
1.307700000e+04
1.274200000e+04
1.242400000e+04
1.276500000e+04
1.276600000e+04
1.237200000e+04
1.284100000e+04
1.266000000e+04
1.290700000e+04
1.261300000e+04
1.282500000e+04
1.275600000e+04
1.290400000e+04
1.269500000e+04
1.271400000e+04
1.262700000e+04
1.257500000e+04
1.276800000e+04
