2.180719596e-05
1.701850194e-05
1.768109897e-05
2.229610609e-05
1.897646589e-05
2.058851294e-05
1.888752554e-05
2.191702854e-05
1.844783014e-05
1.874374517e-05
2.000295169e-05
1.719757518e-05
1.772853848e-05
1.950721830e-05
1.885103013e-05
1.828444423e-05
2.037864920e-05
1.993033644e-05
1.930885271e-05
1.840023549e-05
2.050819550e-05
1.865592298e-05
2.174905693e-05
1.871671857e-05
2.024482363e-05
1.964103429e-05
1.938168481e-05
1.961806960e-05
2.069279839e-05
1.960575700e-05

1.800773141e-05
1.726234956e-05
1.472570631e-05
1.508192540e-05
1.545648957e-05
1.465430087e-05
1.725125971e-05
1.567113375e-05
1.423836548e-05
1.693657017e-05
1.444836583e-05
1.590097811e-05
1.653901033e-05
1.332847929e-05
1.861876154e-05
1.673436858e-05
1.391445267e-05
1.402002993e-05
1.380502596e-05
1.427720680e-05
1.501423529e-05
1.573817253e-05
1.817066582e-05
1.586095759e-05
1.287688393e-05
1.396662256e-05
1.639200125e-05
1.350212670e-05
1.538353084e-05
1.629536554e-05

2.710939449e-05
3.186736701e-05
3.988816231e-05
2.875351719e-05
2.835495743e-05
3.760781612e-05
3.343440784e-05
2.949406244e-05
3.706100849e-05
2.955170454e-05
3.555875961e-05
3.087949511e-05
2.841318037e-05
3.402529528e-05
3.963747342e-05
3.008964963e-05
2.820715167e-05
3.264413993e-05
2.793392408e-05
3.117687405e-05
3.110839005e-05
2.727917092e-05
2.894213669e-05
5.837815907e-05
3.116837346e-05
3.034510211e-05
2.659902398e-05
3.511362065e-05
3.065204695e-05
3.046112303e-05
