1.190000000e+02
1.170000000e+02
1.030000000e+02
1.060000000e+02
1.440000000e+02
8.800000000e+01
8.100000000e+01
1.030000000e+02
1.090000000e+02
1.000000000e+02
1.200000000e+02
8.200000000e+01
8.700000000e+01
8.800000000e+01
1.100000000e+02
9.400000000e+01
1.100000000e+02
9.800000000e+01
8.900000000e+01
8.400000000e+01
9.100000000e+01
1.170000000e+02
1.170000000e+02
1.220000000e+02
9.700000000e+01
1.280000000e+02
9.700000000e+01
9.400000000e+01
8.700000000e+01
1.230000000e+02

1.630000000e+02
1.520000000e+02
1.430000000e+02
1.690000000e+02
1.020000000e+02
1.120000000e+02
1.370000000e+02
1.320000000e+02
1.520000000e+02
1.310000000e+02
1.300000000e+02
1.460000000e+02
1.310000000e+02
1.400000000e+02
1.350000000e+02
2.110000000e+02
1.680000000e+02
1.460000000e+02
1.200000000e+02
1.690000000e+02
2.010000000e+02
1.150000000e+02
1.930000000e+02
1.430000000e+02
1.120000000e+02
1.340000000e+02
1.360000000e+02
1.110000000e+02
1.800000000e+02
1.420000000e+02
