4.417161000e+06
4.575204000e+06
4.014623000e+06
4.379249000e+06
3.937110000e+06
4.282408000e+06
4.100643000e+06
4.170230000e+06
4.434612000e+06
4.289423000e+06
4.112062000e+06
4.454440000e+06
4.493016000e+06
4.096725000e+06
4.313641000e+06
3.958997000e+06
3.811324000e+06
4.099494000e+06
4.389748000e+06
4.165552000e+06
4.349933000e+06
4.940441000e+06
3.950171000e+06
4.131038000e+06
4.276363000e+06
4.271663000e+06
3.851936000e+06
3.940966000e+06
4.064758000e+06
4.280127000e+06

2.702466000e+06
5.395487000e+06
3.205258000e+06
2.633824000e+06
1.644479600e+07
4.548147000e+06
2.625744000e+06
4.353045400e+07
2.897840000e+06
2.600699000e+06
3.337819500e+07
9.134552000e+06
2.400618400e+07
2.661595000e+06
2.703766000e+06
2.391961000e+06
2.771866000e+06
3.004927000e+06
4.531959000e+06
2.575652000e+06
3.476393000e+06
5.556519000e+06
2.567466000e+06
2.312248500e+07
2.745720000e+06
4.541740000e+06
2.707820000e+06
1.006741800e+07
2.774743000e+06
2.438307000e+06
