1.250000000e+02
1.670000000e+02
1.860000000e+02
1.410000000e+02
1.510000000e+02
1.120000000e+02
1.330000000e+02
1.230000000e+02
1.510000000e+02
2.120000000e+02
1.490000000e+02
2.140000000e+02
1.520000000e+02
1.360000000e+02
1.430000000e+02
1.540000000e+02
1.350000000e+02
1.440000000e+02
1.510000000e+02
1.380000000e+02
1.300000000e+02
1.340000000e+02
1.740000000e+02
1.620000000e+02
1.090000000e+02
1.230000000e+02
1.970000000e+02
1.240000000e+02
1.240000000e+02
1.400000000e+02

7.030000000e+02
4.910000000e+02
4.360000000e+02
4.490000000e+02
5.000000000e+02
5.050000000e+02
6.340000000e+02
4.890000000e+02
3.940000000e+02
3.770000000e+02
4.090000000e+02
5.460000000e+02
4.250000000e+02
4.810000000e+02
4.400000000e+02
5.680000000e+02
2.670000000e+02
3.210000000e+02
4.560000000e+02
5.200000000e+02
3.790000000e+02
4.540000000e+02
4.890000000e+02
5.300000000e+02
3.840000000e+02
5.800000000e+02
4.600000000e+02
5.590000000e+02
5.330000000e+02
4.520000000e+02
