3.800000000e+01
4.400000000e+01
3.700000000e+01
3.200000000e+01
4.400000000e+01
4.000000000e+01
3.800000000e+01
3.900000000e+01
5.200000000e+01
4.500000000e+01
3.500000000e+01
4.300000000e+01
3.900000000e+01
3.800000000e+01
3.300000000e+01
3.900000000e+01
4.800000000e+01
4.300000000e+01
3.800000000e+01
3.500000000e+01
6.000000000e+01
3.400000000e+01
3.400000000e+01
3.200000000e+01
3.300000000e+01
4.300000000e+01
4.700000000e+01
3.500000000e+01
5.100000000e+01
4.100000000e+01

5.800000000e+01
8.800000000e+01
7.100000000e+01
8.800000000e+01
8.800000000e+01
8.100000000e+01
7.100000000e+01
8.500000000e+01
7.700000000e+01
6.000000000e+01
6.500000000e+01
6.300000000e+01
9.400000000e+01
8.400000000e+01
7.500000000e+01
7.500000000e+01
9.900000000e+01
6.400000000e+01
7.300000000e+01
8.200000000e+01
9.700000000e+01
6.500000000e+01
7.000000000e+01
6.300000000e+01
8.100000000e+01
6.800000000e+01
9.100000000e+01
8.800000000e+01
7.200000000e+01
7.000000000e+01
