1.474136650e-07
6.671290734e-09
4.804829526e-08
1.488227654e-07
1.465343445e-07
4.680434441e-09
5.008358265e-08
4.982769468e-08
4.900765558e-08
3.490934633e-09
5.383747111e-09
1.909048790e-07
5.318250171e-08
4.939508034e-08
4.382031546e-09
1.490553000e-07
1.439736684e-07
1.914484313e-07
9.657056211e-08
4.726278707e-08
1.906218852e-07
5.010625728e-08
1.470304717e-07
3.355363910e-07
5.209431916e-08
2.822112946e-09
1.458229280e-07
1.447426497e-07
2.873275370e-07
3.136164529e-09

6.499234219e-07
4.607235712e-07
2.488918469e-07
1.132365335e-07
1.653521301e-07
4.445461822e-07
4.311708263e-08
6.181083639e-08
6.896348393e-08
7.432900352e-07
7.329880893e-08
1.633733296e-07
4.255325086e-08
7.300072540e-08
1.385909991e-07
3.270684554e-07
9.281520858e-07
5.768788642e-08
2.032093377e-07
2.673186947e-08
3.038975005e-08
2.686951405e-08
6.042590764e-07
5.459008114e-07
3.138224407e-08
5.511386105e-07
1.164889055e-06
2.135462934e-08
6.388004390e-07
2.000776043e-07
