8.581120000e+05
7.357440000e+05
9.365760000e+05
8.218880000e+05
8.311040000e+05
1.218560000e+06
9.466880000e+05
8.477440000e+05
8.387840000e+05
8.916480000e+05
6.867200000e+05
7.965440000e+05
8.989440000e+05
7.612160000e+05
9.553920000e+05
7.215360000e+05
7.793920000e+05
7.804160000e+05
8.611840000e+05
8.908800000e+05
7.925760000e+05
1.115648000e+06
8.986880000e+05
6.855680000e+05
6.910720000e+05
6.355200000e+05
8.520960000e+05
8.019200000e+05
8.144640000e+05
6.205440000e+05

7.071616000e+06
6.866432000e+06
8.456832000e+06
9.270528000e+06
8.035712000e+06
5.877376000e+06
1.153113600e+07
7.776256000e+06
7.941632000e+06
1.011763200e+07
9.537536000e+06
6.411520000e+06
8.601856000e+06
6.752768000e+06
7.344768000e+06
8.895104000e+06
7.802240000e+06
8.657408000e+06
8.082944000e+06
8.633856000e+06
8.430080000e+06
8.331136000e+06
8.582272000e+06
9.746048000e+06
7.310336000e+06
1.024166400e+07
1.105100800e+07
8.255360000e+06
9.171840000e+06
6.908544000e+06
