2.023261877e-05
2.311085549e-05
1.944092168e-05
2.288505380e-05
2.208870214e-05
2.284201983e-05
2.100037381e-05
2.264637727e-05
1.803150716e-05
2.099116156e-05
2.832058334e-05
2.268254243e-05
1.823081462e-05
2.384656705e-05
1.841115875e-05
1.894488349e-05
2.133994976e-05
2.172482247e-05
2.789325275e-05
2.262595777e-05
2.054785147e-05
2.337118565e-05
2.407257445e-05
3.278420334e-05
1.949583679e-05
1.988311569e-05
2.583723640e-05
2.251983361e-05
2.159289873e-05
1.589354227e-05

1.443853450e-04
1.501617767e-04
1.393421485e-04
1.326888717e-04
1.405186416e-04
1.516107872e-04
1.476325460e-04
1.703553143e-04
1.380904488e-04
1.493226498e-04
1.270673900e-04
1.294844651e-04
1.495052576e-04
1.377446842e-04
1.309420888e-04
1.252001195e-04
1.007814171e-04
1.482001533e-04
1.369767295e-04
1.398197072e-04
1.562717793e-04
1.360786872e-04
1.590494611e-04
1.466035233e-04
1.228951437e-04
1.326689778e-04
1.410645213e-04
1.322392174e-04
1.642844276e-04
1.182212092e-04
