1.068539200e+07
6.586953900e+07
1.736611200e+07
8.335332600e+07
3.745677200e+07
1.129939500e+07
9.666489800e+07
1.126420600e+07
1.155528500e+07
3.236614600e+07
1.241526900e+07
3.340492200e+07
1.219234800e+07
3.395010700e+07
1.177521200e+07
1.705268400e+07
5.714873100e+07
1.065340900e+07
1.041462800e+07
1.124696070e+08
6.611308000e+07
4.591501000e+07
1.168211900e+07
6.603298900e+07
1.145237500e+07
5.755819200e+07
1.190602300e+07
4.945704800e+07
1.084827900e+07
1.155967600e+07

1.673206100e+07
1.465328800e+07
1.385685800e+07
5.450676600e+07
1.913970500e+07
2.893011000e+07
5.071287200e+07
2.854741700e+07
1.554786300e+07
1.905582000e+07
1.924210100e+07
2.525914200e+07
1.951670900e+07
2.452231600e+07
2.819775000e+07
1.304177900e+07
2.687899800e+07
2.125390000e+07
2.504756100e+07
1.935812400e+07
1.989321300e+07
2.637130600e+07
1.366967600e+07
1.322857600e+07
2.379655600e+07
2.692404100e+07
2.706975900e+07
1.479244800e+07
3.506896100e+07
4.634295500e+07
