3.147705200e+07
3.801561300e+07
3.299727500e+07
1.101018800e+07
2.311884900e+07
8.232314400e+07
1.136338700e+07
1.050815400e+08
8.440213000e+06
7.249816000e+07
8.406670000e+06
1.105569200e+07
1.292358800e+07
1.056416800e+07
2.645983800e+07
2.664094700e+07
8.492953700e+07
8.061949000e+06
3.174774000e+07
2.198117100e+07
9.861657300e+07
3.816580200e+07
3.259436900e+07
2.759467300e+07
1.143284600e+07
1.113573300e+07
8.001010000e+06
8.197671000e+06
6.436976000e+06
2.641440500e+07

2.275986900e+07
1.735916000e+07
1.556710400e+07
1.689885700e+07
3.113923300e+07
1.700813100e+07
2.214822900e+07
1.963060900e+07
1.054579300e+07
1.517536600e+07
2.060609600e+07
1.148222700e+07
1.067591400e+07
2.220045500e+07
1.447191500e+07
2.284706000e+07
3.208780000e+07
1.523129500e+07
1.359708700e+07
1.696491300e+07
3.974137200e+07
1.430960900e+07
1.255050800e+07
1.511900200e+07
2.327924200e+07
1.610290100e+07
2.419965700e+07
1.695576000e+07
1.962794500e+07
1.954162800e+07

5.856174463e+09
5.369147892e+09
5.365217542e+09
5.366961768e+09
5.325109165e+09
5.870103215e+09
5.871536741e+09
6.010641014e+09
5.365773540e+09
5.367634681e+09
2.105774379e+09
5.324019994e+09
5.368036714e+09
5.367236195e+09
5.347340604e+09
5.870484893e+09
5.366896633e+09
5.367529844e+09
5.361822927e+09
6.010957859e+09
5.368134640e+09
5.835681020e+09
5.368085149e+09
5.365532649e+09
5.368149734e+09
5.366557368e+09
5.366057511e+09
5.343259959e+09
5.355565197e+09
5.871503448e+09
