7.040000000e+03
8.320000000e+03
9.728000000e+03
8.192000000e+03
1.036800000e+04
8.320000000e+03
7.936000000e+03
7.296000000e+03
8.320000000e+03
9.216000000e+03
9.472000000e+03
7.552000000e+03
6.912000000e+03
6.656000000e+03
7.680000000e+03
8.576000000e+03
8.576000000e+03
7.808000000e+03
8.064000000e+03
7.552000000e+03
7.680000000e+03
7.808000000e+03
7.936000000e+03
7.936000000e+03
9.472000000e+03
8.576000000e+03
7.936000000e+03
7.040000000e+03
8.576000000e+03
8.448000000e+03

2.112000000e+04
1.932800000e+04
1.676800000e+04
1.548800000e+04
1.000013696e+09
1.766400000e+04
1.740800000e+04
2.150400000e+04
1.561600000e+04
1.612800000e+04
1.920000000e+04
1.894400000e+04
1.894400000e+04
1.817600000e+04
1.728000000e+04
1.817600000e+04
2.073600000e+04
1.843200000e+04
1.792000000e+04
1.587200000e+04
1.369600000e+04
1.510400000e+04
1.792000000e+04
1.881600000e+04
1.702400000e+04
1.625600000e+04
1.510400000e+04
1.792000000e+04
1.625600000e+04
1.587200000e+04
