6.823745671e-07
8.694329030e-07
7.715304860e-07
7.746692852e-07
7.265989540e-07
7.048809718e-07
7.238336873e-07
8.170609793e-07
7.823034492e-07
7.060901522e-07
8.027881393e-07
7.822081200e-07
7.729772709e-07
7.715004261e-07
7.717295277e-07
8.046065806e-07
7.964498223e-07
9.259146030e-07
8.064950817e-07
7.582572857e-07
6.876022266e-07
8.060785552e-07
7.970684245e-07
8.056808710e-07
7.291375942e-07
7.642106530e-07
8.331763724e-07
7.473891927e-07
6.691844406e-07
7.315143982e-07

1.345114663e-06
1.755130979e-06
1.522680114e-06
1.259218821e-06
1.366083025e-06
1.651536193e-06
1.315429742e-06
1.285797596e-06
1.451958628e-06
1.383071830e-06
1.535423774e-06
1.845970889e-06
1.361400834e-06
1.440619478e-06
1.702983447e-06
1.638117324e-06
1.629159608e-06
1.150873899e-06
1.834987786e-06
1.437076327e-06
1.530886932e-06
1.087434561e-06
1.377990039e-06
1.333800542e-06
1.149700367e-06
1.519200517e-06
1.304400811e-06
1.809225696e-06
1.641457001e-06
1.700594188e-06
