9.628900000e+04
9.271900000e+04
9.658300000e+04
1.085106000e+06
1.088460000e+05
9.052200000e+04
1.007320000e+05
1.022970000e+05
1.033540000e+05
9.558800000e+04
8.955300000e+04
5.047616000e+06
9.764400000e+04
9.274200000e+04
9.774900000e+04
1.018170000e+05
9.019985000e+06
2.077902000e+06
1.000227400e+07
9.586900000e+04
1.007330000e+05
9.979700000e+04
8.752800000e+04
9.721300000e+04
3.066015000e+06
9.245800000e+04
9.953900000e+04
9.477800000e+04
9.847900000e+04
9.341500000e+04

5.065714000e+06
1.331260000e+05
1.075010000e+05
1.066150000e+05
1.105320000e+05
1.119950000e+05
1.044660000e+05
1.021340000e+05
1.011780000e+05
9.972400000e+04
1.154230000e+05
1.058460000e+05
1.088160000e+05
1.094190000e+05
1.099420000e+05
1.083270000e+05
1.025240000e+05
1.118070000e+05
1.254830000e+05
1.126460000e+05
1.037690000e+05
1.114090000e+05
1.044310000e+05
1.178640000e+05
1.138230000e+05
1.296930000e+05
1.112170000e+05
1.036980000e+05
1.105571000e+06
1.019260000e+05
