Number of sample populations = 3. Total number of values in the input = 90
481154 1 1
488082 1 2
491710 1 3
496800 1 4
497241 1 5
502856 1 6
506454 1 7
510666 1 8
517406 1 9
521612 0 10
524365 1 11
526507 1 12
532504 1 13
546291 0 14
550597 1 15
551087 1 16
558209 1 17
559667 0 18
559789 0 19
561964 0 20
570003 1 21
570318 1 22
571972 0 23
572632 0 24
577278 0 25
579292 1 26
582213 0 27
584425 0 28
590147 1 29
599291 1 30
602528 0 31
603798 0 32
604217 1 33
606611 0 34
608039 0 35
611990 0 36
621860 1 37
627278 0 38
634226 0 39
636558 0 40
642157 0 41
642531 0 42
644374 0 43
655954 1 44
656253 0 45
665452 0 46
668028 0 47
669942 0 48
690839 0 49
695824 0 50
713362 0 51
726607 2 52
732587 2 53
754220 2 54
764050 2 55
768203 2 56
771248 2 57
771565 2 58
773916 2 59
781099 2 60
782384 2 61
783790 2 62
783817 2 63
788440 2 64
794771 2 65
794864 2 66
796356 2 67
798359 2 68
799124 2 69
806321 2 70
816234 2 71
820809 2 72
822980 2 73
826241 2 74
829410 2 75
837338 2 76
838824 2 77
845974 2 78
847862 2 79
850240 2 80
850571 2 81
1.46409e+06 1 82
3.41182e+06 1 83
3.51077e+06 1 84
4.49726e+06 0 85
5.37763e+06 1 86
5.45177e+06 1 87
5.48108e+06 1 88
7.57101e+06 0 89
8.318e+06 1 90
Total number of ties =0
Number of samples = 30; sum = 1129
Number of samples = 30; sum = 971
Number of samples = 30; sum = 1995
Corrected T value =29.6865
p-value to accept the null hypothesis that all distribution functions are identical = 3.57806935e-07
