6.443740000e+05
5.619640000e+05
6.365580000e+05
5.216120000e+05
5.462910000e+05
6.425310000e+05
6.654520000e+05
6.080390000e+05
6.342260000e+05
6.958240000e+05
4.497259000e+06
7.571014000e+06
6.699420000e+05
6.680280000e+05
6.119900000e+05
5.719720000e+05
5.596670000e+05
6.421570000e+05
6.272780000e+05
5.726320000e+05
6.037980000e+05
5.597890000e+05
5.772780000e+05
6.066110000e+05
6.562530000e+05
5.844250000e+05
6.908390000e+05
7.133620000e+05
5.822130000e+05
6.025280000e+05

5.505970000e+05
5.265070000e+05
5.325040000e+05
6.218600000e+05
4.880820000e+05
5.901470000e+05
4.917100000e+05
5.792920000e+05
5.174060000e+05
4.968000000e+05
4.972410000e+05
5.582090000e+05
6.559540000e+05
5.028560000e+05
5.106660000e+05
5.451773000e+06
1.464089000e+06
5.510870000e+05
5.064540000e+05
5.377629000e+06
5.481075000e+06
5.700030000e+05
6.042170000e+05
8.317995000e+06
4.811540000e+05
3.510766000e+06
3.411815000e+06
5.703180000e+05
5.992910000e+05
5.243650000e+05

7.682030000e+05
7.963560000e+05
8.388240000e+05
8.294100000e+05
8.229800000e+05
7.884400000e+05
7.991240000e+05
7.810990000e+05
8.505710000e+05
7.542200000e+05
7.947710000e+05
8.208090000e+05
8.063210000e+05
7.640500000e+05
8.262410000e+05
7.325870000e+05
7.266070000e+05
7.712480000e+05
7.948640000e+05
7.823840000e+05
7.838170000e+05
8.373380000e+05
8.459740000e+05
8.162340000e+05
8.502400000e+05
7.837900000e+05
7.983590000e+05
8.478620000e+05
7.739160000e+05
7.715650000e+05
