2.732900000e+04
2.678100000e+04
2.747400000e+04
3.013200000e+04
2.780600000e+04
2.625300000e+04
2.913600000e+04
2.894800000e+04
2.890600000e+04
2.789100000e+04
2.723500000e+04
2.791800000e+04
2.930000000e+04
2.785200000e+04
2.615100000e+04
2.736800000e+04
2.954100000e+04
2.921800000e+04
2.883000000e+04
2.681600000e+04
2.867700000e+04
3.040100000e+04
2.872400000e+04
2.699100000e+04
2.950400000e+04
2.739200000e+04
2.782200000e+04
2.865100000e+04
2.805700000e+04
2.825700000e+04

3.748300000e+04
3.603600000e+04
3.844900000e+04
3.680900000e+04
3.670900000e+04
4.004400000e+04
3.894700000e+04
3.710700000e+04
3.947200000e+04
4.055100000e+04
3.882900000e+04
3.871000000e+04
3.554900000e+04
3.865500000e+04
3.917200000e+04
3.810000000e+04
3.948400000e+04
3.781900000e+04
3.837300000e+04
3.784200000e+04
3.870900000e+04
3.949000000e+04
3.939300000e+04
4.125100000e+04
3.822600000e+04
3.865000000e+04
3.752700000e+04
4.085200000e+04
3.755200000e+04
4.003200000e+04

6.395400000e+04
6.569600000e+04
6.491100000e+04
6.940000000e+04
6.552500000e+04
6.100800000e+04
6.556600000e+04
5.920800000e+04
6.313400000e+04
5.977600000e+04
6.909800000e+04
6.245900000e+04
6.048700000e+04
6.120600000e+04
6.527000000e+04
6.185200000e+04
6.453100000e+04
6.155200000e+04
6.311300000e+04
6.419100000e+04
6.015700000e+04
5.959000000e+04
6.479500000e+04
6.066200000e+04
6.392800000e+04
5.965500000e+04
6.672000000e+04
6.353800000e+04
6.204500000e+04
5.971400000e+04
