1.580455621e-05
1.386688226e-05
1.190770202e-05
1.240385921e-05
1.329506639e-05
1.373242683e-05
1.359168226e-05
1.315791032e-05
1.213542954e-05
1.218715763e-05
1.166831540e-05
1.183686864e-05
1.532100452e-05
1.236511929e-05
1.419428776e-05
1.231493966e-05
1.475725418e-05
1.295623052e-05
1.188888444e-05
1.283927167e-05
1.179195747e-05
1.181428371e-05
1.616320639e-05
1.168814703e-05
1.302892466e-05
1.523041012e-05
1.407764245e-05
1.373055825e-05
1.336100883e-05
1.252339782e-05

2.295304507e-05
2.351056228e-05
2.428628601e-05
2.294496696e-05
2.254484819e-05
2.436459360e-05
2.180482853e-05
2.316096055e-05
2.438918599e-05
2.329597068e-05
2.312996681e-05
2.328595771e-05
2.119759178e-05
2.519111936e-05
2.370270452e-05
2.131732866e-05
2.296243197e-05
2.148085014e-05
2.394170508e-05
2.360495464e-05
2.366237949e-05
2.132190503e-05
2.330761126e-05
2.308404722e-05
2.329023300e-05
2.481199048e-05
2.536362905e-05
2.350069430e-05
2.426073957e-05
2.462758000e-05
