3.084655694e-05
3.218695272e-05
3.062220818e-05
3.286427959e-05
3.131726437e-05
3.350145879e-05
3.146257952e-05
3.251371735e-05
3.286250023e-05
2.688546785e-05
2.570435821e-05
3.517198878e-05
3.179487435e-05
3.537057537e-05
2.942687804e-05
3.947410045e-05
2.760017495e-05
2.921415873e-05
2.729944348e-05
3.162825017e-05
3.403991394e-05
2.519592658e-05
2.601276804e-05
2.776529235e-05
3.200419139e-05
2.879617607e-05
3.125237414e-05
3.290528390e-05
2.598617497e-05
2.617135551e-05

8.036979604e-05
9.044204800e-05
7.550378074e-05
8.689311410e-05
6.813358771e-05
7.587890799e-05
9.072765546e-05
7.702957435e-05
8.054444572e-05
9.062631812e-05
7.757838997e-05
1.016796544e-04
1.004452615e-04
8.177952305e-05
8.884341160e-05
7.872070739e-05
9.213206891e-05
8.178186724e-05
9.304024812e-05
7.381247693e-05
7.494243105e-05
7.539130952e-05
8.234839649e-05
8.830152431e-05
6.351414639e-05
8.465282293e-05
8.320068714e-05
8.800877235e-05
7.758979802e-05
9.419010805e-05
