3.607200000e+04
3.721700000e+04
3.461300000e+04
3.407200000e+04
3.315500000e+04
3.507600000e+04
3.294200000e+04
3.225600000e+04
3.014800000e+04
3.568500000e+04
3.187500000e+04
3.401200000e+04
3.456500000e+04
3.230500000e+04
3.525500000e+04
2.920600000e+04
3.337600000e+04
2.881400000e+04
3.191700000e+04
3.650100000e+04
2.969700000e+04
3.507700000e+04
3.373800000e+04
3.156000000e+04
3.290100000e+04
3.375100000e+04
3.039300000e+04
3.123400000e+04
3.412200000e+04
2.966200000e+04

2.662200000e+04
2.964400000e+04
3.063600000e+04
3.344600000e+04
3.587800000e+04
2.881400000e+04
3.025700000e+04
2.713500000e+04
2.693100000e+04
2.888700000e+04
1.020112000e+06
3.175500000e+04
2.710100000e+04
3.073600000e+04
2.612100000e+04
1.025496000e+06
3.566700000e+04
2.749600000e+04
3.125300000e+04
2.612500000e+04
1.020795000e+06
2.716700000e+04
3.264000000e+04
1.021989000e+06
3.036100000e+04
3.396100000e+04
2.959300000e+04
3.066900000e+04
3.467800000e+04
2.962900000e+04
