7.235600000e+04
7.074500000e+04
6.978900000e+04
6.846500000e+04
6.856500000e+04
6.870800000e+04
6.911000000e+04
6.876800000e+04
6.866100000e+04
6.876800000e+04
7.013300000e+04
6.965900000e+04
6.944000000e+04
7.143700000e+04
6.509600000e+04
6.641600000e+04
6.632900000e+04
6.664100000e+04
6.414600000e+04
7.026300000e+04
6.831900000e+04
6.658300000e+04
6.781000000e+04
7.046600000e+04
7.251000000e+04
6.727300000e+04
6.977100000e+04
7.182800000e+04
7.557700000e+04
7.155900000e+04

1.123677000e+06
1.198550000e+05
4.075478000e+06
1.195950000e+05
1.147570000e+05
1.087040000e+05
1.167200000e+05
1.133590000e+05
1.441770000e+05
1.262720000e+05
1.094447000e+06
1.237070000e+05
1.229750000e+05
1.319170000e+05
1.029960000e+05
3.089057000e+06
1.240430000e+05
1.465810000e+05
1.396500000e+05
1.238950000e+05
1.223580000e+05
1.221410000e+05
1.188670000e+05
1.315960000e+05
1.111393000e+06
1.228960000e+05
1.331050000e+05
1.338300000e+05
1.084060000e+05
1.160230000e+05
