3.324600000e+04
3.134700000e+04
3.225000000e+04
3.134800000e+04
3.434900000e+04
3.597200000e+04
3.180300000e+04
3.062900000e+04
3.181700000e+04
2.991100000e+04
3.231000000e+04
2.843800000e+04
2.785400000e+04
3.118500000e+04
3.022500000e+04
2.973800000e+04
2.925700000e+04
3.376900000e+04
3.105100000e+04
3.131700000e+04
3.381600000e+04
3.349700000e+04
2.954400000e+04
2.694900000e+04
3.196600000e+04
2.968600000e+04
3.091700000e+04
3.326700000e+04
2.728600000e+04
3.068200000e+04

7.827400000e+04
7.335300000e+04
7.519900000e+04
6.925100000e+04
7.584500000e+04
7.391100000e+04
6.414000000e+04
7.452800000e+04
7.464400000e+04
7.381500000e+04
7.499700000e+04
6.744400000e+04
7.669100000e+04
7.475800000e+04
7.686500000e+04
7.620700000e+04
7.443800000e+04
6.727200000e+04
7.523000000e+04
7.275400000e+04
7.470400000e+04
7.162800000e+04
7.799200000e+04
7.401300000e+04
7.176900000e+04
6.932000000e+04
7.080400000e+04
7.603700000e+04
7.102300000e+04
7.120500000e+04
