2.299000000e+03
2.130000000e+03
2.278000000e+03
2.484000000e+03
2.386000000e+03
2.126000000e+03
2.063000000e+03
2.016000000e+03
2.150000000e+03
2.401000000e+03
2.519000000e+03
2.383000000e+03
2.180000000e+03
2.276000000e+03
2.160000000e+03
2.461000000e+03
2.111000000e+03
2.026000000e+03
2.084000000e+03
1.852000000e+03
1.939000000e+03
2.192000000e+03
2.436000000e+03
2.392000000e+03
2.022000000e+03
2.424000000e+03
2.319000000e+03
2.285000000e+03
1.960000000e+03
2.145000000e+03

2.458000000e+03
2.436000000e+03
2.262000000e+03
3.169000000e+03
2.311000000e+03
2.630000000e+03
2.372000000e+03
1.000524000e+06
3.076000000e+03
2.370000000e+03
2.951000000e+03
2.128000000e+03
2.558000000e+03
2.311000000e+03
2.726000000e+03
2.350000000e+03
2.479000000e+03
3.091000000e+03
1.851000000e+03
2.454000000e+03
2.677000000e+03
2.727000000e+03
2.228000000e+03
2.847000000e+03
2.360000000e+03
2.295000000e+03
2.498000000e+03
2.380000000e+03
2.450000000e+03
2.645000000e+03
