6.914568000e+06
2.173323800e+07
2.192119000e+06
3.319599300e+07
9.898939000e+06
2.137219000e+06
2.255853700e+07
1.092159000e+07
2.178932000e+06
2.097447000e+06
1.866146600e+07
7.052571000e+06
1.093587900e+07
1.185790600e+07
1.675629700e+07
3.133834700e+07
2.154989500e+07
1.381730600e+07
2.042251000e+06
1.485676400e+07
3.434139800e+07
1.384931400e+07
6.961629000e+06
1.473813200e+07
2.155976000e+06
2.143597000e+06
1.374886700e+07
2.649223100e+07
2.163219200e+07
6.967015000e+06

1.686767200e+07
1.541438000e+07
1.027554600e+07
1.185426500e+07
6.266235000e+06
5.341162000e+06
3.968152000e+06
2.053290900e+07
1.884338600e+07
2.351531300e+07
3.112093000e+06
3.129056700e+07
8.634852000e+06
1.988175300e+07
5.370649000e+06
5.445347000e+06
2.152585300e+07
1.774829400e+07
1.462904100e+07
3.877619500e+07
1.331887200e+07
9.582749000e+06
8.603750000e+06
2.213330800e+07
2.233799800e+07
8.862492000e+06
1.924915000e+07
2.064612800e+07
2.117222300e+07
2.004393700e+07
