3.432400000e+04
3.299600000e+04
2.028214000e+06
3.775700000e+04
3.181400000e+04
3.411600000e+04
2.977500000e+04
3.749600000e+04
3.744800000e+04
4.032300000e+04
3.842100000e+04
4.632700000e+04
3.314000000e+04
3.303400000e+04
3.050300000e+04
3.294100000e+04
3.932300000e+04
3.219500000e+04
3.133300000e+04
3.738500000e+04
3.379900000e+04
3.267400000e+04
3.096900000e+04
3.881000000e+04
3.747200000e+04
3.948500000e+04
3.660800000e+04
3.308200000e+04
2.764200000e+04
3.570300000e+04

2.526000000e+04
2.774600000e+04
2.556000000e+04
2.702700000e+04
2.694600000e+04
2.433000000e+04
3.171200000e+04
2.704300000e+04
2.376200000e+04
2.984300000e+04
2.507300000e+04
2.685700000e+04
2.931800000e+04
2.890800000e+04
2.573300000e+04
2.183800000e+04
2.584700000e+04
2.719200000e+04
2.368500000e+04
2.768900000e+04
3.553600000e+04
2.973800000e+04
2.625700000e+04
2.614900000e+04
2.650400000e+04
2.490700000e+04
2.657400000e+04
2.366800000e+04
2.600600000e+04
2.641700000e+04
