5.002022543e-07
5.817442087e-07
5.093515066e-07
5.514379715e-07
5.858722684e-07
5.208149682e-07
4.999739112e-07
5.235268617e-07
4.922565137e-07
5.357838554e-07
5.366690043e-07
5.207139304e-07
5.346358725e-07
5.814877219e-07
5.549357325e-07
5.099885519e-07
5.085289925e-07
5.449744650e-07
5.255513307e-07
5.110597285e-07
5.639004341e-07
5.449091956e-07
5.083133440e-07
5.655099734e-07
5.722286094e-07
5.481458790e-07
5.525941779e-07
5.220633103e-07
5.396400592e-07
5.556461509e-07

5.946174094e-07
4.879154003e-07
5.218974422e-07
4.685903498e-07
5.188614372e-07
5.511382513e-07
5.807825330e-07
5.600627134e-07
6.055262208e-07
5.254453428e-07
5.870860397e-07
5.312090097e-07
5.998796396e-07
5.667920081e-07
5.030885588e-07
5.302621444e-07
5.420225718e-07
6.212149477e-07
6.096206678e-07
5.492444807e-07
5.928872315e-07
5.854161012e-07
5.167963694e-07
6.343678287e-07
5.578318174e-07
5.010594191e-07
5.882224457e-07
4.813757262e-07
5.548843952e-07
6.261436852e-07
