Number of sample populations = 3. Total number of values in the input = 90
1.64307e-06 0 1
1.6456e-06 0 2
1.65821e-06 0 3
1.67557e-06 0 4
1.6777e-06 0 5
1.69877e-06 0 6
1.71169e-06 0 7
1.73225e-06 0 8
1.74963e-06 0 9
1.75134e-06 0 10
1.7683e-06 0 11
1.77779e-06 0 12
1.77986e-06 0 13
1.78613e-06 0 14
1.78643e-06 0 15
1.7917e-06 0 16
1.79592e-06 0 17
1.80599e-06 0 18
1.80703e-06 0 19
1.81634e-06 0 20
1.8683e-06 0 21
1.86868e-06 0 22
1.87087e-06 0 23
1.88242e-06 0 24
1.88332e-06 0 25
1.88395e-06 0 26
1.943e-06 0 27
1.96725e-06 0 28
1.99692e-06 0 29
1.9979e-06 0 30
2.25576e-06 1 31
2.30965e-06 1 32
2.32528e-06 1 33
2.32983e-06 1 34
2.33104e-06 1 35
2.33165e-06 1 36
2.33509e-06 1 37
2.35233e-06 1 38
2.35773e-06 1 39
2.36249e-06 1 40
2.37362e-06 1 41
2.38159e-06 1 42
2.39458e-06 1 43
2.39808e-06 1 44
2.40242e-06 1 45
2.41219e-06 1 46
2.4221e-06 1 47
2.4261e-06 1 48
2.45736e-06 1 49
2.47102e-06 1 50
2.47797e-06 1 51
2.48935e-06 1 52
2.49201e-06 1 53
2.52736e-06 1 54
2.5375e-06 1 55
2.54235e-06 1 56
2.54886e-06 1 57
2.56035e-06 1 58
2.59762e-06 1 59
2.60184e-06 1 60
3.45425e-06 2 61
3.48695e-06 2 62
3.50852e-06 2 63
3.5301e-06 2 64
3.5527e-06 2 65
3.55707e-06 2 66
3.63698e-06 2 67
3.64747e-06 2 68
3.64906e-06 2 69
3.67143e-06 2 70
3.69407e-06 2 71
3.7009e-06 2 72
3.75904e-06 2 73
3.87084e-06 2 74
3.88978e-06 2 75
3.90687e-06 2 76
3.92712e-06 2 77
3.92842e-06 2 78
3.951e-06 2 79
3.97849e-06 2 80
4.00129e-06 2 81
4.00866e-06 2 82
4.01489e-06 2 83
4.0275e-06 2 84
4.03262e-06 2 85
4.09325e-06 2 86
4.14172e-06 2 87
4.1873e-06 2 88
4.30185e-06 2 89
4.36881e-06 2 90
Total number of ties =0
Number of samples = 30; sum = 465
Number of samples = 30; sum = 1365
Number of samples = 30; sum = 2265
Corrected T value =79.1209
p-value to accept the null hypothesis that all distribution functions are identical = 6.59355142e-18
