7.418641284e-07
6.459718091e-07
7.628148859e-07
7.737783480e-07
6.753417598e-07
7.240173598e-07
7.646789160e-07
7.940550143e-07
7.787720356e-07
7.144856727e-07
7.134459133e-07
7.533953344e-07
7.146240359e-07
7.886246405e-07
7.328155945e-07
7.666895327e-07
7.098850785e-07
8.240746649e-07
7.186927743e-07
7.216305758e-07
8.013110949e-07
7.551940951e-07
7.317838990e-07
6.829966823e-07
7.124093475e-07
6.919156754e-07
7.358499628e-07
7.937337372e-07
8.238323897e-07
6.953595442e-07

7.979989625e-07
8.215694379e-07
8.046045447e-07
7.977057891e-07
8.110976320e-07
6.965898823e-07
8.059061801e-07
8.879420662e-07
8.948314804e-07
8.748942548e-07
8.122065331e-07
7.516564539e-07
7.923047566e-07
7.812921528e-07
9.094246794e-07
8.093912864e-07
8.628758637e-07
7.110881911e-07
8.479222259e-07
7.532087079e-07
8.698775732e-07
8.146045347e-07
7.765558702e-07
7.985550497e-07
8.384227145e-07
9.146863109e-07
8.380436330e-07
9.020550261e-07
8.984117962e-07
7.088963769e-07
