2.005000000e+04
2.246500000e+04
2.191400000e+04
2.438500000e+04
2.239400000e+04
2.302300000e+04
2.046700000e+04
2.378800000e+04
1.998900000e+04
1.954000000e+04
2.397600000e+04
2.178800000e+04
2.085400000e+04
2.093500000e+04
1.889800000e+04
2.319100000e+04
2.430300000e+04
2.369700000e+04
2.087100000e+04
2.025400000e+04
2.517900000e+04
2.170300000e+04
2.201500000e+04
2.237800000e+04
2.421400000e+04
2.489400000e+04
2.168900000e+04
1.995700000e+04
2.367000000e+04
2.113900000e+04

9.801761200e+08
9.812093730e+08
9.811747080e+08
9.811805220e+08
9.802265410e+08
9.831461040e+08
9.812024230e+08
9.801650080e+08
9.831727070e+08
9.811709950e+08
9.811989980e+08
9.801774880e+08
9.801758260e+08
9.811948130e+08
9.811902370e+08
9.801734190e+08
9.802155000e+08
9.842020950e+08
9.801847650e+08
9.802126790e+08
9.811786430e+08
9.802041430e+08
9.811975030e+08
9.801688340e+08
9.811640470e+08
9.802024440e+08
9.801768480e+08
9.821843240e+08
9.802196290e+08
9.802046780e+08
