1.271130346e-06
1.286509173e-06
1.513798646e-06
1.199902193e-06
1.264242608e-06
1.280538201e-06
1.426788274e-06
1.244994444e-06
1.185846199e-06
1.318619839e-06
1.352892499e-06
1.346240051e-06
1.448022584e-06
1.229058052e-06
1.265126400e-06
1.438956086e-06
1.334285692e-06
1.334840342e-06
1.390166195e-06
1.260689079e-06
1.221831193e-06
1.354875891e-06
1.378159181e-06
1.350711224e-06
1.416205290e-06
1.173253597e-06
1.326239472e-06
1.374676589e-06
1.225819692e-06
1.231815295e-06

1.218358103e-06
1.273945113e-06
1.301800854e-06
1.417415668e-06
1.228312305e-06
1.281235166e-06
1.347144401e-06
1.218443332e-06
1.219557663e-06
1.274924793e-06
1.268672384e-06
1.405441149e-06
1.240407502e-06
1.338950597e-06
1.332868847e-06
1.316821318e-06
1.254180063e-06
1.209410088e-06
1.217061138e-06
1.353456371e-06
1.282386941e-06
1.306431029e-06
1.335519383e-06
1.322480075e-06
1.095224973e-06
1.312861242e-06
1.192379047e-06
1.387801047e-06
1.230655975e-06
1.282060355e-06
