4.494600000e+04
4.879200000e+04
5.033100000e+04
4.601100000e+04
4.384200000e+04
4.567600000e+04
4.528000000e+04
4.458700000e+04
4.240300000e+04
4.412300000e+04
4.577900000e+04
4.785100000e+04
4.911700000e+04
4.514900000e+04
4.630100000e+04
4.945600000e+04
4.447400000e+04
4.490200000e+04
4.758700000e+04
4.584700000e+04
4.725500000e+04
4.527200000e+04
4.553300000e+04
4.452300000e+04
4.907600000e+04
4.850000000e+04
4.936100000e+04
4.789100000e+04
4.756500000e+04
4.830300000e+04

3.920200000e+04
3.904400000e+04
3.620900000e+04
3.973400000e+04
3.260900000e+04
3.792600000e+04
3.488000000e+04
3.491500000e+04
3.807600000e+04
3.721400000e+04
3.932400000e+04
3.860800000e+04
3.672400000e+04
3.985000000e+04
4.143900000e+04
3.768000000e+04
3.558900000e+04
3.656200000e+04
3.429100000e+04
3.956900000e+04
3.944700000e+04
3.413900000e+04
3.635400000e+04
3.749100000e+04
3.529200000e+04
3.760600000e+04
3.798900000e+04
3.939800000e+04
3.776200000e+04
3.511600000e+04
