1.294103584e-05
1.260573187e-05
1.300335183e-05
1.278114147e-05
1.274363795e-05
1.296007574e-05
1.235928101e-05
1.539286409e-05
1.606498354e-05
1.536299126e-05
1.914890325e-05
1.317848407e-05
1.516262500e-05
1.308900619e-05
1.666682617e-05
1.360975669e-05
1.479487267e-05
1.492268260e-05
1.348285123e-05
1.576944471e-05
1.458056462e-05
1.350780142e-05
1.790154034e-05
1.261234252e-05
1.213498028e-05
1.335888480e-05
1.442614753e-05
1.421731872e-05
1.358216334e-05
1.566454609e-05

8.557109363e-05
7.343354541e-05
7.832798143e-05
8.951637164e-05
8.535384343e-05
7.679368903e-05
7.395313491e-05
8.073060230e-05
8.593024245e-05
8.487589165e-05
1.012255525e-04
8.677817849e-05
9.114180343e-05
6.974241960e-05
9.080997226e-05
8.421996153e-05
9.403021831e-05
9.547676596e-05
8.522146196e-05
6.750141717e-05
7.865542174e-05
7.507116613e-05
8.105883778e-05
8.445651870e-05
8.129303911e-05
7.703839079e-05
1.117158982e-04
7.251792281e-05
5.698218793e-05
8.393073443e-05
