9.720000000e+02
9.030000000e+02
7.810000000e+02
7.790000000e+02
8.690000000e+02
8.430000000e+02
8.180000000e+02
8.340000000e+02
7.430000000e+02
8.000000000e+02
8.010000000e+02
7.500000000e+02
7.540000000e+02
7.280000000e+02
8.920000000e+02
8.090000000e+02
8.600000000e+02
9.360000000e+02
7.240000000e+02
9.420000000e+02
8.560000000e+02
5.940000000e+02
8.330000000e+02
9.960000000e+02
7.870000000e+02
6.880000000e+02
5.110000000e+02
8.250000000e+02
7.220000000e+02
9.070000000e+02

7.160000000e+02
7.120000000e+02
7.650000000e+02
7.560000000e+02
6.930000000e+02
7.420000000e+02
7.160000000e+02
7.160000000e+02
6.630000000e+02
6.090000000e+02
7.680000000e+02
7.480000000e+02
7.750000000e+02
7.200000000e+02
7.220000000e+02
7.160000000e+02
7.470000000e+02
6.660000000e+02
6.150000000e+02
7.180000000e+02
7.320000000e+02
7.630000000e+02
6.720000000e+02
7.010000000e+02
7.100000000e+02
7.860000000e+02
7.300000000e+02
7.520000000e+02
7.260000000e+02
7.640000000e+02
