4.221370000e+05
3.827240000e+05
3.352831000e+06
4.493530000e+05
4.175360000e+05
3.600070000e+05
4.137230000e+05
4.122200000e+05
4.022050000e+05
3.994180000e+05
3.884910000e+05
4.025050000e+05
4.284480000e+05
4.015400000e+05
3.878860000e+05
4.080720000e+05
4.182800000e+05
4.105330000e+05
3.720250000e+05
3.914910000e+05
4.199570000e+05
1.372980000e+06
4.230400000e+05
4.217160000e+05
4.224480000e+05
4.192630000e+05
3.902310000e+05
3.868990000e+05
3.608080000e+05
4.194440000e+05

4.789460000e+05
4.167260000e+05
5.239700000e+05
5.669340000e+05
4.470110000e+05
5.035140000e+05
5.621310000e+05
5.019450000e+05
4.766480000e+05
5.426660000e+05
1.466762000e+06
5.649640000e+05
5.177170000e+05
4.975720000e+05
5.527200000e+05
5.327730000e+05
6.035190000e+05
4.829990000e+05
5.324450000e+05
5.178610000e+05
1.472943000e+06
5.188570000e+05
1.486033000e+06
4.970470000e+05
5.108410000e+05
4.571400000e+05
5.184710000e+05
5.006550000e+05
5.420730000e+05
5.148160000e+05
