5.176942528e-07
4.789585230e-07
5.257823884e-07
4.876423467e-07
5.224040285e-07
4.688861179e-07
5.123121823e-07
5.250247844e-07
5.591471854e-07
4.628404154e-07
4.447983576e-07
5.072585746e-07
4.901198292e-07
5.079336238e-07
4.972384249e-07
5.228677406e-07
4.831205947e-07
5.027956649e-07
4.992312772e-07
5.360345139e-07
4.770854710e-07
4.691456386e-07
4.875191532e-07
4.930924810e-07
4.869819481e-07
4.679590929e-07
5.129226807e-07
4.828509742e-07
4.824534896e-07
5.054454027e-07

7.575469071e-07
7.458618889e-07
7.762651319e-07
7.249231872e-07
7.751937158e-07
7.215594780e-07
7.333329992e-07
7.562663096e-07
7.201733716e-07
7.825291177e-07
6.848239858e-07
7.391346700e-07
7.450201731e-07
7.390528338e-07
7.961688246e-07
7.389249697e-07
8.236546254e-07
7.005682016e-07
6.589437323e-07
7.731339973e-07
7.384765469e-07
7.016155459e-07
7.061549825e-07
7.189440316e-07
8.332741767e-07
7.227543671e-07
7.818805754e-07
7.482907487e-07
8.393310968e-07
7.672765980e-07

1.662578218e-06
1.603144704e-06
1.550969707e-06
1.738645287e-06
1.679306145e-06
1.576157027e-06
1.623591510e-06
1.527280828e-06
1.667259131e-06
1.599273451e-06
1.663425243e-06
1.580037502e-06
1.692439944e-06
1.604316998e-06
1.639087782e-06
1.638963112e-06
1.571175355e-06
1.695682696e-06
1.664071350e-06
1.555250980e-06
1.537098782e-06
1.576056029e-06
1.616867485e-06
1.612422300e-06
1.587247235e-06
1.559190217e-06
1.708495856e-06
1.613735552e-06
1.582275104e-06
1.603028976e-06
