2.139800000e+04
1.721400000e+04
2.085900000e+04
1.991100000e+04
2.006600000e+04
1.841500000e+04
1.976100000e+04
2.108800000e+04
1.951800000e+04
1.923400000e+04
2.007000000e+04
1.909900000e+04
1.946900000e+04
1.937200000e+04
1.922800000e+04
1.948400000e+04
2.058600000e+04
1.778400000e+04
1.816000000e+04
2.085000000e+04
2.028900000e+04
1.881000000e+04
1.921500000e+04
1.968500000e+04
2.264500000e+04
1.889700000e+04
2.088300000e+04
1.851100000e+04
1.997600000e+04
2.090100000e+04

2.862400000e+04
2.407100000e+04
3.276600000e+04
2.701200000e+04
2.621400000e+04
3.199800000e+04
2.363000000e+04
3.406400000e+04
3.079600000e+04
3.016400000e+04
2.716500000e+04
3.215100000e+04
2.753000000e+04
3.041000000e+04
3.517900000e+04
2.885700000e+04
3.017500000e+04
2.686300000e+04
2.024500000e+04
3.601200000e+04
3.331500000e+04
3.496700000e+04
2.472300000e+04
3.116900000e+04
2.432400000e+04
3.298700000e+04
2.836000000e+04
3.311900000e+04
3.259300000e+04
3.177000000e+04
