3.247900000e+04
3.189800000e+04
3.001600000e+04
2.768500000e+04
3.201200000e+04
4.119000000e+04
3.137700000e+04
4.451700000e+04
2.968400000e+04
3.406200000e+04
3.219700000e+04
3.153300000e+04
3.197900000e+04
3.364300000e+04
3.524200000e+04
2.838000000e+04
2.970000000e+04
3.584100000e+04
2.915200000e+04
3.267200000e+04
3.151800000e+04
3.035800000e+04
3.189200000e+04
3.189700000e+04
2.944900000e+04
3.221000000e+04
3.296100000e+04
3.411700000e+04
3.108900000e+04
2.976400000e+04

6.771600000e+04
7.204400000e+04
6.698200000e+04
7.045200000e+04
7.796400000e+04
6.845600000e+04
7.843900000e+04
7.419200000e+04
7.040800000e+04
7.536200000e+04
7.954700000e+04
9.695800000e+04
7.119500000e+04
1.060560000e+05
6.733300000e+04
7.669000000e+04
6.431800000e+04
6.402200000e+04
8.616700000e+04
8.643100000e+04
6.410900000e+04
1.046670000e+05
7.161700000e+04
9.652400000e+04
8.282200000e+04
7.462100000e+04
8.513100000e+04
9.310200000e+04
7.196500000e+04
8.811400000e+04
