2.384408869e-05
2.217943566e-05
2.086548464e-05
2.012975576e-05
2.611610323e-05
2.383031637e-05
2.850323158e-05
2.388578450e-05
2.494137366e-05
2.915484685e-05
2.227563146e-05
2.491253118e-05
2.404744617e-05
2.971408126e-05
2.109815383e-05
2.951718274e-05
2.184307173e-05
2.544447236e-05
2.554785669e-05
2.294528025e-05
2.488974908e-05
2.551110056e-05
2.348793935e-05
2.427751600e-05
2.367993313e-05
2.966106132e-05
3.108591706e-05
2.481049635e-05
2.751948030e-05
2.827961923e-05

7.703125387e-05
6.609977913e-05
6.924343251e-05
6.649909889e-05
8.164231061e-05
6.917776112e-05
7.554498406e-05
6.490486472e-05
5.876483944e-05
7.858725602e-05
7.221579820e-05
6.349572433e-05
7.227108877e-05
6.825633985e-05
7.531164521e-05
7.419872281e-05
5.866202593e-05
7.312590508e-05
5.777815516e-05
6.822314770e-05
7.825819412e-05
7.221438467e-05
6.214840923e-05
6.117023236e-05
6.323325365e-05
7.155141324e-05
7.351784944e-05
5.582972189e-05
5.648988187e-05
6.125667587e-05
