1056.0000000000 395.0000000000
1118.0000000000 384.0000000000
953.0000000000 419.0000000000
700.0000000000 524.0000000000
821.0000000000 461.0000000000
734.0000000000 504.0000000000
232.0000000000 1352.0000000000
176.0000000000 1713.0000000000
200.0000000000 1529.0000000000
494.0000000000 700.0000000000
218.0000000000 1425.0000000000
699.0000000000 525.0000000000
881.0000000000 439.0000000000
1197.0000000000 373.0000000000
226.0000000000 1383.0000000000
227.0000000000 1376.0000000000
112.0000000000 2479.0000000000
214.0000000000 1441.0000000000
104.0000000000 2598.0000000000
118.0000000000 2354.0000000000
127.0000000000 2250.0000000000
253.0000000000 1254.0000000000
190.0000000000 1623.0000000000
110.0000000000 2501.0000000000
401.0000000000 843.0000000000
122.0000000000 2300.0000000000
90.0000000000 3143.0000000000
744.0000000000 500.0000000000
1253.0000000000 365.0000000000
378.0000000000 893.0000000000
1555.0000000000 347.0000000000
1460.0000000000 353.0000000000
154.0000000000 1950.0000000000
235.0000000000 1329.0000000000
584.0000000000 607.0000000000
231.0000000000 1360.0000000000
153.0000000000 1959.0000000000
74.0000000000 3562.0000000000
125.0000000000 2251.0000000000
854.0000000000 447.0000000000
222.0000000000 1406.0000000000
1528.0000000000 348.0000000000
863.0000000000 445.0000000000
1082.0000000000 390.0000000000
114.0000000000 2447.0000000000
996.0000000000 410.0000000000
971.0000000000 414.0000000000
260.0000000000 1226.0000000000
397.0000000000 849.0000000000
726.0000000000 508.0000000000
124.0000000000 2281.0000000000
91.0000000000 3110.0000000000
1037.0000000000 398.0000000000
802.0000000000 468.0000000000
307.0000000000 1068.0000000000
698.0000000000 526.0000000000
390.0000000000 875.0000000000
276.0000000000 1183.0000000000
392.0000000000 859.0000000000
139.0000000000 2069.0000000000
677.0000000000 536.0000000000
263.0000000000 1216.0000000000
937.0000000000 422.0000000000
338.0000000000 983.0000000000
233.0000000000 1347.0000000000
282.0000000000 1155.0000000000
335.0000000000 987.0000000000
592.0000000000 602.0000000000
78.0000000000 3355.0000000000
1304.0000000000 361.0000000000
76.0000000000 3446.0000000000
137.0000000000 2094.0000000000
1371.0000000000 355.0000000000
671.0000000000 540.0000000000
420.0000000000 808.0000000000
613.0000000000 583.0000000000
291.0000000000 1116.0000000000
1461.0000000000 352.0000000000
184.0000000000 1642.0000000000
870.0000000000 443.0000000000
345.0000000000 963.0000000000
548.0000000000 643.0000000000
224.0000000000 1388.0000000000
1172.0000000000 376.0000000000
83.0000000000 3169.0000000000
173.0000000000 1727.0000000000
327.0000000000 1006.0000000000
977.0000000000 412.0000000000
604.0000000000 589.0000000000
769.0000000000 485.0000000000
1108.0000000000 387.0000000000
1421.0000000000 354.0000000000
221.0000000000 1411.0000000000
156.0000000000 1883.0000000000
97.0000000000 2746.0000000000
303.0000000000 1076.0000000000
391.0000000000 861.0000000000
446.0000000000 768.0000000000
1140.0000000000 381.0000000000
502.0000000000 687.0000000000
568.0000000000 617.0000000000
1230.0000000000 368.0000000000
72.0000000000 3701.0000000000
491.0000000000 704.0000000000
716.0000000000 513.0000000000
763.0000000000 488.0000000000
1155.0000000000 378.0000000000
268.0000000000 1194.0000000000
180.0000000000 1672.0000000000
311.0000000000 1057.0000000000
169.0000000000 1769.0000000000
470.0000000000 730.0000000000
433.0000000000 787.0000000000
785.0000000000 477.0000000000
549.0000000000 641.0000000000
360.0000000000 927.0000000000
1092.0000000000 388.0000000000
143.0000000000 2021.0000000000
257.0000000000 1237.0000000000
550.0000000000 634.0000000000
319.0000000000 1029.0000000000
528.0000000000 656.0000000000
326.0000000000 1016.0000000000
75.0000000000 3498.0000000000
559.0000000000 628.0000000000
167.0000000000 1775.0000000000
635.0000000000 564.0000000000
500.0000000000 689.0000000000
737.0000000000 501.0000000000
206.0000000000 1514.0000000000
179.0000000000 1696.0000000000
443.0000000000 771.0000000000
675.0000000000 539.0000000000
109.0000000000 2502.0000000000
329.0000000000 1000.0000000000
96.0000000000 2776.0000000000
340.0000000000 975.0000000000
511.0000000000 678.0000000000
1477.0000000000 350.0000000000
243.0000000000 1296.0000000000
131.0000000000 2168.0000000000
552.0000000000 632.0000000000
553.0000000000 631.0000000000
228.0000000000 1365.0000000000
325.0000000000 1018.0000000000
517.0000000000 670.0000000000
295.0000000000 1107.0000000000
1068.0000000000 392.0000000000
644.0000000000 558.0000000000
103.0000000000 2611.0000000000
315.0000000000 1042.0000000000
363.0000000000 920.0000000000
157.0000000000 1871.0000000000
889.0000000000 436.0000000000
563.0000000000 623.0000000000
94.0000000000 2823.0000000000
1129.0000000000 382.0000000000
456.0000000000 750.0000000000
165.0000000000 1792.0000000000
194.0000000000 1572.0000000000
95.0000000000 2796.0000000000
100.0000000000 2676.0000000000
541.0000000000 649.0000000000
129.0000000000 2194.0000000000
1182.0000000000 374.0000000000
107.0000000000 2538.0000000000
1351.0000000000 356.0000000000
1235.0000000000 367.0000000000
683.0000000000 533.0000000000
924.0000000000 425.0000000000
394.0000000000 855.0000000000
424.0000000000 800.0000000000
135.0000000000 2118.0000000000
279.0000000000 1170.0000000000
192.0000000000 1583.0000000000
1212.0000000000 370.0000000000
594.0000000000 595.0000000000
513.0000000000 673.0000000000
215.0000000000 1435.0000000000
685.0000000000 531.0000000000
77.0000000000 3395.0000000000
775.0000000000 481.0000000000
284.0000000000 1138.0000000000
706.0000000000 519.0000000000
115.0000000000 2401.0000000000
234.0000000000 1334.0000000000
748.0000000000 495.0000000000
1259.0000000000 364.0000000000
164.0000000000 1801.0000000000
1501.0000000000 349.0000000000
504.0000000000 684.0000000000
1021.0000000000 402.0000000000
668.0000000000 543.0000000000
984.0000000000 411.0000000000
389.0000000000 876.0000000000
207.0000000000 1482.0000000000
707.0000000000 518.0000000000
1175.0000000000 375.0000000000
435.0000000000 781.0000000000
219.0000000000 1412.0000000000
882.0000000000 437.0000000000
365.0000000000 914.0000000000
915.0000000000 429.0000000000
637.0000000000 562.0000000000
815.0000000000 462.0000000000
98.0000000000 2722.0000000000
1057.0000000000 394.0000000000
661.0000000000 546.0000000000
121.0000000000 2309.0000000000
429.0000000000 790.0000000000
73.0000000000 3630.0000000000
261.0000000000 1219.0000000000
318.0000000000 1030.0000000000
997.0000000000 409.0000000000
728.0000000000 506.0000000000
346.0000000000 957.0000000000
237.0000000000 1319.0000000000
865.0000000000 444.0000000000
210.0000000000 1464.0000000000
301.0000000000 1082.0000000000
787.0000000000 475.0000000000
382.0000000000 879.0000000000
255.0000000000 1242.0000000000
70.0000000000 3854.0000000000
1310.0000000000 359.0000000000
483.0000000000 710.0000000000
1012.0000000000 403.0000000000
834.0000000000 456.0000000000
1202.0000000000 372.0000000000
705.0000000000 520.0000000000
313.0000000000 1045.0000000000
1145.0000000000 380.0000000000
148.0000000000 1965.0000000000
999.0000000000 406.0000000000
102.0000000000 2631.0000000000
80.0000000000 3314.0000000000
201.0000000000 1520.0000000000
955.0000000000 417.0000000000
418.0000000000 809.0000000000
945.0000000000 420.0000000000
1278.0000000000 362.0000000000
145.0000000000 1998.0000000000
438.0000000000 775.0000000000
1268.0000000000 363.0000000000
479.0000000000 715.0000000000
581.0000000000 608.0000000000
447.0000000000 761.0000000000
647.0000000000 555.0000000000
454.0000000000 756.0000000000
471.0000000000 726.0000000000
626.0000000000 570.0000000000
249.0000000000 1267.0000000000
1582.0000000000 346.0000000000
614.0000000000 579.0000000000
555.0000000000 629.0000000000
289.0000000000 1121.0000000000
906.0000000000 430.0000000000
93.0000000000 2852.0000000000
141.0000000000 2047.0000000000
162.0000000000 1825.0000000000
168.0000000000 1772.0000000000
198.0000000000 1561.0000000000
248.0000000000 1282.0000000000
258.0000000000 1232.0000000000
270.0000000000 1192.0000000000
293.0000000000 1111.0000000000
312.0000000000 1054.0000000000
320.0000000000 1025.0000000000
330.0000000000 997.0000000000
349.0000000000 951.0000000000
354.0000000000 938.0000000000
372.0000000000 902.0000000000
406.0000000000 831.0000000000
409.0000000000 829.0000000000
421.0000000000 806.0000000000
437.0000000000 777.0000000000
459.0000000000 743.0000000000
485.0000000000 708.0000000000
522.0000000000 664.0000000000
525.0000000000 659.0000000000
534.0000000000 650.0000000000
570.0000000000 615.0000000000
578.0000000000 610.0000000000
607.0000000000 586.0000000000
632.0000000000 567.0000000000
623.0000000000 574.0000000000
654.0000000000 551.0000000000
780.0000000000 479.0000000000
800.0000000000 469.0000000000
824.0000000000 458.0000000000
846.0000000000 450.0000000000
836.0000000000 453.0000000000
855.0000000000 446.0000000000
896.0000000000 435.0000000000
872.0000000000 440.0000000000
1008.0000000000 404.0000000000
1047.0000000000 396.0000000000
1209.0000000000 371.0000000000
1326.0000000000 358.0000000000
1335.0000000000 357.0000000000

94998.0000000000 2295.0000000000
69435.0000000000 14853.0000000000
32227.0000000000 33482.0000000000
42105.0000000000 28362.0000000000
38157.0000000000 30285.0000000000
68357.0000000000 15333.0000000000
47370.0000000000 25572.0000000000
32036.0000000000 33528.0000000000
72742.0000000000 13063.0000000000
69372.0000000000 14970.0000000000
8876.0000000000 45140.0000000000
85057.0000000000 7100.0000000000
61513.0000000000 18730.0000000000
55714.0000000000 21355.0000000000
37387.0000000000 30738.0000000000
56167.0000000000 21270.0000000000
33009.0000000000 33010.0000000000
76189.0000000000 11547.0000000000
77569.0000000000 10923.0000000000
45390.0000000000 26803.0000000000
38948.0000000000 29880.0000000000
32738.0000000000 33020.0000000000
17511.0000000000 40643.0000000000
40262.0000000000 29316.0000000000
76572.0000000000 11043.0000000000
41224.0000000000 28501.0000000000
54151.0000000000 22329.0000000000
38875.0000000000 29918.0000000000
54927.0000000000 22233.0000000000
39266.0000000000 29738.0000000000
34911.0000000000 31970.0000000000
70711.0000000000 14138.0000000000
48523.0000000000 25201.0000000000
79740.0000000000 9710.0000000000
38512.0000000000 30102.0000000000
51004.0000000000 23980.0000000000
71897.0000000000 13676.0000000000
60427.0000000000 19136.0000000000
20226.0000000000 39146.0000000000
10704.0000000000 44190.0000000000
61777.0000000000 18108.0000000000
72134.0000000000 13627.0000000000
68804.0000000000 15262.0000000000
59055.0000000000 20006.0000000000
61317.0000000000 18947.0000000000
58811.0000000000 20119.0000000000
45495.0000000000 26572.0000000000
26150.0000000000 36265.0000000000
27481.0000000000 35879.0000000000
28923.0000000000 35018.0000000000
38577.0000000000 30051.0000000000
50253.0000000000 24206.0000000000
14890.0000000000 41785.0000000000
33124.0000000000 32848.0000000000
31453.0000000000 33600.0000000000
50213.0000000000 24336.0000000000
38048.0000000000 30452.0000000000
55355.0000000000 22096.0000000000
81082.0000000000 9049.0000000000
51701.0000000000 23632.0000000000
59844.0000000000 19529.0000000000
22746.0000000000 37956.0000000000
61267.0000000000 18966.0000000000
58571.0000000000 20203.0000000000
50925.0000000000 24118.0000000000
47064.0000000000 25799.0000000000
56519.0000000000 20970.0000000000
32511.0000000000 33168.0000000000
83106.0000000000 7762.0000000000
64573.0000000000 16869.0000000000
24992.0000000000 36832.0000000000
38542.0000000000 30087.0000000000
39348.0000000000 29440.0000000000
15580.0000000000 41509.0000000000
63941.0000000000 17165.0000000000
69323.0000000000 15218.0000000000
58097.0000000000 20528.0000000000
65318.0000000000 16777.0000000000
53174.0000000000 22836.0000000000
41229.0000000000 28492.0000000000
88215.0000000000 5190.0000000000
16262.0000000000 41263.0000000000
65888.0000000000 16663.0000000000
59364.0000000000 19902.0000000000
48995.0000000000 24690.0000000000
58136.0000000000 20507.0000000000
66136.0000000000 16484.0000000000
37052.0000000000 30846.0000000000
63708.0000000000 17627.0000000000
37882.0000000000 30525.0000000000
51662.0000000000 23686.0000000000
32021.0000000000 33561.0000000000
63370.0000000000 17915.0000000000
18335.0000000000 40201.0000000000
59733.0000000000 19617.0000000000
63302.0000000000 17955.0000000000
2991.0000000000 48429.0000000000
53957.0000000000 22456.0000000000
40607.0000000000 29108.0000000000
30239.0000000000 33912.0000000000
63426.0000000000 17771.0000000000
37652.0000000000 30630.0000000000
48245.0000000000 25327.0000000000
67089.0000000000 15924.0000000000
66140.0000000000 16042.0000000000
48629.0000000000 25162.0000000000
23696.0000000000 37439.0000000000
43514.0000000000 27872.0000000000
18313.0000000000 40303.0000000000
48453.0000000000 25217.0000000000
26719.0000000000 36261.0000000000
71175.0000000000 14097.0000000000
59381.0000000000 19750.0000000000
64124.0000000000 16953.0000000000
42476.0000000000 28358.0000000000
42612.0000000000 28161.0000000000
12032.0000000000 43312.0000000000
71705.0000000000 13743.0000000000
52198.0000000000 23483.0000000000
58280.0000000000 20442.0000000000
64266.0000000000 16877.0000000000
79188.0000000000 9951.0000000000
52226.0000000000 23301.0000000000
18396.0000000000 40187.0000000000
19285.0000000000 39836.0000000000
39053.0000000000 29812.0000000000
43957.0000000000 27541.0000000000
84460.0000000000 7432.0000000000
35019.0000000000 31776.0000000000
80858.0000000000 9150.0000000000
20655.0000000000 38794.0000000000
81319.0000000000 8862.0000000000
91570.0000000000 3653.0000000000
28375.0000000000 35024.0000000000
9252.0000000000 44732.0000000000
74421.0000000000 12221.0000000000
82744.0000000000 8060.0000000000
2975.0000000000 48441.0000000000
87109.0000000000 5710.0000000000
68063.0000000000 15465.0000000000
39787.0000000000 29431.0000000000
12685.0000000000 42909.0000000000
27222.0000000000 35926.0000000000
73475.0000000000 12764.0000000000
24275.0000000000 37344.0000000000
27003.0000000000 36042.0000000000
27563.0000000000 35593.0000000000
75151.0000000000 11974.0000000000
9740.0000000000 44468.0000000000
84879.0000000000 7411.0000000000
29102.0000000000 34793.0000000000
33134.0000000000 32446.0000000000
61699.0000000000 18146.0000000000
73390.0000000000 12794.0000000000
29363.0000000000 34660.0000000000
25863.0000000000 36611.0000000000
35844.0000000000 31074.0000000000
43555.0000000000 27788.0000000000
20556.0000000000 38968.0000000000
84259.0000000000 7546.0000000000
34256.0000000000 32057.0000000000
44449.0000000000 27017.0000000000
82676.0000000000 8166.0000000000
83534.0000000000 7759.0000000000
85116.0000000000 6660.0000000000
89807.0000000000 4442.0000000000
63023.0000000000 18043.0000000000
9750.0000000000 44462.0000000000
35795.0000000000 31098.0000000000
53070.0000000000 23071.0000000000
89041.0000000000 4795.0000000000
26838.0000000000 36234.0000000000
12428.0000000000 43042.0000000000
69792.0000000000 14298.0000000000
72436.0000000000 13374.0000000000
19451.0000000000 39806.0000000000
61657.0000000000 18167.0000000000
72724.0000000000 13229.0000000000
86011.0000000000 6231.0000000000
55390.0000000000 21658.0000000000
15801.0000000000 41289.0000000000
91651.0000000000 3621.0000000000
85930.0000000000 6521.0000000000
53069.0000000000 23072.0000000000
67653.0000000000 15881.0000000000
79751.0000000000 9689.0000000000
22068.0000000000 38069.0000000000
71627.0000000000 13861.0000000000
6749.0000000000 46103.0000000000
13208.0000000000 42635.0000000000
90836.0000000000 3980.0000000000
22138.0000000000 38034.0000000000
19568.0000000000 39563.0000000000
91431.0000000000 3722.0000000000
7447.0000000000 45715.0000000000
19793.0000000000 39552.0000000000
13867.0000000000 42292.0000000000
46182.0000000000 26163.0000000000
10891.0000000000 43853.0000000000
14559.0000000000 41932.0000000000
28008.0000000000 35264.0000000000
5785.0000000000 46653.0000000000
75941.0000000000 11874.0000000000
14957.0000000000 41723.0000000000
21347.0000000000 38440.0000000000
5778.0000000000 46656.0000000000
16596.0000000000 40878.0000000000
74206.0000000000 12501.0000000000
35643.0000000000 31175.0000000000
5533.0000000000 46800.0000000000
16511.0000000000 40920.0000000000
5779.0000000000 46654.0000000000
79830.0000000000 9228.0000000000
12455.0000000000 43028.0000000000
88627.0000000000 5007.0000000000
90873.0000000000 3959.0000000000
77870.0000000000 10446.0000000000
89451.0000000000 4671.0000000000
91956.0000000000 3487.0000000000
86024.0000000000 6228.0000000000
5722.0000000000 46687.0000000000
23110.0000000000 37539.0000000000
87284.0000000000 5621.0000000000
92961.0000000000 3051.0000000000
81761.0000000000 8405.0000000000
10769.0000000000 44141.0000000000
35826.0000000000 31083.0000000000
6790.0000000000 46080.0000000000
92031.0000000000 3452.0000000000
90931.0000000000 3933.0000000000
91749.0000000000 3570.0000000000
8925.0000000000 44907.0000000000
90533.0000000000 4112.0000000000
2982.0000000000 48435.0000000000
33844.0000000000 32087.0000000000
35730.0000000000 31131.0000000000
78283.0000000000 9990.0000000000
93278.0000000000 2915.0000000000
90435.0000000000 4162.0000000000
92889.0000000000 3087.0000000000
3022.0000000000 48406.0000000000
49.0000000000 54280.0000000000
102.0000000000 53713.0000000000
11769.0000000000 43392.0000000000
30.0000000000 54571.0000000000
6765.0000000000 46094.0000000000
30687.0000000000 33684.0000000000
3551.0000000000 48068.0000000000
7548.0000000000 45663.0000000000
37.0000000000 54445.0000000000
24462.0000000000 37159.0000000000
5866.0000000000 46613.0000000000
58.0000000000 54172.0000000000
6367.0000000000 46318.0000000000
5.0000000000 55033.0000000000
3026.0000000000 48403.0000000000
205.0000000000 52908.0000000000
257.0000000000 52600.0000000000
4274.0000000000 47567.0000000000
0.0000000000 55182.0000000000
29513.0000000000 34525.0000000000
55573.0000000000 21467.0000000000
93014.0000000000 3025.0000000000
35827.0000000000 31082.0000000000
155.0000000000 53337.0000000000
252.0000000000 52666.0000000000
336.0000000000 52212.0000000000
342.0000000000 52194.0000000000
379.0000000000 52018.0000000000
682.0000000000 51045.0000000000
741.0000000000 50916.0000000000
753.0000000000 50888.0000000000
886.0000000000 50626.0000000000
909.0000000000 50573.0000000000
922.0000000000 50547.0000000000
1044.0000000000 50341.0000000000
1454.0000000000 49785.0000000000
1497.0000000000 49741.0000000000
1989.0000000000 49252.0000000000
2086.0000000000 49154.0000000000
2248.0000000000 49007.0000000000
2523.0000000000 48783.0000000000
2635.0000000000 48697.0000000000
3912.0000000000 47800.0000000000
4308.0000000000 47542.0000000000
4724.0000000000 47283.0000000000
5765.0000000000 46665.0000000000
7401.0000000000 45742.0000000000
12437.0000000000 43039.0000000000
56742.0000000000 20633.0000000000
87195.0000000000 5669.0000000000
90452.0000000000 4153.0000000000
92782.0000000000 3126.0000000000
96062.0000000000 1947.0000000000
96127.0000000000 1931.0000000000
96263.0000000000 1905.0000000000
96322.0000000000 1890.0000000000
96363.0000000000 1883.0000000000
96441.0000000000 1873.0000000000
96534.0000000000 1859.0000000000

7751.0000000000 3034.0000000000
11367.0000000000 2248.0000000000
1541.0000000000 21446.0000000000
8297.0000000000 2861.0000000000
13527.0000000000 2014.0000000000
16133.0000000000 1822.0000000000
27743.0000000000 1414.0000000000
24237.0000000000 1505.0000000000
1434.0000000000 25635.0000000000
36623.0000000000 1260.0000000000
9128.0000000000 2646.0000000000
1105.0000000000 48652.0000000000
1484.0000000000 23396.0000000000
1571.0000000000 21195.0000000000
1122.0000000000 45439.0000000000
14116.0000000000 1965.0000000000
1221.0000000000 36980.0000000000
1522.0000000000 22282.0000000000
18116.0000000000 1719.0000000000
31253.0000000000 1370.0000000000
13495.0000000000 2017.0000000000
8279.0000000000 2868.0000000000
19774.0000000000 1650.0000000000
1566.0000000000 21285.0000000000
4820.0000000000 5166.0000000000
1296.0000000000 31972.0000000000
19791.0000000000 1648.0000000000
17201.0000000000 1768.0000000000
21297.0000000000 1592.0000000000
1069.0000000000 51682.0000000000
4944.0000000000 5092.0000000000
1833.0000000000 15273.0000000000
1280.0000000000 33120.0000000000
25381.0000000000 1473.0000000000
20282.0000000000 1629.0000000000
1565.0000000000 21364.0000000000
1301.0000000000 31683.0000000000
31764.0000000000 1343.0000000000
1815.0000000000 15547.0000000000
1442.0000000000 24842.0000000000
19470.0000000000 1664.0000000000
1758.0000000000 16419.0000000000
17498.0000000000 1750.0000000000
1472.0000000000 24676.0000000000
1734.0000000000 16879.0000000000
1627.0000000000 19057.0000000000
1359.0000000000 28525.0000000000
1832.0000000000 15285.0000000000
16556.0000000000 1797.0000000000
25066.0000000000 1479.0000000000
42397.0000000000 1214.0000000000
19995.0000000000 1640.0000000000
1726.0000000000 16945.0000000000
1503.0000000000 22657.0000000000
5572.0000000000 4251.0000000000
25188.0000000000 1474.0000000000
1918.0000000000 14140.0000000000
1162.0000000000 41636.0000000000
40245.0000000000 1219.0000000000
19077.0000000000 1677.0000000000
2739.0000000000 8740.0000000000
33716.0000000000 1303.0000000000
1647.0000000000 18645.0000000000
1422.0000000000 25645.0000000000
46622.0000000000 1142.0000000000
18617.0000000000 1696.0000000000
36695.0000000000 1258.0000000000
9332.0000000000 2617.0000000000
4211.0000000000 5620.0000000000
1068.0000000000 51775.0000000000
5462.0000000000 4364.0000000000
1862.0000000000 14829.0000000000
1708.0000000000 17296.0000000000
22051.0000000000 1566.0000000000
4261.0000000000 5563.0000000000
28526.0000000000 1398.0000000000
1700.0000000000 17523.0000000000
1830.0000000000 15292.0000000000
17221.0000000000 1761.0000000000
14216.0000000000 1957.0000000000
16806.0000000000 1784.0000000000
1707.0000000000 17310.0000000000
1075.0000000000 51677.0000000000
1641.0000000000 18780.0000000000
13274.0000000000 2038.0000000000
20263.0000000000 1631.0000000000
13688.0000000000 2000.0000000000
16166.0000000000 1820.0000000000
54358.0000000000 1074.0000000000
14949.0000000000 1902.0000000000
1604.0000000000 19978.0000000000
24821.0000000000 1486.0000000000
1935.0000000000 13913.0000000000
14872.0000000000 1911.0000000000
26023.0000000000 1459.0000000000
1793.0000000000 15848.0000000000
5291.0000000000 4663.0000000000
2719.0000000000 8818.0000000000
5587.0000000000 4240.0000000000
1629.0000000000 19033.0000000000
1814.0000000000 15575.0000000000
1694.0000000000 17590.0000000000
1373.0000000000 27864.0000000000
1319.0000000000 30644.0000000000
14922.0000000000 1903.0000000000
17801.0000000000 1738.0000000000
15642.0000000000 1853.0000000000
19653.0000000000 1655.0000000000
16803.0000000000 1787.0000000000
21411.0000000000 1588.0000000000
24842.0000000000 1483.0000000000
17904.0000000000 1729.0000000000
33705.0000000000 1305.0000000000
1379.0000000000 27548.0000000000
1380.0000000000 27532.0000000000
1364.0000000000 28275.0000000000
1111.0000000000 46595.0000000000
53164.0000000000 1084.0000000000
1819.0000000000 15431.0000000000
2078.0000000000 12465.0000000000
1250.0000000000 35337.0000000000
1671.0000000000 18054.0000000000
46300.0000000000 1153.0000000000
2095.0000000000 12298.0000000000
25855.0000000000 1462.0000000000
32162.0000000000 1330.0000000000
23080.0000000000 1533.0000000000
9348.0000000000 2607.0000000000
14652.0000000000 1923.0000000000
13758.0000000000 1994.0000000000
15432.0000000000 1867.0000000000
2099.0000000000 12291.0000000000
22243.0000000000 1560.0000000000
12046.0000000000 2171.0000000000
2073.0000000000 12485.0000000000
2736.0000000000 8743.0000000000
1649.0000000000 18547.0000000000
1191.0000000000 39541.0000000000
51512.0000000000 1096.0000000000
12060.0000000000 2163.0000000000
15813.0000000000 1842.0000000000
2258.0000000000 11104.0000000000
4258.0000000000 5566.0000000000
23015.0000000000 1535.0000000000
9913.0000000000 2481.0000000000
23485.0000000000 1521.0000000000
24065.0000000000 1506.0000000000
10821.0000000000 2326.0000000000
11798.0000000000 2194.0000000000
4385.0000000000 5446.0000000000
1790.0000000000 15861.0000000000
1766.0000000000 16242.0000000000
2630.0000000000 9183.0000000000
1908.0000000000 14237.0000000000
18741.0000000000 1692.0000000000
54073.0000000000 1076.0000000000
10717.0000000000 2342.0000000000
2270.0000000000 11028.0000000000
12319.0000000000 2134.0000000000
14623.0000000000 1931.0000000000
10269.0000000000 2416.0000000000
2079.0000000000 12433.0000000000
1479.0000000000 23483.0000000000
2580.0000000000 9387.0000000000
17237.0000000000 1760.0000000000
37338.0000000000 1249.0000000000
5787.0000000000 4065.0000000000
2034.0000000000 12866.0000000000
12305.0000000000 2140.0000000000
2543.0000000000 9576.0000000000
2161.0000000000 11774.0000000000
2344.0000000000 10599.0000000000
2053.0000000000 12716.0000000000
1657.0000000000 18438.0000000000
37484.0000000000 1247.0000000000
12111.0000000000 2159.0000000000
11390.0000000000 2245.0000000000
10641.0000000000 2354.0000000000
2340.0000000000 10609.0000000000
1828.0000000000 15302.0000000000
2631.0000000000 9180.0000000000
1668.0000000000 18119.0000000000
2756.0000000000 8668.0000000000
1656.0000000000 18454.0000000000
20741.0000000000 1612.0000000000
51272.0000000000 1098.0000000000
4063.0000000000 5792.0000000000
2289.0000000000 10940.0000000000
29353.0000000000 1381.0000000000
2431.0000000000 10110.0000000000
1601.0000000000 20001.0000000000
5601.0000000000 4224.0000000000
4517.0000000000 5311.0000000000
4237.0000000000 5589.0000000000
5862.0000000000 4005.0000000000
2038.0000000000 12804.0000000000
2339.0000000000 10613.0000000000
17538.0000000000 1745.0000000000
8263.0000000000 2871.0000000000
3130.0000000000 7483.0000000000
8004.0000000000 2950.0000000000
39227.0000000000 1225.0000000000
9377.0000000000 2590.0000000000
8568.0000000000 2785.0000000000
19216.0000000000 1671.0000000000
3108.0000000000 7543.0000000000
1344.0000000000 29297.0000000000
34794.0000000000 1286.0000000000
14639.0000000000 1924.0000000000
9134.0000000000 2644.0000000000
1853.0000000000 14952.0000000000
43091.0000000000 1178.0000000000
13251.0000000000 2039.0000000000
9355.0000000000 2598.0000000000
5590.0000000000 4234.0000000000
12112.0000000000 2157.0000000000
1752.0000000000 16478.0000000000
1413.0000000000 26023.0000000000
2573.0000000000 9419.0000000000
8692.0000000000 2752.0000000000
1371.0000000000 27932.0000000000
2921.0000000000 8096.0000000000
4171.0000000000 5664.0000000000
5689.0000000000 4148.0000000000
9522.0000000000 2559.0000000000
9897.0000000000 2484.0000000000
1878.0000000000 14747.0000000000
9887.0000000000 2488.0000000000
4213.0000000000 5616.0000000000
7610.0000000000 3085.0000000000
3126.0000000000 7492.0000000000
2362.0000000000 10482.0000000000
8968.0000000000 2683.0000000000
5880.0000000000 3991.0000000000
1638.0000000000 18793.0000000000
6224.0000000000 3750.0000000000
1753.0000000000 16476.0000000000
2274.0000000000 11003.0000000000
6028.0000000000 3889.0000000000
1129.0000000000 44725.0000000000
6955.0000000000 3354.0000000000
6491.0000000000 3590.0000000000
2786.0000000000 8552.0000000000
7982.0000000000 2957.0000000000
2920.0000000000 8099.0000000000
12384.0000000000 2127.0000000000
13230.0000000000 2041.0000000000
6032.0000000000 3879.0000000000
2608.0000000000 9267.0000000000
6527.0000000000 3570.0000000000
54502.0000000000 1073.0000000000
5567.0000000000 4269.0000000000
14910.0000000000 1910.0000000000
5728.0000000000 4114.0000000000
8133.0000000000 2910.0000000000
9069.0000000000 2659.0000000000
6312.0000000000 3695.0000000000
11292.0000000000 2258.0000000000
3732.0000000000 6249.0000000000
3072.0000000000 7643.0000000000
6065.0000000000 3856.0000000000
2651.0000000000 9078.0000000000
6179.0000000000 3812.0000000000
20961.0000000000 1604.0000000000
5576.0000000000 4247.0000000000
5398.0000000000 4639.0000000000
7168.0000000000 3259.0000000000
3520.0000000000 6607.0000000000
1514.0000000000 22294.0000000000
3105.0000000000 7550.0000000000
9877.0000000000 2489.0000000000
3346.0000000000 6961.0000000000
2347.0000000000 10567.0000000000
2091.0000000000 12331.0000000000
1080.0000000000 51566.0000000000
1625.0000000000 19106.0000000000
3980.0000000000 5897.0000000000
2046.0000000000 12728.0000000000
1577.0000000000 20385.0000000000
3347.0000000000 6953.0000000000
2397.0000000000 10290.0000000000
2769.0000000000 8614.0000000000
2733.0000000000 8750.0000000000
1117.0000000000 46434.0000000000
4123.0000000000 5720.0000000000
1646.0000000000 18691.0000000000
20733.0000000000 1615.0000000000
3911.0000000000 5989.0000000000
4264.0000000000 5559.0000000000
10185.0000000000 2435.0000000000
7706.0000000000 3050.0000000000
2180.0000000000 11633.0000000000
4019.0000000000 5847.0000000000
3828.0000000000 6105.0000000000
3535.0000000000 6580.0000000000
21252.0000000000 1594.0000000000
13199.0000000000 2044.0000000000
8068.0000000000 2930.0000000000
3990.0000000000 5884.0000000000
6441.0000000000 3629.0000000000

