3.350631384e-05
3.266783296e-05
3.163319100e-05
2.712394721e-05
3.115736437e-05
2.717859338e-05
2.809728799e-05
2.773106369e-05
2.862492922e-05
3.101915677e-05
2.557588393e-05
3.175691060e-05
2.664464685e-05
2.936709726e-05
3.159864549e-05
2.914960734e-05
3.438549603e-05
3.460837641e-05
2.464244230e-05
3.514713950e-05
2.897640392e-05
3.027620637e-05
2.847380254e-05
2.860000545e-05
3.068038509e-05
2.636370070e-05
2.623534981e-05
2.921260216e-05
3.093370503e-05
3.009840954e-05

4.509865103e-05
4.278227929e-05
4.656243919e-05
5.203635675e-05
4.452295125e-05
5.857974354e-05
4.570475765e-05
3.947375446e-05
4.174852336e-05
5.672613198e-05
5.793348011e-05
4.570392152e-05
4.808242034e-05
4.168288359e-05
4.193318976e-05
4.451736941e-05
4.046968093e-05
4.152482806e-05
5.795410384e-05
4.960905562e-05
6.655809787e-05
4.139346032e-05
4.959346047e-05
5.912417305e-05
4.561164561e-05
5.233362300e-05
4.853012165e-05
5.294527264e-05
6.801849394e-05
3.841676027e-05
