4.380674138e-05
4.248057588e-05
4.666743042e-05
3.667837554e-05
3.709204718e-05
3.846078517e-05
4.984203874e-05
4.461722117e-05
4.898009150e-05
4.581379275e-05
4.285016721e-05
3.753626965e-05
4.136652115e-05
3.841794058e-05
4.836724169e-05
3.976303577e-05
5.323089711e-05
3.708638451e-05
4.591143636e-05
3.692750587e-05
3.626371028e-05
3.753594797e-05
3.959736867e-05
4.729351259e-05
4.297931746e-05
4.674433014e-05
4.353892588e-05
4.389708033e-05
3.923251654e-05
3.840377481e-05

1.610513811e-05
2.130617063e-05
2.395851908e-05
2.385575790e-05
1.450856274e-05
2.168225508e-05
2.948657275e-05
2.265654066e-05
2.506038528e-05
1.887210831e-05
1.934606425e-05
1.845740478e-05
1.980909133e-05
1.555266421e-05
1.827049770e-05
1.653845492e-05
1.787079866e-05
1.695647266e-05
2.069443252e-05
2.219898798e-05
2.206605262e-05
1.447915881e-05
2.084933831e-05
2.221053224e-05
1.580699988e-05
2.266276959e-05
1.446183464e-05
1.955762563e-05
1.768676064e-05
1.933082953e-05
