2.521500000e+04
2.641100000e+04
2.455300000e+04
2.462900000e+04
2.575200000e+04
2.727400000e+04
2.517000000e+04
2.390900000e+04
2.399400000e+04
2.634100000e+04
2.494000000e+04
2.368400000e+04
2.583000000e+04
2.446200000e+04
2.580400000e+04
2.589800000e+04
2.485000000e+04
2.507400000e+04
2.345400000e+04
2.484000000e+04
2.695300000e+04
2.440200000e+04
2.687200000e+04
2.351000000e+04
2.552500000e+04
2.458500000e+04
2.386300000e+04
2.616000000e+04
2.356200000e+04
2.459000000e+04

4.895300000e+04
4.655500000e+04
4.649600000e+04
5.466300000e+04
5.250200000e+04
5.121300000e+04
4.134600000e+04
5.105300000e+04
4.214100000e+04
4.574400000e+04
6.093500000e+04
1.065817000e+06
1.032129000e+06
4.980200000e+04
4.118900000e+04
4.666700000e+04
5.394400000e+04
1.038384000e+06
5.883800000e+04
1.057563000e+06
1.042683000e+06
1.035705000e+06
2.040889000e+06
6.982500000e+04
5.938700000e+04
5.150600000e+04
4.745700000e+04
5.541100000e+04
5.344700000e+04
4.766400000e+04
