1.129075035e-05
1.164337989e-05
1.099126186e-05
1.016270441e-05
1.043119216e-05
1.287054657e-05
1.171354366e-05
1.166264802e-05
1.018096543e-05
1.205102879e-05
1.192164297e-05
1.324605977e-05
1.111605196e-05
1.038212155e-05
1.219018474e-05
1.063816741e-05
1.262515935e-05
1.314237480e-05
1.239590249e-05
9.298439244e-06
1.088823957e-05
1.110853652e-05
1.074129501e-05
1.289318256e-05
1.245818742e-05
1.157927066e-05
1.019759036e-05
1.084109275e-05
1.207538745e-05
1.272626204e-05

8.833360867e-06
9.592732363e-06
8.991639392e-06
8.293515219e-06
8.080691081e-06
8.729951470e-06
7.725808801e-06
8.003306049e-06
8.350725741e-06
9.123674709e-06
8.001094155e-06
9.098590782e-06
9.679600700e-06
8.066612732e-06
7.987837481e-06
7.756400188e-06
9.005085805e-06
8.769024724e-06
8.583774091e-06
7.369052431e-06
7.813481129e-06
8.779305712e-06
8.858271261e-06
8.097939926e-06
8.346380636e-06
7.013945721e-06
8.675350526e-06
8.253595459e-06
9.200407167e-06
8.528894864e-06
