6.524396270e-07
6.378873461e-07
5.860310307e-07
6.436756837e-07
6.824404353e-07
6.087775549e-07
6.613665243e-07
6.280016475e-07
6.231455645e-07
6.364153716e-07
6.460625476e-07
6.809748480e-07
5.934163727e-07
6.425568026e-07
6.740037571e-07
6.513680512e-07
6.017109352e-07
6.389576844e-07
6.464950421e-07
6.563425373e-07
6.424892577e-07
6.040947252e-07
6.020001166e-07
6.098367155e-07
5.974040333e-07
6.326691078e-07
6.641297949e-07
6.662949026e-07
6.237412525e-07
6.814310152e-07

4.931627005e-07
5.747046548e-07
5.023119528e-07
5.443984177e-07
5.788327146e-07
5.137754144e-07
4.929343574e-07
5.164873079e-07
4.852169599e-07
5.287443016e-07
5.296294504e-07
5.136743765e-07
5.275963187e-07
5.744481681e-07
5.478961787e-07
5.029489980e-07
5.014894386e-07
5.379349112e-07
5.185117769e-07
5.040201746e-07
5.568608803e-07
5.378696418e-07
5.012737901e-07
5.584704196e-07
5.651890556e-07
5.411063252e-07
5.455546241e-07
5.150237564e-07
5.326005053e-07
5.486065971e-07
