3.808000000e+03
4.155000000e+03
4.036000000e+03
3.878000000e+03
3.904000000e+03
4.246000000e+03
3.940000000e+03
3.981000000e+03
3.692000000e+03
3.837000000e+03
4.025000000e+03
4.229000000e+03
3.991000000e+03
4.192000000e+03
4.144000000e+03
4.637000000e+03
3.917000000e+03
4.280000000e+03
4.184000000e+03
4.237000000e+03
3.943000000e+03
4.235000000e+03
4.282000000e+03
4.982000000e+03
3.827000000e+03
4.370000000e+03
3.808000000e+03
4.088000000e+03
3.695000000e+03
3.864000000e+03

4.202000000e+03
4.172000000e+03
4.235000000e+03
3.974000000e+03
4.738000000e+03
4.947000000e+03
4.171000000e+03
3.927000000e+03
4.197000000e+03
4.644000000e+03
3.859000000e+03
4.791000000e+03
4.379000000e+03
4.285000000e+03
4.359000000e+03
4.233000000e+03
4.842000000e+03
3.696000000e+03
4.220000000e+03
4.072000000e+03
4.409000000e+03
3.986000000e+03
4.195000000e+03
3.915000000e+03
4.621000000e+03
4.456000000e+03
4.368000000e+03
4.062000000e+03
4.441000000e+03
4.421000000e+03
