3.529700000e+04
3.309300000e+04
3.272100000e+04
3.332800000e+04
3.545600000e+04
2.831700000e+04
2.902400000e+04
2.841700000e+04
2.831400000e+04
2.396500000e+04
3.356000000e+04
2.898200000e+04
2.982600000e+04
2.898100000e+04
2.800600000e+04
3.505600000e+04
3.353200000e+04
3.222100000e+04
3.122800000e+04
3.332600000e+04
3.249400000e+04
3.020000000e+04
3.205700000e+04
2.867700000e+04
3.233000000e+04
3.197600000e+04
3.534200000e+04
3.292400000e+04
2.792300000e+04
3.236200000e+04

1.009713000e+06
1.269700000e+04
2.619800000e+04
1.010596000e+06
1.009357000e+06
2.438200000e+04
2.937500000e+04
2.751300000e+04
1.347900000e+04
1.497800000e+04
1.437200000e+04
1.462900000e+04
1.530500000e+04
1.322400000e+04
1.487400000e+04
1.732300000e+04
1.011766000e+06
1.526400000e+04
1.609700000e+04
2.662400000e+04
1.630800000e+04
1.855500000e+04
1.009661000e+06
1.010683000e+06
1.684600000e+04
1.011789000e+06
2.044300000e+04
1.497100000e+04
1.454900000e+04
1.860000000e+04
