1.778000000e+04
2.333900000e+04
2.249000000e+04
1.868000000e+04
1.970800000e+04
2.485000000e+04
2.332300000e+04
2.449300000e+04
2.481100000e+04
2.476300000e+04
2.667000000e+04
1.862200000e+04
1.797400000e+04
2.409800000e+04
2.099900000e+04
2.458900000e+04
1.926100000e+04
2.143100000e+04
2.180800000e+04
3.170800000e+04
2.105700000e+04
2.379200000e+04
1.878700000e+04
3.405600000e+04
2.645000000e+04
2.987100000e+04
2.641500000e+04
2.155100000e+04
2.269500000e+04
1.902600000e+04

5.846400000e+04
6.035349000e+06
5.250600000e+04
2.033782000e+06
5.929700000e+04
6.568900000e+04
8.011284000e+06
5.330400000e+04
4.927900000e+04
4.736900000e+04
5.485700000e+04
2.043670000e+06
5.909700000e+04
7.030825000e+06
5.803400000e+04
4.651300000e+04
1.031980000e+05
5.666400000e+04
5.156100000e+04
7.357000000e+04
4.919700000e+04
3.883300000e+04
5.355500000e+04
4.134900000e+04
4.992900000e+04
6.202100000e+04
1.037963000e+06
6.039800000e+04
6.487300000e+04
7.457100000e+04
