1.970000000e+02
2.120000000e+02
1.740000000e+02
1.970000000e+02
2.740000000e+02
2.220000000e+02
2.140000000e+02
1.940000000e+02
2.070000000e+02
2.030000000e+02
1.920000000e+02
1.990000000e+02
2.180000000e+02
1.740000000e+02
1.870000000e+02
1.950000000e+02
1.900000000e+02
1.980000000e+02
1.710000000e+02
1.820000000e+02
2.250000000e+02
2.390000000e+02
2.070000000e+02
2.030000000e+02
1.980000000e+02
2.000000000e+02
2.260000000e+02
2.090000000e+02
1.900000000e+02
1.930000000e+02

2.710000000e+02
3.000000000e+02
2.180000000e+02
2.670000000e+02
2.600000000e+02
2.140000000e+02
2.090000000e+02
2.470000000e+02
2.220000000e+02
1.860000000e+02
2.430000000e+02
1.810000000e+02
2.740000000e+02
2.220000000e+02
2.250000000e+02
2.530000000e+02
3.180000000e+02
2.150000000e+02
2.110000000e+02
2.680000000e+02
2.610000000e+02
2.260000000e+02
2.140000000e+02
2.470000000e+02
2.350000000e+02
3.150000000e+02
2.600000000e+02
2.140000000e+02
2.540000000e+02
1.960000000e+02
