3.300000000e+01
3.200000000e+01
4.000000000e+01
3.900000000e+01
3.600000000e+01
4.300000000e+01
2.900000000e+01
3.800000000e+01
4.400000000e+01
3.700000000e+01
2.100000000e+01
4.900000000e+01
3.700000000e+01
3.500000000e+01
4.500000000e+01
4.000000000e+01
4.900000000e+01
3.500000000e+01
5.000000000e+01
3.800000000e+01
5.600000000e+01
3.500000000e+01
2.900000000e+01
3.900000000e+01
5.500000000e+01
5.600000000e+01
5.100000000e+01
4.200000000e+01
4.000000000e+01
4.300000000e+01

8.200000000e+01
4.800000000e+01
5.600000000e+01
6.600000000e+01
3.500000000e+01
6.600000000e+01
6.500000000e+01
9.800000000e+01
6.000000000e+01
6.700000000e+01
1.460000000e+02
5.000000000e+01
6.100000000e+01
9.800000000e+01
1.490000000e+02
7.800000000e+01
1.060000000e+02
9.700000000e+01
9.300000000e+01
7.400000000e+01
5.400000000e+01
5.700000000e+01
9.200000000e+01
1.080000000e+02
6.700000000e+01
4.100000000e+01
8.800000000e+01
7.900000000e+01
7.300000000e+01
7.200000000e+01
