6.656000000e+03
3.840000000e+03
5.760000000e+03
5.120000000e+03
4.992000000e+03
5.504000000e+03
4.608000000e+03
4.864000000e+03
5.888000000e+03
4.352000000e+03
6.400000000e+03
2.560000000e+03
3.328000000e+03
4.736000000e+03
5.888000000e+03
4.096000000e+03
5.120000000e+03
3.968000000e+03
4.992000000e+03
3.840000000e+03
6.528000000e+03
4.864000000e+03
2.560000000e+03
4.608000000e+03
4.352000000e+03
7.168000000e+03
5.120000000e+03
5.504000000e+03
4.608000000e+03
6.016000000e+03

1.856000000e+04
2.598400000e+04
2.099200000e+04
2.163200000e+04
2.150400000e+04
2.508800000e+04
2.457600000e+04
2.073600000e+04
2.099200000e+04
2.009600000e+04
2.060800000e+04
2.176000000e+04
2.035200000e+04
2.355200000e+04
1.907200000e+04
2.227200000e+04
2.355200000e+04
2.342400000e+04
2.201600000e+04
1.510400000e+04
1.958400000e+04
2.188800000e+04
2.329600000e+04
1.894400000e+04
2.432000000e+04
2.176000000e+04
2.176000000e+04
1.920000000e+04
2.214400000e+04
2.150400000e+04
