1.070000000e+02
9.500000000e+01
1.080000000e+02
1.240000000e+02
1.410000000e+02
1.430000000e+02
9.900000000e+01
1.340000000e+02
1.160000000e+02
7.600000000e+01
1.130000000e+02
1.020000000e+02
1.140000000e+02
1.060000000e+02
1.100000000e+02
1.090000000e+02
1.010000000e+02
1.180000000e+02
1.080000000e+02
1.430000000e+02
1.000000000e+02
1.470000000e+02
1.230000000e+02
9.700000000e+01
1.060000000e+02
7.800000000e+01
1.100000000e+02
1.080000000e+02
9.200000000e+01
1.230000000e+02

8.500000000e+01
7.300000000e+01
6.500000000e+01
8.200000000e+01
7.000000000e+01
9.400000000e+01
6.300000000e+01
6.700000000e+01
5.800000000e+01
6.400000000e+01
7.900000000e+01
7.200000000e+01
6.200000000e+01
6.800000000e+01
6.400000000e+01
6.300000000e+01
7.600000000e+01
7.400000000e+01
6.600000000e+01
6.600000000e+01
7.000000000e+01
8.600000000e+01
6.400000000e+01
7.200000000e+01
6.500000000e+01
6.700000000e+01
8.300000000e+01
5.400000000e+01
7.200000000e+01
7.200000000e+01
