1.290000000e+03
1.071000000e+03
9.010000000e+02
8.380000000e+02
1.815000000e+03
1.578000000e+03
1.794000000e+03
1.361000000e+03
1.338000000e+03
1.095000000e+03
1.787000000e+03
1.815000000e+03
1.601000000e+03
1.787000000e+03
1.034000000e+03
1.777000000e+03
1.402000000e+03
1.271000000e+03
1.066000000e+03
1.035000000e+03
1.342000000e+03
1.376000000e+03
1.355000000e+03
9.500000000e+02
1.505000000e+03
9.820000000e+02
1.275000000e+03
7.380000000e+02
1.799000000e+03
1.770000000e+03

4.266000000e+03
2.796000000e+03
2.996000000e+03
4.417000000e+03
2.780000000e+03
2.856000000e+03
5.321000000e+03
2.716000000e+03
3.591000000e+03
4.007000000e+03
3.641000000e+03
7.528000000e+03
2.521000000e+03
3.771000000e+03
5.132000000e+03
2.944000000e+03
3.235000000e+03
2.758000000e+03
4.236000000e+03
2.416000000e+03
2.659000000e+03
5.865000000e+03
3.782000000e+03
3.623000000e+03
3.650000000e+03
4.601000000e+03
2.960000000e+03
5.037000000e+03
6.714000000e+03
5.155000000e+03
