3.050134000e+06
2.230644000e+06
2.263715000e+06
2.611091000e+06
2.107629000e+06
2.250851000e+06
2.268099000e+06
2.283138000e+06
2.063667000e+06
1.883526000e+06
2.084008000e+06
2.039025000e+06
6.097397000e+06
3.011110000e+06
2.482327600e+07
2.486701000e+06
2.300912000e+06
2.746117000e+06
2.202501000e+06
1.930954000e+06
1.874131000e+06
2.115517000e+06
2.237267000e+06
2.598626000e+06
2.259886000e+06
2.118304000e+06
2.323454000e+06
2.626599000e+06
2.216412000e+06
2.600464000e+06

9.159908000e+06
7.878910000e+06
8.175626000e+06
1.019386900e+07
8.468599000e+06
9.928439000e+06
7.405233000e+06
9.043309000e+06
8.038879000e+06
9.891153000e+06
7.368132000e+06
8.132493000e+06
9.162442000e+06
9.486179000e+06
9.190462000e+06
8.240966000e+06
7.665830000e+06
8.535344000e+06
7.917956000e+06
8.040438000e+06
9.374744000e+06
6.564576000e+06
9.501373000e+06
8.556322000e+06
7.800774000e+06
8.001562000e+06
7.525393000e+06
8.947904000e+06
7.585444000e+06
8.658877000e+06
