5.625891000e+06
5.685437000e+06
6.173584000e+06
6.368254000e+06
5.718761000e+06
5.825617000e+06
6.038636000e+06
5.693015000e+06
5.706314000e+06
5.573831000e+06
5.755182000e+06
5.956923000e+06
5.967597000e+06
5.770971000e+06
6.026223000e+06
6.283296000e+06
4.727137000e+06
5.801421000e+06
5.615775000e+06
5.934019000e+06
5.854622000e+06
5.922541000e+06
6.085293000e+06
5.821570000e+06
5.929815000e+06
5.616535000e+06
5.937306000e+06
5.873884000e+06
5.795883000e+06
5.833754000e+06

3.332339000e+06
3.431327000e+06
4.356995000e+06
3.274203000e+06
3.180742000e+06
2.974232000e+06
3.380534000e+06
1.156293600e+07
6.139382000e+06
3.102456000e+06
3.376028000e+06
3.305350000e+06
3.531207000e+06
3.481924000e+06
3.298828000e+06
3.186259000e+06
3.240839000e+06
9.223385000e+06
3.458036000e+06
3.533022000e+06
4.054624000e+06
8.490397000e+06
3.268081000e+06
3.333996000e+06
1.776930600e+07
4.620522200e+07
2.987943000e+06
3.051325000e+06
3.116920000e+06
3.624110000e+06
