1.026304000e+06
7.290880000e+05
7.850240000e+05
8.513280000e+05
7.669760000e+05
7.927040000e+05
8.733440000e+05
8.116480000e+05
9.662720000e+05
8.810240000e+05
7.836160000e+05
7.523840000e+05
8.697600000e+05
9.076480000e+05
7.713280000e+05
8.124160000e+05
6.956800000e+05
8.139520000e+05
9.405440000e+05
8.638720000e+05
9.096960000e+05
9.786880000e+05
8.158720000e+05
8.568320000e+05
8.551680000e+05
8.006400000e+05
7.409920000e+05
8.142080000e+05
7.317760000e+05
7.920640000e+05

8.120704000e+06
7.369344000e+06
6.327424000e+06
7.043328000e+06
6.032896000e+06
7.006848000e+06
6.779392000e+06
5.434752000e+06
5.935616000e+06
5.878016000e+06
5.988992000e+06
6.454656000e+06
6.026112000e+06
7.199104000e+06
5.995264000e+06
6.779008000e+06
4.638592000e+06
5.837696000e+06
6.184320000e+06
8.194560000e+06
6.681216000e+06
6.822656000e+06
6.304384000e+06
6.165248000e+06
5.201536000e+06
6.796288000e+06
7.139712000e+06
6.835968000e+06
6.216576000e+06
7.375744000e+06
