2.020000000e+02
2.100000000e+02
1.740000000e+02
1.970000000e+02
2.740000000e+02
2.220000000e+02
2.040000000e+02
1.940000000e+02
2.070000000e+02
2.030000000e+02
1.920000000e+02
1.990000000e+02
2.180000000e+02
1.740000000e+02
1.770000000e+02
1.950000000e+02
1.900000000e+02
1.960000000e+02
1.710000000e+02
1.820000000e+02
2.250000000e+02
2.390000000e+02
2.070000000e+02
2.010000000e+02
1.980000000e+02
2.000000000e+02
2.260000000e+02
2.090000000e+02
1.900000000e+02
1.930000000e+02

8.600000000e+02
9.170000000e+02
9.010000000e+02
6.270000000e+02
8.930000000e+02
8.050000000e+02
1.257000000e+03
7.820000000e+02
8.560000000e+02
8.320000000e+02
7.550000000e+02
1.113000000e+03
8.080000000e+02
1.009000000e+03
8.270000000e+02
8.420000000e+02
6.040000000e+02
5.180000000e+02
1.285000000e+03
1.409000000e+03
7.590000000e+02
8.770000000e+02
1.324000000e+03
9.760000000e+02
9.920000000e+02
1.279000000e+03
1.155000000e+03
1.186000000e+03
8.920000000e+02
9.060000000e+02
