4.915401871e-07
5.730821415e-07
5.006894394e-07
5.427759043e-07
5.772102012e-07
5.121529010e-07
4.913118440e-07
5.148647945e-07
4.835944465e-07
5.271217882e-07
5.280069371e-07
5.120518632e-07
5.259738054e-07
5.728256547e-07
5.462736653e-07
5.013264847e-07
4.998669253e-07
5.363123978e-07
5.168892635e-07
5.023976613e-07
5.552383669e-07
5.362471284e-07
4.996512768e-07
5.568479062e-07
5.635665422e-07
5.394838118e-07
5.439321108e-07
5.134012431e-07
5.309779920e-07
5.469840838e-07

8.012418335e-07
7.162649923e-07
7.859838448e-07
7.433535081e-07
7.390328737e-07
7.112164145e-07
6.568273272e-07
6.999721543e-07
7.504889501e-07
7.244104532e-07
7.112488696e-07
7.658570785e-07
7.828636483e-07
7.487728241e-07
6.952931570e-07
6.993862866e-07
7.499785315e-07
6.854305721e-07
7.419801762e-07
6.926530000e-07
8.165443332e-07
7.182015572e-07
8.002451079e-07
7.251495743e-07
7.183265072e-07
7.155885858e-07
7.253421489e-07
7.609948079e-07
7.058137852e-07
7.213120531e-07
