5.030000000e+02
4.480000000e+02
4.410000000e+02
4.820000000e+02
4.170000000e+02
4.790000000e+02
4.790000000e+02
4.430000000e+02
4.460000000e+02
4.480000000e+02
4.090000000e+02
4.970000000e+02
4.690000000e+02
4.660000000e+02
4.740000000e+02
4.670000000e+02
5.050000000e+02
5.230000000e+02
4.560000000e+02
4.510000000e+02
4.810000000e+02
4.910000000e+02
5.220000000e+02
4.720000000e+02
4.090000000e+02
5.600000000e+02
4.150000000e+02
4.880000000e+02
4.960000000e+02
4.320000000e+02

2.179000000e+03
2.790000000e+03
1.717000000e+03
2.123000000e+03
2.777000000e+03
1.266000000e+03
1.862000000e+03
2.297000000e+03
1.917000000e+03
2.720000000e+03
3.259000000e+03
2.626000000e+03
2.645000000e+03
4.338000000e+03
1.870000000e+03
2.907000000e+03
3.535000000e+03
2.290000000e+03
2.927000000e+03
4.173000000e+03
1.242000000e+03
2.183000000e+03
2.208000000e+03
2.135000000e+03
2.171000000e+03
4.236000000e+03
1.859000000e+03
3.402000000e+03
2.161000000e+03
3.829000000e+03
