1.246956278e-06
1.166552406e-06
1.189075817e-06
1.433762798e-06
1.239378322e-06
1.219509838e-06
1.200972053e-06
1.268846196e-06
1.107154901e-06
1.362745543e-06
1.375857586e-06
1.233323318e-06
1.236610580e-06
1.384797697e-06
1.340920974e-06
1.214983695e-06
1.190625636e-06
1.216568324e-06
1.362869096e-06
1.298819619e-06
1.205418156e-06
1.389526036e-06
1.233928507e-06
1.325231888e-06
1.305494104e-06
1.330994358e-06
1.347478932e-06
1.357437445e-06
1.241246463e-06
1.317635569e-06

1.034270662e-06
1.006403425e-06
1.020196385e-06
9.404581015e-07
1.061574827e-06
1.098667045e-06
1.107480609e-06
1.020299060e-06
1.009474440e-06
1.036260082e-06
1.132190245e-06
1.058981057e-06
1.094434554e-06
1.065324204e-06
1.145314503e-06
1.160226465e-06
1.153915972e-06
1.003369975e-06
9.677500901e-07
1.010701504e-06
1.157368942e-06
1.052808328e-06
1.050688490e-06
1.088840947e-06
1.106568474e-06
1.084435842e-06
1.033196212e-06
1.019648002e-06
9.926784884e-07
9.849281169e-07
