1.548970000e+05
1.568730000e+05
1.806780000e+05
1.714750000e+05
1.660590000e+05
1.665650000e+05
1.720090000e+05
1.613070000e+05
1.670080000e+05
1.584560000e+05
1.564220000e+05
1.418360000e+05
1.838110000e+05
1.516210000e+05
1.678540000e+05
1.603390000e+05
1.507950000e+05
2.062480000e+05
1.499190000e+05
1.663070000e+05
1.568290000e+05
1.673480000e+05
1.531980000e+05
1.627670000e+05
1.943510000e+05
1.465930000e+05
2.021910000e+05
1.958890000e+05
2.062720000e+05
1.593410000e+05

4.136630000e+05
2.734245000e+06
3.735230000e+05
5.404450000e+05
3.866420000e+05
4.256860000e+05
6.781790000e+05
2.999578800e+07
1.609912000e+06
3.747710000e+05
5.478060000e+05
3.968870000e+05
4.094550000e+05
4.250450000e+05
1.728916600e+07
5.118870000e+05
1.512113000e+06
3.341480000e+05
5.461593000e+06
6.938920000e+05
5.143640000e+05
3.288780000e+05
4.167960000e+05
1.424028000e+06
3.671220000e+05
4.463380000e+05
1.272155000e+06
5.341790000e+05
7.059220000e+05
6.496970000e+05
