1.710000000e+02
1.670000000e+02
2.300000000e+02
1.960000000e+02
1.640000000e+02
1.550000000e+02
1.740000000e+02
2.070000000e+02
1.360000000e+02
1.840000000e+02
1.790000000e+02
1.720000000e+02
1.650000000e+02
2.410000000e+02
1.540000000e+02
1.750000000e+02
1.680000000e+02
2.030000000e+02
2.090000000e+02
1.420000000e+02
1.430000000e+02
1.920000000e+02
1.860000000e+02
2.110000000e+02
1.580000000e+02
1.640000000e+02
2.000000000e+02
1.910000000e+02
1.950000000e+02
1.900000000e+02

6.100000000e+02
4.020000000e+02
4.780000000e+02
6.590000000e+02
5.070000000e+02
6.780000000e+02
4.050000000e+02
5.520000000e+02
4.370000000e+02
5.590000000e+02
3.920000000e+02
5.660000000e+02
6.740000000e+02
5.410000000e+02
6.090000000e+02
5.690000000e+02
4.380000000e+02
4.940000000e+02
4.880000000e+02
4.720000000e+02
5.460000000e+02
4.750000000e+02
4.810000000e+02
5.310000000e+02
4.280000000e+02
5.340000000e+02
4.250000000e+02
4.590000000e+02
4.860000000e+02
5.500000000e+02
