9.500000000e+03
9.830000000e+03
9.968000000e+03
9.920000000e+03
1.064100000e+04
1.190700000e+04
1.005093000e+06
1.062100000e+04
1.068000000e+04
1.023200000e+04
1.167800000e+04
1.052000000e+04
1.138700000e+04
1.069500000e+04
1.130200000e+04
1.018000000e+04
9.989000000e+03
1.027200000e+04
1.097700000e+04
1.024500000e+04
9.977000000e+03
1.005700000e+04
1.005600000e+04
1.052800000e+04
1.084800000e+04
1.038000000e+04
1.079000000e+04
1.123600000e+04
1.127700000e+04
1.101900000e+04

2.704400000e+04
1.900500000e+04
2.782100000e+04
2.644000000e+04
2.011000000e+04
1.807600000e+04
1.978900000e+04
2.174200000e+04
2.260200000e+04
2.633500000e+04
2.359800000e+04
2.275800000e+04
2.388900000e+04
1.824300000e+04
2.265400000e+04
2.707300000e+04
2.830300000e+04
2.614600000e+04
2.339000000e+04
3.113100000e+04
2.600100000e+04
1.620100000e+04
2.718100000e+04
2.186500000e+04
2.280300000e+04
1.999100000e+04
2.253000000e+04
2.520100000e+04
2.433000000e+04
2.642500000e+04
