4.700000000e+03
5.586000000e+03
5.640000000e+03
2.829000000e+03
2.836000000e+03
6.529000000e+03
8.374000000e+03
2.825000000e+03
3.766000000e+03
4.698000000e+03
1.024700000e+04
8.407000000e+03
5.636000000e+03
1.898000000e+03
4.675000000e+03
2.864000000e+03
3.764000000e+03
2.916000000e+03
3.752000000e+03
4.727000000e+03
2.932000000e+03
2.856000000e+03
2.842000000e+03
7.473000000e+03
2.850000000e+03
6.544000000e+03
1.119100000e+04
2.853000000e+03
1.026800000e+04
5.630000000e+03

2.772000000e+03
5.561000000e+03
6.480000000e+03
6.467000000e+03
2.785000000e+03
5.535000000e+03
3.691000000e+03
6.478000000e+03
5.538000000e+03
4.620000000e+03
3.700000000e+03
5.543000000e+03
3.697000000e+03
2.769000000e+03
3.696000000e+03
4.618000000e+03
1.868000000e+03
8.333000000e+03
1.863000000e+03
5.550000000e+03
3.702000000e+03
3.688000000e+03
5.548000000e+03
2.764000000e+03
4.635000000e+03
5.545000000e+03
3.697000000e+03
5.544000000e+03
4.624000000e+03
8.328000000e+03
