3.900000000e+01
5.000000000e+01
4.700000000e+01
2.900000000e+01
3.200000000e+01
3.100000000e+01
3.900000000e+01
6.000000000e+01
4.300000000e+01
3.200000000e+01
3.300000000e+01
4.200000000e+01
3.900000000e+01
4.100000000e+01
4.800000000e+01
4.000000000e+01
3.400000000e+01
3.600000000e+01
4.000000000e+01
4.000000000e+01
5.200000000e+01
4.800000000e+01
6.100000000e+01
4.100000000e+01
4.100000000e+01
4.400000000e+01
4.400000000e+01
4.200000000e+01
4.500000000e+01
4.200000000e+01

6.800000000e+01
7.000000000e+01
1.450000000e+02
7.700000000e+01
4.600000000e+01
7.000000000e+01
7.200000000e+01
1.160000000e+02
7.800000000e+01
8.400000000e+01
6.700000000e+01
4.300000000e+01
8.000000000e+01
9.500000000e+01
6.700000000e+01
7.400000000e+01
8.600000000e+01
7.300000000e+01
8.400000000e+01
7.300000000e+01
6.400000000e+01
1.040000000e+02
7.700000000e+01
2.060000000e+02
8.300000000e+01
4.500000000e+01
6.700000000e+01
7.300000000e+01
9.900000000e+01
8.000000000e+01
