3.060000000e+02
2.640000000e+02
2.180000000e+02
2.260000000e+02
2.970000000e+02
2.530000000e+02
3.170000000e+02
2.530000000e+02
2.940000000e+02
2.900000000e+02
2.480000000e+02
2.610000000e+02
2.420000000e+02
2.830000000e+02
2.570000000e+02
3.250000000e+02
2.420000000e+02
2.410000000e+02
2.960000000e+02
2.440000000e+02
2.710000000e+02
2.530000000e+02
2.670000000e+02
2.830000000e+02
2.530000000e+02
2.880000000e+02
2.740000000e+02
2.440000000e+02
2.810000000e+02
2.520000000e+02

6.380000000e+02
6.490000000e+02
6.490000000e+02
6.250000000e+02
6.480000000e+02
6.250000000e+02
6.540000000e+02
6.380000000e+02
6.280000000e+02
6.860000000e+02
6.290000000e+02
6.860000000e+02
6.490000000e+02
6.540000000e+02
6.870000000e+02
6.870000000e+02
6.540000000e+02
6.250000000e+02
6.400000000e+02
6.430000000e+02
6.380000000e+02
6.440000000e+02
6.330000000e+02
6.250000000e+02
6.320000000e+02
6.830000000e+02
6.250000000e+02
6.250000000e+02
6.250000000e+02
6.250000000e+02
