2.597597442e-06
2.511067469e-06
2.528598789e-06
2.372423536e-06
2.672473575e-06
2.397884708e-06
2.569114078e-06
2.591536690e-06
2.200135804e-06
2.408695595e-06
2.817934148e-06
2.595101078e-06
2.525919111e-06
2.529701822e-06
2.505740329e-06
2.316499161e-06
2.590793138e-06
2.345861007e-06
2.354938004e-06
2.307606076e-06
2.456268721e-06
2.572281500e-06
2.511504075e-06
2.562510412e-06
2.389497291e-06
2.406763661e-06
2.403182946e-06
2.451477509e-06
2.794167226e-06
2.493645211e-06

1.915799521e-06
2.068201165e-06
1.912553576e-06
1.764165501e-06
1.992757049e-06
1.889559747e-06
2.102940093e-06
1.917784469e-06
1.912227389e-06
1.860634626e-06
1.912561521e-06
1.964783265e-06
1.829281484e-06
2.005011169e-06
1.762389335e-06
1.831507989e-06
1.965922984e-06
1.953367508e-06
1.866719730e-06
1.827709390e-06
1.815428324e-06
1.959710376e-06
1.809570765e-06
1.926035479e-06
1.931893717e-06
2.019008720e-06
1.844718754e-06
2.096673432e-06
1.992191102e-06
1.991658727e-06
