Number of sample populations = 3. Total number of values in the input = 90
9.47279e-07 0 1
9.63516e-07 0 2
9.72356e-07 0 3
9.92608e-07 0 4
9.9454e-07 0 5
9.94861e-07 0 6
9.94886e-07 0 7
1.01116e-06 0 8
1.01191e-06 0 9
1.01746e-06 0 10
1.01966e-06 0 11
1.02016e-06 0 12
1.02822e-06 0 13
1.02861e-06 0 14
1.03167e-06 0 15
1.04093e-06 0 16
1.04606e-06 0 17
1.0468e-06 0 18
1.04965e-06 0 19
1.06121e-06 0 20
1.06202e-06 0 21
1.08275e-06 0 22
1.08926e-06 0 23
1.09416e-06 0 24
1.10703e-06 0 25
1.10907e-06 0 26
1.14916e-06 0 27
1.20226e-06 0 28
1.20481e-06 0 29
1.22483e-06 0 30
1.45945e-06 1 31
1.47845e-06 1 32
1.48123e-06 1 33
1.49497e-06 1 34
1.50829e-06 1 35
1.51101e-06 1 36
1.5161e-06 1 37
1.52347e-06 1 38
1.52522e-06 1 39
1.53397e-06 1 40
1.54111e-06 1 41
1.54137e-06 1 42
1.54514e-06 1 43
1.56663e-06 1 44
1.56814e-06 1 45
1.57886e-06 1 46
1.58898e-06 1 47
1.60323e-06 1 48
1.60519e-06 1 49
1.61456e-06 1 50
1.61557e-06 1 51
1.61981e-06 1 52
1.61999e-06 1 53
1.63526e-06 1 54
1.64338e-06 1 55
1.64342e-06 1 56
1.65181e-06 1 57
1.65285e-06 1 58
1.66994e-06 1 59
1.70662e-06 1 60
3.21173e-06 2 61
3.40502e-06 2 62
3.40542e-06 2 63
3.40939e-06 2 64
3.46564e-06 2 65
3.48628e-06 2 66
3.50466e-06 2 67
3.51537e-06 2 68
3.54177e-06 2 69
3.55274e-06 2 70
3.58581e-06 2 71
3.592e-06 2 72
3.59527e-06 2 73
3.61537e-06 2 74
3.62819e-06 2 75
3.6346e-06 2 76
3.63925e-06 2 77
3.64049e-06 2 78
3.68072e-06 2 79
3.68118e-06 2 80
3.70137e-06 2 81
3.70199e-06 2 82
3.70339e-06 2 83
3.72759e-06 2 84
3.72935e-06 2 85
3.7433e-06 2 86
3.74646e-06 2 87
3.74985e-06 2 88
3.77095e-06 2 89
3.79102e-06 2 90
Total number of ties =0
Number of samples = 30; sum = 465
Number of samples = 30; sum = 1365
Number of samples = 30; sum = 2265
Corrected T value =79.1209
p-value to accept the null hypothesis that all distribution functions are identical = 6.59355142e-18
