1.760500000e+04
2.405200000e+04
2.466100000e+04
3.015000000e+04
2.307800000e+04
2.715700000e+04
2.022100000e+04
2.152100000e+04
2.052800000e+04
2.403700000e+04
2.638800000e+04
2.173100000e+04
2.120400000e+04
2.247100000e+04
2.692800000e+04
2.886400000e+04
2.773900000e+04
3.882800000e+04
3.090400000e+04
3.798600000e+04
2.163900000e+04
2.839900000e+04
2.806500000e+04
3.079100000e+04
2.220200000e+04
3.571500000e+04
1.929200000e+04
2.853100000e+04
2.460000000e+04
2.980500000e+04

5.810600000e+04
6.034991000e+06
5.214800000e+04
2.033424000e+06
5.893900000e+04
6.533100000e+04
8.010926000e+06
5.294600000e+04
4.892100000e+04
4.701100000e+04
5.449900000e+04
2.043312000e+06
5.873900000e+04
7.030467000e+06
5.767600000e+04
4.615500000e+04
1.028400000e+05
5.630600000e+04
5.120300000e+04
7.321200000e+04
4.883900000e+04
3.847500000e+04
5.319700000e+04
4.099100000e+04
4.957100000e+04
6.166300000e+04
1.037605000e+06
6.004000000e+04
6.451500000e+04
7.421300000e+04
