1.835300000e+04
2.480000000e+04
2.540900000e+04
3.089800000e+04
2.382600000e+04
2.790500000e+04
2.096900000e+04
2.226900000e+04
2.127600000e+04
2.478500000e+04
2.713600000e+04
2.247900000e+04
2.195200000e+04
2.321900000e+04
2.767600000e+04
2.961200000e+04
2.848700000e+04
3.957600000e+04
3.165200000e+04
3.873400000e+04
2.238700000e+04
2.914700000e+04
2.881300000e+04
3.153900000e+04
2.295000000e+04
3.646300000e+04
2.004000000e+04
2.927900000e+04
2.534800000e+04
3.055300000e+04

1.920000000e+04
1.807800000e+04
2.327500000e+04
2.181500000e+04
1.914300000e+04
2.213600000e+04
3.120500000e+04
2.133800000e+04
2.182200000e+04
2.356500000e+04
2.197700000e+04
2.468600000e+04
2.166000000e+04
2.527400000e+04
2.251300000e+04
2.525600000e+04
1.977500000e+04
2.200000000e+04
2.549600000e+04
2.012100000e+04
2.120300000e+04
2.117900000e+04
2.750900000e+04
2.380100000e+04
2.362600000e+04
1.965900000e+04
2.428600000e+04
2.259900000e+04
2.669900000e+04
2.688400000e+04
