4.366700000e+04
3.188600000e+04
3.985500000e+04
3.662400000e+04
3.723400000e+04
4.025600000e+04
3.033300000e+04
4.085800000e+04
3.239900000e+04
4.312000000e+04
3.587000000e+04
3.963700000e+04
3.749600000e+04
4.103000000e+04
4.371800000e+04
4.245700000e+04
4.354500000e+04
4.123900000e+04
4.187300000e+04
3.566200000e+04
3.536200000e+04
2.738800000e+04
4.844800000e+04
3.768700000e+04
4.740900000e+04
4.245700000e+04
4.415700000e+04
4.845200000e+04
4.115700000e+04
4.134600000e+04

1.964930000e+05
2.451010000e+05
1.189183000e+06
1.951420000e+05
1.454580000e+05
1.627250000e+05
1.255240000e+05
1.616300000e+05
1.858410000e+05
1.875960000e+05
1.341350000e+05
1.382750000e+05
1.691720000e+05
1.409550000e+05
1.176890000e+05
3.330330000e+05
1.858180000e+05
1.660090000e+05
1.528560000e+05
1.695220000e+05
1.096111000e+06
2.031110000e+05
1.049320000e+05
1.445850000e+05
1.953460000e+05
1.261520000e+05
1.022210000e+05
1.616430000e+05
2.290250000e+05
1.496230000e+05
