2.187348080e-05
2.267477513e-05
2.513096321e-05
2.428078047e-05
2.312535739e-05
2.562715621e-05
2.593941190e-05
2.352948114e-05
2.420532474e-05
2.384285644e-05
2.393452265e-05
2.532380246e-05
2.418398851e-05
2.063436136e-05
2.941191474e-05
2.389821051e-05
2.361389559e-05
2.626754563e-05
2.402541011e-05
2.739942278e-05
2.602350004e-05
2.444492074e-05
2.460861160e-05
2.504556589e-05
2.443059238e-05
2.335686155e-05
2.195834475e-05
2.403744478e-05
2.454714324e-05
2.292467296e-05

1.040506158e-04
1.182946782e-04
1.029995200e-04
1.000461861e-04
1.200912845e-04
1.171704549e-04
1.168078184e-04
1.113253162e-04
1.107868935e-04
1.057314819e-04
9.082526015e-05
9.582281344e-05
9.934202082e-05
9.215453539e-05
8.278021327e-05
1.240064949e-04
1.081490081e-04
1.056901963e-04
8.906428551e-05
1.058861257e-04
1.093971682e-04
1.118407354e-04
9.669923356e-05
1.005950041e-04
9.602502465e-05
1.100440236e-04
1.158154629e-04
8.248001936e-05
1.030086349e-04
1.155052942e-04
