1.646400000e+04
1.747900000e+04
1.986500000e+04
1.961900000e+04
1.826700000e+04
2.039300000e+04
1.825800000e+04
1.838500000e+04
1.866300000e+04
1.865500000e+04
1.841000000e+04
1.891200000e+04
1.609900000e+04
1.660500000e+04
1.916400000e+04
1.725300000e+04
1.741100000e+04
1.728400000e+04
1.747500000e+04
1.860300000e+04
1.817000000e+04
1.801600000e+04
1.872600000e+04
1.859500000e+04
1.843900000e+04
1.770400000e+04
2.114300000e+04
1.565000000e+04
1.737200000e+04
1.652600000e+04

2.892200000e+04
3.075800000e+04
2.989300000e+04
2.895400000e+04
3.065200000e+04
2.946300000e+04
2.437200000e+04
3.333800000e+04
3.099400000e+04
3.562000000e+04
3.511700000e+04
3.173000000e+04
2.969800000e+04
2.950700000e+04
2.925300000e+04
3.077700000e+04
2.773300000e+04
3.395300000e+04
3.127500000e+04
2.903600000e+04
3.582500000e+04
3.259700000e+04
2.886100000e+04
3.045800000e+04
2.901000000e+04
3.437300000e+04
2.786700000e+04
3.399000000e+04
3.215700000e+04
2.740300000e+04
