3.628200000e+04
4.190700000e+04
4.089100000e+04
4.132600000e+04
4.171100000e+04
3.997100000e+04
3.944400000e+04
4.538700000e+04
4.650100000e+04
3.567800000e+04
3.786100000e+04
3.856900000e+04
4.572900000e+04
3.888200000e+04
4.661000000e+04
3.673300000e+04
4.430600000e+04
4.521900000e+04
4.106300000e+04
3.987900000e+04
4.517200000e+04
3.680500000e+04
4.362900000e+04
3.684200000e+04
3.730600000e+04
4.317000000e+04
4.187900000e+04
4.485700000e+04
4.035300000e+04
4.081000000e+04

1.069571000e+06
7.005700000e+04
1.061036000e+06
1.062600000e+06
6.341200000e+04
6.044800000e+04
3.040433000e+06
6.180100000e+04
6.198600000e+04
6.798700000e+04
1.049338000e+06
1.055973000e+06
1.065569000e+06
5.381300000e+04
7.240200000e+04
6.541100000e+04
5.550100000e+04
5.970000000e+04
6.253100000e+04
1.048674000e+06
1.069735000e+06
7.330900000e+04
6.285200000e+04
5.233000000e+04
6.176100000e+04
6.826900000e+04
1.049325000e+06
1.054714000e+06
5.698000000e+04
7.148300000e+04
