5.013335000e+06
5.752972000e+06
5.047622000e+06
4.948103000e+06
5.231109000e+06
4.930334000e+06
5.180611000e+06
5.103415000e+06
4.984680000e+06
4.977490000e+06
5.126725000e+06
5.151584000e+06
5.078330000e+06
5.549613000e+06
5.128187000e+06
4.827864000e+06
5.179923000e+06
5.050336000e+06
5.192359000e+06
5.091850000e+06
5.403733000e+06
4.459343000e+06
4.688096000e+06
5.282219000e+06
5.337638000e+06
4.923501000e+06
4.388715000e+06
4.682494000e+06
5.156518000e+06
5.256380000e+06

3.229528600e+07
2.899833800e+07
2.373281800e+07
2.436757600e+07
1.979733500e+07
2.229322200e+07
2.640881100e+07
2.851512800e+07
2.524370900e+07
2.652355400e+07
2.294376300e+07
2.649317800e+07
3.038456700e+07
2.493197900e+07
2.087301300e+07
3.251457000e+07
2.328606900e+07
2.462215300e+07
2.400488000e+07
2.371335000e+07
2.633718100e+07
2.688454600e+07
2.333495700e+07
2.599343900e+07
2.750232700e+07
2.425816100e+07
2.236279400e+07
3.100359600e+07
2.999364600e+07
1.842893800e+07
