4.786211000e+06
5.435669000e+06
2.618520200e+07
4.639861000e+06
4.663836000e+06
4.829180000e+06
4.746665000e+06
3.138293800e+07
5.110861000e+06
4.449525000e+06
4.596731000e+06
1.674536900e+07
6.970295400e+07
3.622714800e+07
4.830312000e+06
3.274400200e+07
4.676491000e+06
4.386753000e+06
4.278259000e+06
4.764878000e+06
5.228925000e+06
2.791280800e+07
4.607196000e+06
4.559304000e+06
4.611507000e+06
4.715242000e+06
3.770336900e+07
4.795523000e+06
1.633189200e+07
5.040935000e+06

2.914859300e+07
1.445585600e+07
1.809039100e+07
2.181530300e+07
1.873063300e+07
2.174317600e+07
1.630809500e+07
1.879760900e+07
3.305472900e+07
2.197295800e+07
1.633174800e+07
1.982765400e+07
3.391781200e+07
3.063828400e+07
1.543767100e+07
1.631156600e+07
1.524809700e+07
1.840668800e+07
8.618679000e+06
7.592584000e+06
3.506264700e+07
1.445894300e+07
8.856195000e+06
2.948774300e+07
2.536089000e+07
2.077963900e+07
1.985133800e+07
3.993582900e+07
3.042361300e+07
3.787551300e+07
