3.188881202e-06
3.160505662e-06
3.008814796e-06
2.646384419e-06
2.778787121e-06
3.086372243e-06
3.059572030e-06
3.009177470e-06
2.371484455e-06
2.967712441e-06
2.894055270e-06
2.191982678e-06
2.557793091e-06
2.593501039e-06
2.609630644e-06
2.686560307e-06
3.143456617e-06
2.459507720e-06
2.629184157e-06
2.798506742e-06
2.945541326e-06
2.827326274e-06
3.124618313e-06
2.980771989e-06
2.874631896e-06
2.695302055e-06
3.167577112e-06
2.875790497e-06
2.654704810e-06
2.337734469e-06

7.673112886e-07
7.440508727e-07
5.781484837e-07
7.056425678e-07
6.909482512e-07
6.779731344e-07
9.005224129e-07
5.803274436e-07
8.772655898e-07
5.928114232e-07
5.880956195e-07
9.743357522e-07
5.809032514e-07
8.507397880e-07
7.050440854e-07
1.112337291e-06
1.026923005e-06
7.303843395e-07
7.897857970e-07
6.469341634e-07
8.906959157e-07
1.038761995e-06
5.816636898e-07
8.363158503e-07
6.687085928e-07
1.094363816e-06
5.377804203e-07
6.944440960e-07
8.105840198e-07
6.055002727e-07
