5.123381144e-05
3.631193882e-05
3.740702766e-05
5.828879956e-05
4.223151777e-05
4.966688151e-05
5.025959190e-05
4.445071930e-05
4.640317432e-05
4.240191281e-05
5.037366955e-05
4.180100726e-05
4.448804390e-05
4.209971922e-05
5.527878859e-05
4.573687674e-05
4.310781450e-05
4.615137748e-05
4.243052599e-05
4.090295626e-05
5.566099947e-05
3.526101037e-05
4.306445721e-05
4.829051598e-05
3.624884427e-05
4.092972662e-05
4.208188922e-05
4.873223706e-05
4.938175577e-05
4.804158401e-05

1.456733967e-04
1.514498284e-04
1.406302002e-04
1.339769233e-04
1.418066933e-04
1.528988389e-04
1.489205977e-04
1.716433660e-04
1.393785005e-04
1.506107014e-04
1.283554417e-04
1.307725168e-04
1.507933093e-04
1.390327359e-04
1.322301405e-04
1.264881712e-04
1.020694688e-04
1.494882050e-04
1.382647811e-04
1.411077589e-04
1.575598309e-04
1.373667388e-04
1.603375128e-04
1.478915750e-04
1.241831954e-04
1.339570295e-04
1.423525730e-04
1.335272691e-04
1.655724793e-04
1.195092609e-04
