3.750000000e+02
3.350000000e+02
2.570000000e+02
3.340000000e+02
2.930000000e+02
4.160000000e+02
2.940000000e+02
2.900000000e+02
2.530000000e+02
3.960000000e+02
3.530000000e+02
2.400000000e+02
2.860000000e+02
3.180000000e+02
3.130000000e+02
2.820000000e+02
2.800000000e+02
3.300000000e+02
3.080000000e+02
3.280000000e+02
3.040000000e+02
3.390000000e+02
3.310000000e+02
3.520000000e+02
2.850000000e+02
2.820000000e+02
3.460000000e+02
3.570000000e+02
2.480000000e+02
2.490000000e+02

1.397000000e+03
1.406000000e+03
1.076000000e+03
1.061000000e+03
7.590000000e+02
7.670000000e+02
1.057000000e+03
1.138000000e+03
9.060000000e+02
7.960000000e+02
8.440000000e+02
8.180000000e+02
1.355000000e+03
8.390000000e+02
7.780000000e+02
1.561000000e+03
9.360000000e+02
8.800000000e+02
7.430000000e+02
8.670000000e+02
9.160000000e+02
8.530000000e+02
8.880000000e+02
9.010000000e+02
1.092000000e+03
6.980000000e+02
7.100000000e+02
1.181000000e+03
1.345000000e+03
6.910000000e+02
