4.130000000e+02
3.220000000e+02
3.210000000e+02
3.890000000e+02
3.110000000e+02
3.250000000e+02
3.370000000e+02
3.780000000e+02
3.140000000e+02
3.450000000e+02
3.490000000e+02
3.340000000e+02
3.200000000e+02
3.600000000e+02
3.450000000e+02
3.760000000e+02
3.370000000e+02
3.120000000e+02
3.440000000e+02
3.700000000e+02
3.710000000e+02
3.220000000e+02
3.330000000e+02
3.570000000e+02
3.320000000e+02
2.970000000e+02
4.100000000e+02
3.520000000e+02
3.300000000e+02
3.110000000e+02

4.460000000e+02
4.340000000e+02
3.360000000e+02
3.380000000e+02
3.130000000e+02
3.300000000e+02
3.570000000e+02
3.370000000e+02
3.800000000e+02
3.320000000e+02
3.940000000e+02
4.350000000e+02
3.680000000e+02
3.880000000e+02
3.070000000e+02
3.900000000e+02
3.060000000e+02
3.590000000e+02
3.990000000e+02
3.200000000e+02
3.860000000e+02
3.880000000e+02
3.910000000e+02
3.970000000e+02
3.310000000e+02
3.310000000e+02
3.340000000e+02
3.910000000e+02
3.480000000e+02
4.290000000e+02
