3.732278076e-05
3.949527208e-05
4.216985520e-05
3.684052643e-05
3.131368509e-05
3.207751311e-05
3.150583544e-05
3.234375919e-05
3.461209106e-05
3.385148966e-05
3.467852548e-05
3.322208626e-05
3.784104136e-05
4.048485832e-05
3.633273433e-05
4.217911367e-05
3.638771962e-05
4.190443031e-05
3.334232686e-05
2.901098221e-05
4.030916971e-05
3.568557158e-05
3.328044205e-05
3.909348079e-05
3.373029162e-05
3.545012152e-05
3.581624929e-05
3.465273110e-05
3.512592535e-05
4.346432133e-05

5.874513543e-05
7.324497095e-05
9.154652490e-05
7.294646051e-05
4.326083187e-05
8.346902691e-05
8.524126785e-05
6.832704513e-05
5.982119998e-05
4.447727971e-05
7.079711862e-05
7.501882833e-05
5.098708762e-05
4.779683675e-05
5.828096240e-05
5.724139398e-05
5.842990233e-05
6.042421902e-05
5.530960657e-05
4.496511555e-05
6.076999480e-05
6.409922209e-05
7.573229038e-05
6.529627426e-05
5.522627324e-05
6.887570258e-05
6.208119093e-05
7.745291736e-05
6.716007364e-05
7.483994951e-05
