2.141757603e-05
2.268196111e-05
1.582188753e-05
1.770985794e-05
1.772356663e-05
2.120490247e-05
1.805866158e-05
1.833408003e-05
1.575056908e-05
2.353240541e-05
1.793986901e-05
1.647477015e-05
1.922456764e-05
1.795715765e-05
1.679356812e-05
1.681960326e-05
1.763248887e-05
1.956833836e-05
1.893808909e-05
2.043282468e-05
2.189233124e-05
1.798914477e-05
2.019699254e-05
2.079287182e-05
1.514866417e-05
1.537810314e-05
2.012172036e-05
1.880196551e-05
1.619150736e-05
1.534519467e-05

1.608042869e-04
1.661058213e-04
1.524533233e-04
1.655916310e-04
1.482535882e-04
1.691238911e-04
1.604594406e-04
1.529221209e-04
1.644731316e-04
1.662429544e-04
1.625014260e-04
1.565034865e-04
1.460811326e-04
1.588366489e-04
1.534996600e-04
1.579572612e-04
1.604688233e-04
1.519826072e-04
1.705902861e-04
1.656406629e-04
1.484579203e-04
1.401180963e-04
1.470538876e-04
1.488786253e-04
1.510206718e-04
1.560809648e-04
1.633814852e-04
1.466003015e-04
1.586766885e-04
1.493457492e-04
