4.980654101e-07
4.663966594e-07
6.075041829e-07
3.990537726e-07
4.245545854e-07
4.095095306e-07
5.791038121e-07
5.121625617e-07
4.890660978e-07
4.469519682e-07
4.626850862e-07
4.528110841e-07
6.352250334e-07
4.719834402e-07
3.884519868e-07
3.833921116e-07
4.111701677e-07
5.355154325e-07
4.726234795e-07
5.353760315e-07
4.792046306e-07
4.611758263e-07
4.362839549e-07
4.918612247e-07
5.412866443e-07
4.234590177e-07
4.008434315e-07
3.986243918e-07
4.463391545e-07
4.649430081e-07

4.608161859e-07
4.969206608e-07
7.875464380e-07
6.442521701e-07
7.852553824e-07
4.819091788e-07
7.366961096e-07
5.359366297e-07
6.814221130e-07
6.974030551e-07
7.430243268e-07
5.765767887e-07
5.397079234e-07
6.732417220e-07
5.532250755e-07
1.135219743e-06
5.405022539e-07
6.694247198e-07
5.821152662e-07
6.093079735e-07
9.061055610e-07
6.078322864e-07
8.430627498e-07
5.703482121e-07
8.775727352e-07
7.651856220e-07
4.808460661e-07
6.116393884e-07
9.786412968e-07
7.425610938e-07

1.077295529e-06
6.514423426e-07
9.744666503e-07
6.085199903e-07
1.161462391e-06
9.039118705e-07
6.021558050e-07
1.464861369e-06
1.705075421e-06
1.623286760e-06
1.020905167e-06
5.114752570e-07
5.294478538e-07
1.167079871e-06
1.336960459e-06
1.008609570e-06
8.439597548e-07
1.847546136e-06
1.152958767e-06
1.217475389e-06
6.491615864e-07
1.184358895e-06
7.266688143e-07
5.343430984e-07
1.084767019e-06
9.786591012e-07
1.034869384e-06
6.827277404e-07
9.923924607e-07
9.802758660e-07
