5.304404676e-07
4.917047378e-07
5.385286032e-07
5.003885615e-07
5.351502433e-07
4.816323327e-07
5.250583971e-07
5.377709992e-07
5.718934002e-07
4.755866302e-07
4.575445724e-07
5.200047894e-07
5.028660440e-07
5.206798386e-07
5.099846397e-07
5.356139554e-07
4.958668095e-07
5.155418797e-07
5.119774920e-07
5.487807287e-07
4.898316858e-07
4.818918534e-07
5.002653680e-07
5.058386958e-07
4.997281629e-07
4.807053077e-07
5.256688955e-07
4.955971890e-07
4.951997044e-07
5.181916175e-07

3.845549847e-07
4.159879672e-07
4.213817343e-07
3.756348339e-07
3.453324291e-07
4.041446657e-07
3.396646903e-07
4.363279070e-07
3.630286190e-07
3.711748783e-07
3.520297478e-07
4.649693554e-07
3.609830721e-07
4.471235449e-07
4.275769377e-07
3.596647501e-07
4.121512445e-07
3.370011800e-07
2.922106858e-07
4.483043421e-07
4.003632723e-07
4.042013922e-07
3.315562752e-07
3.942341766e-07
3.428997769e-07
3.907358168e-07
3.856372191e-07
4.045249049e-07
4.938740371e-07
4.180258095e-07
