2.620400000e+04
1.816500000e+04
2.698100000e+04
2.560000000e+04
1.927000000e+04
1.723600000e+04
1.894900000e+04
2.090200000e+04
2.176200000e+04
2.549500000e+04
2.275800000e+04
2.191800000e+04
2.304900000e+04
1.740300000e+04
2.181400000e+04
2.623300000e+04
2.746300000e+04
2.530600000e+04
2.255000000e+04
3.029100000e+04
2.516100000e+04
1.536100000e+04
2.634100000e+04
2.102500000e+04
2.196300000e+04
1.915100000e+04
2.169000000e+04
2.436100000e+04
2.349000000e+04
2.558500000e+04

9.986802000e+06
5.018299000e+06
7.997141000e+06
4.021036000e+06
7.002571000e+06
5.010664000e+06
2.035782000e+06
4.020310000e+06
6.017425000e+06
6.015058000e+06
7.010475000e+06
8.000035000e+06
1.298569800e+07
8.992982000e+06
1.038347000e+06
1.596033200e+07
5.014880000e+06
8.997703000e+06
1.397913700e+07
6.011069000e+06
9.004421000e+06
3.030974000e+06
1.297258200e+07
1.495970300e+07
9.988677000e+06
1.993487100e+07
1.496733000e+07
6.014753000e+06
6.016698000e+06
1.297057200e+07
