9.042220000e+05
8.475630000e+05
9.832900000e+05
7.996820000e+05
9.685470000e+05
8.575750000e+05
8.921870000e+05
8.530660000e+05
8.895290000e+05
8.864380000e+05
8.800820000e+05
8.899450000e+05
8.446200000e+05
9.946170000e+05
9.036290000e+05
7.894390000e+05
8.871610000e+05
8.215990000e+05
8.414670000e+05
7.456260000e+05
9.342580000e+05
9.607200000e+05
8.573590000e+05
9.336620000e+05
8.500090000e+05
8.953770000e+05
8.612530000e+05
8.962020000e+05
9.584110000e+05
8.584040000e+05

2.087539000e+06
1.739786000e+06
1.760312000e+06
6.395293000e+06
2.251870000e+06
1.567807000e+06
4.697886000e+06
2.643676000e+06
1.068602500e+07
8.777989000e+06
1.618692000e+06
5.554616000e+06
6.786774000e+06
4.643597000e+06
1.546782000e+06
1.364381200e+07
5.674013000e+06
6.523936000e+06
1.605174000e+06
2.294031000e+06
8.164115000e+06
1.596722000e+06
8.800748000e+06
1.628881000e+06
6.505521000e+06
3.858171000e+06
2.423752000e+06
2.465312000e+06
3.777521000e+06
2.577985000e+06
