4.441600000e+04
2.828800000e+04
3.097600000e+04
4.646400000e+04
4.748800000e+04
4.838400000e+04
3.187200000e+04
3.008000000e+04
5.030400000e+04
4.953600000e+04
3.264000000e+04
3.328000000e+04
4.569600000e+04
4.851200000e+04
4.646400000e+04
3.020800000e+04
4.723200000e+04
3.404800000e+04
4.902400000e+04
3.084800000e+04
4.851200000e+04
2.982400000e+04
4.620800000e+04
3.212800000e+04
4.953600000e+04
3.059200000e+04
1.472000000e+04
4.300800000e+04
4.518400000e+04
3.033600000e+04

1.792000000e+03
4.352000000e+03
5.120000000e+03
5.632000000e+03
1.536000000e+03
4.352000000e+03
2.560000000e+03
5.376000000e+03
4.608000000e+03
3.328000000e+03
2.432000000e+03
4.608000000e+03
2.560000000e+03
1.280000000e+03
2.688000000e+03
3.584000000e+03
7.680000000e+02
7.296000000e+03
6.400000000e+02
4.096000000e+03
2.304000000e+03
2.560000000e+03
4.224000000e+03
1.408000000e+03
3.200000000e+03
4.224000000e+03
2.560000000e+03
4.608000000e+03
3.328000000e+03
6.784000000e+03
