2.923279000e+06
2.423767000e+06
2.645921000e+06
2.725796000e+06
2.600037000e+06
2.539355000e+06
2.709030000e+06
2.817059000e+06
2.635308000e+06
2.632494000e+06
2.874221000e+06
2.622747000e+06
2.622156000e+06
2.635884000e+06
2.736351000e+06
2.707644000e+06
2.687190000e+06
2.828523000e+06
2.526107000e+06
2.593587000e+06
2.863326000e+06
2.660776000e+06
2.812435000e+06
2.728820000e+06
2.706666000e+06
2.668180000e+06
2.681567000e+06
2.859314000e+06
2.664152000e+06
2.463983000e+06

1.912916000e+06
8.962812000e+06
1.246972900e+07
7.823310000e+06
2.273132000e+06
3.035196000e+06
5.952372000e+06
2.371809000e+06
1.048532200e+07
2.113686000e+06
2.553343300e+07
2.107203000e+06
2.209294000e+06
3.151855000e+06
8.945718000e+06
2.359383000e+06
2.097175000e+06
2.095144000e+06
6.876205000e+06
2.174645000e+06
2.019871000e+06
2.167330000e+06
4.039342000e+06
7.646022000e+06
2.107798000e+06
9.678040000e+06
3.345081000e+06
2.241369000e+06
2.470991000e+06
1.711744500e+07
