8.543989000e+06
1.205821200e+07
1.265314800e+07
8.453345000e+06
7.695524000e+06
1.505462600e+07
8.701213000e+06
1.175967600e+07
8.876767000e+06
1.198615200e+07
1.011761110e+08
7.810236000e+06
8.173844000e+06
7.242502000e+06
2.675938900e+07
8.249917000e+06
1.163132200e+07
8.959763000e+06
7.811458000e+06
8.527798000e+06
1.242695400e+07
1.139766900e+07
8.262956000e+06
2.800094300e+07
6.758208400e+07
1.242587000e+07
1.842649200e+07
7.584347000e+06
8.623725000e+06
1.856518400e+07

4.341175800e+07
4.486914800e+07
4.690579500e+07
4.704043100e+07
5.593791400e+07
6.036280300e+07
4.258793900e+07
4.547041800e+07
4.036193000e+07
4.629938200e+07
3.155815200e+07
5.273688300e+07
5.757468500e+07
4.854877800e+07
3.936624000e+07
3.998094800e+07
4.011570800e+07
4.240918000e+07
3.725060300e+07
4.933418900e+07
4.726356400e+07
4.859050200e+07
4.332507200e+07
4.831368900e+07
4.858201600e+07
3.768818100e+07
4.610157200e+07
4.846166800e+07
4.568158300e+07
3.557997900e+07
