1.216464000e+07
1.912142600e+07
2.809377800e+07
2.089577000e+07
2.088611200e+07
2.429862900e+07
2.030307700e+07
1.844420700e+07
1.621180100e+07
3.392908000e+07
2.280103700e+07
2.127424600e+07
1.971899300e+07
1.301736100e+07
1.957449600e+07
2.672213100e+07
2.466124100e+07
2.070792700e+07
1.815950900e+07
2.597824200e+07
3.775451600e+07
6.838523600e+07
1.642345100e+07
3.028882200e+07
1.761739600e+07
1.642174000e+07
1.937296000e+07
2.565553900e+07
2.879692600e+07
1.719349000e+07

3.483129400e+07
2.481386600e+07
3.782832300e+07
2.692856500e+07
3.899380400e+07
2.430261000e+07
2.828311800e+07
2.511613200e+07
3.848792300e+07
2.678863600e+07
2.727214800e+07
2.169139200e+07
2.719216700e+07
5.599889900e+07
2.844343000e+07
2.807083400e+07
2.837923800e+07
2.855509600e+07
2.674285700e+07
3.899958700e+07
2.651916400e+07
3.891676400e+07
2.575840100e+07
2.708735800e+07
2.395736500e+07
2.390261000e+07
3.032584100e+07
2.745619300e+07
2.753752900e+07
2.907700700e+07
