1.760000000e+02
1.700000000e+02
1.450000000e+02
1.290000000e+02
1.320000000e+02
1.660000000e+02
1.750000000e+02
1.700000000e+02
1.290000000e+02
1.520000000e+02
1.430000000e+02
1.900000000e+02
1.790000000e+02
1.350000000e+02
1.630000000e+02
1.330000000e+02
1.550000000e+02
1.860000000e+02
1.450000000e+02
1.260000000e+02
1.340000000e+02
1.400000000e+02
1.340000000e+02
1.640000000e+02
2.080000000e+02
1.530000000e+02
1.520000000e+02
1.620000000e+02
1.870000000e+02
2.040000000e+02

6.700000000e+01
6.600000000e+01
6.400000000e+01
6.100000000e+01
6.800000000e+01
7.200000000e+01
7.000000000e+01
6.800000000e+01
6.600000000e+01
6.300000000e+01
6.500000000e+01
7.100000000e+01
6.600000000e+01
6.400000000e+01
6.700000000e+01
6.500000000e+01
6.600000000e+01
6.600000000e+01
6.600000000e+01
6.700000000e+01
6.800000000e+01
6.300000000e+01
6.600000000e+01
6.800000000e+01
6.600000000e+01
6.900000000e+01
6.500000000e+01
6.900000000e+01
6.600000000e+01
6.900000000e+01
