3.824000000e+03
4.242000000e+03
3.723000000e+03
3.183000000e+03
5.604000000e+03
3.022000000e+03
5.549000000e+03
3.369000000e+03
3.213000000e+03
4.599000000e+03
5.005000000e+03
3.856000000e+03
3.987000000e+03
2.752000000e+03
4.027000000e+03
3.365000000e+03
4.303000000e+03
6.106000000e+03
5.747000000e+03
3.539000000e+03
7.093000000e+03
4.718000000e+03
3.778000000e+03
3.679000000e+03
4.248000000e+03
4.505000000e+03
4.851000000e+03
5.551000000e+03
5.817000000e+03
3.758000000e+03

4.002638000e+06
4.002556000e+06
1.227900000e+04
2.004592000e+06
6.000294000e+06
6.002038000e+06
6.995697000e+06
5.993972000e+06
4.997200000e+06
3.004702000e+06
3.004433000e+06
5.000228000e+06
1.428100000e+04
1.412900000e+04
4.005940000e+06
2.004000000e+06
1.013000000e+04
1.009706000e+06
1.013087000e+06
3.999591000e+06
3.001420000e+06
1.312900000e+04
1.007556000e+06
3.999604000e+06
1.011209000e+06
2.005680000e+06
6.997319000e+06
1.007628000e+06
4.000408000e+06
1.009112000e+06
