6.410500000e+04
6.620500000e+04
5.856600000e+04
6.470300000e+04
6.260100000e+04
5.824000000e+04
6.275600000e+04
6.554000000e+04
5.937200000e+04
6.197300000e+04
6.058500000e+04
6.005000000e+04
5.864800000e+04
6.232800000e+04
6.332600000e+04
6.645600000e+04
6.023700000e+04
6.199400000e+04
6.494500000e+04
6.445800000e+04
6.066700000e+04
6.225100000e+04
6.034900000e+04
6.050300000e+04
6.692500000e+04
5.968800000e+04
6.656600000e+04
5.843000000e+04
6.198000000e+04
6.310700000e+04

7.913300000e+04
9.313900000e+04
7.590100000e+04
8.400700000e+04
2.065860000e+06
7.530500000e+04
1.087148000e+06
9.688300000e+04
9.690900000e+04
2.081103000e+06
9.378600000e+04
8.437700000e+04
8.829200000e+04
7.805600000e+04
8.523200000e+04
8.458300000e+04
8.033400000e+04
8.997900000e+04
9.872400000e+04
4.052956000e+06
8.691100000e+04
7.371500000e+04
1.016850000e+05
7.299500000e+04
9.139900000e+04
8.448400000e+04
7.712200000e+04
8.203200000e+04
9.369900000e+04
7.391500000e+04
