1.499648000e+06
1.734528000e+06
1.868160000e+06
2.195712000e+06
1.870464000e+06
1.645440000e+06
2.179968000e+06
1.948160000e+06
1.781120000e+06
2.038016000e+06
1.768448000e+06
1.689344000e+06
1.972224000e+06
1.569280000e+06
2.353152000e+06
1.762944000e+06
2.011136000e+06
1.405440000e+06
1.858944000e+06
2.399872000e+06
1.983232000e+06
1.807360000e+06
1.723008000e+06
1.725440000e+06
1.763712000e+06
1.965056000e+06
1.717376000e+06
1.870976000e+06
1.710976000e+06
1.548416000e+06

1.904524800e+07
1.518579200e+07
1.460211200e+07
1.304806400e+07
1.744857600e+07
1.486860800e+07
1.561152000e+07
1.588416000e+07
1.237606400e+07
1.689036800e+07
1.702016000e+07
1.373094400e+07
1.481331200e+07
1.464422400e+07
1.544473600e+07
1.626585600e+07
1.194137600e+07
1.488921600e+07
1.299558400e+07
1.611315200e+07
1.781068800e+07
1.545971200e+07
1.288908800e+07
1.261760000e+07
1.227340800e+07
1.519411200e+07
1.688192000e+07
1.203046400e+07
1.227148800e+07
1.358617600e+07
