1.373110966e-05
1.404585721e-05
1.654003436e-05
1.247924624e-05
1.508548220e-05
1.413756846e-05
1.293817014e-05
1.312477662e-05
1.364470520e-05
1.417689536e-05
1.455401303e-05
1.354825196e-05
1.383578201e-05
1.604425290e-05
1.326729791e-05
1.259033284e-05
1.319429068e-05
1.402745228e-05
1.266534051e-05
1.125483797e-05
1.352146620e-05
1.563177591e-05
1.321288192e-05
1.433306694e-05
1.204901985e-05
1.385511401e-05
1.375830261e-05
1.520816415e-05
1.566008829e-05
1.368497222e-05

1.952296587e-05
2.178213794e-05
1.869868346e-05
1.495621403e-05
1.702746409e-05
1.724496687e-05
1.875845394e-05
2.259142272e-05
1.483759626e-05
2.182337730e-05
1.683856504e-05
2.013422549e-05
2.126950412e-05
2.273454916e-05
1.971853094e-05
1.717445959e-05
2.133164074e-05
2.041320889e-05
2.144789376e-05
1.908045721e-05
2.247119010e-05
2.205344517e-05
2.354935282e-05
2.018272345e-05
2.114779298e-05
1.806155276e-05
1.891266448e-05
2.459499920e-05
1.812602060e-05
2.036576087e-05
