1.641651612e-06
1.352563677e-06
1.456606288e-06
1.618634549e-06
1.486365460e-06
1.384616739e-06
1.448554001e-06
1.546034023e-06
1.496403973e-06
1.481312970e-06
1.398185947e-06
1.502993307e-06
1.464413146e-06
1.512618248e-06
1.398539200e-06
1.543219096e-06
1.563907059e-06
1.555092018e-06
1.490643459e-06
1.434225831e-06
1.493790163e-06
1.466712106e-06
1.487838153e-06
1.397284471e-06
1.554125671e-06
1.590866872e-06
1.461791033e-06
1.469716774e-06
1.453208367e-06
1.355244114e-06

2.271352300e-06
1.809480945e-06
2.616224450e-06
2.186017814e-06
2.009114518e-06
2.140130834e-06
2.284719112e-06
1.854131679e-06
2.036833293e-06
2.070067591e-06
2.004448055e-06
2.428128270e-06
2.311426830e-06
2.220212470e-06
2.017214190e-06
2.858455066e-06
2.307860367e-06
2.188952502e-06
2.622362048e-06
2.401938596e-06
2.293670241e-06
2.274090421e-06
2.886952642e-06
2.228544079e-06
2.312581560e-06
2.333791798e-06
2.212848606e-06
2.295536347e-06
2.557498001e-06
2.329719906e-06
