Number of sample populations = 3. Total number of values in the input = 90
0 2 44
0 0 44
0 0 44
0 0 44
0 0 44
0 0 44
0 0 44
0 0 44
0 0 44
0 0 44
0 0 44
0 0 44
0 0 44
0 0 44
0 0 44
0 0 44
0 0 44
0 0 44
0 0 44
0 0 44
0 0 44
0 0 44
0 0 44
0 0 44
0 0 44
0 0 44
0 0 44
0 0 44
0 0 44
0 0 44
0 1 44
0 1 44
0 1 44
0 1 44
0 1 44
0 1 44
0 1 44
0 1 44
0 2 44
0 0 44
0 1 44
0 1 44
0 1 44
0 1 44
0 1 44
0 1 44
0 1 44
0 1 44
0 1 44
0 1 44
0 1 44
0 1 44
0 1 44
0 1 44
0 1 44
0 1 44
0 1 44
0 1 44
0 1 44
0 1 44
0 2 44
0 2 44
0 2 44
0 2 44
0 2 44
0 2 44
0 2 44
0 2 44
0 2 44
0 2 44
0 2 44
0 2 44
0 2 44
0 2 44
0 2 44
0 2 44
0 2 44
0 2 44
0 2 44
0 2 44
0 2 44
0 2 44
0 2 44
0 2 44
0 2 44
0 2 44
0 2 44
0 2 44
1 1 90
1 1 90
Total number of ties =88
Number of samples = 30; sum = 1335
Number of samples = 30; sum = 1425
Number of samples = 30; sum = 1335
Corrected T value =4.04545
p-value to accept the null hypothesis that all distribution functions are identical = 0.13229417
