3.394409600e+07
7.061367000e+06
1.412696400e+07
3.078569900e+07
5.292230900e+07
6.260689200e+07
8.820686400e+07
1.471118100e+07
9.003267000e+06
3.871516400e+07
1.129499880e+08
3.038547900e+07
4.746498700e+07
9.369029000e+06
7.160544000e+06
1.021508400e+07
2.292248400e+07
1.454552100e+07
8.758898100e+07
1.474599100e+07
4.693336800e+07
1.474439300e+07
6.439350000e+07
3.256043800e+07
3.281595800e+07
6.341665000e+06
1.033494700e+07
4.994007000e+06
1.472148400e+07
4.685127000e+06

5.579032512e+10
5.576735654e+10
5.573044203e+10
5.581726595e+10
5.581128338e+10
5.591309417e+10
5.575438475e+10
5.570249672e+10
5.580528525e+10
5.534610981e+10
5.570549024e+10
5.579132102e+10
5.426427828e+10
5.579031258e+10
5.538900270e+10
5.573242827e+10
5.579830498e+10
5.571946401e+10
5.539101867e+10
5.577834357e+10
5.588315002e+10
5.539699388e+10
5.530619118e+10
5.575938312e+10
5.580030966e+10
5.582026476e+10
5.578133553e+10
5.582525501e+10
5.576436279e+10
5.577035726e+10
