3.210000000e+03
5.030000000e+03
3.328000000e+03
4.673000000e+03
2.832000000e+03
3.764000000e+03
2.477000000e+03
6.077000000e+03
5.582000000e+03
4.441000000e+03
2.836000000e+03
3.500000000e+03
3.499000000e+03
2.436000000e+03
5.409000000e+03
4.725000000e+03
3.347000000e+03
6.510000000e+03
6.177000000e+03
4.272000000e+03
4.260000000e+03
3.761000000e+03
5.132000000e+03
4.711000000e+03
4.551000000e+03
8.404000000e+03
5.695000000e+03
3.614000000e+03
2.420000000e+03
2.807000000e+03

4.002632000e+06
4.002550000e+06
1.227300000e+04
2.004586000e+06
6.000288000e+06
6.002032000e+06
6.995691000e+06
5.993966000e+06
4.997194000e+06
3.004696000e+06
3.004427000e+06
5.000222000e+06
1.427500000e+04
1.412300000e+04
4.005934000e+06
2.003994000e+06
1.012400000e+04
1.009700000e+06
1.013081000e+06
3.999585000e+06
3.001414000e+06
1.312300000e+04
1.007550000e+06
3.999598000e+06
1.011203000e+06
2.005674000e+06
6.997313000e+06
1.007622000e+06
4.000402000e+06
1.009106000e+06
