1.440000000e+02
1.450000000e+02
1.760000000e+02
1.770000000e+02
1.990000000e+02
1.220000000e+02
1.440000000e+02
1.830000000e+02
2.180000000e+02
1.260000000e+02
1.580000000e+02
2.080000000e+02
1.430000000e+02
1.560000000e+02
1.360000000e+02
2.840000000e+02
1.370000000e+02
1.650000000e+02
2.560000000e+02
1.320000000e+02
2.080000000e+02
1.610000000e+02
1.210000000e+02
2.560000000e+02
2.280000000e+02
1.640000000e+02
1.430000000e+02
1.700000000e+02
1.590000000e+02
1.300000000e+02

6.560000000e+02
5.830000000e+02
9.800000000e+02
8.860000000e+02
6.880000000e+02
6.760000000e+02
6.580000000e+02
6.560000000e+02
1.316000000e+03
6.260000000e+02
7.650000000e+02
8.890000000e+02
9.170000000e+02
7.500000000e+02
1.034000000e+03
8.970000000e+02
6.530000000e+02
7.670000000e+02
1.136000000e+03
7.310000000e+02
8.860000000e+02
5.440000000e+02
1.404000000e+03
7.570000000e+02
6.730000000e+02
1.276000000e+03
1.155000000e+03
9.880000000e+02
1.275000000e+03
8.410000000e+02
