6.264673975e-07
6.187696806e-07
5.971790835e-07
5.906517048e-07
6.441328090e-07
5.787288025e-07
5.452125486e-07
5.110645189e-07
5.470578561e-07
5.991064668e-07
6.188490418e-07
6.023619126e-07
6.329605247e-07
5.940409229e-07
6.034160433e-07
5.573831153e-07
5.737615021e-07
6.040335676e-07
6.012077022e-07
4.867727268e-07
5.688900898e-07
5.698553583e-07
6.575574662e-07
5.222009149e-07
6.344507827e-07
5.770502413e-07
6.234299155e-07
5.653377580e-07
6.274505103e-07
6.392367260e-07

1.593190343e-06
1.507880847e-06
1.497107046e-06
1.525151130e-06
1.554066390e-06
1.663285562e-06
1.577203173e-06
1.715097526e-06
1.533078866e-06
1.529865296e-06
1.593916290e-06
1.748263242e-06
1.559745227e-06
1.478909579e-06
1.692466012e-06
1.558214051e-06
1.622160534e-06
1.549249668e-06
1.557346986e-06
1.461113589e-06
1.469032184e-06
1.516197446e-06
1.472288348e-06
1.486776717e-06
1.604494124e-06
1.524649374e-06
1.588481885e-06
1.500071993e-06
1.519131894e-06
1.589924917e-06
