6.645900180e-06
7.685299860e-06
7.255976137e-06
7.580388507e-06
7.329722091e-06
7.727733071e-06
6.926843852e-06
7.358637991e-06
7.388046584e-06
5.902644437e-06
6.267117565e-06
7.019931623e-06
7.724628283e-06
6.771778218e-06
7.493867796e-06
6.642816231e-06
6.753573646e-06
7.660747828e-06
7.992684303e-06
6.277190210e-06
7.616689908e-06
7.430404466e-06
7.999342500e-06
7.456828232e-06
6.193762309e-06
7.606529599e-06
7.430421112e-06
8.193383663e-06
6.809165606e-06
7.219057012e-06

5.555345503e-06
5.318956278e-06
4.470548583e-06
5.325161022e-06
5.043367811e-06
4.524274957e-06
4.609569243e-06
4.624059448e-06
4.759468334e-06
4.279894323e-06
4.425903678e-06
5.487385810e-06
4.507525193e-06
4.199197318e-06
4.549985151e-06
4.990800079e-06
4.958151689e-06
4.960202265e-06
4.754876083e-06
5.064013100e-06
5.231199879e-06
4.854571553e-06
4.917127738e-06
5.073939876e-06
5.406985491e-06
5.027688785e-06
4.950722315e-06
5.681528730e-06
4.776560413e-06
4.698161689e-06
