9.752309609e-08
6.304210462e-07
8.769925761e-07
7.262813496e-07
1.985241927e-07
6.510316045e-07
4.399916558e-07
2.302444404e-07
2.002475043e-07
2.281821670e-07
1.254207488e-06
6.888823850e-07
4.814519736e-07
5.831809338e-07
2.292638825e-07
6.129100857e-07
1.240914528e-07
2.040202750e-07
2.629217730e-07
6.527467724e-07
1.934869921e-07
4.801468252e-07
7.216086197e-07
2.343580092e-07
1.794577047e-08
6.200109968e-07
5.721970326e-08
1.007036119e-07
3.326265336e-07
1.207008773e-07

1.414215352e-07
3.936048359e-07
2.147813421e-07
3.223028713e-07
3.217994786e-07
2.117664948e-07
3.252980779e-07
2.153579882e-07
2.897970355e-07
3.542908633e-07
2.831348067e-07
2.527856155e-07
1.063519495e-07
2.867000726e-07
2.850374395e-07
1.090457592e-07
3.574973271e-07
1.113799285e-07
1.817736705e-07
3.957079476e-07
2.860391551e-07
1.127458753e-07
2.853463015e-07
2.524769930e-07
2.162432568e-07
2.865183961e-07
3.604573242e-07
1.470135456e-07
3.565837153e-07
2.888992720e-07
