3.511644073e-06
3.533585369e-06
3.603129970e-06
3.223298613e-06
3.766707171e-06
3.486795236e-06
3.678151172e-06
3.407009886e-06
3.579043766e-06
3.561472287e-06
3.607321622e-06
3.873810697e-06
3.617263049e-06
3.286337831e-06
3.679337399e-06
3.534005448e-06
3.683733442e-06
3.366103460e-06
3.376412791e-06
3.187147671e-06
3.438741112e-06
3.463174022e-06
3.551335012e-06
3.413394311e-06
3.567292201e-06
3.712224471e-06
3.305762083e-06
3.619326161e-06
3.845083301e-06
3.676311254e-06

2.497480576e-06
2.598776164e-06
2.383863045e-06
2.522293765e-06
2.731967967e-06
2.199764347e-06
2.416386606e-06
2.446662064e-06
2.392596649e-06
2.750618846e-06
2.232610981e-06
2.340804326e-06
2.858013429e-06
2.455505688e-06
2.255191717e-06
2.397082313e-06
2.640193767e-06
2.638084867e-06
2.218632472e-06
2.278823270e-06
2.336638023e-06
2.343969832e-06
2.454625649e-06
2.518410615e-06
2.443447696e-06
2.350576412e-06
2.443367257e-06
2.206978152e-06
2.399013409e-06
2.377592353e-06
