2.820000000e+02
3.120000000e+02
3.550000000e+02
2.800000000e+02
3.040000000e+02
3.090000000e+02
3.410000000e+02
3.180000000e+02
3.250000000e+02
2.930000000e+02
2.730000000e+02
3.000000000e+02
3.760000000e+02
3.100000000e+02
3.290000000e+02
3.550000000e+02
2.750000000e+02
3.600000000e+02
3.050000000e+02
3.350000000e+02
3.500000000e+02
3.190000000e+02
3.170000000e+02
2.900000000e+02
2.890000000e+02
2.750000000e+02
3.360000000e+02
3.540000000e+02
2.710000000e+02
2.910000000e+02

1.184000000e+03
1.554000000e+03
1.445000000e+03
9.670000000e+02
1.617000000e+03
1.246000000e+03
1.395000000e+03
9.050000000e+02
1.345000000e+03
9.880000000e+02
1.918000000e+03
1.811000000e+03
2.346000000e+03
1.402000000e+03
1.946000000e+03
2.032000000e+03
1.494000000e+03
1.369000000e+03
1.436000000e+03
1.254000000e+03
1.573000000e+03
1.484000000e+03
1.679000000e+03
1.764000000e+03
1.190000000e+03
1.346000000e+03
2.119000000e+03
1.060000000e+03
1.127000000e+03
1.789000000e+03
