3.030000000e+02
2.190000000e+02
3.110000000e+02
2.030000000e+02
2.480000000e+02
2.120000000e+02
2.490000000e+02
2.620000000e+02
2.190000000e+02
2.190000000e+02
2.250000000e+02
2.820000000e+02
2.270000000e+02
2.270000000e+02
2.500000000e+02
2.420000000e+02
3.140000000e+02
2.250000000e+02
2.710000000e+02
2.430000000e+02
2.850000000e+02
2.650000000e+02
2.310000000e+02
2.160000000e+02
2.100000000e+02
2.790000000e+02
3.160000000e+02
2.410000000e+02
2.810000000e+02
2.840000000e+02

3.620000000e+02
3.800000000e+02
2.890000000e+02
3.600000000e+02
3.410000000e+02
3.680000000e+02
3.120000000e+02
2.870000000e+02
3.380000000e+02
3.040000000e+02
4.320000000e+02
3.390000000e+02
3.290000000e+02
3.450000000e+02
2.810000000e+02
2.880000000e+02
3.670000000e+02
3.760000000e+02
3.770000000e+02
3.940000000e+02
3.250000000e+02
2.870000000e+02
2.960000000e+02
2.910000000e+02
2.780000000e+02
3.900000000e+02
3.200000000e+02
3.510000000e+02
3.430000000e+02
2.540000000e+02
