1.939308931e-05
2.233940888e-05
2.219833640e-05
2.134132552e-05
2.066389682e-05
2.217702321e-05
2.573322684e-05
2.083734707e-05
2.245285379e-05
2.227137242e-05
1.885397404e-05
2.059829976e-05
2.214446077e-05
2.180492215e-05
2.097537555e-05
2.153146889e-05
1.907077354e-05
1.955135258e-05
2.190445965e-05
2.300213947e-05
2.418250847e-05
2.190209427e-05
2.279508722e-05
2.189217747e-05
2.344255975e-05
2.110576029e-05
2.170143483e-05
2.037845383e-05
2.189967095e-05
2.290409482e-05

4.307019286e-05
4.276655847e-05
3.992297042e-05
4.057386094e-05
3.402132199e-05
4.101713886e-05
4.338714883e-05
4.545850895e-05
4.308484218e-05
4.279450447e-05
4.100729093e-05
4.941773797e-05
4.327602339e-05
4.603751895e-05
4.216730622e-05
4.893630005e-05
5.305463744e-05
4.374518675e-05
4.295239306e-05
4.179614327e-05
4.995723220e-05
4.192266850e-05
4.784898501e-05
4.090458995e-05
3.984522123e-05
4.071509170e-05
4.597002457e-05
4.851681260e-05
4.504915703e-05
3.883400751e-05
