4.480000000e+03
4.864000000e+03
3.968000000e+03
3.840000000e+03
5.248000000e+03
4.224000000e+03
2.304000000e+03
5.248000000e+03
3.968000000e+03
4.096000000e+03
4.352000000e+03
5.632000000e+03
5.888000000e+03
5.760000000e+03
6.016000000e+03
3.712000000e+03
3.712000000e+03
4.352000000e+03
2.432000000e+03
5.632000000e+03
4.352000000e+03
5.376000000e+03
7.552000000e+03
3.840000000e+03
6.144000000e+03
4.608000000e+03
3.328000000e+03
4.736000000e+03
6.400000000e+03
5.632000000e+03

7.987200000e+04
7.449600000e+04
7.705600000e+04
6.937600000e+04
7.910400000e+04
7.347200000e+04
6.617600000e+04
7.564800000e+04
7.564800000e+04
7.603200000e+04
7.705600000e+04
6.937600000e+04
7.872000000e+04
7.590400000e+04
7.846400000e+04
7.872000000e+04
7.603200000e+04
6.886400000e+04
7.680000000e+04
7.398400000e+04
7.667200000e+04
7.449600000e+04
7.974400000e+04
7.641600000e+04
7.296000000e+04
7.206400000e+04
6.976000000e+04
7.769600000e+04
7.155200000e+04
7.385600000e+04
