Number of sample populations = 3. Total number of values in the input = 90
1.07753e-06 0 1
1.08887e-06 0 2
1.09306e-06 0 3
1.11729e-06 0 4
1.12004e-06 0 5
1.1429e-06 0 6
1.16617e-06 0 7
1.17171e-06 0 8
1.18385e-06 0 9
1.18396e-06 0 10
1.21652e-06 0 11
1.2397e-06 0 12
1.2512e-06 0 13
1.25673e-06 0 14
1.27835e-06 0 15
1.28074e-06 0 16
1.28976e-06 0 17
1.29413e-06 0 18
1.29788e-06 0 19
1.31367e-06 0 20
1.324e-06 0 21
1.32967e-06 0 22
1.33461e-06 0 23
1.34121e-06 0 24
1.35622e-06 0 25
1.35716e-06 0 26
1.37053e-06 0 27
1.41728e-06 0 28
1.44978e-06 0 29
1.55379e-06 0 30
2.13897e-06 1 31
2.28472e-06 1 32
2.31847e-06 1 33
2.40649e-06 1 34
2.50478e-06 1 35
2.54049e-06 1 36
2.55662e-06 1 37
2.57617e-06 1 38
2.59337e-06 1 39
2.60169e-06 1 40
2.63355e-06 1 41
2.64229e-06 1 42
2.72577e-06 1 43
2.74549e-06 1 44
2.77431e-06 1 45
2.82162e-06 1 46
2.82278e-06 1 47
2.84104e-06 1 48
2.89253e-06 1 49
2.9147e-06 1 50
2.92776e-06 1 51
2.9558e-06 1 52
2.95616e-06 1 53
3.00656e-06 1 54
3.03336e-06 1 55
3.07161e-06 1 56
3.09044e-06 1 57
3.10749e-06 1 58
3.11456e-06 1 59
3.13587e-06 1 60
5.18947e-06 2 61
5.29149e-06 2 62
5.35695e-06 2 63
5.66113e-06 2 64
5.73291e-06 2 65
5.84691e-06 2 66
6.10731e-06 2 67
6.18666e-06 2 68
6.68679e-06 2 69
7.03211e-06 2 70
7.3146e-06 2 71
7.41192e-06 2 72
7.77769e-06 2 73
7.82188e-06 2 74
7.89027e-06 2 75
8.1764e-06 2 76
8.23907e-06 2 77
8.27467e-06 2 78
8.47015e-06 2 79
8.6042e-06 2 80
8.94277e-06 2 81
9.28333e-06 2 82
9.29835e-06 2 83
9.4282e-06 2 84
9.45296e-06 2 85
9.54038e-06 2 86
9.68625e-06 2 87
1.03152e-05 2 88
1.12735e-05 2 89
1.32514e-05 2 90
Total number of ties =0
Number of samples = 30; sum = 465
Number of samples = 30; sum = 1365
Number of samples = 30; sum = 2265
Corrected T value =79.1209
p-value to accept the null hypothesis that all distribution functions are identical = 6.59355142e-18
