1.417281577e-06
1.183846800e-06
1.280737362e-06
1.313673616e-06
1.370533799e-06
1.341206403e-06
1.088872644e-06
1.142897220e-06
1.251199986e-06
1.093056951e-06
1.294126730e-06
1.324001391e-06
1.171708689e-06
1.553793017e-06
1.356219801e-06
1.117288064e-06
1.449780586e-06
1.334608166e-06
1.357163393e-06
1.297879261e-06
1.239702034e-06
1.077530899e-06
1.289759229e-06
1.166168694e-06
1.120038960e-06
1.256729003e-06
1.216519781e-06
1.183960493e-06
1.278347903e-06
1.329667972e-06

3.135868401e-06
3.107492861e-06
2.955801994e-06
2.593371618e-06
2.725774320e-06
3.033359442e-06
3.006559229e-06
2.956164669e-06
2.318471654e-06
2.914699640e-06
2.841042468e-06
2.138969877e-06
2.504780290e-06
2.540488238e-06
2.556617843e-06
2.633547506e-06
3.090443816e-06
2.406494919e-06
2.576171356e-06
2.745493941e-06
2.892528525e-06
2.774313473e-06
3.071605511e-06
2.927759188e-06
2.821619095e-06
2.642289254e-06
3.114564311e-06
2.822777696e-06
2.601692009e-06
2.284721667e-06

8.942773013e-06
7.411917139e-06
7.890273227e-06
5.661134219e-06
9.452960807e-06
5.846911359e-06
1.325135613e-05
6.186662316e-06
9.283333910e-06
9.298348386e-06
5.291485287e-06
7.821879643e-06
8.470147099e-06
1.127352457e-05
8.176399887e-06
6.107310460e-06
8.239070364e-06
6.686786008e-06
7.032109774e-06
5.189470779e-06
5.356954084e-06
9.428201550e-06
9.686248477e-06
8.604204689e-06
8.274666416e-06
7.777688111e-06
5.732911393e-06
1.031517148e-05
7.314595200e-06
9.540381637e-06
