3.329200000e+04
2.739300000e+04
2.983600000e+04
3.101800000e+04
3.211100000e+04
3.139700000e+04
2.601900000e+04
2.679000000e+04
2.921900000e+04
2.650300000e+04
3.059100000e+04
3.117600000e+04
2.739000000e+04
3.579800000e+04
3.151300000e+04
2.641700000e+04
3.356800000e+04
3.071100000e+04
3.187000000e+04
3.020900000e+04
2.849100000e+04
2.556100000e+04
2.981100000e+04
2.769600000e+04
2.643000000e+04
2.919200000e+04
2.840700000e+04
2.825800000e+04
2.981300000e+04
3.128700000e+04

1.784200000e+04
1.637500000e+04
1.375900000e+04
1.580600000e+04
1.543700000e+04
1.426500000e+04
1.010890000e+06
1.323000000e+04
1.010474000e+06
1.323100000e+04
1.295900000e+04
1.011756000e+06
1.354300000e+04
1.009929000e+06
1.606300000e+04
1.863200000e+04
1.012604000e+06
1.629000000e+04
1.698800000e+04
1.480600000e+04
1.009878000e+06
1.014116000e+06
1.289800000e+04
1.590600000e+04
1.543900000e+04
2.700500000e+04
1.200200000e+04
1.475600000e+04
1.551800000e+04
1.432200000e+04
