4.240038000e+06
4.749775000e+06
4.113672000e+06
4.548921000e+06
4.460751000e+06
5.647874000e+06
4.595563000e+06
5.557050000e+06
1.036410600e+07
3.842235000e+06
4.604278000e+06
4.186774000e+06
3.631756000e+06
3.769184000e+06
5.223190000e+06
4.725370000e+06
4.090790000e+06
4.942973000e+06
4.357220000e+06
4.258159000e+06
2.396869300e+07
5.127864000e+06
4.408868000e+06
3.559482000e+06
4.037163000e+06
1.214375600e+07
3.595209000e+06
4.509145000e+06
3.951880000e+06
4.086136000e+06

1.335164700e+07
1.590918300e+07
1.460767900e+07
1.355399200e+07
1.271265200e+07
1.424842000e+07
1.557691600e+07
1.496183800e+07
1.787864500e+07
2.252368200e+07
1.551285000e+07
1.589121400e+07
1.860342800e+07
1.384242200e+07
1.557375500e+07
1.588309500e+07
1.446973000e+07
1.456389400e+07
1.727619500e+07
1.430126900e+07
1.870457100e+07
1.555938600e+07
1.487935500e+07
1.458377100e+07
1.347195400e+07
1.196065700e+07
1.464147500e+07
1.544882800e+07
1.269841500e+07
1.596268500e+07
