2.440221193e-05
2.566659701e-05
1.880652343e-05
2.069449384e-05
2.070820253e-05
2.418953837e-05
2.104329748e-05
2.131871593e-05
1.873520498e-05
2.651704131e-05
2.092450490e-05
1.945940605e-05
2.220920354e-05
2.094179355e-05
1.977820401e-05
1.980423916e-05
2.061712477e-05
2.255297425e-05
2.192272498e-05
2.341746057e-05
2.487696714e-05
2.097378066e-05
2.318162844e-05
2.377750772e-05
1.813330007e-05
1.836273904e-05
2.310635625e-05
2.178660141e-05
1.917614326e-05
1.832983057e-05

2.045516964e-05
2.336957092e-05
2.229163863e-05
1.975402915e-05
2.211357126e-05
2.017449124e-05
2.393673906e-05
2.058196784e-05
1.972494375e-05
2.182320732e-05
2.070912668e-05
2.258167706e-05
2.305211443e-05
2.329410297e-05
1.991080636e-05
1.998185998e-05
2.255680898e-05
2.333250737e-05
2.289169495e-05
2.142505426e-05
2.279598108e-05
2.296006490e-05
1.916373345e-05
2.151413314e-05
2.389876285e-05
2.130254401e-05
1.856554527e-05
1.966121152e-05
2.434250883e-05
2.317187320e-05
