2.670000000e+02
2.700000000e+02
3.980000000e+02
2.750000000e+02
3.300000000e+02
2.690000000e+02
2.240000000e+02
2.650000000e+02
2.700000000e+02
2.550000000e+02
2.620000000e+02
2.610000000e+02
2.500000000e+02
2.500000000e+02
2.590000000e+02
3.180000000e+02
2.570000000e+02
2.520000000e+02
2.430000000e+02
2.720000000e+02
2.600000000e+02
2.600000000e+02
2.630000000e+02
2.580000000e+02
2.620000000e+02
2.500000000e+02
2.520000000e+02
2.320000000e+02
2.460000000e+02
2.840000000e+02

3.770000000e+02
2.680000000e+02
3.800000000e+02
3.050000000e+02
3.150000000e+02
4.080000000e+02
2.780000000e+02
3.010000000e+02
2.580000000e+02
3.590000000e+02
3.640000000e+02
3.010000000e+02
3.430000000e+02
2.950000000e+02
3.200000000e+02
3.010000000e+02
2.870000000e+02
2.780000000e+02
3.980000000e+02
3.770000000e+02
4.180000000e+02
3.310000000e+02
3.120000000e+02
3.550000000e+02
3.180000000e+02
3.430000000e+02
3.080000000e+02
3.620000000e+02
4.170000000e+02
3.210000000e+02
