1.602300000e+04
1.581100000e+04
1.406100000e+04
1.452600000e+04
1.365700000e+04
1.576000000e+04
1.426900000e+04
1.506300000e+04
1.355700000e+04
1.430400000e+04
1.543100000e+04
1.358100000e+04
1.452000000e+04
1.589100000e+04
1.464400000e+04
1.460800000e+04
1.454500000e+04
1.395800000e+04
1.352300000e+04
1.348500000e+04
1.565600000e+04
1.494900000e+04
1.494600000e+04
1.489000000e+04
1.440200000e+04
1.582800000e+04
1.426700000e+04
1.426500000e+04
1.337400000e+04
1.391600000e+04

1.499300000e+04
1.812000000e+04
1.660200000e+04
1.630300000e+04
1.716600000e+04
1.701100000e+04
1.521900000e+04
1.740500000e+04
1.680500000e+04
1.634200000e+04
1.725600000e+04
1.623700000e+04
1.509300000e+04
1.591600000e+04
1.803300000e+04
1.689400000e+04
1.739700000e+04
1.500900000e+04
1.729600000e+04
1.649500000e+04
1.559400000e+04
1.527600000e+04
1.632700000e+04
1.601400000e+04
1.623200000e+04
1.683800000e+04
1.667400000e+04
1.552800000e+04
1.661100000e+04
1.518000000e+04
