1.267200000e+04
1.497600000e+04
1.164800000e+04
1.625600000e+04
1.062400000e+04
1.382400000e+04
1.203200000e+04
1.139200000e+04
1.152000000e+04
1.651200000e+04
1.817600000e+04
1.369600000e+04
1.305600000e+04
1.331200000e+04
1.292800000e+04
1.753600000e+04
1.356800000e+04
1.420800000e+04
1.331200000e+04
1.177600000e+04
1.177600000e+04
1.177600000e+04
1.228800000e+04
1.433600000e+04
1.241600000e+04
1.292800000e+04
1.139200000e+04
1.203200000e+04
1.344000000e+04
1.318400000e+04

8.972800000e+04
7.603200000e+04
8.320000000e+04
8.627200000e+04
8.345600000e+04
9.049600000e+04
9.088000000e+04
8.793600000e+04
7.667200000e+04
8.243200000e+04
8.678400000e+04
8.179200000e+04
8.000000000e+04
8.768000000e+04
8.179200000e+04
8.780800000e+04
7.974400000e+04
8.332800000e+04
8.768000000e+04
8.499200000e+04
8.460800000e+04
8.486400000e+04
8.486400000e+04
8.358400000e+04
8.652800000e+04
8.908800000e+04
8.217600000e+04
8.051200000e+04
9.062400000e+04
8.896000000e+04
