4.503056974e-07
4.864101723e-07
7.770359495e-07
6.337416816e-07
7.747448939e-07
4.713986903e-07
7.261856211e-07
5.254261412e-07
6.709116245e-07
6.868925666e-07
7.325138383e-07
5.660663002e-07
5.291974349e-07
6.627312335e-07
5.427145870e-07
1.124709255e-06
5.299917654e-07
6.589142313e-07
5.716047777e-07
5.987974850e-07
8.955950725e-07
5.973217979e-07
8.325522613e-07
5.598377236e-07
8.670622467e-07
7.546751336e-07
4.703355776e-07
6.011288999e-07
9.681308083e-07
7.320506053e-07

1.066785041e-06
6.409318541e-07
9.639561618e-07
5.980095018e-07
1.150951903e-06
8.934013820e-07
5.916453165e-07
1.454350881e-06
1.694564932e-06
1.612776271e-06
1.010394678e-06
5.009647685e-07
5.189373653e-07
1.156569382e-06
1.326449971e-06
9.980990817e-07
8.334492664e-07
1.837035648e-06
1.142448279e-06
1.206964901e-06
6.386510979e-07
1.173848407e-06
7.161583258e-07
5.238326099e-07
1.074256531e-06
9.681486127e-07
1.024358896e-06
6.722172519e-07
9.818819722e-07
9.697653775e-07
