3.378500000e+04
3.276200000e+04
3.457400000e+04
3.069200000e+04
3.209800000e+04
3.426300000e+04
3.286000000e+04
3.542300000e+04
3.010100000e+04
3.150100000e+04
3.485100000e+04
3.033900000e+04
3.433200000e+04
3.148000000e+04
3.398200000e+04
3.064900000e+04
3.224100000e+04
3.052300000e+04
3.266000000e+04
3.037200000e+04
3.252200000e+04
3.269700000e+04
3.511000000e+04
3.223100000e+04
3.329300000e+04
2.938000000e+04
3.557400000e+04
3.076300000e+04
3.189200000e+04
3.101300000e+04

3.705500000e+04
4.268000000e+04
4.166400000e+04
4.209900000e+04
4.248400000e+04
4.074400000e+04
4.021700000e+04
4.616000000e+04
4.727400000e+04
3.645100000e+04
3.863400000e+04
3.934200000e+04
4.650200000e+04
3.965500000e+04
4.738300000e+04
3.750600000e+04
4.507900000e+04
4.599200000e+04
4.183600000e+04
4.065200000e+04
4.594500000e+04
3.757800000e+04
4.440200000e+04
3.761500000e+04
3.807900000e+04
4.394300000e+04
4.265200000e+04
4.563000000e+04
4.112600000e+04
4.158300000e+04

4.390600000e+04
4.709200000e+04
4.304800000e+04
4.640500000e+04
4.266900000e+04
4.556600000e+04
4.543400000e+04
4.629700000e+04
4.562500000e+04
4.573600000e+04
4.535600000e+04
4.248300000e+04
4.322000000e+04
4.235200000e+04
4.953700000e+04
4.250000000e+04
5.041500000e+04
4.303400000e+04
4.326200000e+04
4.422800000e+04
4.391600000e+04
4.478600000e+04
4.378200000e+04
4.360900000e+04
4.480400000e+04
4.257500000e+04
4.383900000e+04
4.171200000e+04
4.617400000e+04
4.389500000e+04
