1.061198900e+07
1.630835500e+07
6.817310000e+06
6.586425000e+06
6.613797000e+06
1.809434800e+07
2.133471600e+07
1.775948800e+07
3.841566400e+07
9.080973000e+06
1.463284900e+07
1.203559300e+07
1.965073600e+07
2.348522000e+07
1.800669200e+07
1.887215700e+07
1.667195200e+07
1.789209400e+07
5.560243000e+06
3.273309700e+07
1.881327100e+07
9.094678000e+06
3.548259500e+07
1.822896200e+07
8.594265000e+06
8.497079000e+06
1.841067600e+07
9.998166000e+06
3.062901900e+07
1.419020200e+07

3.089498405e+09
5.230351208e+09
5.882434127e+09
5.230992270e+09
3.089866413e+09
3.794320050e+08
3.773908860e+08
1.995276200e+08
6.985148600e+08
1.992503140e+08
2.905076804e+09
2.174686532e+09
5.912502934e+09
1.762560500e+07
1.702041106e+09
1.807650400e+07
5.333985185e+09
1.719761773e+09
1.803572900e+07
5.226937054e+09
2.187462970e+09
1.435305400e+07
5.230898829e+09
5.330767540e+08
1.991264180e+08
1.474496200e+07
5.230915117e+09
1.992697450e+08
1.719314828e+09
3.089785854e+09
