1.791705274e-06
1.661284965e-06
1.628787992e-06
1.684488575e-06
1.856580419e-06
1.982636421e-06
1.735348524e-06
1.868133222e-06
1.792748147e-06
1.854019623e-06
1.717960917e-06
1.754017727e-06
1.663416500e-06
1.854392118e-06
1.697408083e-06
1.869034738e-06
1.952959804e-06
1.643925502e-06
1.771848288e-06
1.869667352e-06
1.802049895e-06
1.631309866e-06
1.737056227e-06
1.928718750e-06
1.763503586e-06
1.983617058e-06
1.765570769e-06
1.781634306e-06
1.772141901e-06
1.777416666e-06

2.177950517e-06
2.463407197e-06
2.509256612e-06
2.443202946e-06
2.371502938e-06
2.221572269e-06
2.321025863e-06
2.598030336e-06
2.376821775e-06
2.284256678e-06
2.358012293e-06
2.305228154e-06
2.303496259e-06
2.387920446e-06
2.308639927e-06
2.470341122e-06
2.467829668e-06
2.422147997e-06
2.318662791e-06
2.159635685e-06
2.239082352e-06
2.239666503e-06
2.434453813e-06
2.274511338e-06
2.366193123e-06
2.393095890e-06
2.388201923e-06
2.277077723e-06
2.463058894e-06
2.255346966e-06
