1.319040000e+06
1.358976000e+06
1.357056000e+06
1.335168000e+06
1.370624000e+06
1.234176000e+06
1.232128000e+06
1.225856000e+06
1.232000000e+06
1.363712000e+06
1.355392000e+06
1.190912000e+06
1.353728000e+06
1.295488000e+06
1.409664000e+06
1.437568000e+06
1.458048000e+06
1.257728000e+06
1.213440000e+06
1.317376000e+06
1.272192000e+06
1.343616000e+06
1.163008000e+06
1.351296000e+06
1.491840000e+06
1.436288000e+06
1.488000000e+06
1.411200000e+06
1.334144000e+06
1.303936000e+06

1.921792000e+07
1.535846400e+07
1.477478400e+07
1.322073600e+07
1.762124800e+07
1.504128000e+07
1.578419200e+07
1.605683200e+07
1.254873600e+07
1.706304000e+07
1.719283200e+07
1.390361600e+07
1.498598400e+07
1.481689600e+07
1.561740800e+07
1.643852800e+07
1.211404800e+07
1.506188800e+07
1.316825600e+07
1.628582400e+07
1.798336000e+07
1.563238400e+07
1.306176000e+07
1.279027200e+07
1.244608000e+07
1.536678400e+07
1.705459200e+07
1.220313600e+07
1.244416000e+07
1.375884800e+07
