2.635200000e+04
1.831300000e+04
2.712900000e+04
2.574800000e+04
1.941800000e+04
1.738400000e+04
1.909700000e+04
2.105000000e+04
2.191000000e+04
2.564300000e+04
2.290600000e+04
2.206600000e+04
2.319700000e+04
1.755100000e+04
2.196200000e+04
2.638100000e+04
2.761100000e+04
2.545400000e+04
2.269800000e+04
3.043900000e+04
2.530900000e+04
1.550900000e+04
2.648900000e+04
2.117300000e+04
2.211100000e+04
1.929900000e+04
2.183800000e+04
2.450900000e+04
2.363800000e+04
2.573300000e+04

1.858800000e+04
2.086900000e+04
2.037300000e+04
1.952700000e+04
2.044700000e+04
2.011400000e+04
1.882100000e+04
1.830500000e+04
1.807200000e+04
1.848500000e+04
1.767100000e+04
1.879800000e+04
1.930500000e+04
2.045500000e+04
1.786100000e+04
2.014700000e+04
1.837900000e+04
1.787300000e+04
1.959300000e+04
2.161300000e+04
2.037000000e+04
1.998200000e+04
1.866100000e+04
1.955400000e+04
1.947400000e+04
2.535500000e+04
1.960800000e+04
2.165100000e+04
2.159100000e+04
2.006300000e+04
