Number of sample populations = 3. Total number of values in the input = 90
1.19171e+06 1 1
1.20958e+06 1 2
1.24443e+06 1 3
1.25224e+06 1 4
1.31292e+06 1 5
1.36288e+06 1 6
1.36411e+06 1 7
1.36589e+06 1 8
1.39464e+06 1 9
1.43347e+06 1 10
1.43528e+06 1 11
1.44814e+06 1 12
1.44889e+06 1 13
2.094e+06 0 14
2.14919e+06 0 15
2.18897e+06 0 16
2.19534e+06 0 17
2.20278e+06 2 18
2.20772e+06 0 19
2.21064e+06 2 20
2.22504e+06 2 21
2.22992e+06 2 22
2.23068e+06 0 23
2.24387e+06 0 24
2.24462e+06 2 25
2.28491e+06 2 26
2.30104e+06 2 27
2.30487e+06 2 28
2.30938e+06 2 29
2.31104e+06 2 30
2.31254e+06 2 31
2.32155e+06 2 32
2.33059e+06 2 33
2.34207e+06 2 34
2.3529e+06 2 35
2.35302e+06 1 36
2.35559e+06 2 37
2.3589e+06 2 38
2.36139e+06 2 39
2.36225e+06 2 40
2.3818e+06 2 41
2.38392e+06 2 42
2.39073e+06 2 43
2.39364e+06 2 44
2.39615e+06 2 45
2.40471e+06 2 46
2.41798e+06 2 47
2.42495e+06 2 48
2.43885e+06 2 49
2.48839e+06 1 50
2.53599e+06 2 51
2.54739e+06 2 52
3.17568e+06 1 53
4.20207e+06 1 54
4.24027e+06 1 55
4.48181e+06 1 56
6.10637e+06 1 57
6.13574e+06 1 58
6.15205e+06 1 59
6.33579e+06 1 60
6.96632e+06 0 61
7.01338e+06 0 62
7.01876e+06 0 63
7.10432e+06 0 64
8.1202e+06 1 65
9.95069e+06 0 66
1.09733e+07 0 67
1.09876e+07 0 68
1.10479e+07 1 69
1.19097e+07 0 70
1.19788e+07 1 71
1.22709e+07 1 72
1.30793e+07 1 73
1.38006e+07 0 74
1.38691e+07 0 75
1.39011e+07 0 76
1.47899e+07 0 77
1.49085e+07 0 78
1.6808e+07 0 79
1.87132e+07 0 80
2.08681e+07 1 81
2.16016e+07 0 82
2.16839e+07 0 83
2.1785e+07 0 84
2.25308e+07 1 85
2.26103e+07 0 86
2.6544e+07 0 87
3.13901e+07 0 88
3.32477e+07 0 89
3.43931e+07 0 90
Total number of ties =0
Number of samples = 30; sum = 1877
Number of samples = 30; sum = 1145
Number of samples = 30; sum = 1073
Corrected T value =19.3313
p-value to accept the null hypothesis that all distribution functions are identical = 6.34257248e-05
