6.966315000e+06
2.178498500e+07
2.243866000e+06
3.324774000e+07
9.950686000e+06
2.188966000e+06
2.261028400e+07
1.097333700e+07
2.230679000e+06
2.149194000e+06
1.871321300e+07
7.104318000e+06
1.098762600e+07
1.190965300e+07
1.680804400e+07
3.139009400e+07
2.160164200e+07
1.386905300e+07
2.093998000e+06
1.490851100e+07
3.439314500e+07
1.390106100e+07
7.013376000e+06
1.478987900e+07
2.207723000e+06
2.195344000e+06
1.380061400e+07
2.654397800e+07
2.168393900e+07
7.018762000e+06

1.227094200e+07
1.307929400e+07
1.209584000e+06
1.197882400e+07
2.353019000e+06
1.435282000e+06
4.240269000e+06
8.120201000e+06
1.252243000e+06
6.106369000e+06
2.253077000e+07
1.244432000e+06
2.086812600e+07
1.312917000e+06
1.433469000e+06
1.362882000e+06
2.488394000e+06
6.152053000e+06
6.135743000e+06
1.365892000e+06
1.191709000e+06
3.175681000e+06
4.481809000e+06
4.202068000e+06
1.364107000e+06
6.335794000e+06
1.448891000e+06
1.448141000e+06
1.394644000e+06
1.104789800e+07

2.312540000e+06
2.390732000e+06
2.404713000e+06
2.301039000e+06
2.304868000e+06
2.438848000e+06
2.229918000e+06
2.381797000e+06
2.396148000e+06
2.309385000e+06
2.330594000e+06
2.342069000e+06
2.202782000e+06
2.547387000e+06
2.355593000e+06
2.225040000e+06
2.361386000e+06
2.210644000e+06
2.362246000e+06
2.358904000e+06
2.383918000e+06
2.244619000e+06
2.284912000e+06
2.311035000e+06
2.321554000e+06
2.424947000e+06
2.535989000e+06
2.352903000e+06
2.393636000e+06
2.417978000e+06
