1.800000000e+02
2.620000000e+02
1.500000000e+02
2.220000000e+02
2.010000000e+02
2.710000000e+02
1.980000000e+02
1.590000000e+02
1.290000000e+02
3.190000000e+02
2.130000000e+02
1.700000000e+02
1.740000000e+02
1.940000000e+02
2.210000000e+02
1.750000000e+02
1.770000000e+02
2.060000000e+02
2.030000000e+02
3.210000000e+02
2.060000000e+02
2.260000000e+02
2.290000000e+02
1.540000000e+02
2.310000000e+02
1.980000000e+02
2.090000000e+02
1.940000000e+02
1.990000000e+02
1.860000000e+02

8.450000000e+02
9.150000000e+02
9.100000000e+02
6.190000000e+02
8.660000000e+02
7.990000000e+02
1.244000000e+03
7.800000000e+02
8.450000000e+02
8.330000000e+02
7.510000000e+02
1.113000000e+03
7.910000000e+02
9.960000000e+02
8.230000000e+02
8.090000000e+02
5.890000000e+02
5.020000000e+02
1.276000000e+03
1.409000000e+03
7.560000000e+02
8.750000000e+02
1.320000000e+03
9.540000000e+02
9.640000000e+02
1.272000000e+03
1.151000000e+03
1.164000000e+03
8.900000000e+02
9.060000000e+02
