3.694800000e+04
3.453400000e+04
3.599300000e+04
3.096900000e+04
3.910000000e+04
3.847600000e+04
3.835500000e+04
3.578900000e+04
3.939400000e+04
3.748000000e+04
3.535600000e+04
3.875000000e+04
3.577900000e+04
3.754900000e+04
3.265300000e+04
3.907000000e+04
3.714500000e+04
3.691600000e+04
3.477700000e+04
3.549600000e+04
3.938600000e+04
3.357300000e+04
3.769200000e+04
3.774000000e+04
3.986100000e+04
3.977000000e+04
3.594900000e+04
3.787000000e+04
4.037800000e+04
4.119400000e+04

2.059231000e+06
6.495100000e+04
6.775300000e+04
6.022800000e+04
5.725600000e+04
7.562800000e+04
5.913400000e+04
6.035509000e+06
5.624500000e+04
7.029734000e+06
7.422800000e+04
1.055979000e+06
7.445900000e+04
8.490900000e+04
7.417000000e+04
6.143700000e+04
6.048800000e+04
8.378900000e+04
2.055870000e+06
5.783500000e+04
5.700000000e+04
6.073200000e+04
6.828800000e+04
1.092436000e+06
6.669000000e+04
6.697000000e+04
2.048807000e+06
6.858400000e+04
6.525700000e+04
6.506400000e+04
