2.133100000e+04
3.029800000e+04
3.270000000e+04
1.201200000e+04
2.034500000e+04
1.637800000e+04
1.214500000e+04
8.905000000e+03
1.059200000e+04
5.070300000e+04
1.680100000e+04
5.323100000e+04
2.536300000e+04
4.940700000e+04
4.155300000e+04
2.574500000e+04
2.890200000e+04
1.705900000e+04
3.191300000e+04
1.093100000e+04
1.780200000e+04
2.318400000e+04
2.675900000e+04
1.115200000e+04
6.542000000e+03
1.571300000e+04
1.608300000e+04
3.303700000e+04
1.855700000e+04
8.533000000e+03

3.837700000e+04
1.374000000e+04
1.909300000e+04
8.575000000e+03
3.435900000e+04
3.276600000e+04
1.458700000e+04
2.217600000e+04
1.576100000e+04
2.022100000e+04
9.189000000e+03
1.962700000e+04
1.826300000e+04
2.749400000e+04
2.872700000e+04
3.391300000e+04
1.533300000e+04
1.965100000e+04
1.036000000e+04
3.050400000e+04
2.053600000e+04
1.179600000e+04
1.819600000e+04
3.548100000e+04
2.986500000e+04
2.306800000e+04
1.711800000e+04
2.170400000e+04
2.724000000e+04
2.881100000e+04

2.892300000e+04
3.716100000e+04
4.524100000e+04
2.806900000e+04
2.831100000e+04
2.791500000e+04
2.933600000e+04
2.869700000e+04
2.836300000e+04
3.076000000e+04
2.877400000e+04
2.910600000e+04
2.989600000e+04
3.043200000e+04
2.855100000e+04
3.038600000e+04
2.851600000e+04
3.386400000e+04
2.879500000e+04
2.788300000e+04
3.101400000e+04
2.814900000e+04
3.162400000e+04
3.245700000e+04
2.917800000e+04
2.845100000e+04
2.828500000e+04
2.810200000e+04
3.008700000e+04
2.803400000e+04
