1.582904621e-05
1.428684412e-05
1.587442700e-05
1.561833775e-05
1.515240708e-05
1.584078308e-05
1.563365375e-05
1.607506117e-05
1.591604293e-05
1.581797971e-05
1.562484976e-05
1.637440115e-05
1.641132467e-05
1.576018787e-05
1.441649005e-05
1.421154204e-05
1.542768054e-05
1.533937564e-05
1.415207703e-05
1.589022730e-05
1.634449655e-05
1.353970910e-05
1.358548701e-05
1.373502870e-05
1.606069975e-05
1.543221551e-05
1.549985524e-05
1.390037113e-05
1.711473778e-05
1.509075194e-05

3.813772074e-05
4.155646667e-05
4.206152117e-05
5.526202142e-05
4.365334613e-05
3.707780085e-05
5.593508662e-05
4.761207818e-05
4.890204978e-05
5.429238120e-05
5.901146861e-05
3.904685928e-05
4.102530297e-05
4.075484595e-05
4.693995090e-05
4.803577192e-05
4.404667476e-05
5.567373271e-05
5.118814949e-05
4.817772643e-05
4.690983417e-05
4.938348116e-05
4.660173839e-05
5.223184006e-05
4.527417612e-05
5.387589203e-05
5.742876872e-05
4.685300424e-05
4.848843371e-05
3.666671447e-05
