2.176000000e+03
3.840000000e+03
3.072000000e+03
3.328000000e+03
3.712000000e+03
1.792000000e+03
2.432000000e+03
2.944000000e+03
2.688000000e+03
4.224000000e+03
2.304000000e+03
1.408000000e+03
2.304000000e+03
2.944000000e+03
3.712000000e+03
2.048000000e+03
2.688000000e+03
1.920000000e+03
3.840000000e+03
2.176000000e+03
3.456000000e+03
3.200000000e+03
2.816000000e+03
3.584000000e+03
2.432000000e+03
2.944000000e+03
2.944000000e+03
1.664000000e+03
2.816000000e+03
2.944000000e+03

2.291200000e+04
2.316800000e+04
2.764800000e+04
2.624000000e+04
2.432000000e+04
2.624000000e+04
2.060800000e+04
2.252800000e+04
2.278400000e+04
2.124800000e+04
2.022400000e+04
2.726400000e+04
2.048000000e+04
2.291200000e+04
2.483200000e+04
1.920000000e+04
2.099200000e+04
2.496000000e+04
2.560000000e+04
2.598400000e+04
2.572800000e+04
2.265600000e+04
2.163200000e+04
2.649600000e+04
2.496000000e+04
2.150400000e+04
2.265600000e+04
2.406400000e+04
2.624000000e+04
2.406400000e+04
