4.382900000e+04
3.411500000e+04
3.685200000e+04
3.642300000e+04
3.271000000e+04
3.595000000e+04
3.564800000e+04
4.158400000e+04
3.368000000e+04
3.403900000e+04
3.387500000e+04
3.881300000e+04
3.543400000e+04
3.475600000e+04
4.109300000e+04
4.011300000e+04
3.504600000e+04
3.983800000e+04
3.512600000e+04
3.941100000e+04
3.678100000e+04
4.252900000e+04
4.013000000e+04
3.789700000e+04
3.979300000e+04
4.316600000e+04
3.215500000e+04
3.616100000e+04
4.178000000e+04
4.234900000e+04

3.686300000e+04
3.628200000e+04
3.440000000e+04
3.206900000e+04
3.639600000e+04
4.557400000e+04
3.576100000e+04
4.890100000e+04
3.406800000e+04
3.844600000e+04
3.658100000e+04
3.591700000e+04
3.636300000e+04
3.802700000e+04
3.962600000e+04
3.276400000e+04
3.408400000e+04
4.022500000e+04
3.353600000e+04
3.705600000e+04
3.590200000e+04
3.474200000e+04
3.627600000e+04
3.628100000e+04
3.383300000e+04
3.659400000e+04
3.734500000e+04
3.850100000e+04
3.547300000e+04
3.414800000e+04
