4.405256633e-05
5.664329465e-05
4.352986992e-05
5.306276901e-05
4.219224843e-05
4.741328911e-05
5.294738929e-05
5.018100954e-05
5.002664878e-05
4.718314248e-05
5.107102997e-05
4.113193663e-05
5.882278441e-05
5.026413704e-05
4.636625679e-05
5.417074687e-05
5.273398487e-05
4.840657818e-05
4.748691391e-05
4.686311469e-05
4.163294068e-05
4.011490675e-05
6.066410556e-05
4.764159252e-05
5.102763696e-05
5.538422509e-05
4.815334989e-05
4.775964633e-05
5.028521371e-05
4.217450078e-05

1.649484796e-04
1.352274660e-04
1.536706960e-04
1.478539212e-04
1.511474582e-04
1.473361354e-04
1.725549246e-04
1.646229315e-04
1.624644936e-04
1.587694967e-04
1.478996545e-04
1.724889027e-04
1.434986675e-04
1.567517848e-04
1.489771649e-04
1.529921178e-04
1.559168478e-04
1.263016530e-04
1.847784064e-04
1.719776055e-04
1.300555749e-04
1.626427926e-04
1.619158595e-04
1.319364861e-04
1.563224252e-04
1.373436386e-04
1.874416022e-04
1.629672946e-04
1.249328594e-04
1.426858191e-04
