1.934790081e-07
2.107310468e-07
1.989928948e-07
1.720869337e-07
2.707270347e-07
1.639033890e-07
2.607440906e-07
1.755720799e-07
1.747525199e-07
2.178638540e-07
2.585383043e-07
1.943945361e-07
2.034541279e-07
1.473144235e-07
2.064930869e-07
1.776049721e-07
2.156650139e-07
2.893420260e-07
2.729027211e-07
1.770377870e-07
3.619926919e-07
2.309282321e-07
1.920612451e-07
1.944065521e-07
2.132276910e-07
2.326084301e-07
2.470339645e-07
2.819091792e-07
2.683279552e-07
2.038313730e-07

7.701413057e-07
4.599038914e-07
9.299405072e-07
9.057188548e-07
9.056335854e-07
5.040803742e-07
1.501333149e-06
1.097309042e-06
9.337557130e-07
5.407121140e-07
3.969236350e-07
5.530821615e-07
7.368228560e-07
1.307669311e-06
6.135987078e-07
8.580799802e-07
5.448003334e-07
4.745958527e-07
1.207871367e-06
4.282404101e-07
8.579795811e-07
4.499317257e-07
6.364594035e-07
6.590525146e-07
6.629460037e-07
8.193983024e-07
6.295825241e-07
5.213513349e-07
2.340641172e-07
1.840529736e-06
