1.923439075e-06
1.865070271e-06
2.383455461e-06
2.152466430e-06
1.797687783e-06
1.973148167e-06
1.684742108e-06
2.113550701e-06
2.152410822e-06
2.301409116e-06
2.248539668e-06
2.670540842e-06
1.884089254e-06
1.881380194e-06
1.749777053e-06
1.855039862e-06
2.247719110e-06
1.846713722e-06
1.783923965e-06
2.154109143e-06
1.921391252e-06
1.865770110e-06
1.768375477e-06
2.228164239e-06
2.156121916e-06
2.243060871e-06
2.095957784e-06
1.873238047e-06
1.545308155e-06
2.029414937e-06

1.446554681e-06
1.589834059e-06
1.473525513e-06
1.558557404e-06
1.555631698e-06
1.395999602e-06
1.840355206e-06
1.568632882e-06
1.366591288e-06
1.707051786e-06
1.460802970e-06
1.549139050e-06
1.691527690e-06
1.655660101e-06
1.458040937e-06
1.247522226e-06
1.503182649e-06
1.558918202e-06
1.354273775e-06
1.619194748e-06
2.048802821e-06
1.708976375e-06
1.479913011e-06
1.506606078e-06
1.534112518e-06
1.426493823e-06
1.508827793e-06
1.352433298e-06
1.494901619e-06
1.534790082e-06
