Number of sample populations = 3. Total number of values in the input = 90
54 0 1
58 0 2
62 0 3
63 0 4
64 0 6.5
64 0 6.5
64 0 6.5
64 0 6.5
65 0 9
66 0 10
66 0 10
67 0 12
67 0 12
68 0 14
68 0 14
70 0 16
70 0 16
72 0 19
72 0 19
72 0 19
73 0 21
74 0 22
75 0 23
76 1 24
76 0 24
78 1 26
79 0 27
82 0 28
83 0 29
85 0 30
86 0 31
93 1 32
95 2 33
96 0 34
96 1 34
97 1 36
99 1 37
100 1 38
101 1 39
102 1 40
106 1 41
107 1 42
107 1 42
108 1 45
108 1 45
108 1 45
109 1 47
110 1 48
110 1 48
115 1 50
116 1 52
116 1 52
118 1 53
121 2 54
123 1 56
123 1 56
124 1 57
125 2 58
128 2 59
132 2 60
135 1 61
136 2 62
141 2 64
141 1 64
143 1 66
143 1 66
146 2 67
147 1 68
149 2 69
150 2 70
153 2 71
155 2 72
158 2 73
159 2 74
162 2 76
162 2 76
167 2 77
170 2 78
171 2 79
172 2 80
179 2 81
187 2 82
187 2 82
190 2 84
203 2 85
220 2 86
224 2 87
243 2 88
274 2 89
277 2 90
Total number of ties =21
Number of samples = 30; sum = 480
Number of samples = 30; sum = 1409.5
Number of samples = 30; sum = 2205.5
Corrected T value =72.8712
p-value to accept the null hypothesis that all distribution functions are identical = 1.50041923e-16
