1.390529548e-06
1.518387264e-06
1.489259389e-06
1.269912982e-06
1.445940470e-06
1.353122918e-06
1.574764413e-06
1.371360585e-06
1.388917054e-06
1.473276012e-06
1.474089983e-06
1.306583204e-06
1.497181776e-06
1.520071374e-06
1.284942348e-06
1.435871818e-06
1.479809139e-06
1.522683787e-06
1.492802419e-06
1.478814170e-06
1.385682526e-06
1.441036164e-06
1.214174834e-06
1.252267770e-06
1.423854225e-06
1.365242906e-06
1.519980516e-06
1.124595323e-06
1.284775162e-06
1.265931988e-06

3.068311662e-06
3.168180544e-06
1.966996955e-06
2.507287553e-06
2.165845738e-06
2.277760397e-06
2.652148286e-06
2.403414163e-06
2.243866738e-06
2.896466165e-06
2.438663230e-06
2.431457529e-06
2.620132390e-06
2.839761991e-06
2.482809453e-06
2.783693983e-06
3.179692190e-06
2.633111818e-06
2.766211884e-06
2.643214043e-06
2.388794258e-06
2.677218760e-06
3.128779306e-06
2.621782807e-06
2.173568725e-06
2.291703417e-06
2.383916778e-06
2.578000017e-06
2.651454315e-06
2.509114417e-06
