4.404500000e+04
4.943100000e+04
4.944600000e+04
4.800000000e+04
4.782100000e+04
4.602900000e+04
4.986500000e+04
4.939800000e+04
4.998000000e+04
4.821900000e+04
4.818100000e+04
4.933500000e+04
4.614800000e+04
4.816300000e+04
5.011400000e+04
4.555000000e+04
4.761400000e+04
5.011100000e+04
4.774400000e+04
4.576800000e+04
4.903400000e+04
4.820000000e+04
5.354100000e+04
4.820600000e+04
4.832600000e+04
4.544500000e+04
4.582800000e+04
4.578000000e+04
5.439900000e+04
5.234200000e+04

7.913247710e+08
7.954573050e+08
7.893595670e+08
7.912956900e+08
7.913879140e+08
7.923880350e+08
7.903241630e+08
7.914070190e+08
7.953490420e+08
7.913044850e+08
7.893626350e+08
7.893843350e+08
7.894487960e+08
8.027737660e+08
7.894301010e+08
7.893825270e+08
7.901698310e+08
7.913265730e+08
7.923074010e+08
7.913749040e+08
7.913474300e+08
7.910157140e+08
7.942788290e+08
7.936538040e+08
7.893555540e+08
7.903209030e+08
7.913883660e+08
7.933521000e+08
7.893671610e+08
7.914252540e+08
