2.820000000e+02
3.120000000e+02
3.590000000e+02
2.930000000e+02
3.040000000e+02
3.090000000e+02
3.410000000e+02
3.330000000e+02
3.250000000e+02
2.930000000e+02
2.730000000e+02
3.000000000e+02
3.760000000e+02
3.310000000e+02
3.290000000e+02
3.550000000e+02
2.750000000e+02
3.600000000e+02
3.050000000e+02
3.350000000e+02
3.500000000e+02
3.190000000e+02
3.170000000e+02
2.900000000e+02
3.000000000e+02
2.750000000e+02
3.360000000e+02
3.540000000e+02
2.710000000e+02
3.050000000e+02

4.430000000e+02
4.010000000e+02
3.790000000e+02
3.740000000e+02
3.320000000e+02
3.780000000e+02
3.710000000e+02
3.180000000e+02
3.670000000e+02
3.000000000e+02
3.470000000e+02
3.680000000e+02
3.430000000e+02
4.410000000e+02
3.560000000e+02
4.190000000e+02
3.310000000e+02
3.400000000e+02
3.730000000e+02
4.440000000e+02
3.610000000e+02
3.680000000e+02
3.680000000e+02
4.230000000e+02
3.220000000e+02
5.150000000e+02
3.940000000e+02
3.070000000e+02
3.360000000e+02
4.280000000e+02
