7.181501002e-07
9.602140897e-07
1.017306727e-06
1.253744096e-06
9.368414584e-07
1.144970831e-06
8.079047011e-07
8.887915663e-07
8.407224327e-07
9.695431422e-07
1.082694566e-06
8.929083287e-07
8.695773340e-07
9.162712993e-07
1.111872701e-06
1.196734612e-06
1.139571036e-06
1.614930641e-06
1.286660390e-06
1.588465557e-06
8.620992976e-07
1.163274645e-06
1.141189997e-06
1.293715273e-06
9.338513616e-07
1.474967188e-06
8.074578752e-07
1.186397935e-06
1.003611412e-06
1.258612873e-06

2.366012604e-06
4.095018739e-06
2.104572227e-06
2.368655116e-06
2.385976816e-06
2.695725009e-06
3.924760027e-06
2.120555285e-06
1.935968962e-06
1.871941881e-06
2.208882941e-06
2.714469381e-06
2.387162802e-06
4.382177654e-06
2.305756217e-06
1.842940872e-06
4.241302705e-06
2.285672525e-06
2.067406675e-06
3.024971666e-06
1.946970508e-06
1.543110593e-06
2.055551837e-06
1.639203471e-06
1.988552423e-06
2.499049756e-06
1.880730734e-06
2.464022726e-06
2.639218039e-06
3.004748692e-06
