Number of sample populations = 3. Total number of values in the input = 90
34 1 1
35 1 3
35 0 3
35 0 3
36 1 6
36 1 6
36 0 6
37 1 8.5
37 1 8.5
38 1 10
38 0 10
39 1 14
39 1 14
39 1 14
39 0 14
39 1 14
39 0 14
40 1 20
40 1 20
40 0 20
40 0 20
40 1 20
40 1 20
41 1 24
42 1 26
42 1 26
42 0 26
43 0 30
43 0 30
43 1 30
43 1 30
43 1 30
44 0 34
44 0 34
44 0 34
45 0 38
45 1 38
45 1 38
45 0 38
45 0 38
46 0 42
46 0 42
47 0 45
47 1 45
47 1 45
47 0 45
47 0 45
48 0 49
48 1 49
48 1 49
49 0 52
49 1 52
50 0 54
50 0 54
51 0 56
51 1 56
52 1 57
53 0 58
58 2 60
58 0 60
58 2 60
59 2 62
59 0 62
60 2 64
60 2 64
61 2 67
61 2 67
61 2 67
62 2 70
62 2 70
63 2 72
63 2 72
64 2 74
64 2 74
67 2 75
68 2 76
69 2 77
70 2 80
70 2 80
70 2 80
70 2 80
71 2 82
72 2 83
75 2 84
75 2 84
76 2 87
76 2 87
76 2 87
80 2 89
88 2 90
Total number of ties =53
Number of samples = 30; sum = 1056
Number of samples = 30; sum = 777.5
Number of samples = 30; sum = 2261.5
Corrected T value =60.8663
p-value to accept the null hypothesis that all distribution functions are identical = 6.06814155e-14
