5.592320000e+05
6.714880000e+05
5.800960000e+05
5.122560000e+05
6.787840000e+05
6.332160000e+05
5.143040000e+05
5.370880000e+05
5.015040000e+05
5.550080000e+05
5.514240000e+05
6.784000000e+05
5.656320000e+05
7.005440000e+05
6.133760000e+05
5.414400000e+05
5.030400000e+05
5.635840000e+05
5.093120000e+05
5.082880000e+05
5.425920000e+05
7.454720000e+05
5.574400000e+05
5.204480000e+05
5.446400000e+05
7.384320000e+05
5.317120000e+05
5.254400000e+05
6.163200000e+05
5.872640000e+05

3.700144077e+10
3.700152653e+10
3.700147968e+10
3.500141594e+10
3.000174746e+10
3.300168499e+10
3.500148378e+10
3.800145293e+10
3.600149862e+10
3.400165286e+10
3.800151898e+10
3.100157914e+10
3.600122330e+10
2.900181978e+10
3.200156045e+10
3.900141722e+10
2.900193293e+10
3.300167411e+10
2.800173043e+10
3.200177690e+10
3.300156877e+10
3.400157568e+10
3.500160486e+10
3.200147661e+10
3.500151232e+10
2.900175680e+10
3.200163840e+10
3.400155110e+10
3.100158835e+10
3.600149491e+10
