Number of sample populations = 3. Total number of values in the input = 90
188 0 1
201 0 2
203 0 3
204 0 4
222 0 5
225 0 6
228 0 7
232 0 8.5
232 0 8.5
236 1 10
242 0 11
243 1 12
247 0 13
248 1 14
250 0 16
250 0 16
250 0 16
250 0 16
251 0 19
254 0 23
254 0 23
254 0 23
254 0 23
254 0 23
254 0 23
254 0 23
255 1 27
257 0 29
257 0 29
257 1 29
259 0 31
262 0 32
279 0 33
281 1 34
282 0 36
282 1 36
285 1 37
287 1 38
290 1 39
294 1 40
295 1 41
300 0 42
308 1 43
313 1 44
313 1 44
318 1 46
319 1 47
328 1 48
332 1 49
334 1 50
335 1 51
352 1 52
355 1 53
357 1 54
362 1 55
369 1 56
375 1 57
379 1 58
396 1 59
417 1 60
8624 2 61
8627 2 62
8632 2 63
8637 2 64
8642 2 65
8651 2 66
8675 2 67
8678 2 68
8695 2 69
8714 2 70
8723 2 72
8723 2 72
8723 2 72
8798 2 74
9053 2 75
9101 2 76
9102 2 78
9102 2 78
9102 2 78
9102 2 78
9683 2 81
9687 2 84
9687 2 84
9687 2 84
9687 2 84
9940 2 86
84649 2 87
84761 2 88
84825 2 89
84857 2 90
Total number of ties =22
Number of samples = 30; sum = 546.5
Number of samples = 30; sum = 1283.5
Number of samples = 30; sum = 2265
Corrected T value =72.6629
p-value to accept the null hypothesis that all distribution functions are identical = 1.66516259e-16
