1.152877610e-06
1.140743690e-06
1.120787622e-06
9.994872640e-07
1.128725937e-06
1.112944476e-06
1.066226399e-06
1.050629808e-06
1.116197008e-06
1.225141330e-06
1.097378384e-06
1.079866106e-06
1.131285296e-06
1.219045527e-06
1.110440846e-06
1.231684836e-06
1.115342957e-06
1.005958355e-06
1.097140779e-06
1.169079470e-06
1.133750723e-06
1.133492320e-06
1.114647788e-06
1.106301768e-06
1.190859847e-06
1.093425733e-06
1.079820757e-06
1.130352762e-06
1.136596827e-06
1.186320091e-06

1.709718091e-06
1.467822484e-06
1.644130851e-06
1.618934309e-06
1.737700019e-06
1.731261462e-06
1.649046255e-06
1.683491131e-06
1.797538282e-06
1.511231064e-06
1.779646204e-06
1.658604649e-06
1.672801760e-06
1.812948486e-06
1.785068315e-06
1.739096105e-06
1.757728382e-06
1.688283342e-06
1.629032303e-06
1.795813693e-06
1.773026690e-06
1.703255981e-06
1.723395881e-06
1.655522536e-06
1.592476811e-06
1.743138536e-06
1.858810756e-06
1.661614985e-06
1.679123391e-06
1.677615967e-06
