2.500000000e+01
2.400000000e+01
2.200000000e+01
2.400000000e+01
2.000000000e+01
2.200000000e+01
2.400000000e+01
2.100000000e+01
2.100000000e+01
2.100000000e+01
2.200000000e+01
5.000000000e+01
2.300000000e+01
2.200000000e+01
2.000000000e+01
2.100000000e+01
1.900000000e+01
5.000000000e+01
2.600000000e+01
2.300000000e+01
3.200000000e+01
2.100000000e+01
2.200000000e+01
2.100000000e+01
2.400000000e+01
2.400000000e+01
2.200000000e+01
2.500000000e+01
2.400000000e+01
2.100000000e+01

3.900000000e+01
4.700000000e+01
3.500000000e+01
4.000000000e+01
3.900000000e+01
3.700000000e+01
3.800000000e+01
3.800000000e+01
4.400000000e+01
4.100000000e+01
3.700000000e+01
3.600000000e+01
4.000000000e+01
3.700000000e+01
3.200000000e+01
3.800000000e+01
4.300000000e+01
3.800000000e+01
4.500000000e+01
4.000000000e+01
4.000000000e+01
3.600000000e+01
4.200000000e+01
3.900000000e+01
3.900000000e+01
4.300000000e+01
3.300000000e+01
3.700000000e+01
4.000000000e+01
4.100000000e+01
