1.654070000e+05
1.588980000e+05
1.509820000e+05
1.749520000e+05
1.577580000e+05
1.705200000e+05
1.484960000e+05
1.517260000e+05
1.630440000e+05
1.611480000e+05
1.692690000e+05
1.863720000e+05
1.708700000e+05
1.597680000e+05
1.704890000e+05
1.443020000e+05
1.742180000e+05
1.778570000e+05
1.591250000e+05
1.630730000e+05
1.625480000e+05
1.903360000e+05
1.500310000e+05
1.469050000e+05
1.636250000e+05
1.657310000e+05
1.884230000e+05
1.634480000e+05
1.505200000e+05
1.377030000e+05

2.081820000e+05
1.192788000e+06
2.037110000e+05
2.108820000e+05
1.930830000e+05
2.103860000e+05
2.053370000e+05
1.963020000e+05
2.037640000e+05
2.136760000e+05
1.986640000e+05
2.056450000e+05
2.014590000e+05
2.118370000e+05
2.111300000e+05
2.055990000e+05
2.111100000e+05
2.079170000e+05
2.027780000e+05
2.077680000e+05
2.048930000e+05
1.197376000e+06
2.009480000e+05
2.037770000e+05
2.042940000e+05
2.082500000e+05
1.955020000e+05
2.047580000e+05
2.068080000e+05
2.123440000e+05
