2.290000000e+04
2.183300000e+04
2.275000000e+04
2.230500000e+04
2.254300000e+04
2.232300000e+04
2.247300000e+04
2.323300000e+04
2.181500000e+04
2.325600000e+04
2.220500000e+04
2.303100000e+04
2.193900000e+04
2.288100000e+04
2.322700000e+04
2.170600000e+04
2.293700000e+04
2.274700000e+04
2.333400000e+04
1.928400000e+04
2.244600000e+04
2.349500000e+04
2.312900000e+04
2.408400000e+04
2.241000000e+04
2.704300000e+04
2.285600000e+04
2.136800000e+04
2.343100000e+04
2.065300000e+04

5.835200000e+04
5.530100000e+04
5.130400000e+04
4.846000000e+04
5.348100000e+04
4.918700000e+04
5.397600000e+04
5.681400000e+04
5.214400000e+04
4.476300000e+04
5.218300000e+04
5.330000000e+04
5.436600000e+04
5.414100000e+04
5.381000000e+04
5.866200000e+04
5.262900000e+04
5.522600000e+04
4.867800000e+04
5.201000000e+04
5.451200000e+04
4.601700000e+04
5.319900000e+04
5.499100000e+04
5.230800000e+04
5.397200000e+04
5.679700000e+04
5.330900000e+04
5.368700000e+04
5.366800000e+04
