-1.280000000e+02
-1.280000000e+02
-1.280000000e+02
-1.280000000e+02
-1.280000000e+02
-1.280000000e+02
-1.280000000e+02
-1.280000000e+02
-1.280000000e+02
-1.280000000e+02
-1.280000000e+02
-1.280000000e+02
-1.280000000e+02
-1.280000000e+02
-1.280000000e+02
-1.280000000e+02
-1.280000000e+02
-1.280000000e+02
-1.280000000e+02
-1.280000000e+02
-1.280000000e+02
-1.280000000e+02
-1.280000000e+02
-1.280000000e+02
-1.280000000e+02
-1.280000000e+02
-1.280000000e+02
-1.280000000e+02
-1.280000000e+02
-1.280000000e+02
