6.452000000e+03
6.522000000e+03
6.252000000e+03
6.301000000e+03
6.342000000e+03
6.279000000e+03
6.325000000e+03
6.410000000e+03
6.376000000e+03
6.236000000e+03
6.348000000e+03
6.279000000e+03
6.236000000e+03
6.356000000e+03
6.346000000e+03
6.229000000e+03
6.232000000e+03
6.344000000e+03
6.349000000e+03
6.231000000e+03
6.418000000e+03
6.298000000e+03
6.301000000e+03
6.263000000e+03
6.334000000e+03
6.362000000e+03
6.332000000e+03
6.327000000e+03
6.335000000e+03
6.219000000e+03

1.044000000e+03
1.000000000e+03
1.014000000e+03
9.950000000e+02
1.183000000e+03
1.000000000e+03
9.980000000e+02
1.009000000e+03
9.950000000e+02
1.009000000e+03
1.022000000e+03
1.025000000e+03
1.000000000e+03
1.008000000e+03
1.000000000e+03
9.950000000e+02
1.066000000e+03
9.950000000e+02
9.950000000e+02
1.000000000e+03
1.008000000e+03
1.008000000e+03
1.008000000e+03
9.950000000e+02
1.008000000e+03
9.950000000e+02
1.008000000e+03
1.056000000e+03
1.000000000e+03
1.095000000e+03
