5.178506598e-07
5.725495272e-07
5.185550902e-07
4.924198669e-07
5.507355371e-07
5.549515409e-07
5.990624349e-07
4.856499335e-07
4.958506419e-07
5.628887784e-07
4.792354090e-07
4.757277478e-07
5.427404952e-07
4.580686836e-07
4.999729531e-07
4.578417378e-07
5.225346072e-07
5.229941676e-07
5.041713521e-07
5.089420859e-07
5.370325568e-07
5.035353048e-07
5.599742504e-07
4.941501645e-07
4.801346496e-07
4.664178969e-07
5.237353645e-07
4.987517567e-07
4.965301622e-07
5.981447112e-07

7.644548443e-07
7.101586511e-07
6.214462448e-07
6.041191963e-07
7.829646063e-07
7.398408170e-07
5.783741122e-07
6.190052093e-07
6.756129372e-07
5.460827274e-07
5.650916106e-07
6.026828304e-07
6.868329659e-07
6.108228622e-07
6.390196005e-07
6.437355239e-07
6.696606876e-07
6.516083304e-07
6.554951529e-07
5.895354983e-07
6.210045686e-07
6.129081695e-07
6.751162510e-07
6.848687363e-07
8.245662014e-07
6.871304905e-07
6.472688138e-07
5.949172893e-07
6.697561765e-07
6.109731216e-07
