3.115200000e+04
3.012900000e+04
3.194100000e+04
2.805900000e+04
2.946500000e+04
3.163000000e+04
3.022700000e+04
3.279000000e+04
2.746800000e+04
2.886800000e+04
3.221800000e+04
2.770600000e+04
3.169900000e+04
2.884700000e+04
3.134900000e+04
2.801600000e+04
2.960800000e+04
2.789000000e+04
3.002700000e+04
2.773900000e+04
2.988900000e+04
3.006400000e+04
3.247700000e+04
2.959800000e+04
3.066000000e+04
2.674700000e+04
3.294100000e+04
2.813000000e+04
2.925900000e+04
2.838000000e+04

4.127300000e+04
4.445900000e+04
4.041500000e+04
4.377200000e+04
4.003600000e+04
4.293300000e+04
4.280100000e+04
4.366400000e+04
4.299200000e+04
4.310300000e+04
4.272300000e+04
3.985000000e+04
4.058700000e+04
3.971900000e+04
4.690400000e+04
3.986700000e+04
4.778200000e+04
4.040100000e+04
4.062900000e+04
4.159500000e+04
4.128300000e+04
4.215300000e+04
4.114900000e+04
4.097600000e+04
4.217100000e+04
3.994200000e+04
4.120600000e+04
3.907900000e+04
4.354100000e+04
4.126200000e+04
