Number of sample populations = 3. Total number of values in the input = 90
137 0 1
153 0 2
164 0 3
167 0 4
169 1 5
171 1 6
172 1 7.5
172 0 7.5
176 0 9.5
176 1 9.5
177 1 11
178 0 12
181 0 13
183 1 14
184 1 15
185 0 16
185 0 16
188 0 18
188 0 18
190 1 20
193 0 21
194 0 22
194 1 22
195 0 24
195 0 24
196 0 26
197 1 27
199 1 28
199 0 28
203 1 30
204 1 31
206 0 32
206 1 32
207 0 34
209 0 35
210 1 38
210 0 38
210 0 38
210 0 38
211 1 40
213 0 42
213 0 42
215 1 43
216 1 44
218 1 45
226 1 46
229 1 47
233 0 48
235 1 49
237 0 50
238 1 51
244 1 53
244 1 53
244 1 53
247 0 55
259 1 56
261 1 57
267 1 58
270 2 59
271 1 60
276 2 61
281 2 62
283 2 66
283 2 66
283 2 66
283 2 66
283 2 66
283 2 66
283 2 66
283 2 66
284 2 71
287 0 72
288 2 73
290 2 74
292 2 75
293 2 76
294 2 77
296 2 78
297 2 80
297 2 80
297 2 80
297 2 80
309 2 83
353 2 84
382 2 85
415 2 86
426 2 87
430 2 88
550 2 89
895 2 90
Total number of ties =24
Number of samples = 30; sum = 791
Number of samples = 30; sum = 1052
Number of samples = 30; sum = 2252
Corrected T value =59.3594
p-value to accept the null hypothesis that all distribution functions are identical = 1.28902572e-13
