6.700000000e+01
6.000000000e+01
4.500000000e+01
4.900000000e+01
7.300000000e+01
7.100000000e+01
5.300000000e+01
5.800000000e+01
6.800000000e+01
5.600000000e+01
8.100000000e+01
5.400000000e+01
8.100000000e+01
6.800000000e+01
7.300000000e+01
7.000000000e+01
5.400000000e+01
7.300000000e+01
4.900000000e+01
8.500000000e+01
5.000000000e+01
6.800000000e+01
6.300000000e+01
5.700000000e+01
6.700000000e+01
6.000000000e+01
6.000000000e+01
5.200000000e+01
6.900000000e+01
4.600000000e+01

4.450000000e+02
5.370000000e+02
3.060000000e+02
4.140000000e+02
3.450000000e+02
3.640000000e+02
5.490000000e+02
2.850000000e+02
7.160000000e+02
4.150000000e+02
3.700000000e+02
4.380000000e+02
3.080000000e+02
4.590000000e+02
4.100000000e+02
6.290000000e+02
6.650000000e+02
5.460000000e+02
3.660000000e+02
5.810000000e+02
5.060000000e+02
4.140000000e+02
3.280000000e+02
4.200000000e+02
3.180000000e+02
4.890000000e+02
4.210000000e+02
5.410000000e+02
6.880000000e+02
3.830000000e+02
