1.833480186e-05
1.954205818e-05
1.756354946e-05
2.008876414e-05
2.214758564e-05
2.017704976e-05
2.360402650e-05
1.507799842e-05
2.088657700e-05
2.186512149e-05
1.646840593e-05
2.404409743e-05
1.646109276e-05
1.707876148e-05
1.699274872e-05
1.961674174e-05
1.658890433e-05
2.160476702e-05
1.891114137e-05
1.811301007e-05
2.239937808e-05
2.124493404e-05
1.827928176e-05
2.328357911e-05
1.838025599e-05
2.219319673e-05
2.119065574e-05
2.139402112e-05
2.096473265e-05
2.171435026e-05

3.849941911e-05
3.623220692e-05
3.778790784e-05
3.992539141e-05
3.575461195e-05
3.593828187e-05
3.481487169e-05
3.696596371e-05
3.680522160e-05
3.624802212e-05
3.775824887e-05
3.677790530e-05
3.677124503e-05
3.875968024e-05
3.563642089e-05
3.618199803e-05
3.609876330e-05
3.807444460e-05
3.585365496e-05
3.651166672e-05
3.797241524e-05
3.519712684e-05
3.897681623e-05
3.494793407e-05
4.062157954e-05
3.508156656e-05
3.806152505e-05
3.905800330e-05
3.655384217e-05
3.725089604e-05
