3.207740200e+07
1.702942000e+07
4.850372500e+07
3.341846300e+07
1.871626000e+07
1.844500800e+07
2.431082600e+07
2.007176500e+07
3.929205600e+07
4.811715500e+07
1.796570300e+07
1.571875600e+07
2.608182300e+07
2.985875700e+07
4.673269800e+07
2.465332300e+07
3.392307900e+07
4.744556600e+07
1.747074200e+07
4.911756700e+07
1.606059600e+07
1.747120600e+07
2.796749800e+07
1.842548100e+07
2.997485000e+07
4.444802800e+07
1.968872600e+07
5.162530200e+07
2.869946400e+07
4.437399400e+07

7.517109300e+07
7.279257700e+07
7.168258700e+07
6.649736800e+07
8.887407200e+07
5.443506100e+07
7.746072000e+07
7.879069500e+07
6.216486200e+07
8.161588000e+07
8.397090400e+07
1.137260560e+08
6.387827800e+07
7.002674400e+07
6.135808100e+07
7.822288200e+07
5.494025900e+07
7.733022800e+07
7.677963200e+07
8.862102900e+07
8.014243700e+07
7.388487600e+07
7.861846800e+07
7.990712500e+07
8.188922200e+07
6.293546400e+07
8.323667500e+07
8.126909100e+07
6.239315600e+07
6.250329500e+07
