7.001074436e-07
9.703312852e-07
9.344773090e-07
7.547868700e-07
8.004780418e-07
1.006966658e-06
9.638451439e-07
9.941608821e-07
1.034650223e-06
1.018379061e-06
1.081141154e-06
7.626055049e-07
7.295917654e-07
9.750642146e-07
8.648442050e-07
1.017440460e-06
7.879853198e-07
8.973032145e-07
8.768719774e-07
1.320711134e-06
8.475362383e-07
9.862674768e-07
7.612103765e-07
1.427179970e-06
1.081292891e-06
1.226699691e-06
1.077588463e-06
8.698281921e-07
9.362381855e-07
7.809844486e-07

2.378425326e-06
4.107431461e-06
2.116984949e-06
2.381067838e-06
2.398389538e-06
2.708137731e-06
3.937172749e-06
2.132968007e-06
1.948381684e-06
1.884354603e-06
2.221295663e-06
2.726882103e-06
2.399575525e-06
4.394590376e-06
2.318168939e-06
1.855353594e-06
4.253715427e-06
2.298085247e-06
2.079819397e-06
3.037384388e-06
1.959383230e-06
1.555523315e-06
2.067964559e-06
1.651616193e-06
2.000965145e-06
2.511462479e-06
1.893143456e-06
2.476435448e-06
2.651630762e-06
3.017161414e-06
