7.884140000e+06
7.412503000e+06
8.072195000e+06
7.719260000e+06
7.619915000e+06
8.072900000e+06
7.732497000e+06
7.773037000e+06
7.508373000e+06
7.370403000e+06
7.880826000e+06
7.994219000e+06
7.897333000e+06
6.938713000e+06
8.589913100e+07
7.549260000e+06
7.689227000e+06
8.329017000e+06
7.638293000e+06
6.472517100e+07
1.546016800e+07
7.483435000e+06
4.224350700e+07
8.131284000e+06
7.793178000e+06
7.414350000e+06
1.490621400e+07
7.526964000e+06
6.588048000e+06
7.408447000e+06

2.779108800e+07
2.668014600e+07
9.922028000e+06
2.457739100e+07
1.932039000e+07
1.906393100e+07
3.024336700e+07
2.684921800e+07
1.923913000e+07
4.484216500e+07
2.882546400e+07
2.485970600e+07
2.835556400e+07
3.132460700e+07
1.846626300e+07
2.593276300e+07
3.172418500e+07
2.669944300e+07
2.674891700e+07
1.994590100e+07
3.870887500e+07
2.677618000e+07
2.386021000e+07
2.562533700e+07
2.659150300e+07
1.831563500e+07
2.747326900e+07
1.990819000e+07
2.454846600e+07
1.713711100e+07
