8.448000000e+03
7.936000000e+03
8.320000000e+03
8.192000000e+03
8.192000000e+03
8.320000000e+03
7.040000000e+03
8.576000000e+03
8.704000000e+03
8.832000000e+03
6.912000000e+03
8.448000000e+03
6.528000000e+03
9.344000000e+03
9.088000000e+03
8.192000000e+03
8.576000000e+03
8.448000000e+03
9.344000000e+03
9.216000000e+03
6.144000000e+03
8.064000000e+03
5.888000000e+03
6.272000000e+03
8.064000000e+03
8.448000000e+03
8.192000000e+03
7.168000000e+03
6.528000000e+03
7.552000000e+03

2.611200000e+04
1.958400000e+04
2.380800000e+04
2.432000000e+04
2.636800000e+04
1.932800000e+04
2.406400000e+04
2.496000000e+04
2.380800000e+04
2.291200000e+04
2.291200000e+04
2.393600000e+04
2.905600000e+04
2.214400000e+04
2.496000000e+04
2.112000000e+04
1.587200000e+04
2.393600000e+04
2.265600000e+04
2.163200000e+04
2.099200000e+04
2.496000000e+04
1.920000000e+04
2.457600000e+04
2.099200000e+04
2.764800000e+04
2.137600000e+04
2.176000000e+04
2.073600000e+04
2.483200000e+04
