5.676125262e-07
5.482901503e-07
5.795146700e-07
6.611115944e-07
5.451325886e-07
5.737270111e-07
5.558827575e-07
5.608815948e-07
5.749472095e-07
6.407516946e-07
6.011007163e-07
5.773025365e-07
5.283110485e-07
5.387870460e-07
4.899107277e-07
5.266623476e-07
5.437248056e-07
5.108414452e-07
5.699442604e-07
5.764659704e-07
5.987490619e-07
5.584512180e-07
5.615259854e-07
6.076101309e-07
5.603687011e-07
4.818476219e-07
6.632824505e-07
5.424622120e-07
5.504419645e-07
4.855128478e-07

8.156067293e-07
7.605087405e-07
7.382648106e-07
8.091183126e-07
7.364928364e-07
7.490281532e-07
7.629163229e-07
7.595591207e-07
7.132410432e-07
7.498614058e-07
8.550050931e-07
7.630092570e-07
7.875303103e-07
7.867041634e-07
8.097922042e-07
6.960939945e-07
7.371514784e-07
7.602143695e-07
7.725961536e-07
7.230734087e-07
7.854147036e-07
7.606875427e-07
8.251804123e-07
7.787491215e-07
7.184710580e-07
8.192457277e-07
7.654813104e-07
7.723292476e-07
7.394981028e-07
6.917062145e-07
