6.073096961e-06
5.237442268e-06
5.775835941e-06
6.271074887e-06
5.897635819e-06
5.666923195e-06
7.167931235e-06
6.677673921e-06
6.818474619e-06
6.226248225e-06
5.883818667e-06
6.080040906e-06
5.892786922e-06
7.060463399e-06
6.436289851e-06
6.450770875e-06
6.427532654e-06
6.210678141e-06
6.769506684e-06
6.824418245e-06
6.576152506e-06
6.335465002e-06
6.548016925e-06
6.788488381e-06
6.969584847e-06
6.086116349e-06
6.151436763e-06
5.722590725e-06
6.819641085e-06
6.288542095e-06

1.005964248e-05
9.358065572e-06
9.044717542e-06
7.747174688e-06
1.007606749e-05
9.611093902e-06
1.066918929e-05
9.006663249e-06
1.003853008e-05
8.408850314e-06
1.069583306e-05
9.345344627e-06
1.073643397e-05
8.831860829e-06
9.147425942e-06
8.104233173e-06
9.164138660e-06
1.084519810e-05
8.183623713e-06
8.581767306e-06
1.133669178e-05
9.744732331e-06
1.013968607e-05
9.386222869e-06
9.953458270e-06
1.139873132e-05
9.145650295e-06
8.820086030e-06
8.737870743e-06
9.052416057e-06
