2.290000000e+02
2.610000000e+02
1.770000000e+02
1.840000000e+02
2.150000000e+02
2.110000000e+02
2.350000000e+02
2.040000000e+02
2.590000000e+02
2.180000000e+02
2.100000000e+02
2.710000000e+02
2.440000000e+02
1.710000000e+02
2.440000000e+02
2.380000000e+02
2.030000000e+02
1.720000000e+02
1.690000000e+02
2.160000000e+02
2.060000000e+02
1.830000000e+02
2.440000000e+02
2.260000000e+02
1.940000000e+02
1.990000000e+02
2.670000000e+02
1.760000000e+02
1.970000000e+02
1.900000000e+02

2.130000000e+02
1.370000000e+02
1.880000000e+02
2.870000000e+02
1.880000000e+02
2.130000000e+02
2.450000000e+02
1.930000000e+02
1.960000000e+02
1.850000000e+02
1.990000000e+02
1.820000000e+02
2.100000000e+02
1.530000000e+02
1.720000000e+02
1.780000000e+02
2.330000000e+02
1.940000000e+02
1.890000000e+02
1.760000000e+02
1.810000000e+02
2.100000000e+02
2.060000000e+02
1.640000000e+02
1.850000000e+02
1.670000000e+02
2.100000000e+02
2.090000000e+02
2.310000000e+02
2.070000000e+02
