3.855400000e+04
3.815700000e+04
3.571800000e+04
3.316500000e+04
3.949100000e+04
3.636600000e+04
3.785800000e+04
3.628200000e+04
3.422600000e+04
3.637400000e+04
3.865000000e+04
3.832600000e+04
3.813400000e+04
3.474900000e+04
3.569700000e+04
3.674500000e+04
3.869600000e+04
3.662700000e+04
3.645500000e+04
3.504900000e+04
3.637300000e+04
3.732800000e+04
3.757200000e+04
3.885400000e+04
3.800600000e+04
3.682200000e+04
3.473100000e+04
3.495000000e+04
3.610600000e+04
3.819200000e+04

4.779000000e+04
4.441300000e+04
5.015600000e+04
4.915200000e+04
5.104700000e+04
4.072100000e+04
4.616300000e+04
5.587700000e+04
4.687000000e+04
4.559000000e+04
4.536100000e+04
4.584700000e+04
4.148800000e+04
5.238300000e+04
4.472500000e+04
4.931700000e+04
4.863100000e+04
4.524800000e+04
5.348200000e+04
4.962600000e+04
5.251700000e+04
4.595400000e+04
4.741000000e+04
4.810100000e+04
5.159500000e+04
5.569600000e+04
4.724800000e+04
4.900300000e+04
5.053500000e+04
5.184900000e+04
