1.545119221e-05
1.701023628e-05
1.785860170e-05
1.630378557e-05
1.657779959e-05
1.919237294e-05
1.950767103e-05
1.651846763e-05
1.630030043e-05
1.767161662e-05
2.051697721e-05
1.778200358e-05
1.815717601e-05
1.796344104e-05
2.134518269e-05
1.975046572e-05
1.850304445e-05
1.763504708e-05
1.524720491e-05
1.850775638e-05
1.584808004e-05
1.671155135e-05
1.770664648e-05
1.668175058e-05
1.781627548e-05
1.543322133e-05
1.892179868e-05
1.658243555e-05
2.410971234e-05
1.702937056e-05

1.612454748e-04
1.665470091e-04
1.528945111e-04
1.660328188e-04
1.486947761e-04
1.695650789e-04
1.609006284e-04
1.533633088e-04
1.649143194e-04
1.666841422e-04
1.629426138e-04
1.569446743e-04
1.465223205e-04
1.592778368e-04
1.539408478e-04
1.583984491e-04
1.609100111e-04
1.524237950e-04
1.710314740e-04
1.660818508e-04
1.488991081e-04
1.405592841e-04
1.474950754e-04
1.493198131e-04
1.514618596e-04
1.565221526e-04
1.638226731e-04
1.470414893e-04
1.591178763e-04
1.497869370e-04
