1.100000000e+03
6.620000000e+02
7.240000000e+02
7.800000000e+02
7.490000000e+02
1.293000000e+03
6.140000000e+02
8.620000000e+02
9.400000000e+02
6.070000000e+02
7.570000000e+02
8.880000000e+02
6.970000000e+02
7.480000000e+02
5.280000000e+02
7.720000000e+02
7.980000000e+02
7.350000000e+02
1.225000000e+03
5.140000000e+02
6.580000000e+02
1.327000000e+03
9.030000000e+02
7.290000000e+02
9.850000000e+02
7.550000000e+02
6.590000000e+02
8.040000000e+02
7.070000000e+02
7.740000000e+02

2.682000000e+03
2.736000000e+03
2.448000000e+03
2.228000000e+03
4.176000000e+03
3.100000000e+03
4.055000000e+03
2.614000000e+03
3.067000000e+03
3.378000000e+03
2.213000000e+03
2.973000000e+03
2.890000000e+03
2.967000000e+03
2.869000000e+03
3.894000000e+03
4.770000000e+03
2.601000000e+03
2.825000000e+03
2.734000000e+03
3.147000000e+03
4.450000000e+03
2.358000000e+03
3.919000000e+03
3.355000000e+03
3.002000000e+03
2.471000000e+03
2.317000000e+03
2.751000000e+03
3.225000000e+03
