4.457821889e-07
4.464798330e-07
4.364352522e-07
5.011624130e-07
4.583322762e-07
4.264523081e-07
4.576436541e-07
4.420716937e-07
4.117745583e-07
3.991786028e-07
5.360123183e-07
4.608052877e-07
4.734019218e-07
4.398803186e-07
4.589757486e-07
4.534624208e-07
4.586815772e-07
4.151357126e-07
4.756550533e-07
4.331998462e-07
4.915823427e-07
4.172924769e-07
4.360291847e-07
4.765736951e-07
4.569782656e-07
4.492314470e-07
4.011335709e-07
4.050884971e-07
4.341097854e-07
4.296030435e-07

5.389517565e-07
4.945826990e-07
4.688169763e-07
5.121714240e-07
5.043129488e-07
4.749484272e-07
5.135357739e-07
5.030655648e-07
5.004446892e-07
5.305624235e-07
4.949561118e-07
4.234610935e-07
4.569371878e-07
4.963227372e-07
4.827145672e-07
4.794614367e-07
4.683168570e-07
4.807378027e-07
4.837545661e-07
4.263261206e-07
5.080783342e-07
5.077465980e-07
4.469982756e-07
4.739798055e-07
4.548592258e-07
5.169713393e-07
4.726680702e-07
4.982993021e-07
4.882572363e-07
4.708903075e-07
