7.116288000e+06
7.151744000e+06
9.152128000e+06
6.605440000e+06
6.993664000e+06
8.608896000e+06
9.311872000e+06
7.167232000e+06
6.657792000e+06
7.413760000e+06
7.505664000e+06
7.370880000e+06
9.269888000e+06
7.069056000e+06
9.131776000e+06
8.206976000e+06
7.430400000e+06
7.999616000e+06
7.215872000e+06
7.888768000e+06
7.410816000e+06
8.730752000e+06
8.475776000e+06
7.132672000e+06
8.161920000e+06
7.895936000e+06
7.388672000e+06
7.818624000e+06
7.762176000e+06
7.323648000e+06

5.080652800e+07
5.009958400e+07
5.141158400e+07
4.885849600e+07
5.158476800e+07
4.871219200e+07
4.595366400e+07
5.130956800e+07
5.022809600e+07
4.437363200e+07
4.495539200e+07
6.360908800e+07
4.949324800e+07
4.848742400e+07
4.644736000e+07
4.385651200e+07
5.542566400e+07
4.468441600e+07
4.999283200e+07
4.766617600e+07
4.757209600e+07
4.540096000e+07
5.170329600e+07
4.546470400e+07
4.760256000e+07
4.696166400e+07
4.659417600e+07
4.562982400e+07
5.064806400e+07
5.084121600e+07
