2.565600000e+04
2.865000000e+04
2.606800000e+04
2.553300000e+04
2.702000000e+04
2.689800000e+04
2.681100000e+04
2.542800000e+04
2.595600000e+04
2.710100000e+04
2.578300000e+04
2.716900000e+04
2.734900000e+04
2.654400000e+04
2.655800000e+04
2.678600000e+04
2.819200000e+04
2.602500000e+04
2.715300000e+04
2.756700000e+04
2.693000000e+04
2.915800000e+04
2.779800000e+04
2.709300000e+04
2.574600000e+04
2.493800000e+04
2.785800000e+04
2.615400000e+04
2.653400000e+04
2.471100000e+04

5.831000000e+04
6.372400000e+04
6.270600000e+04
6.245200000e+04
5.711200000e+04
5.816300000e+04
5.701400000e+04
5.899700000e+04
6.318100000e+04
5.957800000e+04
5.892200000e+04
6.450500000e+04
5.801400000e+04
6.074400000e+04
6.025900000e+04
6.206500000e+04
6.348800000e+04
6.117300000e+04
6.146300000e+04
6.082900000e+04
6.176100000e+04
6.458600000e+04
5.589300000e+04
5.829200000e+04
6.123700000e+04
5.897000000e+04
6.170300000e+04
5.887100000e+04
5.431000000e+04
6.413600000e+04
