8.318200000e+04
8.275500000e+04
8.499000000e+04
9.210500000e+04
8.236100000e+04
7.923500000e+04
8.913400000e+04
8.071700000e+04
8.735400000e+04
8.547500000e+04
8.406700000e+04
8.941200000e+04
8.102400000e+04
8.440100000e+04
7.871000000e+04
8.199000000e+04
8.025800000e+04
8.069800000e+04
8.270300000e+04
8.023100000e+04
8.832400000e+04
8.631900000e+04
8.251300000e+04
8.139300000e+04
7.899300000e+04
8.862300000e+04
7.972900000e+04
7.704700000e+04
8.871300000e+04
8.097800000e+04

1.233530000e+05
1.176030000e+05
1.156820000e+05
1.158250000e+05
1.165540000e+05
1.254440000e+05
1.131740000e+05
1.072640000e+05
1.242270000e+05
1.228190000e+05
1.173970000e+05
1.232390000e+05
1.196810000e+05
1.018890000e+05
1.159600000e+05
1.124860000e+05
1.198980000e+05
1.105200000e+05
1.168180000e+05
1.201240000e+05
1.137790000e+05
1.161610000e+05
1.125830000e+05
1.193500000e+05
1.187380000e+05
1.223070000e+05
1.190540000e+05
1.209300000e+05
1.195350000e+05
1.209910000e+05
