3.336960000e+05
3.875840000e+05
2.767360000e+05
3.526400000e+05
3.687680000e+05
3.769600000e+05
3.809280000e+05
3.746560000e+05
3.815680000e+05
4.065280000e+05
3.539200000e+05
3.536640000e+05
3.682560000e+05
2.636800000e+05
2.682880000e+05
2.863360000e+05
3.041280000e+05
2.503680000e+05
2.970880000e+05
2.855680000e+05
3.960320000e+05
2.942720000e+05
3.310080000e+05
3.584000000e+05
3.376640000e+05
2.831360000e+05
3.308800000e+05
2.859520000e+05
3.681280000e+05
3.339520000e+05

1.000030592e+09
4.000016512e+09
3.000024704e+09
4.000016512e+09
1.000034432e+09
3.000021376e+09
3.000020480e+09
3.000030208e+09
2.000027648e+09
4.000014592e+09
3.000023040e+09
3.000018560e+09
3.000022528e+09
5.000009216e+09
3.000024320e+09
1.000033408e+09
2.000027392e+09
4.000012928e+09
3.000018944e+09
3.000020608e+09
2.000024064e+09
4.000012672e+09
2.000024064e+09
3.000018560e+09
4.000017408e+09
5.000006912e+09
1.000029312e+09
5.000009600e+09
3.000017024e+09
3.000018816e+09
