1.390000000e+02
8.600000000e+01
1.210000000e+02
1.160000000e+02
1.260000000e+02
9.500000000e+01
1.220000000e+02
9.900000000e+01
1.140000000e+02
8.900000000e+01
9.300000000e+01
1.060000000e+02
9.500000000e+01
1.180000000e+02
1.060000000e+02
1.480000000e+02
9.800000000e+01
8.800000000e+01
7.300000000e+01
1.110000000e+02
9.100000000e+01
9.000000000e+01
1.140000000e+02
7.700000000e+01
9.200000000e+01
1.110000000e+02
9.400000000e+01
9.700000000e+01
1.010000000e+02
1.180000000e+02

3.700000000e+01
4.400000000e+01
3.700000000e+01
3.200000000e+01
4.400000000e+01
4.000000000e+01
3.800000000e+01
3.900000000e+01
4.900000000e+01
4.500000000e+01
3.500000000e+01
4.300000000e+01
3.800000000e+01
3.800000000e+01
3.500000000e+01
3.900000000e+01
4.500000000e+01
4.300000000e+01
3.800000000e+01
3.500000000e+01
6.000000000e+01
3.500000000e+01
3.400000000e+01
3.200000000e+01
3.300000000e+01
4.300000000e+01
4.700000000e+01
3.500000000e+01
4.600000000e+01
4.100000000e+01
