1.434450262e-06
1.014097189e-06
1.299218342e-06
1.095565930e-06
1.136756668e-06
1.158497804e-06
1.223447240e-06
1.319364629e-06
1.237546507e-06
1.167954481e-06
9.566750912e-07
1.209288411e-06
1.124985821e-06
1.153766830e-06
1.296965489e-06
1.370146055e-06
1.219763411e-06
1.224560692e-06
1.266015381e-06
1.199837962e-06
1.341001972e-06
1.254842577e-06
1.229544798e-06
1.203536880e-06
1.055202857e-06
1.086037637e-06
1.112396971e-06
1.218811316e-06
1.302036902e-06
1.042385105e-06

1.301706962e-06
1.377029481e-06
1.378590198e-06
1.257401777e-06
1.283818996e-06
1.280653370e-06
1.276908623e-06
1.353741321e-06
1.348125398e-06
1.383580652e-06
1.324505701e-06
1.473158407e-06
1.438148302e-06
1.395016290e-06
1.391077371e-06
1.335624493e-06
1.345786039e-06
1.416649721e-06
1.280851094e-06
1.335604054e-06
1.318123672e-06
1.459463052e-06
1.436691537e-06
1.366363264e-06
1.410551723e-06
1.369605856e-06
1.345031350e-06
1.316755130e-06
1.282162550e-06
1.360878240e-06
