2.851000000e+03
6.400000000e+01
9.650000000e+02
2.894000000e+03
2.857000000e+03
7.000000000e+01
1.031000000e+03
9.520000000e+02
9.860000000e+02
7.400000000e+01
8.400000000e+01
3.719000000e+03
9.950000000e+02
9.830000000e+02
8.500000000e+01
2.890000000e+03
2.820000000e+03
3.737000000e+03
1.900000000e+03
9.340000000e+02
3.720000000e+03
9.620000000e+02
2.808000000e+03
6.535000000e+03
1.031000000e+03
6.500000000e+01
2.821000000e+03
2.824000000e+03
5.600000000e+03
6.400000000e+01

2.773000000e+03
5.562000000e+03
6.481000000e+03
6.468000000e+03
2.786000000e+03
5.536000000e+03
3.692000000e+03
6.479000000e+03
5.539000000e+03
4.621000000e+03
3.701000000e+03
5.544000000e+03
3.698000000e+03
2.770000000e+03
3.697000000e+03
4.619000000e+03
1.869000000e+03
8.334000000e+03
1.864000000e+03
5.551000000e+03
3.703000000e+03
3.689000000e+03
5.549000000e+03
2.765000000e+03
4.636000000e+03
5.546000000e+03
3.698000000e+03
5.545000000e+03
4.625000000e+03
8.329000000e+03
