3.951045151e-07
3.484172963e-07
4.030968025e-07
3.892750998e-07
3.753084470e-07
3.591487427e-07
3.412910360e-07
3.314851775e-07
3.439054445e-07
3.912217645e-07
3.869391739e-07
3.678635044e-07
3.587697011e-07
3.757032171e-07
3.551611219e-07
4.095224248e-07
3.533871516e-07
3.476769378e-07
3.557366103e-07
3.279215483e-07
3.270027069e-07
3.634748461e-07
4.269917087e-07
3.819398177e-07
3.325352363e-07
3.594649100e-07
4.038901350e-07
3.847093558e-07
3.222094183e-07
3.932349760e-07

4.094120058e-07
4.029901759e-07
3.624266635e-07
4.844022701e-07
3.572800818e-07
4.311627225e-07
3.793503991e-07
4.377944125e-07
4.167599425e-07
3.604812363e-07
3.923365338e-07
3.739745162e-07
3.344386676e-07
3.628070224e-07
4.289494313e-07
3.946227591e-07
3.619929713e-07
4.664199727e-07
3.134594470e-07
4.261452425e-07
3.796145106e-07
4.518736000e-07
3.581697816e-07
3.882346217e-07
3.567038349e-07
3.426827312e-07
4.353037563e-07
3.231349663e-07
3.502214063e-07
4.070916887e-07
