Number of sample populations = 3. Total number of values in the input = 90
12 0 2
12 0 2
12 0 2
13 0 7
13 0 7
13 0 7
13 0 7
13 0 7
13 0 7
13 0 7
14 0 15
14 0 15
14 0 15
14 0 15
14 0 15
14 0 15
14 0 15
14 0 15
14 0 15
15 0 21
15 0 21
15 0 21
16 0 26
16 0 26
16 1 26
16 1 26
16 0 26
16 0 26
17 1 33
17 0 33
17 1 33
17 1 33
17 1 33
17 1 33
17 1 33
17 0 33
17 0 33
18 1 39
18 1 39
18 1 39
19 1 44
19 1 44
19 1 44
19 1 44
19 1 44
19 0 44
20 1 50
20 1 50
20 1 50
20 1 50
20 1 50
20 1 50
20 1 50
21 1 56
21 1 56
21 1 56
21 1 56
22 1 58
22 1 58
23 1 60
27 2 61
28 2 62
32 2 64
32 2 64
33 2 65
34 2 66
34 2 66
35 2 69
35 2 69
35 2 69
36 2 71
37 2 74
37 2 74
37 2 74
37 2 74
38 2 78
38 2 78
38 2 78
38 2 78
39 2 81
39 2 81
39 2 81
40 2 84
40 2 84
40 2 84
41 2 86
42 2 87
43 2 88
43 2 88
45 2 90
Total number of ties =63
Number of samples = 30; sum = 497.5
Number of samples = 30; sum = 1332.5
Number of samples = 30; sum = 2265
Corrected T value =76.6698
p-value to accept the null hypothesis that all distribution functions are identical = 2.24571925e-17
