8.400000000e+01
6.500000000e+01
8.700000000e+01
9.700000000e+01
8.800000000e+01
9.100000000e+01
7.900000000e+01
7.000000000e+01
7.200000000e+01
7.500000000e+01
8.500000000e+01
7.500000000e+01
6.500000000e+01
8.100000000e+01
8.300000000e+01
6.900000000e+01
7.600000000e+01
7.900000000e+01
8.100000000e+01
8.300000000e+01
5.900000000e+01
9.000000000e+01
1.020000000e+02
8.500000000e+01
7.300000000e+01
7.200000000e+01
7.700000000e+01
7.400000000e+01
6.800000000e+01
8.900000000e+01

9.200000000e+01
1.020000000e+02
8.700000000e+01
1.030000000e+02
9.400000000e+01
1.050000000e+02
8.600000000e+01
1.020000000e+02
8.300000000e+01
8.200000000e+01
8.300000000e+01
1.240000000e+02
1.030000000e+02
9.100000000e+01
9.000000000e+01
9.700000000e+01
9.400000000e+01
1.030000000e+02
8.800000000e+01
9.100000000e+01
1.210000000e+02
1.040000000e+02
1.230000000e+02
8.700000000e+01
8.700000000e+01
1.160000000e+02
8.500000000e+01
1.300000000e+02
1.080000000e+02
9.500000000e+01
