1.706097220e-05
1.405028611e-05
1.560048472e-05
1.589646865e-05
1.438337943e-05
1.633347137e-05
1.557546466e-05
1.831922024e-05
1.489712355e-05
1.672008356e-05
1.546618980e-05
1.686222921e-05
1.641975592e-05
1.553554147e-05
1.520988475e-05
1.554354134e-05
1.631227786e-05
1.506712681e-05
1.572426619e-05
1.809686821e-05
1.610741407e-05
1.635824672e-05
1.725346718e-05
1.889103269e-05
1.868704998e-05
1.797214961e-05
1.626049975e-05
1.625971488e-05
1.639028936e-05
1.522494701e-05

1.660257893e-05
1.615057806e-05
1.559551598e-05
1.591206085e-05
1.595957554e-05
1.596674080e-05
1.589486163e-05
1.562200753e-05
1.564617102e-05
1.537862071e-05
1.620638687e-05
1.583286692e-05
1.625720969e-05
1.623714257e-05
1.602691563e-05
1.641511899e-05
1.639521961e-05
1.651234672e-05
1.609723684e-05
1.625736805e-05
1.699193043e-05
1.594729523e-05
1.609008523e-05
1.620440667e-05
1.471001998e-05
1.637629780e-05
1.619665678e-05
1.558353200e-05
1.725864897e-05
1.630563200e-05
