4.015246683e-07
3.926086294e-07
3.696763569e-07
4.016120535e-07
3.239459435e-07
3.779929154e-07
3.501867556e-07
3.511126629e-07
3.601870250e-07
4.256416103e-07
3.807161063e-07
3.491790520e-07
3.764942343e-07
3.706052581e-07
3.803697594e-07
3.959927377e-07
3.594067863e-07
3.635965226e-07
3.729114834e-07
3.508251981e-07
3.483695518e-07
3.372195430e-07
3.793674849e-07
3.323953163e-07
4.249613315e-07
3.387225755e-07
2.942845361e-07
3.924123421e-07
3.502795300e-07
3.656752032e-07

4.102110868e-07
4.037892569e-07
3.632257446e-07
4.852013511e-07
3.580791629e-07
4.319618036e-07
3.801494801e-07
4.385934935e-07
4.175590236e-07
3.612803174e-07
3.931356148e-07
3.747735973e-07
3.352377486e-07
3.636061035e-07
4.297485124e-07
3.954218401e-07
3.627920524e-07
4.672190537e-07
3.142585281e-07
4.269443236e-07
3.804135916e-07
4.526726811e-07
3.589688626e-07
3.890337028e-07
3.575029159e-07
3.434818122e-07
4.361028373e-07
3.239340473e-07
3.510204873e-07
4.078907698e-07
