1.952793656e-07
2.470578767e-07
2.241754245e-07
2.309935015e-07
2.100258179e-07
2.257649239e-07
1.855413713e-07
2.027667833e-07
1.719591494e-07
2.222775023e-07
2.164117197e-07
2.040366822e-07
2.137624609e-07
2.318648779e-07
2.381153308e-07
2.031829505e-07
2.377949718e-07
2.056184770e-07
2.327878311e-07
2.030449067e-07
1.905320650e-07
2.194844911e-07
2.020257062e-07
2.212958665e-07
2.103771948e-07
2.071387549e-07
2.467201525e-07
1.898849997e-07
2.363237158e-07
2.116438602e-07

1.667663801e-07
1.564101430e-07
1.371876073e-07
1.355874892e-07
1.891877549e-07
1.406222147e-07
1.285875760e-07
1.489032443e-07
1.530347372e-07
1.808793002e-07
1.563433966e-07
1.553624394e-07
1.349581884e-07
1.787796615e-07
1.429023322e-07
1.394814972e-07
1.427634900e-07
1.473570982e-07
1.804490012e-07
1.383035344e-07
1.534671120e-07
1.650994756e-07
1.331184298e-07
1.618911754e-07
1.577010000e-07
1.390990226e-07
1.408500787e-07
1.503078736e-07
1.609326135e-07
1.611535315e-07

7.532447557e-08
6.241259228e-08
5.946720600e-08
5.977179652e-08
6.585470461e-08
7.218232303e-08
5.960025976e-08
5.289539621e-08
6.739338570e-08
6.823310542e-08
4.394718160e-08
6.795737716e-08
6.561191044e-08
6.318013642e-08
6.027546867e-08
7.298934817e-08
7.178228351e-08
6.428017524e-08
6.210025726e-08
6.106544792e-08
5.978253503e-08
5.940952143e-08
7.006128722e-08
6.893039015e-08
6.732711830e-08
7.526144171e-08
7.847241654e-08
4.642526296e-08
6.168161497e-08
5.539156138e-08
