7.936000000e+03
5.504000000e+03
5.504000000e+03
7.040000000e+03
3.584000000e+03
7.296000000e+03
6.016000000e+03
9.088000000e+03
5.120000000e+03
4.864000000e+03
6.912000000e+03
9.600000000e+03
6.400000000e+03
3.456000000e+03
1.356800000e+04
1.945600000e+04
2.137600000e+04
4.224000000e+03
8.192000000e+03
8.064000000e+03
4.608000000e+03
2.304000000e+03
2.278400000e+04
6.016000000e+03
6.528000000e+03
3.456000000e+03
7.296000000e+03
5.248000000e+03
3.072000000e+03
3.584000000e+03

1.356800000e+04
1.600000000e+04
1.280000000e+04
1.382400000e+04
1.740800000e+04
1.459200000e+04
1.459200000e+04
1.280000000e+04
1.075200000e+04
1.561600000e+04
8.704000000e+03
1.548800000e+04
1.638400000e+04
1.408000000e+04
1.228800000e+04
2.163200000e+04
1.945600000e+04
2.009600000e+04
2.009600000e+04
1.536000000e+04
1.587200000e+04
1.651200000e+04
1.395200000e+04
1.689600000e+04
1.497600000e+04
1.600000000e+04
1.523200000e+04
1.100800000e+04
1.856000000e+04
2.112000000e+04
