2.050818173e-05
1.571948771e-05
1.638208474e-05
2.099709186e-05
1.767745166e-05
1.928949871e-05
1.758851131e-05
2.061801431e-05
1.714881591e-05
1.744473094e-05
1.870393746e-05
1.589856095e-05
1.642952425e-05
1.820820407e-05
1.755201590e-05
1.698543000e-05
1.907963497e-05
1.863132221e-05
1.800983848e-05
1.710122126e-05
1.920918127e-05
1.735690875e-05
2.045004270e-05
1.741770434e-05
1.894580940e-05
1.834202006e-05
1.808267058e-05
1.831905537e-05
1.939378416e-05
1.830674277e-05

3.596416104e-05
3.186325644e-05
2.699861735e-05
4.233197739e-05
3.265216395e-05
3.275142873e-05
3.349868079e-05
3.626938385e-05
3.549056762e-05
4.252200482e-05
3.027115687e-05
2.962851029e-05
3.099873235e-05
3.488732831e-05
4.101032705e-05
4.266011962e-05
3.343456445e-05
3.475633993e-05
3.178205756e-05
2.776626102e-05
4.147322447e-05
3.317457561e-05
4.209388904e-05
3.210698937e-05
2.616445954e-05
2.361686636e-05
3.004421028e-05
2.437827039e-05
2.856612445e-05
3.459842452e-05
