1.902375946e-05
1.721840226e-05
1.676071541e-05
1.752809545e-05
1.609260287e-05
1.800741026e-05
1.962384066e-05
2.149437994e-05
1.628568379e-05
2.484233584e-05
1.684526619e-05
1.430702202e-05
1.552104200e-05
1.686275771e-05
1.750885858e-05
2.704495898e-05
1.879615278e-05
1.573676642e-05
1.687630795e-05
1.699692839e-05
1.958562576e-05
1.610710669e-05
1.957456003e-05
2.353171447e-05
2.967048650e-05
1.719875302e-05
1.892599800e-05
1.813848318e-05
1.735114269e-05
2.374655793e-05

1.504565074e-05
1.454188362e-05
1.502050965e-05
1.503137994e-05
1.498289468e-05
1.467391311e-05
1.472351873e-05
1.486479759e-05
1.482619463e-05
1.480484352e-05
1.425869840e-05
1.520862268e-05
1.555637422e-05
1.439441563e-05
1.475856077e-05
1.542266222e-05
1.499887829e-05
1.515162082e-05
1.481756933e-05
1.495037064e-05
1.568602204e-05
1.454699216e-05
1.526221292e-05
1.523633379e-05
1.472553841e-05
1.466379971e-05
1.498523787e-05
1.491610361e-05
1.502499567e-05
1.553396638e-05
