2.723206662e-05
2.121662976e-05
3.029996834e-05
3.413036096e-05
2.387277681e-05
2.186392428e-05
3.915687058e-05
3.273302499e-05
2.076730845e-05
2.532053648e-05
2.155256739e-05
2.231912598e-05
2.716976537e-05
2.697128193e-05
2.567353880e-05
2.326754563e-05
2.776592142e-05
2.887223979e-05
3.246612314e-05
3.260085447e-05
3.282420646e-05
2.929011047e-05
2.849236855e-05
2.212544901e-05
2.136589955e-05
2.664909255e-05
2.557099934e-05
2.094003902e-05
2.177532333e-05
3.589498067e-05

2.152310987e-04
2.162570314e-04
1.964682262e-04
1.945603810e-04
2.437566479e-04
2.225608999e-04
2.372801479e-04
2.163816606e-04
2.158997583e-04
2.070184668e-04
1.890078167e-04
2.117148619e-04
1.945224283e-04
1.991284584e-04
2.098944434e-04
1.893484004e-04
1.977924145e-04
2.481566262e-04
2.152063538e-04
2.317887991e-04
1.785300485e-04
2.309998264e-04
2.355900806e-04
2.287534527e-04
2.455465007e-04
2.031683442e-04
2.117402376e-04
2.324289307e-04
2.238035839e-04
1.843623640e-04
