1.169504375e-05
1.259542413e-05
1.307229024e-05
1.208704867e-05
1.170722234e-05
1.113370232e-05
1.216576592e-05
1.181035973e-05
1.119472198e-05
1.027529300e-05
1.126968685e-05
1.065898798e-05
1.264399901e-05
1.418027879e-05
1.329716814e-05
1.264812911e-05
1.068651925e-05
1.286036914e-05
1.162720761e-05
1.057893537e-05
1.008205259e-05
1.104766021e-05
1.237172859e-05
1.336367298e-05
1.257131753e-05
1.175923938e-05
1.327916217e-05
1.392343390e-05
1.199223787e-05
1.238295269e-05

2.786818087e-05
2.994238810e-05
2.990441628e-05
3.466921639e-05
3.143403431e-05
2.889966675e-05
2.819463041e-05
3.154754937e-05
2.783892965e-05
3.328952719e-05
2.634420934e-05
2.716656369e-05
3.029570028e-05
3.001478420e-05
2.765789801e-05
2.636010606e-05
2.969019917e-05
2.964376948e-05
2.382216312e-05
2.658528000e-05
3.196308081e-05
2.333839614e-05
3.337629916e-05
2.984747790e-05
2.547333912e-05
2.659709328e-05
2.635758518e-05
3.221761533e-05
2.665591969e-05
2.925250181e-05
