1.113495310e-05
1.027686741e-05
1.008124529e-05
1.249406080e-05
1.185946095e-05
1.096779219e-05
1.100522385e-05
1.082440906e-05
1.131861152e-05
1.095611300e-05
1.023017783e-05
9.298852857e-06
9.372146556e-06
1.000575818e-05
1.143644565e-05
1.059693882e-05
1.073719461e-05
1.340842264e-05
8.676231204e-06
9.441287964e-06
1.399574796e-05
8.994516874e-06
1.269727609e-05
1.142547169e-05
1.149277178e-05
1.055503994e-05
1.029507110e-05
1.022076339e-05
1.102642534e-05
1.048820049e-05

1.719683298e-05
1.210421372e-05
1.396815677e-05
1.174434674e-05
2.037400813e-05
1.608692435e-05
1.214141265e-05
1.470658972e-05
1.578681260e-05
1.932058220e-05
1.658291447e-05
1.481594854e-05
1.555302449e-05
1.263799970e-05
1.320841190e-05
1.631139722e-05
1.439329116e-05
1.729693492e-05
1.296823677e-05
1.469578894e-05
1.176968883e-05
1.326859032e-05
1.451783894e-05
1.409594087e-05
1.265495513e-05
1.546111612e-05
2.025556314e-05
1.310828989e-05
9.983549338e-06
1.143661918e-05
