3.150201000e+06
3.158223000e+06
3.146403000e+06
6.123171000e+06
4.126296000e+06
1.157951000e+06
1.170626000e+06
4.128033000e+06
4.119860000e+06
6.102824000e+06
1.171188000e+06
1.165560000e+06
4.145867000e+06
1.165833000e+06
1.159270000e+06
1.152868000e+06
3.135553000e+06
3.152178000e+06
1.177804000e+06
1.166769000e+06
1.146722000e+06
4.127625000e+06
1.165214000e+06
6.102847000e+06
3.133930000e+06
3.131519000e+06
1.170782000e+06
3.139663000e+06
4.135656000e+06
1.167543000e+06

1.313214000e+07
3.888255400e+07
4.779706600e+07
3.993498800e+07
1.320226200e+07
2.801396500e+07
2.505358000e+07
2.600290500e+07
7.266238000e+06
3.790689200e+07
8.196826000e+06
3.401217400e+07
7.369949000e+06
7.187699000e+06
1.901513400e+07
3.894777000e+07
3.190228800e+07
3.496272900e+07
4.093371100e+07
2.511739500e+07
1.617132900e+07
2.006423600e+07
2.931790000e+05
3.987545400e+07
4.189514000e+07
4.885779300e+07
1.211962600e+07
1.711966100e+07
2.811561100e+07
1.218292100e+07
