1.721883863e-05
1.537235002e-05
1.412656963e-05
1.749952338e-05
1.529014627e-05
1.546105376e-05
1.532705465e-05
1.444777629e-05
1.663799430e-05
1.564580152e-05
1.766169966e-05
1.429350822e-05
1.600556048e-05
1.452808978e-05
1.596620044e-05
1.767235502e-05
1.441390587e-05
1.610536501e-05
1.688720531e-05
1.643851805e-05
1.582238865e-05
1.663673235e-05
1.577104064e-05
1.573741476e-05
1.595081487e-05
1.672424683e-05
1.518880421e-05
1.593280403e-05
1.569641963e-05
1.524703900e-05

2.305573275e-05
2.432011784e-05
1.746004426e-05
1.934801466e-05
1.936172335e-05
2.284305919e-05
1.969681831e-05
1.997223675e-05
1.738872580e-05
2.517056213e-05
1.957802573e-05
1.811292688e-05
2.086272437e-05
1.959531438e-05
1.843172484e-05
1.845775999e-05
1.927064560e-05
2.120649508e-05
2.057624581e-05
2.207098140e-05
2.353048797e-05
1.962730149e-05
2.183514926e-05
2.243102855e-05
1.678682090e-05
1.701625987e-05
2.175987708e-05
2.044012223e-05
1.782966409e-05
1.698335140e-05
