6.400000000e+01
6.100000000e+01
4.400000000e+01
3.800000000e+01
4.000000000e+01
5.800000000e+01
5.700000000e+01
5.300000000e+01
6.400000000e+01
4.600000000e+01
6.300000000e+01
6.300000000e+01
4.200000000e+01
5.800000000e+01
4.900000000e+01
7.300000000e+01
5.300000000e+01
4.900000000e+01
5.200000000e+01
6.500000000e+01
4.300000000e+01
4.900000000e+01
5.800000000e+01
3.400000000e+01
5.700000000e+01
4.100000000e+01
5.500000000e+01
4.800000000e+01
4.200000000e+01
5.400000000e+01

6.100000000e+01
1.240000000e+02
7.100000000e+01
1.070000000e+02
9.100000000e+01
7.900000000e+01
1.110000000e+02
1.170000000e+02
7.400000000e+01
1.150000000e+02
8.200000000e+01
1.150000000e+02
7.300000000e+01
1.380000000e+02
7.900000000e+01
8.700000000e+01
1.870000000e+02
6.500000000e+01
1.130000000e+02
8.600000000e+01
7.300000000e+01
8.800000000e+01
1.000000000e+02
9.900000000e+01
8.100000000e+01
7.800000000e+01
1.060000000e+02
7.300000000e+01
9.400000000e+01
1.190000000e+02
