3.220743545e-04
3.224269840e-04
3.217748660e-04
3.209463086e-04
3.212147963e-04
3.236541507e-04
3.224971478e-04
3.224462522e-04
3.209645696e-04
3.228346329e-04
3.227052471e-04
3.240296639e-04
3.218996561e-04
3.211657257e-04
3.229737889e-04
3.214217716e-04
3.234087635e-04
3.239259789e-04
3.231795066e-04
3.200820434e-04
3.216718437e-04
3.218921407e-04
3.215248992e-04
3.236767867e-04
3.232417916e-04
3.223628748e-04
3.209811945e-04
3.216246969e-04
3.228589916e-04
3.235098662e-04

1.341780439e-05
1.106182495e-05
9.216985394e-06
7.843846368e-06
8.431334323e-06
1.126606079e-05
1.169925992e-05
9.322003013e-06
7.329806962e-06
9.408571789e-06
8.268425464e-06
1.115413196e-05
1.267970920e-05
9.635182022e-06
9.240648165e-06
1.016265064e-05
9.633236275e-06
1.016643426e-05
1.112068924e-05
8.698430942e-06
1.029482140e-05
9.544413330e-06
9.361986686e-06
1.046978857e-05
8.710474842e-06
1.326891747e-05
9.514355476e-06
1.009171562e-05
9.562049320e-06
8.894163361e-06
