3.950734133e-06
4.457533906e-06
2.886540068e-06
2.777365047e-06
3.210359664e-06
4.402090528e-06
4.172357544e-06
3.865649627e-06
3.146270467e-06
2.894135309e-06
4.029736250e-06
4.690818223e-06
3.878570093e-06
4.416071033e-06
3.693081776e-06
4.047528647e-06
3.922044381e-06
3.682455399e-06
4.179168715e-06
3.676766543e-06
2.495713193e-06
2.846047054e-06
4.277653048e-06
2.829103518e-06
3.279592848e-06
3.479310732e-06
3.639914644e-06
4.013914509e-06
2.963182666e-06
3.037720395e-06

6.888172832e-06
1.060621774e-05
7.859214536e-06
1.016017778e-05
1.065003973e-05
8.409323846e-06
9.009187119e-06
1.087895367e-05
6.943542677e-06
1.136152688e-05
1.001953876e-05
1.140291395e-05
7.761332398e-06
1.412066105e-05
9.015771823e-06
8.479226730e-06
1.249889177e-05
7.198717592e-06
1.255215288e-05
9.438465891e-06
8.228668578e-06
9.747709334e-06
6.916266776e-06
6.484136151e-06
8.979955731e-06
9.292380688e-06
1.259535535e-05
7.968326922e-06
1.120777730e-05
1.117438192e-05
