2.500000000e+01
2.200000000e+01
2.600000000e+01
2.700000000e+01
2.700000000e+01
2.700000000e+01
2.600000000e+01
2.500000000e+01
2.800000000e+01
2.800000000e+01
2.700000000e+01
2.800000000e+01
2.700000000e+01
2.700000000e+01
2.600000000e+01
2.500000000e+01
2.700000000e+01
2.800000000e+01
2.700000000e+01
2.600000000e+01
2.700000000e+01
2.400000000e+01
2.600000000e+01
2.600000000e+01
2.800000000e+01
2.600000000e+01
9.000000000e+00
2.400000000e+01
2.800000000e+01
2.400000000e+01

1.000000000e+00
5.000000000e+00
6.000000000e+00
4.000000000e+00
2.000000000e+00
4.000000000e+00
2.000000000e+00
3.000000000e+00
3.000000000e+00
3.000000000e+00
2.000000000e+00
3.000000000e+00
2.000000000e+00
1.000000000e+00
2.000000000e+00
2.000000000e+00
3.000000000e+00
4.000000000e+00
1.000000000e+00
3.000000000e+00
3.000000000e+00
3.000000000e+00
3.000000000e+00
2.000000000e+00
3.000000000e+00
4.000000000e+00
3.000000000e+00
3.000000000e+00
2.000000000e+00
5.000000000e+00
