6.291800000e+04
6.439500000e+04
6.096300000e+04
5.656900000e+04
6.198000000e+04
5.756700000e+04
6.119400000e+04
5.726100000e+04
5.919400000e+04
5.892200000e+04
6.435900000e+04
6.681100000e+04
6.262800000e+04
6.970200000e+04
6.487300000e+04
5.982800000e+04
6.728000000e+04
6.258600000e+04
6.277100000e+04
5.657900000e+04
6.717300000e+04
6.186100000e+04
6.668500000e+04
6.072600000e+04
5.720800000e+04
6.449200000e+04
6.266700000e+04
6.613500000e+04
6.046100000e+04
6.218200000e+04

7.935900000e+04
9.336500000e+04
7.612700000e+04
8.423300000e+04
2.066086000e+06
7.553100000e+04
1.087374000e+06
9.710900000e+04
9.713500000e+04
2.081329000e+06
9.401200000e+04
8.460300000e+04
8.851800000e+04
7.828200000e+04
8.545800000e+04
8.480900000e+04
8.056000000e+04
9.020500000e+04
9.895000000e+04
4.053182000e+06
8.713700000e+04
7.394100000e+04
1.019110000e+05
7.322100000e+04
9.162500000e+04
8.471000000e+04
7.734800000e+04
8.225800000e+04
9.392500000e+04
7.414100000e+04
