2.334033400e+07
2.406675700e+07
3.189004200e+07
3.332995500e+07
1.190095500e+07
2.663687800e+07
2.415568600e+07
2.561035100e+07
1.004455600e+07
5.201898600e+07
4.501577000e+07
1.095761000e+07
1.274824500e+07
2.670257800e+07
3.263522300e+07
4.198639800e+07
3.099162900e+07
2.100826100e+07
1.204647900e+07
1.705652200e+07
9.263188000e+06
1.154966300e+07
7.254250400e+07
3.453689700e+07
1.186131500e+07
4.675640200e+07
4.339974100e+07
2.595953400e+07
4.715527400e+07
1.201092300e+07

6.943261500e+07
1.137356160e+08
6.029363600e+07
8.345943100e+07
7.296290100e+07
3.436432500e+07
1.113786030e+08
1.089208110e+08
6.752488000e+07
7.171250400e+07
1.154369810e+08
6.688322600e+07
8.421380500e+07
1.505430560e+08
6.439560900e+07
6.820988200e+07
8.209265800e+07
8.371384900e+07
6.117000800e+07
3.131647600e+07
6.384529300e+07
8.623457600e+07
4.808846700e+07
7.114596000e+07
1.130587930e+08
5.993100400e+07
1.055586010e+08
1.135941960e+08
7.266774000e+07
1.175911800e+08
