1.685820000e+05
1.736530000e+05
1.683370000e+05
1.893740000e+05
1.821680000e+05
2.151620000e+05
1.936360000e+05
1.951580000e+05
1.736610000e+05
1.498440000e+05
1.698120000e+05
1.655210000e+05
1.988330000e+05
1.891450000e+05
1.593600000e+05
1.866320000e+05
1.806650000e+05
1.985830000e+05
1.565570000e+05
2.271110000e+05
1.931740000e+05
2.130290000e+05
1.975650000e+05
1.693850000e+05
1.553310000e+05
1.613440000e+05
1.788560000e+05
1.764170000e+05
1.660500000e+05
1.994460000e+05

2.787800000e+05
5.633900000e+05
2.786410000e+05
3.487050000e+05
2.869520000e+05
4.642260000e+05
2.806790000e+05
2.903610000e+05
5.067310000e+05
5.385640000e+05
4.120910000e+05
2.680680000e+05
2.987050000e+05
2.971520000e+05
4.671830000e+05
2.777060000e+05
3.473100000e+05
5.488690000e+05
4.374810000e+05
2.728220000e+05
4.570300000e+05
4.701710000e+05
3.491080000e+05
5.457360000e+05
2.739500000e+05
6.401460000e+05
3.164410000e+05
2.750270000e+05
5.115420000e+05
3.811550000e+05
