9.753600000e+04
7.411200000e+04
1.073920000e+05
7.027200000e+04
8.281600000e+04
9.971200000e+04
8.947200000e+04
8.793600000e+04
8.384000000e+04
9.753600000e+04
8.128000000e+04
9.228800000e+04
7.680000000e+04
6.336000000e+04
8.089600000e+04
8.038400000e+04
1.177600000e+05
8.166400000e+04
9.241600000e+04
7.680000000e+04
7.846400000e+04
8.332800000e+04
6.259200000e+04
9.100800000e+04
1.185280000e+05
9.113600000e+04
7.808000000e+04
8.652800000e+04
8.064000000e+04
1.072640000e+05

1.419008000e+06
1.357568000e+06
1.241088000e+06
1.354752000e+06
1.331456000e+06
1.185152000e+06
1.206144000e+06
1.412352000e+06
1.371904000e+06
1.152640000e+06
1.482112000e+06
1.211904000e+06
1.238656000e+06
1.368576000e+06
1.362560000e+06
1.497344000e+06
1.266816000e+06
1.309696000e+06
1.430016000e+06
1.368320000e+06
1.247872000e+06
1.164800000e+06
1.101184000e+06
1.417088000e+06
1.387904000e+06
1.115648000e+06
1.579648000e+06
1.286656000e+06
1.524096000e+06
1.325824000e+06
