1.625500000e+04
1.525000000e+04
1.431700000e+04
1.423700000e+04
1.493300000e+04
1.440300000e+04
1.750100000e+04
1.628200000e+04
1.545900000e+04
1.395600000e+04
1.389700000e+04
1.509500000e+04
1.596300000e+04
1.512500000e+04
1.546200000e+04
1.540000000e+04
1.644300000e+04
1.550900000e+04
1.571900000e+04
1.414000000e+04
1.497300000e+04
1.583200000e+04
1.424500000e+04
1.572300000e+04
1.434500000e+04
1.371900000e+04
1.525900000e+04
1.462900000e+04
1.388200000e+04
1.579400000e+04

2.942500000e+04
2.947500000e+04
3.258000000e+04
2.577900000e+04
2.695000000e+04
2.012253000e+06
2.379700000e+04
2.835900000e+04
2.707800000e+04
2.184800000e+04
3.031800000e+04
2.886400000e+04
3.787100000e+04
2.248400000e+04
3.562800000e+04
2.733000000e+04
2.991100000e+04
3.114400000e+04
1.021409000e+06
3.401400000e+04
3.098100000e+04
2.023724000e+06
2.794600000e+04
2.957000000e+04
6.006785000e+06
2.409000000e+04
2.563900000e+04
4.018541000e+06
3.885200000e+04
2.790200000e+04
