1.373754554e-06
1.432583118e-06
1.468291067e-06
1.531722700e-06
1.506447755e-06
1.382228079e-06
1.347394261e-06
1.498212354e-06
1.353991740e-06
1.251727451e-06
1.427148912e-06
1.305500052e-06
1.376582695e-06
1.601439476e-06
1.354728745e-06
1.364851968e-06
1.253589205e-06
1.359158840e-06
1.479031455e-06
1.463711391e-06
1.427083363e-06
1.555054333e-06
1.394575731e-06
1.563376720e-06
1.448394919e-06
1.510669028e-06
1.771755394e-06
1.426481448e-06
1.399317044e-06
1.720753529e-06

1.221032112e-06
1.132537350e-06
1.171473439e-06
1.193826790e-06
1.247906537e-06
1.096445051e-06
1.191288030e-06
1.091165975e-06
1.229279968e-06
1.122090095e-06
1.141983968e-06
1.113330424e-06
1.173373078e-06
1.160243910e-06
1.204121431e-06
1.262646841e-06
1.141434308e-06
1.103449755e-06
1.104561730e-06
1.142353069e-06
1.158152934e-06
1.295543894e-06
1.277304751e-06
1.124379474e-06
1.220066764e-06
1.098930917e-06
1.059076067e-06
1.235039204e-06
1.224153506e-06
1.148521247e-06
