5.286264574e-07
6.092204686e-07
5.554561711e-07
5.260684161e-07
5.779551905e-07
5.992976841e-07
5.251647443e-07
5.440424500e-07
5.687567566e-07
5.246304534e-07
5.935016420e-07
5.522428809e-07
4.989707585e-07
5.649057026e-07
5.543481083e-07
5.872645225e-07
5.857126678e-07
5.172712592e-07
5.460122684e-07
5.765343137e-07
5.491616065e-07
5.617096179e-07
5.562546134e-07
5.162160107e-07
5.532977701e-07
6.029474609e-07
6.128094870e-07
5.156014405e-07
5.364320384e-07
5.436719513e-07

6.797335318e-07
6.720358150e-07
6.504452178e-07
6.439178391e-07
6.973989433e-07
6.319949369e-07
5.984786830e-07
5.643306532e-07
6.003239905e-07
6.523726011e-07
6.721151762e-07
6.556280470e-07
6.862266591e-07
6.473070573e-07
6.566821777e-07
6.106492496e-07
6.270276364e-07
6.572997020e-07
6.544738365e-07
5.400388612e-07
6.221562242e-07
6.231214926e-07
7.108236006e-07
5.754670493e-07
6.877169171e-07
6.303163757e-07
6.766960499e-07
6.186038924e-07
6.807166446e-07
6.925028604e-07
