9.765579057e-07
9.042497544e-07
9.622926505e-07
1.091000626e-06
1.004770612e-06
9.060890740e-07
9.423343471e-07
1.009357514e-06
1.035843076e-06
9.601760458e-07
9.254371185e-07
1.073220404e-06
9.358446530e-07
1.012939825e-06
9.372337933e-07
9.721201456e-07
1.026576977e-06
1.015618705e-06
9.632797553e-07
1.015091680e-06
9.759629761e-07
1.056466209e-06
9.838189363e-07
8.882005489e-07
9.363405407e-07
9.706977519e-07
1.013746731e-06
1.057821657e-06
1.022194307e-06
9.903745785e-07

1.452396871e-06
1.413706610e-06
1.375410760e-06
1.423769075e-06
1.410456873e-06
1.382464526e-06
1.386679212e-06
1.349029070e-06
1.502633388e-06
1.477465828e-06
1.508719130e-06
1.466081927e-06
1.437329261e-06
1.422769915e-06
1.381140974e-06
1.431974576e-06
1.415378744e-06
1.314692498e-06
1.475536968e-06
1.502967000e-06
1.381985165e-06
1.341094387e-06
1.419516624e-06
1.519931853e-06
1.408483462e-06
1.437641516e-06
1.477605229e-06
1.473787269e-06
1.524182069e-06
1.386888034e-06
