3.149788000e+06
3.248776000e+06
4.174444000e+06
3.091652000e+06
2.998191000e+06
2.791681000e+06
3.197983000e+06
1.138038500e+07
5.956831000e+06
2.919905000e+06
3.193477000e+06
3.122799000e+06
3.348656000e+06
3.299373000e+06
3.116277000e+06
3.003708000e+06
3.058288000e+06
9.040834000e+06
3.275485000e+06
3.350471000e+06
3.872073000e+06
8.307846000e+06
3.085530000e+06
3.151445000e+06
1.758675500e+07
4.602267100e+07
2.805392000e+06
2.868774000e+06
2.934369000e+06
3.441559000e+06

4.710285000e+06
5.583529000e+06
5.187699000e+06
5.549189000e+06
5.672923000e+06
4.684155000e+06
5.458826000e+06
4.385263000e+06
5.029611000e+06
5.816303000e+06
5.029175000e+06
6.091687000e+06
5.539940000e+06
6.060454000e+06
8.263751000e+06
4.180468000e+06
4.477233000e+06
5.251182000e+06
6.291722000e+06
5.421931000e+06
5.876556000e+06
4.942944000e+06
6.148698000e+06
1.616190300e+07
5.600756000e+06
5.636198000e+06
5.446747000e+06
7.295027000e+06
6.488741000e+06
9.179155000e+06
