3.603600000e+04
4.332100000e+04
3.955900000e+04
4.918700000e+04
4.001400000e+04
4.103000000e+04
3.538000000e+04
4.069600000e+04
3.735800000e+04
3.793300000e+04
3.429300000e+04
3.526800000e+04
3.742300000e+04
3.759800000e+04
3.912400000e+04
3.415100000e+04
3.958000000e+04
4.625200000e+04
3.532400000e+04
3.903800000e+04
3.961000000e+04
4.208200000e+04
3.559600000e+04
3.461100000e+04
3.489500000e+04
3.430900000e+04
3.546300000e+04
3.787100000e+04
3.853700000e+04
3.940200000e+04

4.806200000e+04
4.160900000e+04
7.275200000e+04
7.272100000e+04
5.509000000e+04
5.007900000e+04
5.232300000e+04
5.160600000e+04
6.712900000e+04
4.993500000e+04
5.414100000e+04
7.379000000e+04
4.431000000e+04
6.092900000e+04
6.731600000e+04
6.576600000e+04
5.541600000e+04
5.257400000e+04
4.893200000e+04
6.096600000e+04
4.047400000e+04
5.591600000e+04
6.372300000e+04
3.963200000e+04
7.047700000e+04
4.967600000e+04
5.040300000e+04
5.334300000e+04
8.216700000e+04
6.242200000e+04
