4.209968205e-05
4.730310316e-05
3.918450517e-05
3.120253846e-05
3.234380554e-05
4.315431764e-05
4.246937054e-05
3.961161460e-05
4.048696347e-05
4.039866854e-05
3.741269624e-05
4.104560450e-05
3.341821756e-05
4.721178900e-05
4.105072266e-05
3.150112906e-05
4.091568511e-05
3.967403162e-05
3.944408151e-05
4.467816838e-05
4.148930019e-05
3.511323483e-05
4.212769204e-05
4.551742837e-05
3.914158357e-05
3.642672733e-05
3.311400880e-05
4.632126334e-05
3.381066403e-05
4.600317012e-05

7.405149417e-05
7.338161213e-05
9.183057344e-05
6.806187038e-05
8.389266601e-05
8.871643883e-05
7.512315681e-05
7.417207565e-05
8.841290524e-05
8.110816959e-05
8.819248115e-05
7.213297789e-05
8.033738685e-05
6.874088020e-05
7.848100479e-05
6.986180471e-05
5.942941602e-05
6.471549660e-05
7.456373314e-05
6.578843605e-05
7.341249194e-05
6.846279226e-05
6.729929685e-05
7.543810596e-05
6.760930237e-05
8.527988059e-05
6.921281937e-05
7.172123626e-05
7.679367546e-05
9.214656526e-05

3.694037086e-02
3.698221904e-02
3.696665877e-02
3.698336550e-02
3.699379557e-02
3.695193831e-02
3.694053162e-02
3.696240335e-02
3.696223361e-02
3.696097065e-02
3.690845896e-02
3.689792275e-02
3.700278928e-02
3.692597651e-02
3.696773879e-02
3.701727323e-02
3.696256458e-02
3.687789713e-02
3.696028958e-02
3.694623026e-02
3.689630969e-02
3.687757853e-02
3.695896620e-02
3.698839525e-02
3.697519544e-02
3.698233332e-02
3.698186833e-02
3.699855635e-02
3.691702279e-02
3.695747973e-02
