Number of sample populations = 3. Total number of values in the input = 90
61 1 1
80 1 2
86 1 3
109 1 4.5
109 1 4.5
127 1 6
136 1 7
988 1 8
1002 1 9
1003 0 10
1009 1 11
1024 1 12
1034 1 13
1079 1 14
1296 2 15
1381 2 16
1383 2 17
1410 2 18
1413 2 19
1442 2 20
1473 2 21
1478 2 22
1491 2 23
1520 2 24
1521 2 25
1534 2 26
1558 2 27
1576 2 28
1590 2 29
1594 2 30
1600 2 31
1604 2 32
1617 2 33
1621 2 34
1629 2 35
1631 2 36
1678 2 37
1685 2 38
1688 2 39
1713 2 40
1734 2 41
1753 2 42
1760 2 43
1809 2 44
1907 1 45
1919 0 46
1919 1 46
1923 0 48
1925 0 49
1929 1 50
1934 0 51
1940 1 52
1941 1 53
1947 1 54
1964 1 55
2818 0 56
2819 0 57
2832 0 58
2836 0 59
2841 0 60
2847 0 61
2851 0 62
2860 1 63
2863 0 64
2881 0 65
2885 1 66
2890 1 67
2894 1 68
3758 0 69
3776 0 70
3779 1 71
3783 0 72
3783 1 72
3791 0 74
3801 0 75
3807 1 76
3819 1 77
4685 0 78
4706 0 79
4733 0 80
4741 0 81
4767 1 82
5625 0 83
5638 0 84
5641 0 85
5643 0 86
5674 1 87
6541 0 88
8469 0 89
9371 0 90
Total number of ties =3
Number of samples = 30; sum = 2030
Number of samples = 30; sum = 1180
Number of samples = 30; sum = 885
Corrected T value =34.5234
p-value to accept the null hypothesis that all distribution functions are identical = 3.18661815e-08
