4.685000000e+03
1.003000000e+03
2.836000000e+03
1.919000000e+03
5.643000000e+03
3.791000000e+03
1.934000000e+03
2.863000000e+03
2.841000000e+03
2.847000000e+03
6.541000000e+03
2.881000000e+03
2.851000000e+03
4.706000000e+03
2.819000000e+03
2.818000000e+03
4.741000000e+03
1.923000000e+03
3.776000000e+03
4.733000000e+03
5.638000000e+03
3.758000000e+03
1.925000000e+03
3.801000000e+03
5.625000000e+03
2.832000000e+03
3.783000000e+03
9.371000000e+03
5.641000000e+03
8.469000000e+03

1.034000000e+03
8.000000000e+01
1.907000000e+03
5.674000000e+03
1.940000000e+03
1.929000000e+03
1.919000000e+03
8.600000000e+01
2.885000000e+03
1.090000000e+02
1.964000000e+03
1.947000000e+03
3.779000000e+03
6.100000000e+01
3.819000000e+03
3.807000000e+03
1.090000000e+02
1.024000000e+03
2.890000000e+03
1.941000000e+03
2.894000000e+03
1.270000000e+02
1.079000000e+03
1.360000000e+02
9.880000000e+02
1.009000000e+03
1.002000000e+03
3.783000000e+03
2.860000000e+03
4.767000000e+03

1.594000000e+03
1.760000000e+03
1.296000000e+03
1.381000000e+03
1.576000000e+03
1.473000000e+03
1.521000000e+03
1.600000000e+03
1.383000000e+03
1.478000000e+03
1.688000000e+03
1.442000000e+03
1.734000000e+03
1.621000000e+03
1.410000000e+03
1.678000000e+03
1.413000000e+03
1.520000000e+03
1.558000000e+03
1.590000000e+03
1.753000000e+03
1.631000000e+03
1.617000000e+03
1.713000000e+03
1.809000000e+03
1.629000000e+03
1.491000000e+03
1.534000000e+03
1.685000000e+03
1.604000000e+03
