3.200000000e+03
2.688000000e+03
2.048000000e+03
3.200000000e+03
2.304000000e+03
2.816000000e+03
2.176000000e+03
2.048000000e+03
2.432000000e+03
1.792000000e+03
2.176000000e+03
2.304000000e+03
1.792000000e+03
2.432000000e+03
2.176000000e+03
3.328000000e+03
2.816000000e+03
2.688000000e+03
2.432000000e+03
2.048000000e+03
2.688000000e+03
3.584000000e+03
2.944000000e+03
2.816000000e+03
2.304000000e+03
2.432000000e+03
2.048000000e+03
2.048000000e+03
2.688000000e+03
1.024000000e+03

9.000005504e+09
1.100000038e+10
1.299999539e+10
8.000010240e+09
1.000000422e+10
7.000012672e+09
1.000000602e+10
1.000000115e+10
1.000000230e+10
5.000019328e+09
1.000000205e+10
1.199999949e+10
6.000014464e+09
6.000016896e+09
5.000017152e+09
1.200000064e+10
8.000011648e+09
9.000003200e+09
6.000016640e+09
1.100000320e+10
6.000016128e+09
1.000000064e+10
1.000000192e+10
7.000010624e+09
1.199999693e+10
9.000006016e+09
8.000008960e+09
9.000010496e+09
9.000003712e+09
1.000000614e+10
