3.386341484e-06
3.184092105e-06
3.349686271e-06
3.320391969e-06
3.307547032e-06
3.693505289e-06
3.363181347e-06
3.119501871e-06
3.856364048e-06
4.025547352e-06
3.278473049e-06
3.405959508e-06
3.142420850e-06
2.763796637e-06
3.690800501e-06
3.215116984e-06
3.231791619e-06
3.221212467e-06
3.630165512e-06
3.224902484e-06
3.291569483e-06
3.382461408e-06
3.235911455e-06
3.754962153e-06
3.591744911e-06
3.312133335e-06
3.255313671e-06
4.000285940e-06
3.417913748e-06
3.559174125e-06

5.193901712e-06
5.079291567e-06
5.968105968e-06
5.368178664e-06
4.638367418e-06
6.159468252e-06
6.938379848e-06
6.088137026e-06
5.031268741e-06
5.151633451e-06
4.226991382e-06
4.856015104e-06
5.820563920e-06
6.334411550e-06
4.818943205e-06
6.072956123e-06
5.168125291e-06
5.646153955e-06
4.473097004e-06
5.619225998e-06
6.475809333e-06
5.165912000e-06
6.551018399e-06
4.876763946e-06
6.520341025e-06
6.949376085e-06
6.001576593e-06
4.886948965e-06
5.754480194e-06
5.626771938e-06
