1.330045017e-06
1.740061334e-06
1.507610468e-06
1.244149175e-06
1.351013380e-06
1.636466547e-06
1.300360097e-06
1.270727951e-06
1.436888982e-06
1.368002185e-06
1.520354128e-06
1.830901243e-06
1.346331189e-06
1.425549832e-06
1.687913801e-06
1.623047678e-06
1.614089963e-06
1.135804253e-06
1.819918140e-06
1.422006682e-06
1.515817287e-06
1.072364916e-06
1.362920394e-06
1.318730897e-06
1.134630722e-06
1.504130871e-06
1.289331166e-06
1.794156050e-06
1.626387356e-06
1.685524542e-06

1.186614462e-06
1.057940659e-06
9.879971358e-07
1.335138425e-06
1.244269295e-06
1.270387632e-06
1.222318578e-06
1.160914208e-06
1.115609064e-06
1.204880392e-06
1.030075856e-06
1.125901669e-06
1.167083304e-06
1.026314782e-06
1.274787627e-06
1.180429079e-06
1.041418200e-06
1.315167348e-06
1.126814043e-06
1.175493076e-06
1.072407151e-06
1.048977514e-06
1.346527077e-06
1.103913866e-06
1.259799698e-06
1.108767115e-06
1.097207725e-06
1.075088266e-06
1.028202724e-06
9.466640434e-07
