5.289614112e-06
5.479231527e-06
5.364285414e-06
6.081137871e-06
5.912650175e-06
7.049211713e-06
6.249101296e-06
6.380320326e-06
5.489612834e-06
4.536720014e-06
5.374132390e-06
5.167458226e-06
6.478160907e-06
5.993554406e-06
5.010786047e-06
5.959061506e-06
5.600812762e-06
6.492610274e-06
4.840405459e-06
7.633243065e-06
6.184359923e-06
6.970619696e-06
6.415019972e-06
5.321082024e-06
4.951379320e-06
4.844015795e-06
5.718532964e-06
5.571066844e-06
4.893024688e-06
6.418142245e-06

8.493856177e-06
9.233069170e-06
8.621580360e-06
8.793442903e-06
8.344869499e-06
1.060370808e-05
8.498876811e-06
9.085222252e-06
1.192941725e-05
8.013468154e-06
8.835023939e-06
8.195537074e-06
9.429922905e-06
9.365528279e-06
1.036135954e-05
8.498770344e-06
8.607940693e-06
9.007907559e-06
9.375119886e-06
8.414475737e-06
1.021981605e-05
8.040493476e-06
1.116831945e-05
9.408358935e-06
8.581103275e-06
1.350461703e-05
1.020006585e-05
7.505360079e-06
8.894069709e-06
1.260381231e-05
