3.318897040e-06
3.330050323e-06
3.239123986e-06
3.182074463e-06
3.593837803e-06
3.543428313e-06
3.361347497e-06
3.188911901e-06
3.447644896e-06
3.176623690e-06
3.264908871e-06
3.592624152e-06
3.300224684e-06
3.171855471e-06
3.305049110e-06
2.978454986e-06
3.694906285e-06
3.220698975e-06
3.589740123e-06
3.305759050e-06
3.833661835e-06
3.235706744e-06
3.350490781e-06
3.409336072e-06
3.184476137e-06
3.416777302e-06
3.426514777e-06
2.714794451e-06
3.718851930e-06
3.039370893e-06

8.725309917e-06
6.461982879e-06
9.075315476e-06
7.647908160e-06
7.875932843e-06
6.575124802e-06
7.887097103e-06
6.734613146e-06
7.746816205e-06
6.587316047e-06
6.310465626e-06
9.378824473e-06
6.931315344e-06
8.922176786e-06
6.980731103e-06
7.943002676e-06
6.693577897e-06
7.338379049e-06
6.184503955e-06
7.113613246e-06
6.239130887e-06
7.536463801e-06
8.191163386e-06
6.892790912e-06
6.384265632e-06
7.115554561e-06
6.916806297e-06
6.995541308e-06
8.016661165e-06
7.552939513e-06

1.151099300e-05
1.183640010e-05
9.751567654e-06
9.777478007e-06
1.106806167e-05
1.120345371e-05
9.757770961e-06
9.096658648e-06
1.035047308e-05
1.262485129e-05
1.095507803e-05
9.459355331e-06
8.680062338e-06
9.897864234e-06
1.087230581e-05
9.723641175e-06
1.017079606e-05
1.304744272e-05
1.061201681e-05
1.200417534e-05
9.860413653e-06
1.062817269e-05
9.818144793e-06
9.055050027e-06
9.442228362e-06
7.666715447e-06
8.950468215e-06
8.733494859e-06
7.031683108e-06
7.991458196e-06
