2.130000000e+02
1.480000000e+02
1.860000000e+02
2.870000000e+02
1.880000000e+02
2.130000000e+02
2.450000000e+02
1.940000000e+02
1.810000000e+02
1.860000000e+02
1.990000000e+02
1.810000000e+02
2.110000000e+02
1.530000000e+02
1.720000000e+02
1.780000000e+02
2.350000000e+02
1.920000000e+02
1.920000000e+02
1.770000000e+02
1.820000000e+02
2.120000000e+02
2.050000000e+02
1.620000000e+02
1.830000000e+02
1.670000000e+02
2.100000000e+02
2.090000000e+02
2.340000000e+02
2.070000000e+02

1.320000000e+02
1.770000000e+02
2.190000000e+02
1.750000000e+02
1.900000000e+02
1.410000000e+02
1.920000000e+02
1.430000000e+02
1.520000000e+02
1.480000000e+02
1.350000000e+02
2.050000000e+02
1.880000000e+02
2.090000000e+02
1.670000000e+02
1.950000000e+02
1.510000000e+02
2.090000000e+02
1.490000000e+02
1.260000000e+02
1.450000000e+02
1.740000000e+02
1.930000000e+02
1.730000000e+02
1.500000000e+02
1.930000000e+02
1.430000000e+02
2.190000000e+02
1.610000000e+02
1.560000000e+02
