1.920451489e-05
1.547735550e-05
1.351302054e-05
1.468220711e-05
1.582149663e-05
1.417171709e-05
1.878372106e-05
1.847574516e-05
1.776399285e-05
1.624434887e-05
1.691383726e-05
2.010550983e-05
1.543014956e-05
1.668601533e-05
1.599093287e-05
1.596989205e-05
1.834572553e-05
1.577105133e-05
1.724558663e-05
2.314527206e-05
1.838129487e-05
1.737184981e-05
1.836066128e-05
1.756137996e-05
1.728694678e-05
1.699673306e-05
1.943409035e-05
1.983080971e-05
1.923859908e-05
1.572204871e-05

2.701141666e-05
2.095971633e-05
2.548026646e-05
1.636523425e-05
2.132176938e-05
1.894315411e-05
2.058095032e-05
1.787847438e-05
2.531565468e-05
1.937088430e-05
2.470408747e-05
3.124767530e-05
2.339901457e-05
1.600631789e-05
2.051766603e-05
1.841872030e-05
1.999564392e-05
1.915792903e-05
2.554194500e-05
1.682272042e-05
2.441927335e-05
2.308334035e-05
2.142457231e-05
3.827921665e-05
2.093554932e-05
2.451656758e-05
1.911664999e-05
2.784854022e-05
2.817271071e-05
1.738707583e-05
