1.600000000e+01
1.200000000e+01
1.100000000e+01
1.100000000e+01
1.200000000e+01
1.100000000e+01
1.600000000e+01
9.000000000e+00
1.300000000e+01
1.500000000e+01
1.000000000e+01
1.100000000e+01
9.000000000e+00
8.000000000e+00
1.200000000e+01
1.200000000e+01
1.400000000e+01
1.400000000e+01
1.100000000e+01
1.100000000e+01
1.800000000e+01
1.400000000e+01
1.900000000e+01
1.200000000e+01
1.200000000e+01
1.100000000e+01
1.600000000e+01
1.200000000e+01
2.300000000e+01
1.100000000e+01

5.300000000e+01
4.600000000e+01
4.800000000e+01
4.600000000e+01
5.500000000e+01
4.900000000e+01
5.100000000e+01
5.000000000e+01
5.100000000e+01
4.600000000e+01
4.000000000e+01
4.700000000e+01
5.100000000e+01
5.200000000e+01
4.200000000e+01
5.100000000e+01
5.800000000e+01
6.100000000e+01
4.500000000e+01
6.200000000e+01
4.400000000e+01
4.600000000e+01
5.000000000e+01
5.000000000e+01
5.300000000e+01
6.300000000e+01
7.000000000e+01
6.300000000e+01
5.700000000e+01
4.300000000e+01
