3.180000000e+02
2.800000000e+02
2.680000000e+02
3.640000000e+02
2.700000000e+02
2.640000000e+02
2.860000000e+02
2.140000000e+02
2.120000000e+02
2.710000000e+02
2.960000000e+02
3.230000000e+02
2.990000000e+02
3.330000000e+02
3.880000000e+02
2.140000000e+02
2.110000000e+02
2.810000000e+02
3.390000000e+02
2.870000000e+02
2.950000000e+02
2.530000000e+02
3.490000000e+02
3.420000000e+02
2.710000000e+02
2.800000000e+02
2.860000000e+02
3.300000000e+02
3.170000000e+02
3.250000000e+02

2.680000000e+02
2.090000000e+02
2.960000000e+02
2.600000000e+02
2.690000000e+02
1.920000000e+02
2.830000000e+02
2.020000000e+02
2.500000000e+02
2.400000000e+02
2.260000000e+02
2.190000000e+02
2.460000000e+02
2.200000000e+02
2.050000000e+02
2.380000000e+02
2.680000000e+02
2.680000000e+02
2.680000000e+02
2.190000000e+02
2.530000000e+02
2.540000000e+02
2.890000000e+02
2.540000000e+02
2.550000000e+02
1.870000000e+02
2.470000000e+02
2.780000000e+02
2.380000000e+02
2.330000000e+02
