9.142900638e-07
8.752459112e-07
7.457860406e-07
8.499799085e-07
8.559337948e-07
8.366354907e-07
8.483137225e-07
9.080381738e-07
9.443111515e-07
8.707900274e-07
8.549261710e-07
8.876680145e-07
8.862636247e-07
8.720320621e-07
8.629711530e-07
8.926783888e-07
9.321521217e-07
8.592824940e-07
8.621545470e-07
8.162468085e-07
8.982310778e-07
8.218602560e-07
9.024303550e-07
8.155514000e-07
9.129562926e-07
8.771351308e-07
8.154100429e-07
8.727326602e-07
9.587055483e-07
1.077824830e-06

5.360739549e-07
5.862356213e-07
5.172668280e-07
4.940914021e-07
5.802898389e-07
5.643369606e-07
5.664638248e-07
5.810413750e-07
6.038094960e-07
5.480976954e-07
5.262805516e-07
5.135083488e-07
5.268400320e-07
5.381092423e-07
5.369842934e-07
5.070052814e-07
5.309112056e-07
6.200326734e-07
4.881548013e-07
5.294119257e-07
5.619972025e-07
4.825947270e-07
5.570816784e-07
5.334221811e-07
5.552052332e-07
5.253259817e-07
5.652884966e-07
4.801718951e-07
5.423748668e-07
5.618292186e-07
