4.130000000e+02
3.170000000e+02
3.210000000e+02
3.890000000e+02
3.110000000e+02
3.250000000e+02
3.370000000e+02
3.330000000e+02
3.110000000e+02
3.230000000e+02
3.380000000e+02
3.340000000e+02
3.080000000e+02
3.600000000e+02
3.450000000e+02
3.760000000e+02
3.180000000e+02
2.920000000e+02
3.370000000e+02
3.700000000e+02
3.490000000e+02
3.220000000e+02
3.190000000e+02
3.420000000e+02
3.320000000e+02
2.970000000e+02
4.100000000e+02
3.520000000e+02
3.300000000e+02
3.110000000e+02

1.851000000e+03
1.369000000e+03
1.214000000e+03
1.146000000e+03
2.980000000e+03
2.218000000e+03
2.271000000e+03
1.448000000e+03
1.986000000e+03
2.107000000e+03
2.193000000e+03
1.356000000e+03
1.322000000e+03
1.895000000e+03
1.127000000e+03
2.246000000e+03
2.360000000e+03
1.068000000e+03
1.066000000e+03
1.104000000e+03
2.110000000e+03
1.448000000e+03
1.259000000e+03
1.633000000e+03
1.223000000e+03
1.307000000e+03
2.019000000e+03
1.249000000e+03
1.201000000e+03
1.360000000e+03
