4.488470961e-07
4.849515709e-07
7.755773482e-07
6.322830803e-07
7.732862926e-07
4.699400889e-07
7.247270198e-07
5.239675399e-07
6.694530232e-07
6.854339653e-07
7.310552370e-07
5.646076989e-07
5.277388335e-07
6.612726321e-07
5.412559857e-07
1.123250653e-06
5.285331641e-07
6.574556300e-07
5.701461764e-07
5.973388837e-07
8.941364711e-07
5.958631966e-07
8.310936599e-07
5.583791223e-07
8.656036454e-07
7.532165322e-07
4.688769762e-07
5.996702985e-07
9.666722070e-07
7.305920039e-07

4.860963203e-07
4.544275695e-07
5.955350931e-07
3.870846828e-07
4.125854956e-07
3.975404408e-07
5.671347223e-07
5.001934719e-07
4.770970079e-07
4.349828784e-07
4.507159964e-07
4.408419943e-07
6.232559436e-07
4.600143504e-07
3.764828970e-07
3.714230218e-07
3.992010778e-07
5.235463427e-07
4.606543896e-07
5.234069417e-07
4.672355408e-07
4.492067364e-07
4.243148651e-07
4.798921349e-07
5.293175545e-07
4.114899278e-07
3.888743417e-07
3.866553020e-07
4.343700646e-07
4.529739183e-07
