Number of sample populations = 3. Total number of values in the input = 90
2 2 5
2 2 5
2 2 5
2 2 5
2 2 5
2 2 5
2 2 5
2 2 5
2 2 5
3 2 20
3 2 20
3 2 20
3 2 20
3 2 20
3 2 20
3 2 20
3 2 20
3 2 20
3 2 20
3 2 20
3 2 20
3 2 20
3 2 20
3 1 20
3 2 20
3 1 20
3 2 20
3 2 20
3 2 20
3 2 20
3 2 20
4 1 40
4 0 40
4 1 40
4 1 40
4 1 40
4 1 40
4 1 40
4 1 40
4 1 40
4 1 40
4 1 40
4 1 40
4 1 40
4 1 40
4 1 40
4 1 40
4 1 40
4 2 40
5 0 59
5 0 59
5 0 59
5 1 59
5 1 59
5 0 59
5 1 59
5 0 59
5 1 59
5 1 59
5 0 59
5 1 59
5 1 59
5 0 59
5 1 59
5 0 59
5 1 59
5 0 59
5 1 59
6 1 76
6 0 76
6 0 76
6 0 76
6 0 76
6 0 76
6 0 76
6 0 76
6 0 76
6 0 76
6 0 76
6 0 76
6 1 76
6 0 76
7 0 84
7 0 84
8 0 88
8 0 88
8 0 88
8 0 88
8 0 88
8 0 88
Total number of ties =83
Number of samples = 30; sum = 2169.5
Number of samples = 30; sum = 1430
Number of samples = 30; sum = 495.5
Corrected T value =71.3799
p-value to accept the null hypothesis that all distribution functions are identical = 3.16263652e-16
