1.910000000e+02
2.450000000e+02
2.150000000e+02
1.820000000e+02
2.400000000e+02
2.090000000e+02
2.270000000e+02
3.210000000e+02
2.130000000e+02
3.030000000e+02
2.560000000e+02
2.620000000e+02
2.970000000e+02
2.220000000e+02
2.550000000e+02
2.740000000e+02
2.850000000e+02
2.290000000e+02
2.360000000e+02
2.890000000e+02
2.450000000e+02
2.410000000e+02
2.970000000e+02
2.860000000e+02
2.080000000e+02
2.760000000e+02
3.350000000e+02
2.890000000e+02
3.130000000e+02
2.560000000e+02

9.990000000e+02
8.760000000e+02
1.077000000e+03
1.717000000e+03
1.314000000e+03
1.378000000e+03
6.740000000e+02
1.574000000e+03
1.032000000e+03
1.369000000e+03
1.979000000e+03
1.128000000e+03
1.272000000e+03
9.460000000e+02
9.450000000e+02
1.407000000e+03
1.691000000e+03
1.597000000e+03
1.347000000e+03
1.410000000e+03
1.473000000e+03
1.265000000e+03
1.304000000e+03
1.156000000e+03
6.400000000e+02
9.050000000e+02
2.500000000e+03
1.165000000e+03
1.007000000e+03
1.325000000e+03
