2.222401634e-05
1.953845695e-05
2.065521815e-05
1.882920776e-05
1.723091606e-05
1.830278792e-05
1.736902838e-05
2.102252241e-05
1.715817809e-05
1.597892386e-05
1.925796378e-05
1.611863478e-05
1.861764581e-05
2.015563529e-05
1.630347603e-05
1.726269168e-05
1.752919445e-05
1.855482971e-05
1.749821081e-05
1.809476418e-05
1.610802433e-05
1.924551684e-05
1.801916034e-05
2.035512819e-05
2.030283531e-05
1.697942402e-05
2.087192144e-05
1.968837883e-05
1.562786880e-05
1.898497986e-05

7.531341119e-05
6.438193646e-05
6.752558984e-05
6.478125622e-05
7.992446794e-05
6.745991845e-05
7.382714138e-05
6.318702204e-05
5.704699677e-05
7.686941335e-05
7.049795553e-05
6.177788166e-05
7.055324609e-05
6.653849717e-05
7.359380253e-05
7.248088013e-05
5.694418326e-05
7.140806240e-05
5.606031248e-05
6.650530503e-05
7.654035144e-05
7.049654200e-05
6.043056656e-05
5.945238969e-05
6.151541098e-05
6.983357057e-05
7.180000676e-05
5.411187922e-05
5.477203920e-05
5.953883320e-05
