3.927000000e+03
1.700300000e+04
2.301500000e+04
1.939800000e+04
6.535000000e+03
1.764400000e+04
1.249200000e+04
7.313000000e+03
6.536000000e+03
7.285000000e+03
3.203300000e+04
1.865600000e+04
1.342500000e+04
1.599800000e+04
7.325000000e+03
1.676500000e+04
4.779000000e+03
6.635000000e+03
8.080000000e+03
1.768300000e+04
6.411000000e+03
1.343200000e+04
1.937300000e+04
7.331000000e+03
2.069000000e+03
1.675900000e+04
3.033000000e+03
4.033000000e+03
9.814000000e+03
4.668000000e+03

2.566000000e+03
5.991000000e+03
8.710000000e+02
4.271000000e+03
4.264000000e+03
4.292000000e+03
2.565000000e+03
5.136000000e+03
8.770000000e+02
4.274000000e+03
3.426000000e+03
5.128000000e+03
4.277000000e+03
2.569000000e+03
3.434000000e+03
5.144000000e+03
1.714000000e+03
4.276000000e+03
8.630000000e+02
1.727000000e+03
1.500000000e+01
3.413000000e+03
8.780000000e+02
5.124000000e+03
6.857000000e+03
5.122000000e+03
5.124000000e+03
1.703000000e+03
7.717000000e+03
8.620000000e+02
