3.750000000e+02
3.350000000e+02
2.570000000e+02
3.340000000e+02
2.950000000e+02
4.170000000e+02
2.900000000e+02
3.000000000e+02
2.480000000e+02
3.960000000e+02
3.550000000e+02
2.430000000e+02
2.940000000e+02
3.180000000e+02
3.130000000e+02
2.820000000e+02
2.810000000e+02
3.690000000e+02
3.130000000e+02
3.280000000e+02
3.190000000e+02
3.620000000e+02
3.320000000e+02
3.520000000e+02
2.850000000e+02
2.870000000e+02
3.790000000e+02
3.570000000e+02
2.360000000e+02
2.550000000e+02

2.220000000e+02
2.790000000e+02
2.500000000e+02
2.320000000e+02
2.500000000e+02
2.040000000e+02
2.030000000e+02
2.540000000e+02
2.540000000e+02
2.820000000e+02
3.000000000e+02
2.590000000e+02
2.320000000e+02
2.570000000e+02
2.540000000e+02
2.010000000e+02
2.570000000e+02
2.470000000e+02
2.500000000e+02
2.510000000e+02
2.540000000e+02
2.540000000e+02
2.280000000e+02
2.540000000e+02
2.620000000e+02
2.500000000e+02
2.540000000e+02
1.880000000e+02
2.250000000e+02
2.420000000e+02
