4.587346100e+07
4.652981000e+06
4.682297000e+06
1.900513100e+07
2.002190400e+07
3.536611300e+07
8.485002000e+06
5.006888000e+06
7.881893900e+07
4.989883000e+06
1.002873390e+08
2.769044200e+07
4.423224400e+07
4.720064000e+06
4.057507100e+07
4.772819000e+06
2.413116300e+07
5.952793400e+07
1.347391200e+07
1.753712000e+07
4.913991000e+06
4.765804000e+06
2.924984700e+07
4.756764000e+06
4.632588000e+06
2.103175000e+07
4.888822000e+06
4.911106000e+06
4.796158000e+06
5.293727600e+07

2.140630000e+07
2.203644900e+07
1.442181100e+07
1.377836000e+07
3.723374600e+07
9.148442000e+06
1.581440800e+07
9.153870000e+06
1.390845000e+07
1.618575100e+07
8.741007000e+06
9.540037000e+06
9.129293000e+06
3.048046500e+07
3.435635900e+07
1.598693500e+07
4.444676400e+07
7.262557000e+06
8.795338000e+06
1.015132600e+07
1.411888100e+07
4.654718000e+06
9.156957000e+06
1.600434300e+07
1.440214000e+07
2.619423700e+07
2.138823900e+07
1.203447400e+07
8.493051000e+06
1.524897900e+07

1.475284000e+07
1.517568300e+07
1.544950200e+07
1.474900100e+07
1.481200700e+07
1.520979300e+07
1.418421100e+07
1.508233800e+07
1.365421200e+07
1.518718700e+07
1.502740600e+07
1.474399800e+07
1.496684400e+07
1.474866300e+07
1.431322800e+07
1.500087200e+07
1.523964300e+07
1.534736300e+07
1.427260600e+07
1.494452100e+07
1.425841300e+07
1.436682500e+07
1.395761100e+07
1.533391300e+07
1.490831200e+07
1.477288900e+07
1.521134300e+07
1.534995400e+07
1.498919300e+07
1.386057500e+07
