3.411417000e+06
3.605552000e+06
4.505402000e+06
3.256347000e+06
3.335990000e+06
3.878013000e+06
3.814459000e+06
4.391716000e+06
3.694260000e+06
4.778185000e+06
4.554636000e+06
3.699482000e+06
4.049685000e+06
3.968177000e+06
3.782287000e+06
3.300529000e+06
3.778146000e+06
3.814289000e+06
3.589383000e+06
4.259505000e+06
4.189412000e+06
5.579291000e+06
1.771454300e+07
4.245159000e+06
4.139181000e+06
3.567404000e+06
3.865476000e+06
4.450075000e+06
5.329934000e+06
3.822873000e+06

4.936906000e+06
9.195788000e+06
8.909637000e+06
1.229935000e+07
1.509420800e+07
1.097041600e+07
1.218630300e+07
1.271638900e+07
2.001966300e+07
1.199477500e+07
1.796423400e+07
1.026707000e+07
1.672402600e+07
1.089947200e+07
6.317681000e+06
6.639047000e+06
1.370451700e+07
9.746416000e+06
1.078139000e+07
8.295984000e+06
8.634450000e+06
7.988609000e+06
9.754693000e+06
1.183760100e+07
1.035042800e+07
7.624142000e+06
1.505220500e+07
6.935482000e+06
7.573599000e+06
2.019729300e+07
