1.837000000e+03
0.000000000e+00
1.000000000e+00
3.680000000e+03
0.000000000e+00
0.000000000e+00
2.000000000e+00
1.839000000e+03
9.180000000e+02
9.180000000e+02
9.180000000e+02
0.000000000e+00
9.200000000e+02
9.190000000e+02
9.180000000e+02
9.170000000e+02
9.180000000e+02
9.170000000e+02
9.180000000e+02
9.180000000e+02
9.180000000e+02
1.000000000e+00
9.180000000e+02
9.190000000e+02
9.190000000e+02
0.000000000e+00
2.762000000e+03
0.000000000e+00
0.000000000e+00
0.000000000e+00

2.851000000e+03
6.400000000e+01
9.650000000e+02
2.894000000e+03
2.857000000e+03
7.000000000e+01
1.031000000e+03
9.520000000e+02
9.860000000e+02
7.400000000e+01
8.400000000e+01
3.719000000e+03
9.950000000e+02
9.830000000e+02
8.500000000e+01
2.890000000e+03
2.820000000e+03
3.737000000e+03
1.900000000e+03
9.340000000e+02
3.720000000e+03
9.620000000e+02
2.808000000e+03
6.535000000e+03
1.031000000e+03
6.500000000e+01
2.821000000e+03
2.824000000e+03
5.600000000e+03
6.400000000e+01
