1.223680000e+05
1.125120000e+05
1.145600000e+05
1.081600000e+05
1.056000000e+05
9.292800000e+04
9.868800000e+04
1.245440000e+05
1.086720000e+05
1.085440000e+05
1.175040000e+05
1.085440000e+05
1.109760000e+05
1.145600000e+05
1.090560000e+05
1.192960000e+05
1.104640000e+05
1.141760000e+05
1.127680000e+05
1.047040000e+05
1.088000000e+05
1.021440000e+05
1.053440000e+05
9.689600000e+04
1.012480000e+05
1.058560000e+05
1.070080000e+05
1.153280000e+05
1.067520000e+05
9.395200000e+04

8.094720000e+05
7.630080000e+05
7.233280000e+05
7.453440000e+05
7.170560000e+05
7.475200000e+05
8.019200000e+05
7.148800000e+05
7.837440000e+05
8.016640000e+05
7.194880000e+05
7.840000000e+05
9.203200000e+05
7.031040000e+05
8.569600000e+05
8.195840000e+05
7.773440000e+05
8.139520000e+05
8.483840000e+05
7.993600000e+05
8.586240000e+05
7.879680000e+05
6.903040000e+05
8.710400000e+05
7.330560000e+05
7.632640000e+05
8.352000000e+05
8.225280000e+05
6.988800000e+05
8.052480000e+05
