7.976600000e+04
8.247000000e+04
5.290300000e+04
6.630600000e+04
5.740300000e+04
6.049600000e+04
6.981800000e+04
6.478000000e+04
6.050300000e+04
7.603500000e+04
6.457700000e+04
6.390400000e+04
6.879900000e+04
7.497100000e+04
6.621000000e+04
7.305600000e+04
8.242800000e+04
6.916900000e+04
7.266500000e+04
7.018100000e+04
6.328400000e+04
7.003400000e+04
8.155000000e+04
6.952000000e+04
5.838500000e+04
6.102000000e+04
6.296000000e+04
6.830000000e+04
6.942200000e+04
6.562000000e+04

3.507900000e+04
3.622400000e+04
3.362000000e+04
3.307900000e+04
3.216200000e+04
3.408300000e+04
3.194900000e+04
3.126300000e+04
2.915500000e+04
3.469200000e+04
3.088200000e+04
3.301900000e+04
3.357200000e+04
3.131200000e+04
3.426200000e+04
2.821300000e+04
3.238300000e+04
2.782100000e+04
3.092400000e+04
3.550800000e+04
2.870400000e+04
3.408400000e+04
3.274500000e+04
3.056700000e+04
3.190800000e+04
3.275800000e+04
2.940000000e+04
3.024100000e+04
3.312900000e+04
2.866900000e+04
