4.745048788e-06
4.284300506e-06
4.344841643e-06
4.537337099e-06
4.432967902e-06
4.470685988e-06
4.470998244e-06
4.396332769e-06
4.598191450e-06
4.491570918e-06
4.240125261e-06
4.776777099e-06
4.318813246e-06
4.939635939e-06
4.734407401e-06
4.512639639e-06
4.377153667e-06
4.339728115e-06
4.345631702e-06
4.226483079e-06
4.297322010e-06
4.505900764e-06
4.439728854e-06
5.130642574e-06
4.553997123e-06
4.778598096e-06
4.094057583e-06
4.834599078e-06
5.291501255e-06
4.733955066e-06

6.684431320e-06
7.723830999e-06
7.294507276e-06
7.618919647e-06
7.368253231e-06
7.766264210e-06
6.965374991e-06
7.397169130e-06
7.426577723e-06
5.941175576e-06
6.305648704e-06
7.058462762e-06
7.763159422e-06
6.810309357e-06
7.532398935e-06
6.681347371e-06
6.792104785e-06
7.699278967e-06
8.031215442e-06
6.315721349e-06
7.655221047e-06
7.468935605e-06
8.037873639e-06
7.495359371e-06
6.232293448e-06
7.645060738e-06
7.468952252e-06
8.231914802e-06
6.847696745e-06
7.257588152e-06
