6.405039748e-04
6.446834805e-04
6.328313698e-04
6.383066735e-04
6.382080921e-04
6.358993164e-04
6.329021406e-04
6.457026550e-04
6.260415329e-04
6.374448785e-04
6.343348536e-04
6.327585685e-04
6.429878671e-04
6.323384715e-04
6.402961119e-04
6.387325095e-04
6.337507540e-04
6.335362147e-04
6.337548439e-04
6.500600164e-04
6.305247533e-04
6.323966988e-04
6.312209601e-04
6.354899715e-04
6.308449272e-04
6.326085715e-04
6.300188449e-04
6.356967907e-04
6.231573877e-04
6.348053464e-04

1.005246051e-04
1.182780942e-04
7.421903337e-05
8.841783921e-05
7.490070646e-05
6.608529220e-05
1.124751646e-04
1.056789330e-04
8.556753351e-05
8.252516322e-05
1.218998726e-04
8.166547418e-05
7.048450317e-05
1.058915049e-04
8.716996497e-05
8.689528233e-05
9.676891086e-05
7.319224058e-05
8.096934115e-05
9.982782600e-05
9.703884699e-05
7.523484053e-05
8.194691622e-05
7.501525221e-05
8.443044830e-05
9.097624080e-05
7.993441332e-05
8.991303077e-05
1.016045825e-04
6.767608043e-05
