2.216485488e-06
1.623849713e-06
2.100713428e-06
1.867079690e-06
1.902365802e-06
2.028624957e-06
1.543204844e-06
2.146118572e-06
1.675467267e-06
2.236671416e-06
1.825908673e-06
2.035829900e-06
1.894416229e-06
2.129081703e-06
2.249984017e-06
2.167377673e-06
2.250256672e-06
2.104509353e-06
2.162909853e-06
1.842438118e-06
1.783694105e-06
1.339450756e-06
2.506831585e-06
1.940259936e-06
2.447434479e-06
2.217255348e-06
2.298412672e-06
2.552568465e-06
2.120280115e-06
2.116805588e-06

1.092848037e-05
1.372470380e-05
1.072878392e-05
1.088809781e-05
8.135999129e-06
8.897316731e-06
6.911622989e-06
8.930379852e-06
1.037350679e-05
1.041598515e-05
7.329489796e-06
7.572818974e-06
9.358136231e-06
7.706549419e-06
6.350163311e-06
1.845610897e-05
1.030202559e-05
9.151397994e-06
8.473235559e-06
9.364355306e-06
5.539241407e-06
1.147270729e-05
5.791121594e-06
7.954125220e-06
1.075531847e-05
6.833401111e-06
5.527364173e-06
9.002201058e-06
1.279152106e-05
8.376706873e-06
