1.197452800e+07
1.466291200e+07
1.538188800e+07
1.660736000e+07
1.765721600e+07
1.573734400e+07
1.330956800e+07
1.376128000e+07
1.557222400e+07
1.562496000e+07
1.217638400e+07
1.656307200e+07
1.344179200e+07
1.488025600e+07
1.462528000e+07
1.477030400e+07
1.388838400e+07
1.355148800e+07
1.695513600e+07
1.286784000e+07
1.712153600e+07
1.487603200e+07
1.741465600e+07
1.370380800e+07
1.480051200e+07
1.159731200e+07
1.439705600e+07
1.618918400e+07
1.282099200e+07
1.429964800e+07

8.337830400e+07
8.546547200e+07
9.201651200e+07
9.067200000e+07
1.172989440e+08
1.102608640e+08
9.733644800e+07
8.663961600e+07
8.861350400e+07
9.558643200e+07
8.503744000e+07
8.892249600e+07
9.667289600e+07
9.687424000e+07
9.663718400e+07
1.124624640e+08
1.174903040e+08
9.619417600e+07
8.822438400e+07
9.803724800e+07
9.714496000e+07
1.055325440e+08
9.026777600e+07
1.032643840e+08
9.713216000e+07
9.044403200e+07
8.071526400e+07
8.826419200e+07
8.948812800e+07
1.020949760e+08
