Number of sample populations = 3. Total number of values in the input = 90
57595 0 1
58857 0 2
59859 0 3
59941 0 4
60473 0 5
60547 0 6
60595 0 7
60696 0 8
61074 0 9
61259 0 10
61593 0 11
61788 0 12
61904 0 13
61992 0 14
62280 0 15
62450 0 16
62682 0 17
62829 0 18
62832 0 19
62995 0 20
63090 0 21
63449 0 22
63771 0 23
64022 0 24
64037 0 25
65024 0 26
65208 0 27
66278 0 28
67463 0 29
69912 0 30
77764 1 31
79427 1 32
79710 1 33
79952 1 34
80446 1 35
80948 1 36
80975 1 37
81415 1 38
81434 1 39
81695 1 40
81741 1 41
82110 1 42
82707 1 43
83078 1 44
83230 1 45
83420 1 46
83472 1 47
83899 1 48
84784 1 49
85118 1 50
85707 1 51
86192 1 52
87036 1 53
88071 1 54
89041 1 55
89340 1 56
89430 1 57
89851 1 58
90129 1 59
92822 1 60
127144 2 61
128894 2 62
128973 2 63
130137 2 64
132709 2 65
132844 2 66
133857 2 67
135927 2 68
136845 2 69
137096 2 70
137272 2 71
137409 2 72
137464 2 73
138544 2 74
138637 2 75
138952 2 76
139151 2 77
139806 2 78
139974 2 79
140361 2 80
140480 2 81
140663 2 82
141933 2 83
142428 2 84
142806 2 85
142947 2 86
145540 2 87
145793 2 88
149432 2 89
154832 2 90
Total number of ties =0
Number of samples = 30; sum = 465
Number of samples = 30; sum = 1365
Number of samples = 30; sum = 2265
Corrected T value =79.1209
p-value to accept the null hypothesis that all distribution functions are identical = 6.59355142e-18
