6.268200000e+04
6.299500000e+04
6.282900000e+04
5.885700000e+04
6.627800000e+04
6.059500000e+04
6.520800000e+04
6.402200000e+04
5.759500000e+04
6.107400000e+04
6.991200000e+04
6.502400000e+04
6.178800000e+04
6.047300000e+04
6.344900000e+04
6.159300000e+04
6.377100000e+04
6.199200000e+04
6.245000000e+04
5.994100000e+04
6.190400000e+04
6.309000000e+04
6.228000000e+04
6.403700000e+04
5.985900000e+04
6.054700000e+04
6.125900000e+04
6.069600000e+04
6.746300000e+04
6.283200000e+04

8.389900000e+04
8.347200000e+04
8.570700000e+04
9.282200000e+04
8.307800000e+04
7.995200000e+04
8.985100000e+04
8.143400000e+04
8.807100000e+04
8.619200000e+04
8.478400000e+04
9.012900000e+04
8.174100000e+04
8.511800000e+04
7.942700000e+04
8.270700000e+04
8.097500000e+04
8.141500000e+04
8.342000000e+04
8.094800000e+04
8.904100000e+04
8.703600000e+04
8.323000000e+04
8.211000000e+04
7.971000000e+04
8.934000000e+04
8.044600000e+04
7.776400000e+04
8.943000000e+04
8.169500000e+04

1.548320000e+05
1.406630000e+05
1.327090000e+05
1.370960000e+05
1.374090000e+05
1.289730000e+05
1.494320000e+05
1.328440000e+05
1.288940000e+05
1.374640000e+05
1.385440000e+05
1.368450000e+05
1.301370000e+05
1.389520000e+05
1.338570000e+05
1.403610000e+05
1.455400000e+05
1.391510000e+05
1.372720000e+05
1.424280000e+05
1.271440000e+05
1.404800000e+05
1.386370000e+05
1.399740000e+05
1.428060000e+05
1.457930000e+05
1.359270000e+05
1.398060000e+05
1.419330000e+05
1.429470000e+05
