6.952500000e+04
5.922100000e+04
6.434100000e+04
7.787500000e+04
6.790700000e+04
8.706400000e+04
8.525200000e+04
6.800400000e+04
1.135770000e+05
7.611400000e+04
8.865100000e+04
7.959900000e+04
9.174000000e+04
7.347600000e+04
9.253400000e+04
7.648100000e+04
8.165900000e+04
7.032500000e+04
7.199600000e+04
7.698700000e+04
8.001300000e+04
6.898000000e+04
7.148300000e+04
6.541700000e+04
6.270200000e+04
9.325000000e+04
8.279000000e+04
8.930900000e+04
8.264100000e+04
9.741600000e+04

4.507100000e+04
3.329000000e+04
4.125900000e+04
3.802800000e+04
3.863800000e+04
4.166000000e+04
3.173700000e+04
4.226200000e+04
3.380300000e+04
4.452400000e+04
3.727400000e+04
4.104100000e+04
3.890000000e+04
4.243400000e+04
4.512200000e+04
4.386100000e+04
4.494900000e+04
4.264300000e+04
4.327700000e+04
3.706600000e+04
3.676600000e+04
2.879200000e+04
4.985200000e+04
3.909100000e+04
4.881300000e+04
4.386100000e+04
4.556100000e+04
4.985600000e+04
4.256100000e+04
4.275000000e+04
