2.852281220e-06
2.858278739e-06
2.417554429e-06
2.473867067e-06
2.654577824e-06
2.392258606e-06
2.623781288e-06
2.827939248e-06
2.526411166e-06
2.598828818e-06
2.790314256e-06
2.546979808e-06
2.465875498e-06
2.651714035e-06
2.843501667e-06
2.814038384e-06
2.588738928e-06
2.483827456e-06
2.832749942e-06
2.361172409e-06
2.645336037e-06
2.789872659e-06
2.567518031e-06
2.463913225e-06
2.868271343e-06
2.623564203e-06
2.688027611e-06
2.399253808e-06
2.506511905e-06
2.617483969e-06

2.259405685e-06
2.379699297e-06
2.652328805e-06
2.587187034e-06
2.632908585e-06
2.729361103e-06
2.419971153e-06
2.553540440e-06
2.553974931e-06
2.549202201e-06
2.308958090e-06
2.342853585e-06
2.494365649e-06
2.460775743e-06
2.830734295e-06
2.506878132e-06
2.389775015e-06
2.538202931e-06
2.534787844e-06
2.772150960e-06
2.434863314e-06
2.608524817e-06
2.533902496e-06
2.816037783e-06
2.464006079e-06
2.624119092e-06
2.643823025e-06
2.549764356e-06
2.629694177e-06
2.472518965e-06
