3.700000000e+02
3.850000000e+02
3.120000000e+02
2.760000000e+02
3.850000000e+02
3.850000000e+02
3.850000000e+02
3.700000000e+02
3.850000000e+02
3.390000000e+02
3.110000000e+02
3.370000000e+02
3.350000000e+02
3.710000000e+02
3.960000000e+02
2.530000000e+02
3.440000000e+02
3.410000000e+02
3.480000000e+02
3.850000000e+02
3.850000000e+02
3.400000000e+02
3.850000000e+02
3.850000000e+02
3.850000000e+02
3.170000000e+02
3.850000000e+02
3.850000000e+02
3.490000000e+02
3.850000000e+02

2.820000000e+02
3.280000000e+02
3.550000000e+02
3.120000000e+02
3.040000000e+02
3.090000000e+02
3.410000000e+02
3.610000000e+02
3.250000000e+02
3.110000000e+02
2.730000000e+02
3.000000000e+02
3.760000000e+02
3.320000000e+02
3.290000000e+02
3.550000000e+02
2.960000000e+02
3.650000000e+02
3.150000000e+02
3.350000000e+02
3.500000000e+02
3.220000000e+02
3.170000000e+02
2.900000000e+02
2.950000000e+02
2.830000000e+02
3.360000000e+02
3.540000000e+02
2.710000000e+02
2.910000000e+02

3.136000000e+03
5.314000000e+03
5.977000000e+03
5.314000000e+03
3.136000000e+03
8.160000000e+02
8.160000000e+02
8.020000000e+02
8.760000000e+02
7.780000000e+02
2.948000000e+03
2.204000000e+03
6.007000000e+03
7.800000000e+02
1.723000000e+03
8.160000000e+02
5.419000000e+03
1.741000000e+03
8.150000000e+02
5.310000000e+03
2.217000000e+03
7.910000000e+02
5.314000000e+03
7.780000000e+02
7.780000000e+02
8.160000000e+02
5.314000000e+03
8.800000000e+02
1.741000000e+03
3.136000000e+03
