1.396227346e-07
1.195114174e-07
1.318991096e-07
1.627057056e-07
1.336027407e-07
1.418098782e-07
1.402436123e-07
1.556163314e-07
1.426437296e-07
1.574506609e-07
1.451016912e-07
1.455903534e-07
1.457618502e-07
1.424471629e-07
1.298522454e-07
1.764549134e-07
1.247482585e-07
1.412967050e-07
1.704680531e-07
1.650583579e-07
1.715795889e-07
1.171794437e-07
1.372533957e-07
1.423158657e-07
1.586332945e-07
1.301260176e-07
1.482999315e-07
1.384676060e-07
1.450572202e-07
1.354704035e-07

1.503454385e-07
1.909145396e-07
1.423341890e-07
1.662374785e-07
1.475757406e-07
1.813998984e-07
1.651524097e-07
1.527105459e-07
1.393121561e-07
1.337130799e-07
1.497047605e-07
1.355714413e-07
1.670544038e-07
1.723703666e-07
1.618088202e-07
1.305054982e-07
1.443833686e-07
1.664295741e-07
1.504586919e-07
1.457367804e-07
1.900773349e-07
1.625065441e-07
1.660350435e-07
1.662615104e-07
1.647476596e-07
1.236718524e-07
1.508615258e-07
1.657524889e-07
1.238168423e-07
1.650211124e-07
