6.381000000e+03
6.352000000e+03
6.018000000e+03
6.046000000e+03
5.805000000e+03
6.313000000e+03
6.169000000e+03
6.000000000e+03
6.212000000e+03
6.036000000e+03
6.397000000e+03
6.366000000e+03
6.396000000e+03
6.369000000e+03
5.587000000e+03
6.236000000e+03
5.969000000e+03
7.206000000e+03
6.544000000e+03
6.140000000e+03
6.105000000e+03
6.287000000e+03
6.266000000e+03
5.977000000e+03
6.129000000e+03
6.348000000e+03
6.096000000e+03
6.309000000e+03
6.659000000e+03
6.273000000e+03

2.168000000e+04
1.437800000e+04
1.314600000e+04
1.498200000e+04
1.322700000e+04
3.001056000e+06
1.770800000e+04
1.278700000e+04
1.482500000e+04
1.356900000e+04
1.316100000e+04
1.318200000e+04
1.287500000e+04
2.021100000e+04
1.296400000e+04
1.445800000e+04
1.921800000e+04
1.420900000e+04
4.988181000e+06
1.438400000e+04
1.168100000e+04
1.913400000e+04
1.673500000e+04
1.737100000e+04
1.549400000e+04
1.655500000e+04
1.288000000e+04
1.611900000e+04
1.972800000e+04
1.242800000e+04
