1.225814024e-06
1.145410152e-06
1.167933563e-06
1.412620543e-06
1.218236067e-06
1.198367584e-06
1.179829798e-06
1.247703942e-06
1.086012647e-06
1.341603289e-06
1.354715332e-06
1.212181063e-06
1.215468325e-06
1.363655443e-06
1.319778720e-06
1.193841441e-06
1.169483381e-06
1.195426070e-06
1.341726842e-06
1.277677365e-06
1.184275902e-06
1.368383781e-06
1.212786252e-06
1.304089634e-06
1.284351849e-06
1.309852103e-06
1.326336678e-06
1.336295191e-06
1.220104209e-06
1.296493314e-06

1.446247975e-06
1.025894902e-06
1.311016054e-06
1.107363643e-06
1.148554380e-06
1.170295516e-06
1.235244952e-06
1.331162341e-06
1.249344220e-06
1.179752194e-06
9.684728040e-07
1.221086124e-06
1.136783534e-06
1.165564543e-06
1.308763202e-06
1.381943768e-06
1.231561124e-06
1.236358404e-06
1.277813093e-06
1.211635675e-06
1.352799685e-06
1.266640290e-06
1.241342511e-06
1.215334593e-06
1.067000570e-06
1.097835349e-06
1.124194684e-06
1.230609029e-06
1.313834614e-06
1.054182818e-06
