3.338639136e-06
3.239725024e-06
2.718239837e-06
3.354474769e-06
3.336105726e-06
3.350208506e-06
3.731276868e-06
3.140110712e-06
3.224962484e-06
3.134500858e-06
3.485867532e-06
3.762718632e-06
2.962904502e-06
3.394825428e-06
3.574829319e-06
3.338848198e-06
3.530255552e-06
3.390533895e-06
3.316184828e-06
3.280118157e-06
3.297192551e-06
3.538824565e-06
3.611311997e-06
3.516270615e-06
3.090705732e-06
3.569874554e-06
3.267011424e-06
3.204164860e-06
3.196904108e-06
3.352886068e-06

4.215696789e-04
4.215524270e-04
4.215833971e-04
4.217557714e-04
4.210959936e-04
4.216264351e-04
4.217816900e-04
4.215456806e-04
4.211349834e-04
4.208816803e-04
4.203252477e-04
4.211053940e-04
4.209605839e-04
4.205875422e-04
4.210664359e-04
4.215152951e-04
4.214868672e-04
4.206844413e-04
4.218475423e-04
4.211286449e-04
4.210259777e-04
4.217989695e-04
4.211805645e-04
4.210623780e-04
4.218461492e-04
4.218958724e-04
4.206455111e-04
4.213740477e-04
4.207952524e-04
4.212023818e-04
