4.668800000e+05
4.046600000e+05
5.119040000e+05
5.548680000e+05
4.349450000e+05
4.914480000e+05
5.500650000e+05
4.898790000e+05
4.645820000e+05
5.306000000e+05
1.454696000e+06
5.528980000e+05
5.056510000e+05
4.855060000e+05
5.406540000e+05
5.207070000e+05
5.914530000e+05
4.709330000e+05
5.203790000e+05
5.057950000e+05
1.460877000e+06
5.067910000e+05
1.473967000e+06
4.849810000e+05
4.987750000e+05
4.450740000e+05
5.064050000e+05
4.885890000e+05
5.300070000e+05
5.027500000e+05

6.289730000e+05
1.910735000e+06
5.790754000e+06
8.739870000e+05
6.261450000e+05
1.841664900e+07
8.761268000e+06
1.718840000e+06
8.020370000e+05
7.557220000e+05
1.147801300e+07
1.914734000e+06
6.562600000e+05
5.948433000e+06
1.520151000e+06
6.959270000e+05
1.015292000e+06
8.625627000e+06
8.255550000e+05
3.680700000e+06
2.796469000e+06
1.984534000e+06
9.313290000e+05
6.837840000e+06
2.289768000e+06
2.596992000e+06
8.279150000e+05
6.735780000e+05
7.018433000e+06
8.496370000e+05
