1.314000000e+03
1.093000000e+03
7.630000000e+02
7.310000000e+02
8.980000000e+02
1.195000000e+03
8.520000000e+02
8.970000000e+02
8.680000000e+02
1.170000000e+03
1.124000000e+03
8.500000000e+02
1.080000000e+03
8.810000000e+02
8.450000000e+02
1.243000000e+03
7.200000000e+02
6.260000000e+02
8.010000000e+02
8.190000000e+02
8.510000000e+02
9.220000000e+02
8.170000000e+02
1.058000000e+03
8.120000000e+02
6.310000000e+02
8.190000000e+02
8.690000000e+02
9.350000000e+02
8.610000000e+02

4.449000000e+03
2.360000000e+03
2.117000000e+03
4.161000000e+03
2.157000000e+03
2.073000000e+03
2.409000000e+03
4.336000000e+03
3.088000000e+03
2.810000000e+03
2.030000000e+03
2.709000000e+03
2.390000000e+03
3.964000000e+03
2.529000000e+03
1.713000000e+03
1.742000000e+03
3.007000000e+03
3.209000000e+03
4.928000000e+03
2.392000000e+03
2.148000000e+03
2.717000000e+03
3.002000000e+03
2.568000000e+03
2.517000000e+03
3.614000000e+03
2.078000000e+03
3.168000000e+03
3.695000000e+03
