3.328000000e+04
3.724800000e+04
3.123200000e+04
3.200000000e+04
3.430400000e+04
3.212800000e+04
3.584000000e+04
3.161600000e+04
3.097600000e+04
3.251200000e+04
3.468800000e+04
3.238400000e+04
3.097600000e+04
2.867200000e+04
3.353600000e+04
3.123200000e+04
3.571200000e+04
3.353600000e+04
3.020800000e+04
3.174400000e+04
3.289600000e+04
3.481600000e+04
3.110400000e+04
3.340800000e+04
3.097600000e+04
3.609600000e+04
3.302400000e+04
3.507200000e+04
3.353600000e+04
3.507200000e+04

1.278720000e+05
1.226240000e+05
1.212160000e+05
1.196800000e+05
1.212160000e+05
1.300480000e+05
1.173760000e+05
1.128960000e+05
1.287680000e+05
1.267200000e+05
1.236480000e+05
1.277440000e+05
1.241600000e+05
1.050880000e+05
1.213440000e+05
1.173760000e+05
1.253120000e+05
1.160960000e+05
1.222400000e+05
1.259520000e+05
1.172480000e+05
1.208320000e+05
1.178880000e+05
1.249280000e+05
1.245440000e+05
1.264640000e+05
1.230080000e+05
1.250560000e+05
1.251840000e+05
1.249280000e+05
