1.705243524e-06
1.285940431e-06
1.406873164e-06
1.391065316e-06
1.219773591e-06
1.346280290e-06
1.363756081e-06
1.616153234e-06
1.262974865e-06
1.276183235e-06
1.272971102e-06
1.452286053e-06
1.331252920e-06
1.308698013e-06
1.546548553e-06
1.549219808e-06
1.344491630e-06
1.531490604e-06
1.321567900e-06
1.529587333e-06
1.380259937e-06
1.605207856e-06
1.522569096e-06
1.422419296e-06
1.503765482e-06
1.688680866e-06
1.216822256e-06
1.366165859e-06
1.611396472e-06
1.639586025e-06

5.461681644e-06
6.781650464e-06
4.510089622e-06
6.481313998e-06
7.791478915e-06
6.288313312e-06
5.619580169e-06
6.508864230e-06
5.848931397e-06
4.568223695e-06
5.903962599e-06
9.102549181e-06
5.180682524e-06
7.494768793e-06
3.986977490e-06
6.431427660e-06
9.229809772e-06
7.477440307e-06
5.933180773e-06
7.677277073e-06
4.092388842e-06
5.379094621e-06
6.164559664e-06
5.546061200e-06
7.142825352e-06
4.954629177e-06
5.829172694e-06
8.612795180e-06
5.245581780e-06
5.160181427e-06
