2.460000000e+03
2.211000000e+03
2.283000000e+03
2.543000000e+03
1.979000000e+03
2.320000000e+03
2.153000000e+03
2.247000000e+03
2.206000000e+03
2.556000000e+03
2.745000000e+03
2.213000000e+03
2.331000000e+03
2.191000000e+03
2.194000000e+03
2.393000000e+03
2.078000000e+03
2.357000000e+03
2.235000000e+03
2.231000000e+03
2.133000000e+03
2.181000000e+03
2.357000000e+03
2.153000000e+03
2.661000000e+03
2.199000000e+03
1.933000000e+03
2.386000000e+03
2.235000000e+03
2.260000000e+03

2.675000000e+03
2.692000000e+03
2.644000000e+03
2.918000000e+03
2.780000000e+03
2.745000000e+03
3.140000000e+03
3.000000000e+03
2.590000000e+03
2.807000000e+03
2.737000000e+03
2.524000000e+03
2.647000000e+03
2.585000000e+03
2.552000000e+03
2.706000000e+03
3.019000000e+03
2.876000000e+03
2.757000000e+03
2.484000000e+03
2.551000000e+03
2.782000000e+03
2.717000000e+03
2.388000000e+03
2.965000000e+03
2.751000000e+03
2.910000000e+03
2.613000000e+03
2.612000000e+03
2.815000000e+03
