Number of sample populations = 3. Total number of values in the input = 90
5 0 3.5
5 0 3.5
5 0 3.5
5 0 3.5
5 0 3.5
5 0 3.5
6 0 17
6 1 17
6 0 17
6 0 17
6 0 17
6 0 17
6 0 17
6 0 17
6 0 17
6 0 17
6 0 17
6 0 17
6 0 17
6 0 17
6 0 17
6 0 17
6 0 17
6 0 17
6 0 17
6 1 17
6 1 17
7 1 38
7 1 38
7 1 38
7 1 38
7 1 38
7 1 38
7 1 38
7 0 38
7 1 38
7 1 38
7 1 38
7 0 38
7 1 38
7 1 38
7 1 38
7 1 38
7 0 38
7 1 38
7 1 38
7 2 38
7 1 38
8 1 54
8 0 54
8 0 54
8 1 54
8 1 54
8 1 54
8 1 54
8 1 54
8 1 54
8 2 54
8 2 54
9 2 64
9 2 64
9 2 64
9 2 64
9 1 64
9 1 64
9 2 64
9 0 64
10 1 72
10 2 72
10 2 72
10 2 72
10 2 72
10 2 72
10 2 72
10 2 72
10 2 72
10 2 72
11 2 80
11 2 80
11 2 80
11 2 80
11 2 80
11 2 80
12 2 86
12 2 86
12 2 86
12 2 86
13 2 88
14 2 89
18 2 90
Total number of ties =79
Number of samples = 30; sum = 612.5
Number of samples = 30; sum = 1274.5
Number of samples = 30; sum = 2208
Corrected T value =64.6967
p-value to accept the null hypothesis that all distribution functions are identical = 8.93880802e-15
