4.259000000e+03
4.229000000e+03
4.292000000e+03
4.031000000e+03
4.795000000e+03
5.004000000e+03
4.228000000e+03
3.984000000e+03
4.254000000e+03
4.701000000e+03
3.916000000e+03
4.848000000e+03
4.436000000e+03
4.342000000e+03
4.416000000e+03
4.290000000e+03
4.899000000e+03
3.753000000e+03
4.277000000e+03
4.129000000e+03
4.466000000e+03
4.043000000e+03
4.252000000e+03
3.972000000e+03
4.678000000e+03
4.513000000e+03
4.425000000e+03
4.119000000e+03
4.498000000e+03
4.478000000e+03

1.200300000e+04
1.247800000e+04
1.443200000e+04
1.407500000e+04
1.288600000e+04
1.287500000e+04
1.381500000e+04
1.200800000e+04
1.201600000e+04
1.353400000e+04
1.393200000e+04
1.278200000e+04
1.281900000e+04
1.285800000e+04
1.395300000e+04
1.447200000e+04
1.331300000e+04
1.253500000e+04
1.372300000e+04
1.353700000e+04
1.270000000e+04
1.272800000e+04
1.362900000e+04
1.201700000e+04
1.407100000e+04
1.275400000e+04
1.502600000e+04
1.242300000e+04
1.305900000e+04
1.311200000e+04
