Number of sample populations = 3. Total number of values in the input = 90
149 1 1
177 1 2
181 1 3
197 1 4
210 1 5
215 1 6
216 1 7
229 1 8
234 1 9
237 1 10
239 1 11
241 1 12
246 1 13
248 1 14
249 1 15
253 1 16
256 1 17
259 1 18
288 1 19
289 1 20
290 1 21
292 0 22
302 2 24
302 2 24
303 2 28
303 2 28
303 2 28
303 2 28
303 2 28
303 2 28
303 2 28
309 2 32
313 1 33
320 2 34
324 2 35
325 2 36
329 2 37
330 0 38
335 1 40
335 2 40
336 1 41
340 0 43
340 0 43
340 1 43
342 2 46
342 2 46
344 2 47
346 0 48
349 0 49
351 0 50
352 2 51
353 0 52
358 0 53
359 2 55
359 2 55
359 0 55
373 2 57
383 0 58
392 1 59
405 0 60
420 0 61
426 0 62
426 0 62
427 0 64
432 0 65
438 0 66
443 0 67
447 2 68
449 0 69
452 2 70
457 0 71
458 2 72
458 0 72
465 2 74
466 0 75
469 2 76
473 1 77
475 1 78
481 0 79
517 0 80
523 0 81
530 0 82
533 0 83
547 0 84
560 0 86
560 2 86
562 1 87
569 2 88
574 2 89
607 1 90
Total number of ties =16
Number of samples = 30; sum = 1881
Number of samples = 30; sum = 778.5
Number of samples = 30; sum = 1435.5
Corrected T value =30.0641
p-value to accept the null hypothesis that all distribution functions are identical = 2.96248232e-07
