3.980000000e+02
5.900000000e+02
6.780000000e+02
4.360000000e+02
4.290000000e+02
4.810000000e+02
4.210000000e+02
3.830000000e+02
4.420000000e+02
5.570000000e+02
5.830000000e+02
5.370000000e+02
5.040000000e+02
5.950000000e+02
5.180000000e+02
4.560000000e+02
6.510000000e+02
3.290000000e+02
4.950000000e+02
3.440000000e+02
5.810000000e+02
5.040000000e+02
6.380000000e+02
3.590000000e+02
4.230000000e+02
5.610000000e+02
3.970000000e+02
5.960000000e+02
4.580000000e+02
4.040000000e+02

6.629000000e+04
6.622400000e+04
6.635200000e+04
6.592800000e+04
7.636000000e+03
6.632200000e+04
6.629600000e+04
6.628600000e+04
6.604400000e+04
6.592700000e+04
6.460200000e+04
6.589200000e+04
6.592100000e+04
6.604300000e+04
6.638100000e+04
6.641100000e+04
6.632500000e+04
6.474500000e+04
6.635900000e+04
6.631700000e+04
6.584100000e+04
6.639200000e+04
6.636700000e+04
6.643100000e+04
6.594700000e+04
6.593500000e+04
6.628900000e+04
6.635200000e+04
6.637900000e+04
6.642600000e+04
