6.272000000e+04
6.860800000e+04
6.617600000e+04
6.425600000e+04
6.643200000e+04
5.888000000e+04
6.182400000e+04
5.683200000e+04
6.182400000e+04
6.259200000e+04
6.528000000e+04
6.336000000e+04
5.964800000e+04
6.400000000e+04
5.939200000e+04
5.811200000e+04
6.451200000e+04
6.054400000e+04
6.464000000e+04
5.747200000e+04
6.451200000e+04
5.478400000e+04
6.259200000e+04
5.785600000e+04
5.670400000e+04
6.208000000e+04
6.284800000e+04
6.720000000e+04
6.297600000e+04
6.195200000e+04

2.647040000e+05
2.731520000e+05
2.567680000e+05
2.689280000e+05
2.528000000e+05
2.709760000e+05
2.659840000e+05
2.647040000e+05
2.584320000e+05
2.640640000e+05
2.469120000e+05
2.778880000e+05
2.589440000e+05
2.565120000e+05
2.630400000e+05
2.416640000e+05
2.620160000e+05
2.731520000e+05
2.766080000e+05
2.380800000e+05
2.679040000e+05
2.593280000e+05
2.720000000e+05
2.766080000e+05
2.741760000e+05
2.620160000e+05
2.773760000e+05
2.746880000e+05
2.727680000e+05
2.741760000e+05
