3.200000000e+01
2.700000000e+01
3.000000000e+01
4.200000000e+01
3.000000000e+01
2.900000000e+01
2.400000000e+01
3.200000000e+01
3.000000000e+01
3.200000000e+01
2.900000000e+01
4.600000000e+01
3.100000000e+01
2.700000000e+01
3.100000000e+01
3.400000000e+01
3.200000000e+01
2.700000000e+01
2.600000000e+01
4.700000000e+01
2.700000000e+01
2.800000000e+01
2.500000000e+01
4.800000000e+01
2.800000000e+01
3.900000000e+01
3.900000000e+01
3.200000000e+01
2.700000000e+01
4.100000000e+01

6.100000000e+01
1.280000000e+02
7.200000000e+01
1.190000000e+02
1.000000000e+02
7.800000000e+01
1.090000000e+02
1.200000000e+02
7.800000000e+01
1.140000000e+02
1.010000000e+02
1.250000000e+02
7.200000000e+01
1.370000000e+02
8.300000000e+01
9.100000000e+01
1.980000000e+02
6.600000000e+01
1.260000000e+02
8.500000000e+01
7.300000000e+01
9.200000000e+01
1.100000000e+02
1.070000000e+02
8.200000000e+01
7.800000000e+01
1.130000000e+02
7.400000000e+01
9.600000000e+01
1.210000000e+02
