Number of sample populations = 3. Total number of values in the input = 90
31888 0 1
33572 0 2
34492 0 3
35453 0 4
35696 0 5
36275 0 6
36415 0 7
36698 0 8
36708 0 9
36868 0 10
36912 0 11
37835 0 12
37867 0 13
38064 0 14
38399 0 15
38468 0 16
38611 0 17
38659 0 18
38789 0 19
39274 0 20
39395 0 21
39669 0 22
39989 0 23
40019 0 24
40305 0 25
40313 0 26
40689 0 27
40780 0 28
41297 0 29
42113 0 30
45467 1 31
46804 1 32
47562 1 33
48023 1 34
48167 1 35
48501 1 36
48601 1 37
48684 1 38
48737 1 39
49351 1 40
49373 1 41
49956 1 42
50128 1 43
50131 1 44
50311 1 45
50368 1 46
50436 1 47
50772 1 48
51083 1 49
51890 1 50
52152 1 51
52352 1 52
52456 1 53
52592 1 54
53084 1 55
53322 1 56
53576 1 57
53757 1 58
55592 1 59
55801 1 60
96923 2 61
97630 2 62
97713 2 63
100152 2 64
101499 2 65
101500 2 66
101949 2 67
101973 2 68
102034 2 69
102317 2 70
102359 2 71
102683 2 72
102760 2 73
103177 2 74
103353 2 75
103389 2 76
103774 2 77
104219 2 78
104280 2 79
104593 2 80
105716 2 81
105778 2 82
105920 2 83
106187 2 84
106588 2 85
106820 2 86
107713 2 87
107862 2 88
109776 2 89
110571 2 90
Total number of ties =0
Number of samples = 30; sum = 465
Number of samples = 30; sum = 1365
Number of samples = 30; sum = 2265
Corrected T value =79.1209
p-value to accept the null hypothesis that all distribution functions are identical = 6.59355142e-18
