6.747136000e+06
7.111808000e+06
5.778816000e+06
6.230656000e+06
6.198400000e+06
7.265408000e+06
6.718208000e+06
6.574336000e+06
5.140608000e+06
6.730880000e+06
6.161664000e+06
6.025344000e+06
5.779200000e+06
6.396416000e+06
6.132608000e+06
6.668032000e+06
6.186624000e+06
6.371712000e+06
7.021824000e+06
5.991424000e+06
6.464640000e+06
5.556352000e+06
7.289472000e+06
7.244544000e+06
6.408832000e+06
7.148416000e+06
6.729984000e+06
6.997504000e+06
6.260864000e+06
6.667648000e+06

5.806873600e+07
4.556441600e+07
5.394342400e+07
5.380428800e+07
5.180019200e+07
4.458508800e+07
5.732697600e+07
6.665433600e+07
5.675392000e+07
5.591590400e+07
5.546905600e+07
5.159884800e+07
6.275072000e+07
6.787008000e+07
6.137702400e+07
6.120691200e+07
4.212275200e+07
5.426931200e+07
7.472473600e+07
4.532339200e+07
4.885324800e+07
6.496652800e+07
4.874854400e+07
5.523276800e+07
4.516480000e+07
5.356326400e+07
5.147968000e+07
4.961024000e+07
4.501145600e+07
5.447500800e+07
