Number of sample populations = 3. Total number of values in the input = 90
4.86758e+06 0 1
4.93821e+06 0 2
5.16136e+06 0 3
5.16696e+06 0 4
5.30673e+06 0 5
5.40237e+06 0 6
5.4092e+06 0 7
5.42697e+06 0 8
5.45636e+06 0 9
5.46355e+06 0 10
5.4922e+06 0 11
5.52649e+06 0 12
5.5292e+06 0 13
5.5572e+06 0 14
5.57072e+06 0 15
5.58228e+06 0 16
5.60559e+06 0 17
5.60706e+06 0 18
5.63045e+06 0 19
5.63539e+06 0 20
5.65879e+06 0 21
5.65948e+06 0 22
5.67123e+06 0 23
5.70998e+06 0 24
5.73525e+06 0 25
5.76109e+06 0 26
5.81651e+06 0 27
5.8826e+06 0 28
6.02848e+06 0 29
6.03067e+06 1 30
6.23184e+06 0 31
6.58387e+06 1 32
6.6813e+06 1 33
6.79086e+06 1 34
6.85901e+06 1 35
6.87457e+06 1 36
7.05559e+06 1 37
7.1421e+06 1 38
7.233e+06 1 39
7.34641e+06 1 40
7.34860e+06 1 41
7.37677e+06 1 42
7.37757e+06 1 43
7.38069e+06 1 44
7.71483e+06 1 45
7.78482e+06 1 46
7.96824e+06 1 47
8.18557e+06 1 48
8.30429e+06 1 49
8.41782e+06 1 50
8.43128e+06 1 51
8.85518e+06 1 52
8.99374e+06 1 53
9.20722e+06 1 54
9.62684e+06 1 55
9.70959e+06 1 56
1.17534e+07 1 57
1.2255e+07 1 58
1.33409e+07 1 59
3.07374e+07 1 60
8.54441e+09 2 61
8.5475e+09 2 62
8.5523e+09 2 63
8.55733e+09 2 64
8.56205e+09 2 65
8.57131e+09 2 66
8.59506e+09 2 67
8.59803e+09 2 68
8.61476e+09 2 69
8.6336e+09 2 70
8.64247e+09 2 71
8.64248e+09 2 72
8.64259e+09 2 73
8.71676e+09 2 74
8.96962e+09 2 75
9.01698e+09 2 76
9.01782e+09 2 77
9.01801e+09 2 78
9.01813e+09 2 79
9.01822e+09 2 80
9.5938e+09 2 81
9.59772e+09 2 82
9.59773e+09 2 83
9.59778e+09 2 84
9.59785e+09 2 85
9.84858e+09 2 86
8.41915e+10 2 87
8.43034e+10 2 88
8.43672e+10 2 89
8.43992e+10 2 90
Total number of ties =0
Number of samples = 30; sum = 466
Number of samples = 30; sum = 1364
Number of samples = 30; sum = 2265
Corrected T value =79.0331
p-value to accept the null hypothesis that all distribution functions are identical = 6.88950554e-18
