3.211194000e+06
2.391704000e+06
2.424775000e+06
2.772151000e+06
2.268689000e+06
2.411911000e+06
2.429159000e+06
2.444198000e+06
2.224727000e+06
2.044586000e+06
2.245068000e+06
2.200085000e+06
6.258457000e+06
3.172170000e+06
2.498433600e+07
2.647761000e+06
2.461972000e+06
2.907177000e+06
2.363561000e+06
2.092014000e+06
2.035191000e+06
2.276577000e+06
2.398327000e+06
2.759686000e+06
2.420946000e+06
2.279364000e+06
2.484514000e+06
2.787659000e+06
2.377472000e+06
2.761524000e+06

3.130317000e+06
2.861108000e+06
2.763278000e+06
2.812653000e+06
3.035985000e+06
2.551861000e+06
3.046558000e+06
3.028990000e+06
3.028608000e+06
2.703142000e+06
2.980521000e+06
3.144996000e+06
2.916553000e+06
2.946744000e+06
2.798325000e+06
2.803474000e+06
3.098814000e+06
2.864226000e+06
3.011988000e+06
3.352403000e+06
2.971856000e+06
2.912034000e+06
3.049983000e+06
2.795702000e+06
3.114969000e+06
2.861601000e+06
3.177670000e+06
3.198263000e+06
3.237209000e+06
2.907460000e+06
