7.390317081e-06
7.226596845e-06
8.199182140e-06
7.139519687e-06
8.151144903e-06
8.106596644e-06
7.727340536e-06
7.436424619e-06
1.006027130e-05
8.928563966e-06
7.334324841e-06
8.345153930e-06
8.237928089e-06
7.377704479e-06
7.603228485e-06
7.214059692e-06
8.985514248e-06
6.551965584e-06
6.921187330e-06
7.899193698e-06
8.397874077e-06
9.161161058e-06
7.864024232e-06
7.338339648e-06
7.506652254e-06
7.784880598e-06
7.730025364e-06
7.235940030e-06
7.922496549e-06
7.512112727e-06

1.147385966e-05
1.507824021e-05
1.211321611e-05
1.609358035e-05
1.388296532e-05
1.603189515e-05
1.187767068e-05
1.407757019e-05
1.592760631e-05
1.481280551e-05
1.197242308e-05
1.418365364e-05
1.204720492e-05
1.680091178e-05
1.238121644e-05
1.765815811e-05
1.362848094e-05
1.295860193e-05
1.447692916e-05
1.325706207e-05
1.297546663e-05
1.350626270e-05
1.518502749e-05
1.460120153e-05
1.898944836e-05
1.182061149e-05
1.394877547e-05
1.299207260e-05
1.557394678e-05
1.807274161e-05
