1.663187958e-07
1.559625586e-07
1.367400229e-07
1.351399048e-07
1.887401705e-07
1.401746303e-07
1.281399916e-07
1.484556599e-07
1.525871528e-07
1.804317158e-07
1.558958122e-07
1.549148551e-07
1.345106040e-07
1.783320772e-07
1.424547478e-07
1.390339129e-07
1.423159056e-07
1.469095138e-07
1.800014168e-07
1.378559500e-07
1.530195276e-07
1.646518912e-07
1.326708454e-07
1.614435911e-07
1.572534156e-07
1.386514382e-07
1.404024943e-07
1.498602893e-07
1.604850291e-07
1.607059471e-07

1.948317812e-07
2.466102923e-07
2.237278402e-07
2.305459172e-07
2.095782335e-07
2.253173396e-07
1.850937870e-07
2.023191989e-07
1.715115650e-07
2.218299179e-07
2.159641353e-07
2.035890978e-07
2.133148765e-07
2.314172935e-07
2.376677464e-07
2.027353661e-07
2.373473874e-07
2.051708926e-07
2.323402467e-07
2.025973224e-07
1.900844806e-07
2.190369067e-07
2.015781218e-07
2.208482821e-07
2.099296104e-07
2.066911706e-07
2.462725681e-07
1.894374154e-07
2.358761314e-07
2.111962758e-07
