Number of sample populations = 3. Total number of values in the input = 90
1.9598e-07 1 1
2.00816e-07 0 2
2.02213e-07 1 3
2.02279e-07 1 4
2.05525e-07 1 5
2.05801e-07 1 6
2.06477e-07 0 7
2.06715e-07 1 8
2.06839e-07 0 9
2.07262e-07 0 10
2.07474e-07 0 11
2.07686e-07 1 12
2.0858e-07 0 13
2.09099e-07 0 14
2.09422e-07 0 15
2.10017e-07 1 16
2.10466e-07 0 17
2.11108e-07 1 18
2.11712e-07 0 19
2.12002e-07 1 20
2.12441e-07 1 21
2.12613e-07 1 22
2.13148e-07 1 23
2.13432e-07 0 24
2.14492e-07 0 25
2.15145e-07 1 26
2.15663e-07 1 27
2.16729e-07 0 28
2.18877e-07 0 29
2.19113e-07 0 30
2.19168e-07 1 31
2.1935e-07 1 32
2.19503e-07 1 33
2.20373e-07 0 34
2.21048e-07 1 35
2.22183e-07 1 36
2.22276e-07 0 37
2.22679e-07 2 38
2.23598e-07 1 39
2.24732e-07 1 40
2.24937e-07 0 41
2.25625e-07 0 42
2.25683e-07 1 43
2.26049e-07 0 44
2.27209e-07 0 45
2.27259e-07 1 46
2.27436e-07 1 47
2.28057e-07 0 48
2.29017e-07 1 49
2.30839e-07 0 50
2.32089e-07 0 51
2.32825e-07 2 52
2.32878e-07 2 53
2.34071e-07 1 54
2.37394e-07 0 55
2.37602e-07 1 56
2.37937e-07 1 57
2.38847e-07 0 58
2.4082e-07 2 59
2.41295e-07 2 60
2.41415e-07 0 61
2.42906e-07 0 62
2.43837e-07 2 63
2.44102e-07 0 64
2.44685e-07 2 65
2.45543e-07 0 66
2.49812e-07 2 67
2.50432e-07 2 68
2.52448e-07 2 69
2.53213e-07 2 70
2.53538e-07 1 71
2.54612e-07 2 72
2.55374e-07 2 73
2.5685e-07 2 74
2.57512e-07 2 75
2.57642e-07 2 76
2.58426e-07 2 77
2.5989e-07 2 78
2.60783e-07 2 79
2.63084e-07 2 80
2.63528e-07 2 81
2.69064e-07 2 82
2.7076e-07 2 83
2.75357e-07 2 84
2.79801e-07 2 85
2.82639e-07 2 86
2.87701e-07 2 87
2.91513e-07 2 88
2.94202e-07 2 89
3.06226e-07 2 90
Total number of ties =0
Number of samples = 30; sum = 1011
Number of samples = 30; sum = 881
Number of samples = 30; sum = 2203
Corrected T value =51.8591
p-value to accept the null hypothesis that all distribution functions are identical = 5.48188197e-12
