1.270934400e+07
1.660668700e+07
1.190437100e+07
1.108314400e+07
1.075116000e+07
7.261700000e+06
1.670637300e+07
1.716839400e+07
1.933679000e+07
2.771446200e+07
8.659068000e+06
1.835858100e+07
1.274275400e+07
1.605158800e+07
1.020264100e+07
1.347009200e+07
1.163122400e+07
7.523605000e+06
1.786882800e+07
1.718261000e+07
9.928655000e+06
9.423106000e+06
3.395743500e+07
1.217108200e+07
1.193296300e+07
1.210813500e+07
9.457216000e+06
1.906723900e+07
6.892658000e+06
2.562605400e+07

1.261810360e+08
1.653347060e+08
1.168406920e+08
1.557482620e+08
1.247793140e+08
1.616425870e+08
1.283648560e+08
3.776581800e+07
1.571281410e+08
1.209644610e+08
1.739049700e+07
1.327750530e+08
8.739628200e+07
1.190864130e+08
1.270472900e+08
1.264366040e+08
1.592969110e+08
1.176471540e+08
1.278841740e+08
1.290328990e+08
1.283814890e+08
8.909429800e+07
1.313152790e+08
1.931829400e+07
1.525461000e+08
1.232440520e+08
5.861401100e+07
1.252013100e+08
1.176487480e+08
1.609716150e+08
