7.809000000e+03
8.069000000e+03
8.446000000e+03
8.971000000e+03
7.340000000e+03
7.854000000e+03
7.829000000e+03
7.655000000e+03
9.396000000e+03
7.779000000e+03
7.708000000e+03
7.983000000e+03
8.997000000e+03
7.247000000e+03
8.560000000e+03
8.120000000e+03
7.965000000e+03
8.130000000e+03
8.629000000e+03
8.713000000e+03
8.861000000e+03
7.665000000e+03
9.319000000e+03
7.436000000e+03
8.264000000e+03
7.584000000e+03
6.752000000e+03
7.062000000e+03
9.308000000e+03
7.974000000e+03

8.956000000e+03
7.664000000e+03
7.202000000e+03
6.603000000e+03
6.940000000e+03
7.761000000e+03
8.727000000e+03
7.418000000e+03
8.905000000e+03
8.023000000e+03
8.792000000e+03
8.043000000e+03
8.018000000e+03
6.977000000e+03
8.003000000e+03
7.252000000e+03
8.323000000e+03
7.339000000e+03
7.952000000e+03
9.267000000e+03
7.901000000e+03
8.445000000e+03
9.606000000e+03
8.624000000e+03
8.666000000e+03
9.764000000e+03
8.090000000e+03
8.041000000e+03
6.564000000e+03
7.840000000e+03
