4.309277527e-07
4.173859299e-07
4.328084295e-07
4.070998723e-07
4.282186536e-07
4.330408045e-07
3.959408416e-07
3.632944072e-07
4.112075329e-07
4.259330671e-07
4.063435058e-07
4.100969951e-07
4.102223043e-07
4.556424585e-07
4.228845671e-07
4.235305146e-07
4.426545274e-07
3.947634775e-07
4.051631078e-07
4.090437427e-07
4.016574427e-07
4.396048299e-07
4.165525575e-07
4.042403942e-07
4.062665798e-07
4.076919676e-07
4.084392323e-07
4.709618843e-07
4.056563608e-07
4.228216131e-07

4.469238645e-07
3.959729773e-07
4.353692253e-07
3.626983199e-07
4.395636722e-07
4.407706171e-07
4.174432153e-07
4.176584646e-07
4.121755160e-07
4.241293164e-07
4.129285691e-07
4.030524113e-07
4.604982621e-07
4.189228944e-07
3.890630840e-07
4.046302141e-07
4.106436213e-07
4.192567464e-07
4.216763847e-07
3.962972883e-07
4.044708929e-07
4.293594509e-07
4.863568789e-07
4.635129896e-07
4.400781627e-07
4.327473517e-07
4.404103380e-07
4.513511255e-07
4.173732353e-07
4.316315045e-07
