1.093283905e-05
9.208603885e-06
1.076189726e-05
8.589060273e-06
9.182365069e-06
1.048259028e-05
1.140511502e-05
1.043282510e-05
1.043349160e-05
1.192767789e-05
9.623609418e-06
1.176966687e-05
1.119750749e-05
1.120290121e-05
1.012853977e-05
9.354473041e-06
9.013170508e-06
1.032763287e-05
1.041204368e-05
9.348697518e-06
1.046216219e-05
9.208574105e-06
9.417335493e-06
9.727223247e-06
1.066423712e-05
9.634025416e-06
1.141791988e-05
1.224247510e-05
9.890463962e-06
1.011216885e-05

6.919817551e-06
5.784056891e-06
6.018083443e-06
7.230652490e-06
6.231475804e-06
6.243418946e-06
5.969223053e-06
6.095929034e-06
6.229717163e-06
6.213512509e-06
6.828336246e-06
6.441001503e-06
6.442219546e-06
6.415184683e-06
6.607580219e-06
6.077547974e-06
6.724650720e-06
6.049549679e-06
6.427877365e-06
6.359108571e-06
5.836310850e-06
6.644665691e-06
6.336929272e-06
6.841942140e-06
6.394203306e-06
6.837471047e-06
6.466113494e-06
6.441530006e-06
5.967905928e-06
6.325701339e-06
