1.628524400e+07
6.344660000e+06
2.115660400e+07
1.903209200e+07
2.708042000e+06
6.545012000e+06
8.352743000e+06
9.443532000e+06
6.572814000e+06
3.420952000e+06
8.203404000e+06
5.428072000e+06
2.293888100e+07
9.388081000e+06
8.429980000e+06
9.308823000e+06
6.496638000e+06
9.313589000e+06
6.477946000e+06
5.491930000e+06
1.915142900e+07
2.108727500e+07
2.582130900e+07
9.418714000e+06
9.401754000e+06
6.381734000e+06
2.008454600e+07
1.221080200e+07
9.380765000e+06
3.675673000e+06

7.751693000e+06
1.190447400e+07
2.448223000e+06
6.732323000e+06
5.017389000e+06
6.427662000e+06
6.974848000e+06
4.428425000e+06
2.687126600e+07
2.140888600e+07
9.193951000e+06
4.756389000e+06
1.164677600e+07
1.968212800e+07
7.187757000e+06
7.320223000e+06
9.596145000e+06
1.142176700e+07
9.169777000e+06
1.994917000e+07
2.387831900e+07
7.446827000e+06
2.012822400e+07
1.246744200e+07
7.770525000e+06
3.058720000e+07
4.963771000e+06
2.813959000e+07
1.435709500e+07
4.329129000e+06
