1.420000000e+02
1.270000000e+02
1.200000000e+02
1.500000000e+02
1.370000000e+02
1.830000000e+02
1.460000000e+02
1.480000000e+02
1.290000000e+02
1.120000000e+02
1.600000000e+02
1.380000000e+02
1.490000000e+02
1.580000000e+02
1.180000000e+02
1.620000000e+02
1.210000000e+02
1.420000000e+02
1.120000000e+02
1.220000000e+02
1.340000000e+02
1.130000000e+02
1.410000000e+02
1.210000000e+02
1.310000000e+02
1.270000000e+02
1.390000000e+02
1.610000000e+02
1.130000000e+02
1.170000000e+02

1.770000000e+02
1.730000000e+02
1.460000000e+02
2.150000000e+02
1.390000000e+02
1.700000000e+02
2.110000000e+02
1.330000000e+02
1.690000000e+02
1.620000000e+02
1.930000000e+02
1.650000000e+02
2.540000000e+02
2.590000000e+02
2.010000000e+02
1.960000000e+02
1.550000000e+02
1.760000000e+02
1.550000000e+02
1.650000000e+02
2.990000000e+02
2.500000000e+02
1.510000000e+02
2.090000000e+02
1.450000000e+02
2.250000000e+02
1.970000000e+02
2.200000000e+02
1.710000000e+02
1.660000000e+02
