1.450810086e-06
1.208914480e-06
1.385222846e-06
1.360026305e-06
1.478792014e-06
1.472353458e-06
1.390138251e-06
1.424583126e-06
1.538630278e-06
1.252323059e-06
1.520738200e-06
1.399696644e-06
1.413893756e-06
1.554040482e-06
1.526160310e-06
1.480188101e-06
1.498820377e-06
1.429375337e-06
1.370124299e-06
1.536905689e-06
1.514118685e-06
1.444347977e-06
1.464487877e-06
1.396614532e-06
1.333568806e-06
1.484230532e-06
1.599902751e-06
1.402706981e-06
1.420215386e-06
1.418707963e-06

1.723985581e-06
1.555836728e-06
1.642287180e-06
1.643665901e-06
1.545203165e-06
1.571755354e-06
1.498773152e-06
1.542849954e-06
1.683764783e-06
1.564325262e-06
1.465620650e-06
1.524694364e-06
1.524039354e-06
1.490077432e-06
1.562567140e-06
1.570877232e-06
1.501730075e-06
1.715751498e-06
1.497355948e-06
1.595861358e-06
1.521415524e-06
1.574056390e-06
1.618060498e-06
1.409234120e-06
1.701046922e-06
1.561508219e-06
1.351920085e-06
1.595688464e-06
1.485201229e-06
1.604698276e-06
