4.843260000e+05
4.221060000e+05
5.293500000e+05
5.723140000e+05
4.523910000e+05
5.088940000e+05
5.675110000e+05
5.073250000e+05
4.820280000e+05
5.480460000e+05
1.472142000e+06
5.703440000e+05
5.230970000e+05
5.029520000e+05
5.581000000e+05
5.381530000e+05
6.088990000e+05
4.883790000e+05
5.378250000e+05
5.232410000e+05
1.478323000e+06
5.242370000e+05
1.491413000e+06
5.024270000e+05
5.162210000e+05
4.625200000e+05
5.238510000e+05
5.060350000e+05
5.474530000e+05
5.201960000e+05

4.754930000e+05
4.595250000e+05
4.701240000e+05
4.177720000e+05
5.181220000e+05
4.954190000e+05
5.378800000e+05
4.377700000e+05
4.728490000e+05
4.274380000e+05
5.290270000e+05
4.761530000e+05
5.239820000e+05
4.567470000e+05
4.574330000e+05
4.339900000e+05
4.576580000e+05
2.462237000e+06
4.294610000e+05
4.192330000e+05
5.107230000e+05
4.517200000e+05
2.435067000e+06
4.804160000e+05
4.850790000e+05
5.343230000e+05
4.745630000e+05
4.803540000e+05
4.479630000e+05
4.423000000e+05
