2.197100000e+04
2.314300000e+04
2.431600000e+04
2.155400000e+04
2.210900000e+04
2.298500000e+04
2.235200000e+04
2.207800000e+04
2.392800000e+04
2.189200000e+04
2.445600000e+04
2.395200000e+04
2.329200000e+04
2.284900000e+04
2.317100000e+04
2.331200000e+04
2.045300000e+04
2.378100000e+04
2.288900000e+04
2.164400000e+04
2.467200000e+04
2.362200000e+04
2.196900000e+04
2.256600000e+04
2.227400000e+04
2.232300000e+04
2.240300000e+04
2.195600000e+04
2.437200000e+04
2.508600000e+04

1.198179000e+07
3.147600000e+04
4.019641000e+06
6.010440000e+06
4.016848000e+06
3.901000000e+04
5.007380000e+06
6.001784000e+06
7.994593000e+06
4.022797000e+06
6.007145000e+06
5.009333000e+06
1.026803000e+06
4.010786000e+06
6.006392000e+06
8.992163000e+06
4.018699000e+06
6.004580000e+06
1.026240000e+06
4.023315000e+06
3.040100000e+04
4.014246000e+06
4.020717000e+06
8.000870000e+06
3.612700000e+04
4.017877000e+06
4.016263000e+06
3.293800000e+04
4.013557000e+06
7.995219000e+06
