3.114100000e+04
2.847600000e+04
3.059700000e+04
2.541000000e+04
2.966900000e+04
3.126200000e+04
3.088200000e+04
3.058900000e+04
3.361800000e+04
3.128000000e+04
2.906600000e+04
2.679500000e+04
2.954900000e+04
2.664500000e+04
3.291100000e+04
2.764800000e+04
3.108700000e+04
3.167900000e+04
2.924300000e+04
2.963800000e+04
3.232700000e+04
2.966800000e+04
3.100300000e+04
2.813100000e+04
3.053700000e+04
2.949700000e+04
2.494800000e+04
2.730200000e+04
2.884600000e+04
2.662800000e+04

7.006114000e+06
5.019019000e+06
3.037746000e+06
6.012175000e+06
3.034863000e+06
8.995788000e+06
4.024196000e+06
7.008296000e+06
8.995360000e+06
6.013876000e+06
6.014287000e+06
3.027821000e+06
1.098838700e+07
7.012781000e+06
3.028735000e+06
1.198161800e+07
1.496339700e+07
7.998295000e+06
6.015712000e+06
7.993455000e+06
2.042084000e+06
9.001175000e+06
1.098370000e+07
3.032934000e+06
1.098245300e+07
1.496452900e+07
9.993864000e+06
5.026635000e+06
3.037007000e+06
9.990492000e+06
