1.445500000e+04
1.494200000e+04
1.658200000e+04
1.563200000e+04
1.775700000e+04
1.689500000e+04
1.645100000e+04
1.439200000e+04
1.560700000e+04
1.429400000e+04
1.524600000e+04
1.539400000e+04
1.636800000e+04
1.576100000e+04
1.567100000e+04
1.491800000e+04
1.679000000e+04
1.681700000e+04
1.638900000e+04
1.541600000e+04
1.542200000e+04
1.658300000e+04
1.577100000e+04
1.435600000e+04
1.510300000e+04
1.474400000e+04
1.734800000e+04
1.714700000e+04
1.800300000e+04
1.577000000e+04

2.337700000e+04
2.274600000e+04
2.274400000e+04
2.818200000e+04
2.330300000e+04
2.852400000e+04
2.623300000e+04
2.654300000e+04
2.230300000e+04
2.344300000e+04
2.277000000e+04
2.272900000e+04
2.121800000e+04
2.078700000e+04
2.013000000e+04
2.561400000e+04
2.488900000e+04
2.052300000e+04
2.190500000e+04
2.203000000e+04
2.474400000e+04
2.723000000e+04
2.668700000e+04
2.140700000e+04
2.305200000e+04
1.957000000e+04
2.317800000e+04
2.487400000e+04
1.750200000e+04
2.789000000e+04
