1.220480456e-06
1.412146013e-06
1.304504883e-06
1.274782518e-06
1.349554100e-06
1.406840310e-06
1.255488006e-06
1.333605852e-06
1.161570096e-06
1.344841529e-06
1.314538246e-06
1.357190539e-06
1.375874552e-06
1.278378602e-06
1.214365452e-06
1.432349546e-06
1.428699450e-06
1.421755544e-06
1.236390780e-06
1.374109644e-06
1.416915549e-06
1.351810984e-06
1.495291838e-06
1.275486389e-06
1.253411042e-06
1.495923853e-06
1.381890115e-06
1.356039203e-06
1.483980791e-06
1.366123305e-06

1.912955213e-06
1.938563451e-06
2.041734126e-06
1.946217734e-06
1.990528548e-06
1.953541040e-06
1.980746363e-06
2.053634753e-06
1.861987559e-06
1.961900952e-06
1.863726599e-06
1.792843237e-06
1.905153065e-06
2.022875302e-06
1.799619877e-06
1.934361299e-06
1.964400910e-06
2.066785478e-06
1.978482413e-06
2.006762983e-06
1.814312916e-06
1.918752772e-06
1.911197849e-06
1.988475736e-06
2.140427800e-06
2.000912969e-06
1.976782335e-06
1.877519041e-06
2.008630606e-06
2.104695061e-06
