3.265900000e+04
3.121200000e+04
3.362500000e+04
3.198500000e+04
3.188500000e+04
3.522000000e+04
3.412300000e+04
3.228300000e+04
3.464800000e+04
3.572700000e+04
3.400500000e+04
3.388600000e+04
3.072500000e+04
3.383100000e+04
3.434800000e+04
3.327600000e+04
3.466000000e+04
3.299500000e+04
3.354900000e+04
3.301800000e+04
3.388500000e+04
3.466600000e+04
3.456900000e+04
3.642700000e+04
3.340200000e+04
3.382600000e+04
3.270300000e+04
3.602800000e+04
3.272800000e+04
3.520800000e+04

4.895800000e+04
4.690100000e+04
1.046289000e+06
2.026813000e+06
5.438000000e+04
1.042118000e+06
6.407400000e+04
6.339700000e+04
2.041520000e+06
4.389600000e+04
4.139200000e+04
4.436700000e+04
1.068952000e+06
4.738200000e+04
4.640800000e+04
5.012905000e+06
4.267600000e+04
7.682100000e+04
4.940600000e+04
4.405800000e+04
5.509200000e+04
4.593900000e+04
4.339400000e+04
5.020296000e+06
4.851000000e+04
4.139900000e+04
5.018500000e+04
5.569200000e+04
5.080400000e+04
4.801700000e+04
