1.280000000e+02
0.000000000e+00
0.000000000e+00
-1.280000000e+02
0.000000000e+00
0.000000000e+00
2.560000000e+02
0.000000000e+00
1.280000000e+02
1.280000000e+02
0.000000000e+00
0.000000000e+00
-1.280000000e+02
-1.280000000e+02
-1.280000000e+02
0.000000000e+00
-1.280000000e+02
-1.280000000e+02
-1.280000000e+02
-1.280000000e+02
-1.280000000e+02
1.280000000e+02
-1.280000000e+02
-2.560000000e+02
0.000000000e+00
0.000000000e+00
0.000000000e+00
1.280000000e+02
-1.280000000e+02
0.000000000e+00

1.280000000e+02
2.560000000e+02
-2.560000000e+02
3.840000000e+02
1.280000000e+02
2.560000000e+02
0.000000000e+00
1.999997184e+09
2.560000000e+02
-1.280000000e+02
1.999997312e+09
2.560000000e+02
1.999997312e+09
2.560000000e+02
0.000000000e+00
0.000000000e+00
-1.280000000e+02
1.280000000e+02
1.280000000e+02
1.280000000e+02
0.000000000e+00
2.560000000e+02
1.999997184e+09
1.999997312e+09
0.000000000e+00
6.400000000e+02
1.999997568e+09
0.000000000e+00
0.000000000e+00
1.999997312e+09
