2.094854911e-06
2.467068511e-06
2.711151500e-06
2.450589246e-06
2.517778241e-06
2.694862255e-06
2.717979318e-06
2.412391959e-06
2.250669685e-06
2.267138811e-06
2.516247025e-06
2.158724268e-06
2.571883296e-06
2.283331529e-06
2.670864355e-06
2.338660256e-06
2.271585872e-06
2.332100782e-06
2.402185901e-06
2.473710301e-06
2.231551741e-06
2.601812448e-06
2.773695789e-06
2.274222955e-06
2.222408396e-06
2.599122910e-06
2.329323020e-06
2.509659167e-06
2.495166327e-06
2.679676442e-06

1.536263374e-06
1.530149408e-06
1.579982851e-06
1.596630659e-06
1.496672475e-06
1.557284032e-06
1.623899853e-06
1.559195487e-06
1.604767896e-06
1.656297386e-06
1.671724556e-06
1.598850337e-06
1.763894124e-06
1.497594031e-06
1.616803852e-06
1.590328030e-06
1.732198148e-06
1.880776842e-06
1.647339670e-06
1.594752697e-06
1.645215041e-06
1.536551198e-06
1.567968931e-06
1.595613255e-06
1.532854355e-06
1.606791407e-06
1.647871845e-06
1.420935106e-06
1.496549561e-06
1.531602780e-06
