Number of sample populations = 3. Total number of values in the input = 90
1.26298e-05 1 1
1.29629e-05 1 2
1.34767e-05 1 3
1.36467e-05 1 4
1.37894e-05 1 5
1.38045e-05 1 6
1.40457e-05 1 7
1.41151e-05 1 8
1.41231e-05 1 9
1.4155e-05 1 10
1.418e-05 1 11
1.43038e-05 1 12
1.4476e-05 1 13
1.46869e-05 1 14
1.48392e-05 1 15
1.484e-05 1 16
1.48918e-05 1 17
1.4913e-05 1 18
1.49378e-05 1 19
1.49698e-05 1 20
1.49993e-05 1 21
1.52996e-05 1 22
1.54418e-05 1 23
1.56405e-05 1 24
1.5833e-05 1 25
1.65517e-05 1 26
1.66764e-05 1 27
1.68988e-05 1 28
1.72666e-05 1 29
1.74706e-05 1 30
2.57341e-05 2 31
2.70349e-05 0 32
2.71284e-05 0 33
2.76514e-05 2 34
2.79731e-05 0 35
2.93699e-05 0 36
2.98234e-05 0 37
2.99423e-05 2 38
2.99438e-05 0 39
3.00725e-05 0 40
3.04652e-05 0 41
3.05032e-05 0 42
3.05583e-05 0 43
3.07491e-05 0 44
3.07512e-05 0 45
3.08667e-05 0 46
3.08923e-05 0 47
3.10248e-05 2 48
3.12464e-05 0 49
3.1623e-05 2 50
3.17165e-05 0 51
3.18607e-05 0 52
3.20107e-05 2 53
3.27022e-05 2 54
3.35749e-05 0 55
3.38501e-05 0 56
3.3909e-05 0 57
3.3948e-05 2 58
3.41962e-05 0 59
3.42882e-05 2 60
3.43119e-05 0 61
3.44828e-05 2 62
3.48483e-05 0 63
3.5032e-05 2 64
3.5075e-05 2 65
3.51686e-05 2 66
3.51764e-05 0 67
3.5298e-05 2 68
3.56461e-05 2 69
3.59605e-05 0 70
3.59941e-05 2 71
3.61447e-05 2 72
3.62778e-05 2 73
3.64241e-05 2 74
3.65166e-05 0 75
3.67994e-05 2 76
3.6894e-05 0 77
3.69072e-05 2 78
3.72379e-05 0 79
3.74293e-05 2 80
3.74389e-05 0 81
3.75345e-05 0 82
3.81947e-05 2 83
3.82834e-05 2 84
3.86053e-05 2 85
3.91227e-05 2 86
4.04871e-05 2 87
4.11844e-05 2 88
4.24475e-05 2 89
4.2598e-05 2 90
Total number of ties =0
Number of samples = 30; sum = 1594
Number of samples = 30; sum = 465
Number of samples = 30; sum = 2036
Corrected T value =64.1115
p-value to accept the null hypothesis that all distribution functions are identical = 1.19777397e-14
