1.543826000e+06
1.415964000e+06
1.516876000e+06
2.475892000e+06
1.485622000e+06
1.548911000e+06
1.682391000e+06
1.644283000e+06
1.571855000e+06
1.629056000e+06
1.469540000e+06
1.593657000e+06
1.615738000e+06
1.466561000e+06
2.415383000e+06
1.576069000e+06
1.494496000e+06
1.445898000e+06
1.436341000e+06
1.755287000e+06
1.597609000e+06
1.545687000e+06
1.570315000e+06
1.722035000e+06
1.737464000e+06
1.586694000e+06
1.596871000e+06
1.537291000e+06
1.531698000e+06
1.500747000e+06

3.044564800e+07
2.764641800e+07
2.830584900e+07
3.209224400e+07
2.944453800e+07
2.988887300e+07
2.793627500e+07
2.832603000e+07
2.715275100e+07
2.799732100e+07
2.849901900e+07
3.038409500e+07
3.022424400e+07
2.747533400e+07
3.046539300e+07
2.946920500e+07
3.145289000e+07
2.660656700e+07
3.212030500e+07
2.656559500e+07
2.859986100e+07
2.642974200e+07
3.130189100e+07
2.926904900e+07
2.847408700e+07
2.932697900e+07
2.935474800e+07
2.823112800e+07
3.344117100e+07
3.226880000e+07
