2.110900000e+04
2.228100000e+04
2.345400000e+04
2.069200000e+04
2.124700000e+04
2.212300000e+04
2.149000000e+04
2.121600000e+04
2.306600000e+04
2.103000000e+04
2.359400000e+04
2.309000000e+04
2.243000000e+04
2.198700000e+04
2.230900000e+04
2.245000000e+04
1.959100000e+04
2.291900000e+04
2.202700000e+04
2.078200000e+04
2.381000000e+04
2.276000000e+04
2.110700000e+04
2.170400000e+04
2.141200000e+04
2.146100000e+04
2.154100000e+04
2.109400000e+04
2.351000000e+04
2.422400000e+04

2.734300000e+04
2.985800000e+04
3.136400000e+04
2.710100000e+04
3.028200000e+04
3.046000000e+04
3.050900000e+04
2.944100000e+04
2.919600000e+04
3.028400000e+04
2.839100000e+04
2.948100000e+04
3.085800000e+04
3.231100000e+04
2.837800000e+04
2.646900000e+04
2.839200000e+04
2.635300000e+04
3.101000000e+04
3.101400000e+04
2.764000000e+04
2.808700000e+04
2.767900000e+04
2.801600000e+04
2.992100000e+04
2.988400000e+04
2.725400000e+04
3.046500000e+04
2.698000000e+04
2.442000000e+04
