1.408000000e+03
1.664000000e+03
2.176000000e+03
5.120000000e+02
1.408000000e+03
2.432000000e+03
2.432000000e+03
8.960000000e+02
1.280000000e+03
2.304000000e+03
1.664000000e+03
1.152000000e+03
1.408000000e+03
1.920000000e+03
1.792000000e+03
1.152000000e+03
2.176000000e+03
1.408000000e+03
2.176000000e+03
1.536000000e+03
2.688000000e+03
1.152000000e+03
1.792000000e+03
2.432000000e+03
2.048000000e+03
2.176000000e+03
2.176000000e+03
1.792000000e+03
1.920000000e+03
1.664000000e+03

4.224000000e+03
7.296000000e+03
5.120000000e+03
5.760000000e+03
7.040000000e+03
6.144000000e+03
6.528000000e+03
6.400000000e+03
4.992000000e+03
6.656000000e+03
7.296000000e+03
6.656000000e+03
4.480000000e+03
6.784000000e+03
6.272000000e+03
6.016000000e+03
5.376000000e+03
5.248000000e+03
6.016000000e+03
7.808000000e+03
6.144000000e+03
5.632000000e+03
8.320000000e+03
6.912000000e+03
5.120000000e+03
3.456000000e+03
6.656000000e+03
4.864000000e+03
3.712000000e+03
6.400000000e+03
