8.752360000e+05
9.096960000e+05
9.185880000e+05
9.181640000e+05
1.011686000e+06
9.246230000e+05
8.530430000e+05
8.501970000e+05
1.129513000e+06
1.022558000e+06
7.807160000e+05
8.959770000e+05
2.887550000e+06
9.551740000e+05
1.064124000e+06
9.356340000e+05
1.089351000e+06
8.364980000e+05
8.055020000e+05
9.962780000e+05
1.169923000e+06
9.681240000e+05
9.696202000e+06
8.131130000e+05
9.172300000e+05
9.401670000e+05
8.620270000e+05
8.746270000e+05
1.903873000e+06
9.027770000e+05

9.294140000e+05
8.727550000e+05
1.008482000e+06
8.248740000e+05
9.937390000e+05
8.827670000e+05
9.173790000e+05
8.782580000e+05
9.147210000e+05
9.116300000e+05
9.052740000e+05
9.151370000e+05
8.698120000e+05
1.019809000e+06
9.288210000e+05
8.146310000e+05
9.123530000e+05
8.467910000e+05
8.666590000e+05
7.708180000e+05
9.594500000e+05
9.859120000e+05
8.825510000e+05
9.588540000e+05
8.752010000e+05
9.205690000e+05
8.864450000e+05
9.213940000e+05
9.836030000e+05
8.835960000e+05
