1.794460000e+05
1.731190000e+05
1.582490000e+05
1.806360000e+05
1.887980000e+05
1.758910000e+05
2.153438000e+06
2.008390000e+05
9.113217000e+06
1.985030000e+05
1.593420000e+05
2.169636000e+06
1.947190000e+05
2.162365000e+06
1.761670000e+05
1.790640000e+05
1.759980000e+05
1.755920000e+05
2.161493000e+06
1.701070000e+05
2.152878000e+06
1.991460000e+05
1.765690000e+05
1.961310000e+05
1.813900000e+05
1.163269000e+06
3.155672000e+06
1.874980000e+05
6.126202000e+06
1.791040000e+05

1.413477200e+07
3.988518600e+07
4.879969800e+07
4.093762000e+07
1.420489400e+07
2.901659700e+07
2.605621200e+07
2.700553700e+07
8.268870000e+06
3.890952400e+07
9.199458000e+06
3.501480600e+07
8.372581000e+06
8.190331000e+06
2.001776600e+07
3.995040200e+07
3.290492000e+07
3.596536100e+07
4.193634300e+07
2.612002700e+07
1.717396100e+07
2.106686800e+07
1.295811000e+06
4.087808600e+07
4.289777200e+07
4.986042500e+07
1.312225800e+07
1.812229300e+07
2.911824300e+07
1.318555300e+07
