3.324160000e+05
3.682560000e+05
3.240960000e+05
4.083200000e+05
2.940160000e+05
3.230720000e+05
4.613120000e+05
3.607040000e+05
4.787200000e+05
3.717120000e+05
3.435520000e+05
2.791680000e+05
3.086080000e+05
3.056640000e+05
3.156480000e+05
4.152320000e+05
2.895360000e+05
5.002240000e+05
3.594240000e+05
4.074240000e+05
3.095040000e+05
3.770880000e+05
5.550080000e+05
4.093440000e+05
2.781440000e+05
3.512320000e+05
4.682240000e+05
2.726400000e+05
3.345920000e+05
4.467200000e+05

3.283712000e+06
3.576832000e+06
3.088000000e+06
3.454976000e+06
4.094720000e+06
3.571712000e+06
3.937920000e+06
5.094528000e+06
3.001344000e+06
4.085760000e+06
4.149376000e+06
3.134720000e+06
2.933888000e+06
3.434624000e+06
3.400448000e+06
4.036224000e+06
3.809280000e+06
3.549568000e+06
4.481024000e+06
3.791232000e+06
3.818112000e+06
3.049344000e+06
3.694720000e+06
3.319168000e+06
2.943488000e+06
4.316800000e+06
3.459456000e+06
3.157760000e+06
3.332736000e+06
3.609088000e+06
