1.032816572e-06
1.089483980e-06
1.042239078e-06
8.805117343e-07
8.719230802e-07
1.108662564e-06
1.148954899e-06
9.432253242e-07
1.102127561e-06
9.826382988e-07
1.103177979e-06
9.717996669e-07
1.051107532e-06
1.190071225e-06
1.067154342e-06
1.061328639e-06
1.090477792e-06
1.210554039e-06
1.137579461e-06
1.185564842e-06
1.186417576e-06
1.036386948e-06
9.365254108e-07
1.054094794e-06
1.001399637e-06
1.012698828e-06
1.112574975e-06
9.708290092e-07
1.004351411e-06
1.212746013e-06

2.996633850e-06
2.968258309e-06
2.816567443e-06
2.454137067e-06
2.586539769e-06
2.894124890e-06
2.867324678e-06
2.816930117e-06
2.179237102e-06
2.775465089e-06
2.701807917e-06
1.999735326e-06
2.365545738e-06
2.401253687e-06
2.417383291e-06
2.494312955e-06
2.951209264e-06
2.267260367e-06
2.436936805e-06
2.606259390e-06
2.753293973e-06
2.635078922e-06
2.932370960e-06
2.788524637e-06
2.682384543e-06
2.503054703e-06
2.975329759e-06
2.683543145e-06
2.462457458e-06
2.145487116e-06
