1.139200000e+04
1.203200000e+04
9.088000000e+03
1.267200000e+04
1.088000000e+04
9.728000000e+03
9.728000000e+03
1.126400000e+04
1.011200000e+04
1.088000000e+04
9.088000000e+03
1.344000000e+04
8.064000000e+03
1.152000000e+04
9.984000000e+03
1.152000000e+04
1.216000000e+04
1.139200000e+04
1.254400000e+04
1.177600000e+04
1.062400000e+04
9.600000000e+03
1.152000000e+04
8.960000000e+03
1.036800000e+04
1.100800000e+04
8.960000000e+03
1.216000000e+04
1.011200000e+04
9.216000000e+03

6.220800000e+04
6.630400000e+04
6.963200000e+04
6.144000000e+04
6.848000000e+04
6.976000000e+04
6.361600000e+04
6.809600000e+04
6.336000000e+04
5.619200000e+04
6.592000000e+04
6.016000000e+04
5.708800000e+04
6.297600000e+04
6.451200000e+04
5.670400000e+04
6.028800000e+04
7.168000000e+04
5.696000000e+04
6.144000000e+04
5.836800000e+04
5.977600000e+04
6.720000000e+04
5.990400000e+04
6.886400000e+04
6.604800000e+04
6.144000000e+04
6.246400000e+04
6.284800000e+04
5.491200000e+04
