3.400500000e+04
3.269400000e+04
3.441600000e+04
1.029816000e+06
2.999100000e+04
3.452500000e+04
3.588300000e+04
3.229200000e+04
3.367500000e+04
3.178500000e+04
2.952100000e+04
1.027889000e+06
3.093500000e+04
3.371700000e+04
3.340400000e+04
3.235500000e+04
3.475000000e+04
3.595000000e+04
3.568700000e+04
3.359500000e+04
3.483600000e+04
3.331900000e+04
3.211000000e+04
3.272100000e+04
3.138100000e+04
3.206900000e+04
2.968900000e+04
3.438700000e+04
2.024561000e+06
3.430900000e+04

5.685800000e+04
7.041300000e+04
5.661400000e+04
5.942700000e+04
6.214900000e+04
4.692000000e+04
6.552200000e+04
5.844600000e+04
6.664200000e+04
5.855300000e+04
5.556400000e+04
5.556900000e+04
5.668900000e+04
6.045200000e+04
5.392200000e+04
6.110300000e+04
5.904800000e+04
6.317600000e+04
6.390500000e+04
5.860000000e+04
6.240200000e+04
5.441800000e+04
1.058994000e+06
5.764100000e+04
6.115600000e+04
6.009200000e+04
5.899500000e+04
5.988700000e+04
5.597700000e+04
5.883100000e+04
