4.927408162e-05
3.791815114e-05
3.737744394e-05
4.330897941e-05
4.318782192e-05
4.057655156e-05
3.138856294e-05
3.974944616e-05
4.149040450e-05
3.555968212e-05
3.422789735e-05
4.366653817e-05
4.037968485e-05
4.277276713e-05
4.315549724e-05
4.210086520e-05
4.868520229e-05
4.593246568e-05
4.189844640e-05
3.728079501e-05
3.938866852e-05
4.591750993e-05
4.460477068e-05
5.229193278e-05
4.845699769e-05
4.367746419e-05
4.608979527e-05
4.376450566e-05
4.111506036e-05
4.432858421e-05

5.580729218e-05
8.519573796e-05
6.248479033e-05
6.861952068e-05
5.910251355e-05
6.831741619e-05
6.130191798e-05
6.464862314e-05
8.823335045e-05
8.434782208e-05
6.383062351e-05
6.037563759e-05
7.947080939e-05
7.345331369e-05
6.179731565e-05
6.016413844e-05
7.046694139e-05
5.575548353e-05
5.918019739e-05
7.138114299e-05
9.075550697e-05
6.326246684e-05
8.239628020e-05
6.056700111e-05
8.287852822e-05
8.025522984e-05
6.764266234e-05
6.776792612e-05
6.009933874e-05
5.978711399e-05
