9.290000000e+02
1.000000000e+00
0.000000000e+00
9.300000000e+02
3.000000000e+00
9.280000000e+02
9.200000000e+02
9.290000000e+02
1.000000000e+00
0.000000000e+00
1.849000000e+03
4.000000000e+00
1.849000000e+03
1.849000000e+03
0.000000000e+00
1.860000000e+03
9.220000000e+02
9.200000000e+02
0.000000000e+00
2.000000000e+00
1.845000000e+03
1.845000000e+03
1.849000000e+03
1.000000000e+00
9.200000000e+02
1.850000000e+03
1.849000000e+03
1.850000000e+03
1.000000000e+00
9.200000000e+02

1.034000000e+03
8.000000000e+01
1.907000000e+03
5.674000000e+03
1.940000000e+03
1.929000000e+03
1.919000000e+03
8.600000000e+01
2.885000000e+03
1.090000000e+02
1.964000000e+03
1.947000000e+03
3.779000000e+03
6.100000000e+01
3.819000000e+03
3.807000000e+03
1.090000000e+02
1.024000000e+03
2.890000000e+03
1.941000000e+03
2.894000000e+03
1.270000000e+02
1.079000000e+03
1.360000000e+02
9.880000000e+02
1.009000000e+03
1.002000000e+03
3.783000000e+03
2.860000000e+03
4.767000000e+03
