1.036800000e+04
1.062400000e+04
1.638400000e+04
8.448000000e+03
6.784000000e+03
1.395200000e+04
8.192000000e+03
1.254400000e+04
8.448000000e+03
1.126400000e+04
1.472000000e+04
1.062400000e+04
7.296000000e+03
6.144000000e+03
8.832000000e+03
9.216000000e+03
7.168000000e+03
9.344000000e+03
1.075200000e+04
1.318400000e+04
9.472000000e+03
9.088000000e+03
1.574400000e+04
1.216000000e+04
1.113600000e+04
9.600000000e+03
1.011200000e+04
6.272000000e+03
7.936000000e+03
8.192000000e+03

2.060800000e+04
2.918400000e+04
2.534400000e+04
2.790400000e+04
2.048000000e+04
1.920000000e+04
3.251200000e+04
3.289600000e+04
3.046400000e+04
2.816000000e+04
1.000026880e+09
2.304000000e+04
3.020800000e+04
2.086400000e+04
2.508800000e+04
2.585600000e+04
3.238400000e+04
3.904000000e+04
2.406400000e+04
1.000026368e+09
3.430400000e+04
2.726400000e+04
3.481600000e+04
2.112000000e+04
3.033600000e+04
3.238400000e+04
2.892800000e+04
2.700800000e+04
3.136000000e+04
2.304000000e+04
