1.824000000e+05
1.798400000e+05
1.678080000e+05
1.861120000e+05
1.852160000e+05
1.987840000e+05
1.854720000e+05
1.867520000e+05
1.996800000e+05
1.849600000e+05
1.888000000e+05
1.864960000e+05
2.044160000e+05
1.972480000e+05
1.775360000e+05
1.925120000e+05
1.733120000e+05
1.969920000e+05
1.888000000e+05
1.879040000e+05
1.896960000e+05
1.780480000e+05
1.864960000e+05
1.724160000e+05
1.721600000e+05
1.699840000e+05
1.579520000e+05
1.917440000e+05
1.886720000e+05
1.680640000e+05

1.164800000e+04
2.022400000e+04
1.638400000e+04
1.894400000e+04
1.152000000e+04
1.024000000e+04
2.355200000e+04
2.393600000e+04
2.150400000e+04
1.920000000e+04
1.000017920e+09
1.408000000e+04
2.124800000e+04
1.190400000e+04
1.612800000e+04
1.689600000e+04
2.342400000e+04
3.008000000e+04
1.510400000e+04
1.000017408e+09
2.534400000e+04
1.830400000e+04
2.585600000e+04
1.216000000e+04
2.137600000e+04
2.342400000e+04
1.996800000e+04
1.804800000e+04
2.240000000e+04
1.408000000e+04
