4.224000000e+03
2.816000000e+03
2.688000000e+03
3.712000000e+03
3.840000000e+03
3.200000000e+03
3.840000000e+03
4.352000000e+03
3.840000000e+03
3.200000000e+03
5.120000000e+03
1.536000000e+03
2.944000000e+03
2.816000000e+03
2.816000000e+03
3.456000000e+03
2.560000000e+03
3.840000000e+03
2.048000000e+03
3.328000000e+03
2.688000000e+03
2.560000000e+03
3.840000000e+03
2.688000000e+03
3.200000000e+03
3.072000000e+03
3.584000000e+03
3.584000000e+03
4.608000000e+03
3.584000000e+03

1.932800000e+04
1.868800000e+04
2.022400000e+04
2.201600000e+04
2.009600000e+04
1.984000000e+04
2.176000000e+04
1.958400000e+04
2.099200000e+04
2.227200000e+04
1.817600000e+04
1.907200000e+04
2.150400000e+04
2.176000000e+04
2.035200000e+04
1.830400000e+04
2.048000000e+04
1.792000000e+04
2.278400000e+04
2.124800000e+04
2.009600000e+04
2.278400000e+04
1.779200000e+04
2.009600000e+04
1.996800000e+04
1.651200000e+04
1.856000000e+04
1.996800000e+04
2.201600000e+04
2.252800000e+04
