1.274850062e-06
1.466515619e-06
1.358874489e-06
1.329152124e-06
1.403923706e-06
1.461209916e-06
1.309857612e-06
1.387975458e-06
1.215939702e-06
1.399211136e-06
1.368907853e-06
1.411560145e-06
1.430244159e-06
1.332748208e-06
1.268735059e-06
1.486719152e-06
1.483069056e-06
1.476125151e-06
1.290760386e-06
1.428479250e-06
1.471285155e-06
1.406180590e-06
1.549661444e-06
1.329855996e-06
1.307780648e-06
1.550293460e-06
1.436259721e-06
1.410408809e-06
1.538350398e-06
1.420492911e-06

9.830829690e-07
8.958364694e-07
9.964847520e-07
9.966816780e-07
9.757947128e-07
1.135948605e-06
8.814190787e-07
1.047710369e-06
1.031462122e-06
9.801586606e-07
9.395855275e-07
1.144179055e-06
1.138528762e-06
1.061423210e-06
1.082342311e-06
9.961641935e-07
9.746895642e-07
9.859367785e-07
1.000265347e-06
9.540285869e-07
9.675484935e-07
9.762912393e-07
1.059926605e-06
1.032226792e-06
1.094821340e-06
9.415452860e-07
1.041392372e-06
1.021069877e-06
1.043767659e-06
9.316693677e-07
