8.721105451e-07
8.656507511e-07
8.930349154e-07
8.371159693e-07
8.774257493e-07
1.022512391e-06
9.225207940e-07
8.385914967e-07
8.528281691e-07
1.004919235e-06
9.335421004e-07
9.165166484e-07
8.951282865e-07
8.298639206e-07
8.913285298e-07
8.993293202e-07
9.134751344e-07
9.478848006e-07
8.718805652e-07
8.929331590e-07
9.223244270e-07
9.032145060e-07
9.759883653e-07
9.008304365e-07
9.171708593e-07
8.474647813e-07
8.806718139e-07
8.981945110e-07
8.980107188e-07
8.950962706e-07

1.256429762e-06
1.186048475e-06
1.298408921e-06
1.320866623e-06
1.367550209e-06
1.302295863e-06
1.304998096e-06
1.192854376e-06
1.271849107e-06
1.308088193e-06
1.278613731e-06
1.228714899e-06
1.273426391e-06
1.260431235e-06
1.161713050e-06
1.292051283e-06
1.320785705e-06
1.270571145e-06
1.251604657e-06
1.188885757e-06
1.236180480e-06
1.213023218e-06
1.286897156e-06
1.398518921e-06
1.292930523e-06
1.312281961e-06
1.194333177e-06
1.297683812e-06
1.201059438e-06
1.171224817e-06
