4.200000000e+01
4.700000000e+01
5.200000000e+01
5.400000000e+01
4.500000000e+01
4.900000000e+01
4.500000000e+01
4.400000000e+01
4.100000000e+01
4.400000000e+01
4.400000000e+01
3.900000000e+01
4.500000000e+01
5.400000000e+01
4.400000000e+01
3.700000000e+01
5.000000000e+01
4.600000000e+01
4.000000000e+01
4.700000000e+01
5.200000000e+01
4.900000000e+01
4.600000000e+01
4.900000000e+01
4.200000000e+01
4.300000000e+01
4.800000000e+01
4.400000000e+01
4.000000000e+01
3.900000000e+01

1.730000000e+02
1.390000000e+02
1.300000000e+02
9.700000000e+01
1.040000000e+02
1.040000000e+02
2.920000000e+02
1.260000000e+02
2.210000000e+02
9.900000000e+01
1.010000000e+02
1.020000000e+02
1.020000000e+02
2.350000000e+02
2.220000000e+02
9.900000000e+01
1.040000000e+02
1.360000000e+02
1.040000000e+02
1.040000000e+02
9.600000000e+01
9.900000000e+01
1.290000000e+02
1.230000000e+02
1.030000000e+02
1.050000000e+02
9.900000000e+01
2.410000000e+02
1.180000000e+02
2.160000000e+02
