8.818880000e+05
8.252290000e+05
9.609560000e+05
7.773480000e+05
9.462130000e+05
8.352410000e+05
8.698530000e+05
8.307320000e+05
8.671950000e+05
8.641040000e+05
8.577480000e+05
8.676110000e+05
8.222860000e+05
9.722830000e+05
8.812950000e+05
7.671050000e+05
8.648270000e+05
7.992650000e+05
8.191330000e+05
7.232920000e+05
9.119240000e+05
9.383860000e+05
8.350250000e+05
9.113280000e+05
8.276750000e+05
8.730430000e+05
8.389190000e+05
8.738680000e+05
9.360770000e+05
8.360700000e+05

3.966750000e+06
4.301274000e+06
3.652580000e+06
3.209896000e+06
3.488466000e+06
3.453511000e+06
3.353037000e+06
4.469779000e+06
3.077512000e+06
4.420913000e+06
3.071941000e+06
3.750371000e+06
3.990224000e+06
3.879822000e+06
3.562670000e+06
3.365232000e+06
4.432375000e+06
3.446774000e+06
3.474611000e+06
3.728084000e+06
4.162332000e+06
4.305040000e+06
4.399768000e+06
4.176525000e+06
4.021014000e+06
3.448473000e+06
3.761513000e+06
4.651009000e+06
3.328522000e+06
3.834967000e+06
