1.889828729e-06
1.778513870e-06
1.885755480e-06
2.006383383e-06
1.615753953e-06
1.929564577e-06
2.062512189e-06
1.816788642e-06
1.826961047e-06
1.753854414e-06
1.607200149e-06
1.800877760e-06
1.770854117e-06
1.842508696e-06
1.887213682e-06
1.802418637e-06
1.963260232e-06
2.079852651e-06
1.938901095e-06
1.897942453e-06
1.968538271e-06
1.932092918e-06
1.853697108e-06
1.829006594e-06
1.732387569e-06
1.785850949e-06
1.637866067e-06
1.895610839e-06
2.099419418e-06
1.940224687e-06

2.727971444e-06
3.372552236e-06
2.732617427e-06
2.751380043e-06
2.890796550e-06
2.103028396e-06
3.227116054e-06
2.683960510e-06
3.241897557e-06
2.762666619e-06
2.572276350e-06
2.603480430e-06
2.833169981e-06
3.046781744e-06
2.586753621e-06
2.834780519e-06
2.738900215e-06
3.028672500e-06
3.173331517e-06
2.774431796e-06
2.946811025e-06
2.585779011e-06
3.293561217e-06
2.910705193e-06
3.002654442e-06
2.984864081e-06
2.924605259e-06
2.858184208e-06
2.732679623e-06
2.861055862e-06
