4.171900000e+04
3.200500000e+04
3.474200000e+04
3.431300000e+04
3.060000000e+04
3.384000000e+04
3.353800000e+04
3.947400000e+04
3.157000000e+04
3.192900000e+04
3.176500000e+04
3.670300000e+04
3.332400000e+04
3.264600000e+04
3.898300000e+04
3.800300000e+04
3.293600000e+04
3.772800000e+04
3.301600000e+04
3.730100000e+04
3.467100000e+04
4.041900000e+04
3.802000000e+04
3.578700000e+04
3.768300000e+04
4.105600000e+04
3.004500000e+04
3.405100000e+04
3.967000000e+04
4.023900000e+04

1.315400000e+05
1.616800000e+05
1.081680000e+05
1.553120000e+05
1.871350000e+05
1.142372000e+06
1.346240000e+05
1.565870000e+05
1.421760000e+05
1.095990000e+05
1.420420000e+05
2.182510000e+05
1.247760000e+05
1.787830000e+05
9.636100000e+04
1.538900000e+05
2.211100000e+05
1.787180000e+05
1.427630000e+05
1.822880000e+05
9.911300000e+04
1.296430000e+05
1.479020000e+05
1.330980000e+05
1.709710000e+05
1.192510000e+05
1.406010000e+05
2.047850000e+05
1.265880000e+05
1.248200000e+05
