3.373184000e+06
3.747200000e+06
4.639872000e+06
2.857856000e+06
2.758144000e+06
3.784576000e+06
3.774720000e+06
4.293120000e+06
4.188416000e+06
3.947776000e+06
3.512064000e+06
3.567872000e+06
4.480384000e+06
4.203648000e+06
3.582976000e+06
3.238912000e+06
3.947392000e+06
3.877888000e+06
2.670464000e+06
3.337088000e+06
3.637888000e+06
3.945856000e+06
3.111040000e+06
3.494656000e+06
3.084928000e+06
3.262976000e+06
3.565440000e+06
3.139072000e+06
3.267200000e+06
4.358528000e+06

2.943283200e+07
2.357324800e+07
2.433984000e+07
2.198003200e+07
3.786560000e+07
3.073497600e+07
3.019392000e+07
2.832345600e+07
2.824115200e+07
2.884441600e+07
3.007180800e+07
2.428876800e+07
2.679257600e+07
2.651379200e+07
2.260492800e+07
2.822694400e+07
3.229785600e+07
2.446220800e+07
2.428224000e+07
2.072844800e+07
2.592294400e+07
2.708147200e+07
2.562969600e+07
2.629414400e+07
2.626201600e+07
2.209011200e+07
2.722841600e+07
2.288012800e+07
2.477798400e+07
2.308044800e+07
