5.905379324e-07
5.712155565e-07
6.024400762e-07
6.840370006e-07
5.680579948e-07
5.966524173e-07
5.788081637e-07
5.838070010e-07
5.978726157e-07
6.636771008e-07
6.240261225e-07
6.002279427e-07
5.512364548e-07
5.617124523e-07
5.128361339e-07
5.495877538e-07
5.666502118e-07
5.337668515e-07
5.928696666e-07
5.993913767e-07
6.216744681e-07
5.813766242e-07
5.844513916e-07
6.305355371e-07
5.832941073e-07
5.047730282e-07
6.862078567e-07
5.653876183e-07
5.733673707e-07
5.084382540e-07

3.753650937e-07
3.217343290e-07
2.974918382e-07
3.501523445e-07
3.197765665e-07
3.477785345e-07
3.349028986e-07
3.471958205e-07
3.159399635e-07
3.305970347e-07
3.639710532e-07
3.201634323e-07
3.325399868e-07
3.852793752e-07
3.650958026e-07
3.382795819e-07
3.428992180e-07
3.085458392e-07
4.155641753e-07
3.246505336e-07
3.284809889e-07
3.971675070e-07
3.780382248e-07
4.030255052e-07
3.312446588e-07
3.245751645e-07
3.393619361e-07
3.497639616e-07
3.087787731e-07
3.397485625e-07
