1.280000000e+02
1.152000000e+03
-1.280000000e+02
6.400000000e+02
5.120000000e+02
1.280000000e+03
1.152000000e+03
3.840000000e+02
-5.120000000e+02
1.152000000e+03
2.560000000e+02
6.400000000e+02
-2.560000000e+02
5.120000000e+02
-2.560000000e+02
1.280000000e+02
1.024000000e+03
1.280000000e+02
7.680000000e+02
6.400000000e+02
1.024000000e+03
1.920000000e+03
1.280000000e+02
1.024000000e+03
1.024000000e+03
7.680000000e+02
0.000000000e+00
7.680000000e+02
-1.280000000e+02
0.000000000e+00

3.072000000e+03
4.352000000e+03
3.840000000e+03
3.200000000e+03
3.840000000e+03
2.688000000e+03
3.456000000e+03
3.968000000e+03
3.712000000e+03
3.840000000e+03
3.200000000e+03
4.224000000e+03
3.328000000e+03
3.712000000e+03
3.712000000e+03
3.328000000e+03
3.072000000e+03
3.840000000e+03
3.200000000e+03
3.712000000e+03
4.096000000e+03
3.072000000e+03
3.456000000e+03
3.712000000e+03
3.712000000e+03
3.200000000e+03
3.712000000e+03
3.200000000e+03
3.712000000e+03
3.840000000e+03
