1.200000000e+02
1.760000000e+02
1.840000000e+02
1.240000000e+02
1.130000000e+02
1.400000000e+02
1.130000000e+02
2.150000000e+02
1.550000000e+02
1.830000000e+02
1.560000000e+02
1.730000000e+02
1.480000000e+02
1.730000000e+02
1.630000000e+02
1.430000000e+02
1.320000000e+02
1.350000000e+02
1.100000000e+02
9.500000000e+01
1.380000000e+02
1.860000000e+02
1.230000000e+02
1.500000000e+02
1.020000000e+02
2.010000000e+02
1.450000000e+02
1.620000000e+02
2.000000000e+02
1.150000000e+02

1.650000000e+02
1.520000000e+02
1.430000000e+02
1.690000000e+02
9.500000000e+01
1.130000000e+02
1.340000000e+02
1.260000000e+02
1.460000000e+02
1.290000000e+02
1.290000000e+02
1.440000000e+02
1.340000000e+02
1.370000000e+02
1.360000000e+02
2.120000000e+02
1.660000000e+02
1.410000000e+02
1.200000000e+02
1.680000000e+02
2.010000000e+02
1.160000000e+02
1.920000000e+02
1.500000000e+02
1.190000000e+02
1.410000000e+02
1.430000000e+02
1.110000000e+02
1.850000000e+02
1.390000000e+02
