4.094600000e+04
3.588500000e+04
4.456300000e+04
4.043800000e+04
4.248400000e+04
4.235100000e+04
4.222500000e+04
4.219300000e+04
4.516200000e+04
3.918900000e+04
4.228100000e+04
4.136500000e+04
4.134600000e+04
4.297800000e+04
4.304200000e+04
4.431700000e+04
4.216700000e+04
4.089500000e+04
3.808500000e+04
4.227300000e+04
4.204300000e+04
4.045700000e+04
4.109900000e+04
4.106100000e+04
3.836000000e+04
4.267700000e+04
4.436900000e+04
3.853300000e+04
4.194500000e+04
4.063100000e+04

4.788400000e+04
4.533400000e+04
4.813800000e+04
4.393500000e+04
4.487300000e+04
4.469000000e+04
4.258500000e+04
4.451800000e+04
5.036300000e+04
4.831900000e+04
4.136600000e+04
4.715400000e+04
4.329900000e+04
4.391300000e+04
4.499800000e+04
4.671400000e+04
4.212400000e+04
5.015400000e+04
4.272900000e+04
4.691400000e+04
4.306300000e+04
4.764600000e+04
4.469300000e+04
4.324600000e+04
4.493000000e+04
4.645200000e+04
4.002900000e+04
4.564500000e+04
4.316300000e+04
4.701800000e+04
