2.352100000e+04
2.401500000e+04
2.375900000e+04
2.444900000e+04
2.433700000e+04
2.319500000e+04
2.300400000e+04
2.430200000e+04
2.343500000e+04
2.242500000e+04
2.365300000e+04
2.295200000e+04
2.284800000e+04
2.564800000e+04
2.273600000e+04
2.302000000e+04
2.091700000e+04
2.356800000e+04
2.541200000e+04
2.401900000e+04
2.412000000e+04
2.612600000e+04
2.364200000e+04
2.566500000e+04
2.378000000e+04
2.483100000e+04
2.700800000e+04
2.399100000e+04
2.309400000e+04
2.706600000e+04

7.791200000e+04
7.299100000e+04
7.483700000e+04
6.888900000e+04
7.548300000e+04
7.354900000e+04
6.377800000e+04
7.416600000e+04
7.428200000e+04
7.345300000e+04
7.463500000e+04
6.708200000e+04
7.632900000e+04
7.439600000e+04
7.650300000e+04
7.584500000e+04
7.407600000e+04
6.691000000e+04
7.486800000e+04
7.239200000e+04
7.434200000e+04
7.126600000e+04
7.763000000e+04
7.365100000e+04
7.140700000e+04
6.895800000e+04
7.044200000e+04
7.567500000e+04
7.066100000e+04
7.084300000e+04
