1.656000000e+04
1.731000000e+04
1.531400000e+04
1.661000000e+04
1.693600000e+04
1.559900000e+04
1.742900000e+04
1.556200000e+04
1.581100000e+04
1.634900000e+04
1.908000000e+04
1.663900000e+04
1.721000000e+04
1.705200000e+04
1.663400000e+04
1.613800000e+04
1.598200000e+04
1.790600000e+04
1.750700000e+04
1.597200000e+04
1.494900000e+04
1.761100000e+04
1.717700000e+04
1.903600000e+04
1.594200000e+04
1.643200000e+04
1.832700000e+04
1.515000000e+04
1.709100000e+04
1.609100000e+04

2.780300000e+04
2.785300000e+04
3.095800000e+04
2.415700000e+04
2.532800000e+04
2.010631000e+06
2.217500000e+04
2.673700000e+04
2.545600000e+04
2.022600000e+04
2.869600000e+04
2.724200000e+04
3.624900000e+04
2.086200000e+04
3.400600000e+04
2.570800000e+04
2.828900000e+04
2.952200000e+04
1.019787000e+06
3.239200000e+04
2.935900000e+04
2.022102000e+06
2.632400000e+04
2.794800000e+04
6.005163000e+06
2.246800000e+04
2.401700000e+04
4.016919000e+06
3.723000000e+04
2.628000000e+04
