3.816349325e-05
3.741774598e-05
4.188898957e-05
4.188809133e-05
3.920437225e-05
4.718239214e-05
3.967775948e-05
4.171982810e-05
4.193417375e-05
5.079938573e-05
3.792357637e-05
4.308978980e-05
4.141762317e-05
3.924782419e-05
4.303258922e-05
4.006086673e-05
3.935009810e-05
3.906142625e-05
3.836309749e-05
4.621740113e-05
4.210037826e-05
4.798481397e-05
4.472321376e-05
3.587578408e-05
3.872585381e-05
3.694916968e-05
3.448413609e-05
4.370126720e-05
4.087667777e-05
4.199353765e-05

2.959854070e-05
3.229089370e-05
3.046385544e-05
2.670134356e-05
2.933961852e-05
3.006058802e-05
3.596087853e-05
2.904533610e-05
3.036917003e-05
3.019519603e-05
3.144963490e-05
2.951105803e-05
3.166267608e-05
2.900905798e-05
2.874810111e-05
3.104055890e-05
2.682536731e-05
2.929931310e-05
2.947170107e-05
2.978790375e-05
3.100194365e-05
2.968911107e-05
2.923230837e-05
2.985456927e-05
3.360304807e-05
2.860549151e-05
2.997386795e-05
3.024673307e-05
2.968537263e-05
2.900350062e-05
