4.211300000e+04
4.081800000e+04
4.112200000e+04
4.121800000e+04
3.938100000e+04
4.188500000e+04
4.394100000e+04
3.904800000e+04
4.065300000e+04
4.027900000e+04
3.956000000e+04
3.934800000e+04
3.819500000e+04
4.581300000e+04
3.896900000e+04
4.179000000e+04
4.088200000e+04
4.105600000e+04
4.057600000e+04
4.064500000e+04
3.547800000e+04
3.909000000e+04
4.316300000e+04
3.751400000e+04
3.957900000e+04
3.922200000e+04
3.911200000e+04
4.092900000e+04
4.087100000e+04
3.946300000e+04

4.035500000e+04
4.420100000e+04
4.574000000e+04
4.142000000e+04
3.925100000e+04
4.108500000e+04
4.068900000e+04
3.999600000e+04
3.781200000e+04
3.953200000e+04
4.118800000e+04
4.326000000e+04
4.452600000e+04
4.055800000e+04
4.171000000e+04
4.486500000e+04
3.988300000e+04
4.031100000e+04
4.299600000e+04
4.125600000e+04
4.266400000e+04
4.068100000e+04
4.094200000e+04
3.993200000e+04
4.448500000e+04
4.390900000e+04
4.477000000e+04
4.330000000e+04
4.297400000e+04
4.371200000e+04
