2.254546943e-05
2.542370615e-05
2.175377234e-05
2.519790446e-05
2.440155280e-05
2.515487049e-05
2.331322447e-05
2.495922793e-05
2.034435782e-05
2.330401222e-05
3.063343400e-05
2.499539309e-05
2.054366528e-05
2.615941771e-05
2.072400942e-05
2.125773415e-05
2.365280042e-05
2.403767313e-05
3.020610341e-05
2.493880843e-05
2.286070213e-05
2.568403631e-05
2.638542511e-05
3.509705400e-05
2.180868745e-05
2.219596635e-05
2.815008706e-05
2.483268427e-05
2.390574939e-05
1.820639293e-05

5.480822687e-05
8.419667265e-05
6.148572502e-05
6.762045537e-05
5.810344824e-05
6.731835089e-05
6.030285267e-05
6.364955783e-05
8.723428514e-05
8.334875677e-05
6.283155821e-05
5.937657228e-05
7.847174408e-05
7.245424838e-05
6.079825034e-05
5.916507313e-05
6.946787608e-05
5.475641822e-05
5.818113208e-05
7.038207768e-05
8.975644166e-05
6.226340153e-05
8.139721489e-05
5.956793580e-05
8.187946291e-05
7.925616454e-05
6.664359703e-05
6.676886082e-05
5.910027343e-05
5.878804868e-05
