2.387626842e-05
2.221161539e-05
2.089766437e-05
2.016193549e-05
2.614828295e-05
2.386249610e-05
2.853541130e-05
2.391796423e-05
2.497355339e-05
2.918702658e-05
2.230781119e-05
2.494471090e-05
2.407962590e-05
2.974626099e-05
2.113033356e-05
2.954936247e-05
2.187525146e-05
2.547665209e-05
2.558003642e-05
2.297745998e-05
2.492192881e-05
2.554328029e-05
2.352011907e-05
2.430969573e-05
2.371211285e-05
2.969324105e-05
3.111809679e-05
2.484267608e-05
2.755166003e-05
2.831179895e-05

5.661864258e-05
5.535884728e-05
5.852246168e-05
5.756137749e-05
5.594758557e-05
5.249461102e-05
5.723272500e-05
5.675790508e-05
5.695546975e-05
5.725906765e-05
5.644816483e-05
5.616692978e-05
5.325703361e-05
5.791366284e-05
5.654294813e-05
5.722955802e-05
5.495042956e-05
5.449069150e-05
5.627340205e-05
5.924024036e-05
5.415821742e-05
5.725758809e-05
5.672451709e-05
5.616195573e-05
5.698416086e-05
5.753501464e-05
5.641984677e-05
5.612041354e-05
5.727519630e-05
5.632176963e-05
