Number of sample populations = 3. Total number of values in the input = 90
352 0 1
382 0 2
423 0 3
431 0 4
432 0 5
458 1 6
461 0 7
462 0 8
473 0 9.5
473 0 9.5
481 1 11
483 0 12
486 0 14
486 0 14
489 1 15
497 1 16
500 1 17
505 0 18
506 1 19
507 1 20
509 1 21
513 1 22
513 0 22
514 1 24
515 1 25
516 1 26
519 1 28
519 0 28
520 0 29
524 0 30
526 1 31
527 1 32
532 1 33
535 1 34
541 1 35
544 0 36
547 1 38
547 1 38
558 0 39
559 1 40
562 1 41
567 0 42
568 1 43
574 1 44
575 1 45
576 1 46
580 1 47
582 0 48
587 1 50
587 1 50
598 0 51
599 0 52
606 0 53
613 0 54
614 0 55
618 0 56
619 0 57
636 0 58
644 0 59
649 1 60
76040 2 61
76050 2 62
76072 2 63
76074 2 64
76083 2 65
76087 2 66
76095 2 67
76106 2 68
76109 2 69
76114 2 70
76114 2 70
76117 2 72
76127 2 73
76131 2 74
76132 2 75
76135 2 76
76137 2 77
76151 2 78
76162 2 79
76171 2 80
76172 2 82
76172 2 82
76177 2 83
76178 2 84
76192 2 85
76194 2 86
76204 2 87
76243 2 88
76245 2 89
76294 2 90
Total number of ties =8
Number of samples = 30; sum = 875
Number of samples = 30; sum = 955
Number of samples = 30; sum = 2265
Corrected T value =59.5009
p-value to accept the null hypothesis that all distribution functions are identical = 1.20102258e-13
