1.959830775e-07
2.132351161e-07
2.014969642e-07
1.745910031e-07
2.732311040e-07
1.664074583e-07
2.632481599e-07
1.780761493e-07
1.772565892e-07
2.203679233e-07
2.610423737e-07
1.968986055e-07
2.059581972e-07
1.498184929e-07
2.089971563e-07
1.801090414e-07
2.181690832e-07
2.918460954e-07
2.754067905e-07
1.795418564e-07
3.644967613e-07
2.334323015e-07
1.945653144e-07
1.969106215e-07
2.157317603e-07
2.351124994e-07
2.495380339e-07
2.844132485e-07
2.708320246e-07
2.063354424e-07

7.904415249e-08
1.013026133e-07
7.536643162e-08
5.524066332e-08
5.636860631e-08
5.502597292e-08
1.911416053e-07
6.345893854e-08
6.467534451e-08
6.581099207e-08
6.220979807e-08
7.270627460e-08
4.525775913e-08
5.606329723e-08
6.374995621e-08
7.018072822e-08
6.688368561e-08
5.794265663e-08
6.449929678e-08
5.788908383e-08
6.690687920e-08
6.119722423e-08
7.087338222e-08
6.638811724e-08
5.605499385e-08
6.272313089e-08
1.291029448e-07
1.579555307e-07
5.773203808e-08
5.025943078e-08
