1.990154873e-03
1.982709272e-03
1.961910426e-03
1.977933494e-03
1.981804529e-03
1.968342978e-03
1.968427468e-03
1.986644847e-03
1.983168311e-03
1.960731469e-03
1.961308387e-03
1.971262417e-03
1.959451936e-03
1.981335593e-03
1.983170352e-03
1.978215859e-03
1.969480827e-03
1.976835682e-03
1.966946434e-03
1.971223398e-03
1.973989629e-03
1.972427017e-03
1.973735027e-03
1.964439584e-03
1.973943053e-03
1.980899583e-03
1.970238285e-03
1.970982834e-03
1.987742841e-03
1.970107066e-03

9.278093848e-05
1.099907898e-04
1.119615910e-04
7.760804606e-05
1.115813239e-04
9.324913082e-05
1.057262359e-04
1.066747161e-04
1.062177002e-04
7.608006647e-05
8.272602410e-05
8.692603036e-05
1.124452256e-04
1.021963713e-04
8.900276373e-05
9.593718434e-05
8.930936059e-05
8.368402107e-05
8.742800970e-05
7.922515770e-05
8.247817744e-05
8.785924915e-05
8.142929434e-05
9.762101388e-05
7.761174299e-05
6.651054275e-05
9.480582284e-05
8.967630438e-05
9.734822205e-05
1.020845702e-04
