2.429548509e-06
1.836912734e-06
2.313776449e-06
2.080142710e-06
2.115428823e-06
2.241687978e-06
1.756267864e-06
2.359181593e-06
1.888530287e-06
2.449734436e-06
2.038971694e-06
2.248892921e-06
2.107479250e-06
2.342144724e-06
2.463047038e-06
2.380440693e-06
2.463319692e-06
2.317572373e-06
2.375972874e-06
2.055501138e-06
1.996757125e-06
1.552513777e-06
2.719894605e-06
2.153322956e-06
2.660497499e-06
2.430318368e-06
2.511475692e-06
2.765631486e-06
2.333343136e-06
2.329868608e-06

1.884197757e-06
1.772895552e-06
1.743910152e-06
1.836436447e-06
1.773554075e-06
1.798503231e-06
2.429744397e-06
1.959719118e-06
1.956239800e-06
2.009698150e-06
2.002166541e-06
1.822017859e-06
1.880834646e-06
1.638625387e-06
1.756744950e-06
1.692714196e-06
2.054669323e-06
1.822307998e-06
1.874854093e-06
1.807693641e-06
2.204828733e-06
2.007506935e-06
2.515230539e-06
1.767762903e-06
1.997607543e-06
1.730503220e-06
1.853293875e-06
2.113422078e-06
1.796686507e-06
2.095444212e-06
