1.262000000e+04
5.055000000e+03
6.654000000e+03
9.034000000e+03
2.246100000e+04
2.265000000e+03
1.439800000e+04
9.256000000e+03
4.630000000e+02
1.423400000e+04
2.228000000e+03
2.398000000e+03
1.088400000e+04
4.760000000e+03
9.237000000e+03
7.372000000e+03
1.447500000e+04
6.434000000e+03
3.106000000e+03
7.271000000e+03
5.731000000e+03
5.998000000e+03
1.515400000e+04
1.354000000e+04
2.296000000e+03
9.263000000e+03
8.340000000e+02
1.441600000e+04
5.843000000e+03
3.099000000e+03

1.821300000e+04
1.209000000e+04
5.485000000e+03
1.126200000e+04
1.212400000e+04
1.979700000e+04
7.174000000e+03
7.907900000e+04
1.010750000e+05
1.758500000e+04
4.146000000e+04
1.112500000e+04
1.746800000e+04
6.797000000e+03
1.186400000e+04
3.560700000e+04
2.206200000e+04
2.318800000e+04
2.220400000e+04
7.778300000e+04
5.726000000e+03
2.221600000e+04
6.654000000e+03
2.457700000e+04
1.904200000e+04
1.976100000e+04
2.294600000e+04
3.554300000e+04
2.067700000e+04
2.375900000e+04
