1.996800000e+04
1.996800000e+04
1.843200000e+04
1.996800000e+04
2.073600000e+04
2.150400000e+04
2.227200000e+04
2.022400000e+04
1.920000000e+04
2.150400000e+04
2.124800000e+04
1.958400000e+04
2.022400000e+04
1.984000000e+04
2.176000000e+04
1.907200000e+04
1.958400000e+04
2.022400000e+04
1.920000000e+04
1.996800000e+04
1.817600000e+04
1.958400000e+04
2.035200000e+04
1.932800000e+04
2.316800000e+04
2.265600000e+04
1.894400000e+04
1.856000000e+04
2.163200000e+04
1.920000000e+04

6.745600000e+04
6.771200000e+04
6.796800000e+04
7.449600000e+04
7.628800000e+04
7.488000000e+04
6.361600000e+04
6.016000000e+04
7.872000000e+04
6.515200000e+04
6.771200000e+04
6.873600000e+04
7.180800000e+04
7.206400000e+04
6.784000000e+04
7.219200000e+04
5.990400000e+04
6.630400000e+04
6.323200000e+04
6.451200000e+04
7.334400000e+04
7.193600000e+04
7.257600000e+04
6.745600000e+04
5.990400000e+04
6.540800000e+04
7.040000000e+04
7.232000000e+04
6.592000000e+04
8.038400000e+04
