1.920000000e+04
1.792000000e+04
1.830400000e+04
1.894400000e+04
2.073600000e+04
2.099200000e+04
1.728000000e+04
1.894400000e+04
2.406400000e+04
1.945600000e+04
1.497600000e+04
2.227200000e+04
1.446400000e+04
1.715200000e+04
2.329600000e+04
1.779200000e+04
1.715200000e+04
1.971200000e+04
1.779200000e+04
1.715200000e+04
1.804800000e+04
2.009600000e+04
2.086400000e+04
1.766400000e+04
1.971200000e+04
2.278400000e+04
1.907200000e+04
1.779200000e+04
2.188800000e+04
1.792000000e+04

6.809600000e+04
6.835200000e+04
6.860800000e+04
7.513600000e+04
7.692800000e+04
7.552000000e+04
6.425600000e+04
6.080000000e+04
7.936000000e+04
6.579200000e+04
6.835200000e+04
6.937600000e+04
7.244800000e+04
7.270400000e+04
6.848000000e+04
7.283200000e+04
6.054400000e+04
6.694400000e+04
6.387200000e+04
6.515200000e+04
7.398400000e+04
7.257600000e+04
7.321600000e+04
6.809600000e+04
6.054400000e+04
6.604800000e+04
7.104000000e+04
7.296000000e+04
6.656000000e+04
8.102400000e+04
