4.616900000e+04
4.520400000e+04
4.536600000e+04
4.471800000e+04
4.452400000e+04
4.539700000e+04
4.054500000e+04
4.288900000e+04
4.311400000e+04
4.205700000e+04
4.430700000e+04
4.595500000e+04
4.242400000e+04
4.550700000e+04
4.483500000e+04
4.616600000e+04
4.672200000e+04
4.360200000e+04
4.623400000e+04
4.653800000e+04
4.877700000e+04
4.684000000e+04
4.339800000e+04
4.382700000e+04
4.684400000e+04
4.611300000e+04
4.673700000e+04
4.316500000e+04
4.430400000e+04
4.457900000e+04

7.132400000e+04
6.754200000e+04
7.237000000e+04
4.020285000e+06
6.077700000e+04
7.498200000e+04
7.038500000e+04
1.049059000e+06
1.051527000e+06
4.030236000e+06
5.605400000e+04
6.908900000e+04
7.088100000e+04
5.031502000e+06
1.196884900e+07
8.829000000e+04
3.035879000e+06
4.032327000e+06
4.048060000e+06
5.733900000e+04
7.037500000e+04
6.766500000e+04
6.403200000e+04
6.122300000e+04
8.337100000e+04
5.636200000e+04
7.940200000e+04
6.027959000e+06
4.028362000e+06
7.012221000e+06
