1.757550000e+05
1.694280000e+05
1.545580000e+05
1.769450000e+05
1.851070000e+05
1.722000000e+05
2.149747000e+06
1.971480000e+05
9.109526000e+06
1.948120000e+05
1.556510000e+05
2.165945000e+06
1.910280000e+05
2.158674000e+06
1.724760000e+05
1.753730000e+05
1.723070000e+05
1.719010000e+05
2.157802000e+06
1.664160000e+05
2.149187000e+06
1.954550000e+05
1.728780000e+05
1.924400000e+05
1.776990000e+05
1.159578000e+06
3.151981000e+06
1.838070000e+05
6.122511000e+06
1.754130000e+05

2.235090000e+05
2.363460000e+05
2.486700000e+05
2.330030000e+05
2.319350000e+05
2.220120000e+05
2.379570000e+05
3.215933000e+06
2.374180000e+05
2.439720000e+05
2.198470000e+05
2.299340000e+05
2.270810000e+05
2.229380000e+05
2.377130000e+05
2.417410000e+05
2.308420000e+05
2.429280000e+05
2.373320000e+05
2.639170000e+05
2.288510000e+05
2.428560000e+05
2.253530000e+05
1.254617000e+06
2.344450000e+05
2.305770000e+05
2.226370000e+05
2.304230000e+05
2.384310000e+05
2.327950000e+05
