5.529713832e-07
5.436538675e-07
5.598851088e-07
5.719634999e-07
5.773242530e-07
6.791001193e-07
5.551932173e-07
5.703563159e-07
6.417882205e-07
5.867866787e-07
5.745654933e-07
6.413549275e-07
5.719090488e-07
6.098563961e-07
5.818628114e-07
5.428016528e-07
5.705355572e-07
5.891701094e-07
5.790873650e-07
5.829124710e-07
6.028835089e-07
5.680299310e-07
5.385658886e-07
5.631026305e-07
5.677900510e-07
5.856072787e-07
6.014643886e-07
5.701068151e-07
5.610276226e-07
5.958223982e-07

6.172840534e-07
6.027317725e-07
5.508754571e-07
6.085201100e-07
6.472848617e-07
5.736219813e-07
6.262109506e-07
5.928460738e-07
5.879899909e-07
6.012597979e-07
6.109069739e-07
6.458192743e-07
5.582607990e-07
6.074012289e-07
6.388481835e-07
6.162124776e-07
5.665553616e-07
6.038021108e-07
6.113394685e-07
6.211869636e-07
6.073336841e-07
5.689391516e-07
5.668445429e-07
5.746811419e-07
5.622484597e-07
5.975135342e-07
6.289742213e-07
6.311393289e-07
5.885856789e-07
6.462754415e-07
