Number of sample populations = 3. Total number of values in the input = 90
428719 1 1
445659 1 2
452612 1 3
458059 1 4
458075 1 5
462108 1 6
462358 1 7
463296 1 8
468881 1 9
471626 1 10
472027 1 11
485211 1 12
485688 1 13
488354 1 14
493944 1 15
497063 1 16
499937 1 17
500557 1 18
501745 1 19
505618 1 20
508260 1 21
509128 1 22
515375 1 23
523216 1 24
525889 1 25
526540 1 26
528285 1 27
531212 1 28
532508 1 29
541809 1 30
714982 2 31
862091 2 32
865302 2 33
888563 2 34
926579 2 35
927409 2 36
1.02482e+06 2 37
1.09901e+06 2 38
1.34285e+06 0 39
1.6129e+06 2 40
1.6915e+06 2 41
2.28158e+06 0 42
2.2899e+06 0 43
2.2958e+06 0 44
2.29639e+06 0 45
2.2982e+06 0 46
2.30566e+06 0 47
2.3062e+06 0 48
2.30929e+06 0 49
2.31049e+06 0 50
2.31101e+06 0 51
2.31226e+06 0 52
2.3132e+06 0 53
2.31428e+06 0 54
2.31542e+06 0 55
2.32583e+06 0 56
2.32853e+06 0 57
2.32975e+06 0 58
2.32982e+06 0 59
2.33021e+06 0 60
2.33027e+06 0 61
2.33257e+06 0 62
2.33536e+06 0 63
2.3357e+06 0 64
2.34077e+06 0 65
2.34255e+06 0 66
2.3462e+06 0 67
2.35122e+06 0 68
2.3628e+06 0 69
2.36484e+06 0 70
1.74975e+07 2 71
1.84509e+07 2 72
1.84603e+07 2 73
1.84714e+07 2 74
1.85008e+07 2 75
1.85156e+07 2 76
1.85751e+07 2 77
1.85789e+07 2 78
1.85802e+07 2 79
1.86949e+07 2 80
1.90145e+07 2 81
2.3478e+07 2 82
2.4333e+07 2 83
2.43338e+07 2 84
2.43611e+07 2 85
2.43865e+07 2 86
2.43918e+07 2 87
2.44331e+07 2 88
3.02967e+07 2 89
4.23154e+08 2 90
Total number of ties =0
Number of samples = 30; sum = 1663
Number of samples = 30; sum = 465
Number of samples = 30; sum = 1967
Corrected T value =61.5975
p-value to accept the null hypothesis that all distribution functions are identical = 4.20999367e-14
