Number of sample populations = 3. Total number of values in the input = 90
14206 2 1
14257 2 2
14420 2 3
14522 2 4
14603 2 5
14749 2 6
15070 2 7
15163 2 8
15220 2 9
15276 2 10
15667 2 11
15762 2 12
15896 2 13
16142 1 14
16272 2 15
16307 2 16
16430 2 17
16476 2 18
16544 2 19
16737 2 20
16910 2 21
17257 2 22
17260 2 23
17335 2 24
17403 2 25
17437 2 26
17531 2 27
17845 2 28
18017 1 29
18184 1 30
18304 0 31
18494 0 32
18506 0 33
18705 0 34
18938 0 35
18946 1 36
19012 0 37
19118 0 38
19221 0 39
19245 2 40
19294 0 41
19431 0 42
19454 0 43
19595 2 44
19641 2 45
19730 1 46
19932 1 47
19938 0 48
20051 1 49
20107 0 50
20160 0 51
20187 0 52
20226 0 53
20241 0 54
20615 0 55
20696 0 56
20747 0 57
20780 0 58
21003 0 59
21006 0 60
21080 0 61
21088 0 62
21502 0 63
21683 1 64
21806 1 65
22224 0 66
22246 0 67
22284 0 68
22471 1 69
22543 1 70
22595 1 71
22699 1 72
22744 1 73
23331 1 74
23539 1 75
23830 1 76
24271 1 77
25142 1 78
25942 1 79
25988 0 80
26087 1 81
26276 1 82
26366 1 83
26381 1 84
26985 1 85
27014 1 86
27122 1 87
27762 1 88
28244 1 89
31072 1 90
Total number of ties =0
Number of samples = 30; sum = 1525
Number of samples = 30; sum = 2049
Number of samples = 30; sum = 521
Corrected T value =58.8909
p-value to accept the null hypothesis that all distribution functions are identical = 1.62927662e-13
