1.845267045e-05
1.691046836e-05
1.849805124e-05
1.824196200e-05
1.777603133e-05
1.846440732e-05
1.825727799e-05
1.869868541e-05
1.853966717e-05
1.844160395e-05
1.824847401e-05
1.899802539e-05
1.903494891e-05
1.838381212e-05
1.704011430e-05
1.683516628e-05
1.805130478e-05
1.796299988e-05
1.677570127e-05
1.851385155e-05
1.896812079e-05
1.616333334e-05
1.620911126e-05
1.635865294e-05
1.868432399e-05
1.805583975e-05
1.812347948e-05
1.652399537e-05
1.973836202e-05
1.771437618e-05

1.978583211e-05
2.099308843e-05
1.901457971e-05
2.153979439e-05
2.359861588e-05
2.162808001e-05
2.505505674e-05
1.652902866e-05
2.233760724e-05
2.331615173e-05
1.791943617e-05
2.549512768e-05
1.791212301e-05
1.852979173e-05
1.844377896e-05
2.106777199e-05
1.803993457e-05
2.305579726e-05
2.036217161e-05
1.956404032e-05
2.385040833e-05
2.269596429e-05
1.973031201e-05
2.473460936e-05
1.983128624e-05
2.364422697e-05
2.264168598e-05
2.284505137e-05
2.241576289e-05
2.316538051e-05

3.995044935e-05
3.768323717e-05
3.923893809e-05
4.137642166e-05
3.720564220e-05
3.738931211e-05
3.626590194e-05
3.841699396e-05
3.825625184e-05
3.769905236e-05
3.920927911e-05
3.822893554e-05
3.822227527e-05
4.021071049e-05
3.708745114e-05
3.763302828e-05
3.754979355e-05
3.952547485e-05
3.730468521e-05
3.796269697e-05
3.942344549e-05
3.664815708e-05
4.042784648e-05
3.639896432e-05
4.207260978e-05
3.653259680e-05
3.951255530e-05
4.050903354e-05
3.800487241e-05
3.870192629e-05
