5.747200000e+04
5.939200000e+04
6.668800000e+04
5.670400000e+04
6.118400000e+04
5.772800000e+04
6.361600000e+04
6.400000000e+04
5.785600000e+04
7.052800000e+04
6.451200000e+04
5.900800000e+04
5.811200000e+04
6.681600000e+04
5.452800000e+04
6.566400000e+04
6.374400000e+04
5.849600000e+04
5.824000000e+04
6.464000000e+04
6.041600000e+04
5.388800000e+04
6.272000000e+04
5.465600000e+04
6.272000000e+04
5.990400000e+04
5.798400000e+04
5.824000000e+04
6.438400000e+04
5.772800000e+04

2.160640000e+05
1.000200576e+09
2.114560000e+05
2.208000000e+05
2.019840000e+05
2.173440000e+05
2.131200000e+05
2.040320000e+05
2.127360000e+05
2.233600000e+05
2.067200000e+05
2.145280000e+05
2.094080000e+05
2.190080000e+05
2.184960000e+05
2.150400000e+05
2.192640000e+05
2.168320000e+05
2.120960000e+05
2.155520000e+05
2.123520000e+05
1.000205952e+09
2.096640000e+05
2.128640000e+05
2.126080000e+05
2.169600000e+05
2.050560000e+05
2.133760000e+05
2.146560000e+05
2.205440000e+05
