Number of sample populations = 3. Total number of values in the input = 90
4 1 1.5
4 1 1.5
5 1 5
5 1 5
5 1 5
5 1 5
5 1 5
6 1 8
7 1 11
7 1 11
7 1 11
7 1 11
7 1 11
8 1 17
8 1 17
8 1 17
8 1 17
8 1 17
8 0 17
8 1 17
9 1 23
9 0 23
9 0 23
9 0 23
9 0 23
10 1 28
10 1 28
10 0 28
10 1 28
10 1 28
10 0 28
11 0 32
11 0 32
12 0 35
12 0 35
12 1 35
13 0 38
13 0 38
13 1 38
14 0 40
15 1 41
16 0 43
16 1 43
16 0 43
17 1 45
18 0 47
18 0 47
18 0 47
19 0 50
19 0 50
20 0 52
20 0 52
21 0 53
22 1 54
22 0 54
24 0 56
25 0 57
27 0 58
28 0 59
34 0 60
54 2 62
54 2 62
54 2 62
54 2 62
55 2 76
55 2 76
55 2 76
55 2 76
55 2 76
55 2 76
55 2 76
55 2 76
55 2 76
55 2 76
55 2 76
55 2 76
55 2 76
55 2 76
55 2 76
55 2 76
55 2 76
55 2 76
55 2 76
55 2 76
55 2 76
55 2 76
55 2 76
56 2 89
56 2 89
56 2 89
Total number of ties =63
Number of samples = 30; sum = 1243.5
Number of samples = 30; sum = 586.5
Number of samples = 30; sum = 2265
Corrected T value =71.1763
p-value to accept the null hypothesis that all distribution functions are identical = 3.50148918e-16
