Number of sample populations = 3. Total number of values in the input = 90
2.3517e+06 1 1
2.39145e+06 0 2
2.49106e+06 0 3
2.55432e+06 0 4
2.5765e+06 0 5
2.66015e+06 0 6
4.23261e+06 1 7
4.33190e+06 1 8
4.65987e+06 1 9
4.86725e+06 1 10
4.92087e+06 1 11
6.19646e+06 2 12
6.24344e+06 2 13
6.33114e+06 1 14
6.6358e+06 1 15
6.69383e+06 2 16
6.73133e+06 2 17
6.80814e+06 2 18
6.85303e+06 2 19
6.85762e+06 2 20
6.86962e+06 2 21
6.87833e+06 1 22
6.87983e+06 2 23
6.88382e+06 2 24
6.92719e+06 2 25
7.01806e+06 2 26
7.09124e+06 1 27
7.13996e+06 2 28
7.1463e+06 2 29
7.15161e+06 2 30
7.198e+06 2 31
7.20871e+06 2 32
7.22043e+06 2 33
7.2237e+06 1 34
7.25565e+06 2 35
7.30009e+06 2 36
7.35031e+06 1 37
7.4144e+06 2 38
7.4448e+06 2 39
7.50031e+06 2 40
7.50959e+06 2 41
7.63641e+06 2 42
7.64168e+06 2 43
7.65517e+06 1 44
7.67286e+06 2 45
7.67400e+06 1 46
8.03915e+06 2 47
8.06478e+06 2 48
8.07947e+06 2 49
8.34729e+06 0 50
9.07326e+06 1 51
9.09743e+06 1 52
9.49962e+06 1 53
1.0248e+07 0 54
1.12709e+07 0 55
1.13252e+07 1 56
1.15503e+07 1 57
1.1808e+07 1 58
1.23709e+07 1 59
1.42606e+07 1 60
1.42667e+07 0 61
1.43464e+07 0 62
1.95856e+07 1 63
1.98526e+07 1 64
2.00317e+07 1 65
2.13124e+07 1 66
2.20976e+07 0 67
2.21804e+07 0 68
2.37818e+07 1 69
2.39004e+07 0 70
2.48265e+07 0 71
2.48276e+07 0 72
2.67747e+07 1 73
2.69392e+07 0 74
2.80431e+07 1 75
2.98124e+07 0 76
3.04907e+07 1 77
3.19382e+07 0 78
3.55621e+07 0 79
3.65842e+07 0 80
4.16966e+07 0 81
4.24535e+07 0 82
4.35861e+07 0 83
4.83518e+07 0 84
5.59911e+07 0 85
6.18182e+07 0 86
7.65498e+07 0 87
7.73398e+07 0 88
8.31962e+07 0 89
1.0176e+08 0 90
Total number of ties =0
Number of samples = 30; sum = 1892
Number of samples = 30; sum = 1283
Number of samples = 30; sum = 920
Corrected T value =23.5642
p-value to accept the null hypothesis that all distribution functions are identical = 7.63991147e-06
