4.835182400e+07
4.169659100e+07
8.347287000e+06
3.193817400e+07
4.245352900e+07
2.218037100e+07
1.434644000e+07
2.482762900e+07
2.482652100e+07
7.654981000e+07
2.576497000e+06
1.127086100e+07
2.491061000e+06
8.319616600e+07
2.209758600e+07
1.017602210e+08
2.981242800e+07
2.554324000e+06
5.599107700e+07
4.358607400e+07
7.733976200e+07
3.556212200e+07
1.426667300e+07
3.658423300e+07
2.693915500e+07
2.660148000e+06
1.024800200e+07
6.181819700e+07
2.390038600e+07
2.391448000e+06

7.655173000e+06
1.180795400e+07
2.351703000e+06
6.635803000e+06
4.920869000e+06
6.331142000e+06
6.878328000e+06
4.331905000e+06
2.677474600e+07
2.131236600e+07
9.097431000e+06
4.659869000e+06
1.155025600e+07
1.958560800e+07
7.091237000e+06
7.223703000e+06
9.499625000e+06
1.132524700e+07
9.073257000e+06
1.985265000e+07
2.378179900e+07
7.350307000e+06
2.003170400e+07
1.237092200e+07
7.674005000e+06
3.049068000e+07
4.867251000e+06
2.804307000e+07
1.426057500e+07
4.232609000e+06

7.198001000e+06
6.693828000e+06
6.853028000e+06
7.414396000e+06
7.636407000e+06
8.079467000e+06
7.255652000e+06
6.869625000e+06
6.879833000e+06
7.208713000e+06
8.064776000e+06
7.672862000e+06
7.641684000e+06
7.220434000e+06
7.500311000e+06
6.731332000e+06
6.243438000e+06
6.808142000e+06
7.444801000e+06
7.146297000e+06
6.883820000e+06
7.018059000e+06
6.927190000e+06
7.300092000e+06
7.139959000e+06
6.196461000e+06
8.039154000e+06
6.857620000e+06
7.509591000e+06
7.151610000e+06
