1.381120000e+05
1.401600000e+05
1.370880000e+05
1.579520000e+05
1.388800000e+05
1.381120000e+05
1.399040000e+05
1.465600000e+05
1.457920000e+05
1.461760000e+05
1.408000000e+05
1.465600000e+05
1.454080000e+05
1.329920000e+05
1.431040000e+05
1.413120000e+05
1.391360000e+05
1.521920000e+05
1.416960000e+05
1.662720000e+05
1.420800000e+05
1.381120000e+05
1.418240000e+05
1.598720000e+05
1.414400000e+05
1.524480000e+05
1.475840000e+05
1.487360000e+05
1.689600000e+05
1.388800000e+05

4.000003072e+09
4.000001792e+09
1.113600000e+04
2.000004096e+09
5.999998592e+09
6.000000256e+09
6.999995136e+09
5.999991936e+09
4.999996672e+09
3.000004096e+09
3.000004224e+09
5.000000128e+09
1.369600000e+04
1.331200000e+04
4.000006528e+09
2.000002560e+09
9.088000000e+03
1.000008832e+09
1.000011136e+09
3.999998976e+09
3.000000000e+09
1.190400000e+04
1.000007296e+09
3.999999488e+09
1.000011008e+09
2.000005248e+09
6.999996160e+09
1.000006272e+09
3.999999232e+09
1.000008320e+09
