2.680000000e+02
2.030000000e+02
3.040000000e+02
2.600000000e+02
2.690000000e+02
1.950000000e+02
2.820000000e+02
2.020000000e+02
2.500000000e+02
2.380000000e+02
2.260000000e+02
2.210000000e+02
2.480000000e+02
2.170000000e+02
2.060000000e+02
2.450000000e+02
2.680000000e+02
2.680000000e+02
2.680000000e+02
2.160000000e+02
2.580000000e+02
2.560000000e+02
2.890000000e+02
2.380000000e+02
2.530000000e+02
1.870000000e+02
2.460000000e+02
2.780000000e+02
2.160000000e+02
2.410000000e+02

2.710000000e+02
2.790000000e+02
2.780000000e+02
2.050000000e+02
2.250000000e+02
1.900000000e+02
2.250000000e+02
2.270000000e+02
2.360000000e+02
2.280000000e+02
2.060000000e+02
2.400000000e+02
1.890000000e+02
2.160000000e+02
1.750000000e+02
1.980000000e+02
2.000000000e+02
2.250000000e+02
2.360000000e+02
2.340000000e+02
2.420000000e+02
2.260000000e+02
2.100000000e+02
2.120000000e+02
1.770000000e+02
1.780000000e+02
1.590000000e+02
1.880000000e+02
2.100000000e+02
2.190000000e+02
