1.139800000e+04
1.073800000e+04
9.302000000e+03
1.110400000e+04
1.065100000e+04
1.023600000e+04
1.077100000e+04
1.052300000e+04
1.056200000e+04
1.062700000e+04
1.058400000e+04
1.019700000e+04
1.029300000e+04
1.017700000e+04
1.067600000e+04
1.066900000e+04
1.065600000e+04
1.045700000e+04
1.009100000e+04
9.086000000e+03
1.046500000e+04
1.160900000e+04
9.752000000e+03
1.083600000e+04
9.570000000e+03
1.118300000e+04
1.040300000e+04
1.022500000e+04
1.023800000e+04
9.787000000e+03

2.054200000e+04
1.617900000e+04
1.687700000e+04
2.265400000e+04
1.587600000e+04
4.996591000e+06
1.521100000e+04
1.621300000e+04
1.486100000e+04
1.470400000e+04
1.853800000e+04
1.601400000e+04
1.774800000e+04
2.168500000e+04
1.574000000e+04
1.394700000e+04
1.553900000e+04
1.688500000e+04
1.568600000e+04
1.574800000e+04
1.016961000e+06
1.494800000e+04
1.906700000e+04
1.946900000e+04
1.870800000e+04
1.615900000e+04
1.838000000e+04
1.606000000e+04
2.002700000e+04
1.010839000e+06
