7.705708063e-07
7.976860287e-07
7.646860217e-07
7.965077065e-07
8.341999243e-07
7.631847458e-07
7.834523104e-07
7.901168945e-07
7.648861812e-07
7.848881971e-07
7.661864993e-07
7.887382532e-07
7.200710564e-07
8.530425002e-07
8.100638606e-07
7.389252890e-07
8.504044989e-07
7.865513492e-07
8.009711352e-07
7.455183363e-07
7.701646590e-07
7.846213311e-07
7.725301656e-07
8.364612793e-07
7.358119189e-07
7.798992600e-07
7.885521855e-07
7.284783534e-07
8.780198006e-07
7.546070298e-07

1.474403516e-06
1.391865993e-06
1.310533021e-06
1.349433661e-06
1.367356956e-06
1.376011877e-06
1.387609590e-06
1.726999071e-06
1.503371790e-06
1.344123646e-06
1.237750818e-06
1.478822473e-06
1.400037802e-06
1.356412695e-06
1.406186298e-06
1.476467585e-06
1.356483434e-06
1.580546284e-06
1.608504859e-06
1.415493914e-06
1.321196164e-06
1.453133916e-06
1.507900169e-06
1.428855497e-06
1.404641829e-06
1.372839825e-06
1.414180342e-06
1.393929225e-06
1.309356096e-06
1.362245344e-06
