1.657894550e-07
6.986874051e-07
9.452589350e-07
7.945477084e-07
2.667905516e-07
7.192979633e-07
5.082580147e-07
2.985107993e-07
2.685138632e-07
2.964485259e-07
1.322473847e-06
7.571487438e-07
5.497183325e-07
6.514472927e-07
2.975302414e-07
6.811764446e-07
1.923578116e-07
2.722866339e-07
3.311881319e-07
7.210131313e-07
2.617533510e-07
5.484131841e-07
7.898749786e-07
3.026243680e-07
8.621212936e-08
6.882773556e-07
1.254860621e-07
1.689699708e-07
4.008928925e-07
1.889672362e-07

5.226900162e-07
2.090955993e-07
2.844555638e-07
3.735744368e-07
9.299195491e-07
9.944157720e-08
5.940026795e-07
3.830666828e-07
2.736117024e-08
5.990230736e-07
9.350757116e-08
1.013220544e-07
4.510131618e-07
1.976235549e-07
3.819048077e-07
3.070208507e-07
5.971726164e-07
2.631850063e-07
1.298822254e-07
2.945432983e-07
2.419459457e-07
2.476708102e-07
6.293477938e-07
5.612667840e-07
9.938708624e-08
3.809312358e-07
3.898363367e-08
5.951814407e-07
2.500765164e-07
1.304851390e-07

2.879282151e-07
2.761409215e-07
2.721302668e-07
4.396168059e-07
2.835568422e-07
2.843223105e-07
2.720915443e-07
4.125844976e-07
2.858040256e-07
2.834282595e-07
2.946950746e-07
2.864151627e-07
2.668583759e-07
2.748239168e-07
4.336488677e-07
2.833920919e-07
2.754546946e-07
2.719528618e-07
3.782989031e-07
2.692531040e-07
2.917272532e-07
2.945668511e-07
2.732742177e-07
2.871306111e-07
4.287356990e-07
2.799801991e-07
2.879779955e-07
3.293881736e-07
2.792442317e-07
3.013794591e-07
