5.464236971e-06
5.185996451e-06
4.833132333e-06
5.811969517e-06
5.206371840e-06
5.630120917e-06
4.795036961e-06
4.881289370e-06
5.327210042e-06
5.265364355e-06
5.575868875e-06
6.160879029e-06
5.626256410e-06
5.174905524e-06
5.637755879e-06
4.667026191e-06
5.765223097e-06
5.916914442e-06
5.218942965e-06
5.372926643e-06
5.274705304e-06
6.352341871e-06
4.874733568e-06
4.777830991e-06
5.359497914e-06
5.393613249e-06
6.244481819e-06
5.326735272e-06
4.931077823e-06
4.363456794e-06

3.669607508e-06
3.789384314e-06
3.704018851e-06
3.714358002e-06
3.449802498e-06
3.870150222e-06
3.662623403e-06
3.601816997e-06
3.593761795e-06
3.748083717e-06
3.632597924e-06
3.646595156e-06
3.726400465e-06
3.740328994e-06
3.649022579e-06
3.626601204e-06
3.795281873e-06
3.661101529e-06
3.697432869e-06
3.720338036e-06
3.634360078e-06
3.837147101e-06
3.706769347e-06
3.644593242e-06
3.799654045e-06
3.576981413e-06
3.470573815e-06
3.704956774e-06
3.645237712e-06
3.679844384e-06
