1.948586594e-06
1.762145463e-06
2.079606383e-06
1.685163784e-06
1.804872487e-06
2.027612623e-06
1.887604340e-06
2.123150092e-06
1.629132463e-06
1.708341326e-06
2.040929456e-06
1.588472503e-06
2.030269227e-06
1.795175690e-06
1.991073378e-06
1.721520075e-06
1.767787653e-06
1.699928599e-06
1.877683432e-06
1.662218777e-06
1.840644786e-06
1.877157644e-06
2.035942954e-06
1.747882204e-06
1.990764875e-06
1.458898421e-06
2.133052118e-06
1.696856227e-06
1.762035284e-06
1.648957832e-06

2.109754098e-06
2.530452360e-06
2.135914870e-06
2.372135512e-06
2.059044927e-06
2.462993345e-06
2.379628718e-06
2.309481124e-06
2.350186752e-06
2.299566084e-06
2.325148254e-06
1.996622674e-06
2.091732479e-06
2.082057080e-06
2.801020912e-06
1.987682523e-06
2.599749456e-06
2.079520595e-06
2.034999602e-06
2.224856258e-06
2.051188887e-06
2.316490059e-06
2.194952336e-06
2.052053237e-06
2.203572687e-06
2.088649408e-06
2.179621174e-06
2.026157854e-06
2.430846591e-06
2.168204139e-06
