1.932500000e+05
1.983210000e+05
1.930050000e+05
2.140420000e+05
2.068360000e+05
2.398300000e+05
2.183040000e+05
2.198260000e+05
1.983290000e+05
1.745120000e+05
1.944800000e+05
1.901890000e+05
2.235010000e+05
2.138130000e+05
1.840280000e+05
2.113000000e+05
2.053330000e+05
2.232510000e+05
1.812250000e+05
2.517790000e+05
2.178420000e+05
2.376970000e+05
2.222330000e+05
1.940530000e+05
1.799990000e+05
1.860120000e+05
2.035240000e+05
2.010850000e+05
1.907180000e+05
2.241140000e+05

2.104910000e+05
1.195097000e+06
2.060200000e+05
2.131910000e+05
1.953920000e+05
2.126950000e+05
2.076460000e+05
1.986110000e+05
2.060730000e+05
2.159850000e+05
2.009730000e+05
2.079540000e+05
2.037680000e+05
2.141460000e+05
2.134390000e+05
2.079080000e+05
2.134190000e+05
2.102260000e+05
2.050870000e+05
2.100770000e+05
2.072020000e+05
1.199685000e+06
2.032570000e+05
2.060860000e+05
2.066030000e+05
2.105590000e+05
1.978110000e+05
2.070670000e+05
2.091170000e+05
2.146530000e+05
