1.470000000e+02
1.400000000e+02
1.500000000e+02
1.630000000e+02
1.540000000e+02
1.740000000e+02
1.770000000e+02
1.440000000e+02
1.360000000e+02
1.510000000e+02
1.420000000e+02
1.790000000e+02
1.310000000e+02
1.770000000e+02
1.680000000e+02
1.380000000e+02
1.600000000e+02
1.380000000e+02
1.400000000e+02
1.550000000e+02
1.560000000e+02
1.070000000e+02
1.230000000e+02
1.600000000e+02
1.340000000e+02
1.340000000e+02
1.340000000e+02
1.800000000e+02
1.360000000e+02
1.320000000e+02

1.240000000e+02
1.110000000e+02
1.180000000e+02
1.220000000e+02
1.470000000e+02
9.700000000e+01
1.370000000e+02
1.180000000e+02
1.210000000e+02
1.010000000e+02
1.390000000e+02
1.190000000e+02
1.470000000e+02
1.260000000e+02
1.230000000e+02
1.060000000e+02
9.300000000e+01
1.280000000e+02
1.300000000e+02
1.020000000e+02
1.100000000e+02
1.250000000e+02
1.200000000e+02
1.360000000e+02
1.100000000e+02
1.360000000e+02
1.280000000e+02
1.370000000e+02
1.200000000e+02
9.900000000e+01
