1.466690438e-04
1.420132143e-04
1.395223940e-04
1.406557183e-04
1.444643843e-04
1.473904025e-04
1.409036349e-04
1.399758779e-04
1.407108149e-04
1.475913491e-04
1.453288540e-04
1.450007860e-04
1.413988397e-04
1.381255861e-04
1.440614860e-04
1.476870267e-04
1.406176318e-04
1.418689649e-04
1.372809177e-04
1.470465160e-04
1.437273615e-04
1.410447551e-04
1.443487217e-04
1.461129537e-04
1.402250108e-04
1.400962640e-04
1.410191307e-04
1.409016112e-04
1.371873792e-04
1.440025413e-04

1.159332127e-04
1.067738811e-04
1.096936838e-04
1.109946288e-04
1.069739177e-04
1.084614339e-04
1.103456590e-04
1.093530491e-04
1.075047280e-04
1.082332098e-04
1.067952526e-04
1.186089825e-04
1.060747977e-04
1.151777361e-04
1.135296072e-04
1.108250235e-04
1.151465732e-04
1.121907569e-04
1.099793968e-04
1.163857672e-04
1.065887780e-04
1.118532211e-04
1.093455227e-04
1.070481103e-04
1.087712084e-04
1.106817640e-04
1.083486221e-04
1.102522427e-04
1.078573750e-04
1.131656016e-04
