1.582695383e-05
1.762657423e-05
1.607884811e-05
1.483347235e-05
1.531713590e-05
1.495017208e-05
1.761612378e-05
1.972555604e-05
1.461228267e-05
1.558040705e-05
1.648530427e-05
1.440978491e-05
1.324171570e-05
1.511683686e-05
1.838719878e-05
1.759397115e-05
1.608633813e-05
1.887491598e-05
1.766762281e-05
1.608669824e-05
1.536598775e-05
1.941800924e-05
1.749270989e-05
1.393154303e-05
1.665936713e-05
1.547040712e-05
1.443631734e-05
1.614064442e-05
1.482778238e-05
1.502410561e-05

3.274843991e-05
4.271032887e-05
3.811774116e-05
3.438229899e-05
3.522736377e-05
3.682615216e-05
3.856338854e-05
3.360994751e-05
4.412083097e-05
4.723888342e-05
3.357569736e-05
3.731420408e-05
3.878924700e-05
3.397947301e-05
4.033773858e-05
3.982312265e-05
3.627395842e-05
4.181467136e-05
4.100170183e-05
3.760194288e-05
4.434421789e-05
4.424669100e-05
3.558728673e-05
3.918060385e-05
3.892112890e-05
3.225923672e-05
3.952699153e-05
4.053758258e-05
3.602581855e-05
4.256320291e-05
