1.280000000e+02
0.000000000e+00
0.000000000e+00
-1.280000000e+02
0.000000000e+00
0.000000000e+00
2.560000000e+02
0.000000000e+00
1.280000000e+02
1.280000000e+02
0.000000000e+00
0.000000000e+00
-1.280000000e+02
-1.280000000e+02
-1.280000000e+02
0.000000000e+00
-1.280000000e+02
-1.280000000e+02
-1.280000000e+02
-1.280000000e+02
-1.280000000e+02
1.280000000e+02
-1.280000000e+02
-2.560000000e+02
0.000000000e+00
0.000000000e+00
0.000000000e+00
1.280000000e+02
-1.280000000e+02
0.000000000e+00

2.176000000e+03
2.176000000e+03
2.176000000e+03
2.176000000e+03
2.176000000e+03
2.176000000e+03
2.176000000e+03
2.176000000e+03
2.176000000e+03
2.176000000e+03
2.176000000e+03
2.176000000e+03
2.176000000e+03
2.176000000e+03
2.176000000e+03
2.176000000e+03
2.176000000e+03
2.176000000e+03
2.176000000e+03
2.176000000e+03
2.176000000e+03
2.176000000e+03
2.176000000e+03
2.176000000e+03
2.176000000e+03
2.176000000e+03
2.176000000e+03
2.176000000e+03
2.176000000e+03
2.176000000e+03
