8.301100000e+04
8.258400000e+04
8.481900000e+04
9.193400000e+04
8.219000000e+04
7.906400000e+04
8.896300000e+04
8.054600000e+04
8.718300000e+04
8.530400000e+04
8.389600000e+04
8.924100000e+04
8.085300000e+04
8.423000000e+04
7.853900000e+04
8.181900000e+04
8.008700000e+04
8.052700000e+04
8.253200000e+04
8.006000000e+04
8.815300000e+04
8.614800000e+04
8.234200000e+04
8.122200000e+04
7.882200000e+04
8.845200000e+04
7.955800000e+04
7.687600000e+04
8.854200000e+04
8.080700000e+04

6.179400000e+04
6.210700000e+04
6.194100000e+04
5.796900000e+04
6.539000000e+04
5.970700000e+04
6.432000000e+04
6.313400000e+04
5.670700000e+04
6.018600000e+04
6.902400000e+04
6.413600000e+04
6.090000000e+04
5.958500000e+04
6.256100000e+04
6.070500000e+04
6.288300000e+04
6.110400000e+04
6.156200000e+04
5.905300000e+04
6.101600000e+04
6.220200000e+04
6.139200000e+04
6.314900000e+04
5.897100000e+04
5.965900000e+04
6.037100000e+04
5.980800000e+04
6.657500000e+04
6.194400000e+04
