3.760000000e+03
4.297000000e+03
4.019000000e+03
3.507000000e+03
4.624000000e+03
3.501000000e+03
4.662000000e+03
4.194000000e+03
4.434000000e+03
3.740000000e+03
4.018000000e+03
3.878000000e+03
3.993000000e+03
3.972000000e+03
4.267000000e+03
4.168000000e+03
3.812000000e+03
4.314000000e+03
3.853000000e+03
4.242000000e+03
3.776000000e+03
3.996000000e+03
3.723000000e+03
4.621000000e+03
4.564000000e+03
3.987000000e+03
4.338000000e+03
4.226000000e+03
4.403000000e+03
4.345000000e+03

1.073700000e+04
1.027900000e+04
4.993551000e+06
1.060200000e+04
1.090000000e+04
9.447000000e+03
7.180000000e+03
7.846000000e+03
9.438000000e+03
7.417000000e+03
7.501000000e+03
1.070500000e+04
5.983000000e+03
7.564000000e+03
8.475000000e+03
2.994384000e+06
7.961000000e+03
1.305300000e+04
3.996379000e+06
7.900000000e+03
1.296200000e+04
8.616000000e+03
6.795000000e+03
6.237000000e+03
8.498000000e+03
8.111000000e+03
1.000300000e+04
1.150800000e+04
6.558000000e+03
9.369000000e+03
