7.577224000e+06
1.173000500e+07
2.273754000e+06
6.557854000e+06
4.842920000e+06
6.253193000e+06
6.800379000e+06
4.253956000e+06
2.669679700e+07
2.123441700e+07
9.019482000e+06
4.581920000e+06
1.147230700e+07
1.950765900e+07
7.013288000e+06
7.145754000e+06
9.421676000e+06
1.124729800e+07
8.995308000e+06
1.977470100e+07
2.370385000e+07
7.272358000e+06
1.995375500e+07
1.229297300e+07
7.596056000e+06
3.041273100e+07
4.789302000e+06
2.796512100e+07
1.418262600e+07
4.154660000e+06

7.087601200e+07
5.731160900e+07
7.315842300e+07
5.849012900e+07
5.247872000e+07
7.218795100e+07
5.407318500e+07
7.157545000e+07
7.189733700e+07
5.215531400e+07
8.345611600e+07
7.110556900e+07
1.345523110e+08
4.488872300e+07
6.507515100e+07
1.541857500e+07
1.699124300e+07
8.556827100e+07
5.404945000e+07
1.457547200e+07
7.104866900e+07
1.311713470e+08
7.366737500e+07
7.492478800e+07
1.337095430e+08
5.480126300e+07
1.458759100e+07
1.184026060e+08
7.071653400e+07
4.007077600e+07
