3.797760000e+05
4.660480000e+05
4.231680000e+05
4.697600000e+05
4.495360000e+05
4.419840000e+05
4.194560000e+05
4.174080000e+05
3.802880000e+05
4.130560000e+05
3.677440000e+05
3.761920000e+05
3.567360000e+05
3.706880000e+05
4.048640000e+05
5.054720000e+05
4.215040000e+05
3.822080000e+05
3.850240000e+05
4.236800000e+05
4.248320000e+05
4.204800000e+05
4.396800000e+05
4.625920000e+05
3.969280000e+05
4.551680000e+05
4.335360000e+05
3.813120000e+05
4.076800000e+05
4.111360000e+05

4.017280000e+06
4.715648000e+06
4.156800000e+06
4.492672000e+06
3.722112000e+06
4.861440000e+06
4.475776000e+06
3.549824000e+06
4.363008000e+06
4.490880000e+06
5.396864000e+06
4.494336000e+06
5.425024000e+06
4.112384000e+06
5.165184000e+06
4.389632000e+06
4.325888000e+06
4.132352000e+06
3.945728000e+06
4.947072000e+06
4.197760000e+06
7.292672000e+06
4.546304000e+06
4.734336000e+06
4.645376000e+06
5.151104000e+06
4.721920000e+06
4.128384000e+06
4.959360000e+06
4.209408000e+06
