4.007680000e+05
4.600320000e+05
4.633600000e+05
4.618240000e+05
3.997440000e+05
4.394240000e+05
3.964160000e+05
3.719680000e+05
4.190720000e+05
3.192320000e+05
4.431360000e+05
4.218880000e+05
3.578880000e+05
4.308480000e+05
4.167680000e+05
4.130560000e+05
4.515840000e+05
3.765760000e+05
4.849920000e+05
4.643840000e+05
3.974400000e+05
4.199680000e+05
3.713280000e+05
4.711680000e+05
4.364800000e+05
3.968000000e+05
4.884480000e+05
4.253440000e+05
4.264960000e+05
3.924480000e+05

8.226176000e+06
7.474816000e+06
6.432896000e+06
7.148800000e+06
6.138368000e+06
7.112320000e+06
6.884864000e+06
5.540224000e+06
6.041088000e+06
5.983488000e+06
6.094464000e+06
6.560128000e+06
6.131584000e+06
7.304576000e+06
6.100736000e+06
6.884480000e+06
4.744064000e+06
5.943168000e+06
6.289792000e+06
8.300032000e+06
6.786688000e+06
6.928128000e+06
6.409856000e+06
6.270720000e+06
5.307008000e+06
6.901760000e+06
7.245184000e+06
6.941440000e+06
6.322048000e+06
7.481216000e+06
