3.690000000e+02
4.220000000e+02
4.440000000e+02
4.850000000e+02
4.000000000e+02
4.540000000e+02
3.890000000e+02
4.470000000e+02
4.170000000e+02
4.170000000e+02
4.390000000e+02
4.260000000e+02
4.120000000e+02
4.300000000e+02
3.840000000e+02
4.290000000e+02
4.670000000e+02
4.580000000e+02
3.720000000e+02
4.180000000e+02
4.140000000e+02
5.060000000e+02
4.290000000e+02
3.880000000e+02
3.500000000e+02
4.800000000e+02
3.470000000e+02
4.830000000e+02
4.010000000e+02
4.560000000e+02

5.630000000e+02
4.860000000e+02
4.690000000e+02
6.080000000e+02
4.970000000e+02
4.560000000e+02
4.920000000e+02
4.670000000e+02
5.900000000e+02
5.870000000e+02
5.340000000e+02
6.260000000e+02
4.740000000e+02
5.000000000e+02
5.240000000e+02
4.950000000e+02
4.890000000e+02
4.670000000e+02
5.940000000e+02
4.910000000e+02
4.950000000e+02
5.860000000e+02
5.420000000e+02
5.240000000e+02
6.300000000e+02
5.830000000e+02
5.240000000e+02
4.100000000e+02
4.740000000e+02
4.300000000e+02
