


6.100000000e+01
4.600000000e+01
4.300000000e+01
3.800000000e+01
5.000000000e+01
4.400000000e+01
5.700000000e+01
5.000000000e+01
5.400000000e+01
4.700000000e+01
6.100000000e+01
7.900000000e+01
4.700000000e+01
6.100000000e+01
5.400000000e+01
7.700000000e+01
6.600000000e+01
4.700000000e+01
7.000000000e+01
5.700000000e+01
5.800000000e+01
4.500000000e+01
5.600000000e+01
8.800000000e+01
3.500000000e+01
6.700000000e+01
7.300000000e+01
6.300000000e+01
4.300000000e+01
4.600000000e+01

1.190000000e+02
1.220000000e+02
1.250000000e+02
1.260000000e+02
1.240000000e+02
1.230000000e+02
1.180000000e+02
1.240000000e+02
1.270000000e+02
1.230000000e+02
1.240000000e+02
1.260000000e+02
1.260000000e+02
1.250000000e+02
1.190000000e+02
1.230000000e+02
1.280000000e+02
1.140000000e+02
1.280000000e+02
1.230000000e+02
1.220000000e+02
1.260000000e+02
1.260000000e+02
1.300000000e+02
1.220000000e+02
1.220000000e+02
1.300000000e+02
1.290000000e+02
1.200000000e+02
1.170000000e+02
