2.160640000e+05
1.521920000e+05
1.939200000e+05
2.560000000e+05
2.000640000e+05
2.302720000e+05
3.514880000e+05
2.187520000e+05
2.076160000e+05
2.513920000e+05
2.068480000e+05
3.129600000e+05
2.816000000e+05
1.748480000e+05
3.895040000e+05
2.522880000e+05
3.233280000e+05
3.208960000e+05
2.897920000e+05
1.873920000e+05
2.316800000e+05
3.636480000e+05
2.663680000e+05
2.801920000e+05
2.095360000e+05
1.722880000e+05
2.689280000e+05
3.088640000e+05
3.577600000e+05
2.149120000e+05

4.026880000e+06
4.725248000e+06
4.166400000e+06
4.502272000e+06
3.731712000e+06
4.871040000e+06
4.485376000e+06
3.559424000e+06
4.372608000e+06
4.500480000e+06
5.406464000e+06
4.503936000e+06
5.434624000e+06
4.121984000e+06
5.174784000e+06
4.399232000e+06
4.335488000e+06
4.141952000e+06
3.955328000e+06
4.956672000e+06
4.207360000e+06
7.302272000e+06
4.555904000e+06
4.743936000e+06
4.654976000e+06
5.160704000e+06
4.731520000e+06
4.137984000e+06
4.968960000e+06
4.219008000e+06
