2.478848000e+06
3.253888000e+06
2.745472000e+06
3.284352000e+06
1.946496000e+06
2.562432000e+06
2.427904000e+06
2.945536000e+06
2.251264000e+06
2.411776000e+06
2.797824000e+06
2.599808000e+06
2.470912000e+06
2.729728000e+06
2.673792000e+06
3.026048000e+06
2.592768000e+06
2.591744000e+06
2.869120000e+06
2.393728000e+06
2.303488000e+06
1.983488000e+06
3.011840000e+06
2.403200000e+06
2.563328000e+06
2.427264000e+06
3.089920000e+06
2.447616000e+06
2.187264000e+06
2.265088000e+06

3.732480000e+06
4.430848000e+06
3.872000000e+06
4.207872000e+06
3.437312000e+06
4.576640000e+06
4.190976000e+06
3.265024000e+06
4.078208000e+06
4.206080000e+06
5.112064000e+06
4.209536000e+06
5.140224000e+06
3.827584000e+06
4.880384000e+06
4.104832000e+06
4.041088000e+06
3.847552000e+06
3.660928000e+06
4.662272000e+06
3.912960000e+06
7.007872000e+06
4.261504000e+06
4.449536000e+06
4.360576000e+06
4.866304000e+06
4.437120000e+06
3.843584000e+06
4.674560000e+06
3.924608000e+06
