2.471680000e+05
2.452480000e+05
2.542080000e+05
2.462720000e+05
2.517760000e+05
2.703360000e+05
2.466560000e+05
2.603520000e+05
2.524160000e+05
2.446080000e+05
2.528000000e+05
2.841600000e+05
2.643200000e+05
2.552320000e+05
2.425600000e+05
2.534400000e+05
2.492160000e+05
2.411520000e+05
2.581760000e+05
2.341120000e+05
2.429440000e+05
2.762240000e+05
2.705920000e+05
2.531840000e+05
2.506240000e+05
2.360320000e+05
2.435840000e+05
2.439680000e+05
2.403840000e+05
2.373120000e+05

2.000031616e+09
8.000011008e+09
1.199998016e+10
1.499995366e+10
3.000025984e+09
4.000029824e+09
8.000001024e+09
5.000015744e+09
2.000038656e+09
2.000035072e+09
7.000006528e+09
4.000015232e+09
7.999998336e+09
1.099998131e+10
5.000012032e+09
7.000008192e+09
2.000026880e+09
7.000002432e+09
3.000018176e+09
5.000015232e+09
7.999998208e+09
4.000019200e+09
3.000028288e+09
1.199997491e+10
8.000001152e+09
6.000009216e+09
2.000022528e+09
4.000020096e+09
1.099998080e+10
4.000021248e+09
