2.930000000e+02
3.030000000e+02
2.570000000e+02
3.260000000e+02
4.210000000e+02
3.050000000e+02
2.470000000e+02
2.520000000e+02
2.960000000e+02
1.840000000e+02
3.740000000e+02
2.400000000e+02
2.970000000e+02
3.510000000e+02
3.920000000e+02
2.290000000e+02
2.720000000e+02
3.660000000e+02
3.600000000e+02
3.360000000e+02
3.760000000e+02
2.800000000e+02
2.720000000e+02
3.280000000e+02
3.200000000e+02
2.970000000e+02
3.180000000e+02
3.240000000e+02
1.980000000e+02
1.790000000e+02

8.600000000e+02
9.180000000e+02
9.110000000e+02
6.310000000e+02
9.020000000e+02
8.040000000e+02
1.258000000e+03
7.870000000e+02
8.570000000e+02
8.390000000e+02
7.510000000e+02
1.131000000e+03
8.090000000e+02
9.960000000e+02
8.280000000e+02
8.500000000e+02
6.120000000e+02
5.180000000e+02
1.286000000e+03
1.409000000e+03
7.680000000e+02
8.750000000e+02
1.346000000e+03
9.770000000e+02
9.910000000e+02
1.284000000e+03
1.155000000e+03
1.188000000e+03
8.930000000e+02
9.060000000e+02
