4.249600000e+04
5.158400000e+04
5.824000000e+04
5.939200000e+04
5.670400000e+04
4.531200000e+04
5.017600000e+04
5.043200000e+04
5.696000000e+04
4.633600000e+04
5.632000000e+04
5.734400000e+04
5.619200000e+04
5.900800000e+04
5.107200000e+04
4.953600000e+04
5.043200000e+04
6.182400000e+04
5.235200000e+04
5.747200000e+04
5.593600000e+04
5.875200000e+04
4.633600000e+04
5.772800000e+04
5.337600000e+04
5.683200000e+04
5.043200000e+04
5.299200000e+04
5.363200000e+04
5.260800000e+04

4.377600000e+04
5.452800000e+04
3.609600000e+04
5.081600000e+04
4.544000000e+04
3.750400000e+04
3.686400000e+04
3.980800000e+04
3.648000000e+04
3.776000000e+04
3.955200000e+04
3.763200000e+04
3.353600000e+04
5.145600000e+04
4.288000000e+04
3.481600000e+04
4.428800000e+04
3.648000000e+04
2.867200000e+04
3.417600000e+04
3.660800000e+04
4.467200000e+04
3.456000000e+04
4.313600000e+04
3.212800000e+04
3.328000000e+04
3.763200000e+04
4.736000000e+04
4.032000000e+04
3.468800000e+04
