7.567497423e-07
7.177055897e-07
5.882457191e-07
6.924395870e-07
6.983934733e-07
6.790951692e-07
6.907734010e-07
7.504978523e-07
7.867708300e-07
7.132497059e-07
6.973858495e-07
7.301276930e-07
7.287233032e-07
7.144917406e-07
7.054308315e-07
7.351380673e-07
7.746118002e-07
7.017421725e-07
7.046142255e-07
6.587064870e-07
7.406907563e-07
6.643199345e-07
7.448900335e-07
6.580110785e-07
7.554159711e-07
7.195948093e-07
6.578697214e-07
7.151923387e-07
8.011652268e-07
9.202845089e-07

7.411679614e-07
7.053910711e-07
7.476478352e-07
6.957788252e-07
7.269182352e-07
7.106890697e-07
7.398860865e-07
6.510941992e-07
7.254367596e-07
7.891793306e-07
7.528325805e-07
7.930303048e-07
7.226310538e-07
7.363266090e-07
7.221326112e-07
8.013916537e-07
6.923356350e-07
7.045988962e-07
6.779929348e-07
7.229120915e-07
8.403601177e-07
7.340561122e-07
7.278736035e-07
7.872099513e-07
7.110423229e-07
7.051452430e-07
7.163095432e-07
6.441661822e-07
7.271757998e-07
7.311467339e-07
