9.751605817e-07
9.581638722e-07
8.958145932e-07
9.567738536e-07
9.330546757e-07
9.302528023e-07
9.443430876e-07
8.894270148e-07
9.001916347e-07
8.631545859e-07
1.005310891e-06
9.045420096e-07
9.806433707e-07
8.658965792e-07
9.224116524e-07
9.308283306e-07
9.744870495e-07
9.303494489e-07
9.786218158e-07
9.887220851e-07
8.882001098e-07
9.523591275e-07
1.030823161e-06
9.499840001e-07
1.006573445e-06
9.025058041e-07
1.000647183e-06
9.825301951e-07
8.911300071e-07
8.907760354e-07

1.399511734e-06
1.411826333e-06
1.425098455e-06
1.398433931e-06
1.502706521e-06
1.446812964e-06
1.344687597e-06
1.370597991e-06
1.481094447e-06
1.390946513e-06
1.458333671e-06
1.446887974e-06
1.423445802e-06
1.352105554e-06
1.476553533e-06
1.357082835e-06
1.368835717e-06
1.446360390e-06
1.323669854e-06
1.406819352e-06
1.330245456e-06
1.424787158e-06
1.453840183e-06
1.479537922e-06
1.409460427e-06
1.389589509e-06
1.484234803e-06
1.409556435e-06
1.492106572e-06
1.420788998e-06
