3.968000000e+03
6.016000000e+03
8.064000000e+03
5.760000000e+03
5.248000000e+03
6.528000000e+03
5.504000000e+03
8.448000000e+03
5.504000000e+03
5.120000000e+03
6.528000000e+03
6.016000000e+03
7.168000000e+03
5.376000000e+03
6.912000000e+03
5.888000000e+03
8.320000000e+03
8.320000000e+03
6.272000000e+03
9.856000000e+03
6.528000000e+03
6.656000000e+03
7.808000000e+03
7.168000000e+03
6.400000000e+03
5.248000000e+03
6.656000000e+03
6.144000000e+03
4.608000000e+03
7.936000000e+03

5.926400000e+04
5.619200000e+04
5.248000000e+04
4.902400000e+04
5.414400000e+04
5.068800000e+04
5.363200000e+04
5.811200000e+04
5.388800000e+04
4.684800000e+04
5.452800000e+04
5.440000000e+04
5.504000000e+04
5.542400000e+04
5.619200000e+04
5.990400000e+04
5.414400000e+04
5.632000000e+04
5.043200000e+04
5.401600000e+04
5.491200000e+04
4.646400000e+04
5.606400000e+04
5.593600000e+04
5.465600000e+04
5.401600000e+04
5.798400000e+04
5.427200000e+04
5.427200000e+04
5.516800000e+04
