1.980000000e+02
2.120000000e+02
1.880000000e+02
2.420000000e+02
2.150000000e+02
2.420000000e+02
2.270000000e+02
2.220000000e+02
2.560000000e+02
2.450000000e+02
2.210000000e+02
2.020000000e+02
2.400000000e+02
2.680000000e+02
2.320000000e+02
2.210000000e+02
2.500000000e+02
2.180000000e+02
2.110000000e+02
2.050000000e+02
2.030000000e+02
2.250000000e+02
2.440000000e+02
2.440000000e+02
2.590000000e+02
2.370000000e+02
2.290000000e+02
2.840000000e+02
2.510000000e+02
2.190000000e+02

2.740000000e+02
2.740000000e+02
3.980000000e+02
2.780000000e+02
3.300000000e+02
2.690000000e+02
2.520000000e+02
2.650000000e+02
2.700000000e+02
2.900000000e+02
2.690000000e+02
2.620000000e+02
2.850000000e+02
2.590000000e+02
2.690000000e+02
3.190000000e+02
3.050000000e+02
2.630000000e+02
2.850000000e+02
2.720000000e+02
2.600000000e+02
2.730000000e+02
2.690000000e+02
2.580000000e+02
2.620000000e+02
2.700000000e+02
2.490000000e+02
2.380000000e+02
2.460000000e+02
2.890000000e+02
