Number of sample populations = 3. Total number of values in the input = 90
1.02844e-06 1 1
1.0338e-06 0 2
1.05602e-06 0 3
1.08236e-06 0 4
1.09046e-06 0 5
1.11489e-06 0 6
1.13057e-06 0 7
1.13102e-06 0 8
1.13191e-06 0 9
1.13864e-06 0 10
1.14902e-06 1 11
1.15286e-06 0 12
1.15626e-06 1 13
1.15984e-06 0 14
1.16112e-06 0 15
1.16329e-06 2 16
1.16994e-06 0 17
1.17414e-06 1 18
1.17841e-06 2 19
1.17859e-06 0 20
1.18073e-06 0 21
1.18083e-06 0 22
1.19286e-06 0 23
1.19707e-06 0 24
1.19819e-06 2 25
1.20478e-06 0 26
1.22097e-06 0 27
1.22848e-06 1 28
1.23094e-06 1 29
1.23348e-06 0 30
1.234e-06 0 31
1.23603e-06 2 32
1.24002e-06 1 33
1.24709e-06 2 34
1.25001e-06 0 35
1.25458e-06 1 36
1.257e-06 2 37
1.25919e-06 2 38
1.26047e-06 0 39
1.26245e-06 0 40
1.2643e-06 2 41
1.26545e-06 0 42
1.26897e-06 1 43
1.27816e-06 2 44
1.2933e-06 1 45
1.295e-06 2 46
1.29637e-06 2 47
1.29745e-06 1 48
1.30396e-06 2 49
1.30987e-06 0 50
1.31113e-06 0 51
1.33213e-06 2 52
1.33617e-06 1 53
1.33701e-06 1 54
1.33757e-06 0 55
1.35707e-06 1 56
1.36292e-06 1 57
1.36384e-06 2 58
1.36436e-06 2 59
1.36551e-06 1 60
1.38278e-06 1 61
1.39275e-06 2 62
1.39762e-06 1 63
1.43e-06 1 64
1.44065e-06 1 65
1.44411e-06 1 66
1.44932e-06 1 67
1.45656e-06 0 68
1.45984e-06 2 69
1.46584e-06 2 70
1.46645e-06 2 71
1.46648e-06 2 72
1.46893e-06 2 73
1.47448e-06 2 74
1.47751e-06 1 75
1.47858e-06 1 76
1.48161e-06 2 77
1.48187e-06 2 78
1.49856e-06 1 79
1.50113e-06 2 80
1.52086e-06 2 81
1.5367e-06 1 82
1.54041e-06 2 83
1.56538e-06 2 84
1.5909e-06 2 85
1.66432e-06 1 86
1.72366e-06 1 87
1.7308e-06 1 88
1.73871e-06 2 89
1.81688e-06 1 90
Total number of ties =0
Number of samples = 30; sum = 716
Number of samples = 30; sum = 1634
Number of samples = 30; sum = 1745
Corrected T value =31.1581
p-value to accept the null hypothesis that all distribution functions are identical = 1.71437406e-07
