1.945415220e-07
2.463200331e-07
2.234375810e-07
2.302556580e-07
2.092879743e-07
2.250270804e-07
1.848035278e-07
2.020289397e-07
1.712213058e-07
2.215396587e-07
2.156738761e-07
2.032988386e-07
2.130246173e-07
2.311270343e-07
2.373774872e-07
2.024451069e-07
2.370571282e-07
2.048806334e-07
2.320499875e-07
2.023070632e-07
1.897942214e-07
2.187466475e-07
2.012878626e-07
2.205580230e-07
2.096393512e-07
2.064009114e-07
2.459823089e-07
1.891471562e-07
2.355858722e-07
2.109060166e-07

1.554898246e-07
8.319281102e-08
1.197700599e-07
1.225680611e-07
1.450466414e-07
9.643802731e-08
9.615211942e-08
1.042168219e-07
1.242607939e-07
1.049688771e-07
9.933271504e-08
1.260804328e-07
1.279077763e-07
1.235955650e-07
1.158962114e-07
1.254329285e-07
1.081701114e-07
1.369888051e-07
1.030174619e-07
1.642873407e-07
1.148701845e-07
1.320996284e-07
9.383751095e-08
1.128859151e-07
8.557244936e-08
1.219002773e-07
1.210364059e-07
1.080019678e-07
1.248745657e-07
9.330429791e-08
