6.020000000e+02
6.050000000e+02
6.010000000e+02
6.620000000e+02
7.010000000e+02
6.870000000e+02
6.890000000e+02
6.970000000e+02
6.810000000e+02
6.020000000e+02
5.890000000e+02
6.830000000e+02
6.890000000e+02
6.980000000e+02
6.150000000e+02
6.830000000e+02
5.650000000e+02
5.970000000e+02
5.680000000e+02
6.150000000e+02
6.040000000e+02
5.940000000e+02
6.040000000e+02
6.860000000e+02
6.880000000e+02
6.050000000e+02
6.170000000e+02
7.010000000e+02
7.090000000e+02
6.550000000e+02

7.200000000e+02
6.190000000e+02
6.000000000e+02
6.820000000e+02
6.830000000e+02
5.600000000e+02
6.930000000e+02
6.060000000e+02
6.520000000e+02
5.980000000e+02
5.740000000e+02
5.890000000e+02
7.460000000e+02
7.180000000e+02
5.740000000e+02
6.310000000e+02
5.320000000e+02
5.260000000e+02
5.530000000e+02
7.030000000e+02
6.760000000e+02
6.320000000e+02
6.210000000e+02
6.110000000e+02
6.540000000e+02
6.300000000e+02
6.250000000e+02
7.240000000e+02
7.400000000e+02
6.050000000e+02
