1.770809846e-06
6.417337295e-07
8.837006732e-07
4.236720314e-07
1.614618425e-06
1.550078370e-06
6.890464167e-07
1.026783205e-06
7.244267406e-07
9.499379722e-07
4.447949245e-07
9.072106297e-07
8.534862124e-07
1.270782961e-06
1.349479569e-06
1.600446783e-06
7.273110891e-07
9.096280325e-07
5.211924928e-07
1.433960203e-06
9.614591583e-07
5.480120268e-07
8.547950733e-07
1.653157628e-06
1.405217397e-06
1.076409023e-06
7.964872275e-07
1.021942930e-06
1.278793092e-06
1.341050795e-06

9.968707397e-07
1.411272880e-06
1.526821547e-06
5.582663878e-07
9.364347522e-07
7.629787979e-07
5.516464743e-07
4.253783371e-07
4.923082901e-07
2.336920777e-06
7.727206644e-07
2.465282245e-06
1.154680682e-06
2.274166748e-06
1.921294606e-06
1.181020416e-06
1.321112451e-06
7.909739795e-07
1.461969915e-06
5.123649966e-07
8.063498523e-07
1.069163043e-06
1.225285322e-06
5.207147687e-07
3.128750165e-07
7.203067048e-07
7.281973556e-07
1.511823319e-06
8.448861411e-07
3.889268366e-07
