3.212872037e-06
3.224025319e-06
3.133098983e-06
3.076049459e-06
3.487812800e-06
3.437403309e-06
3.255322493e-06
3.082886897e-06
3.341619892e-06
3.070598686e-06
3.158883867e-06
3.486599148e-06
3.194199680e-06
3.065830467e-06
3.199024106e-06
2.872429982e-06
3.588881281e-06
3.114673971e-06
3.483715119e-06
3.199734046e-06
3.727636831e-06
3.129681741e-06
3.244465777e-06
3.303311068e-06
3.078451133e-06
3.310752298e-06
3.320489773e-06
2.608769447e-06
3.612826926e-06
2.933345889e-06

1.140496800e-05
1.173037510e-05
9.645542650e-06
9.671453003e-06
1.096203666e-05
1.109742870e-05
9.651745957e-06
8.990633644e-06
1.024444808e-05
1.251882628e-05
1.084905302e-05
9.353330327e-06
8.574037334e-06
9.791839230e-06
1.076628081e-05
9.617616171e-06
1.006477105e-05
1.294141772e-05
1.050599181e-05
1.189815034e-05
9.754388649e-06
1.052214768e-05
9.712119789e-06
8.949025023e-06
9.336203358e-06
7.560690443e-06
8.844443211e-06
8.627469856e-06
6.925658104e-06
7.885433192e-06
