5.317200000e+04
5.062200000e+04
5.342600000e+04
4.922300000e+04
5.016100000e+04
4.997800000e+04
4.787300000e+04
4.980600000e+04
5.565100000e+04
5.360700000e+04
4.665400000e+04
5.244200000e+04
4.858700000e+04
4.920100000e+04
5.028600000e+04
5.200200000e+04
4.741200000e+04
5.544200000e+04
4.801700000e+04
5.220200000e+04
4.835100000e+04
5.293400000e+04
4.998100000e+04
4.853400000e+04
5.021800000e+04
5.174000000e+04
4.531700000e+04
5.093300000e+04
4.845100000e+04
5.230600000e+04

3.771700000e+04
3.530300000e+04
3.676200000e+04
3.173800000e+04
3.986900000e+04
3.924500000e+04
3.912400000e+04
3.655800000e+04
4.016300000e+04
3.824900000e+04
3.612500000e+04
3.951900000e+04
3.654800000e+04
3.831800000e+04
3.342200000e+04
3.983900000e+04
3.791400000e+04
3.768500000e+04
3.554600000e+04
3.626500000e+04
4.015500000e+04
3.434200000e+04
3.846100000e+04
3.850900000e+04
4.063000000e+04
4.053900000e+04
3.671800000e+04
3.863900000e+04
4.114700000e+04
4.196300000e+04
