3.506300000e+04
3.379400000e+04
3.474100000e+04
3.551900000e+04
3.313700000e+04
3.578900000e+04
2.960300000e+04
3.863100000e+04
3.481100000e+04
4.000300000e+04
3.984400000e+04
4.025500000e+04
3.523100000e+04
3.707900000e+04
4.098700000e+04
3.772100000e+04
3.831700000e+04
3.698400000e+04
3.382100000e+04
3.490600000e+04
3.568500000e+04
4.294400000e+04
3.631800000e+04
4.442900000e+04
3.610700000e+04
4.172500000e+04
3.733900000e+04
3.496600000e+04
3.995000000e+04
3.695900000e+04

3.062161000e+06
2.074738000e+06
1.082459000e+06
4.062147000e+06
1.078774000e+06
2.067559000e+06
2.067988000e+06
4.060574000e+06
4.046145000e+06
1.067380000e+06
2.074082000e+06
1.073680000e+06
3.056875000e+06
4.047230000e+06
3.063627000e+06
8.195400000e+04
2.086081000e+06
2.071321000e+06
3.062465000e+06
4.051306000e+06
5.045055000e+06
7.033670000e+06
8.091900000e+04
3.061747000e+06
4.051769000e+06
3.061865000e+06
3.056660000e+06
1.074248000e+06
1.076078000e+06
2.070886000e+06
