5.174400000e+05
4.965890000e+05
4.543820000e+05
1.468252000e+06
5.041960000e+05
4.085300000e+05
4.859980000e+05
5.624330000e+05
5.022430000e+05
4.850300000e+05
4.515210000e+05
5.818120000e+05
4.672460000e+05
4.529440000e+05
4.268030000e+05
5.287210000e+05
4.645270000e+05
4.556760000e+05
4.912720000e+05
6.128800000e+05
4.941250000e+05
5.492470000e+05
4.333140000e+05
5.675350000e+05
5.373970000e+05
4.580870000e+05
4.610350000e+05
4.671040000e+05
3.722780000e+05
4.682780000e+05

2.250768000e+06
3.331262000e+06
2.425697000e+06
2.346518000e+06
2.380458000e+06
3.355078000e+06
1.447092000e+06
2.297605000e+06
2.344429000e+06
1.411118000e+06
4.323051000e+06
2.288992000e+06
2.243394000e+06
2.369460000e+06
1.382102000e+06
2.287791000e+06
2.287964000e+06
2.393732000e+06
1.353127000e+06
2.389714000e+06
1.438935000e+06
2.350467000e+06
1.443300000e+06
2.365221000e+06
2.363794000e+06
2.395478000e+06
3.353423000e+06
2.380420000e+06
2.300901000e+06
2.372534000e+06
