2.208037161e-05
2.318914974e-05
1.805724102e-05
1.815501678e-05
1.682354513e-05
2.042671199e-05
1.871066560e-05
1.837579907e-05
2.099072212e-05
2.074146341e-05
1.696895720e-05
2.045298765e-05
2.048895700e-05
1.995887210e-05
2.068655360e-05
1.761539085e-05
1.748314611e-05
2.003248065e-05
2.004271201e-05
1.962964943e-05
1.993453216e-05
2.399546467e-05
1.878212649e-05
1.876324164e-05
2.197591794e-05
1.960021082e-05
1.674705870e-05
1.699986404e-05
1.785253780e-05
2.091975154e-05

1.433924550e-05
1.433482423e-05
1.699065367e-05
1.614088721e-05
1.412267897e-05
1.478568929e-05
1.410863376e-05
1.561543975e-05
1.669942869e-05
1.486397971e-05
1.702394833e-05
1.403961937e-05
1.497171940e-05
1.422423787e-05
1.561812374e-05
1.319603627e-05
1.460960751e-05
1.491644157e-05
1.355234908e-05
1.373709225e-05
1.398562230e-05
1.474154877e-05
1.400154193e-05
1.561847316e-05
1.505879480e-05
1.376808827e-05
1.521199070e-05
1.528960363e-05
1.390384194e-05
1.395026142e-05
