2.135400000e+04
2.028700000e+04
2.120400000e+04
2.075900000e+04
2.099700000e+04
2.077700000e+04
2.092700000e+04
2.168700000e+04
2.026900000e+04
2.171000000e+04
2.065900000e+04
2.148500000e+04
2.039300000e+04
2.133500000e+04
2.168100000e+04
2.016000000e+04
2.139100000e+04
2.120100000e+04
2.178800000e+04
1.773800000e+04
2.090000000e+04
2.194900000e+04
2.158300000e+04
2.253800000e+04
2.086400000e+04
2.549700000e+04
2.131000000e+04
1.982200000e+04
2.188500000e+04
1.910700000e+04

2.881000000e+04
2.839800000e+04
2.671800000e+04
2.954800000e+04
2.778600000e+04
2.792300000e+04
3.152600000e+04
3.310500000e+04
3.101700000e+04
2.808700000e+04
2.630100000e+04
2.956200000e+04
2.881000000e+04
2.901100000e+04
2.887900000e+04
2.985000000e+04
2.701600000e+04
3.173200000e+04
3.212000000e+04
2.779700000e+04
2.882000000e+04
2.871000000e+04
3.056600000e+04
2.801300000e+04
2.800600000e+04
3.022700000e+04
3.069700000e+04
2.731500000e+04
2.772000000e+04
2.737000000e+04
