3.700000000e+02
3.610000000e+02
3.430000000e+02
4.900000000e+02
3.920000000e+02
3.480000000e+02
3.670000000e+02
3.960000000e+02
4.090000000e+02
4.250000000e+02
3.800000000e+02
4.020000000e+02
4.300000000e+02
3.630000000e+02
4.070000000e+02
4.070000000e+02
4.070000000e+02
3.460000000e+02
4.550000000e+02
4.360000000e+02
3.380000000e+02
3.880000000e+02
3.620000000e+02
3.880000000e+02
3.680000000e+02
5.100000000e+02
3.830000000e+02
3.930000000e+02
3.840000000e+02
3.670000000e+02

5.680000000e+02
4.860000000e+02
4.630000000e+02
6.080000000e+02
4.900000000e+02
4.560000000e+02
4.680000000e+02
4.610000000e+02
5.730000000e+02
5.800000000e+02
5.340000000e+02
6.250000000e+02
4.740000000e+02
5.000000000e+02
5.270000000e+02
4.950000000e+02
5.020000000e+02
4.630000000e+02
5.970000000e+02
4.910000000e+02
4.960000000e+02
5.710000000e+02
5.560000000e+02
5.340000000e+02
6.300000000e+02
6.000000000e+02
5.410000000e+02
4.070000000e+02
4.740000000e+02
4.770000000e+02
