1.133898631e-05
1.048090062e-05
1.028527850e-05
1.269809401e-05
1.206349416e-05
1.117182540e-05
1.120925705e-05
1.102844226e-05
1.152264472e-05
1.116014621e-05
1.043421104e-05
9.502886066e-06
9.576179765e-06
1.020979139e-05
1.164047886e-05
1.080097203e-05
1.094122782e-05
1.361245585e-05
8.880264413e-06
9.645321173e-06
1.419978117e-05
9.198550083e-06
1.290130929e-05
1.162950490e-05
1.169680499e-05
1.075907315e-05
1.049910431e-05
1.042479660e-05
1.123045855e-05
1.069223370e-05

7.693322247e-06
8.227294208e-06
8.161851838e-06
9.689748514e-06
8.435181226e-06
9.088977298e-06
8.336382203e-06
9.698924912e-06
8.814083641e-06
8.458215254e-06
8.933859769e-06
7.730213228e-06
9.076030205e-06
9.336679725e-06
9.013106316e-06
7.772453186e-06
1.106482546e-05
1.092143950e-05
8.054901286e-06
7.692641249e-06
9.948714003e-06
8.631413844e-06
9.252117255e-06
9.318685212e-06
9.689879372e-06
8.854861724e-06
1.077617018e-05
9.429651049e-06
7.966516305e-06
9.562280657e-06
