3.682775211e-05
3.682758924e-05
3.936950103e-05
4.318828815e-05
4.230498213e-05
3.744126368e-05
3.856151002e-05
4.430276448e-05
4.237815595e-05
4.837154061e-05
4.130940045e-05
4.047871800e-05
4.333862069e-05
3.684285936e-05
4.336485304e-05
3.321419752e-05
3.990010070e-05
3.649634115e-05
3.866648181e-05
4.448634318e-05
3.445175377e-05
4.271205725e-05
4.380755507e-05
4.471181261e-05
4.754484327e-05
4.600835491e-05
3.965612645e-05
4.382404260e-05
3.636558503e-05
4.355144463e-05

8.180083752e-05
7.221070643e-05
6.086985626e-05
8.358477733e-05
9.094366307e-05
4.891059017e-05
7.354420226e-05
6.468708589e-05
8.961766348e-05
9.450998329e-05
6.781911533e-05
8.086481874e-05
7.251093288e-05
7.006833676e-05
5.980684842e-05
8.405304928e-05
7.335100385e-05
6.551117609e-05
7.601411991e-05
7.786128270e-05
7.633840111e-05
8.892201794e-05
8.547189201e-05
8.267724024e-05
9.343683630e-05
5.260969745e-05
4.988535838e-05
6.245846066e-05
8.736944572e-05
7.483072920e-05
