2.145280000e+05
2.338560000e+05
1.370880000e+05
2.506240000e+05
1.884160000e+05
2.387200000e+05
2.078720000e+05
2.045440000e+05
2.679040000e+05
2.411520000e+05
2.599680000e+05
2.122240000e+05
2.496000000e+05
2.707200000e+05
2.110720000e+05
2.101760000e+05
2.306560000e+05
2.615040000e+05
2.993920000e+05
2.307840000e+05
1.957120000e+05
2.135040000e+05
2.009600000e+05
1.525760000e+05
1.213440000e+05
2.592000000e+05
2.373120000e+05
1.808640000e+05
2.657280000e+05
1.731840000e+05

1.612800000e+05
1.621760000e+05
1.507840000e+05
1.532160000e+05
1.815040000e+05
1.724160000e+05
1.605120000e+05
1.514240000e+05
1.450240000e+05
1.592320000e+05
1.425920000e+05
1.825280000e+05
1.813760000e+05
1.703680000e+05
1.242880000e+05
1.409280000e+05
1.520640000e+05
1.475840000e+05
1.585920000e+05
1.712640000e+05
1.661440000e+05
1.678080000e+05
1.451520000e+05
1.509120000e+05
1.377280000e+05
1.483520000e+05
1.637120000e+05
1.514240000e+05
1.711360000e+05
1.414400000e+05
