1.874606229e-06
1.816237425e-06
2.334622615e-06
2.103633585e-06
1.748854938e-06
1.924315321e-06
1.635909262e-06
2.064717855e-06
2.103577976e-06
2.252576270e-06
2.199706822e-06
2.621707997e-06
1.835256408e-06
1.832547349e-06
1.700944207e-06
1.806207016e-06
2.198886264e-06
1.797880877e-06
1.735091119e-06
2.105276298e-06
1.872558407e-06
1.816937265e-06
1.719542632e-06
2.179331394e-06
2.107289070e-06
2.194228025e-06
2.047124939e-06
1.824405202e-06
1.496475310e-06
1.980582091e-06

4.681888372e-06
5.188688145e-06
3.617694306e-06
3.508519286e-06
3.941513903e-06
5.133244767e-06
4.903511783e-06
4.596803866e-06
3.877424705e-06
3.625289548e-06
4.760890489e-06
5.421972462e-06
4.609724332e-06
5.147225272e-06
4.424236015e-06
4.778682886e-06
4.653198620e-06
4.413609638e-06
4.910322954e-06
4.407920782e-06
3.226867432e-06
3.577201293e-06
5.008807287e-06
3.560257757e-06
4.010747087e-06
4.210464971e-06
4.371068882e-06
4.745068748e-06
3.694336904e-06
3.768874634e-06

1.293034016e-05
1.254471352e-05
1.102532275e-05
1.283943846e-05
1.723304628e-05
1.098436187e-05
1.111956317e-05
1.690964273e-05
1.231431659e-05
1.134896769e-05
1.145867940e-05
1.271302286e-05
1.127250697e-05
1.829304127e-05
1.269643585e-05
1.115181667e-05
1.089387414e-05
1.120387957e-05
1.278049648e-05
1.276451450e-05
1.480010783e-05
1.146324854e-05
1.296025902e-05
1.247754201e-05
1.128816883e-05
1.168672376e-05
1.262433620e-05
2.350980547e-05
1.129093538e-05
1.301705233e-05
