1.556497821e-04
1.538444249e-04
1.533867380e-04
1.541541181e-04
1.527186255e-04
1.546334329e-04
1.562498633e-04
1.581204026e-04
1.529117064e-04
1.614683585e-04
1.534712888e-04
1.509330446e-04
1.521470646e-04
1.534887803e-04
1.541348812e-04
1.636709816e-04
1.554221754e-04
1.523627890e-04
1.535023306e-04
1.536229510e-04
1.562116484e-04
1.527331293e-04
1.562005826e-04
1.601577371e-04
1.662965091e-04
1.538247756e-04
1.555520206e-04
1.547645058e-04
1.539771653e-04
1.603725805e-04

1.796768215e-05
1.405415090e-05
1.469267397e-05
1.886581850e-05
1.478873539e-05
1.830254597e-05
1.220461853e-05
1.471750816e-05
2.099897796e-05
1.693571157e-05
1.311230980e-05
1.370405819e-05
1.744749385e-05
1.738872557e-05
1.929721096e-05
1.631105926e-05
1.657574247e-05
1.734877327e-05
1.559801997e-05
1.500350711e-05
1.575334277e-05
1.504286883e-05
1.419416062e-05
1.336643741e-05
1.766639315e-05
1.455389626e-05
1.843678088e-05
1.538151616e-05
1.522861623e-05
2.058679522e-05
