1.460000000e+02
1.390000000e+02
1.420000000e+02
1.260000000e+02
1.440000000e+02
1.260000000e+02
1.490000000e+02
9.200000000e+01
1.500000000e+02
1.010000000e+02
9.000000000e+01
1.480000000e+02
1.470000000e+02
1.480000000e+02
1.440000000e+02
1.460000000e+02
1.030000000e+02
9.500000000e+01
9.000000000e+01
1.500000000e+02
1.460000000e+02
1.470000000e+02
1.490000000e+02
1.360000000e+02
1.410000000e+02
1.300000000e+02
1.000000000e+02
1.420000000e+02
1.010000000e+02
1.240000000e+02

1.500000000e+01
1.800000000e+01
1.700000000e+01
1.700000000e+01
1.600000000e+01
2.000000000e+01
1.100000000e+01
1.300000000e+01
1.200000000e+01
1.100000000e+01
2.100000000e+01
1.800000000e+01
1.100000000e+01
1.900000000e+01
1.200000000e+01
1.700000000e+01
8.000000000e+00
1.900000000e+01
2.400000000e+01
2.100000000e+01
1.600000000e+01
6.000000000e+00
1.700000000e+01
1.700000000e+01
2.100000000e+01
1.300000000e+01
2.400000000e+01
1.700000000e+01
2.200000000e+01
1.100000000e+01
