1.024000000e+03
2.944000000e+03
1.920000000e+03
7.680000000e+02
2.176000000e+03
1.152000000e+03
3.840000000e+02
1.664000000e+03
3.840000000e+02
2.048000000e+03
2.432000000e+03
1.664000000e+03
8.960000000e+02
1.664000000e+03
2.048000000e+03
8.960000000e+02
2.176000000e+03
1.536000000e+03
1.920000000e+03
2.048000000e+03
1.280000000e+03
7.680000000e+02
7.680000000e+02
6.400000000e+02
1.664000000e+03
2.048000000e+03
2.432000000e+03
7.680000000e+02
1.664000000e+03
1.280000000e+03

2.534400000e+04
2.764800000e+04
2.982400000e+04
2.969600000e+04
2.688000000e+04
2.611200000e+04
2.316800000e+04
2.457600000e+04
2.662400000e+04
2.867200000e+04
2.790400000e+04
2.944000000e+04
2.828800000e+04
2.969600000e+04
2.291200000e+04
2.662400000e+04
3.059200000e+04
2.726400000e+04
2.560000000e+04
2.816000000e+04
2.726400000e+04
2.432000000e+04
2.905600000e+04
2.688000000e+04
2.585600000e+04
2.598400000e+04
2.572800000e+04
3.123200000e+04
3.123200000e+04
2.534400000e+04
