5.401670000e+05
5.160770000e+05
5.220740000e+05
6.114300000e+05
4.776520000e+05
5.797170000e+05
4.812800000e+05
5.688620000e+05
5.069760000e+05
4.863700000e+05
4.868110000e+05
5.477790000e+05
6.455240000e+05
4.924260000e+05
5.002360000e+05
5.441343000e+06
1.453659000e+06
5.406570000e+05
4.960240000e+05
5.367199000e+06
5.470645000e+06
5.595730000e+05
5.937870000e+05
8.307565000e+06
4.707240000e+05
3.500336000e+06
3.401385000e+06
5.598880000e+05
5.888610000e+05
5.139350000e+05

1.365911000e+06
1.305625000e+06
1.188850000e+06
1.304323000e+06
1.279879000e+06
1.133221000e+06
1.154106000e+06
1.360168000e+06
1.320498000e+06
1.100391000e+06
1.431880000e+06
1.159583000e+06
1.187279000e+06
1.315760000e+06
1.310988000e+06
1.446496000e+06
1.214923000e+06
1.258550000e+06
1.376398000e+06
1.316190000e+06
1.196176000e+06
1.113283000e+06
1.048060000e+06
1.364457000e+06
1.335076000e+06
1.063396000e+06
1.526434000e+06
1.234687000e+06
1.472701000e+06
1.273546000e+06
