1.670000000e+02
1.030000000e+02
9.700000000e+01
9.200000000e+01
9.200000000e+01
8.600000000e+01
1.670000000e+02
1.160000000e+02
1.520000000e+02
1.200000000e+02
1.220000000e+02
1.110000000e+02
1.580000000e+02
1.380000000e+02
1.600000000e+02
1.150000000e+02
1.110000000e+02
1.030000000e+02
1.150000000e+02
1.600000000e+02
1.100000000e+02
1.080000000e+02
8.600000000e+01
9.500000000e+01
1.170000000e+02
1.490000000e+02
1.640000000e+02
1.630000000e+02
1.500000000e+02
1.610000000e+02

6.130000000e+02
4.180000000e+02
5.100000000e+02
6.600000000e+02
5.060000000e+02
6.980000000e+02
4.230000000e+02
5.520000000e+02
4.380000000e+02
5.600000000e+02
3.940000000e+02
5.850000000e+02
6.740000000e+02
5.480000000e+02
6.090000000e+02
5.710000000e+02
4.370000000e+02
5.190000000e+02
4.870000000e+02
4.710000000e+02
5.470000000e+02
4.770000000e+02
4.750000000e+02
5.300000000e+02
4.280000000e+02
5.360000000e+02
4.580000000e+02
4.600000000e+02
4.880000000e+02
5.520000000e+02
