1.412336000e+06
4.015910000e+05
1.374545000e+06
1.458532000e+06
1.433619000e+06
4.270790000e+05
2.378243000e+06
1.408035000e+06
1.411247000e+06
1.407836000e+06
4.030190000e+05
3.727790000e+05
1.349968000e+06
1.373804000e+06
1.422464000e+06
1.387700000e+06
1.399131000e+06
1.482406000e+06
1.320065000e+06
1.349837000e+06
2.467276000e+06
1.336342000e+06
1.459077000e+06
1.418325000e+06
1.422893000e+06
1.386058000e+06
1.389137000e+06
1.384623000e+06
1.401609000e+06
1.392310000e+06

1.987719200e+07
1.255918000e+06
1.636816000e+06
5.427957000e+06
3.845744000e+06
1.292587000e+06
6.969784500e+07
8.781485700e+07
1.682895000e+06
1.638412000e+06
1.050281000e+06
1.028991700e+08
3.418618000e+06
1.374774290e+08
4.372180000e+06
1.528966000e+06
3.044431000e+06
2.274532000e+06
1.471880000e+06
1.290998000e+06
4.716926400e+07
1.061859000e+06
1.756237000e+07
6.955106000e+06
1.499733000e+06
4.197283600e+07
1.432738000e+06
1.443379000e+06
4.719754000e+06
2.483258600e+07
