2.862277776e-07
6.315861947e-08
1.734564333e-07
1.199051496e-07
3.445841265e-07
2.298453191e-07
1.192766472e-07
1.797915567e-07
1.737466526e-07
1.781527560e-07
3.967104217e-07
1.776270878e-07
1.762223787e-07
2.877759597e-07
1.713692498e-07
1.731182700e-07
2.901641410e-07
1.209618750e-07
2.282641230e-07
2.904543602e-07
3.435897562e-07
2.260069995e-07
1.190175257e-07
2.333286689e-07
3.462899132e-07
1.747175898e-07
2.318289897e-07
5.728507246e-07
3.450719903e-07
5.212408760e-07

6.264198925e-07
2.279027661e-08
2.816517343e-07
9.598187208e-07
2.488496514e-07
1.445608934e-07
3.638925303e-07
1.461251633e-07
2.127726415e-07
5.183029947e-07
2.281743826e-07
4.403937313e-07
2.340109436e-08
2.054890161e-07
4.312221636e-07
2.179043729e-07
3.556607222e-08
2.682352607e-08
8.652302725e-08
9.727734783e-08
2.259740894e-06
2.602699194e-07
2.213805371e-07
1.521659157e-08
3.038739476e-08
6.960675674e-08
1.724345581e-07
3.660435861e-07
1.395907985e-07
3.750305232e-07
