5.619456000e+06
5.273984000e+06
4.653184000e+06
5.013632000e+06
6.550272000e+06
6.803712000e+06
5.598848000e+06
6.416128000e+06
5.068544000e+06
4.494592000e+06
7.027200000e+06
6.302464000e+06
6.654080000e+06
5.490432000e+06
6.806528000e+06
5.647616000e+06
6.596736000e+06
5.594624000e+06
6.179584000e+06
5.682688000e+06
5.301120000e+06
5.712896000e+06
6.256512000e+06
4.781184000e+06
6.227328000e+06
5.571456000e+06
5.780352000e+06
6.409088000e+06
5.755008000e+06
5.112192000e+06

6.952729600e+07
8.418777600e+07
6.603417600e+07
6.408460800e+07
6.844633600e+07
6.980428800e+07
7.567052800e+07
6.802457600e+07
7.475187200e+07
8.911168000e+07
8.105382400e+07
8.852544000e+07
7.072729600e+07
7.634265600e+07
7.436134400e+07
7.958988800e+07
7.911680000e+07
9.462246400e+07
6.695680000e+07
1.147000320e+08
6.723097600e+07
7.817139200e+07
6.006745600e+07
7.325273600e+07
6.917209600e+07
7.970419200e+07
7.112371200e+07
7.316108800e+07
6.674726400e+07
7.497164800e+07
