2.996359000e+06
2.727150000e+06
2.629320000e+06
2.678695000e+06
2.902027000e+06
2.417903000e+06
2.912600000e+06
2.895032000e+06
2.894650000e+06
2.569184000e+06
2.846563000e+06
3.011038000e+06
2.782595000e+06
2.812786000e+06
2.664367000e+06
2.669516000e+06
2.964856000e+06
2.730268000e+06
2.878030000e+06
3.218445000e+06
2.837898000e+06
2.778076000e+06
2.916025000e+06
2.661744000e+06
2.981011000e+06
2.727643000e+06
3.043712000e+06
3.064305000e+06
3.103251000e+06
2.773502000e+06

9.187010000e+06
7.906012000e+06
8.202728000e+06
1.022097100e+07
8.495701000e+06
9.955541000e+06
7.432335000e+06
9.070411000e+06
8.065981000e+06
9.918255000e+06
7.395234000e+06
8.159595000e+06
9.189544000e+06
9.513281000e+06
9.217564000e+06
8.268068000e+06
7.692932000e+06
8.562446000e+06
7.945058000e+06
8.067540000e+06
9.401846000e+06
6.591678000e+06
9.528475000e+06
8.583424000e+06
7.827876000e+06
8.028664000e+06
7.552495000e+06
8.975006000e+06
7.612546000e+06
8.685979000e+06
