7.532900000e+04
7.814200000e+04
8.042000000e+04
7.245600000e+04
8.032300000e+04
8.020700000e+04
7.394800000e+04
7.872900000e+04
7.881800000e+04
8.051600000e+04
7.544800000e+04
7.711300000e+04
8.396600000e+04
7.819500000e+04
8.255600000e+04
7.430300000e+04
7.873800000e+04
7.132100000e+04
8.333400000e+04
7.442800000e+04
7.599000000e+04
7.725800000e+04
7.905400000e+04
8.399700000e+04
8.198200000e+04
7.727700000e+04
8.021800000e+04
7.551100000e+04
8.338200000e+04
7.665300000e+04

1.026860000e+05
1.072207000e+06
9.303900000e+04
9.065900000e+04
9.791700000e+04
1.187160000e+05
7.058368000e+06
9.237200000e+04
1.173890000e+05
8.133800000e+04
1.075180000e+05
1.106920000e+05
1.168830000e+05
1.072830000e+05
9.849800000e+04
1.089927000e+06
1.054160000e+05
1.167000000e+05
9.952700000e+04
1.080250000e+06
1.075930000e+05
1.112757000e+06
7.068203000e+06
5.154943000e+06
1.001436900e+07
8.703200000e+04
9.659300000e+04
1.088628000e+06
1.081129000e+06
1.083895000e+06
