-6.400000000e+02
2.432000000e+03
1.792000000e+03
1.792000000e+03
1.152000000e+03
1.280000000e+03
2.048000000e+03
1.024000000e+03
2.560000000e+02
8.960000000e+02
1.280000000e+03
7.680000000e+02
1.024000000e+03
8.960000000e+02
1.920000000e+03
1.664000000e+03
1.408000000e+03
1.792000000e+03
5.120000000e+02
7.680000000e+02
2.048000000e+03
-1.664000000e+03
7.680000000e+02
1.152000000e+03
3.456000000e+03
1.792000000e+03
1.536000000e+03
1.152000000e+03
7.680000000e+02
2.304000000e+03

2.483200000e+04
2.713600000e+04
2.931200000e+04
2.918400000e+04
2.636800000e+04
2.560000000e+04
2.265600000e+04
2.406400000e+04
2.611200000e+04
2.816000000e+04
2.739200000e+04
2.892800000e+04
2.777600000e+04
2.918400000e+04
2.240000000e+04
2.611200000e+04
3.008000000e+04
2.675200000e+04
2.508800000e+04
2.764800000e+04
2.675200000e+04
2.380800000e+04
2.854400000e+04
2.636800000e+04
2.534400000e+04
2.547200000e+04
2.521600000e+04
3.072000000e+04
3.072000000e+04
2.483200000e+04
