1.730000000e+02
1.770000000e+02
1.770000000e+02
1.700000000e+02
1.750000000e+02
1.760000000e+02
1.730000000e+02
1.770000000e+02
1.690000000e+02
1.730000000e+02
1.720000000e+02
1.700000000e+02
1.780000000e+02
1.740000000e+02
1.760000000e+02
1.800000000e+02
1.740000000e+02
1.780000000e+02
1.740000000e+02
1.740000000e+02
1.770000000e+02
1.750000000e+02
1.830000000e+02
1.770000000e+02
1.820000000e+02
1.790000000e+02
1.750000000e+02
1.720000000e+02
1.710000000e+02
1.760000000e+02

1.500000000e+01
1.000000000e+01
1.000000000e+01
1.100000000e+01
9.000000000e+00
1.000000000e+01
1.400000000e+01
1.300000000e+01
8.000000000e+00
1.000000000e+01
9.000000000e+00
1.100000000e+01
1.000000000e+01
1.500000000e+01
1.000000000e+01
1.300000000e+01
2.000000000e+01
1.100000000e+01
1.000000000e+01
1.300000000e+01
1.100000000e+01
1.300000000e+01
1.800000000e+01
1.200000000e+01
1.000000000e+01
1.000000000e+01
1.100000000e+01
1.300000000e+01
1.400000000e+01
9.000000000e+00
