1.076340000e+05
1.079020000e+05
1.066500000e+05
1.024390000e+05
1.035480000e+05
1.062020000e+05
1.050720000e+05
9.918700000e+04
1.095410000e+05
1.064320000e+05
1.105920000e+05
1.136640000e+05
1.083830000e+05
1.063870000e+05
1.077120000e+05
1.074360000e+05
1.042950000e+05
1.048130000e+05
9.406400000e+04
9.874300000e+04
1.038750000e+05
1.081960000e+05
1.068530000e+05
1.020630000e+05
1.087460000e+05
1.045430000e+05
9.528900000e+04
1.077760000e+05
1.068710000e+05
1.068150000e+05

7.717300000e+04
7.707900000e+04
7.190300000e+04
7.882300000e+04
7.408800000e+04
7.903000000e+04
7.420300000e+04
7.669600000e+04
7.584800000e+04
7.744200000e+04
7.500400000e+04
7.373000000e+04
7.304000000e+04
8.034600000e+04
7.274800000e+04
7.652800000e+04
7.688600000e+04
7.643000000e+04
7.724900000e+04
7.208300000e+04
7.966400000e+04
7.051500000e+04
8.082000000e+04
7.677400000e+04
7.807000000e+04
8.032200000e+04
7.564000000e+04
7.375800000e+04
7.485200000e+04
7.754700000e+04
