Number of sample populations = 3. Total number of values in the input = 90
1.18868e-05 0 1
1.21249e-05 0 2
1.2269e-05 1 3
1.22889e-05 1 4
1.23927e-05 1 5
1.2415e-05 1 6
1.24376e-05 1 7
1.24753e-05 0 8
1.24896e-05 1 9
1.24981e-05 0 10
1.25084e-05 1 11
1.25518e-05 0 12
1.25959e-05 0 13
1.26984e-05 0 14
1.27238e-05 0 15
1.27362e-05 1 16
1.27879e-05 1 17
1.29157e-05 1 18
1.29334e-05 0 19
1.29659e-05 1 20
1.2997e-05 0 21
1.30046e-05 1 22
1.30268e-05 0 23
1.30286e-05 0 24
1.30429e-05 0 25
1.31241e-05 1 26
1.32035e-05 0 27
1.32271e-05 0 28
1.33182e-05 0 29
1.344e-05 1 30
1.35089e-05 0 31
1.35496e-05 0 32
1.35513e-05 0 33
1.3557e-05 1 34
1.36175e-05 0 35
1.36297e-05 1 36
1.37586e-05 1 37
1.37957e-05 0 38
1.38933e-05 0 39
1.38958e-05 1 40
1.39617e-05 1 41
1.40936e-05 0 42
1.40987e-05 0 43
1.41677e-05 0 44
1.41809e-05 0 45
1.41924e-05 1 46
1.42215e-05 0 47
1.43313e-05 1 48
1.43332e-05 1 49
1.44676e-05 1 50
1.44781e-05 0 51
1.46784e-05 1 52
1.4795e-05 1 53
1.50669e-05 0 54
1.5358e-05 1 55
1.58311e-05 1 56
1.59217e-05 1 57
1.6022e-05 0 58
1.64053e-05 1 59
1.67639e-05 1 60
2.17983e-05 2 61
2.19181e-05 2 62
2.19226e-05 2 63
2.20816e-05 2 64
2.24056e-05 2 65
2.31456e-05 2 66
2.35457e-05 2 67
2.35538e-05 2 68
2.35632e-05 2 69
2.36848e-05 2 70
2.37307e-05 2 71
2.37617e-05 2 72
2.38867e-05 2 73
2.3891e-05 2 74
2.38967e-05 2 75
2.39083e-05 2 76
2.41014e-05 2 77
2.41113e-05 2 78
2.42057e-05 2 79
2.42631e-05 2 80
2.43034e-05 2 81
2.45424e-05 2 82
2.48615e-05 2 83
2.4887e-05 2 84
2.49653e-05 2 85
2.49899e-05 2 86
2.52283e-05 2 87
2.54127e-05 2 88
2.57919e-05 2 89
2.59644e-05 2 90
Total number of ties =0
Number of samples = 30; sum = 863
Number of samples = 30; sum = 967
Number of samples = 30; sum = 2265
Corrected T value =59.6048
p-value to accept the null hypothesis that all distribution functions are identical = 1.14021067e-13
