1.212489055e-05
1.506694685e-05
1.302676869e-05
1.350894358e-05
1.272382803e-05
1.249810938e-05
1.379567487e-05
1.418091089e-05
1.409355577e-05
1.247530389e-05
1.304288468e-05
1.422146897e-05
1.331819654e-05
1.409866666e-05
1.361754758e-05
1.416765014e-05
1.302861264e-05
1.320353306e-05
1.188675454e-05
1.389330910e-05
1.602201216e-05
1.354959112e-05
1.269838495e-05
1.299701016e-05
1.322711943e-05
1.259590397e-05
1.255180956e-05
1.447812816e-05
1.355131335e-05
1.293343218e-05

1.640529046e-05
1.446761651e-05
1.250843627e-05
1.300459346e-05
1.389580064e-05
1.433316108e-05
1.419241651e-05
1.375864456e-05
1.273616379e-05
1.278789188e-05
1.226904965e-05
1.243760289e-05
1.592173877e-05
1.296585354e-05
1.479502201e-05
1.291567391e-05
1.535798843e-05
1.355696477e-05
1.248961869e-05
1.344000592e-05
1.239269172e-05
1.241501796e-05
1.676394064e-05
1.228888128e-05
1.362965891e-05
1.583114437e-05
1.467837670e-05
1.433129250e-05
1.396174308e-05
1.312413207e-05

2.355377932e-05
2.411129653e-05
2.488702026e-05
2.354570120e-05
2.314558244e-05
2.496532785e-05
2.240556278e-05
2.376169480e-05
2.498992024e-05
2.389670493e-05
2.373070106e-05
2.388669196e-05
2.179832603e-05
2.579185361e-05
2.430343877e-05
2.191806291e-05
2.356316622e-05
2.208158439e-05
2.454243933e-05
2.420568889e-05
2.426311374e-05
2.192263927e-05
2.390834551e-05
2.368478146e-05
2.389096725e-05
2.541272473e-05
2.596436330e-05
2.410142855e-05
2.486147382e-05
2.522831425e-05
