2.105600000e+05
2.067200000e+05
2.083840000e+05
2.110720000e+05
2.101760000e+05
1.980160000e+05
2.103040000e+05
2.074880000e+05
2.049280000e+05
2.096640000e+05
2.099200000e+05
2.022400000e+05
2.110720000e+05
2.122240000e+05
2.053120000e+05
2.193920000e+05
2.096640000e+05
2.186240000e+05
2.108160000e+05
2.124800000e+05
2.027520000e+05
2.169600000e+05
2.362880000e+05
2.144000000e+05
2.274560000e+05
2.246400000e+05
2.168320000e+05
2.000640000e+05
2.077440000e+05
2.183680000e+05

2.000009344e+09
2.000007808e+09
1.356800000e+04
2.000009216e+09
1.536000000e+04
3.000007424e+09
3.000005120e+09
1.000011648e+09
1.548800000e+04
1.000010240e+09
3.000006784e+09
2.000003968e+09
3.000006272e+09
4.000005120e+09
3.000003456e+09
5.000001408e+09
1.000020352e+09
1.000014848e+09
1.612800000e+04
2.000006784e+09
1.920000000e+04
2.000012672e+09
2.000013568e+09
1.625600000e+04
3.000002944e+09
1.459200000e+04
4.000001280e+09
1.625600000e+04
1.000013184e+09
1.000009472e+09
