3.374500000e+04
3.247600000e+04
3.342300000e+04
3.420100000e+04
3.181900000e+04
3.447100000e+04
2.828500000e+04
3.731300000e+04
3.349300000e+04
3.868500000e+04
3.852600000e+04
3.893700000e+04
3.391300000e+04
3.576100000e+04
3.966900000e+04
3.640300000e+04
3.699900000e+04
3.566600000e+04
3.250300000e+04
3.358800000e+04
3.436700000e+04
4.162600000e+04
3.500000000e+04
4.311100000e+04
3.478900000e+04
4.040700000e+04
3.602100000e+04
3.364800000e+04
3.863200000e+04
3.564100000e+04

7.609400000e+04
1.534870000e+05
1.171010000e+05
1.549620000e+05
5.105947000e+06
1.521860000e+05
8.803700000e+04
5.083789000e+06
1.363870000e+05
8.068927000e+06
1.402910000e+05
8.842300000e+04
1.268770000e+05
2.213139000e+06
2.290770000e+05
2.400620000e+05
1.350160000e+05
1.924810000e+05
1.119859000e+06
1.085886000e+06
2.131957000e+06
1.821670000e+05
1.634070000e+05
9.514200000e+04
2.450500000e+05
2.089449000e+06
1.068140000e+05
1.005696100e+07
1.100216000e+06
2.000091100e+07
