Number of sample populations = 3. Total number of values in the input = 90
24631 0 1
24687 0 2
24739 0 3
24861 0 4
25040 0 5
25086 0 6
25171 0 7
25579 0 8
25639 0 9
25730 0 10
25762 0 11
25767 0 12
25806 0 13
26017 0 14
26027 0 15
26117 0 16
26251 0 17
26347 0 18
26392 0 19
26702 0 20
26929 0 21
26981 0 22
27007 0 23
27075 0 24
27337 0 25
27518 0 26
27588 0 27
28049 0 28
28130 0 29
28451 0 30
31389 1 31
31935 1 32
32031 1 33
32242 1 34
32663 1 35
32776 1 36
33019 1 37
33047 1 38
33102 1 39
33293 1 40
33480 1 41
33526 1 42
33538 1 43
33565 1 44
33691 1 45
33992 1 46
34306 1 47
34369 1 48
34617 1 49
34661 1 50
34665 1 51
34871 1 52
35028 1 53
35388 1 54
35430 1 55
35637 1 56
35680 1 57
35986 1 58
36242 1 59
36467 1 60
45127 2 61
46273 2 62
48560 2 63
48665 2 64
48717 2 65
48741 2 66
48926 2 67
49033 2 68
49157 2 69
49430 2 70
49772 2 71
49847 2 72
49853 2 73
49854 2 74
49896 2 75
50225 2 76
50345 2 77
50930 2 78
51057 2 79
51553 2 80
51948 2 81
52038 2 82
52058 2 83
52477 2 84
52669 2 85
52690 2 86
53076 2 87
53182 2 88
53407 2 89
54105 2 90
Total number of ties =0
Number of samples = 30; sum = 465
Number of samples = 30; sum = 1365
Number of samples = 30; sum = 2265
Corrected T value =79.1209
p-value to accept the null hypothesis that all distribution functions are identical = 6.59355142e-18
