4.680000000e+02
4.490000000e+02
3.500000000e+02
5.540000000e+02
3.820000000e+02
4.460000000e+02
4.010000000e+02
5.210000000e+02
4.080000000e+02
4.120000000e+02
4.160000000e+02
4.340000000e+02
4.720000000e+02
3.820000000e+02
4.360000000e+02
4.150000000e+02
5.150000000e+02
5.130000000e+02
4.310000000e+02
4.240000000e+02
4.180000000e+02
3.680000000e+02
4.050000000e+02
4.070000000e+02
5.310000000e+02
4.660000000e+02
3.700000000e+02
4.930000000e+02
4.320000000e+02
3.820000000e+02

5.400000000e+01
4.000000000e+01
3.500000000e+01
2.100000000e+01
4.100000000e+01
4.500000000e+01
3.700000000e+01
4.100000000e+01
4.500000000e+01
2.100000000e+01
2.900000000e+01
3.100000000e+01
6.900000000e+01
2.800000000e+01
3.600000000e+01
3.300000000e+01
5.000000000e+01
4.400000000e+01
4.100000000e+01
5.400000000e+01
4.400000000e+01
3.000000000e+01
4.100000000e+01
4.500000000e+01
4.700000000e+01
4.000000000e+01
3.500000000e+01
2.500000000e+01
1.400000000e+01
3.400000000e+01
