3.193200000e+04
3.003300000e+04
3.093600000e+04
3.003400000e+04
3.303500000e+04
3.465800000e+04
3.048900000e+04
2.931500000e+04
3.050300000e+04
2.859700000e+04
3.099600000e+04
2.712400000e+04
2.654000000e+04
2.987100000e+04
2.891100000e+04
2.842400000e+04
2.794300000e+04
3.245500000e+04
2.973700000e+04
3.000300000e+04
3.250200000e+04
3.218300000e+04
2.823000000e+04
2.563500000e+04
3.065200000e+04
2.837200000e+04
2.960300000e+04
3.195300000e+04
2.597200000e+04
2.936800000e+04

6.013578000e+06
6.011730000e+06
4.089100000e+04
4.017233000e+06
1.054748000e+06
4.998900000e+04
5.179800000e+04
2.031277000e+06
4.007868000e+06
1.036570000e+06
1.044506000e+06
4.858800000e+04
4.312500000e+04
1.196016100e+07
7.015856000e+06
6.022821000e+06
4.130400000e+04
2.022665000e+06
4.331000000e+04
3.758600000e+04
4.309700000e+04
6.081200000e+04
3.503900000e+04
4.608400000e+04
5.493400000e+04
3.960000000e+04
5.999525000e+06
2.021532000e+06
4.994900000e+04
3.951000000e+04
