Number of sample populations = 3. Total number of values in the input = 90
3.0297e-06 1 1
3.04481e-06 1 2
3.07992e-06 1 3
3.10002e-06 1 4
3.10963e-06 1 5
3.11966e-06 1 6
3.16616e-06 1 7
3.17194e-06 1 8
3.17843e-06 1 9
3.1869e-06 1 10
3.2225e-06 1 11
3.2293e-06 1 12
3.26973e-06 1 13
3.28852e-06 1 14
3.29723e-06 1 15
3.32293e-06 1 16
3.33867e-06 1 17
3.36953e-06 1 18
3.37475e-06 1 19
3.38995e-06 1 20
3.40705e-06 1 21
3.41071e-06 1 22
3.4236e-06 1 23
3.43674e-06 0 24
3.44933e-06 1 25
3.45749e-06 1 26
3.49756e-06 1 27
3.61285e-06 0 28
3.61713e-06 1 29
3.62857e-06 0 30
3.63086e-06 0 31
3.64574e-06 1 32
3.66743e-06 0 33
3.68069e-06 0 34
3.69947e-06 0 35
3.70864e-06 0 36
3.73262e-06 0 37
3.76602e-06 1 38
3.7964e-06 0 39
3.8395e-06 0 40
3.86076e-06 0 41
3.87846e-06 0 42
3.88433e-06 0 43
3.89742e-06 0 44
3.91848e-06 0 45
3.95244e-06 0 46
3.9563e-06 1 47
3.9842e-06 0 48
3.99002e-06 0 49
3.99002e-06 0 50
4.03409e-06 0 51
4.05187e-06 0 52
4.06062e-06 0 53
4.06796e-06 0 54
4.12256e-06 2 55
4.1264e-06 2 56
4.1562e-06 2 57
4.2056e-06 0 58
4.21804e-06 0 59
4.2544e-06 2 60
4.27909e-06 2 61
4.2914e-06 2 62
4.29295e-06 0 63
4.30543e-06 0 64
4.30657e-06 0 65
4.31062e-06 2 66
4.32718e-06 2 67
4.34462e-06 2 68
4.34769e-06 2 69
4.42641e-06 2 70
4.43963e-06 2 71
4.44409e-06 2 72
4.4449e-06 2 73
4.44841e-06 2 74
4.47085e-06 2 75
4.50352e-06 2 76
4.52709e-06 2 77
4.54091e-06 2 78
4.54929e-06 2 79
4.602e-06 0 80
4.60564e-06 2 81
4.64727e-06 2 82
4.66216e-06 2 83
4.67624e-06 2 84
4.72416e-06 2 85
4.75434e-06 2 86
4.81694e-06 2 87
4.89036e-06 2 88
4.95691e-06 2 89
4.9794e-06 2 90
Total number of ties =0
Number of samples = 30; sum = 1374
Number of samples = 30; sum = 500
Number of samples = 30; sum = 2221
Corrected T value =72.3342
p-value to accept the null hypothesis that all distribution functions are identical = 1.96261875e-16
