Number of sample populations = 3. Total number of values in the input = 90
2.65054e-05 0 1
2.70628e-05 0 2
2.7873e-05 0 3
2.80585e-05 0 4
2.81317e-05 0 5
2.81605e-05 0 6
2.8297e-05 0 7
2.866e-05 0 8
2.86674e-05 0 9
2.87826e-05 0 10
2.91959e-05 0 11
2.96441e-05 0 12
2.9726e-05 0 13
2.97903e-05 0 14
3.00354e-05 0 15
3.01848e-05 0 16
3.02188e-05 0 17
3.03217e-05 0 18
3.05596e-05 0 19
3.06115e-05 0 20
3.1032e-05 0 21
3.10645e-05 0 22
3.19093e-05 0 23
3.20627e-05 0 24
3.21359e-05 0 25
3.21445e-05 0 26
3.2633e-05 0 27
3.30364e-05 0 28
3.32593e-05 0 29
3.47966e-05 0 30
5.25636e-05 1 31
5.32282e-05 1 32
5.5671e-05 1 33
5.60343e-05 1 34
5.67463e-05 1 35
5.71114e-05 1 36
5.79943e-05 1 37
5.85782e-05 1 38
5.87594e-05 1 39
6.09941e-05 1 40
6.10034e-05 1 41
6.11975e-05 1 42
6.17487e-05 1 43
6.19652e-05 1 44
6.29103e-05 1 45
6.31644e-05 1 46
6.37313e-05 1 47
6.38147e-05 1 48
6.45362e-05 1 49
6.45425e-05 1 50
6.48057e-05 1 51
6.52669e-05 1 52
6.54083e-05 1 53
6.59233e-05 1 54
6.67013e-05 1 55
6.95315e-05 1 56
7.00326e-05 1 57
7.09784e-05 1 58
7.2178e-05 1 59
7.30615e-05 1 60
0.0292962 2 61
0.029301 2 62
0.0293121 2 63
0.0293132 2 64
0.0293178 2 65
0.0293197 2 66
0.0293236 2 67
0.029329 2 68
0.0293306 2 69
0.029333 2 70
0.0293331 2 71
0.029335 2 72
0.0293398 2 73
0.0293416 2 74
0.0293425 2 75
0.0293436 2 76
0.0293446 2 77
0.0293519 2 78
0.0293572 2 79
0.0293617 2 80
0.0293622 2 81
0.0293627 2 82
0.0293648 2 83
0.0293653 2 84
0.0293722 2 85
0.0293732 2 86
0.0293784 2 87
0.0293984 2 88
0.0293989 2 89
0.0294238 2 90
Total number of ties =0
Number of samples = 30; sum = 465
Number of samples = 30; sum = 1365
Number of samples = 30; sum = 2265
Corrected T value =79.1209
p-value to accept the null hypothesis that all distribution functions are identical = 6.59355142e-18
