9.936198447e-07
8.434920906e-07
8.606560256e-07
8.993292404e-07
8.251144244e-07
9.861355009e-07
1.001505386e-06
8.569425363e-07
9.184672652e-07
8.474901705e-07
9.036156633e-07
8.205594589e-07
1.003917798e-06
9.342205029e-07
9.338909224e-07
9.033853641e-07
9.194253480e-07
8.969956300e-07
8.912578313e-07
8.973848112e-07
8.365944528e-07
8.809532109e-07
8.121791080e-07
8.401473834e-07
8.333623603e-07
8.449235862e-07
9.785890014e-07
8.051385162e-07
8.701406867e-07
8.718558547e-07

7.435172206e-07
7.058832462e-07
6.729964128e-07
7.181850702e-07
7.074586937e-07
6.981584236e-07
6.947029779e-07
6.914456958e-07
6.937375897e-07
7.514800469e-07
7.630961231e-07
7.275628253e-07
6.513109255e-07
6.919634597e-07
7.013635701e-07
7.556107015e-07
6.579548311e-07
7.628194368e-07
7.643067407e-07
7.147005627e-07
7.233240671e-07
7.126050758e-07
7.114148974e-07
7.164440341e-07
7.720734395e-07
7.210798777e-07
7.856313900e-07
6.742473497e-07
7.352723985e-07
7.532054344e-07

8.986826941e-07
9.245385565e-07
8.433799550e-07
1.083713966e-06
9.289963165e-07
9.837707128e-07
8.989936719e-07
8.535670107e-07
9.540333773e-07
8.911379512e-07
9.108042788e-07
1.074444594e-06
8.896076134e-07
9.231694161e-07
9.645337660e-07
9.162938941e-07
9.749585460e-07
1.057682256e-06
9.388772248e-07
8.887274546e-07
9.268672568e-07
9.271701307e-07
8.871160390e-07
8.287849996e-07
7.857048830e-07
8.837092959e-07
9.118925412e-07
8.790663465e-07
8.776642321e-07
8.558664096e-07
