2.854400000e+04
2.944000000e+04
2.675200000e+04
2.905600000e+04
2.560000000e+04
2.713600000e+04
2.982400000e+04
3.200000000e+04
2.406400000e+04
2.483200000e+04
3.110400000e+04
2.931200000e+04
2.713600000e+04
2.944000000e+04
2.713600000e+04
2.534400000e+04
2.918400000e+04
2.828800000e+04
3.264000000e+04
2.624000000e+04
2.828800000e+04
2.790400000e+04
3.136000000e+04
2.867200000e+04
2.739200000e+04
2.854400000e+04
3.251200000e+04
2.649600000e+04
2.803200000e+04
2.713600000e+04

3.699985856e+10
3.699995174e+10
1.900008845e+10
1.400015322e+10
1.100015795e+10
4.000279040e+09
1.600014042e+10
3.499995610e+10
1.600016934e+10
3.799994035e+10
3.899986406e+10
1.500019098e+10
2.500002726e+10
4.299979021e+10
2.200009062e+10
4.099985203e+10
1.400017690e+10
2.700006387e+10
2.100008832e+10
2.100003520e+10
1.500015078e+10
4.099974118e+10
9.000238336e+09
4.000288512e+09
6.399953267e+10
5.000266624e+09
1.200022464e+10
2.999997146e+10
3.999985946e+10
1.200016973e+10
