8.133900000e+04
7.799800000e+04
7.467300000e+04
7.461200000e+04
8.036400000e+04
8.178100000e+04
7.186500000e+04
7.699500000e+04
7.561300000e+04
7.564100000e+04
8.367200000e+04
7.682400000e+04
7.819600000e+04
8.357800000e+04
7.592100000e+04
7.822000000e+04
7.353300000e+04
7.734600000e+04
8.155400000e+04
7.419100000e+04
7.660100000e+04
7.873200000e+04
7.728300000e+04
7.854000000e+04
7.507900000e+04
7.630000000e+04
7.389800000e+04
7.485500000e+04
7.433100000e+04
8.076300000e+04

7.852000000e+04
7.864000000e+04
7.840900000e+04
7.197000000e+04
7.614600000e+04
7.813700000e+04
8.657900000e+04
7.641900000e+04
7.878300000e+04
7.840800000e+04
7.616000000e+04
8.544000000e+04
7.644900000e+04
7.339300000e+04
8.483700000e+04
7.566600000e+04
7.900000000e+04
7.247200000e+04
7.189100000e+04
7.382800000e+04
7.683200000e+04
7.662500000e+04
7.944800000e+04
7.289700000e+04
7.569500000e+04
7.923000000e+04
7.318500000e+04
7.773200000e+04
8.350800000e+04
8.067500000e+04
