9.465200000e+04
8.475500000e+04
8.918700000e+04
9.065000000e+04
8.966800000e+04
9.368100000e+04
8.775700000e+04
9.386700000e+04
9.797300000e+04
8.347700000e+04
9.014100000e+04
8.699500000e+04
9.876700000e+04
8.679100000e+04
9.903100000e+04
8.500200000e+04
9.435300000e+04
9.558300000e+04
8.678500000e+04
9.069000000e+04
9.681400000e+04
9.609000000e+04
9.146100000e+04
9.026600000e+04
8.894700000e+04
9.262100000e+04
9.606500000e+04
8.376900000e+04
9.350400000e+04
9.130600000e+04

9.234900000e+04
9.261700000e+04
9.136500000e+04
8.715400000e+04
8.826300000e+04
9.091700000e+04
8.978700000e+04
8.390200000e+04
9.425600000e+04
9.114700000e+04
9.530700000e+04
9.837900000e+04
9.309800000e+04
9.110200000e+04
9.242700000e+04
9.215100000e+04
8.901000000e+04
8.952800000e+04
7.877900000e+04
8.345800000e+04
8.859000000e+04
9.291100000e+04
9.156800000e+04
8.677800000e+04
9.346100000e+04
8.925800000e+04
8.000400000e+04
9.249100000e+04
9.158600000e+04
9.153000000e+04
