3.400000000e+02
3.930000000e+02
3.790000000e+02
4.030000000e+02
3.300000000e+02
2.940000000e+02
3.190000000e+02
2.990000000e+02
3.220000000e+02
3.330000000e+02
3.700000000e+02
3.270000000e+02
4.140000000e+02
3.480000000e+02
3.030000000e+02
4.040000000e+02
3.510000000e+02
3.570000000e+02
3.430000000e+02
3.560000000e+02
4.260000000e+02
3.090000000e+02
3.930000000e+02
3.390000000e+02
3.390000000e+02
3.290000000e+02
3.650000000e+02
3.370000000e+02
3.520000000e+02
3.770000000e+02

1.650000000e+03
2.758000000e+03
2.052000000e+03
1.864000000e+03
2.184000000e+03
2.620000000e+03
2.584000000e+03
1.919000000e+03
1.039000000e+03
1.279000000e+03
2.065000000e+03
1.398000000e+03
2.324000000e+03
2.151000000e+03
2.235000000e+03
2.959000000e+03
1.007000000e+03
1.730000000e+03
1.946000000e+03
1.947000000e+03
2.508000000e+03
2.056000000e+03
1.509000000e+03
1.612000000e+03
1.114000000e+03
2.554000000e+03
2.815000000e+03
2.131000000e+03
1.492000000e+03
2.226000000e+03
