3.886000000e+04
4.270600000e+04
4.424500000e+04
3.992500000e+04
3.775600000e+04
3.959000000e+04
3.919400000e+04
3.850100000e+04
3.631700000e+04
3.803700000e+04
3.969300000e+04
4.176500000e+04
4.303100000e+04
3.906300000e+04
4.021500000e+04
4.337000000e+04
3.838800000e+04
3.881600000e+04
4.150100000e+04
3.976100000e+04
4.116900000e+04
3.918600000e+04
3.944700000e+04
3.843700000e+04
4.299000000e+04
4.241400000e+04
4.327500000e+04
4.180500000e+04
4.147900000e+04
4.221700000e+04

6.064200000e+04
5.241400000e+04
2.047948000e+06
6.540900000e+04
4.743200000e+04
5.659100000e+04
5.919500000e+04
6.528100000e+04
6.862500000e+04
5.911200000e+04
1.062642000e+06
6.472800000e+04
7.242600000e+04
6.502200000e+04
8.982468000e+06
6.296400000e+04
3.025738000e+06
5.414100000e+04
1.047093000e+06
6.169500000e+04
2.031465000e+06
5.323800000e+04
5.068800000e+04
5.334100000e+04
2.043431000e+06
6.201300000e+04
5.468700000e+04
5.819300000e+04
5.740600000e+04
7.160300000e+04
