1.003472222e+00
1.004987531e+00
1.004854369e+00
1.005181347e+00
1.003640777e+00
1.003658537e+00
1.004803493e+00
1.003910068e+00
1.003597122e+00
1.004803493e+00
1.004778973e+00
1.003597122e+00
1.004207574e+00
1.003474635e+00
1.005181347e+00
1.003658537e+00
1.005199307e+00
1.003740648e+00
1.004559271e+00
1.003590664e+00
1.003914746e+00
1.005720824e+00
1.003466205e+00
1.003892944e+00
1.004343105e+00
1.004966887e+00
1.004343105e+00
1.004366812e+00
1.004899292e+00
1.003731343e+00

1.007290401e+00
1.004345127e+00
1.004291845e+00
1.006180470e+00
1.006736069e+00
1.004234725e+00
1.009557945e+00
1.005395683e+00
1.007902736e+00
1.008089608e+00
1.008706468e+00
1.007194245e+00
1.004807692e+00
1.005583127e+00
1.005056890e+00
1.007985803e+00
1.004239855e+00
1.004538578e+00
1.007308161e+00
1.008610086e+00
1.005583127e+00
1.006802721e+00
1.009779951e+00
1.005714286e+00
1.006172840e+00
1.007751938e+00
1.005172414e+00
1.005385996e+00
1.004291845e+00
1.006165228e+00
