1.166500000e+04
1.161200000e+04
1.065200000e+04
1.105900000e+04
1.160700000e+04
1.108800000e+04
1.082400000e+04
1.092700000e+04
1.045100000e+04
1.067300000e+04
1.151800000e+04
1.058700000e+04
1.034500000e+04
1.189300000e+04
1.085500000e+04
1.064100000e+04
1.064900000e+04
1.114500000e+04
1.094600000e+04
1.089900000e+04
1.150700000e+04
1.082400000e+04
1.120200000e+04
1.163300000e+04
1.181300000e+04
1.178600000e+04
1.130100000e+04
1.108700000e+04
1.140600000e+04
1.138600000e+04

1.564800000e+04
1.678100000e+04
1.393100000e+04
1.659500000e+04
1.587300000e+04
1.470800000e+04
1.421500000e+04
1.850700000e+04
1.718000000e+04
1.565800000e+04
1.699500000e+04
1.541700000e+04
1.582200000e+04
1.570200000e+04
1.586500000e+04
1.471800000e+04
1.634700000e+04
1.444500000e+04
1.408800000e+04
1.675000000e+04
1.821300000e+04
1.444200000e+04
1.437800000e+04
1.705500000e+04
1.640300000e+04
1.521600000e+04
1.539600000e+04
1.503200000e+04
1.516700000e+04
1.682700000e+04
