5.400000000e+01
7.700000000e+01
7.200000000e+01
7.700000000e+01
7.700000000e+01
8.100000000e+01
7.000000000e+01
7.700000000e+01
7.700000000e+01
5.900000000e+01
6.300000000e+01
5.700000000e+01
9.400000000e+01
7.700000000e+01
7.600000000e+01
7.100000000e+01
8.700000000e+01
6.200000000e+01
7.400000000e+01
7.700000000e+01
8.900000000e+01
6.500000000e+01
6.700000000e+01
6.000000000e+01
7.700000000e+01
6.600000000e+01
8.100000000e+01
7.700000000e+01
7.200000000e+01
7.000000000e+01

1.400000000e+02
8.800000000e+01
1.210000000e+02
1.150000000e+02
1.260000000e+02
9.800000000e+01
1.220000000e+02
9.300000000e+01
1.140000000e+02
8.900000000e+01
8.100000000e+01
1.060000000e+02
9.500000000e+01
1.110000000e+02
1.050000000e+02
1.520000000e+02
9.800000000e+01
8.800000000e+01
7.300000000e+01
1.130000000e+02
7.900000000e+01
8.000000000e+01
1.110000000e+02
7.800000000e+01
9.200000000e+01
1.030000000e+02
9.200000000e+01
9.700000000e+01
9.600000000e+01
1.150000000e+02
