1.880000000e+02
1.790000000e+02
1.310000000e+02
1.280000000e+02
2.030000000e+02
1.220000000e+02
1.110000000e+02
2.020000000e+02
1.660000000e+02
2.020000000e+02
1.370000000e+02
1.920000000e+02
1.480000000e+02
1.290000000e+02
1.310000000e+02
2.020000000e+02
1.910000000e+02
1.200000000e+02
1.490000000e+02
2.270000000e+02
2.080000000e+02
2.380000000e+02
1.570000000e+02
2.680000000e+02
1.640000000e+02
1.650000000e+02
1.930000000e+02
1.350000000e+02
9.900000000e+01
1.340000000e+02

1.210000000e+02
1.140000000e+02
1.120000000e+02
1.360000000e+02
2.130000000e+02
1.450000000e+02
1.850000000e+02
1.310000000e+02
1.650000000e+02
1.120000000e+02
1.240000000e+02
1.160000000e+02
1.310000000e+02
1.170000000e+02
1.350000000e+02
1.350000000e+02
1.270000000e+02
2.080000000e+02
1.090000000e+02
1.300000000e+02
1.490000000e+02
1.270000000e+02
1.540000000e+02
1.550000000e+02
1.310000000e+02
1.520000000e+02
1.270000000e+02
1.380000000e+02
1.080000000e+02
1.520000000e+02
