2.053504000e+07
1.880281600e+07
1.929868800e+07
1.927014400e+07
1.882790400e+07
2.240512000e+07
1.881459200e+07
1.955942400e+07
1.744000000e+07
1.981977600e+07
2.193625600e+07
1.704550400e+07
2.120524800e+07
1.859827200e+07
1.644352000e+07
1.875340800e+07
1.991180800e+07
1.641881600e+07
1.644556800e+07
2.063795200e+07
1.855052800e+07
2.067020800e+07
2.263155200e+07
1.728243200e+07
1.722918400e+07
1.757542400e+07
2.092108800e+07
1.574617600e+07
2.168665600e+07
1.780096000e+07

1.205980160e+08
1.164928000e+08
1.282224640e+08
1.358496000e+08
1.426987520e+08
1.146986240e+08
1.189256960e+08
9.188838400e+07
1.063439360e+08
1.137913600e+08
1.518746880e+08
1.525222400e+08
1.172976640e+08
1.003466240e+08
1.207864320e+08
1.131791360e+08
1.255900160e+08
1.229116160e+08
1.347820800e+08
1.177349120e+08
1.197287680e+08
1.111064320e+08
1.275729920e+08
1.267055360e+08
1.042096640e+08
1.206890240e+08
1.309664000e+08
1.110982400e+08
1.398328320e+08
1.175375360e+08
