2.991662000e+06
2.722453000e+06
2.624623000e+06
2.673998000e+06
2.897330000e+06
2.413206000e+06
2.907903000e+06
2.890335000e+06
2.889953000e+06
2.564487000e+06
2.841866000e+06
3.006341000e+06
2.777898000e+06
2.808089000e+06
2.659670000e+06
2.664819000e+06
2.960159000e+06
2.725571000e+06
2.873333000e+06
3.213748000e+06
2.833201000e+06
2.773379000e+06
2.911328000e+06
2.657047000e+06
2.976314000e+06
2.722946000e+06
3.039015000e+06
3.059608000e+06
3.098554000e+06
2.768805000e+06

3.910194000e+06
3.856831000e+06
3.865308000e+06
3.715218000e+06
3.877002000e+06
3.890317000e+06
3.700880000e+06
3.961017000e+06
3.751907000e+06
3.755856000e+06
3.861938000e+06
3.726800000e+06
3.787036000e+06
3.902849000e+06
3.923231000e+06
3.830988000e+06
3.715317000e+06
3.886136000e+06
3.917565000e+06
3.747753000e+06
3.806989000e+06
3.835447000e+06
3.921348000e+06
3.850003000e+06
3.726467000e+06
3.774304000e+06
3.722746000e+06
3.856503000e+06
3.780186000e+06
3.938004000e+06
