3.815951000e+06
3.775031000e+06
3.849491000e+06
1.030530700e+07
3.027786100e+07
3.455236000e+06
4.679177000e+06
3.683266000e+06
1.123621100e+07
6.713976100e+07
5.037834000e+06
4.272688000e+06
3.858232000e+06
4.479248000e+06
3.739335000e+06
4.207864000e+06
3.613696000e+06
3.707808000e+06
2.006354900e+07
4.068202000e+06
2.221719500e+07
5.152916000e+06
2.807289700e+07
4.860195000e+06
3.641453000e+06
4.091680000e+06
1.088530700e+07
4.124066000e+06
3.686564000e+06
3.846599000e+06

9.512156000e+06
9.009788000e+06
3.053995700e+07
8.657747000e+06
6.858163000e+06
1.205753700e+07
7.180139000e+06
7.148982000e+06
7.151174000e+06
8.233852000e+06
7.035569000e+06
6.386441000e+06
6.593433000e+06
6.483870000e+06
6.661581000e+06
6.677143000e+06
7.183262000e+06
8.106858000e+06
7.587387000e+06
7.517403000e+06
8.220390000e+06
1.314348300e+07
7.988140000e+06
7.770805000e+06
6.944672000e+06
9.429409000e+06
8.796304000e+06
1.155592500e+07
5.833243000e+06
7.179335000e+06
