2.290000000e+03
7.140000000e+02
9.510000000e+02
2.469000000e+03
9.760000000e+02
2.256000000e+03
6.240000000e+02
1.733000000e+03
6.930000000e+02
5.900000000e+02
1.772000000e+03
3.070000000e+03
4.069000000e+03
1.861000000e+03
6.960000000e+02
6.740000000e+02
5.740000000e+02
7.590000000e+02
5.870000000e+02
7.330000000e+02
3.186000000e+03
1.749000000e+03
5.980000000e+02
6.700000000e+02
1.848000000e+03
1.209000000e+03
6.160000000e+02
1.004000000e+03
6.410000000e+02
1.447000000e+03

3.266000000e+03
5.086000000e+03
3.384000000e+03
4.729000000e+03
2.888000000e+03
3.820000000e+03
2.533000000e+03
6.133000000e+03
5.638000000e+03
4.497000000e+03
2.892000000e+03
3.556000000e+03
3.555000000e+03
2.492000000e+03
5.465000000e+03
4.781000000e+03
3.403000000e+03
6.566000000e+03
6.233000000e+03
4.328000000e+03
4.316000000e+03
3.817000000e+03
5.188000000e+03
4.767000000e+03
4.607000000e+03
8.460000000e+03
5.751000000e+03
3.670000000e+03
2.476000000e+03
2.863000000e+03
