1.065344000e+07
9.414656000e+06
8.990592000e+06
1.048742400e+07
1.011507200e+07
1.014323200e+07
1.035404800e+07
1.270208000e+07
1.170944000e+07
9.606784000e+06
9.397632000e+06
1.177318400e+07
1.031411200e+07
1.000217600e+07
1.046848000e+07
9.152768000e+06
1.065689600e+07
9.837184000e+06
9.118464000e+06
8.554368000e+06
8.854912000e+06
9.891584000e+06
1.096307200e+07
1.110924800e+07
1.008768000e+07
8.784640000e+06
9.664000000e+06
1.091084800e+07
8.961664000e+06
9.535104000e+06

2.989465600e+07
3.947699200e+07
3.096524800e+07
3.091097600e+07
3.512985600e+07
3.968230400e+07
3.919488000e+07
3.145715200e+07
2.759065600e+07
2.996160000e+07
2.863744000e+07
2.705561600e+07
3.333708800e+07
2.949683200e+07
3.063014400e+07
4.200627200e+07
2.893376000e+07
2.955148800e+07
2.801241600e+07
3.134105600e+07
3.814630400e+07
3.286809600e+07
2.946547200e+07
2.810508800e+07
2.699020800e+07
3.754764800e+07
3.967846400e+07
2.725747200e+07
2.914867200e+07
3.592512000e+07
