3.795399506e-05
3.765036067e-05
3.480677262e-05
3.545766315e-05
2.890512419e-05
3.590094107e-05
3.827095103e-05
4.034231115e-05
3.796864439e-05
3.767830667e-05
3.589109313e-05
4.430154017e-05
3.815982559e-05
4.092132115e-05
3.705110842e-05
4.382010225e-05
4.793843965e-05
3.862898896e-05
3.783619526e-05
3.667994548e-05
4.484103440e-05
3.680647070e-05
4.273278721e-05
3.578839216e-05
3.472902343e-05
3.559889390e-05
4.085382677e-05
4.340061480e-05
3.993295923e-05
3.371780972e-05

1.208204274e-04
1.031011860e-04
1.037105945e-04
9.554004079e-05
1.346063520e-04
1.227754536e-04
1.210841406e-04
1.206721369e-04
1.124159267e-04
1.136399660e-04
1.187684792e-04
1.009047667e-04
1.157816411e-04
1.116321033e-04
1.001558933e-04
1.132220050e-04
1.297112987e-04
1.043269516e-04
1.075020457e-04
9.654610214e-05
1.010940870e-04
1.188277614e-04
1.129743184e-04
1.047628952e-04
1.158378840e-04
9.562450086e-05
1.132287044e-04
1.018975199e-04
1.096601511e-04
9.862527443e-05
