4.060000000e+02
2.970000000e+02
3.470000000e+02
3.340000000e+02
2.640000000e+02
3.730000000e+02
2.890000000e+02
2.750000000e+02
2.820000000e+02
3.060000000e+02
2.730000000e+02
3.430000000e+02
3.080000000e+02
2.840000000e+02
3.080000000e+02
3.430000000e+02
2.930000000e+02
3.110000000e+02
3.020000000e+02
2.980000000e+02
2.730000000e+02
2.880000000e+02
3.200000000e+02
2.890000000e+02
3.520000000e+02
3.150000000e+02
2.970000000e+02
3.610000000e+02
3.540000000e+02
2.730000000e+02

4.190000000e+02
3.420000000e+02
3.950000000e+02
3.390000000e+02
4.280000000e+02
3.690000000e+02
4.510000000e+02
4.100000000e+02
3.890000000e+02
3.690000000e+02
4.070000000e+02
4.150000000e+02
4.400000000e+02
3.930000000e+02
3.490000000e+02
3.770000000e+02
4.890000000e+02
5.270000000e+02
3.450000000e+02
4.720000000e+02
3.640000000e+02
3.800000000e+02
4.030000000e+02
4.570000000e+02
4.220000000e+02
4.300000000e+02
3.380000000e+02
4.450000000e+02
3.980000000e+02
4.250000000e+02
