7.947000000e+03
7.922000000e+03
7.512000000e+03
7.829000000e+03
7.515000000e+03
7.773000000e+03
7.917000000e+03
7.531000000e+03
7.258000000e+03
8.128000000e+03
8.590000000e+03
7.889000000e+03
6.768000000e+03
7.274000000e+03
7.377000000e+03
8.540000000e+03
7.457000000e+03
8.346000000e+03
8.002000000e+03
7.828000000e+03
7.767000000e+03
7.870000000e+03
8.035000000e+03
7.722000000e+03
8.367000000e+03
7.848000000e+03
9.020000000e+03
7.546000000e+03
8.593000000e+03
8.113000000e+03

9.558000000e+03
1.015500000e+04
1.003400000e+04
1.039400000e+04
1.082800000e+04
1.025500000e+04
1.112700000e+04
1.168900000e+04
1.138000000e+04
1.009064000e+06
9.546000000e+03
1.106900000e+04
8.781000000e+03
9.059000000e+03
1.076600000e+04
1.029000000e+04
1.047600000e+04
8.685000000e+03
9.113000000e+03
1.014700000e+04
9.810000000e+03
1.022000000e+04
9.221000000e+03
8.718000000e+03
8.408000000e+03
9.893000000e+03
9.595000000e+03
8.622000000e+03
9.408000000e+03
1.043100000e+04
