3.712000000e+05
4.856320000e+05
4.613120000e+05
3.656960000e+05
5.565440000e+05
4.760320000e+05
4.047360000e+05
4.768000000e+05
4.657920000e+05
4.750080000e+05
5.378560000e+05
4.631040000e+05
5.387520000e+05
4.779520000e+05
4.343040000e+05
3.444480000e+05
4.428800000e+05
4.497920000e+05
4.424960000e+05
4.995840000e+05
4.742400000e+05
4.712960000e+05
4.680960000e+05
4.524800000e+05
5.596160000e+05
4.465920000e+05
5.232640000e+05
5.379840000e+05
4.596480000e+05
4.761600000e+05

1.356288000e+06
1.294848000e+06
1.178368000e+06
1.292032000e+06
1.268736000e+06
1.122432000e+06
1.143424000e+06
1.349632000e+06
1.309184000e+06
1.089920000e+06
1.419392000e+06
1.149184000e+06
1.175936000e+06
1.305856000e+06
1.299840000e+06
1.434624000e+06
1.204096000e+06
1.246976000e+06
1.367296000e+06
1.305600000e+06
1.185152000e+06
1.102080000e+06
1.038464000e+06
1.354368000e+06
1.325184000e+06
1.052928000e+06
1.516928000e+06
1.223936000e+06
1.461376000e+06
1.263104000e+06
