1.654689643e-06
1.486540789e-06
1.572991241e-06
1.574369963e-06
1.475907227e-06
1.502459416e-06
1.429477213e-06
1.473554015e-06
1.614468845e-06
1.495029323e-06
1.396324711e-06
1.455398425e-06
1.454743416e-06
1.420781493e-06
1.493271201e-06
1.501581293e-06
1.432434136e-06
1.646455559e-06
1.428060009e-06
1.526565420e-06
1.452119586e-06
1.504760451e-06
1.548764559e-06
1.339938181e-06
1.631750983e-06
1.492212280e-06
1.282624147e-06
1.526392526e-06
1.415905291e-06
1.535402337e-06

1.351687431e-06
1.398895487e-06
1.510449907e-06
1.511139407e-06
1.464597857e-06
1.765759312e-06
1.540221653e-06
1.367528652e-06
1.602291771e-06
1.482199915e-06
1.431475375e-06
1.525534522e-06
1.635768424e-06
1.560757920e-06
1.571891562e-06
1.512097330e-06
1.453480263e-06
1.530639467e-06
1.374873196e-06
1.553511301e-06
1.478717044e-06
1.377602614e-06
1.506371308e-06
1.408714639e-06
1.608486016e-06
1.632242719e-06
1.557919600e-06
1.530813679e-06
1.576478463e-06
1.499412672e-06
