4.992000000e+03
2.816000000e+03
3.968000000e+03
2.432000000e+03
3.584000000e+03
2.944000000e+03
3.584000000e+03
3.840000000e+03
2.816000000e+03
4.224000000e+03
3.200000000e+03
2.688000000e+03
4.480000000e+03
3.712000000e+03
3.328000000e+03
4.480000000e+03
3.200000000e+03
5.248000000e+03
3.072000000e+03
3.200000000e+03
3.968000000e+03
3.968000000e+03
3.968000000e+03
3.968000000e+03
4.224000000e+03
3.712000000e+03
3.968000000e+03
3.456000000e+03
3.840000000e+03
3.968000000e+03

5.888000000e+03
5.248000000e+03
7.040000000e+03
7.296000000e+03
7.040000000e+03
7.680000000e+03
8.320000000e+03
8.192000000e+03
5.632000000e+03
6.144000000e+03
5.888000000e+03
5.632000000e+03
7.296000000e+03
6.144000000e+03
7.168000000e+03
5.888000000e+03
6.656000000e+03
5.504000000e+03
5.504000000e+03
7.040000000e+03
6.400000000e+03
6.784000000e+03
5.504000000e+03
7.296000000e+03
6.528000000e+03
5.760000000e+03
5.376000000e+03
6.528000000e+03
6.528000000e+03
6.656000000e+03
