1.803221191e-05
2.130437642e-05
2.027328775e-05
2.457748604e-05
2.043417126e-05
2.092071054e-05
2.141018821e-05
1.948368219e-05
2.053989523e-05
1.975925944e-05
1.979233781e-05
2.063656683e-05
1.932344882e-05
2.150083059e-05
2.091532691e-05
2.214133502e-05
1.725149979e-05
2.028347093e-05
1.845716470e-05
1.985199919e-05
1.812120328e-05
2.019339358e-05
2.192623356e-05
2.196830909e-05
2.055742703e-05
1.654245791e-05
2.487390539e-05
2.212908366e-05
2.027482360e-05
2.114025583e-05

3.658912509e-05
4.594642918e-05
3.168416432e-05
4.243081701e-05
3.991513286e-05
4.100389201e-05
5.807697677e-05
2.818414607e-05
3.782246322e-05
2.562089881e-05
3.662266414e-05
3.005366068e-05
4.025667998e-05
3.156305327e-05
3.371861119e-05
4.390902811e-05
4.362164340e-05
3.970877857e-05
3.306130331e-05
3.996647033e-05
3.009798108e-05
5.183802992e-05
2.692752976e-05
2.977567430e-05
4.638509158e-05
3.955702220e-05
2.770000448e-05
3.725917611e-05
5.312134536e-05
3.011766677e-05
