1.665800000e+04
1.565300000e+04
1.472000000e+04
1.464000000e+04
1.533600000e+04
1.480600000e+04
1.790400000e+04
1.668500000e+04
1.586200000e+04
1.435900000e+04
1.430000000e+04
1.549800000e+04
1.636600000e+04
1.552800000e+04
1.586500000e+04
1.580300000e+04
1.684600000e+04
1.591200000e+04
1.612200000e+04
1.454300000e+04
1.537600000e+04
1.623500000e+04
1.464800000e+04
1.612600000e+04
1.474800000e+04
1.412200000e+04
1.566200000e+04
1.503200000e+04
1.428500000e+04
1.619700000e+04

1.807700000e+04
1.843200000e+04
1.966700000e+04
1.961800000e+04
1.872800000e+04
1.839300000e+04
1.809600000e+04
1.694200000e+04
1.853500000e+04
1.630700000e+04
1.780700000e+04
1.689300000e+04
1.762900000e+04
1.692200000e+04
1.742000000e+04
1.789300000e+04
1.648500000e+04
1.716300000e+04
1.927500000e+04
1.719900000e+04
1.604200000e+04
1.512400000e+04
1.669700000e+04
1.729000000e+04
1.684200000e+04
1.779500000e+04
1.681400000e+04
1.629500000e+04
1.640200000e+04
1.717000000e+04
