4.120332407e-07
4.031172017e-07
3.801849292e-07
4.121206258e-07
3.344545158e-07
3.885014877e-07
3.606953279e-07
3.616212352e-07
3.706955974e-07
4.361501826e-07
3.912246786e-07
3.596876243e-07
3.870028066e-07
3.811138305e-07
3.908783317e-07
4.065013101e-07
3.699153586e-07
3.741050950e-07
3.834200557e-07
3.613337704e-07
3.588781242e-07
3.477281153e-07
3.898760572e-07
3.429038886e-07
4.354699039e-07
3.492311478e-07
3.047931084e-07
4.029209144e-07
3.607881023e-07
3.761837755e-07

4.008959265e-07
4.287949405e-07
4.189027348e-07
4.622853661e-07
4.443959229e-07
4.410745290e-07
5.103260366e-07
4.896068158e-07
3.905664358e-07
4.572080059e-07
4.319271529e-07
3.880010092e-07
4.067135254e-07
4.172917184e-07
4.066373578e-07
4.239600152e-07
4.934382291e-07
4.333211236e-07
4.485761183e-07
4.028044675e-07
4.214370636e-07
4.456624685e-07
4.146411422e-07
3.739932388e-07
4.837286979e-07
4.157851331e-07
4.800242306e-07
4.155389457e-07
4.262934659e-07
4.283915077e-07
