2.350000000e+02
1.520000000e+02
2.260000000e+02
1.740000000e+02
1.900000000e+02
2.500000000e+02
1.900000000e+02
2.160000000e+02
2.340000000e+02
1.990000000e+02
1.790000000e+02
2.020000000e+02
2.270000000e+02
1.810000000e+02
2.040000000e+02
2.230000000e+02
2.230000000e+02
2.220000000e+02
1.940000000e+02
2.060000000e+02
1.810000000e+02
2.340000000e+02
1.800000000e+02
1.940000000e+02
1.740000000e+02
2.150000000e+02
1.660000000e+02
1.830000000e+02
2.130000000e+02
1.880000000e+02

2.550000000e+02
2.580000000e+02
2.460000000e+02
2.360000000e+02
2.440000000e+02
2.890000000e+02
2.480000000e+02
2.870000000e+02
2.140000000e+02
2.890000000e+02
2.750000000e+02
2.160000000e+02
2.290000000e+02
2.620000000e+02
2.730000000e+02
2.350000000e+02
3.120000000e+02
2.210000000e+02
2.290000000e+02
2.600000000e+02
2.130000000e+02
2.320000000e+02
2.510000000e+02
2.680000000e+02
2.460000000e+02
2.370000000e+02
2.390000000e+02
2.100000000e+02
2.300000000e+02
2.390000000e+02
