Number of sample populations = 3. Total number of values in the input = 90
34005 0 1
34206 0 2
34783 0 3
35065 0 4
35152 0 5
35282 0 6
35315 0 7
35676 0 8
35835 0 9
35842 0 10
35844 0 11
35856 0 12
35893 0 13
36095 0 14
36151 0 15
36191 0 16
36247 0 17
36427 0 18
36571 0 19
36964 0 20
37013 0 21
37141 0 22
37690 0 23
37796 0 24
37913 0 25
38133 0 26
38894 0 27
38998 0 28
39421 0 29
39654 0 30
45839 1 31
47351 1 32
47718 1 33
48183 1 34
48408 1 35
48459 1 36
48692 1 37
48896 1 38
49121 1 39
49598 1 40
49601 1 41
49818 1 42
49873 1 43
50012 1 44
50129 1 45
50498 1 46
50660 1 47
50691 1 48
50801 1 49
51249 1 50
51407 1 51
51460 1 52
51463 1 53
51528 1 54
51832 1 55
52016 1 56
52031 1 57
52134 1 58
52138 1 59
54071 1 60
62483 2 61
62872 2 62
63200 2 63
63788 2 64
63791 2 65
63983 2 66
64157 2 67
65528 2 68
65841 2 69
66157 2 70
67007 2 71
67528 2 72
67905 2 73
68262 2 74
68402 2 75
68439 2 76
68813 2 77
69017 2 78
69656 2 79
69763 2 80
69763 2 80
69960 2 82
69961 2 83
70252 2 84
70498 2 85
71063 2 86
72005 2 87
73614 2 88
75650 2 89
75796 2 90
Total number of ties =1
Number of samples = 30; sum = 465
Number of samples = 30; sum = 1365
Number of samples = 30; sum = 2265
Corrected T value =79.1215
p-value to accept the null hypothesis that all distribution functions are identical = 6.59140462e-18
