3.642700000e+04
3.400500000e+04
3.478300000e+04
3.619100000e+04
3.609500000e+04
3.965400000e+04
3.567600000e+04
3.899800000e+04
3.584200000e+04
3.779600000e+04
3.506500000e+04
3.584400000e+04
3.585600000e+04
3.624700000e+04
3.589300000e+04
3.769000000e+04
3.889400000e+04
3.515200000e+04
3.528200000e+04
3.791300000e+04
3.583500000e+04
3.420600000e+04
3.531500000e+04
3.813300000e+04
3.714100000e+04
3.942100000e+04
3.696400000e+04
3.657100000e+04
3.701300000e+04
3.615100000e+04

5.146300000e+04
5.049800000e+04
5.066000000e+04
5.001200000e+04
4.981800000e+04
5.069100000e+04
4.583900000e+04
4.818300000e+04
4.840800000e+04
4.735100000e+04
4.960100000e+04
5.124900000e+04
4.771800000e+04
5.080100000e+04
5.012900000e+04
5.146000000e+04
5.201600000e+04
4.889600000e+04
5.152800000e+04
5.183200000e+04
5.407100000e+04
5.213400000e+04
4.869200000e+04
4.912100000e+04
5.213800000e+04
5.140700000e+04
5.203100000e+04
4.845900000e+04
4.959800000e+04
4.987300000e+04

6.700700000e+04
6.996100000e+04
6.287200000e+04
6.398300000e+04
6.843900000e+04
6.248300000e+04
7.565000000e+04
7.106300000e+04
7.049800000e+04
6.965600000e+04
6.552800000e+04
6.901700000e+04
6.584100000e+04
7.025200000e+04
6.826200000e+04
6.881300000e+04
7.579600000e+04
6.790500000e+04
6.752800000e+04
6.976300000e+04
6.320000000e+04
6.976300000e+04
6.379100000e+04
7.361400000e+04
6.615700000e+04
6.378800000e+04
7.200500000e+04
6.996000000e+04
6.840200000e+04
6.415700000e+04
