2.350000000e+02
1.590000000e+02
2.950000000e+02
2.260000000e+02
3.000000000e+02
2.100000000e+02
1.610000000e+02
2.360000000e+02
2.570000000e+02
1.820000000e+02
1.830000000e+02
2.750000000e+02
2.680000000e+02
2.870000000e+02
3.030000000e+02
3.450000000e+02
1.670000000e+02
3.890000000e+02
1.580000000e+02
2.830000000e+02
2.290000000e+02
2.860000000e+02
1.500000000e+02
2.190000000e+02
2.410000000e+02
2.420000000e+02
2.040000000e+02
2.430000000e+02
2.380000000e+02
1.870000000e+02

1.440000000e+03
9.300000000e+02
1.007000000e+03
8.800000000e+02
6.690000000e+02
1.341000000e+03
1.005000000e+03
1.395000000e+03
1.142000000e+03
6.910000000e+02
7.770000000e+02
8.070000000e+02
1.290000000e+03
1.094000000e+03
9.530000000e+02
7.560000000e+02
1.047000000e+03
6.750000000e+02
1.155000000e+03
9.100000000e+02
7.820000000e+02
7.160000000e+02
1.405000000e+03
7.040000000e+02
1.576000000e+03
9.500000000e+02
7.510000000e+02
9.860000000e+02
7.380000000e+02
8.630000000e+02
