1.873587100e+07
3.969242000e+06
1.417271700e+07
9.532481000e+06
6.483935000e+06
9.936015000e+06
9.088656000e+06
1.942051100e+07
9.623056000e+06
6.805024000e+06
5.872710000e+06
2.234289500e+07
6.613042000e+06
2.510209400e+07
1.183367800e+07
1.302365800e+07
1.808954700e+07
6.695472000e+06
1.047259200e+07
5.715027000e+06
1.012230700e+07
1.373860500e+07
1.067145500e+07
1.372212300e+07
1.102740200e+07
1.050138000e+07
1.869526700e+07
6.804260000e+06
2.155689200e+07
1.283699900e+07

8.213473800e+07
1.231953260e+08
8.212200100e+07
1.445738680e+08
1.442772150e+08
7.911529700e+07
1.042983110e+08
8.256280100e+07
1.249567360e+08
1.280422530e+08
5.707635100e+07
1.159519000e+08
1.324733620e+08
8.187067300e+07
9.901402300e+07
1.033788910e+08
1.241162180e+08
1.152606920e+08
1.069770560e+08
6.351779300e+07
1.312641800e+07
1.534443660e+08
1.222929840e+08
5.435982300e+07
1.012952690e+08
7.785078600e+07
1.008616370e+08
1.218547460e+08
1.247082680e+08
2.473685500e+07
