2.010200000e+04
2.038900000e+04
1.808900000e+04
1.857700000e+04
1.894500000e+04
1.863600000e+04
1.717100000e+04
1.727600000e+04
1.778500000e+04
1.970700000e+04
1.905000000e+04
1.788900000e+04
2.015000000e+04
1.888300000e+04
1.936200000e+04
1.770600000e+04
1.848000000e+04
1.842600000e+04
1.941000000e+04
1.793900000e+04
1.771000000e+04
1.907200000e+04
1.972700000e+04
1.889500000e+04
1.866000000e+04
1.789500000e+04
1.967300000e+04
1.807900000e+04
1.935500000e+04
1.990900000e+04

2.643700000e+04
1.931200000e+04
2.411000000e+04
2.311900000e+04
2.556800000e+04
1.838900000e+04
2.539800000e+04
2.442700000e+04
2.258600000e+04
2.277900000e+04
2.232300000e+04
2.318500000e+04
2.797200000e+04
2.235000000e+04
2.564600000e+04
2.010500000e+04
1.565200000e+04
2.337500000e+04
2.269500000e+04
2.068400000e+04
2.058600000e+04
2.329300000e+04
1.958000000e+04
2.473400000e+04
2.100700000e+04
2.757600000e+04
2.087400000e+04
2.103500000e+04
2.156900000e+04
2.565000000e+04
