1.211051228e-05
1.500867397e-05
1.300360560e-05
1.249975748e-05
1.348352045e-05
1.273866107e-05
1.309222427e-05
1.215111755e-05
1.538151432e-05
1.539547175e-05
1.333522239e-05
1.612046691e-05
1.596504815e-05
1.499318149e-05
1.451712856e-05
1.404353957e-05
1.289770702e-05
1.430431112e-05
1.326811863e-05
1.309058970e-05
1.196668332e-05
1.386082095e-05
1.632789305e-05
1.302922190e-05
1.432513450e-05
1.290393009e-05
1.379837482e-05
1.163634816e-05
1.262966541e-05
1.310041373e-05

1.461815608e-05
1.736987656e-05
1.429406686e-05
1.556538579e-05
1.656937644e-05
1.547290836e-05
1.707598831e-05
1.506885806e-05
1.638290797e-05
1.657767093e-05
1.729153764e-05
1.760818099e-05
1.743408959e-05
1.669104674e-05
1.696194955e-05
1.751828735e-05
1.545788215e-05
1.913804082e-05
1.750341950e-05
1.777484989e-05
1.799026588e-05
1.629381636e-05
1.539609319e-05
1.793930106e-05
1.867501466e-05
1.658064865e-05
2.394838424e-05
1.708892271e-05
1.674245986e-05
1.549341085e-05
