1.166794043e-06
1.239668740e-06
1.158531137e-06
1.198533612e-06
1.239154370e-06
1.255684613e-06
1.210445855e-06
1.061690156e-06
1.266135580e-06
1.136235710e-06
1.268124920e-06
1.186395700e-06
1.186503564e-06
1.202736881e-06
1.343242769e-06
1.315544672e-06
1.226641089e-06
1.039467104e-06
1.175610162e-06
1.316802036e-06
1.120561834e-06
1.165505980e-06
1.462225763e-06
1.137577385e-06
1.088029930e-06
1.144311590e-06
1.184258496e-06
1.136693514e-06
1.096132996e-06
1.271119328e-06

8.913902463e-07
9.372576256e-07
8.435556834e-07
9.718194274e-07
8.458171183e-07
9.507336201e-07
9.551121387e-07
9.579673454e-07
9.186374846e-07
9.170619572e-07
8.983004191e-07
9.980403193e-07
9.239238665e-07
9.629451848e-07
9.833542661e-07
9.187892209e-07
9.532339769e-07
1.046381309e-06
8.951327975e-07
8.838385573e-07
9.159297427e-07
1.012617271e-06
9.180510580e-07
1.038084431e-06
8.430467418e-07
9.322566326e-07
8.807750873e-07
8.746883469e-07
1.007460709e-06
9.158045133e-07
