3.200000000e+01
3.300000000e+01
3.200000000e+01
2.400000000e+01
3.600000000e+01
2.700000000e+01
2.900000000e+01
3.300000000e+01
3.300000000e+01
3.200000000e+01
2.400000000e+01
2.500000000e+01
3.700000000e+01
3.100000000e+01
3.000000000e+01
4.100000000e+01
3.700000000e+01
3.500000000e+01
3.000000000e+01
2.400000000e+01
2.400000000e+01
2.900000000e+01
2.600000000e+01
3.100000000e+01
2.400000000e+01
3.400000000e+01
2.700000000e+01
2.500000000e+01
2.900000000e+01
2.900000000e+01

4.200000000e+01
4.100000000e+01
4.900000000e+01
3.500000000e+01
5.900000000e+01
4.000000000e+01
5.000000000e+01
4.100000000e+01
4.900000000e+01
4.000000000e+01
4.300000000e+01
4.100000000e+01
4.500000000e+01
4.000000000e+01
4.100000000e+01
4.100000000e+01
4.000000000e+01
4.400000000e+01
3.800000000e+01
3.900000000e+01
4.700000000e+01
4.500000000e+01
4.500000000e+01
4.400000000e+01
3.900000000e+01
4.000000000e+01
3.500000000e+01
4.800000000e+01
4.900000000e+01
4.400000000e+01

1.050000000e+02
1.160000000e+02
1.060000000e+02
9.100000000e+01
9.100000000e+01
9.700000000e+01
1.070000000e+02
9.500000000e+01
9.700000000e+01
9.800000000e+01
1.000000000e+02
1.070000000e+02
9.700000000e+01
9.600000000e+01
1.120000000e+02
1.020000000e+02
9.500000000e+01
9.600000000e+01
1.040000000e+02
9.100000000e+01
1.050000000e+02
1.110000000e+02
9.700000000e+01
9.300000000e+01
9.900000000e+01
9.900000000e+01
1.140000000e+02
9.800000000e+01
9.500000000e+01
9.500000000e+01
