1.108864000e+06
1.083648000e+06
1.144960000e+06
1.271936000e+06
1.174912000e+06
1.262720000e+06
1.089792000e+06
1.172608000e+06
1.149824000e+06
1.062784000e+06
1.262848000e+06
1.277696000e+06
1.151104000e+06
1.078784000e+06
1.161472000e+06
1.097344000e+06
1.119104000e+06
1.027712000e+06
1.203456000e+06
1.327360000e+06
1.169280000e+06
1.391872000e+06
1.258496000e+06
1.189888000e+06
1.320704000e+06
1.250944000e+06
1.261696000e+06
1.242496000e+06
1.149184000e+06
1.210496000e+06

9.315584000e+06
8.034560000e+06
8.332800000e+06
1.034790400e+07
8.623872000e+06
1.008281600e+07
7.560192000e+06
9.197952000e+06
8.194304000e+06
1.004633600e+07
7.523200000e+06
8.288512000e+06
9.317760000e+06
9.640960000e+06
9.346048000e+06
8.396416000e+06
7.820928000e+06
8.690432000e+06
8.073216000e+06
8.196992000e+06
9.530624000e+06
6.720512000e+06
9.657472000e+06
8.711424000e+06
7.956992000e+06
8.157184000e+06
7.681792000e+06
9.104512000e+06
7.740416000e+06
8.815360000e+06
