1.959830775e-07
2.132351161e-07
2.014969642e-07
1.745910031e-07
2.732311040e-07
1.664074583e-07
2.632481599e-07
1.780761493e-07
1.772565892e-07
2.203679233e-07
2.610423737e-07
1.968986055e-07
2.059581972e-07
1.498184929e-07
2.089971563e-07
1.801090414e-07
2.181690832e-07
2.918460954e-07
2.754067905e-07
1.795418564e-07
3.644967613e-07
2.334323015e-07
1.945653144e-07
1.969106215e-07
2.157317603e-07
2.351124994e-07
2.495380339e-07
2.844132485e-07
2.708320246e-07
2.063354424e-07

1.056472397e-07
4.336849955e-08
5.310010658e-08
1.106524243e-07
4.625899566e-08
1.019703571e-07
3.343110429e-08
8.019217530e-08
3.549772897e-08
3.113218444e-08
8.523013433e-08
1.517392894e-07
1.785573863e-07
9.117268328e-08
4.042343263e-08
3.481952606e-08
3.079513887e-08
4.077201512e-08
2.622065242e-08
3.974379259e-08
1.433842878e-07
7.443453635e-08
3.270918885e-08
4.023995976e-08
8.759683855e-08
6.642520304e-08
3.183070669e-08
4.680989331e-08
3.523022425e-08
6.588775847e-08
