Number of sample populations = 3. Total number of values in the input = 90
1.56287e+06 1 1
1.56777e+06 1 2
1.59166e+06 1 3
1.59484e+06 1 4
1.64585e+06 1 5
1.66137e+06 1 6
1.69415e+06 1 7
1.69916e+06 1 8
1.70069e+06 1 9
1.70094e+06 1 10
1.73686e+06 1 11
1.76984e+06 1 12
1.78924e+06 1 13
1.79245e+06 1 14
1.82224e+06 1 15
1.83324e+06 1 16
1.8483e+06 1 17
1.89049e+06 1 18
1.94152e+06 1 19
1.95096e+06 1 20
1.95664e+06 1 21
1.96559e+06 1 22
1.98888e+06 1 23
1.99216e+06 1 24
1.99369e+06 1 25
2.11989e+06 1 26
2.13194e+06 1 27
2.16525e+06 1 28
2.25068e+06 1 29
2.43274e+06 1 30
3.10192e+06 2 31
4.99727e+06 0 32
5.02962e+06 0 33
5.05787e+06 0 34
5.0772e+06 0 35
5.08787e+06 0 36
5.1213e+06 0 37
5.13781e+06 0 38
5.13965e+06 0 39
5.13976e+06 0 40
5.17287e+06 0 41
5.17503e+06 0 42
5.17523e+06 0 43
5.19339e+06 0 44
5.22138e+06 0 45
5.25436e+06 0 46
5.26946e+06 0 47
5.28847e+06 0 48
5.33952e+06 0 49
5.37784e+06 0 50
5.3951e+06 0 51
5.39794e+06 0 52
5.4238e+06 0 53
5.43234e+06 0 54
5.48538e+06 0 55
5.50904e+06 0 56
5.54695e+06 0 57
5.62246e+06 0 58
5.64958e+06 0 59
5.73989e+06 0 60
5.74706e+06 0 61
2.89607e+08 2 62
2.92377e+08 2 63
2.92454e+08 2 64
2.92675e+08 2 65
2.9325e+08 2 66
2.93286e+08 2 67
2.93362e+08 2 68
2.93366e+08 2 69
2.93382e+08 2 70
2.93434e+08 2 71
2.93436e+08 2 72
2.93444e+08 2 73
2.93452e+08 2 74
2.93501e+08 2 75
2.93627e+08 2 76
2.93727e+08 2 77
2.93799e+08 2 78
2.99187e+08 2 79
3.09096e+08 2 80
3.09964e+08 2 81
3.13822e+08 2 82
3.13854e+08 2 83
3.13913e+08 2 84
3.13915e+08 2 85
3.13926e+08 2 86
3.13935e+08 2 87
3.14264e+08 2 88
3.30375e+08 2 89
3.30626e+08 2 90
Total number of ties =0
Number of samples = 30; sum = 1395
Number of samples = 30; sum = 465
Number of samples = 30; sum = 2235
Corrected T value =76.5714
p-value to accept the null hypothesis that all distribution functions are identical = 2.35898701e-17
