5.339521000e+06
5.269465000e+06
5.423801000e+06
5.057871000e+06
5.029620000e+06
5.077200000e+06
5.747057000e+06
5.509040000e+06
5.622457000e+06
5.397936000e+06
5.377843000e+06
5.139650000e+06
5.193386000e+06
5.137814000e+06
5.649579000e+06
5.221381000e+06
5.739889000e+06
5.121296000e+06
5.395099000e+06
5.175231000e+06
4.997268000e+06
5.087869000e+06
5.172866000e+06
5.485379000e+06
5.254363000e+06
5.546948000e+06
5.432335000e+06
5.288468000e+06
5.139760000e+06
5.175028000e+06

1.700686000e+06
1.890490000e+06
1.789236000e+06
1.562874000e+06
2.432738000e+06
1.950959000e+06
1.992160000e+06
1.848304000e+06
1.594845000e+06
2.131943000e+06
1.769840000e+06
1.941523000e+06
1.833238000e+06
1.645849000e+06
1.993689000e+06
2.165252000e+06
1.792447000e+06
1.699165000e+06
1.661372000e+06
1.700945000e+06
1.822242000e+06
1.591663000e+06
1.736855000e+06
1.956642000e+06
2.250677000e+06
1.567774000e+06
1.988883000e+06
1.694146000e+06
1.965589000e+06
2.119886000e+06

2.937273790e+08
3.101917000e+06
2.932503670e+08
3.090957090e+08
2.933663280e+08
2.991866180e+08
2.924542010e+08
3.306264680e+08
2.932863570e+08
2.933615730e+08
2.937991880e+08
3.099635420e+08
2.934519580e+08
3.138542750e+08
2.934341910e+08
3.139258170e+08
2.896065900e+08
2.934359990e+08
2.923768860e+08
2.934439110e+08
2.933823180e+08
3.138222070e+08
3.142643860e+08
3.139149780e+08
3.303754270e+08
3.139126470e+08
2.935007760e+08
3.139348680e+08
2.926747950e+08
2.936269970e+08
