5.262910506e-07
5.809899180e-07
5.269954810e-07
5.008602576e-07
5.591759279e-07
5.633919316e-07
6.075028256e-07
4.940903243e-07
5.042910326e-07
5.713291692e-07
4.876757997e-07
4.841681386e-07
5.511808859e-07
4.665090744e-07
5.084133439e-07
4.662821285e-07
5.309749980e-07
5.314345584e-07
5.126117429e-07
5.173824766e-07
5.454729475e-07
5.119756956e-07
5.684146412e-07
5.025905553e-07
4.885750404e-07
4.748582876e-07
5.321757552e-07
5.071921475e-07
5.049705529e-07
6.065851020e-07

6.080013082e-07
5.345458527e-07
5.241679389e-07
5.150109421e-07
5.854129076e-07
5.953924984e-07
5.492819258e-07
5.361408211e-07
5.630364829e-07
5.840295956e-07
5.582167272e-07
5.701837013e-07
5.153739756e-07
4.881346815e-07
5.363112401e-07
5.716716040e-07
5.873825663e-07
5.164694636e-07
4.822227513e-07
4.970421776e-07
5.261211505e-07
5.517030810e-07
6.751391652e-07
6.090584728e-07
5.895516260e-07
5.926467127e-07
6.272031253e-07
4.909471338e-07
5.594695403e-07
5.277067378e-07
