6.500000000e+01
4.800000000e+01
4.900000000e+01
6.600000000e+01
4.400000000e+01
3.800000000e+01
5.400000000e+01
6.000000000e+01
5.300000000e+01
4.000000000e+01
5.300000000e+01
4.500000000e+01
4.300000000e+01
3.600000000e+01
5.200000000e+01
5.000000000e+01
5.100000000e+01
6.100000000e+01
5.000000000e+01
6.000000000e+01
4.500000000e+01
4.100000000e+01
7.100000000e+01
5.000000000e+01
6.200000000e+01
4.800000000e+01
4.800000000e+01
4.900000000e+01
4.900000000e+01
5.900000000e+01

1.490000000e+02
1.330000000e+02
1.590000000e+02
1.190000000e+02
2.070000000e+02
1.230000000e+02
2.050000000e+02
1.710000000e+02
3.190000000e+02
1.130000000e+02
1.460000000e+02
1.170000000e+02
1.600000000e+02
1.030000000e+02
1.420000000e+02
8.800000000e+01
2.690000000e+02
1.260000000e+02
1.680000000e+02
1.120000000e+02
1.810000000e+02
1.960000000e+02
1.210000000e+02
9.300000000e+01
1.180000000e+02
1.250000000e+02
1.190000000e+02
1.150000000e+02
2.270000000e+02
1.150000000e+02
