1.600000000e+01
1.400000000e+01
1.700000000e+01
1.700000000e+01
1.600000000e+01
1.800000000e+01
1.400000000e+01
1.400000000e+01
1.500000000e+01
1.400000000e+01
1.600000000e+01
1.700000000e+01
1.600000000e+01
1.700000000e+01
1.600000000e+01
1.400000000e+01
1.600000000e+01
1.300000000e+01
1.700000000e+01
1.400000000e+01
1.600000000e+01
1.600000000e+01
1.600000000e+01
1.300000000e+01
1.900000000e+01
1.600000000e+01
2.200000000e+01
1.400000000e+01
1.500000000e+01
1.800000000e+01

6.200000000e+01
5.800000000e+01
5.800000000e+01
6.000000000e+01
6.100000000e+01
7.100000000e+01
5.800000000e+01
7.200000000e+01
6.200000000e+01
6.100000000e+01
6.000000000e+01
6.900000000e+01
6.500000000e+01
5.800000000e+01
7.000000000e+01
6.100000000e+01
6.300000000e+01
6.000000000e+01
6.000000000e+01
6.100000000e+01
5.700000000e+01
6.200000000e+01
5.500000000e+01
5.700000000e+01
6.400000000e+01
6.400000000e+01
6.400000000e+01
6.000000000e+01
5.900000000e+01
5.800000000e+01
