Number of sample populations = 3. Total number of values in the input = 90
2.20785e-06 0 1
2.24563e-06 0 2
2.254e-06 0 3
2.29548e-06 0 4
2.29691e-06 0 5
2.30259e-06 0 6
2.30782e-06 0 7
2.33272e-06 0 8
2.34703e-06 0 9
2.34711e-06 0 10
2.35801e-06 0 11
2.36732e-06 0 12
2.36937e-06 0 13
2.37153e-06 0 14
2.37512e-06 0 15
2.38979e-06 0 16
2.3904e-06 0 17
2.39949e-06 0 18
2.39962e-06 0 19
2.4342e-06 0 20
2.44641e-06 0 21
2.45028e-06 0 22
2.45135e-06 0 23
2.45283e-06 0 24
2.5217e-06 0 25
2.55933e-06 0 26
2.58784e-06 0 27
2.59983e-06 0 28
2.60767e-06 0 29
2.6323e-06 0 30
3.61115e-06 1 31
3.62273e-06 1 32
3.63245e-06 1 33
3.65349e-06 1 34
3.66164e-06 1 35
3.6629e-06 1 36
3.67075e-06 1 37
3.70008e-06 1 38
3.70012e-06 1 39
3.71443e-06 1 40
3.72405e-06 1 41
3.74218e-06 1 42
3.78443e-06 1 43
3.80122e-06 1 44
3.83136e-06 1 45
3.88891e-06 1 46
3.89382e-06 1 47
3.89846e-06 1 48
3.91279e-06 1 49
3.92254e-06 1 50
3.93285e-06 1 51
3.95171e-06 1 52
3.96439e-06 1 53
3.98471e-06 1 54
3.99176e-06 1 55
3.99541e-06 1 56
4.04107e-06 1 57
4.04284e-06 1 58
4.18539e-06 1 59
4.19383e-06 1 60
6.51964e-06 2 61
6.70234e-06 2 62
6.75409e-06 2 63
6.7712e-06 2 64
6.79941e-06 2 65
6.80096e-06 2 66
6.82555e-06 2 67
6.82663e-06 2 68
6.84002e-06 2 69
6.90054e-06 2 70
6.94384e-06 2 71
6.95246e-06 2 72
6.97437e-06 2 73
7.00346e-06 2 74
7.02323e-06 2 75
7.02599e-06 2 76
7.03254e-06 2 77
7.06307e-06 2 78
7.13973e-06 2 79
7.17112e-06 2 80
7.17471e-06 2 81
7.17936e-06 2 82
7.19668e-06 2 83
7.20317e-06 2 84
7.21503e-06 2 85
7.29618e-06 2 86
7.29678e-06 2 87
7.59274e-06 2 88
7.77015e-06 2 89
7.89479e-06 2 90
Total number of ties =0
Number of samples = 30; sum = 465
Number of samples = 30; sum = 1365
Number of samples = 30; sum = 2265
Corrected T value =79.1209
p-value to accept the null hypothesis that all distribution functions are identical = 6.59355142e-18
