3.142392000e+06
2.873183000e+06
2.775353000e+06
2.824728000e+06
3.048060000e+06
2.563936000e+06
3.058633000e+06
3.041065000e+06
3.040683000e+06
2.715217000e+06
2.992596000e+06
3.157071000e+06
2.928628000e+06
2.958819000e+06
2.810400000e+06
2.815549000e+06
3.110889000e+06
2.876301000e+06
3.024063000e+06
3.364478000e+06
2.983931000e+06
2.924109000e+06
3.062058000e+06
2.807777000e+06
3.127044000e+06
2.873676000e+06
3.189745000e+06
3.210338000e+06
3.249284000e+06
2.919535000e+06

5.421488000e+06
1.400861000e+06
1.576535000e+06
1.471785000e+06
1.484125000e+06
1.482172000e+06
1.312434000e+06
1.557204000e+06
8.174972000e+06
1.536394000e+06
2.573289000e+06
1.377229000e+06
2.462876000e+06
1.469358000e+06
2.382272000e+06
1.379707000e+06
1.354253000e+06
1.382653000e+06
4.219532000e+06
1.521251000e+06
1.532132000e+06
1.485189000e+06
1.485922000e+06
2.984535700e+07
1.526556000e+06
3.328200000e+06
6.262073000e+06
1.536239000e+06
3.477794000e+06
1.582933000e+06
