2.630000000e+02
2.460000000e+02
2.780000000e+02
2.320000000e+02
2.170000000e+02
2.390000000e+02
2.500000000e+02
2.700000000e+02
2.530000000e+02
3.090000000e+02
2.310000000e+02
2.810000000e+02
2.490000000e+02
2.400000000e+02
2.810000000e+02
3.010000000e+02
2.290000000e+02
2.400000000e+02
2.170000000e+02
2.890000000e+02
2.380000000e+02
3.060000000e+02
2.390000000e+02
2.850000000e+02
2.330000000e+02
2.500000000e+02
2.990000000e+02
2.250000000e+02
2.410000000e+02
3.190000000e+02

3.770000000e+02
2.690000000e+02
3.770000000e+02
3.050000000e+02
3.150000000e+02
4.110000000e+02
2.770000000e+02
2.760000000e+02
2.630000000e+02
3.610000000e+02
3.600000000e+02
3.040000000e+02
3.320000000e+02
2.950000000e+02
3.050000000e+02
3.000000000e+02
2.830000000e+02
2.760000000e+02
3.800000000e+02
3.760000000e+02
4.180000000e+02
3.350000000e+02
3.040000000e+02
3.540000000e+02
3.220000000e+02
3.470000000e+02
3.110000000e+02
3.620000000e+02
4.220000000e+02
3.170000000e+02
