6.008500000e+04
6.039800000e+04
6.023200000e+04
5.626000000e+04
6.368100000e+04
5.799800000e+04
6.261100000e+04
6.142500000e+04
5.499800000e+04
5.847700000e+04
6.731500000e+04
6.242700000e+04
5.919100000e+04
5.787600000e+04
6.085200000e+04
5.899600000e+04
6.117400000e+04
5.939500000e+04
5.985300000e+04
5.734400000e+04
5.930700000e+04
6.049300000e+04
5.968300000e+04
6.144000000e+04
5.726200000e+04
5.795000000e+04
5.866200000e+04
5.809900000e+04
6.486600000e+04
6.023500000e+04

1.522350000e+05
1.380660000e+05
1.301120000e+05
1.344990000e+05
1.348120000e+05
1.263760000e+05
1.468350000e+05
1.302470000e+05
1.262970000e+05
1.348670000e+05
1.359470000e+05
1.342480000e+05
1.275400000e+05
1.363550000e+05
1.312600000e+05
1.377640000e+05
1.429430000e+05
1.365540000e+05
1.346750000e+05
1.398310000e+05
1.245470000e+05
1.378830000e+05
1.360400000e+05
1.373770000e+05
1.402090000e+05
1.431960000e+05
1.333300000e+05
1.372090000e+05
1.393360000e+05
1.403500000e+05
