4.959000000e+03
5.304000000e+03
4.487000000e+03
4.698000000e+03
4.502000000e+03
4.706000000e+03
5.763000000e+03
4.648000000e+03
4.542000000e+03
4.765000000e+03
4.903000000e+03
4.777000000e+03
4.984000000e+03
4.647000000e+03
5.435000000e+03
5.225000000e+03
4.765000000e+03
4.908000000e+03
4.193000000e+03
5.080000000e+03
4.945000000e+03
4.499000000e+03
5.386000000e+03
5.213000000e+03
4.823000000e+03
4.895000000e+03
4.884000000e+03
5.128000000e+03
5.381000000e+03
5.059000000e+03

5.137000000e+03
5.251000000e+03
5.175000000e+03
4.845000000e+03
5.562000000e+03
4.935000000e+03
4.905000000e+03
5.317000000e+03
5.421000000e+03
5.180000000e+03
5.877000000e+03
4.889000000e+03
5.384000000e+03
4.973000000e+03
5.217000000e+03
4.826000000e+03
5.433000000e+03
4.955000000e+03
6.207000000e+03
4.648000000e+03
5.597000000e+03
5.067000000e+03
5.469000000e+03
5.575000000e+03
5.641000000e+03
4.996000000e+03
4.912000000e+03
4.717000000e+03
4.860000000e+03
4.972000000e+03
