1.594898724e-06
1.443773207e-06
1.287785139e-06
1.399944229e-06
1.493860822e-06
1.423258297e-06
1.397645109e-06
1.508373821e-06
1.488033003e-06
1.510098769e-06
1.471192062e-06
1.319752772e-06
1.541445764e-06
1.520288659e-06
1.507634381e-06
1.501034427e-06
1.419204569e-06
1.572561940e-06
1.448848372e-06
1.300832512e-06
1.622891910e-06
1.462335863e-06
1.493612997e-06
1.391598768e-06
1.402329855e-06
1.356145231e-06
1.550283999e-06
1.482221711e-06
1.338955268e-06
1.517678522e-06

2.932644652e-06
1.932754474e-06
2.477516006e-06
2.653413953e-06
2.424915499e-06
2.396842274e-06
2.174058265e-06
2.105353703e-06
2.383681369e-06
2.913857605e-06
2.415467125e-06
2.256446047e-06
2.072672099e-06
1.993775292e-06
2.410914595e-06
2.684897395e-06
2.511146591e-06
2.140425604e-06
2.005442625e-06
2.806346096e-06
1.823979453e-06
2.185342845e-06
2.635159481e-06
2.717540915e-06
2.291352878e-06
2.332479703e-06
2.413724013e-06
2.014589283e-06
2.222717378e-06
2.461811111e-06
