1.330000000e+02
1.670000000e+02
1.820000000e+02
1.360000000e+02
1.490000000e+02
1.120000000e+02
1.320000000e+02
1.240000000e+02
1.470000000e+02
2.130000000e+02
1.450000000e+02
2.140000000e+02
1.510000000e+02
1.370000000e+02
1.400000000e+02
1.560000000e+02
1.340000000e+02
1.420000000e+02
1.400000000e+02
1.300000000e+02
1.140000000e+02
1.350000000e+02
1.740000000e+02
1.620000000e+02
1.070000000e+02
1.240000000e+02
1.960000000e+02
1.220000000e+02
1.230000000e+02
1.410000000e+02

1.210000000e+02
8.800000000e+01
1.230000000e+02
1.090000000e+02
1.020000000e+02
1.090000000e+02
1.270000000e+02
9.800000000e+01
1.260000000e+02
1.310000000e+02
8.800000000e+01
1.190000000e+02
1.120000000e+02
1.270000000e+02
1.090000000e+02
1.080000000e+02
8.600000000e+01
1.300000000e+02
8.000000000e+01
1.050000000e+02
1.190000000e+02
1.200000000e+02
1.250000000e+02
1.550000000e+02
1.390000000e+02
1.280000000e+02
1.220000000e+02
9.900000000e+01
1.750000000e+02
1.170000000e+02
