1.966157834e-06
1.720384148e-06
2.138471075e-06
2.522615282e-06
1.724624703e-06
2.018498860e-06
2.596077404e-06
2.120564147e-06
2.138398820e-06
2.245285579e-06
3.205779668e-06
2.204893284e-06
2.269086154e-06
2.222540851e-06
2.028540247e-06
2.062082888e-06
3.090430443e-06
2.108638450e-06
1.966021707e-06
2.123545302e-06
3.407094916e-06
2.069508869e-06
3.170816390e-06
2.309874337e-06
2.386190628e-06
2.201693487e-06
2.228729508e-06
2.206089930e-06
2.583810789e-06
2.548303959e-06

3.337860534e-06
3.513229102e-06
2.973010879e-06
4.891968721e-06
3.813445248e-06
4.117312969e-06
3.409105892e-06
4.453215188e-06
3.977534825e-06
3.649076431e-06
4.352042993e-06
3.831885949e-06
3.959184703e-06
2.695585129e-06
5.571047243e-06
3.748533297e-06
4.185826513e-06
4.562020747e-06
2.427762243e-06
4.497881570e-06
4.748645391e-06
4.722509888e-06
3.624674779e-06
9.378063317e-06
8.806695864e-06
3.272012057e-06
3.927896152e-06
3.465572263e-06
5.392326105e-06
3.019561851e-06
