5.344256000e+06
5.549184000e+06
5.613312000e+06
4.011648000e+06
4.659968000e+06
4.447744000e+06
5.536896000e+06
5.069568000e+06
4.896768000e+06
4.694528000e+06
4.471552000e+06
4.579072000e+06
6.469888000e+06
4.209792000e+06
4.739072000e+06
4.890880000e+06
4.927744000e+06
4.700160000e+06
4.658688000e+06
5.266816000e+06
4.990848000e+06
5.805696000e+06
4.048128000e+06
4.830464000e+06
4.646656000e+06
5.254016000e+06
5.569536000e+06
4.788480000e+06
5.371008000e+06
4.749440000e+06

3.346956800e+07
3.120115200e+07
3.002508800e+07
2.747968000e+07
3.039193600e+07
3.284646400e+07
3.069760000e+07
2.902860800e+07
3.274534400e+07
4.115212800e+07
3.569830400e+07
3.112371200e+07
2.820044800e+07
3.150297600e+07
2.703974400e+07
2.959052800e+07
3.150809600e+07
3.021132800e+07
2.904716800e+07
3.102771200e+07
2.848768000e+07
2.725888000e+07
2.653772800e+07
3.671539200e+07
3.145766400e+07
3.541363200e+07
3.363712000e+07
2.947059200e+07
3.643417600e+07
2.694899200e+07
