3.210800000e+04
2.620900000e+04
2.865200000e+04
2.983400000e+04
3.092700000e+04
3.021300000e+04
2.483500000e+04
2.560600000e+04
2.803500000e+04
2.531900000e+04
2.940700000e+04
2.999200000e+04
2.620600000e+04
3.461400000e+04
3.032900000e+04
2.523300000e+04
3.238400000e+04
2.952700000e+04
3.068600000e+04
2.902500000e+04
2.730700000e+04
2.437700000e+04
2.862700000e+04
2.651200000e+04
2.524600000e+04
2.800800000e+04
2.722300000e+04
2.707400000e+04
2.862900000e+04
3.010300000e+04

2.619500000e+04
2.773900000e+04
2.630500000e+04
2.347000000e+04
2.302400000e+04
2.827300000e+04
2.861400000e+04
2.444300000e+04
2.854000000e+04
2.514700000e+04
2.790700000e+04
2.532100000e+04
2.708000000e+04
2.999400000e+04
2.696400000e+04
2.683000000e+04
2.809000000e+04
3.005900000e+04
2.946800000e+04
2.975100000e+04
3.000200000e+04
2.688400000e+04
2.395000000e+04
2.688200000e+04
2.594800000e+04
2.650600000e+04
2.796300000e+04
2.488700000e+04
2.620200000e+04
3.023300000e+04
