2.249690848e-05
2.160281265e-05
1.926759842e-05
1.773590434e-05
1.744342759e-05
2.018839434e-05
1.999733717e-05
1.919233522e-05
2.049880277e-05
1.923476476e-05
2.015690998e-05
1.854575183e-05
1.885652346e-05
1.573494167e-05
1.964416750e-05
2.098264860e-05
1.911599769e-05
1.851018381e-05
1.844480950e-05
1.605594546e-05
2.169103056e-05
2.133404441e-05
2.249480397e-05
2.070753602e-05
2.096370470e-05
1.865779144e-05
1.795089858e-05
1.871000991e-05
1.992223449e-05
1.978413714e-05

5.865862601e-05
6.345354218e-05
5.311710337e-05
4.909527809e-05
5.375119415e-05
6.204733699e-05
6.825853601e-05
6.130724512e-05
5.581315337e-05
5.182647145e-05
6.250488336e-05
7.159327344e-05
5.834337591e-05
5.278290051e-05
5.200038972e-05
6.322521538e-05
7.246140131e-05
5.738400521e-05
5.353982051e-05
5.927665833e-05
6.010926907e-05
5.490604430e-05
5.947237019e-05
6.061394601e-05
5.300278724e-05
4.849285761e-05
4.957592332e-05
5.417080280e-05
4.285809666e-05
6.632998473e-05
