Number of sample populations = 3. Total number of values in the input = 90
2.21119e-06 0 1
2.21841e-06 0 2
2.23006e-06 0 3
2.24404e-06 0 4
2.26662e-06 0 5
2.29025e-06 0 6
2.34807e-06 0 7
2.35223e-06 0 8
2.3554e-06 0 9
2.362e-06 0 10
2.38902e-06 0 11
2.39529e-06 0 12
2.40403e-06 0 13
2.40851e-06 0 14
2.41044e-06 0 15
2.42782e-06 0 16
2.4548e-06 0 17
2.45488e-06 0 18
2.45809e-06 0 19
2.46605e-06 0 20
2.46693e-06 0 21
2.50891e-06 0 22
2.52984e-06 0 23
2.53372e-06 0 24
2.6102e-06 0 25
2.64951e-06 0 26
2.65162e-06 0 27
2.7434e-06 0 28
2.76205e-06 0 29
2.86944e-06 0 30
3.19858e-06 1 31
3.23473e-06 1 32
3.29777e-06 1 33
3.31719e-06 1 34
3.37753e-06 1 35
3.38784e-06 1 36
3.41844e-06 1 37
3.42482e-06 1 38
3.45017e-06 1 39
3.4746e-06 1 40
3.49822e-06 1 41
3.52307e-06 1 42
3.54501e-06 1 43
3.54543e-06 1 44
3.56276e-06 1 45
3.5729e-06 1 46
3.57872e-06 1 47
3.59047e-06 1 48
3.61456e-06 1 49
3.61875e-06 1 50
3.62869e-06 1 51
3.63075e-06 1 52
3.68774e-06 1 53
3.68958e-06 1 54
3.69077e-06 1 55
3.69516e-06 1 56
3.72365e-06 1 57
3.77814e-06 1 58
3.85651e-06 1 59
3.88524e-06 1 60
6.22992e-06 2 61
6.47025e-06 2 62
6.50477e-06 2 63
6.55225e-06 2 64
6.58723e-06 2 65
6.58866e-06 2 66
6.59397e-06 2 67
6.64465e-06 2 68
6.64877e-06 2 69
6.64981e-06 2 70
6.6851e-06 2 71
6.71158e-06 2 72
6.71795e-06 2 73
6.73719e-06 2 74
6.77649e-06 2 75
6.83339e-06 2 76
6.88097e-06 2 77
6.96507e-06 2 78
7.08951e-06 2 79
7.09156e-06 2 80
7.10028e-06 2 81
7.11775e-06 2 82
7.13686e-06 2 83
7.15903e-06 2 84
7.16194e-06 2 85
7.28465e-06 2 86
7.55927e-06 2 87
7.67904e-06 2 88
7.85869e-06 2 89
7.89809e-06 2 90
Total number of ties =0
Number of samples = 30; sum = 465
Number of samples = 30; sum = 1365
Number of samples = 30; sum = 2265
Corrected T value =79.1209
p-value to accept the null hypothesis that all distribution functions are identical = 6.59355142e-18
