2.508908988e-06
2.610204575e-06
2.395291457e-06
2.533722177e-06
2.743396378e-06
2.211192759e-06
2.427815017e-06
2.458090476e-06
2.404025061e-06
2.762047258e-06
2.244039393e-06
2.352232738e-06
2.869441841e-06
2.466934100e-06
2.266620129e-06
2.408510725e-06
2.651622179e-06
2.649513279e-06
2.230060884e-06
2.290251682e-06
2.348066434e-06
2.355398243e-06
2.466054061e-06
2.529839027e-06
2.454876108e-06
2.362004824e-06
2.454795669e-06
2.218406564e-06
2.410441821e-06
2.389020765e-06

3.523072485e-06
3.545013780e-06
3.614558381e-06
3.234727025e-06
3.778135583e-06
3.498223647e-06
3.689579584e-06
3.418438298e-06
3.590472178e-06
3.572900699e-06
3.618750034e-06
3.885239109e-06
3.628691461e-06
3.297766243e-06
3.690765810e-06
3.545433860e-06
3.695161854e-06
3.377531872e-06
3.387841203e-06
3.198576083e-06
3.450169524e-06
3.474602434e-06
3.562763423e-06
3.424822723e-06
3.578720613e-06
3.723652883e-06
3.317190495e-06
3.630754573e-06
3.856511712e-06
3.687739666e-06

7.089506483e-06
7.100283239e-06
7.161935872e-06
6.776488792e-06
6.880968049e-06
6.552251851e-06
7.898093260e-06
6.965074233e-06
6.504770022e-06
7.679036034e-06
6.644649004e-06
7.159030566e-06
7.091561811e-06
6.649811474e-06
6.593969294e-06
7.136858372e-06
6.685104572e-06
6.587234531e-06
7.559268968e-06
6.648770557e-06
6.717948771e-06
6.737192824e-06
6.833394364e-06
6.588664629e-06
7.284651318e-06
7.117745257e-06
7.858692221e-06
6.711575444e-06
6.229923551e-06
6.470248460e-06
