4.478454603e-07
4.737255143e-07
5.096571750e-07
3.972004012e-07
5.051745846e-07
4.596813367e-07
4.563651325e-07
4.333468720e-07
4.983824557e-07
4.593170257e-07
4.583797412e-07
4.714002472e-07
4.943155935e-07
4.534571513e-07
4.720920628e-07
4.550969102e-07
5.042990167e-07
4.674824866e-07
4.654947840e-07
4.733947761e-07
4.384752502e-07
4.488754793e-07
4.742894658e-07
4.473831454e-07
4.606002580e-07
4.752614808e-07
4.467795133e-07
4.553016205e-07
4.938067317e-07
4.743805635e-07

5.601435117e-07
6.587312774e-07
5.621057852e-07
6.223627309e-07
5.512167342e-07
6.030762432e-07
5.991648699e-07
6.313291890e-07
6.107712455e-07
6.213650473e-07
5.773077261e-07
6.084684135e-07
6.574680451e-07
5.478560988e-07
5.415564644e-07
6.380711783e-07
5.693488119e-07
5.931769318e-07
5.814325124e-07
6.905781118e-07
5.948061118e-07
6.239931884e-07
6.088672155e-07
6.096326039e-07
5.508367745e-07
5.728375908e-07
5.527351359e-07
5.740140767e-07
5.912998079e-07
6.765741737e-07
