3.708900000e+04
1.245200000e+04
1.780500000e+04
7.287000000e+03
3.307100000e+04
3.147800000e+04
1.329900000e+04
2.088800000e+04
1.447300000e+04
1.893300000e+04
7.901000000e+03
1.833900000e+04
1.697500000e+04
2.620600000e+04
2.743900000e+04
3.262500000e+04
1.404500000e+04
1.836300000e+04
9.072000000e+03
2.921600000e+04
1.924800000e+04
1.050800000e+04
1.690800000e+04
3.419300000e+04
2.857700000e+04
2.178000000e+04
1.583000000e+04
2.041600000e+04
2.595200000e+04
2.752300000e+04

2.763500000e+04
3.587300000e+04
4.395300000e+04
2.678100000e+04
2.702300000e+04
2.662700000e+04
2.804800000e+04
2.740900000e+04
2.707500000e+04
2.947200000e+04
2.748600000e+04
2.781800000e+04
2.860800000e+04
2.914400000e+04
2.726300000e+04
2.909800000e+04
2.722800000e+04
3.257600000e+04
2.750700000e+04
2.659500000e+04
2.972600000e+04
2.686100000e+04
3.033600000e+04
3.116900000e+04
2.789000000e+04
2.716300000e+04
2.699700000e+04
2.681400000e+04
2.879900000e+04
2.674600000e+04
