1.320912515e-05
1.352387270e-05
1.601804985e-05
1.195726174e-05
1.456349769e-05
1.361558395e-05
1.241618563e-05
1.260279211e-05
1.312272069e-05
1.365491086e-05
1.403202852e-05
1.302626745e-05
1.331379750e-05
1.552226839e-05
1.274531340e-05
1.206834833e-05
1.267230617e-05
1.350546777e-05
1.214335600e-05
1.073285346e-05
1.299948169e-05
1.510979140e-05
1.269089741e-05
1.381108244e-05
1.152703534e-05
1.333312950e-05
1.323631810e-05
1.468617965e-05
1.513810378e-05
1.316298772e-05

1.107099500e-05
1.467537554e-05
1.171035144e-05
1.569071569e-05
1.348010065e-05
1.562903048e-05
1.147480601e-05
1.367470553e-05
1.552474164e-05
1.440994084e-05
1.156955841e-05
1.378078897e-05
1.164434025e-05
1.639804711e-05
1.197835177e-05
1.725529344e-05
1.322561628e-05
1.255573726e-05
1.407406449e-05
1.285419741e-05
1.257260196e-05
1.310339803e-05
1.478216282e-05
1.419833686e-05
1.858658369e-05
1.141774683e-05
1.354591081e-05
1.258920793e-05
1.517108211e-05
1.766987694e-05
