1.510400000e+04
1.600000000e+04
1.331200000e+04
1.267200000e+04
1.715200000e+04
1.369600000e+04
1.689600000e+04
1.702400000e+04
1.676800000e+04
1.548800000e+04
1.472000000e+04
1.587200000e+04
1.625600000e+04
1.369600000e+04
1.369600000e+04
1.548800000e+04
1.625600000e+04
1.676800000e+04
1.587200000e+04
1.510400000e+04
1.510400000e+04
1.843200000e+04
1.356800000e+04
1.600000000e+04
1.779200000e+04
1.574400000e+04
1.459200000e+04
1.638400000e+04
1.510400000e+04
1.625600000e+04

2.265600000e+04
1.971200000e+04
2.252800000e+04
1.894400000e+04
1.843200000e+04
2.265600000e+04
2.099200000e+04
2.304000000e+04
2.060800000e+04
2.137600000e+04
2.304000000e+04
1.843200000e+04
2.201600000e+04
2.214400000e+04
2.304000000e+04
1.843200000e+04
1.804800000e+04
1.920000000e+04
2.432000000e+04
2.112000000e+04
2.188800000e+04
2.496000000e+04
1.868800000e+04
2.444800000e+04
1.920000000e+04
2.073600000e+04
2.278400000e+04
1.932800000e+04
1.932800000e+04
1.664000000e+04
