5.565910602e-08
1.774328765e-07
2.910216650e-09
1.198863472e-07
2.271089545e-07
4.079215482e-07
5.284904894e-09
1.721161552e-07
3.966223578e-09
5.791171853e-09
2.861542049e-07
7.438236075e-09
6.316600470e-08
3.406125935e-07
2.266318692e-07
1.738188681e-07
2.315561357e-07
3.504760966e-07
3.436603350e-07
5.831818519e-08
2.929042580e-07
6.171379058e-08
1.171329368e-07
5.835323506e-09
4.034969219e-07
1.121875924e-07
1.764212208e-07
1.002741512e-08
2.334046768e-07
1.185000811e-07

6.264198925e-07
2.279027661e-08
2.816517343e-07
9.598187208e-07
2.488496514e-07
1.445608934e-07
3.638925303e-07
1.461251633e-07
2.127726415e-07
5.183029947e-07
2.281743826e-07
4.403937313e-07
2.340109436e-08
2.054890161e-07
4.312221636e-07
2.179043729e-07
3.556607222e-08
2.682352607e-08
8.652302725e-08
9.727734783e-08
2.259740894e-06
2.602699194e-07
2.213805371e-07
1.521659157e-08
3.038739476e-08
6.960675674e-08
1.724345581e-07
3.660435861e-07
1.395907985e-07
3.750305232e-07
