1.507000000e+03
1.507000000e+03
1.507000000e+03
1.508000000e+03
1.507000000e+03
1.507000000e+03
1.507000000e+03
1.507000000e+03
1.507000000e+03
1.507000000e+03
1.507000000e+03
1.507000000e+03
1.507000000e+03
1.507000000e+03
1.508000000e+03
1.507000000e+03
1.507000000e+03
1.507000000e+03
1.507000000e+03
1.507000000e+03
1.507000000e+03
1.507000000e+03
1.507000000e+03
1.507000000e+03
1.507000000e+03
1.507000000e+03
1.507000000e+03
1.507000000e+03
1.507000000e+03
1.507000000e+03

4.580000000e+02
4.430000000e+02
5.600000000e+02
5.360000000e+02
4.860000000e+02
5.220000000e+02
4.750000000e+02
5.140000000e+02
4.760000000e+02
5.010000000e+02
4.500000000e+02
4.920000000e+02
4.870000000e+02
5.370000000e+02
4.960000000e+02
6.320000000e+02
5.150000000e+02
4.950000000e+02
5.030000000e+02
6.190000000e+02
4.530000000e+02
5.140000000e+02
4.700000000e+02
4.840000000e+02
4.780000000e+02
5.250000000e+02
5.650000000e+02
6.060000000e+02
4.820000000e+02
4.870000000e+02
