7.481438826e-07
9.902078721e-07
1.047300510e-06
1.283737878e-06
9.668352407e-07
1.174964613e-06
8.378984835e-07
9.187853487e-07
8.707162151e-07
9.995369246e-07
1.112688348e-06
9.229021110e-07
8.995711164e-07
9.462650817e-07
1.141866483e-06
1.226728394e-06
1.169564818e-06
1.644924423e-06
1.316654172e-06
1.618459340e-06
8.920930800e-07
1.193268427e-06
1.171183779e-06
1.323709056e-06
9.638451439e-07
1.504960970e-06
8.374516576e-07
1.216391718e-06
1.033605194e-06
1.288606656e-06

9.731423402e-07
7.354368694e-07
9.276710883e-07
8.761233155e-07
7.861429264e-07
9.076521862e-07
1.393731021e-06
1.067448913e-06
8.844188361e-07
1.139184011e-06
9.039824493e-07
9.924554946e-07
8.878494116e-07
1.198954170e-06
1.077475689e-06
1.162834646e-06
8.187397801e-07
9.023157045e-07
1.163724225e-06
8.142497247e-07
8.537183878e-07
8.864682552e-07
1.271956612e-06
1.100587362e-06
9.436946252e-07
8.127419817e-07
1.161797201e-06
9.144809218e-07
1.100463730e-06
1.284732647e-06
