1.190000000e+02
8.500000000e+01
9.300000000e+01
7.800000000e+01
1.160000000e+02
9.500000000e+01
1.190000000e+02
8.500000000e+01
1.180000000e+02
9.100000000e+01
1.010000000e+02
1.340000000e+02
6.500000000e+01
9.500000000e+01
1.040000000e+02
1.060000000e+02
1.060000000e+02
9.800000000e+01
1.080000000e+02
1.030000000e+02
8.300000000e+01
8.000000000e+01
5.800000000e+01
6.900000000e+01
8.400000000e+01
1.210000000e+02
7.500000000e+01
1.230000000e+02
1.180000000e+02
1.130000000e+02

7.010000000e+02
4.890000000e+02
4.390000000e+02
4.540000000e+02
4.980000000e+02
5.030000000e+02
6.430000000e+02
4.860000000e+02
3.960000000e+02
3.910000000e+02
4.100000000e+02
5.510000000e+02
4.260000000e+02
4.770000000e+02
4.380000000e+02
5.670000000e+02
2.760000000e+02
3.370000000e+02
4.580000000e+02
5.300000000e+02
3.860000000e+02
4.460000000e+02
4.990000000e+02
5.320000000e+02
3.880000000e+02
5.790000000e+02
4.580000000e+02
5.510000000e+02
5.370000000e+02
4.600000000e+02
