1.779200000e+04
1.996800000e+04
2.278400000e+04
2.201600000e+04
2.214400000e+04
2.406400000e+04
2.176000000e+04
2.240000000e+04
1.830400000e+04
1.971200000e+04
1.920000000e+04
2.163200000e+04
2.022400000e+04
2.035200000e+04
2.060800000e+04
2.163200000e+04
1.830400000e+04
2.419200000e+04
1.472000000e+04
2.291200000e+04
2.214400000e+04
2.355200000e+04
2.176000000e+04
2.086400000e+04
1.856000000e+04
2.201600000e+04
2.265600000e+04
2.073600000e+04
1.753600000e+04
2.188800000e+04

4.252160000e+05
4.046080000e+05
3.882240000e+05
4.468480000e+05
4.261120000e+05
4.535040000e+05
4.074240000e+05
4.674560000e+05
4.079360000e+05
4.085760000e+05
4.326400000e+05
4.024320000e+05
4.049920000e+05
3.773440000e+05
3.585280000e+05
3.741440000e+05
3.735040000e+05
3.997440000e+05
4.378880000e+05
4.268800000e+05
3.875840000e+05
4.188160000e+05
4.158720000e+05
3.920640000e+05
4.264960000e+05
4.200960000e+05
3.904000000e+05
4.515840000e+05
3.806720000e+05
4.360960000e+05
