4.040000000e+02
3.610000000e+02
4.990000000e+02
3.380000000e+02
4.960000000e+02
4.990000000e+02
3.830000000e+02
3.890000000e+02
5.320000000e+02
5.200000000e+02
5.900000000e+02
4.990000000e+02
4.450000000e+02
4.200000000e+02
4.990000000e+02
4.780000000e+02
4.620000000e+02
4.990000000e+02
4.080000000e+02
4.990000000e+02
5.120000000e+02
4.990000000e+02
4.990000000e+02
4.940000000e+02
4.070000000e+02
4.190000000e+02
4.990000000e+02
4.990000000e+02
4.990000000e+02
4.990000000e+02

5.610000000e+02
4.860000000e+02
4.790000000e+02
6.230000000e+02
4.740000000e+02
4.570000000e+02
4.950000000e+02
4.520000000e+02
5.590000000e+02
5.890000000e+02
5.340000000e+02
6.240000000e+02
4.740000000e+02
5.140000000e+02
5.240000000e+02
4.950000000e+02
4.540000000e+02
4.700000000e+02
5.910000000e+02
4.910000000e+02
5.150000000e+02
5.830000000e+02
5.530000000e+02
5.360000000e+02
6.300000000e+02
5.930000000e+02
4.940000000e+02
4.070000000e+02
5.100000000e+02
5.380000000e+02
