3.961588054e-07
4.127229007e-07
4.422675018e-07
3.538716621e-07
3.699232229e-07
3.893751396e-07
4.039290172e-07
4.169872078e-07
4.250547446e-07
4.416164446e-07
3.664766395e-07
3.928043577e-07
4.206298788e-07
3.998371650e-07
4.025572422e-07
3.887275155e-07
4.115051374e-07
4.457056621e-07
4.059344444e-07
3.997263867e-07
4.332693472e-07
4.139595461e-07
3.923752563e-07
3.960055920e-07
3.981548913e-07
3.748088867e-07
3.955597242e-07
3.821593783e-07
4.375577660e-07
3.665673380e-07

2.862018695e-07
3.376740735e-07
3.383361886e-07
3.174100219e-07
2.836682992e-07
3.084426057e-07
2.489485335e-07
2.742906638e-07
2.611438107e-07
3.193906986e-07
2.990985831e-07
3.223565639e-07
3.067105915e-07
2.750178487e-07
3.246288171e-07
2.717879518e-07
3.023933104e-07
3.403951486e-07
3.583958891e-07
3.368832559e-07
3.193175250e-07
3.063552625e-07
2.703053984e-07
3.011433316e-07
2.917440995e-07
2.655703133e-07
3.058233269e-07
2.694067166e-07
3.192622356e-07
2.775364889e-07
