Number of sample populations = 3. Total number of values in the input = 90
2.12518e-06 0 1
2.23265e-06 0 2
2.24154e-06 0 3
2.2709e-06 0 4
2.27998e-06 0 5
2.29747e-06 0 6
2.31454e-06 0 7
2.32293e-06 0 8
2.32823e-06 0 9
2.33181e-06 0 10
2.33374e-06 0 11
2.37652e-06 0 12
2.38131e-06 0 13
2.41869e-06 0 14
2.43078e-06 0 15
2.43611e-06 0 16
2.43655e-06 0 17
2.45096e-06 0 18
2.45364e-06 0 19
2.45475e-06 0 20
2.48755e-06 0 21
2.49416e-06 0 22
2.49732e-06 0 23
2.51584e-06 0 24
2.51658e-06 0 25
2.52014e-06 0 26
2.52264e-06 0 27
2.59752e-06 0 28
2.71921e-06 0 29
2.74298e-06 0 30
3.18861e-06 1 31
3.20159e-06 1 32
3.23596e-06 1 33
3.25091e-06 1 34
3.27778e-06 1 35
3.32795e-06 1 36
3.32839e-06 1 37
3.33258e-06 1 38
3.35278e-06 1 39
3.37487e-06 1 40
3.38357e-06 1 41
3.38399e-06 1 42
3.39705e-06 1 43
3.40692e-06 1 44
3.42726e-06 1 45
3.43298e-06 1 46
3.44808e-06 1 47
3.44855e-06 1 48
3.45302e-06 1 49
3.48256e-06 1 50
3.5243e-06 1 51
3.53918e-06 1 52
3.5488e-06 1 53
3.59577e-06 1 54
3.6252e-06 1 55
3.72908e-06 1 56
3.77445e-06 1 57
3.79107e-06 1 58
3.80153e-06 1 59
3.8693e-06 1 60
5.94328e-06 2 61
5.98587e-06 2 62
6.09718e-06 2 63
6.12002e-06 2 64
6.16884e-06 2 65
6.1961e-06 2 66
6.20562e-06 2 67
6.27141e-06 2 68
6.36258e-06 2 69
6.39154e-06 2 70
6.42242e-06 2 71
6.43857e-06 2 72
6.47516e-06 2 73
6.53877e-06 2 74
6.5574e-06 2 75
6.56838e-06 2 76
6.60535e-06 2 77
6.61916e-06 2 78
6.65794e-06 2 79
6.68647e-06 2 80
6.70445e-06 2 81
6.71671e-06 2 82
6.73171e-06 2 83
6.80578e-06 2 84
6.82191e-06 2 85
6.88436e-06 2 86
6.9407e-06 2 87
7.12607e-06 2 88
7.17211e-06 2 89
7.36324e-06 2 90
Total number of ties =0
Number of samples = 30; sum = 465
Number of samples = 30; sum = 1365
Number of samples = 30; sum = 2265
Corrected T value =79.1209
p-value to accept the null hypothesis that all distribution functions are identical = 6.59355142e-18
