2.522640751e-06
2.436110777e-06
2.453642097e-06
2.297466844e-06
2.597516884e-06
2.322928016e-06
2.494157386e-06
2.516579998e-06
2.125179112e-06
2.333738904e-06
2.742977457e-06
2.520144386e-06
2.450962419e-06
2.454745130e-06
2.430783637e-06
2.241542469e-06
2.515836446e-06
2.270904316e-06
2.279981313e-06
2.232649384e-06
2.381312030e-06
2.497324808e-06
2.436547384e-06
2.487553720e-06
2.314540600e-06
2.331806970e-06
2.328226255e-06
2.376520817e-06
2.719210534e-06
2.418688519e-06

3.448084057e-06
3.432977725e-06
3.595765426e-06
3.869298845e-06
3.427258170e-06
3.250912198e-06
3.791072456e-06
3.374872913e-06
3.729079345e-06
3.332583693e-06
3.448551721e-06
3.801532486e-06
3.383985917e-06
3.548802719e-06
3.383571467e-06
3.397049976e-06
3.235964748e-06
3.328385015e-06
3.453021417e-06
3.352781478e-06
3.482564901e-06
3.625196614e-06
3.406924258e-06
3.524298711e-06
3.188605035e-06
3.539177139e-06
3.201594044e-06
3.277775125e-06
3.774446166e-06
3.327948808e-06

7.363243096e-06
6.475162028e-06
6.205621180e-06
6.557395558e-06
6.686466926e-06
6.097184282e-06
7.172109475e-06
6.196104143e-06
5.943280484e-06
6.605351079e-06
6.120015956e-06
6.538769669e-06
6.168843013e-06
6.716708134e-06
6.391535365e-06
6.438570408e-06
6.884364732e-06
6.731710594e-06
6.271412890e-06
6.805781098e-06
5.985874413e-06
6.704452856e-06
6.422424516e-06
6.619156016e-06
6.821909266e-06
7.126071197e-06
6.362578867e-06
6.568382893e-06
6.940697331e-06
6.657938292e-06
