2.008400000e+04
2.037100000e+04
1.807100000e+04
1.855900000e+04
1.892700000e+04
1.861800000e+04
1.715300000e+04
1.725800000e+04
1.776700000e+04
1.968900000e+04
1.903200000e+04
1.787100000e+04
2.013200000e+04
1.886500000e+04
1.934400000e+04
1.768800000e+04
1.846200000e+04
1.840800000e+04
1.939200000e+04
1.792100000e+04
1.769200000e+04
1.905400000e+04
1.970900000e+04
1.887700000e+04
1.864200000e+04
1.787700000e+04
1.965500000e+04
1.806100000e+04
1.933700000e+04
1.989100000e+04

1.604200000e+04
1.583000000e+04
1.408000000e+04
1.454500000e+04
1.367600000e+04
1.577900000e+04
1.428800000e+04
1.508200000e+04
1.357600000e+04
1.432300000e+04
1.545000000e+04
1.360000000e+04
1.453900000e+04
1.591000000e+04
1.466300000e+04
1.462700000e+04
1.456400000e+04
1.397700000e+04
1.354200000e+04
1.350400000e+04
1.567500000e+04
1.496800000e+04
1.496500000e+04
1.490900000e+04
1.442100000e+04
1.584700000e+04
1.428600000e+04
1.428400000e+04
1.339300000e+04
1.393500000e+04
