1.070000000e+02
1.320000000e+02
1.180000000e+02
1.480000000e+02
8.600000000e+01
1.190000000e+02
7.300000000e+01
8.600000000e+01
7.800000000e+01
9.500000000e+01
1.430000000e+02
8.000000000e+01
1.270000000e+02
7.800000000e+01
9.400000000e+01
8.900000000e+01
6.500000000e+01
9.700000000e+01
1.170000000e+02
1.170000000e+02
9.000000000e+01
1.040000000e+02
7.000000000e+01
1.010000000e+02
1.190000000e+02
8.600000000e+01
6.900000000e+01
9.600000000e+01
9.100000000e+01
7.500000000e+01

1.090000000e+02
1.220000000e+02
1.020000000e+02
1.070000000e+02
9.400000000e+01
8.500000000e+01
1.140000000e+02
1.000000000e+02
8.300000000e+01
8.100000000e+01
7.900000000e+01
1.280000000e+02
7.200000000e+01
1.080000000e+02
1.370000000e+02
8.300000000e+01
1.100000000e+02
8.800000000e+01
9.200000000e+01
9.200000000e+01
9.200000000e+01
9.800000000e+01
1.120000000e+02
1.010000000e+02
1.360000000e+02
8.600000000e+01
9.900000000e+01
8.700000000e+01
1.130000000e+02
9.900000000e+01
