3.598100000e+04
3.355900000e+04
3.433700000e+04
3.574500000e+04
3.564900000e+04
3.920800000e+04
3.523000000e+04
3.855200000e+04
3.539600000e+04
3.735000000e+04
3.461900000e+04
3.539800000e+04
3.541000000e+04
3.580100000e+04
3.544700000e+04
3.724400000e+04
3.844800000e+04
3.470600000e+04
3.483600000e+04
3.746700000e+04
3.538900000e+04
3.376000000e+04
3.486900000e+04
3.768700000e+04
3.669500000e+04
3.897500000e+04
3.651800000e+04
3.612500000e+04
3.656700000e+04
3.570500000e+04

4.944900000e+04
5.282100000e+04
5.198400000e+04
5.060300000e+04
4.959400000e+04
4.697300000e+04
4.699700000e+04
4.985900000e+04
4.855400000e+04
4.716300000e+04
5.140600000e+04
4.707400000e+04
4.952300000e+04
5.054100000e+04
4.738000000e+04
5.004400000e+04
4.931400000e+04
5.160800000e+04
5.107000000e+04
5.043200000e+04
4.731900000e+04
4.570400000e+04
5.369700000e+04
5.007400000e+04
5.062300000e+04
4.885900000e+04
4.752900000e+04
4.977200000e+04
5.009800000e+04
4.766500000e+04
