6.433989574e-08
6.208145489e-08
5.469826865e-08
8.036818311e-08
5.653499336e-08
6.665861598e-08
6.062149627e-08
6.964072876e-08
5.754373487e-08
6.227083593e-08
5.655706919e-08
6.517626217e-08
7.271250214e-08
5.009731517e-08
6.415434702e-08
5.747235770e-08
7.555373682e-08
7.589593209e-08
6.024844275e-08
5.609950478e-08
6.105526829e-08
4.992346305e-08
6.426704152e-08
6.130864129e-08
8.270470771e-08
7.098667552e-08
4.758897437e-08
7.668555205e-08
5.691036225e-08
5.004869247e-08

3.914367343e-09
4.020634701e-09
5.589695009e-09
2.508819846e-09
5.688257785e-09
4.224586593e-09
5.153368100e-09
4.367540542e-09
4.216363049e-09
4.010255470e-09
3.011334313e-09
3.676643030e-09
3.633968422e-09
3.755445346e-09
3.273569580e-09
4.919236596e-09
6.503586310e-09
5.494964565e-09
5.058557816e-09
4.176722370e-09
6.301790105e-09
2.192612577e-09
2.295686326e-09
5.497439612e-09
3.909976130e-09
3.517042390e-09
2.539278898e-09
1.901275544e-09
1.621355664e-09
3.439677199e-09
