6.277800000e+04
6.309100000e+04
6.292500000e+04
5.895300000e+04
6.637400000e+04
6.069100000e+04
6.530400000e+04
6.411800000e+04
5.769100000e+04
6.117000000e+04
7.000800000e+04
6.512000000e+04
6.188400000e+04
6.056900000e+04
6.354500000e+04
6.168900000e+04
6.386700000e+04
6.208800000e+04
6.254600000e+04
6.003700000e+04
6.200000000e+04
6.318600000e+04
6.237600000e+04
6.413300000e+04
5.995500000e+04
6.064300000e+04
6.135500000e+04
6.079200000e+04
6.755900000e+04
6.292800000e+04

1.241660000e+05
1.184160000e+05
1.164950000e+05
1.166380000e+05
1.173670000e+05
1.262570000e+05
1.139870000e+05
1.080770000e+05
1.250400000e+05
1.236320000e+05
1.182100000e+05
1.240520000e+05
1.204940000e+05
1.027020000e+05
1.167730000e+05
1.132990000e+05
1.207110000e+05
1.113330000e+05
1.176310000e+05
1.209370000e+05
1.145920000e+05
1.169740000e+05
1.133960000e+05
1.201630000e+05
1.195510000e+05
1.231200000e+05
1.198670000e+05
1.217430000e+05
1.203480000e+05
1.218040000e+05
