8.814000000e+03
7.522000000e+03
7.060000000e+03
6.461000000e+03
6.798000000e+03
7.619000000e+03
8.585000000e+03
7.276000000e+03
8.763000000e+03
7.881000000e+03
8.650000000e+03
7.901000000e+03
7.876000000e+03
6.835000000e+03
7.861000000e+03
7.110000000e+03
8.181000000e+03
7.197000000e+03
7.810000000e+03
9.125000000e+03
7.759000000e+03
8.303000000e+03
9.464000000e+03
8.482000000e+03
8.524000000e+03
9.622000000e+03
7.948000000e+03
7.899000000e+03
6.422000000e+03
7.698000000e+03

2.152600000e+04
1.422400000e+04
1.299200000e+04
1.482800000e+04
1.307300000e+04
3.000902000e+06
1.755400000e+04
1.263300000e+04
1.467100000e+04
1.341500000e+04
1.300700000e+04
1.302800000e+04
1.272100000e+04
2.005700000e+04
1.281000000e+04
1.430400000e+04
1.906400000e+04
1.405500000e+04
4.988027000e+06
1.423000000e+04
1.152700000e+04
1.898000000e+04
1.658100000e+04
1.721700000e+04
1.534000000e+04
1.640100000e+04
1.272600000e+04
1.596500000e+04
1.957400000e+04
1.227400000e+04
