Number of sample populations = 3. Total number of values in the input = 90
14 0 2
14 0 2
14 0 2
15 0 4.5
15 0 4.5
16 0 8.5
16 0 8.5
16 0 8.5
16 0 8.5
16 0 8.5
16 0 8.5
17 0 13
17 0 13
17 0 13
18 2 16
18 0 16
19 0 18
19 0 18
20 0 20
20 0 20
20 0 20
21 0 24
21 0 24
21 0 24
21 0 24
21 0 24
22 0 28
22 0 28
22 2 28
22 2 28
23 0 32
23 0 32
23 2 32
24 1 34
25 1 36
25 2 36
25 1 36
26 2 40
26 2 40
26 2 40
26 1 40
27 2 44
27 1 44
27 1 44
27 2 44
28 1 46
28 2 46
29 1 50
29 2 50
29 2 50
29 2 50
30 2 54
30 2 54
30 2 54
30 1 54
30 2 54
30 2 54
31 2 60
31 2 60
31 2 60
31 2 60
32 2 64
32 2 64
32 1 64
32 0 64
33 2 68
33 1 68
33 1 68
33 1 68
34 1 71
34 1 71
34 1 71
35 1 73
37 1 74
38 2 76
38 1 76
39 1 78
39 1 78
40 1 80
40 1 80
41 2 82
41 1 82
42 1 83
43 2 84
44 1 85
46 1 86
48 2 87
50 1 88
56 1 90
56 1 90
Total number of ties =56
Number of samples = 30; sum = 520
Number of samples = 30; sum = 2001
Number of samples = 30; sum = 1574
Corrected T value =56.8523
p-value to accept the null hypothesis that all distribution functions are identical = 4.51518021e-13
