Number of sample populations = 3. Total number of values in the input = 90
16296 0 1
16682 0 2
16941 0 3
17163 0 4
17167 0 5
17225 0 6
17368 0 7
17408 0 8
17458 0 9
17482 0 10
17586 0 11
17734 0 12
17986 0 13
18087 0 14
18095 0 15
18097 0 16
18110 0 17
18498 0 18
18659 2 19
18774 0 20
18882 0 21
18934 1 22
19100 0 23
19181 0 24
19724 2 25
19781 2 26
19818 0 27
20098 0 28
20102 0 29
20240 2 30
20262 0 31
20356 2 32
20385 0 33
20621 1 34
20677 0 35
20702 2 36
21550 1 37
21760 2 38
21784 2 39
21857 1 40
21919 2 41
22241 2 42
22396 2 43
22403 2 44
22533 1 45
22558 2 46
22581 2 47
22717 2 48
22850 1 49
22968 1 50
23060 1 51
23094 2 52
23180 2 53
23484 0 54
23531 1 55
23800 1 56
23856 2 57
24146 2 58
24207 2 59
24382 2 60
24407 1 61
24813 0 62
24867 2 63
25267 2 64
25366 1 65
25381 1 66
25837 2 67
25855 2 68
25929 1 69
25990 1 70
26077 2 71
27280 2 72
27465 2 73
27717 1 74
28090 2 75
28257 1 76
28486 1 77
29068 1 78
29394 1 79
29728 1 80
29860 1 81
30193 1 82
31134 1 83
31479 1 84
31786 2 85
32120 1 86
32233 1 87
37044 1 88
39315 1 89
40157 1 90
Total number of ties =0
Number of samples = 30; sum = 558
Number of samples = 30; sum = 2004
Number of samples = 30; sum = 1533
Corrected T value =53.1279
p-value to accept the null hypothesis that all distribution functions are identical = 2.90683561e-12
