Number of sample populations = 3. Total number of values in the input = 90
32 0 1
33 0 2.5
33 0 2.5
34 0 4
35 0 7
35 0 7
35 0 7
35 0 7
35 0 7
37 0 10
38 0 12
38 0 12
38 0 12
38 0 12
39 0 16
39 0 16
39 0 16
40 0 18
41 0 19
43 0 21
43 0 21
43 0 21
44 0 24
44 0 24
45 0 25
46 0 26
47 0 28
47 0 28
49 0 29
60 0 30
73 1 31
79 1 32
86 2 34
86 1 34
88 1 35
89 1 36
89 2 36
90 1 38
91 1 39
92 2 40
93 1 41
95 1 44
95 1 44
95 1 44
95 1 44
96 2 46
96 2 46
97 1 48
99 1 50
99 1 50
101 2 52
101 1 52
106 1 54
106 1 54
106 2 54
109 2 56
111 1 58
111 1 58
114 2 60
114 1 60
114 1 60
115 2 62
116 1 63
117 2 64
118 1 66
118 1 66
119 2 67
121 1 68
123 1 69
125 2 70
126 1 71
129 2 72
130 2 73
132 2 74
134 2 75
137 2 76
138 2 77
140 1 78
141 2 79
144 2 80
145 2 81
146 2 82
149 2 83
150 1 84
155 2 85
161 2 86
163 2 88
163 2 88
197 2 90
197 2 90
Total number of ties =30
Number of samples = 30; sum = 465
Number of samples = 30; sum = 1565.5
Number of samples = 30; sum = 2064.5
Corrected T value =65.4579
p-value to accept the null hypothesis that all distribution functions are identical = 6.10935848e-15
