6.725000000e+03
6.623000000e+03
6.400000000e+03
6.503000000e+03
6.520000000e+03
6.592000000e+03
6.570000000e+03
6.559000000e+03
6.505000000e+03
6.562000000e+03
6.562000000e+03
6.490000000e+03
6.484000000e+03
6.472000000e+03
6.540000000e+03
6.488000000e+03
6.558000000e+03
6.614000000e+03
6.421000000e+03
6.703000000e+03
6.635000000e+03
6.261000000e+03
6.498000000e+03
6.737000000e+03
6.540000000e+03
6.453000000e+03
6.215000000e+03
6.504000000e+03
6.401000000e+03
6.560000000e+03

1.047000000e+03
1.003000000e+03
1.014000000e+03
9.980000000e+02
1.183000000e+03
1.003000000e+03
1.001000000e+03
1.012000000e+03
9.980000000e+02
1.012000000e+03
1.025000000e+03
1.028000000e+03
1.003000000e+03
1.011000000e+03
1.003000000e+03
9.980000000e+02
1.069000000e+03
9.980000000e+02
9.980000000e+02
1.003000000e+03
1.011000000e+03
1.011000000e+03
1.011000000e+03
9.980000000e+02
1.011000000e+03
9.980000000e+02
1.011000000e+03
1.059000000e+03
1.003000000e+03
1.098000000e+03
