1.152000000e+03
1.377000000e+03
1.385000000e+03
1.439000000e+03
1.256000000e+03
1.384000000e+03
1.117000000e+03
1.234000000e+03
1.134000000e+03
1.312000000e+03
1.225000000e+03
1.364000000e+03
1.297000000e+03
1.252000000e+03
1.403000000e+03
1.192000000e+03
1.438000000e+03
1.354000000e+03
1.384000000e+03
1.249000000e+03
1.243000000e+03
1.331000000e+03
1.264000000e+03
1.311000000e+03
1.267000000e+03
1.313000000e+03
1.409000000e+03
1.176000000e+03
1.328000000e+03
1.276000000e+03

1.028000000e+03
1.037000000e+03
9.190000000e+02
8.990000000e+02
1.127000000e+03
8.810000000e+02
8.550000000e+02
9.300000000e+02
9.160000000e+02
1.098000000e+03
9.890000000e+02
9.910000000e+02
9.140000000e+02
1.107000000e+03
8.780000000e+02
8.410000000e+02
9.250000000e+02
9.310000000e+02
1.159000000e+03
9.510000000e+02
9.930000000e+02
1.073000000e+03
9.270000000e+02
1.025000000e+03
9.610000000e+02
8.880000000e+02
8.690000000e+02
9.530000000e+02
1.001000000e+03
9.980000000e+02

3.440000000e+02
3.150000000e+02
2.870000000e+02
3.000000000e+02
3.430000000e+02
3.850000000e+02
2.940000000e+02
2.720000000e+02
3.080000000e+02
3.630000000e+02
2.160000000e+02
3.570000000e+02
3.760000000e+02
3.500000000e+02
3.320000000e+02
3.650000000e+02
3.970000000e+02
3.430000000e+02
3.040000000e+02
3.430000000e+02
3.270000000e+02
2.920000000e+02
3.820000000e+02
3.460000000e+02
3.410000000e+02
3.870000000e+02
4.040000000e+02
2.850000000e+02
3.770000000e+02
3.100000000e+02
