5.909638801e-08
6.061854218e-08
6.032656642e-08
4.547041361e-08
4.977064883e-08
5.616956459e-08
6.470516484e-08
6.896048992e-08
5.157970890e-08
5.565108207e-08
5.514094286e-08
4.710135011e-08
5.031547863e-08
6.040660626e-08
5.187056689e-08
5.180948911e-08
5.774708796e-08
5.452677182e-08
6.938144759e-08
6.065826269e-08
5.881175756e-08
5.334769116e-08
6.083383139e-08
5.570178062e-08
6.186265271e-08
5.827407346e-08
6.314756160e-08
6.368640338e-08
4.737312628e-08
5.718277715e-08

4.025856254e-08
3.095122653e-08
4.106662560e-08
5.552573290e-08
3.335202253e-08
2.971398227e-08
4.341604441e-08
6.693554185e-08
4.211852076e-08
3.577461492e-08
9.672185937e-08
4.569504413e-08
5.715591091e-08
4.885500105e-08
5.081344220e-08
3.769680861e-08
4.162418991e-08
2.546372703e-08
4.434901753e-08
3.487234038e-08
3.717437400e-08
3.188962879e-08
3.534846765e-08
6.090297303e-08
5.858808513e-08
2.958775484e-08
4.403536515e-08
9.155799228e-08
7.387633331e-08
2.941545961e-08
