1.684980590e-06
1.829011704e-06
1.750962880e-06
1.703957977e-06
1.709271225e-06
1.921782869e-06
1.850106334e-06
1.900759975e-06
2.146786875e-06
1.672107829e-06
1.824812586e-06
1.799528220e-06
2.001823866e-06
1.778324968e-06
2.156104990e-06
1.928954957e-06
1.823191630e-06
2.052609524e-06
1.970622660e-06
1.764596718e-06
1.830839007e-06
1.750743678e-06
1.986563163e-06
1.839969777e-06
1.828311784e-06
2.189619966e-06
1.718499998e-06
2.010568249e-06
1.838688860e-06
1.887389969e-06

4.474780555e-06
5.512679358e-06
5.515597319e-06
5.211707762e-06
4.029524633e-06
5.745338207e-06
5.973347480e-06
3.414999180e-06
5.863843038e-06
4.808555870e-06
3.308765633e-06
4.325582780e-06
3.911551338e-06
4.274285267e-06
3.746007631e-06
5.657795939e-06
6.318486177e-06
2.942719133e-06
5.394518837e-06
3.706508868e-06
4.976046641e-06
2.503954023e-06
5.608321817e-06
5.683405095e-06
4.804635555e-06
2.875495368e-06
3.450366330e-06
4.558248735e-06
5.334686841e-06
2.621821370e-06
