4.170000000e+02
4.250000000e+02
5.310000000e+02
4.570000000e+02
5.230000000e+02
3.470000000e+02
3.910000000e+02
4.290000000e+02
3.940000000e+02
4.390000000e+02
4.860000000e+02
4.410000000e+02
5.350000000e+02
3.930000000e+02
5.530000000e+02
3.130000000e+02
3.610000000e+02
3.990000000e+02
4.090000000e+02
5.310000000e+02
4.090000000e+02
4.080000000e+02
4.810000000e+02
4.100000000e+02
4.470000000e+02
4.020000000e+02
4.420000000e+02
4.230000000e+02
3.900000000e+02
3.500000000e+02

4.380000000e+02
3.760000000e+02
3.700000000e+02
4.570000000e+02
4.780000000e+02
4.780000000e+02
3.770000000e+02
4.260000000e+02
4.980000000e+02
3.870000000e+02
4.400000000e+02
3.960000000e+02
4.480000000e+02
4.140000000e+02
4.030000000e+02
4.610000000e+02
4.140000000e+02
4.400000000e+02
4.440000000e+02
3.890000000e+02
4.450000000e+02
3.590000000e+02
4.370000000e+02
4.760000000e+02
3.840000000e+02
3.890000000e+02
3.670000000e+02
4.470000000e+02
4.330000000e+02
4.420000000e+02
