1.063500000e+04
9.369000000e+03
9.389000000e+03
9.820000000e+03
9.143000000e+03
1.021600000e+04
1.037400000e+04
9.361000000e+03
9.950000000e+03
9.194000000e+03
9.792000000e+03
9.301000000e+03
1.058400000e+04
1.010200000e+04
9.990000000e+03
9.806000000e+03
1.009600000e+04
9.995000000e+03
9.540000000e+03
9.603000000e+03
9.191000000e+03
9.513000000e+03
8.991000000e+03
9.274000000e+03
9.018000000e+03
9.440000000e+03
1.054800000e+04
9.210000000e+03
9.917000000e+03
9.870000000e+03

8.598000000e+03
9.416000000e+03
8.068000000e+03
1.000600000e+04
9.086000000e+03
9.205000000e+03
8.311000000e+03
7.907000000e+03
9.337000000e+03
8.361000000e+03
8.476000000e+03
9.814000000e+03
9.227000000e+03
8.937000000e+03
8.864000000e+03
8.375000000e+03
9.168000000e+03
9.460000000e+03
8.607000000e+03
8.655000000e+03
8.431000000e+03
9.373000000e+03
7.913000000e+03
7.729000000e+03
7.818000000e+03
8.052000000e+03
8.948000000e+03
7.955000000e+03
8.228000000e+03
8.560000000e+03
