2.981400000e+04
2.852300000e+04
3.018400000e+04
2.899700000e+04
3.046600000e+04
2.998400000e+04
2.970400000e+04
2.732600000e+04
3.166300000e+04
2.926300000e+04
2.931900000e+04
3.322300000e+04
2.930300000e+04
2.702700000e+04
2.789600000e+04
2.963900000e+04
3.319900000e+04
3.014600000e+04
3.244800000e+04
3.112000000e+04
2.704300000e+04
3.003900000e+04
3.102600000e+04
2.945700000e+04
3.074700000e+04
2.757000000e+04
2.845000000e+04
2.776700000e+04
3.002800000e+04
2.930700000e+04

3.215700000e+04
3.025800000e+04
3.116100000e+04
3.025900000e+04
3.326000000e+04
3.488300000e+04
3.071400000e+04
2.954000000e+04
3.072800000e+04
2.882200000e+04
3.122100000e+04
2.734900000e+04
2.676500000e+04
3.009600000e+04
2.913600000e+04
2.864900000e+04
2.816800000e+04
3.268000000e+04
2.996200000e+04
3.022800000e+04
3.272700000e+04
3.240800000e+04
2.845500000e+04
2.586000000e+04
3.087700000e+04
2.859700000e+04
2.982800000e+04
3.217800000e+04
2.619700000e+04
2.959300000e+04
