1.060000000e+02
1.080000000e+02
1.090000000e+02
1.200000000e+02
1.130000000e+02
1.260000000e+02
1.250000000e+02
1.370000000e+02
1.130000000e+02
1.230000000e+02
1.250000000e+02
1.290000000e+02
9.900000000e+01
9.400000000e+01
1.240000000e+02
9.900000000e+01
1.080000000e+02
8.800000000e+01
1.210000000e+02
1.330000000e+02
1.280000000e+02
1.710000000e+02
1.190000000e+02
1.390000000e+02
1.470000000e+02
1.140000000e+02
1.260000000e+02
1.170000000e+02
1.330000000e+02
1.490000000e+02

6.070000000e+02
4.220000000e+02
5.210000000e+02
6.580000000e+02
4.980000000e+02
7.100000000e+02
4.250000000e+02
5.290000000e+02
4.310000000e+02
5.330000000e+02
3.900000000e+02
5.940000000e+02
6.740000000e+02
5.680000000e+02
6.130000000e+02
5.630000000e+02
4.430000000e+02
5.190000000e+02
4.790000000e+02
4.770000000e+02
5.450000000e+02
4.720000000e+02
4.790000000e+02
5.350000000e+02
4.110000000e+02
5.200000000e+02
4.680000000e+02
4.450000000e+02
4.740000000e+02
5.410000000e+02
