9.069000000e+03
7.777000000e+03
7.315000000e+03
6.716000000e+03
7.053000000e+03
7.874000000e+03
8.840000000e+03
7.531000000e+03
9.018000000e+03
8.136000000e+03
8.905000000e+03
8.156000000e+03
8.131000000e+03
7.090000000e+03
8.116000000e+03
7.365000000e+03
8.436000000e+03
7.452000000e+03
8.065000000e+03
9.380000000e+03
8.014000000e+03
8.558000000e+03
9.719000000e+03
8.737000000e+03
8.779000000e+03
9.877000000e+03
8.203000000e+03
8.154000000e+03
6.677000000e+03
7.953000000e+03

6.482000000e+03
6.453000000e+03
6.119000000e+03
6.147000000e+03
5.906000000e+03
6.414000000e+03
6.270000000e+03
6.101000000e+03
6.313000000e+03
6.137000000e+03
6.498000000e+03
6.467000000e+03
6.497000000e+03
6.470000000e+03
5.688000000e+03
6.337000000e+03
6.070000000e+03
7.307000000e+03
6.645000000e+03
6.241000000e+03
6.206000000e+03
6.388000000e+03
6.367000000e+03
6.078000000e+03
6.230000000e+03
6.449000000e+03
6.197000000e+03
6.410000000e+03
6.760000000e+03
6.374000000e+03
