2.564800000e+04
2.684400000e+04
2.498600000e+04
2.506200000e+04
2.618500000e+04
2.770700000e+04
2.560300000e+04
2.434200000e+04
2.442700000e+04
2.677400000e+04
2.537300000e+04
2.411700000e+04
2.626300000e+04
2.489500000e+04
2.623700000e+04
2.633100000e+04
2.528300000e+04
2.550700000e+04
2.388700000e+04
2.527300000e+04
2.738600000e+04
2.483500000e+04
2.730500000e+04
2.394300000e+04
2.595800000e+04
2.501800000e+04
2.429600000e+04
2.659300000e+04
2.399500000e+04
2.502300000e+04

6.270000000e+04
6.790000000e+04
6.939600000e+04
5.981500000e+04
6.714500000e+04
7.028200000e+04
6.395100000e+04
6.806900000e+04
6.391900000e+04
5.670700000e+04
6.600200000e+04
6.107100000e+04
5.679500000e+04
6.302800000e+04
6.415700000e+04
5.748200000e+04
6.067500000e+04
7.024900000e+04
5.858800000e+04
6.097700000e+04
6.003200000e+04
5.879900000e+04
6.654300000e+04
5.823800000e+04
6.800500000e+04
6.651400000e+04
6.127300000e+04
6.412100000e+04
6.359200000e+04
5.532300000e+04
