7.986000000e+03
7.961000000e+03
7.551000000e+03
7.868000000e+03
7.554000000e+03
7.812000000e+03
7.956000000e+03
7.570000000e+03
7.297000000e+03
8.167000000e+03
8.629000000e+03
7.928000000e+03
6.807000000e+03
7.313000000e+03
7.416000000e+03
8.579000000e+03
7.496000000e+03
8.385000000e+03
8.041000000e+03
7.867000000e+03
7.806000000e+03
7.909000000e+03
8.074000000e+03
7.761000000e+03
8.406000000e+03
7.887000000e+03
9.059000000e+03
7.585000000e+03
8.632000000e+03
8.152000000e+03

1.072000000e+04
9.454000000e+03
9.474000000e+03
9.905000000e+03
9.228000000e+03
1.030100000e+04
1.045900000e+04
9.446000000e+03
1.003500000e+04
9.279000000e+03
9.877000000e+03
9.386000000e+03
1.066900000e+04
1.018700000e+04
1.007500000e+04
9.891000000e+03
1.018100000e+04
1.008000000e+04
9.625000000e+03
9.688000000e+03
9.276000000e+03
9.598000000e+03
9.076000000e+03
9.359000000e+03
9.103000000e+03
9.525000000e+03
1.063300000e+04
9.295000000e+03
1.000200000e+04
9.955000000e+03
