3.855011163e-05
3.253467477e-05
4.161801335e-05
4.544840597e-05
3.519082182e-05
3.318196929e-05
5.047491559e-05
4.405107000e-05
3.208535346e-05
3.663858149e-05
3.287061240e-05
3.363717099e-05
3.848781037e-05
3.828932694e-05
3.699158381e-05
3.458559064e-05
3.908396643e-05
4.019028480e-05
4.378416815e-05
4.391889947e-05
4.414225147e-05
4.060815548e-05
3.981041356e-05
3.344349402e-05
3.268394456e-05
3.796713756e-05
3.688904435e-05
3.225808403e-05
3.309336834e-05
4.721302568e-05

7.199635088e-05
7.850476529e-05
7.280373203e-05
7.110071632e-05
7.044597414e-05
5.432675585e-05
5.999256703e-05
6.833256221e-05
8.590569869e-05
6.614844942e-05
8.214345798e-05
7.347997291e-05
6.628946369e-05
6.652488677e-05
6.881310141e-05
5.887817833e-05
5.625719959e-05
5.515469143e-05
6.336183025e-05
8.428286242e-05
7.155663092e-05
6.827306358e-05
8.701139498e-05
7.341908630e-05
7.463498177e-05
7.232446105e-05
6.748917355e-05
7.089374579e-05
7.049742563e-05
6.934919832e-05

3.321598624e-02
3.318219441e-02
3.315820866e-02
3.311882096e-02
3.317224493e-02
3.318892830e-02
3.316585732e-02
3.318190795e-02
3.314034891e-02
3.318811773e-02
3.318339210e-02
3.314995707e-02
3.318720596e-02
3.312295251e-02
3.317540689e-02
3.318858182e-02
3.310438888e-02
3.321973807e-02
3.314786486e-02
3.311814249e-02
3.313978063e-02
3.316824909e-02
3.318081436e-02
3.318586113e-02
3.315775312e-02
3.314237717e-02
3.320698719e-02
3.319157625e-02
3.311838121e-02
3.318655813e-02
