1.160783031e-06
1.080379159e-06
1.102902570e-06
1.347589551e-06
1.153205074e-06
1.133336591e-06
1.114798805e-06
1.182672949e-06
1.020981654e-06
1.276572296e-06
1.289684339e-06
1.147150070e-06
1.150437333e-06
1.298624450e-06
1.254747727e-06
1.128810448e-06
1.104452389e-06
1.130395077e-06
1.276695849e-06
1.212646372e-06
1.119244909e-06
1.303352788e-06
1.147755259e-06
1.239058641e-06
1.219320857e-06
1.244821110e-06
1.261305685e-06
1.271264198e-06
1.155073216e-06
1.231462321e-06

1.994742796e-06
2.047923102e-06
1.707795737e-06
1.763306820e-06
1.916540040e-06
1.985781647e-06
1.820917461e-06
2.096672953e-06
1.961290933e-06
1.738435906e-06
1.823044923e-06
1.896938462e-06
1.860229317e-06
1.789279568e-06
1.974012038e-06
1.898571115e-06
1.739840176e-06
1.977417663e-06
1.856479022e-06
1.700184328e-06
1.659381973e-06
2.020402650e-06
1.681178518e-06
1.808094839e-06
1.781193708e-06
1.659889997e-06
1.957541436e-06
2.354016488e-06
1.772349206e-06
1.708236336e-06
