6.100000000e+01
4.500000000e+01
7.000000000e+01
4.500000000e+01
3.700000000e+01
4.800000000e+01
6.200000000e+01
5.800000000e+01
5.100000000e+01
5.000000000e+01
6.700000000e+01
5.800000000e+01
4.500000000e+01
5.400000000e+01
4.800000000e+01
4.200000000e+01
6.100000000e+01
4.400000000e+01
6.000000000e+01
4.700000000e+01
5.000000000e+01
4.600000000e+01
5.200000000e+01
6.000000000e+01
5.900000000e+01
6.800000000e+01
5.100000000e+01
3.400000000e+01
5.000000000e+01
5.700000000e+01

2.300000000e+02
2.560000000e+02
2.440000000e+02
2.420000000e+02
1.850000000e+02
1.630000000e+02
2.590000000e+02
2.760000000e+02
2.560000000e+02
2.390000000e+02
3.350000000e+02
2.520000000e+02
2.340000000e+02
3.270000000e+02
2.520000000e+02
2.230000000e+02
2.330000000e+02
2.170000000e+02
2.510000000e+02
3.320000000e+02
2.850000000e+02
2.770000000e+02
2.500000000e+02
2.790000000e+02
2.020000000e+02
2.440000000e+02
2.570000000e+02
1.980000000e+02
2.060000000e+02
2.310000000e+02
