4.549160000e+05
3.659740000e+05
4.074980000e+05
4.025160000e+05
4.403090000e+05
4.083930000e+05
4.176750000e+05
4.159390000e+05
4.244870000e+05
4.067590000e+05
4.166480000e+05
4.056490000e+05
4.346800000e+05
4.382820000e+05
3.942290000e+05
3.906700000e+05
4.010460000e+05
3.873140000e+05
3.708030000e+05
4.082370000e+05
3.908980000e+05
3.749770000e+05
3.892820000e+05
4.495680000e+05
4.170560000e+05
3.904490000e+05
3.975120000e+05
3.976720000e+05
4.567980000e+05
4.061430000e+05

4.336000000e+05
4.566490000e+05
4.200150000e+05
4.010010000e+05
4.104970000e+05
4.766740000e+05
4.454520000e+05
4.483260000e+05
4.116850000e+05
4.489460000e+05
4.540070000e+05
4.796010000e+05
4.367430000e+05
4.064640000e+05
4.575170000e+05
4.204160000e+05
4.716050000e+05
4.808970000e+05
4.749290000e+05
3.771080000e+05
4.423330000e+05
4.172700000e+05
4.107470000e+05
4.742780000e+05
4.637640000e+05
4.340770000e+05
3.940480000e+05
4.064480000e+05
4.501340000e+05
4.901980000e+05
