5.559765698e-07
1.563372449e-06
1.328278233e-06
1.150849428e-06
1.287289771e-06
1.134587568e-06
2.288442422e-07
2.740408437e-07
2.100647400e-07
9.739311618e-08
3.673335648e-07
2.916808261e-07
1.034596650e-06
1.635844791e-06
2.020727879e-06
1.042518039e-06
8.480526450e-07
1.136355351e-06
1.375651239e-06
3.307858968e-07
3.161053925e-07
1.231351703e-06
9.892539010e-07
6.571691632e-07
7.132477498e-07
3.132271918e-07
1.950032381e-07
5.593174048e-07
2.123469853e-06
1.091045136e-06

7.710276122e-07
8.693620049e-07
7.250498139e-07
7.720886890e-07
9.704305665e-07
8.176950306e-07
8.178254097e-07
7.270946422e-07
5.799442903e-07
8.665703909e-07
4.820757255e-07
8.623241277e-07
9.164370476e-07
7.697453780e-07
6.733201650e-07
1.213870722e-06
1.065842527e-06
1.108933302e-06
1.110083361e-06
8.669299115e-07
8.693821645e-07
9.180298604e-07
7.712787497e-07
9.181745309e-07
8.127215825e-07
8.686298300e-07
8.696012062e-07
6.275198116e-07
1.012866133e-06
1.160401474e-06
