7.381000000e+03
6.930000000e+02
1.097000000e+04
3.998000000e+03
1.184400000e+04
8.800000000e+02
2.644000000e+03
4.368000000e+03
1.670100000e+04
6.480000000e+02
7.296000000e+03
4.940000000e+03
2.022300000e+04
1.946100000e+04
1.077700000e+04
6.655000000e+03
3.195000000e+03
6.128000000e+03
8.420000000e+02
5.815000000e+03
1.408000000e+03
8.156000000e+03
1.422900000e+04
1.011800000e+04
1.275000000e+03
5.758000000e+03
1.422600000e+04
3.217000000e+03
7.198000000e+03
5.890000000e+02

1.552100000e+04
1.721500000e+04
1.467100000e+04
1.554800000e+04
1.901400000e+04
1.636600000e+04
1.640600000e+04
1.465500000e+04
1.205500000e+04
1.723800000e+04
1.035900000e+04
1.724700000e+04
1.812500000e+04
1.551800000e+04
1.377200000e+04
2.337200000e+04
2.073100000e+04
2.155000000e+04
2.160400000e+04
1.725000000e+04
1.726200000e+04
1.813900000e+04
1.553600000e+04
1.808200000e+04
1.632100000e+04
1.727000000e+04
1.727000000e+04
1.291200000e+04
1.988000000e+04
2.245500000e+04
