4.462306700e+07
3.402587000e+06
3.431903000e+06
1.775473700e+07
1.877151000e+07
3.411571900e+07
7.234608000e+06
3.756494000e+06
7.756854500e+07
3.739489000e+06
9.903694500e+07
2.644004800e+07
4.298185000e+07
3.469670000e+06
3.932467700e+07
3.522425000e+06
2.288076900e+07
5.827754000e+07
1.222351800e+07
1.628672600e+07
3.663597000e+06
3.515410000e+06
2.799945300e+07
3.506370000e+06
3.382194000e+06
1.978135600e+07
3.638428000e+06
3.660712000e+06
3.545764000e+06
5.168688200e+07

8.284361300e+07
1.239042010e+08
8.283087600e+07
1.452827430e+08
1.449860900e+08
7.982417200e+07
1.050071860e+08
8.327167600e+07
1.256656110e+08
1.287511280e+08
5.778522600e+07
1.166607750e+08
1.331822370e+08
8.257954800e+07
9.972289800e+07
1.040877660e+08
1.248250930e+08
1.159695670e+08
1.076859310e+08
6.422666800e+07
1.383529300e+07
1.541532410e+08
1.230018590e+08
5.506869800e+07
1.020041440e+08
7.855966100e+07
1.015705120e+08
1.225636210e+08
1.254171430e+08
2.544573000e+07
