4.464130000e+05
4.304450000e+05
4.410440000e+05
3.886920000e+05
4.890420000e+05
4.663390000e+05
5.088000000e+05
4.086900000e+05
4.437690000e+05
3.983580000e+05
4.999470000e+05
4.470730000e+05
4.949020000e+05
4.276670000e+05
4.283530000e+05
4.049100000e+05
4.285780000e+05
2.433157000e+06
4.003810000e+05
3.901530000e+05
4.816430000e+05
4.226400000e+05
2.405987000e+06
4.513360000e+05
4.559990000e+05
5.052430000e+05
4.454830000e+05
4.512740000e+05
4.188830000e+05
4.132200000e+05

6.381830000e+05
7.368860000e+05
6.376670000e+05
6.532430000e+05
6.342780000e+05
6.692860000e+05
6.840960000e+05
6.144600000e+05
6.410840000e+05
6.867090000e+05
6.772010000e+05
6.372690000e+05
6.446530000e+05
6.545140000e+05
6.273290000e+05
6.939470000e+05
6.516170000e+05
6.535550000e+05
6.568810000e+05
7.406820000e+05
7.074250000e+05
6.715800000e+05
6.673630000e+05
6.564930000e+05
6.615710000e+05
6.890520000e+05
6.760070000e+05
7.265820000e+05
6.294490000e+05
6.517240000e+05
