Number of sample populations = 3. Total number of values in the input = 90
5.31097e-06 1 1
5.74045e-06 1 2
5.79612e-06 1 3
5.84936e-06 1 4
5.95735e-06 1 5
5.96631e-06 1 6
5.97116e-06 1 7
6.14662e-06 1 8
6.15357e-06 1 9
6.15964e-06 1 10
6.22496e-06 1 11
6.28421e-06 1 12
6.29978e-06 1 13
6.3446e-06 1 14
6.36207e-06 1 15
6.40899e-06 1 16
6.50106e-06 1 17
6.50982e-06 1 18
6.5243e-06 1 19
6.62154e-06 1 20
6.64968e-06 1 21
6.7512e-06 1 22
6.84303e-06 1 23
6.86202e-06 1 24
6.892e-06 1 25
6.89317e-06 1 26
6.89795e-06 1 27
7.04311e-06 1 28
7.13399e-06 1 29
7.24146e-06 1 30
7.8207e-06 0 31
8.17776e-06 0 32
8.25715e-06 0 33
8.2746e-06 2 34
8.48238e-06 0 35
8.59592e-06 2 36
8.65529e-06 0 37
8.8114e-06 0 38
8.89361e-06 0 39
8.90539e-06 0 40
9.05805e-06 2 41
9.08019e-06 0 42
9.11134e-06 2 43
9.11825e-06 0 44
9.12594e-06 0 45
9.13871e-06 2 46
9.21127e-06 2 47
9.21918e-06 0 48
9.22095e-06 0 49
9.23767e-06 0 50
9.27048e-06 2 51
9.30174e-06 2 52
9.35676e-06 2 53
9.40983e-06 2 54
9.41887e-06 0 55
9.42524e-06 2 56
9.43159e-06 0 57
9.44979e-06 2 58
9.45006e-06 2 59
9.45975e-06 0 60
9.4864e-06 2 61
9.52284e-06 2 62
9.53487e-06 2 63
9.68462e-06 0 64
9.81826e-06 0 65
9.95198e-06 2 66
1.0027e-05 0 67
1.01121e-05 0 68
1.0116e-05 2 69
1.01332e-05 0 70
1.01496e-05 0 71
1.01887e-05 2 72
1.02132e-05 0 73
1.03213e-05 2 74
1.04575e-05 2 75
1.07301e-05 2 76
1.07427e-05 0 77
1.07694e-05 0 78
1.081e-05 0 79
1.0898e-05 2 80
1.09187e-05 0 81
1.12526e-05 2 82
1.12614e-05 2 83
1.13793e-05 2 84
1.14066e-05 2 85
1.14102e-05 0 86
1.14723e-05 0 87
1.2376e-05 2 88
1.25385e-05 2 89
1.3032e-05 2 90
Total number of ties =0
Number of samples = 30; sum = 1701
Number of samples = 30; sum = 465
Number of samples = 30; sum = 1929
Corrected T value =60.6101
p-value to accept the null hypothesis that all distribution functions are identical = 6.89734363e-14
