1.013316999e-05
9.431593083e-06
9.118245053e-06
7.820702199e-06
1.014959500e-05
9.684621413e-06
1.074271680e-05
9.080190760e-06
1.011205759e-05
8.482377825e-06
1.076936057e-05
9.418872138e-06
1.080996149e-05
8.905388340e-06
9.220953454e-06
8.177760685e-06
9.237666172e-06
1.091872561e-05
8.257151224e-06
8.655294818e-06
1.141021929e-05
9.818259842e-06
1.021321358e-05
9.459750381e-06
1.002698578e-05
1.147225883e-05
9.219177807e-06
8.893613542e-06
8.811398254e-06
9.125943569e-06

6.146624472e-06
5.310969779e-06
5.849363452e-06
6.344602398e-06
5.971163330e-06
5.740450707e-06
7.241458747e-06
6.751201432e-06
6.892002130e-06
6.299775736e-06
5.957346178e-06
6.153568417e-06
5.966314433e-06
7.133990910e-06
6.509817362e-06
6.524298386e-06
6.501060166e-06
6.284205652e-06
6.843034195e-06
6.897945757e-06
6.649680017e-06
6.408992513e-06
6.621544436e-06
6.862015892e-06
7.043112358e-06
6.159643860e-06
6.224964274e-06
5.796118236e-06
6.893168596e-06
6.362069606e-06

9.301742754e-06
1.237596866e-05
9.111343064e-06
9.449785121e-06
9.356763777e-06
1.089802024e-05
1.137925098e-05
8.274599749e-06
9.058051142e-06
1.073012184e-05
1.032125750e-05
8.595923420e-06
9.522838980e-06
9.486395783e-06
9.138707428e-06
1.140662803e-05
9.211266318e-06
9.534866513e-06
9.450058694e-06
1.303204006e-05
1.125258579e-05
1.018873895e-05
9.951984619e-06
9.425244387e-06
1.011598713e-05
1.126141556e-05
1.045754487e-05
1.253853756e-05
9.270480909e-06
9.409831309e-06
