1.031100000e+04
1.014900000e+04
9.873000000e+03
9.222000000e+03
9.857000000e+03
8.868000000e+03
9.666000000e+03
9.374000000e+03
9.285000000e+03
9.828000000e+03
9.730000000e+03
8.992000000e+03
9.267000000e+03
9.470000000e+03
9.573000000e+03
9.093000000e+03
8.458000000e+03
9.284000000e+03
9.027000000e+03
1.011700000e+04
9.870000000e+03
9.941000000e+03
8.878000000e+03
9.757000000e+03
9.454000000e+03
9.585000000e+03
9.493000000e+03
9.731000000e+03
9.592000000e+03
9.817000000e+03

1.930600000e+04
1.908800000e+04
2.143400000e+04
2.108300000e+04
2.114500000e+04
2.068600000e+04
2.236700000e+04
2.096700000e+04
2.141300000e+04
2.204900000e+04
1.804800000e+04
1.943200000e+04
2.238000000e+04
2.164000000e+04
2.109300000e+04
1.859800000e+04
2.144100000e+04
1.821000000e+04
2.197400000e+04
2.132200000e+04
1.972300000e+04
2.256500000e+04
1.889200000e+04
2.035100000e+04
1.956900000e+04
1.621200000e+04
1.854300000e+04
1.964800000e+04
2.239900000e+04
2.283200000e+04
