5.682600000e+04
6.221200000e+04
6.222700000e+04
6.078100000e+04
6.060200000e+04
5.881000000e+04
6.264600000e+04
6.217900000e+04
6.276100000e+04
6.100000000e+04
6.096200000e+04
6.211600000e+04
5.892900000e+04
6.094400000e+04
6.289500000e+04
5.833100000e+04
6.039500000e+04
6.289200000e+04
6.052500000e+04
5.854900000e+04
6.181500000e+04
6.098100000e+04
6.632200000e+04
6.098700000e+04
6.110700000e+04
5.822600000e+04
5.860900000e+04
5.856100000e+04
6.718000000e+04
6.512300000e+04

6.878700000e+04
6.098700000e+04
5.477800000e+04
6.270900000e+04
6.730600000e+04
6.986600000e+04
5.425800000e+04
5.743800000e+04
6.364900000e+04
6.063200000e+04
5.652000000e+04
6.971100000e+04
6.554700000e+04
6.766400000e+04
6.876300000e+04
6.604100000e+04
6.123600000e+04
6.581500000e+04
5.686600000e+04
5.976600000e+04
6.417600000e+04
6.169500000e+04
7.489100000e+04
6.427100000e+04
6.814600000e+04
5.815100000e+04
6.485900000e+04
6.320100000e+04
5.542000000e+04
6.048800000e+04
