1.390000000e+02
7.600000000e+01
1.210000000e+02
1.100000000e+02
1.260000000e+02
8.800000000e+01
1.220000000e+02
9.700000000e+01
1.140000000e+02
8.900000000e+01
8.100000000e+01
1.060000000e+02
9.500000000e+01
1.110000000e+02
1.050000000e+02
1.380000000e+02
9.800000000e+01
8.800000000e+01
7.300000000e+01
1.140000000e+02
8.300000000e+01
8.500000000e+01
1.120000000e+02
7.800000000e+01
9.400000000e+01
1.010000000e+02
9.200000000e+01
9.700000000e+01
8.800000000e+01
1.140000000e+02

2.740000000e+02
2.230000000e+02
1.520000000e+02
3.330000000e+02
2.390000000e+02
1.990000000e+02
3.320000000e+02
1.270000000e+02
3.200000000e+02
2.040000000e+02
2.180000000e+02
2.460000000e+02
2.570000000e+02
2.270000000e+02
2.900000000e+02
3.230000000e+02
2.050000000e+02
1.290000000e+02
1.900000000e+02
3.600000000e+02
2.110000000e+02
1.080000000e+02
1.940000000e+02
2.160000000e+02
1.920000000e+02
2.190000000e+02
9.800000000e+01
2.360000000e+02
3.060000000e+02
3.110000000e+02
