2.009600000e+04
2.227200000e+04
2.521600000e+04
3.200000000e+04
2.380800000e+04
3.609600000e+04
2.406400000e+04
2.675200000e+04
2.316800000e+04
2.675200000e+04
2.713600000e+04
3.072000000e+04
3.289600000e+04
1.984000000e+04
3.507200000e+04
2.636800000e+04
3.392000000e+04
2.841600000e+04
2.572800000e+04
3.046400000e+04
2.624000000e+04
2.086400000e+04
2.444800000e+04
3.660800000e+04
2.585600000e+04
2.393600000e+04
1.817600000e+04
2.777600000e+04
2.790400000e+04
2.496000000e+04

7.915520000e+05
7.161600000e+05
7.813120000e+05
8.336640000e+05
6.791680000e+05
5.912320000e+05
8.220160000e+05
7.525120000e+05
7.118080000e+05
6.694400000e+05
7.733760000e+05
8.774400000e+05
7.456000000e+05
6.213120000e+05
7.065600000e+05
7.176960000e+05
7.873280000e+05
6.238720000e+05
5.180160000e+05
7.006720000e+05
8.024320000e+05
6.206720000e+05
7.406080000e+05
6.487040000e+05
6.293760000e+05
6.602240000e+05
6.341120000e+05
7.034880000e+05
7.737600000e+05
8.805120000e+05
