4.031210340e-07
4.310200480e-07
4.211278423e-07
4.645104736e-07
4.466210304e-07
4.432996365e-07
5.125511441e-07
4.918319233e-07
3.927915433e-07
4.594331134e-07
4.341522605e-07
3.902261168e-07
4.089386330e-07
4.195168260e-07
4.088624654e-07
4.261851227e-07
4.956633367e-07
4.355462311e-07
4.508012259e-07
4.050295750e-07
4.236621711e-07
4.478875761e-07
4.168662498e-07
3.762183463e-07
4.859538055e-07
4.180102407e-07
4.822493381e-07
4.177640533e-07
4.285185735e-07
4.306166153e-07

2.916591095e-07
3.618770034e-07
2.942211828e-07
3.234128502e-07
3.328377909e-07
3.202349293e-07
3.185106595e-07
2.606851285e-07
3.725110447e-07
2.939080494e-07
2.747041964e-07
2.975642533e-07
2.779758897e-07
2.850290164e-07
2.757984468e-07
4.695050794e-07
3.417776622e-07
2.814193194e-07
2.836788780e-07
4.967205013e-07
2.890047809e-07
2.821548476e-07
3.550147348e-07
3.246953639e-07
2.767788849e-07
3.439723506e-07
3.085939429e-07
3.563821187e-07
3.567305016e-07
3.111923834e-07
