5.200000000e+01
5.200000000e+01
4.400000000e+01
6.300000000e+01
7.800000000e+01
5.200000000e+01
4.600000000e+01
5.300000000e+01
5.400000000e+01
5.700000000e+01
5.000000000e+01
5.100000000e+01
4.000000000e+01
4.500000000e+01
3.900000000e+01
5.300000000e+01
4.400000000e+01
7.000000000e+01
4.200000000e+01
7.700000000e+01
3.900000000e+01
6.400000000e+01
6.400000000e+01
5.400000000e+01
3.300000000e+01
6.400000000e+01
4.000000000e+01
5.200000000e+01
4.100000000e+01
4.500000000e+01

6.000000000e+01
1.020000000e+02
6.100000000e+01
7.700000000e+01
1.960000000e+02
1.530000000e+02
6.500000000e+01
1.730000000e+02
8.200000000e+01
5.600000000e+01
1.330000000e+02
2.510000000e+02
8.000000000e+01
8.600000000e+01
5.000000000e+01
9.400000000e+01
1.930000000e+02
9.900000000e+01
8.500000000e+01
1.170000000e+02
6.300000000e+01
6.800000000e+01
7.600000000e+01
6.200000000e+01
1.010000000e+02
8.600000000e+01
8.600000000e+01
1.220000000e+02
7.300000000e+01
6.400000000e+01
