9.374051025e-06
7.649815863e-06
9.203109240e-06
7.030272251e-06
7.623577047e-06
8.923802254e-06
9.846327000e-06
8.874037074e-06
8.874703580e-06
1.036888987e-05
8.064821396e-06
1.021087885e-05
9.638719463e-06
9.644113190e-06
8.569751750e-06
7.795685019e-06
7.454382486e-06
8.768844844e-06
8.853255658e-06
7.789909496e-06
8.903374170e-06
7.649786083e-06
7.858547471e-06
8.168435225e-06
9.105449098e-06
8.075237394e-06
9.859131857e-06
1.068368708e-05
8.331675940e-06
8.553380828e-06

1.592674296e-05
1.520547326e-05
1.349230643e-05
1.426526925e-05
1.384534807e-05
1.196047455e-05
1.240838204e-05
1.577585616e-05
1.450921499e-05
1.199222457e-05
1.500511569e-05
1.301805509e-05
1.252775063e-05
1.447501251e-05
1.526947375e-05
1.586873020e-05
1.307826716e-05
1.394363552e-05
1.441024902e-05
1.511521746e-05
1.284214436e-05
1.348280093e-05
1.138703692e-05
1.423779199e-05
1.396249215e-05
1.181006180e-05
1.701220902e-05
1.405891840e-05
1.734838213e-05
1.361581632e-05
