Number of sample populations = 3. Total number of values in the input = 90
1.22476e-06 0 1
1.22662e-06 0 2
1.27853e-06 0 3
1.32042e-06 0 4
1.32702e-06 0 5
1.32776e-06 0 6
1.33219e-06 0 7
1.33788e-06 0 8
1.34678e-06 0 9
1.34821e-06 1 10
1.34961e-06 0 11
1.35526e-06 0 12
1.35585e-06 1 13
1.36761e-06 0 14
1.37235e-06 0 15
1.39951e-06 0 16
1.40011e-06 0 17
1.40018e-06 0 18
1.40561e-06 0 19
1.42143e-06 0 20
1.43674e-06 0 21
1.43683e-06 1 22
1.43838e-06 1 23
1.44132e-06 0 24
1.45206e-06 0 25
1.46843e-06 1 26
1.47124e-06 0 27
1.47948e-06 0 28
1.48114e-06 1 29
1.4837e-06 0 30
1.49125e-06 1 31
1.49236e-06 1 32
1.49289e-06 1 33
1.50199e-06 1 34
1.50334e-06 1 35
1.50475e-06 0 36
1.51046e-06 1 37
1.51245e-06 1 38
1.51989e-06 1 39
1.52294e-06 1 40
1.52436e-06 1 41
1.52651e-06 1 42
1.52808e-06 0 43
1.53641e-06 0 44
1.55239e-06 1 45
1.55555e-06 1 46
1.55662e-06 1 47
1.56114e-06 1 48
1.56702e-06 1 49
1.56844e-06 1 50
1.57447e-06 0 51
1.57912e-06 1 52
1.58724e-06 1 53
1.58845e-06 1 54
1.59679e-06 1 55
1.61817e-06 1 56
1.62647e-06 1 57
1.65347e-06 1 58
1.69378e-06 0 59
1.74479e-06 0 60
1.95436e-06 2 61
1.97063e-06 2 62
2.07093e-06 2 63
2.10354e-06 2 64
2.11771e-06 2 65
2.13024e-06 2 66
2.13108e-06 2 67
2.15923e-06 2 68
2.17349e-06 2 69
2.18516e-06 2 70
2.21041e-06 2 71
2.2144e-06 2 72
2.25704e-06 2 73
2.2632e-06 2 74
2.26604e-06 2 75
2.2758e-06 2 76
2.2768e-06 2 77
2.30024e-06 2 78
2.3217e-06 2 79
2.38237e-06 2 80
2.38331e-06 2 81
2.38609e-06 2 82
2.38667e-06 2 83
2.43284e-06 2 84
2.48835e-06 2 85
2.52072e-06 2 86
2.5409e-06 2 87
2.76534e-06 2 88
2.83195e-06 2 89
2.85897e-06 2 90
Total number of ties =0
Number of samples = 30; sum = 635
Number of samples = 30; sum = 1195
Number of samples = 30; sum = 2265
Corrected T value =66.9988
p-value to accept the null hypothesis that all distribution functions are identical = 2.82748294e-15
