0.000000000e+00
0.000000000e+00
0.000000000e+00
0.000000000e+00
4.391412774e-08
4.391412774e-08
4.391412774e-08
0.000000000e+00
0.000000000e+00
0.000000000e+00
0.000000000e+00
0.000000000e+00
0.000000000e+00
4.391412774e-08
0.000000000e+00
4.391412774e-08
0.000000000e+00
4.391412774e-08
0.000000000e+00
0.000000000e+00
0.000000000e+00
0.000000000e+00
0.000000000e+00
0.000000000e+00
0.000000000e+00
0.000000000e+00
0.000000000e+00
0.000000000e+00
0.000000000e+00
0.000000000e+00

0.000000000e+00
0.000000000e+00
0.000000000e+00
0.000000000e+00
0.000000000e+00
0.000000000e+00
0.000000000e+00
0.000000000e+00
0.000000000e+00
0.000000000e+00
0.000000000e+00
0.000000000e+00
0.000000000e+00
0.000000000e+00
0.000000000e+00
0.000000000e+00
0.000000000e+00
0.000000000e+00
0.000000000e+00
0.000000000e+00
0.000000000e+00
0.000000000e+00
0.000000000e+00
0.000000000e+00
0.000000000e+00
0.000000000e+00
0.000000000e+00
0.000000000e+00
0.000000000e+00
0.000000000e+00

5.221551665e-09
5.225543677e-09
4.395205186e-09
4.059876180e-09
3.644706935e-09
5.257479773e-09
4.463069390e-09
4.027940084e-09
5.197599593e-09
3.193609581e-09
4.403189210e-09
4.063868192e-09
4.027940084e-09
4.834326503e-09
4.427141282e-09
2.778440336e-09
4.810374431e-09
4.455085366e-09
2.435127305e-09
5.233527701e-09
5.592808779e-09
3.668659006e-09
5.628736887e-09
2.443111330e-09
4.810374431e-09
4.015964048e-09
4.427141282e-09
3.668659006e-09
3.249497749e-09
4.439117318e-09
