5.023798349e-05
4.302591917e-05
5.370675563e-05
4.994578758e-05
4.604502805e-05
4.628106901e-05
4.398434839e-05
5.080449439e-05
4.680729902e-05
4.793802440e-05
4.060012846e-05
5.494334434e-05
4.585567199e-05
5.171777168e-05
4.774245789e-05
5.550550406e-05
4.067339925e-05
5.512390615e-05
4.762906311e-05
4.629933382e-05
4.496193807e-05
5.364300895e-05
5.624573178e-05
4.971681196e-05
5.501465844e-05
5.052412724e-05
5.424808998e-05
4.660217979e-05
5.446941655e-05
4.564410581e-05

7.535372720e-05
9.007171109e-05
6.984994640e-05
9.515066461e-05
9.171979119e-05
8.094256748e-05
7.745276506e-05
7.436263394e-05
6.861170153e-05
9.268040999e-05
8.558837030e-05
8.392004973e-05
6.893108193e-05
8.088077844e-05
7.916305617e-05
9.962879838e-05
6.911533472e-05
9.417014052e-05
6.976937909e-05
7.293451697e-05
9.162096187e-05
8.321379798e-05
1.012366332e-04
7.350326670e-05
8.208480805e-05
8.364846182e-05
9.448855150e-05
7.203884904e-05
9.785428179e-05
9.231110206e-05
