2.495900000e+04
2.181700000e+04
2.230900000e+04
2.570600000e+04
2.373400000e+04
2.166400000e+04
2.250000000e+04
2.324200000e+04
2.356600000e+04
2.299400000e+04
2.153300000e+04
2.375500000e+04
2.317500000e+04
2.407900000e+04
2.160000000e+04
2.460500000e+04
2.402600000e+04
2.385800000e+04
2.387700000e+04
2.319000000e+04
2.449400000e+04
2.309200000e+04
2.319900000e+04
2.200000000e+04
2.411800000e+04
2.354600000e+04
2.313800000e+04
2.358800000e+04
2.312500000e+04
2.072300000e+04

4.583800000e+04
3.769300000e+04
5.291700000e+04
4.520400000e+04
4.318300000e+04
4.517300000e+04
4.550600000e+04
3.941300000e+04
4.423400000e+04
4.675900000e+04
4.053400000e+04
4.940200000e+04
4.507400000e+04
4.592100000e+04
4.128400000e+04
5.451800000e+04
4.907800000e+04
4.577500000e+04
5.387700000e+04
5.101700000e+04
4.359100000e+04
4.666900000e+04
5.797400000e+04
4.968000000e+04
4.588400000e+04
4.935400000e+04
4.655700000e+04
4.717600000e+04
5.519100000e+04
4.826400000e+04
