3.195653691e-06
2.601525303e-06
2.910479245e-06
3.686169328e-06
3.105209829e-06
4.221593224e-06
4.119158995e-06
3.089160424e-06
5.799651765e-06
3.587524197e-06
4.308372777e-06
3.790718844e-06
4.497092988e-06
3.392301598e-06
4.565766492e-06
3.624780208e-06
3.946429906e-06
3.236733610e-06
3.353494770e-06
3.634814010e-06
3.836639676e-06
3.181914343e-06
3.302491149e-06
2.928092920e-06
2.790490742e-06
4.595321792e-06
3.947261083e-06
4.349227946e-06
4.001731128e-06
4.831962633e-06

1.044459970e-05
1.041963086e-05
7.716945457e-06
1.045887844e-05
1.103105635e-05
8.131744523e-06
7.831067977e-06
1.176377331e-05
8.585812931e-06
7.880698546e-06
9.485367840e-06
7.963526488e-06
8.062803434e-06
7.663685510e-06
7.369310994e-06
7.482104654e-06
7.791256999e-06
9.742559958e-06
1.814463511e-05
8.095194659e-06
1.093174963e-05
9.516407170e-06
1.036583422e-05
7.819066832e-06
8.289010434e-06
1.103540521e-05
2.338875130e-05
8.235808890e-06
7.951112129e-06
1.620002208e-05
