Number of sample populations = 3. Total number of values in the input = 90
20 0 1
22 0 2
23 0 4
23 0 4
23 0 4
24 0 8
24 0 8
24 0 8
24 0 8
24 0 8
25 0 11
26 0 14
26 0 14
26 0 14
26 0 14
27 0 17
27 0 17
27 0 17
28 0 19
29 0 21
29 0 21
29 0 21
30 0 24
30 0 24
30 0 24
31 0 26
32 0 27
33 0 28
33 0 28
34 1 30
41 1 32
41 0 32
45 1 34
45 1 34
46 1 36
46 1 36
47 1 37
48 1 39
48 1 39
48 1 39
49 1 42
49 1 42
50 1 43
51 1 44
52 1 45
53 1 46
53 1 46
55 1 48
56 1 49
57 1 50
57 1 50
58 1 52
59 1 54
59 1 54
60 1 55
61 1 56
62 1 57
63 1 58
70 1 59
79 1 60
114 2 61
115 2 62
119 2 64
119 2 64
120 2 65
123 2 66
125 2 67
126 2 68
132 2 69
133 2 71
133 2 71
133 2 71
135 2 73
137 2 74
137 2 74
139 2 76
140 2 77
141 2 78
144 2 80
144 2 80
145 2 82
145 2 82
152 2 83
153 2 84
154 2 85
155 2 86
161 2 87
248 2 88
255 2 89
263 2 90
Total number of ties =31
Number of samples = 30; sum = 466.5
Number of samples = 30; sum = 1363.5
Number of samples = 30; sum = 2265
Corrected T value =79.0322
p-value to accept the null hypothesis that all distribution functions are identical = 6.89259821e-18
