2.600000000e+01
3.300000000e+01
2.700000000e+01
3.000000000e+01
3.300000000e+01
2.400000000e+01
2.500000000e+01
2.400000000e+01
2.200000000e+01
2.000000000e+01
2.900000000e+01
2.400000000e+01
2.300000000e+01
2.600000000e+01
2.700000000e+01
2.800000000e+01
3.000000000e+01
4.100000000e+01
3.000000000e+01
2.900000000e+01
2.900000000e+01
2.400000000e+01
2.600000000e+01
2.700000000e+01
3.200000000e+01
2.300000000e+01
2.300000000e+01
3.100000000e+01
2.600000000e+01
2.400000000e+01

6.300000000e+01
4.600000000e+01
5.700000000e+01
4.600000000e+01
5.200000000e+01
4.100000000e+01
3.400000000e+01
4.900000000e+01
5.500000000e+01
5.700000000e+01
4.800000000e+01
5.600000000e+01
5.300000000e+01
4.500000000e+01
5.100000000e+01
5.300000000e+01
4.500000000e+01
5.900000000e+01
4.700000000e+01
6.000000000e+01
7.900000000e+01
7.000000000e+01
6.100000000e+01
6.200000000e+01
4.800000000e+01
4.800000000e+01
4.900000000e+01
5.800000000e+01
5.000000000e+01
5.900000000e+01

1.550000000e+02
1.450000000e+02
1.330000000e+02
1.370000000e+02
1.370000000e+02
1.140000000e+02
1.400000000e+02
1.330000000e+02
2.630000000e+02
1.450000000e+02
1.440000000e+02
1.190000000e+02
1.440000000e+02
1.330000000e+02
1.230000000e+02
1.320000000e+02
1.250000000e+02
1.530000000e+02
2.480000000e+02
1.150000000e+02
1.190000000e+02
1.260000000e+02
1.350000000e+02
1.390000000e+02
1.540000000e+02
1.410000000e+02
1.610000000e+02
2.550000000e+02
1.200000000e+02
1.520000000e+02
