7.099500000e+04
7.532300000e+04
7.026100000e+04
7.373100000e+04
8.124300000e+04
7.173500000e+04
8.171800000e+04
7.747100000e+04
7.368700000e+04
7.864100000e+04
8.282600000e+04
1.002370000e+05
7.447400000e+04
1.093350000e+05
7.061200000e+04
7.996900000e+04
6.759700000e+04
6.730100000e+04
8.944600000e+04
8.971000000e+04
6.738800000e+04
1.079460000e+05
7.489600000e+04
9.980300000e+04
8.610100000e+04
7.790000000e+04
8.841000000e+04
9.638100000e+04
7.524400000e+04
9.139300000e+04

4.272400000e+04
3.301000000e+04
3.574700000e+04
3.531800000e+04
3.160500000e+04
3.484500000e+04
3.454300000e+04
4.047900000e+04
3.257500000e+04
3.293400000e+04
3.277000000e+04
3.770800000e+04
3.432900000e+04
3.365100000e+04
3.998800000e+04
3.900800000e+04
3.394100000e+04
3.873300000e+04
3.402100000e+04
3.830600000e+04
3.567600000e+04
4.142400000e+04
3.902500000e+04
3.679200000e+04
3.868800000e+04
4.206100000e+04
3.105000000e+04
3.505600000e+04
4.067500000e+04
4.124400000e+04
