9.134697053e-07
8.175773860e-07
9.344204628e-07
9.453839249e-07
8.469473367e-07
8.956229367e-07
9.362844929e-07
9.656605912e-07
9.503776125e-07
8.860912496e-07
8.850514902e-07
9.250009113e-07
8.862296128e-07
9.602302174e-07
9.044211714e-07
9.382951096e-07
8.814906554e-07
9.956802419e-07
8.902983512e-07
8.932361527e-07
9.729166718e-07
9.267996720e-07
9.033894759e-07
8.546022592e-07
8.840149244e-07
8.635212523e-07
9.074555397e-07
9.653393141e-07
9.954379666e-07
8.669651211e-07

3.698934425e-07
3.162626777e-07
2.920201870e-07
3.446806932e-07
3.143049152e-07
3.423068832e-07
3.294312474e-07
3.417241693e-07
3.104683123e-07
3.251253835e-07
3.584994020e-07
3.146917811e-07
3.270683356e-07
3.798077240e-07
3.596241514e-07
3.328079307e-07
3.374275668e-07
3.030741880e-07
4.100925240e-07
3.191788824e-07
3.230093377e-07
3.916958558e-07
3.725665735e-07
3.975538539e-07
3.257730076e-07
3.191035132e-07
3.338902849e-07
3.442923104e-07
3.033071219e-07
3.342769112e-07
