2.351316000e+06
2.386411000e+06
2.364116000e+06
2.335850000e+06
2.327772000e+06
2.354136000e+06
2.317963000e+06
2.332578000e+06
2.350097000e+06
2.367767000e+06
2.332061000e+06
2.357268000e+06
2.384374000e+06
2.336989000e+06
2.330863000e+06
2.317370000e+06
2.362343000e+06
2.351839000e+06
2.347397000e+06
2.311474000e+06
2.319774000e+06
2.351779000e+06
2.356930000e+06
2.327228000e+06
2.334770000e+06
2.303146000e+06
2.351391000e+06
2.333831000e+06
2.372787000e+06
1.364420000e+06

6.296130000e+05
6.665050000e+05
6.662190000e+05
6.255590000e+05
6.638520000e+05
6.371160000e+05
6.386360000e+05
6.453990000e+05
6.353690000e+05
6.552650000e+05
6.463820000e+05
6.510900000e+05
6.366230000e+05
6.453270000e+05
6.517770000e+05
6.250830000e+05
6.625000000e+05
6.314510000e+05
6.543590000e+05
6.582990000e+05
6.667990000e+05
5.833900000e+05
6.507680000e+05
6.682360000e+05
6.637670000e+05
6.385140000e+05
6.559750000e+05
6.373950000e+05
6.471100000e+05
6.554190000e+05
