3.401908434e-05
2.850660375e-05
2.984356385e-05
2.881863529e-05
2.800531271e-05
3.278923364e-05
3.286574450e-05
3.058872151e-05
3.608402300e-05
3.257448830e-05
3.680898914e-05
2.914613976e-05
3.081685789e-05
2.666871936e-05
3.199455188e-05
3.193952363e-05
2.999749499e-05
3.453349700e-05
2.892092561e-05
3.254269432e-05
3.242188566e-05
2.787572015e-05
3.229606583e-05
3.418271256e-05
3.096219766e-05
2.989569609e-05
3.238874965e-05
2.881165374e-05
3.210663939e-05
3.486882337e-05

2.714975117e-05
2.479109174e-05
2.594112308e-05
2.397029535e-05
2.682732223e-05
2.600540493e-05
2.634776279e-05
2.574818739e-05
2.403661960e-05
2.728977059e-05
2.600242845e-05
2.327746048e-05
2.575925612e-05
2.420728058e-05
2.403452283e-05
2.679107844e-05
2.302161614e-05
2.551064020e-05
2.513701139e-05
2.828500377e-05
2.663558123e-05
2.401601574e-05
2.754954131e-05
2.615606203e-05
2.559745923e-05
2.509319694e-05
2.950006659e-05
2.577708328e-05
2.467741979e-05
2.726303940e-05
