1.921210000e+05
2.006580000e+05
2.077410000e+05
1.965580000e+05
2.213850000e+05
1.904190000e+05
2.126560000e+05
2.144910000e+05
1.985560000e+05
2.103130000e+05
2.022850000e+05
2.045240000e+05
2.118600000e+05
1.971320000e+05
2.270210000e+05
1.946130000e+05
2.054490000e+05
2.315980000e+05
2.478760000e+05
2.121800000e+05
1.963540000e+05
1.854920000e+05
2.266550000e+05
1.873670000e+05
2.108370000e+05
1.996480000e+05
2.219700000e+05
2.135050000e+05
1.854460000e+05
2.217910000e+05

3.351550000e+05
4.554250000e+05
6.225090000e+06
1.305796000e+06
5.039660000e+05
2.349343000e+06
1.341022000e+06
8.206257000e+06
3.588660000e+05
3.644290000e+05
3.399566000e+06
3.383810000e+05
3.911620000e+05
3.340880000e+05
3.227150000e+06
4.310685000e+06
2.837730000e+05
2.302848000e+06
3.759620000e+05
3.669370000e+05
3.605050000e+05
1.354798000e+06
4.120140000e+05
2.335008000e+06
3.132310000e+05
9.318335000e+06
3.311060000e+05
2.299738000e+06
3.934150000e+05
3.637370000e+05
