1.289235700e-04
1.274233561e-04
1.271943853e-04
1.275829423e-04
1.311896431e-04
1.273233486e-04
1.284711731e-04
1.282408284e-04
1.272604586e-04
1.274068014e-04
1.295470378e-04
1.337460851e-04
1.285783245e-04
1.290309289e-04
1.279908077e-04
1.308995291e-04
1.292651092e-04
1.278092122e-04
1.277172241e-04
1.275359905e-04
1.285782767e-04
1.305512947e-04
1.305301426e-04
1.289084121e-04
1.301231591e-04
1.286655225e-04
1.274164301e-04
1.287338816e-04
1.299632191e-04
1.273591943e-04

1.190319630e-04
1.098726314e-04
1.127924342e-04
1.140933791e-04
1.100726681e-04
1.115601843e-04
1.134444093e-04
1.124517994e-04
1.106034784e-04
1.113319601e-04
1.098940030e-04
1.217077329e-04
1.091735480e-04
1.182764865e-04
1.166283576e-04
1.139237739e-04
1.182453236e-04
1.152895073e-04
1.130781472e-04
1.194845176e-04
1.096875284e-04
1.149519714e-04
1.124442731e-04
1.101468606e-04
1.118699587e-04
1.137805144e-04
1.114473725e-04
1.133509930e-04
1.109561253e-04
1.162643520e-04
