1.449526199e-05
1.578838968e-05
1.090323684e-05
1.485062323e-05
1.345342910e-05
1.405448491e-05
1.297435357e-05
1.171393216e-05
1.162968937e-05
1.483431666e-05
1.174559233e-05
1.144924843e-05
1.059351196e-05
1.431932975e-05
1.298554550e-05
1.616105286e-05
1.292005458e-05
1.080787171e-05
1.274466039e-05
1.444481558e-05
1.403635566e-05
1.232792440e-05
1.201740611e-05
1.284811765e-05
1.320994507e-05
1.192718017e-05
1.064333307e-05
1.336122424e-05
1.169715106e-05
9.610817016e-06

6.293616361e-05
5.938979590e-05
5.972720714e-05
6.603997588e-05
6.886140483e-05
7.136432412e-05
6.337574421e-05
6.117669120e-05
6.005142366e-05
6.164940657e-05
7.077196156e-05
6.931484917e-05
6.755210933e-05
6.516110434e-05
6.671004878e-05
6.078294093e-05
5.360038089e-05
5.946894293e-05
6.475026515e-05
6.330794607e-05
6.071588739e-05
6.118185710e-05
6.084603544e-05
6.467964985e-05
6.317713255e-05
5.400287019e-05
7.093585377e-05
6.095652407e-05
6.500842094e-05
6.255130827e-05
