1.270653061e-06
1.680669377e-06
1.448218512e-06
1.184757218e-06
1.291621423e-06
1.577074591e-06
1.240968140e-06
1.211335994e-06
1.377497026e-06
1.308610228e-06
1.460962172e-06
1.771509286e-06
1.286939232e-06
1.366157875e-06
1.628521845e-06
1.563655722e-06
1.554698006e-06
1.076412297e-06
1.760526184e-06
1.362614725e-06
1.456425330e-06
1.012972959e-06
1.303528437e-06
1.259338940e-06
1.075238765e-06
1.444738915e-06
1.229939209e-06
1.734764094e-06
1.566995399e-06
1.626132585e-06

3.461060491e-06
2.708276613e-06
2.560147300e-06
3.062917536e-06
2.892232238e-06
3.246485017e-06
3.126029289e-06
2.753288903e-06
3.071177368e-06
2.656869559e-06
3.254323851e-06
3.298483009e-06
3.002990809e-06
2.629717769e-06
2.712738485e-06
3.929815431e-06
5.296962967e-06
2.589577610e-06
2.565935997e-06
3.141365042e-06
1.871443358e-06
4.611327684e-06
3.073147985e-06
3.551401479e-06
2.867267033e-06
3.102472746e-06
1.756344072e-06
3.831665230e-06
3.065414939e-06
2.796691335e-06
