1.164158000e+06
1.771920000e+05
1.725120000e+05
2.234610000e+05
2.041530000e+05
2.282560000e+05
1.992000000e+05
1.892290000e+05
1.628950000e+05
1.802470000e+05
1.568630000e+05
1.757700000e+05
1.440880000e+05
1.848440000e+05
1.977600000e+05
1.766300000e+05
2.459740000e+05
1.731930000e+05
1.711590000e+05
1.905200000e+05
2.246050000e+05
2.069540000e+05
1.884670000e+05
1.545380000e+05
1.662220000e+05
2.025350000e+05
1.582320000e+05
1.796240000e+05
1.716660000e+05
1.922380000e+05

1.388473000e+06
2.208019300e+07
1.409275000e+06
6.269700000e+05
2.430693000e+06
3.391069000e+06
2.666230000e+05
7.647454600e+07
2.426024600e+07
4.439690000e+05
4.171590000e+05
4.373455000e+06
4.838070000e+05
4.805980000e+05
4.619230000e+05
4.162555000e+06
8.268707000e+06
5.943830000e+05
3.094990000e+05
6.441950000e+06
9.934611000e+07
3.835590000e+05
2.410913000e+06
3.988590000e+05
3.898110000e+05
1.281191000e+06
3.344000000e+05
3.599800000e+05
4.405300000e+05
1.534347700e+07
