2.178900000e+04
2.130100000e+04
2.006900000e+04
2.021700000e+04
2.072700000e+04
1.903700000e+04
1.857200000e+04
1.879600000e+04
2.262900000e+04
1.990900000e+04
2.124900000e+04
2.060800000e+04
2.045900000e+04
2.334000000e+04
2.197000000e+04
1.935100000e+04
1.936400000e+04
2.095500000e+04
1.830800000e+04
2.100300000e+04
2.021500000e+04
2.194500000e+04
2.073800000e+04
2.130900000e+04
2.099300000e+04
2.030700000e+04
1.959700000e+04
2.124800000e+04
2.137900000e+04
2.118400000e+04

2.043200000e+04
1.974400000e+04
2.262500000e+04
2.306500000e+04
1.880200000e+04
2.683500000e+04
2.069000000e+04
2.106400000e+04
2.254700000e+04
2.104000000e+04
2.181500000e+04
2.134300000e+04
2.224100000e+04
2.297200000e+04
2.064900000e+04
2.148700000e+04
2.054200000e+04
2.137500000e+04
2.093100000e+04
2.189100000e+04
2.507700000e+04
2.066300000e+04
1.775300000e+04
2.103400000e+04
2.231400000e+04
2.167900000e+04
2.112500000e+04
2.162300000e+04
2.234400000e+04
2.095300000e+04
