Number of sample populations = 3. Total number of values in the input = 90
4.1729e-06 1 1
4.30532e-06 1 2
4.31896e-06 1 3
4.36314e-06 1 4
4.37616e-06 1 5
4.39765e-06 1 6
4.41857e-06 1 7
4.42368e-06 1 8
4.42447e-06 1 9
4.45599e-06 1 10
4.47517e-06 1 11
4.51181e-06 1 12
4.51857e-06 1 13
4.54952e-06 1 14
4.54984e-06 1 15
4.57041e-06 1 16
4.58474e-06 1 17
4.59148e-06 1 18
4.61618e-06 1 19
4.63284e-06 1 20
4.67703e-06 1 21
4.81279e-06 1 22
4.81325e-06 1 23
4.82389e-06 1 24
4.85562e-06 1 25
4.85744e-06 1 26
4.91344e-06 1 27
4.96688e-06 2 28
4.98354e-06 2 29
5.01847e-06 1 30
5.07004e-06 2 31
5.20948e-06 1 32
5.34493e-06 2 33
5.37034e-06 1 34
5.37131e-06 2 35
5.44745e-06 2 36
5.45363e-06 2 37
5.51088e-06 2 38
5.56921e-06 2 39
5.57269e-06 2 40
5.58308e-06 2 41
5.58395e-06 2 42
5.6415e-06 2 43
5.66467e-06 2 44
5.73371e-06 2 45
5.96516e-06 2 46
5.96611e-06 2 47
5.98776e-06 2 48
5.99919e-06 2 49
6.02001e-06 0 50
6.06825e-06 2 51
6.07694e-06 2 52
6.15583e-06 2 53
6.175e-06 2 54
6.20032e-06 2 55
6.21728e-06 2 56
6.31113e-06 0 57
6.38449e-06 0 58
6.39456e-06 0 59
6.40082e-06 2 60
6.58563e-06 2 61
6.68196e-06 2 62
6.71403e-06 2 63
6.76019e-06 0 64
6.76327e-06 0 65
6.87094e-06 0 66
6.88915e-06 0 67
6.92654e-06 0 68
7.04421e-06 0 69
7.07405e-06 2 70
7.1373e-06 0 71
7.33643e-06 0 72
7.37335e-06 0 73
7.44709e-06 0 74
7.47601e-06 0 75
7.50542e-06 0 76
7.54777e-06 0 77
7.54779e-06 0 78
7.5742e-06 0 79
7.61124e-06 0 80
7.69776e-06 0 81
7.7239e-06 0 82
7.73406e-06 0 83
7.77812e-06 0 84
7.80267e-06 0 85
7.842e-06 0 86
7.8451e-06 0 87
8.11005e-06 0 88
8.11671e-06 0 89
8.31075e-06 0 90
Total number of ties =0
Number of samples = 30; sum = 2233
Number of samples = 30; sum = 474
Number of samples = 30; sum = 1388
Corrected T value =75.5963
p-value to accept the null hypothesis that all distribution functions are identical = 3.84126793e-17
