6.763270323e-06
7.802670002e-06
7.373346279e-06
7.697758650e-06
7.447092234e-06
7.845103213e-06
7.044213994e-06
7.476008133e-06
7.505416726e-06
6.020014579e-06
6.384487707e-06
7.137301765e-06
7.841998425e-06
6.889148360e-06
7.611237938e-06
6.760186374e-06
6.870943788e-06
7.778117970e-06
8.110054445e-06
6.394560352e-06
7.734060050e-06
7.547774608e-06
8.116712642e-06
7.574198374e-06
6.311132451e-06
7.723899741e-06
7.547791255e-06
8.310753805e-06
6.926535748e-06
7.336427155e-06

4.823887791e-06
4.363139509e-06
4.423680646e-06
4.616176102e-06
4.511806905e-06
4.549524991e-06
4.549837247e-06
4.475171772e-06
4.677030453e-06
4.570409921e-06
4.318964264e-06
4.855616102e-06
4.397652249e-06
5.018474942e-06
4.813246404e-06
4.591478642e-06
4.455992670e-06
4.418567118e-06
4.424470705e-06
4.305322082e-06
4.376161013e-06
4.584739767e-06
4.518567857e-06
5.209481577e-06
4.632836126e-06
4.857437099e-06
4.172896586e-06
4.913438081e-06
5.370340258e-06
4.812794069e-06

5.966106609e-06
5.965164095e-06
6.400821064e-06
5.583947949e-06
5.733712789e-06
5.641496075e-06
6.068245189e-06
4.966876989e-06
6.585627227e-06
6.200322782e-06
6.155832607e-06
5.070041078e-06
6.217280968e-06
5.453628638e-06
5.987759881e-06
6.174996260e-06
5.447446968e-06
4.983543400e-06
7.074051688e-06
6.076941747e-06
5.664667150e-06
5.572694827e-06
5.371308321e-06
6.714029414e-06
5.583078409e-06
6.681963178e-06
5.569209042e-06
5.999191646e-06
5.344930424e-06
5.510884309e-06
