4.321707894e-06
4.330947286e-06
4.246103858e-06
4.048471121e-06
4.106374377e-06
4.104060766e-06
4.289206170e-06
3.970962536e-06
4.204772083e-06
4.537134106e-06
4.525114956e-06
4.389218924e-06
4.533986284e-06
4.154554608e-06
4.262068033e-06
4.054905207e-06
3.999003027e-06
4.161253364e-06
3.651083974e-06
3.859076939e-06
4.016461932e-06
4.116715284e-06
4.330471877e-06
3.881916877e-06
4.323640746e-06
4.153202314e-06
3.785908629e-06
4.209875670e-06
4.221339132e-06
4.195396803e-06

1.926204980e-06
2.314097766e-06
2.046586536e-06
2.007976794e-06
2.043724663e-06
1.983372987e-06
2.145317336e-06
1.950405634e-06
2.038949099e-06
1.755999841e-06
2.039630216e-06
1.975595190e-06
2.002076281e-06
1.962576999e-06
2.075395450e-06
2.074603075e-06
2.284472805e-06
1.854513275e-06
2.045468733e-06
2.161105384e-06
1.929281544e-06
2.060886562e-06
1.948485317e-06
2.070520245e-06
1.911889785e-06
2.074173016e-06
1.991170424e-06
1.994406868e-06
2.051133637e-06
2.080124267e-06
