8.423895768e-06
8.698158527e-06
7.761014235e-06
8.259318727e-06
9.228701031e-06
7.199586174e-06
6.925884611e-06
1.070618323e-05
8.322174592e-06
1.025264300e-05
7.286431117e-06
9.383980396e-06
7.538046155e-06
8.008524606e-06
7.571159814e-06
1.005303701e-05
8.727760055e-06
7.760711241e-06
8.626120635e-06
1.009196097e-05
9.152451846e-06
9.953453320e-06
7.009666124e-06
1.174857588e-05
9.170880330e-06
8.088673867e-06
8.921981138e-06
7.901306390e-06
6.357937554e-06
7.347431295e-06

1.148352005e-05
1.062543436e-05
1.042981224e-05
1.284262776e-05
1.220802791e-05
1.131635914e-05
1.135379080e-05
1.117297601e-05
1.166717847e-05
1.130467995e-05
1.057874479e-05
9.647419814e-06
9.720713513e-06
1.035432513e-05
1.178501261e-05
1.094550578e-05
1.108576157e-05
1.375698960e-05
9.024798161e-06
9.789854921e-06
1.434431492e-05
9.343083831e-06
1.304584304e-05
1.177403865e-05
1.184133874e-05
1.090360690e-05
1.064363806e-05
1.056933035e-05
1.137499230e-05
1.083676745e-05
