1.261000000e+04
5.045000000e+03
6.644000000e+03
9.024000000e+03
2.245100000e+04
2.255000000e+03
1.438800000e+04
9.246000000e+03
4.530000000e+02
1.422400000e+04
2.218000000e+03
2.388000000e+03
1.087400000e+04
4.750000000e+03
9.227000000e+03
7.362000000e+03
1.446500000e+04
6.424000000e+03
3.096000000e+03
7.261000000e+03
5.721000000e+03
5.988000000e+03
1.514400000e+04
1.353000000e+04
2.286000000e+03
9.253000000e+03
8.240000000e+02
1.440600000e+04
5.833000000e+03
3.089000000e+03

6.439000000e+03
6.320000000e+03
6.130000000e+03
1.000100000e+04
6.311000000e+03
6.417000000e+03
6.139000000e+03
9.373000000e+03
6.460000000e+03
6.402000000e+03
6.591000000e+03
6.430000000e+03
6.053000000e+03
6.181000000e+03
9.798000000e+03
6.448000000e+03
6.203000000e+03
6.111000000e+03
8.506000000e+03
6.146000000e+03
6.524000000e+03
6.650000000e+03
6.221000000e+03
6.358000000e+03
9.664000000e+03
6.270000000e+03
6.422000000e+03
7.416000000e+03
6.331000000e+03
6.819000000e+03
