1.041578998e-06
6.983371061e-07
1.076410780e-06
9.900768542e-07
7.436337873e-07
6.546878084e-07
7.387951095e-07
8.357692241e-07
8.455441046e-07
1.011351324e-06
9.079655192e-07
8.620727507e-07
9.210632306e-07
6.671181752e-07
8.798938107e-07
1.040382552e-06
1.114857688e-06
1.004499035e-06
9.130602446e-07
1.207973722e-06
1.009717753e-06
5.924831201e-07
1.081782990e-06
8.315720626e-07
8.600998984e-07
7.399587012e-07
8.320257149e-07
9.509200471e-07
9.309190292e-07
1.023933507e-06

3.702804840e-06
2.816313751e-06
3.260268796e-06
2.459116184e-06
2.989180085e-06
2.408219787e-06
2.096844730e-06
2.377418181e-06
3.039895802e-06
2.916364549e-06
3.224630628e-06
3.393454331e-06
4.941545478e-06
3.535054788e-06
1.748165757e-06
5.365034515e-06
2.516178841e-06
3.608094875e-06
5.109302994e-06
2.820360693e-06
3.945907751e-06
2.362882348e-06
4.423413062e-06
4.933576703e-06
3.797849416e-06
6.038818712e-06
5.237171649e-06
3.070674055e-06
3.118205904e-06
4.409649562e-06
