2.161934100e+07
2.589687000e+06
2.375120000e+06
2.675882000e+06
2.894548000e+06
2.526479000e+06
3.149663000e+06
2.039620000e+06
2.932741000e+06
4.729730000e+06
2.160376000e+06
3.100354000e+06
2.211857000e+06
2.220063000e+06
2.286976000e+06
2.329408000e+06
7.028028000e+06
2.967954000e+06
4.401123000e+06
2.599415000e+06
2.769594000e+06
2.956994000e+06
6.307061000e+06
3.138606000e+06
1.960977300e+07
3.861782000e+06
3.330723600e+07
9.575613000e+06
2.704859000e+06
2.853288000e+06

6.695076000e+06
6.488236000e+06
8.079146000e+06
8.893328000e+06
7.658414000e+06
5.500713000e+06
1.115321200e+07
7.397604000e+06
7.564275000e+06
9.739300000e+06
9.159052000e+06
6.033503000e+06
8.224842000e+06
6.374166000e+06
6.968552000e+06
8.519224000e+06
7.423788000e+06
8.280016000e+06
7.703845000e+06
8.254978000e+06
8.052679000e+06
7.953634000e+06
8.205116000e+06
9.367426000e+06
6.931306000e+06
9.864890000e+06
1.067278000e+07
7.877582000e+06
8.794087000e+06
6.530728000e+06
