4.897699306e-05
6.156772139e-05
4.845429666e-05
5.798719575e-05
4.711667516e-05
5.233771585e-05
5.787181602e-05
5.510543627e-05
5.495107551e-05
5.210756921e-05
5.599545670e-05
4.605636336e-05
6.374721114e-05
5.518856377e-05
5.129068352e-05
5.909517360e-05
5.765841160e-05
5.333100491e-05
5.241134064e-05
5.178754143e-05
4.655736741e-05
4.503933348e-05
6.558853230e-05
5.256601925e-05
5.595206369e-05
6.030865183e-05
5.307777662e-05
5.268407306e-05
5.520964044e-05
4.709892751e-05

3.336859505e-05
3.628288188e-05
3.614937092e-05
3.167833766e-05
3.286754067e-05
3.201765381e-05
3.619053758e-05
3.404582456e-05
3.555597023e-05
3.373110407e-05
3.288278584e-05
3.694171879e-05
3.215472709e-05
3.507895059e-05
3.433716195e-05
3.449294004e-05
3.532705948e-05
3.528142975e-05
3.802267319e-05
3.205698455e-05
3.736393860e-05
3.283684481e-05
3.461486083e-05
3.592342871e-05
3.646762856e-05
3.493574858e-05
3.556198120e-05
3.543635135e-05
3.775734651e-05
3.257376735e-05
