1.162300000e+04
2.978000000e+04
2.550000000e+04
2.220800000e+04
2.466000000e+04
2.203300000e+04
5.739000000e+03
6.518000000e+03
5.353000000e+03
3.367000000e+03
8.296000000e+03
6.875000000e+03
2.015700000e+04
3.083000000e+04
3.771300000e+04
2.026400000e+04
1.674300000e+04
2.189200000e+04
2.628400000e+04
7.505000000e+03
7.371000000e+03
2.365500000e+04
1.939000000e+04
1.337500000e+04
1.445700000e+04
7.365000000e+03
5.086000000e+03
1.176200000e+04
3.949800000e+04
2.118000000e+04

2.677500000e+04
2.156600000e+04
2.489100000e+04
1.406700000e+04
4.584600000e+04
3.178000000e+03
2.468900000e+04
2.770000000e+03
2.395400000e+04
3.037000000e+03
8.456000000e+03
1.487900000e+04
5.374000000e+03
1.745500000e+04
1.274000000e+04
3.323500000e+04
2.580000000e+03
2.721800000e+04
1.889000000e+03
1.585800000e+04
3.151000000e+03
8.180000000e+02
2.584600000e+04
3.475600000e+04
1.932200000e+04
2.990500000e+04
1.556900000e+04
2.036800000e+04
1.609700000e+04
8.091000000e+03
