9.100000000e+01
1.020000000e+02
8.600000000e+01
1.030000000e+02
9.600000000e+01
1.010000000e+02
8.600000000e+01
1.030000000e+02
8.400000000e+01
8.200000000e+01
8.300000000e+01
1.180000000e+02
1.030000000e+02
9.100000000e+01
9.000000000e+01
9.500000000e+01
8.900000000e+01
1.030000000e+02
8.800000000e+01
9.100000000e+01
1.210000000e+02
1.060000000e+02
1.240000000e+02
8.700000000e+01
8.300000000e+01
1.150000000e+02
8.500000000e+01
1.300000000e+02
1.080000000e+02
9.300000000e+01

1.200000000e+02
9.900000000e+01
1.330000000e+02
1.050000000e+02
1.240000000e+02
1.120000000e+02
1.060000000e+02
1.500000000e+02
1.150000000e+02
1.050000000e+02
1.370000000e+02
1.640000000e+02
1.430000000e+02
1.160000000e+02
8.600000000e+01
1.150000000e+02
1.220000000e+02
1.160000000e+02
1.050000000e+02
1.030000000e+02
9.000000000e+01
1.020000000e+02
1.040000000e+02
9.000000000e+01
1.230000000e+02
1.430000000e+02
1.000000000e+02
1.140000000e+02
1.120000000e+02
9.900000000e+01
