1.090000000e+02
1.410000000e+02
1.430000000e+02
1.350000000e+02
1.440000000e+02
1.590000000e+02
1.230000000e+02
1.300000000e+02
1.660000000e+02
1.210000000e+02
1.270000000e+02
1.530000000e+02
1.330000000e+02
1.260000000e+02
1.180000000e+02
1.440000000e+02
1.530000000e+02
1.370000000e+02
1.250000000e+02
1.200000000e+02
1.830000000e+02
1.490000000e+02
1.260000000e+02
1.210000000e+02
1.430000000e+02
1.480000000e+02
1.340000000e+02
1.380000000e+02
1.190000000e+02
1.260000000e+02

4.420000000e+02
5.340000000e+02
3.040000000e+02
4.110000000e+02
3.450000000e+02
3.600000000e+02
5.470000000e+02
2.820000000e+02
7.140000000e+02
4.160000000e+02
3.690000000e+02
4.360000000e+02
3.070000000e+02
4.580000000e+02
4.090000000e+02
6.260000000e+02
6.620000000e+02
5.450000000e+02
3.660000000e+02
5.770000000e+02
5.040000000e+02
4.090000000e+02
3.260000000e+02
4.180000000e+02
3.170000000e+02
4.820000000e+02
4.200000000e+02
5.370000000e+02
6.860000000e+02
3.820000000e+02
