5.127000000e+03
5.241000000e+03
5.165000000e+03
4.835000000e+03
5.552000000e+03
4.925000000e+03
4.895000000e+03
5.307000000e+03
5.411000000e+03
5.170000000e+03
5.867000000e+03
4.879000000e+03
5.374000000e+03
4.963000000e+03
5.207000000e+03
4.816000000e+03
5.423000000e+03
4.945000000e+03
6.197000000e+03
4.638000000e+03
5.587000000e+03
5.057000000e+03
5.459000000e+03
5.565000000e+03
5.631000000e+03
4.986000000e+03
4.902000000e+03
4.707000000e+03
4.850000000e+03
4.962000000e+03

5.582000000e+03
5.413000000e+03
4.657000000e+03
4.929000000e+03
5.643000000e+03
5.510000000e+03
4.396000000e+03
4.843000000e+03
5.173000000e+03
4.211000000e+03
4.585000000e+03
4.896000000e+03
5.104000000e+03
4.938000000e+03
4.803000000e+03
4.802000000e+03
5.034000000e+03
4.913000000e+03
4.840000000e+03
4.463000000e+03
4.620000000e+03
4.818000000e+03
5.010000000e+03
5.113000000e+03
5.881000000e+03
5.188000000e+03
4.840000000e+03
4.523000000e+03
5.143000000e+03
4.717000000e+03
