4.895424645e-07
4.782178851e-07
4.431273413e-07
4.867411101e-07
5.130964929e-07
4.143243761e-07
4.936389475e-07
4.593471255e-07
4.511800279e-07
4.978538734e-07
5.423808149e-07
5.444918707e-07
4.423185198e-07
4.748957726e-07
5.172365686e-07
4.048135273e-07
5.153118200e-07
5.099025240e-07
4.968007806e-07
5.390441715e-07
4.685650005e-07
4.524774318e-07
4.930248962e-07
4.902098092e-07
5.131998860e-07
4.689563773e-07
4.450642655e-07
4.977081250e-07
4.206486811e-07
4.581203004e-07

5.621724119e-07
4.928474513e-07
5.027467627e-07
5.307164353e-07
5.256560811e-07
5.140663522e-07
5.313633409e-07
5.298613464e-07
4.593606584e-07
5.390765068e-07
4.884384736e-07
4.984653698e-07
4.936251750e-07
5.759561107e-07
5.617429911e-07
4.565255315e-07
4.952863311e-07
5.297737217e-07
5.538148554e-07
5.002172643e-07
5.295766760e-07
5.311174330e-07
6.165827367e-07
5.043277991e-07
5.687372756e-07
4.937925202e-07
5.110411257e-07
4.568684453e-07
5.084291922e-07
5.477529053e-07
