4.655230000e+05
4.495550000e+05
4.601540000e+05
4.078020000e+05
5.081520000e+05
4.854490000e+05
5.279100000e+05
4.278000000e+05
4.628790000e+05
4.174680000e+05
5.190570000e+05
4.661830000e+05
5.140120000e+05
4.467770000e+05
4.474630000e+05
4.240200000e+05
4.476880000e+05
2.452267000e+06
4.194910000e+05
4.092630000e+05
5.007530000e+05
4.417500000e+05
2.425097000e+06
4.704460000e+05
4.751090000e+05
5.243530000e+05
4.645930000e+05
4.703840000e+05
4.379930000e+05
4.323300000e+05

6.364490000e+05
1.918211000e+06
5.798230000e+06
8.814630000e+05
6.336210000e+05
1.842412500e+07
8.768744000e+06
1.726316000e+06
8.095130000e+05
7.631980000e+05
1.148548900e+07
1.922210000e+06
6.637360000e+05
5.955909000e+06
1.527627000e+06
7.034030000e+05
1.022768000e+06
8.633103000e+06
8.330310000e+05
3.688176000e+06
2.803945000e+06
1.992010000e+06
9.388050000e+05
6.845316000e+06
2.297244000e+06
2.604468000e+06
8.353910000e+05
6.810540000e+05
7.025909000e+06
8.571130000e+05
