2.182500000e+04
2.431100000e+04
2.212500000e+04
2.359200000e+04
2.351100000e+04
2.089500000e+04
2.827700000e+04
2.360800000e+04
2.032700000e+04
2.640800000e+04
2.163800000e+04
2.342200000e+04
2.588300000e+04
2.547300000e+04
2.229800000e+04
1.840300000e+04
2.241200000e+04
2.375700000e+04
2.025000000e+04
2.425400000e+04
3.210100000e+04
2.630300000e+04
2.282200000e+04
2.271400000e+04
2.306900000e+04
2.147200000e+04
2.313900000e+04
2.023300000e+04
2.257100000e+04
2.298200000e+04

7.523400000e+04
8.407900000e+04
5.809300000e+04
5.633000000e+04
6.376000000e+04
8.330300000e+04
7.984900000e+04
7.434100000e+04
6.269000000e+04
5.839100000e+04
7.688400000e+04
8.822700000e+04
7.466900000e+04
8.330700000e+04
7.131200000e+04
7.786900000e+04
7.561100000e+04
7.132900000e+04
7.953300000e+04
7.171800000e+04
5.215500000e+04
5.763300000e+04
8.159200000e+04
5.754200000e+04
6.508800000e+04
6.809300000e+04
7.051500000e+04
7.686500000e+04
5.964800000e+04
6.079000000e+04
