1.370586254e-06
1.443501391e-06
1.583985961e-06
1.342783567e-06
1.410127133e-06
1.363111571e-06
1.364918076e-06
1.314091700e-06
1.581699257e-06
1.330974956e-06
1.510273420e-06
1.482692370e-06
1.410461184e-06
1.398100518e-06
1.423828397e-06
1.456334831e-06
1.228097055e-06
1.487159671e-06
1.435220042e-06
1.372435713e-06
1.574252518e-06
1.464356180e-06
1.357482555e-06
1.340102931e-06
1.328394799e-06
1.416037027e-06
1.356740160e-06
1.321928538e-06
1.538783371e-06
1.585065521e-06

1.661919695e-06
1.372831761e-06
1.476874371e-06
1.638902633e-06
1.506633543e-06
1.404884823e-06
1.468822084e-06
1.566302106e-06
1.516672056e-06
1.501581053e-06
1.418454031e-06
1.523261391e-06
1.484681230e-06
1.532886331e-06
1.418807284e-06
1.563487179e-06
1.584175142e-06
1.575360101e-06
1.510911543e-06
1.454493915e-06
1.514058246e-06
1.486980190e-06
1.508106236e-06
1.417552555e-06
1.574393755e-06
1.611134956e-06
1.482059117e-06
1.489984857e-06
1.473476451e-06
1.375512197e-06

1.875182237e-06
2.007576116e-06
2.093491639e-06
1.841582550e-06
2.015783573e-06
2.110369107e-06
2.038327982e-06
2.010494796e-06
2.016612993e-06
2.031333577e-06
1.963868176e-06
1.929030087e-06
2.019563609e-06
2.173449483e-06
1.909471504e-06
1.794684952e-06
1.965407057e-06
1.734511998e-06
2.100081133e-06
2.180559536e-06
1.891885733e-06
1.933532717e-06
1.788669389e-06
1.948509309e-06
2.006364421e-06
2.054710600e-06
1.852988207e-06
2.059126843e-06
1.827997374e-06
1.628502563e-06
