4.680000000e+02
4.490000000e+02
3.500000000e+02
5.540000000e+02
3.820000000e+02
4.460000000e+02
4.010000000e+02
5.210000000e+02
4.080000000e+02
4.120000000e+02
4.160000000e+02
4.340000000e+02
4.720000000e+02
3.820000000e+02
4.360000000e+02
4.150000000e+02
5.150000000e+02
5.130000000e+02
4.310000000e+02
4.240000000e+02
4.180000000e+02
3.680000000e+02
4.050000000e+02
4.070000000e+02
5.310000000e+02
4.660000000e+02
3.700000000e+02
4.930000000e+02
4.320000000e+02
3.820000000e+02

3.530000000e+02
3.470000000e+02
3.830000000e+02
2.950000000e+02
3.230000000e+02
4.180000000e+02
3.960000000e+02
4.180000000e+02
3.360000000e+02
3.700000000e+02
3.470000000e+02
2.790000000e+02
3.460000000e+02
3.630000000e+02
3.190000000e+02
3.140000000e+02
3.750000000e+02
3.220000000e+02
4.600000000e+02
4.020000000e+02
3.940000000e+02
3.290000000e+02
4.290000000e+02
3.060000000e+02
3.990000000e+02
3.840000000e+02
3.790000000e+02
3.840000000e+02
3.210000000e+02
4.020000000e+02

7.400000000e+01
8.500000000e+01
6.000000000e+01
1.000000000e+02
9.000000000e+01
1.210000000e+02
8.000000000e+01
9.500000000e+01
1.000000000e+02
9.300000000e+01
6.900000000e+01
9.700000000e+01
1.100000000e+02
7.200000000e+01
1.000000000e+02
1.170000000e+02
7.400000000e+01
8.200000000e+01
8.000000000e+01
9.900000000e+01
8.000000000e+01
6.200000000e+01
8.000000000e+01
6.300000000e+01
7.000000000e+01
7.200000000e+01
8.300000000e+01
8.800000000e+01
7.300000000e+01
6.400000000e+01
