1.649623089e-05
1.575084904e-05
1.321420579e-05
1.357042487e-05
1.394498905e-05
1.314280035e-05
1.573975919e-05
1.415963323e-05
1.272686496e-05
1.542506964e-05
1.293686531e-05
1.438947759e-05
1.502750980e-05
1.181697876e-05
1.710726102e-05
1.522286805e-05
1.240295215e-05
1.250852941e-05
1.229352543e-05
1.276570628e-05
1.350273476e-05
1.422667200e-05
1.665916530e-05
1.434945707e-05
1.136538341e-05
1.245512204e-05
1.488050073e-05
1.199062617e-05
1.387203032e-05
1.478386502e-05

2.559789396e-05
3.035586649e-05
3.837666178e-05
2.724201667e-05
2.684345691e-05
3.609631560e-05
3.192290732e-05
2.798256192e-05
3.554950796e-05
2.804020402e-05
3.404725909e-05
2.936799458e-05
2.690167984e-05
3.251379475e-05
3.812597289e-05
2.857814911e-05
2.669565115e-05
3.113263941e-05
2.642242356e-05
2.966537353e-05
2.959688952e-05
2.576767040e-05
2.743063616e-05
5.686665854e-05
2.965687294e-05
2.883360159e-05
2.508752346e-05
3.360212013e-05
2.914054643e-05
2.894962251e-05
