4.390000000e+02
2.960000000e+02
2.910000000e+02
2.880000000e+02
3.950000000e+02
4.400000000e+02
2.640000000e+02
3.290000000e+02
2.700000000e+02
5.050000000e+02
2.950000000e+02
3.480000000e+02
3.100000000e+02
3.030000000e+02
2.930000000e+02
4.210000000e+02
3.940000000e+02
3.700000000e+02
2.620000000e+02
3.810000000e+02
3.870000000e+02
3.260000000e+02
3.310000000e+02
4.040000000e+02
3.500000000e+02
3.590000000e+02
2.900000000e+02
2.920000000e+02
2.310000000e+02
3.140000000e+02

2.240000000e+02
1.660000000e+02
2.510000000e+02
3.020000000e+02
2.760000000e+02
2.510000000e+02
2.270000000e+02
2.840000000e+02
1.590000000e+02
2.070000000e+02
2.370000000e+02
2.000000000e+02
2.090000000e+02
2.470000000e+02
1.980000000e+02
2.420000000e+02
1.840000000e+02
1.990000000e+02
2.300000000e+02
2.490000000e+02
2.350000000e+02
3.080000000e+02
2.230000000e+02
2.430000000e+02
2.510000000e+02
3.280000000e+02
1.910000000e+02
2.840000000e+02
2.160000000e+02
2.460000000e+02

4.980000000e+02
5.170000000e+02
4.030000000e+02
5.590000000e+02
5.690000000e+02
2.780000000e+02
4.740000000e+02
3.340000000e+02
5.650000000e+02
2.900000000e+02
4.310000000e+02
5.400000000e+02
5.220000000e+02
4.360000000e+02
3.920000000e+02
4.380000000e+02
4.770000000e+02
4.460000000e+02
4.330000000e+02
4.680000000e+02
4.160000000e+02
3.340000000e+02
3.590000000e+02
3.550000000e+02
3.440000000e+02
3.970000000e+02
3.350000000e+02
3.190000000e+02
4.170000000e+02
4.130000000e+02
