2.729740564e-05
3.017564236e-05
2.650570854e-05
2.994984067e-05
2.915348901e-05
2.990680670e-05
2.806516068e-05
2.971116414e-05
2.509629403e-05
2.805594843e-05
3.538537020e-05
2.974732929e-05
2.529560149e-05
3.091135392e-05
2.547594562e-05
2.600967036e-05
2.840473663e-05
2.878960933e-05
3.495803961e-05
2.969074464e-05
2.761263834e-05
3.043597252e-05
3.113736132e-05
3.984899021e-05
2.656062366e-05
2.694790255e-05
3.290202327e-05
2.958462048e-05
2.865768559e-05
2.295832914e-05

2.348100239e-05
2.511054802e-05
2.398729358e-05
2.419252471e-05
2.485191710e-05
3.033627014e-05
2.689933785e-05
2.386117135e-05
2.699192355e-05
2.443358878e-05
2.441501786e-05
2.112542231e-05
2.542681593e-05
2.489148621e-05
2.146709590e-05
2.661363107e-05
2.476435711e-05
2.490476448e-05
2.394940164e-05
2.341724936e-05
2.909605761e-05
2.406446376e-05
2.212530698e-05
2.616672769e-05
2.387272439e-05
2.382391534e-05
2.489827259e-05
2.532921371e-05
2.406150093e-05
2.425872197e-05
