8.258560000e+05
7.362560000e+05
8.145920000e+05
8.465920000e+05
7.825920000e+05
6.910720000e+05
8.499200000e+05
7.415040000e+05
8.058880000e+05
7.262720000e+05
6.891520000e+05
7.622400000e+05
7.357440000e+05
8.087040000e+05
7.193600000e+05
8.748800000e+05
7.544320000e+05
7.404800000e+05
9.199360000e+05
7.956480000e+05
7.823360000e+05
8.679680000e+05
7.398400000e+05
8.087040000e+05
8.510720000e+05
7.884800000e+05
8.486400000e+05
8.061440000e+05
8.006400000e+05
7.978240000e+05

6.433920000e+06
6.232832000e+06
8.013312000e+06
7.827456000e+06
7.573248000e+06
6.401408000e+06
6.155648000e+06
6.453120000e+06
7.948672000e+06
6.423808000e+06
7.352704000e+06
8.584832000e+06
7.316352000e+06
6.742272000e+06
8.085504000e+06
7.535872000e+06
7.271936000e+06
6.971264000e+06
9.115904000e+06
7.067264000e+06
7.921280000e+06
6.309120000e+06
9.491456000e+06
7.878656000e+06
5.932288000e+06
8.488704000e+06
8.140032000e+06
8.029952000e+06
8.680704000e+06
7.627904000e+06
