2.606570783e-05
2.686700215e-05
2.932319024e-05
2.847300750e-05
2.731758442e-05
2.981938323e-05
3.013163893e-05
2.772170817e-05
2.839755176e-05
2.803508346e-05
2.812674968e-05
2.951602949e-05
2.837621554e-05
2.482658839e-05
3.360414177e-05
2.809043754e-05
2.780612261e-05
3.045977265e-05
2.821763713e-05
3.159164981e-05
3.021572707e-05
2.863714777e-05
2.880083862e-05
2.923779292e-05
2.862281940e-05
2.754908858e-05
2.615057177e-05
2.822967181e-05
2.873937026e-05
2.711689999e-05

2.239619094e-05
2.230725813e-05
2.041498210e-05
2.042494277e-05
2.187682287e-05
1.967443993e-05
2.160297305e-05
2.234383837e-05
2.242166880e-05
2.522468004e-05
2.325421487e-05
2.198244281e-05
2.128218307e-05
2.083116041e-05
2.182981266e-05
2.299120954e-05
2.355302499e-05
2.302992228e-05
2.230034073e-05
2.069289955e-05
2.321883095e-05
2.326754056e-05
2.259732906e-05
2.128525852e-05
2.270797989e-05
2.100989352e-05
2.171166304e-05
2.484598358e-05
2.114339962e-05
2.045858900e-05
