4.636500000e+04
3.458400000e+04
4.255300000e+04
3.932200000e+04
3.993200000e+04
4.295400000e+04
3.303100000e+04
4.355600000e+04
3.509700000e+04
4.581800000e+04
3.856800000e+04
4.233500000e+04
4.019400000e+04
4.372800000e+04
4.641600000e+04
4.515500000e+04
4.624300000e+04
4.393700000e+04
4.457100000e+04
3.836000000e+04
3.806000000e+04
3.008600000e+04
5.114600000e+04
4.038500000e+04
5.010700000e+04
4.515500000e+04
4.685500000e+04
5.115000000e+04
4.385500000e+04
4.404400000e+04

4.140600000e+04
5.027400000e+04
3.169500000e+04
4.632000000e+04
4.230000000e+04
3.524000000e+04
3.474500000e+04
3.625000000e+04
3.275000000e+04
3.356300000e+04
3.573900000e+04
3.389700000e+04
3.142600000e+04
4.777300000e+04
3.904700000e+04
3.148000000e+04
3.985300000e+04
3.198500000e+04
2.635000000e+04
3.181400000e+04
3.338100000e+04
3.936400000e+04
3.014500000e+04
3.931800000e+04
2.767200000e+04
2.899500000e+04
3.431800000e+04
4.336900000e+04
3.721500000e+04
3.110000000e+04
