2.548305675e-05
2.751791568e-05
2.053142737e-05
2.389213248e-05
2.689123982e-05
2.189345224e-05
2.657216784e-05
2.069713084e-05
2.283271122e-05
2.587184874e-05
2.025103504e-05
2.386262692e-05
2.566914822e-05
1.900003142e-05
2.055769110e-05
2.096541648e-05
2.362163809e-05
2.396289340e-05
1.968275800e-05
2.096905923e-05
2.122023092e-05
2.228804254e-05
2.241142134e-05
2.381072274e-05
2.466382085e-05
2.025914988e-05
2.620251256e-05
2.618740850e-05
2.411801397e-05
1.974642544e-05

1.607691833e-05
1.737004602e-05
1.248489318e-05
1.643227958e-05
1.503508544e-05
1.563614125e-05
1.455600992e-05
1.329558850e-05
1.321134571e-05
1.641597301e-05
1.332724867e-05
1.303090477e-05
1.217516830e-05
1.590098610e-05
1.456720184e-05
1.774270920e-05
1.450171093e-05
1.238952805e-05
1.432631673e-05
1.602647192e-05
1.561801201e-05
1.390958074e-05
1.359906245e-05
1.442977399e-05
1.479160142e-05
1.350883651e-05
1.222498941e-05
1.494288059e-05
1.327880740e-05
1.119247336e-05
