2.428486003e-05
2.262020700e-05
2.130625598e-05
2.057052709e-05
2.655687456e-05
2.427108770e-05
2.894400291e-05
2.432655583e-05
2.538214500e-05
2.959561819e-05
2.271640279e-05
2.535330251e-05
2.448821751e-05
3.015485260e-05
2.153892517e-05
2.995795407e-05
2.228384307e-05
2.588524370e-05
2.598862802e-05
2.338605158e-05
2.533052042e-05
2.595187189e-05
2.392871068e-05
2.471828734e-05
2.412070446e-05
3.010183265e-05
3.152668839e-05
2.525126768e-05
2.796025164e-05
2.872039056e-05

5.405735433e-05
6.010821606e-05
4.147879090e-05
4.432336370e-05
5.240864691e-05
4.959634382e-05
3.636320835e-05
4.571443021e-05
4.699774095e-05
4.339847880e-05
6.804201316e-05
5.335214956e-05
4.721878073e-05
5.267753107e-05
3.539263922e-05
4.094221770e-05
6.000804570e-05
4.772268266e-05
5.548840671e-05
6.000924861e-05
3.890679854e-05
4.307300511e-05
4.333441180e-05
4.157160106e-05
3.856758886e-05
3.492631853e-05
4.944443874e-05
6.181834114e-05
4.989988998e-05
3.290807819e-05
