1.954459000e+07
1.414388100e+07
1.235182500e+07
1.368357800e+07
2.792395400e+07
1.379285200e+07
1.893295000e+07
1.641533000e+07
7.330514000e+06
1.196008700e+07
1.739081700e+07
8.266948000e+06
7.460635000e+06
1.898517600e+07
1.125663600e+07
1.963178100e+07
2.887252100e+07
1.201601600e+07
1.038180800e+07
1.374963400e+07
3.652609300e+07
1.109433000e+07
9.335229000e+06
1.190372300e+07
2.006396300e+07
1.288762200e+07
2.098437800e+07
1.374048100e+07
1.641266600e+07
1.632634900e+07

1.270233560e+08
1.661770260e+08
1.176830120e+08
1.565905820e+08
1.256216340e+08
1.624849070e+08
1.292071760e+08
3.860813800e+07
1.579704610e+08
1.218067810e+08
1.823281700e+07
1.336173730e+08
8.823860200e+07
1.199287330e+08
1.278896100e+08
1.272789240e+08
1.601392310e+08
1.184894740e+08
1.287264940e+08
1.298752190e+08
1.292238090e+08
8.993661800e+07
1.321575990e+08
2.016061400e+07
1.533884200e+08
1.240863720e+08
5.945633100e+07
1.260436300e+08
1.184910680e+08
1.618139350e+08
