3.101694224e-06
3.112847506e-06
3.021921170e-06
2.964871646e-06
3.376634987e-06
3.326225496e-06
3.144144680e-06
2.971709084e-06
3.230442079e-06
2.959420873e-06
3.047706054e-06
3.375421335e-06
3.083021867e-06
2.954652654e-06
3.087846293e-06
2.761252169e-06
3.477703468e-06
3.003496158e-06
3.372537306e-06
3.088556233e-06
3.616459018e-06
3.018503928e-06
3.133287965e-06
3.192133255e-06
2.967273320e-06
3.199574485e-06
3.209311960e-06
2.497591634e-06
3.501649113e-06
2.822168076e-06

1.420699186e-05
2.097714896e-05
1.259070450e-05
2.202010489e-05
1.404411095e-05
1.593421105e-05
2.460851371e-05
1.204213175e-05
2.096704314e-05
1.278866597e-05
1.846491519e-05
1.453391205e-05
1.525139473e-05
1.558915411e-05
1.971503378e-05
2.157030645e-05
1.728461409e-05
1.019718533e-05
1.992382499e-05
2.729822368e-05
1.726090773e-05
9.861687104e-06
1.408495098e-05
1.717479792e-05
1.163550405e-05
1.647313926e-05
9.666256601e-06
1.854353846e-05
2.182788672e-05
2.515868865e-05
