6.530184288e-07
1.660414308e-06
1.425320092e-06
1.247891287e-06
1.384331630e-06
1.231629427e-06
3.258861013e-07
3.710827028e-07
3.071065991e-07
1.944349752e-07
4.643754238e-07
3.887226851e-07
1.131638509e-06
1.732886650e-06
2.117769739e-06
1.139559898e-06
9.450945040e-07
1.233397210e-06
1.472693098e-06
4.278277558e-07
4.131472515e-07
1.328393562e-06
1.086295760e-06
7.542110222e-07
8.102896089e-07
4.102690508e-07
2.920450972e-07
6.563592638e-07
2.220511712e-06
1.188086996e-06

4.134616624e-07
4.063979968e-08
6.190868460e-07
2.218958659e-07
6.675737037e-07
5.292094508e-08
1.521502670e-07
2.481965183e-07
9.374800605e-07
4.248079584e-08
4.087838228e-07
2.744637176e-07
1.137081817e-06
1.093379386e-06
6.079083741e-07
3.738980692e-07
1.814741898e-07
3.491754991e-07
4.437851850e-08
3.216481813e-07
8.327340974e-08
4.599077237e-07
8.010661850e-07
5.658760010e-07
7.188132532e-08
3.289325254e-07
7.985121356e-07
1.796097605e-07
4.011416747e-07
3.330196271e-08

7.583457087e-07
7.308844987e-07
7.656481365e-07
7.452130672e-07
7.404036508e-07
7.531865522e-07
7.446214111e-07
7.660136052e-07
7.411909155e-07
7.679086133e-07
7.543969302e-07
7.369333549e-07
7.713897675e-07
7.534849152e-07
7.333176699e-07
7.540757729e-07
7.532776898e-07
7.315765539e-07
7.574539731e-07
7.462862797e-07
7.608451074e-07
7.451016900e-07
7.577408790e-07
7.521865532e-07
7.616562044e-07
7.498754178e-07
7.511186102e-07
7.468316683e-07
7.431602149e-07
7.553133365e-07
