4.312380278e-06
4.674681593e-06
4.777070113e-06
4.456606761e-06
4.701991625e-06
4.824682161e-06
4.297599016e-06
4.523722822e-06
5.220890188e-06
4.624325915e-06
4.412533152e-06
3.757053329e-06
4.453035307e-06
4.571364770e-06
3.733846645e-06
4.640318553e-06
4.607531600e-06
5.035777679e-06
4.909444352e-06
4.567595472e-06
4.443007413e-06
4.346258089e-06
4.734683249e-06
4.908570461e-06
4.649710640e-06
4.432866266e-06
5.395690333e-06
5.140993222e-06
4.405123699e-06
4.457050872e-06

8.381127986e-06
9.279831958e-06
9.913301664e-06
1.157701605e-05
1.012951458e-05
9.756300463e-06
9.875265414e-06
8.666897640e-06
1.009257885e-05
1.033186117e-05
8.046076425e-06
1.157006552e-05
1.382982609e-05
7.714538433e-06
6.797767613e-06
1.178597468e-05
7.347464708e-06
1.080780021e-05
1.145852918e-05
1.132004505e-05
1.004281662e-05
8.692122486e-06
8.241372916e-06
9.464123909e-06
1.133290008e-05
1.236428796e-05
7.228004349e-06
9.302976206e-06
1.229601609e-05
8.841081378e-06
