2.670000000e+02
2.700000000e+02
3.980000000e+02
2.750000000e+02
3.300000000e+02
2.690000000e+02
2.240000000e+02
2.650000000e+02
2.700000000e+02
2.550000000e+02
2.620000000e+02
2.610000000e+02
2.420000000e+02
2.500000000e+02
2.590000000e+02
3.180000000e+02
2.570000000e+02
2.540000000e+02
2.430000000e+02
2.720000000e+02
2.600000000e+02
2.600000000e+02
2.630000000e+02
2.580000000e+02
2.620000000e+02
2.500000000e+02
2.490000000e+02
2.320000000e+02
2.460000000e+02
2.840000000e+02

1.012000000e+03
8.890000000e+02
1.081000000e+03
1.737000000e+03
1.320000000e+03
1.383000000e+03
6.900000000e+02
1.584000000e+03
1.049000000e+03
1.388000000e+03
2.006000000e+03
1.153000000e+03
1.300000000e+03
9.600000000e+02
9.720000000e+02
1.416000000e+03
1.732000000e+03
1.631000000e+03
1.376000000e+03
1.419000000e+03
1.486000000e+03
1.281000000e+03
1.320000000e+03
1.156000000e+03
6.350000000e+02
9.050000000e+02
2.508000000e+03
1.163000000e+03
1.027000000e+03
1.333000000e+03
