1.592224635e-06
1.617832873e-06
1.721003548e-06
1.625487157e-06
1.669797971e-06
1.632810463e-06
1.660015785e-06
1.732904175e-06
1.541256982e-06
1.641170375e-06
1.542996022e-06
1.472112660e-06
1.584422487e-06
1.702144725e-06
1.478889300e-06
1.613630722e-06
1.643670332e-06
1.746054901e-06
1.657751835e-06
1.686032406e-06
1.493582339e-06
1.598022194e-06
1.590467272e-06
1.667745159e-06
1.819697222e-06
1.680182392e-06
1.656051757e-06
1.556788463e-06
1.687900029e-06
1.783964484e-06

1.654378545e-06
1.795039961e-06
1.794146469e-06
1.898841295e-06
1.782563247e-06
1.722605742e-06
1.935505011e-06
1.809320706e-06
1.823187678e-06
1.618888002e-06
1.819525885e-06
1.850233399e-06
1.798867103e-06
1.969904018e-06
1.789750146e-06
1.785211748e-06
1.944813903e-06
1.788009390e-06
1.765458554e-06
1.671254776e-06
1.870893019e-06
1.871978168e-06
2.008479469e-06
1.664048396e-06
1.713866829e-06
1.725805620e-06
1.758824628e-06
1.775552636e-06
2.156784191e-06
1.777570877e-06
