5.250000000e+02
5.160000000e+02
6.290000000e+02
6.380000000e+02
5.230000000e+02
5.230000000e+02
6.030000000e+02
5.670000000e+02
5.950000000e+02
5.730000000e+02
5.880000000e+02
5.230000000e+02
5.210000000e+02
6.240000000e+02
6.330000000e+02
6.730000000e+02
7.200000000e+02
5.360000000e+02
6.310000000e+02
6.560000000e+02
6.170000000e+02
6.990000000e+02
5.920000000e+02
6.370000000e+02
5.720000000e+02
5.300000000e+02
5.910000000e+02
5.370000000e+02
5.810000000e+02
6.360000000e+02

7.470000000e+02
5.870000000e+02
8.320000000e+02
7.940000000e+02
8.450000000e+02
7.680000000e+02
6.760000000e+02
9.350000000e+02
7.110000000e+02
6.530000000e+02
7.550000000e+02
7.170000000e+02
7.870000000e+02
7.450000000e+02
1.116000000e+03
7.000000000e+02
6.830000000e+02
6.500000000e+02
7.400000000e+02
6.800000000e+02
6.860000000e+02
6.830000000e+02
6.970000000e+02
8.730000000e+02
9.730000000e+02
7.640000000e+02
6.960000000e+02
6.820000000e+02
7.800000000e+02
7.000000000e+02
