6.717827653e-06
7.757227333e-06
7.327903610e-06
7.652315980e-06
7.401649564e-06
7.799660544e-06
6.998771325e-06
7.430565464e-06
7.459974057e-06
5.974571910e-06
6.339045038e-06
7.091859096e-06
7.796555756e-06
6.843705691e-06
7.565795269e-06
6.714743704e-06
6.825501119e-06
7.732675301e-06
8.064611776e-06
6.349117683e-06
7.688617381e-06
7.502331939e-06
8.071269973e-06
7.528755705e-06
6.265689782e-06
7.678457072e-06
7.502348585e-06
8.265311136e-06
6.881093079e-06
7.290984485e-06

5.311659080e-06
6.687090838e-06
5.429854410e-06
5.117755481e-06
7.275235399e-06
6.117529052e-06
5.754232330e-06
5.021644759e-06
5.641031365e-06
5.887129562e-06
5.981349907e-06
5.050791835e-06
6.497512345e-06
5.215741850e-06
4.348385113e-06
6.467011737e-06
4.885415075e-06
5.071287583e-06
4.950499840e-06
6.102877330e-06
6.367965089e-06
5.455403447e-06
6.722873277e-06
5.887465849e-06
5.538141009e-06
6.274548216e-06
5.265116491e-06
5.215833746e-06
6.323164375e-06
5.671328181e-06
