Number of sample populations = 3. Total number of values in the input = 90
3.18293e-07 0 1
3.2267e-07 0 2
3.31097e-07 0 3
3.31654e-07 0 4
3.4066e-07 0 5
3.41943e-07 0 6
3.44571e-07 0 7
3.45346e-07 0 8
3.4612e-07 0 9
3.51643e-07 0 10
3.51698e-07 0 11
3.52156e-07 0 12
3.52267e-07 0 13
3.52558e-07 0 14
3.59757e-07 0 15
3.59917e-07 0 16
3.60451e-07 0 17
3.60466e-07 0 18
3.61693e-07 0 19
3.63318e-07 0 20
3.6361e-07 0 21
3.63662e-07 0 22
3.65479e-07 0 23
3.72067e-07 0 24
3.72827e-07 0 25
3.78506e-07 0 26
3.80876e-07 0 27
3.81392e-07 0 28
3.92588e-07 0 29
4.20185e-07 0 30
4.44067e-07 1 31
4.687e-07 1 32
4.75278e-07 1 33
4.75926e-07 1 34
4.82182e-07 1 35
4.86332e-07 1 36
4.93393e-07 1 37
4.94761e-07 1 38
4.99525e-07 1 39
5.03897e-07 1 40
5.05579e-07 1 41
5.14216e-07 1 42
5.15369e-07 1 43
5.15786e-07 1 44
5.16165e-07 1 45
5.18058e-07 1 46
5.19029e-07 1 47
5.25347e-07 1 48
5.28977e-07 1 49
5.29796e-07 1 50
5.33148e-07 1 51
5.34987e-07 1 52
5.37394e-07 1 53
5.39734e-07 1 54
5.45956e-07 1 55
5.46746e-07 1 56
5.50647e-07 1 57
5.68022e-07 1 58
5.77086e-07 1 59
5.85266e-07 1 60
7.44649e-07 2 61
7.53163e-07 2 62
7.6179e-07 2 63
7.64003e-07 2 64
7.64466e-07 2 65
7.69401e-07 2 66
7.69701e-07 2 67
7.72118e-07 2 68
7.76349e-07 2 69
7.80475e-07 2 70
7.81916e-07 2 71
7.83533e-07 2 72
7.86582e-07 2 73
7.95984e-07 2 74
7.96303e-07 2 75
7.97068e-07 2 76
7.98355e-07 2 77
7.98938e-07 2 78
8.00341e-07 2 79
8.00539e-07 2 80
8.01457e-07 2 81
8.05357e-07 2 82
8.08923e-07 2 83
8.30478e-07 2 84
8.40363e-07 2 85
8.52236e-07 2 86
8.62335e-07 2 87
8.6322e-07 2 88
8.63878e-07 2 89
8.70482e-07 2 90
Total number of ties =0
Number of samples = 30; sum = 465
Number of samples = 30; sum = 1365
Number of samples = 30; sum = 2265
Corrected T value =79.1209
p-value to accept the null hypothesis that all distribution functions are identical = 6.59355142e-18
