3.516428420e-07
3.226695775e-07
3.785064478e-07
3.597567660e-07
3.604506575e-07
3.521559353e-07
3.654789559e-07
4.201847295e-07
3.599166062e-07
3.316536404e-07
3.445713920e-07
3.633177604e-07
3.636624308e-07
3.808761062e-07
3.925884697e-07
3.636103749e-07
3.616930515e-07
3.182928154e-07
3.728273717e-07
3.604663062e-07
3.522672326e-07
3.461204124e-07
3.310965950e-07
3.419433307e-07
3.720666140e-07
3.453456826e-07
3.406601783e-07
3.813924330e-07
3.525583301e-07
3.516984906e-07

5.506468745e-07
5.297961169e-07
5.373942730e-07
5.038971408e-07
4.947605032e-07
5.180580847e-07
5.190287824e-07
4.686996111e-07
5.289770758e-07
5.142160926e-07
5.055793347e-07
4.821821525e-07
5.770863291e-07
5.153692251e-07
5.459555419e-07
4.440668613e-07
5.397342706e-07
5.331483690e-07
4.863322482e-07
5.253473788e-07
5.852663608e-07
4.759259512e-07
4.933934787e-07
4.752783271e-07
5.680222663e-07
5.161652723e-07
5.467461598e-07
5.157856319e-07
4.995246103e-07
5.349874490e-07

7.983551298e-07
7.446493152e-07
7.694011468e-07
8.053570390e-07
8.003413953e-07
7.970682648e-07
7.989378039e-07
8.403625928e-07
7.697006275e-07
7.644660220e-07
7.763489642e-07
8.638780982e-07
8.304783711e-07
8.522362735e-07
8.005386805e-07
7.721177109e-07
7.835325897e-07
7.819155854e-07
8.014566836e-07
7.963030360e-07
8.623353053e-07
8.704816046e-07
7.617899767e-07
7.959843138e-07
7.865819280e-07
8.089233827e-07
7.804751477e-07
7.640026292e-07
8.632199751e-07
7.531625602e-07
