3.303257096e-06
3.690532198e-06
3.929138346e-06
3.253426607e-06
3.322035121e-06
3.418968078e-06
3.541048874e-06
3.927999306e-06
3.575009239e-06
3.501024323e-06
3.683190688e-06
3.915513530e-06
3.059306242e-06
3.251135072e-06
3.355190777e-06
4.224567911e-06
3.612588244e-06
3.656655305e-06
3.519988177e-06
3.506897531e-06
3.331210401e-06
3.606765655e-06
3.462066239e-06
3.840611010e-06
3.612587605e-06
3.235415367e-06
3.828170184e-06
3.483328173e-06
3.289994834e-06
3.674440477e-06

5.757758554e-06
5.978965398e-06
7.200151482e-06
5.953053328e-06
5.304203199e-06
5.750477603e-06
5.481822183e-06
6.164394514e-06
4.852534708e-06
5.992610854e-06
5.773962050e-06
4.832387423e-06
6.029283791e-06
5.897875060e-06
5.463799965e-06
5.302358370e-06
4.793503430e-06
5.873798238e-06
5.403188529e-06
5.878640389e-06
5.632830974e-06
5.797414442e-06
6.525784093e-06
4.958234164e-06
5.937739212e-06
7.116140030e-06
5.780584199e-06
5.546584912e-06
4.436275404e-06
5.437503105e-06
