6.084400000e+04
6.115700000e+04
6.099100000e+04
5.701900000e+04
6.444000000e+04
5.875700000e+04
6.337000000e+04
6.218400000e+04
5.575700000e+04
5.923600000e+04
6.807400000e+04
6.318600000e+04
5.995000000e+04
5.863500000e+04
6.161100000e+04
5.975500000e+04
6.193300000e+04
6.015400000e+04
6.061200000e+04
5.810300000e+04
6.006600000e+04
6.125200000e+04
6.044200000e+04
6.219900000e+04
5.802100000e+04
5.870900000e+04
5.942100000e+04
5.885800000e+04
6.562500000e+04
6.099400000e+04

1.029750000e+05
9.959900000e+04
1.087430000e+05
3.083991000e+06
9.847900000e+04
3.066057000e+06
1.011260000e+05
1.017430000e+05
4.069464000e+06
1.139360000e+05
1.112600000e+05
1.095790000e+06
7.030311000e+06
5.043077000e+06
1.119880000e+05
9.602600000e+04
8.735300000e+04
9.056200000e+04
1.053470000e+05
5.073589000e+06
1.016900000e+05
8.643400000e+04
1.143650000e+05
1.168700000e+05
9.098100000e+04
8.031396000e+06
8.688000000e+04
1.006390000e+05
1.095706000e+06
3.060773000e+06
