3.885101384e-06
3.189048667e-06
3.389947109e-06
2.664094262e-06
2.970839145e-06
2.739830114e-06
3.356417442e-06
3.653700578e-06
3.082731648e-06
3.070226311e-06
3.474721875e-06
4.938316339e-06
5.269229661e-06
3.356613530e-06
3.526011125e-06
3.274694689e-06
4.500591547e-06
5.187939762e-06
3.620045961e-06
2.956379279e-06
3.435974927e-06
3.069069825e-06
3.203439032e-06
3.383187715e-06
4.226115295e-06
3.463097894e-06
2.749895733e-06
2.890748486e-06
3.820751109e-06
2.882778035e-06

5.865158047e-06
8.418457889e-06
3.729915831e-06
9.630154003e-06
8.361479064e-06
7.129269917e-06
7.861624394e-06
1.033013350e-05
7.932004004e-06
4.302498372e-06
7.911933964e-06
1.095448354e-05
7.361100104e-06
6.622653258e-06
4.990444790e-06
1.151768277e-05
1.058509928e-05
7.056560249e-06
1.307050909e-05
1.353482635e-05
1.014966258e-05
1.153074005e-05
1.037991589e-05
1.121226611e-05
6.705127985e-06
6.696366437e-06
1.379780121e-05
8.631923424e-06
7.125415429e-06
5.801469568e-06
