2.913928503e-06
3.013797385e-06
1.812613796e-06
2.352904394e-06
2.011462579e-06
2.123377238e-06
2.497765127e-06
2.249031004e-06
2.089483579e-06
2.742083006e-06
2.284280071e-06
2.277074370e-06
2.465749231e-06
2.685378832e-06
2.328426294e-06
2.629310824e-06
3.025309031e-06
2.478728659e-06
2.611828725e-06
2.488830884e-06
2.234411099e-06
2.522835601e-06
2.974396147e-06
2.467399648e-06
2.019185566e-06
2.137320258e-06
2.229533619e-06
2.423616858e-06
2.497071156e-06
2.354731258e-06

3.315781874e-06
3.491150441e-06
2.950932219e-06
4.869890060e-06
3.791366588e-06
4.095234308e-06
3.387027232e-06
4.431136527e-06
3.955456164e-06
3.626997770e-06
4.329964333e-06
3.809807288e-06
3.937106043e-06
2.673506468e-06
5.548968583e-06
3.726454637e-06
4.163747852e-06
4.539942087e-06
2.405683582e-06
4.475802909e-06
4.726566731e-06
4.700431228e-06
3.602596118e-06
9.355984656e-06
8.784617203e-06
3.249933397e-06
3.905817491e-06
3.443493602e-06
5.370247444e-06
2.997483190e-06
