8.650000000e+02
8.620000000e+02
6.750000000e+02
7.530000000e+02
7.690000000e+02
7.730000000e+02
7.810000000e+02
7.630000000e+02
6.760000000e+02
7.950000000e+02
8.020000000e+02
7.050000000e+02
6.810000000e+02
6.670000000e+02
7.890000000e+02
7.570000000e+02
8.080000000e+02
8.560000000e+02
6.870000000e+02
8.350000000e+02
7.970000000e+02
5.940000000e+02
7.460000000e+02
9.550000000e+02
7.110000000e+02
5.900000000e+02
5.420000000e+02
7.580000000e+02
6.620000000e+02
8.090000000e+02

7.080000000e+02
6.170000000e+02
6.710000000e+02
6.570000000e+02
6.470000000e+02
6.660000000e+02
6.160000000e+02
7.080000000e+02
6.770000000e+02
6.720000000e+02
6.690000000e+02
6.640000000e+02
6.690000000e+02
6.110000000e+02
8.010000000e+02
6.050000000e+02
6.220000000e+02
5.140000000e+02
6.350000000e+02
5.430000000e+02
7.190000000e+02
6.690000000e+02
7.170000000e+02
6.730000000e+02
6.340000000e+02
8.520000000e+02
6.450000000e+02
7.210000000e+02
6.940000000e+02
6.710000000e+02

9.568200000e+04
9.576600000e+04
9.573500000e+04
9.576800000e+04
9.578900000e+04
9.570600000e+04
9.568300000e+04
9.572700000e+04
9.572500000e+04
9.572400000e+04
9.561900000e+04
9.559800000e+04
9.580700000e+04
9.565400000e+04
9.573700000e+04
9.583600000e+04
9.572700000e+04
9.555800000e+04
9.572200000e+04
9.569400000e+04
9.559500000e+04
9.555700000e+04
9.571900000e+04
9.577800000e+04
9.575200000e+04
9.576600000e+04
9.576500000e+04
9.579800000e+04
9.563500000e+04
9.571600000e+04
