Number of sample populations = 3. Total number of values in the input = 90
2.076e-05 0 1
2.2898e-05 0 2
2.30973e-05 0 3
2.32777e-05 0 4
2.38114e-05 0 5
2.43074e-05 0 6
2.43623e-05 0 7
2.47496e-05 0 8
2.50991e-05 0 9
2.54143e-05 0 10
2.58577e-05 0 11
2.58669e-05 0 12
2.62064e-05 0 13
2.64594e-05 0 14
2.65913e-05 0 15
2.69552e-05 0 16
2.73863e-05 0 17
2.74925e-05 0 18
2.75129e-05 0 19
2.7549e-05 0 20
2.77085e-05 0 21
2.77516e-05 0 22
2.79774e-05 0 23
2.82377e-05 0 24
2.87131e-05 0 25
2.89391e-05 0 26
3.07037e-05 0 27
3.27598e-05 0 28
3.31871e-05 0 29
3.76507e-05 0 30
3.88395e-05 1 31
3.98273e-05 1 32
3.98904e-05 1 33
4.09855e-05 1 34
4.44814e-05 1 35
4.45082e-05 1 36
4.53795e-05 1 37
4.56603e-05 1 38
4.56782e-05 1 39
4.581e-05 1 40
4.59804e-05 1 41
4.6009e-05 1 42
4.66429e-05 1 43
4.66863e-05 1 44
4.80292e-05 1 45
4.80665e-05 1 46
4.93153e-05 1 47
4.97298e-05 1 48
4.99816e-05 1 49
5.162e-05 1 50
5.1869e-05 1 51
5.23107e-05 1 52
5.29602e-05 1 53
5.32453e-05 1 54
5.3838e-05 1 55
5.39521e-05 1 56
5.48123e-05 1 57
5.88572e-05 1 58
5.92394e-05 1 59
6.18672e-05 1 60
0.0210128 2 61
0.0215375 2 62
0.021558 2 63
0.0215791 2 64
0.0215805 2 65
0.0215832 2 66
0.0217374 2 67
0.0217388 2 68
0.0217457 2 69
0.0217513 2 70
0.0217521 2 71
0.0217632 2 72
0.0217657 2 73
0.0217682 2 74
0.0217698 2 75
0.0217712 2 76
0.0217752 2 77
0.0217769 2 78
0.0217813 2 79
0.0217817 2 80
0.0217819 2 81
0.0217854 2 82
0.0217864 2 83
0.0217887 2 84
0.0217921 2 85
0.0217949 2 86
0.0217962 2 87
0.0217989 2 88
0.0218282 2 89
0.0218431 2 90
Total number of ties =0
Number of samples = 30; sum = 465
Number of samples = 30; sum = 1365
Number of samples = 30; sum = 2265
Corrected T value =79.1209
p-value to accept the null hypothesis that all distribution functions are identical = 6.59355142e-18
