2.509911646e-05
2.797735318e-05
2.430741937e-05
2.775155149e-05
2.695519983e-05
2.770851752e-05
2.586687150e-05
2.751287496e-05
2.289800485e-05
2.585765925e-05
3.318708102e-05
2.754904012e-05
2.309731231e-05
2.871306474e-05
2.327765644e-05
2.381138118e-05
2.620644745e-05
2.659132016e-05
3.275975043e-05
2.749245546e-05
2.541434916e-05
2.823768334e-05
2.893907214e-05
3.765070103e-05
2.436233448e-05
2.474961337e-05
3.070373409e-05
2.738633130e-05
2.645939641e-05
2.076003996e-05

5.481225744e-05
3.989038482e-05
4.098547367e-05
6.186724556e-05
4.580996377e-05
5.324532751e-05
5.383803790e-05
4.802916530e-05
4.998162032e-05
4.598035881e-05
5.395211555e-05
4.537945326e-05
4.806648990e-05
4.567816522e-05
5.885723460e-05
4.931532274e-05
4.668626050e-05
4.972982348e-05
4.600897200e-05
4.448140227e-05
5.923944547e-05
3.883945637e-05
4.664290322e-05
5.186896198e-05
3.982729027e-05
4.450817262e-05
4.566033522e-05
5.231068306e-05
5.296020177e-05
5.162003002e-05

2.178168479e-02
2.176978813e-02
2.175128912e-02
2.179494603e-02
2.179211346e-02
2.184307253e-02
2.176320052e-02
2.173743651e-02
2.178866305e-02
2.155801438e-02
2.173881599e-02
2.178191010e-02
2.101284199e-02
2.178129799e-02
2.157913411e-02
2.175211397e-02
2.178538554e-02
2.174565461e-02
2.158051943e-02
2.177520460e-02
2.182815088e-02
2.158318664e-02
2.153752120e-02
2.176571342e-02
2.178644963e-02
2.179616357e-02
2.177692692e-02
2.179887548e-02
2.176821648e-02
2.177119719e-02
