7.000000000e+01
4.900000000e+01
5.600000000e+01
4.100000000e+01
5.300000000e+01
4.400000000e+01
6.200000000e+01
3.700000000e+01
3.900000000e+01
4.900000000e+01
5.000000000e+01
4.800000000e+01
6.000000000e+01
5.300000000e+01
4.300000000e+01
4.400000000e+01
6.500000000e+01
5.300000000e+01
4.300000000e+01
5.100000000e+01
4.600000000e+01
5.900000000e+01
4.700000000e+01
4.200000000e+01
3.800000000e+01
5.400000000e+01
4.900000000e+01
5.300000000e+01
3.300000000e+01
4.800000000e+01

1.070000000e+02
1.840000000e+02
1.500000000e+02
1.500000000e+02
6.800000000e+01
8.200000000e+01
6.300000000e+01
1.120000000e+02
1.320000000e+02
1.010000000e+02
1.010000000e+02
6.500000000e+01
9.800000000e+01
1.010000000e+02
5.900000000e+01
2.850000000e+02
1.080000000e+02
8.000000000e+01
8.700000000e+01
9.100000000e+01
5.900000000e+01
1.280000000e+02
6.400000000e+01
8.100000000e+01
1.460000000e+02
7.300000000e+01
5.800000000e+01
8.400000000e+01
1.580000000e+02
8.600000000e+01
