7.807192911e-06
5.543865873e-06
8.157198470e-06
6.729791154e-06
6.957815837e-06
5.657007796e-06
6.968980097e-06
5.816496140e-06
6.828699199e-06
5.669199041e-06
5.392348620e-06
8.460707467e-06
6.013198338e-06
8.004059780e-06
6.062614097e-06
7.024885670e-06
5.775460891e-06
6.420262043e-06
5.266386949e-06
6.195496240e-06
5.321013881e-06
6.618346795e-06
7.273046380e-06
5.974673906e-06
5.466148626e-06
6.197437555e-06
5.998689291e-06
6.077424302e-06
7.098544159e-06
6.634822507e-06

1.059287599e-05
1.091828309e-05
8.833450648e-06
8.859361001e-06
1.014994466e-05
1.028533670e-05
8.839653955e-06
8.178541642e-06
9.432356077e-06
1.170673428e-05
1.003696102e-05
8.541238325e-06
7.761945332e-06
8.979747228e-06
9.954188808e-06
8.805524169e-06
9.252679051e-06
1.212932571e-05
9.693899807e-06
1.108605834e-05
8.942296647e-06
9.710055679e-06
8.900027787e-06
8.136933021e-06
8.524111356e-06
6.748598441e-06
8.032351209e-06
7.815377853e-06
6.113566102e-06
7.073341190e-06
