2.691600000e+04
2.177400000e+04
2.427000000e+04
2.638400000e+04
2.302200000e+04
2.360200000e+04
2.619100000e+04
2.587800000e+04
2.478300000e+04
2.403400000e+04
2.347700000e+04
2.367600000e+04
2.245300000e+04
2.414500000e+04
2.506600000e+04
2.565000000e+04
2.505600000e+04
2.720500000e+04
2.333500000e+04
2.439900000e+04
2.652400000e+04
2.364900000e+04
2.333200000e+04
2.315900000e+04
2.367500000e+04
2.394800000e+04
2.284800000e+04
2.512700000e+04
2.606000000e+04
2.350600000e+04

2.266700000e+04
1.873800000e+04
2.050600000e+04
1.844200000e+04
1.787600000e+04
2.212300000e+04
1.990100000e+04
2.062600000e+04
1.887400000e+04
2.054800000e+04
2.112300000e+04
1.781600000e+04
1.943400000e+04
2.262400000e+04
2.144100000e+04
1.654300000e+04
1.842400000e+04
1.767400000e+04
2.307200000e+04
1.944200000e+04
2.053800000e+04
2.412400000e+04
1.738700000e+04
2.454900000e+04
1.820100000e+04
1.915200000e+04
2.068900000e+04
1.944600000e+04
1.802200000e+04
1.525000000e+04
