2.980000000e+03
3.089000000e+03
2.860000000e+03
3.216000000e+03
3.090000000e+03
3.171000000e+03
3.085000000e+03
3.126000000e+03
3.343000000e+03
2.955000000e+03
2.993000000e+03
3.417000000e+03
3.035000000e+03
3.297000000e+03
3.117000000e+03
3.432000000e+03
3.402000000e+03
2.815000000e+03
3.276000000e+03
2.852000000e+03
3.093000000e+03
3.032000000e+03
3.207000000e+03
3.290000000e+03
3.119000000e+03
3.173000000e+03
3.250000000e+03
3.450000000e+03
3.165000000e+03
3.318000000e+03

2.530000000e+03
2.240000000e+03
2.262000000e+03
2.199000000e+03
2.305000000e+03
2.180000000e+03
2.228000000e+03
2.215000000e+03
2.305000000e+03
2.347000000e+03
2.185000000e+03
2.472000000e+03
2.386000000e+03
2.282000000e+03
2.301000000e+03
2.286000000e+03
2.670000000e+03
2.300000000e+03
2.271000000e+03
2.150000000e+03
2.207000000e+03
1.959000000e+03
2.261000000e+03
2.224000000e+03
2.214000000e+03
2.206000000e+03
2.396000000e+03
2.282000000e+03
2.041000000e+03
2.015000000e+03
