4.096000000e+04
3.571200000e+04
4.083200000e+04
4.044800000e+04
3.916800000e+04
4.454400000e+04
3.609600000e+04
3.686400000e+04
3.814400000e+04
3.724800000e+04
4.172800000e+04
3.584000000e+04
3.302400000e+04
3.558400000e+04
3.481600000e+04
3.686400000e+04
3.379200000e+04
3.737600000e+04
3.443200000e+04
3.507200000e+04
3.635200000e+04
3.353600000e+04
3.609600000e+04
4.224000000e+04
4.121600000e+04
4.352000000e+04
4.044800000e+04
3.686400000e+04
4.070400000e+04
4.812800000e+04

1.195520000e+05
1.322240000e+05
1.428480000e+05
1.317120000e+05
1.303040000e+05
1.244160000e+05
1.395200000e+05
1.273600000e+05
1.219840000e+05
1.125120000e+05
1.322240000e+05
1.455360000e+05
1.236480000e+05
1.338880000e+05
1.350400000e+05
1.285120000e+05
1.216000000e+05
1.231360000e+05
1.250560000e+05
1.276160000e+05
1.374720000e+05
1.228800000e+05
1.244160000e+05
1.361920000e+05
1.367040000e+05
1.272320000e+05
1.391360000e+05
1.231360000e+05
1.285120000e+05
1.308160000e+05
