2.816000000e+03
2.816000000e+03
3.456000000e+03
2.816000000e+03
3.712000000e+03
3.840000000e+03
3.968000000e+03
2.688000000e+03
2.304000000e+03
3.968000000e+03
2.048000000e+03
2.304000000e+03
3.200000000e+03
2.816000000e+03
4.352000000e+03
2.816000000e+03
3.456000000e+03
4.480000000e+03
3.456000000e+03
2.944000000e+03
3.200000000e+03
3.328000000e+03
2.944000000e+03
2.048000000e+03
3.712000000e+03
3.584000000e+03
3.072000000e+03
3.200000000e+03
2.816000000e+03
3.328000000e+03

9.999999232e+09
1.199999142e+10
9.999999616e+09
9.000005888e+09
1.299999194e+10
1.099999834e+10
8.000003200e+09
9.999999488e+09
9.999997312e+09
7.000002176e+09
7.000008448e+09
5.000009856e+09
1.000000243e+10
7.000007040e+09
9.000000256e+09
1.099999642e+10
9.000003328e+09
9.999995776e+09
7.000008704e+09
6.000015360e+09
1.099999526e+10
6.000015744e+09
9.999995520e+09
9.000003584e+09
1.100000090e+10
5.000011904e+09
9.000000896e+09
7.000007552e+09
9.999997952e+09
1.199999398e+10
