1.635279850e-05
1.441512455e-05
1.245594431e-05
1.295210150e-05
1.384330867e-05
1.428066911e-05
1.413992454e-05
1.370615260e-05
1.268367183e-05
1.273539992e-05
1.221655768e-05
1.238511093e-05
1.586924681e-05
1.291336158e-05
1.474253005e-05
1.286318195e-05
1.530549647e-05
1.350447280e-05
1.243712672e-05
1.338751396e-05
1.234019976e-05
1.236252600e-05
1.671144868e-05
1.223638932e-05
1.357716694e-05
1.577865240e-05
1.462588474e-05
1.427880053e-05
1.390925112e-05
1.307164010e-05

1.207239859e-05
1.501445489e-05
1.297427673e-05
1.345645161e-05
1.267133607e-05
1.244561741e-05
1.374318290e-05
1.412841893e-05
1.404106380e-05
1.242281193e-05
1.299039272e-05
1.416897701e-05
1.326570458e-05
1.404617470e-05
1.356505562e-05
1.411515818e-05
1.297612068e-05
1.315104110e-05
1.183426258e-05
1.384081714e-05
1.596952020e-05
1.349709916e-05
1.264589298e-05
1.294451819e-05
1.317462746e-05
1.254341201e-05
1.249931760e-05
1.442563619e-05
1.349882139e-05
1.288094021e-05
