8.700000000e+01
6.400000000e+01
5.400000000e+01
4.900000000e+01
4.900000000e+01
6.100000000e+01
5.700000000e+01
6.600000000e+01
5.300000000e+01
4.500000000e+01
5.500000000e+01
7.700000000e+01
1.100000000e+02
5.200000000e+01
5.600000000e+01
3.900000000e+01
7.300000000e+01
7.700000000e+01
6.800000000e+01
6.600000000e+01
6.100000000e+01
5.600000000e+01
4.200000000e+01
5.700000000e+01
7.400000000e+01
9.300000000e+01
7.000000000e+01
5.100000000e+01
6.500000000e+01
5.400000000e+01

2.500000000e+02
3.210000000e+02
3.270000000e+02
2.450000000e+02
2.690000000e+02
2.970000000e+02
2.770000000e+02
2.420000000e+02
3.380000000e+02
2.570000000e+02
2.760000000e+02
4.460000000e+02
2.880000000e+02
2.970000000e+02
2.210000000e+02
2.260000000e+02
2.850000000e+02
3.320000000e+02
4.030000000e+02
5.560000000e+02
4.480000000e+02
2.220000000e+02
4.090000000e+02
3.040000000e+02
2.610000000e+02
3.670000000e+02
2.300000000e+02
2.020000000e+02
2.800000000e+02
1.750000000e+02
