3.256055586e-06
2.784958173e-06
3.358535005e-06
2.446758152e-06
3.029451022e-06
2.514886667e-06
2.406095518e-06
3.067263679e-06
3.141825840e-06
2.914768063e-06
2.963664980e-06
2.574993792e-06
2.832545591e-06
3.254497544e-06
2.567940985e-06
3.277019996e-06
2.672421160e-06
3.325573640e-06
2.435140838e-06
3.477791852e-06
3.626672461e-06
3.162789612e-06
3.180392468e-06
2.641422708e-06
2.911759284e-06
2.600237999e-06
2.600059156e-06
3.310010702e-06
2.875304151e-06
3.035303911e-06

1.724101589e-06
5.185398407e-07
1.254084934e-06
8.489747997e-07
7.952625580e-07
2.857383530e-06
9.719067327e-07
1.275906548e-06
5.310040598e-07
5.062383840e-06
5.826626509e-07
5.963352520e-07
6.885399103e-07
5.429754650e-07
5.956738554e-07
7.427495567e-07
8.851158015e-07
3.360101750e-06
3.830432217e-06
1.203295324e-06
6.732869515e-07
7.691436620e-07
7.953503823e-07
3.556135047e-06
6.989997002e-07
3.184642564e-06
9.713357951e-07
6.035184384e-07
5.867350620e-07
8.740679084e-07
