7.800000000e+01
6.400000000e+01
7.000000000e+01
6.400000000e+01
7.300000000e+01
9.100000000e+01
6.900000000e+01
6.400000000e+01
7.000000000e+01
8.400000000e+01
9.200000000e+01
7.500000000e+01
7.200000000e+01
8.200000000e+01
5.700000000e+01
6.400000000e+01
7.800000000e+01
7.900000000e+01
7.000000000e+01
6.800000000e+01
7.000000000e+01
9.500000000e+01
7.000000000e+01
7.400000000e+01
8.400000000e+01
7.200000000e+01
7.600000000e+01
6.700000000e+01
6.400000000e+01
7.000000000e+01

3.670000000e+02
3.790000000e+02
3.260000000e+02
3.300000000e+02
3.330000000e+02
3.170000000e+02
3.320000000e+02
4.990000000e+02
3.060000000e+02
4.000000000e+02
2.860000000e+02
3.240000000e+02
3.340000000e+02
2.930000000e+02
3.010000000e+02
3.000000000e+02
4.640000000e+02
2.830000000e+02
2.500000000e+02
3.330000000e+02
3.970000000e+02
3.930000000e+02
3.340000000e+02
4.570000000e+02
3.390000000e+02
3.050000000e+02
3.430000000e+02
4.030000000e+02
3.040000000e+02
3.320000000e+02
