1.190000000e+02
1.760000000e+02
1.840000000e+02
1.310000000e+02
1.120000000e+02
1.390000000e+02
1.150000000e+02
2.100000000e+02
1.630000000e+02
1.920000000e+02
1.520000000e+02
1.680000000e+02
1.470000000e+02
1.660000000e+02
1.640000000e+02
1.400000000e+02
1.320000000e+02
1.360000000e+02
1.100000000e+02
9.200000000e+01
1.370000000e+02
1.860000000e+02
1.260000000e+02
1.490000000e+02
1.020000000e+02
2.150000000e+02
1.450000000e+02
1.760000000e+02
1.980000000e+02
1.130000000e+02

1.080000000e+02
1.040000000e+02
9.300000000e+01
9.300000000e+01
1.170000000e+02
9.800000000e+01
1.090000000e+02
1.000000000e+02
1.380000000e+02
1.260000000e+02
8.000000000e+01
1.150000000e+02
1.240000000e+02
9.700000000e+01
1.310000000e+02
1.310000000e+02
1.390000000e+02
1.190000000e+02
1.040000000e+02
1.450000000e+02
1.300000000e+02
1.210000000e+02
1.200000000e+02
8.400000000e+01
1.030000000e+02
1.440000000e+02
9.800000000e+01
9.300000000e+01
1.250000000e+02
1.010000000e+02

1.540000000e+02
2.040000000e+02
1.440000000e+02
2.100000000e+02
1.440000000e+02
1.710000000e+02
1.490000000e+02
1.440000000e+02
2.210000000e+02
1.850000000e+02
1.440000000e+02
1.490000000e+02
1.350000000e+02
2.000000000e+02
1.440000000e+02
2.700000000e+02
1.420000000e+02
1.460000000e+02
1.450000000e+02
1.470000000e+02
1.490000000e+02
1.440000000e+02
2.220000000e+02
1.850000000e+02
2.740000000e+02
1.260000000e+02
1.440000000e+02
1.440000000e+02
2.020000000e+02
2.530000000e+02
