Number of sample populations = 3. Total number of values in the input = 90
82 1 1
83 1 2.5
83 1 2.5
84 1 4
85 1 5
86 1 7
86 1 7
86 0 7
87 1 9
88 1 10
89 1 11
90 0 13
90 0 13
90 1 13
91 1 16
91 1 16
91 1 16
93 1 18
95 1 19
96 1 20
99 0 22
99 0 22
101 0 24
101 1 24
102 1 26
102 0 26
103 1 29
103 0 29
103 1 29
103 1 29
103 1 29
104 0 32
105 0 34
105 0 34
105 0 34
106 1 36
106 0 36
108 1 38
112 0 40
112 2 40
112 0 40
114 0 42
115 1 44
115 0 44
116 0 46
116 2 46
116 0 46
118 2 49
118 0 49
118 1 49
121 1 51
122 0 52
123 0 53
124 0 56
124 1 56
124 2 56
124 2 56
124 2 56
125 0 60
125 2 60
127 2 61
130 2 62
130 1 62
131 2 64
133 0 66
133 2 66
134 2 67
137 0 68
139 2 69
140 2 72
140 2 72
140 2 72
140 2 72
142 2 74
143 2 76
143 0 76
143 0 76
144 2 78
144 2 78
145 2 80
145 2 80
148 2 82
149 2 83
150 0 84
151 2 85
159 2 86
164 0 87
171 2 88
173 2 89
174 2 90
Total number of ties =38
Number of samples = 30; sum = 1308
Number of samples = 30; sum = 678.5
Number of samples = 30; sum = 2108.5
Corrected T value =50.213
p-value to accept the null hypothesis that all distribution functions are identical = 1.24851068e-11
