4.383217573e-07
4.744262322e-07
7.650520094e-07
6.217577415e-07
7.627609538e-07
4.594147502e-07
7.142016810e-07
5.134422011e-07
6.589276844e-07
6.749086265e-07
7.205298982e-07
5.540823601e-07
5.172134948e-07
6.507472934e-07
5.307306469e-07
1.112725314e-06
5.180078253e-07
6.469302912e-07
5.596208376e-07
5.868135449e-07
8.836111324e-07
5.853378578e-07
8.205683211e-07
5.478537835e-07
8.550783066e-07
7.426911934e-07
4.583516375e-07
5.891449598e-07
9.561468682e-07
7.200666652e-07

1.644740192e-06
1.251065256e-06
7.493981728e-07
1.416819621e-06
8.290866759e-07
1.764071769e-06
1.841875883e-06
1.083535443e-06
7.107253172e-07
1.013577789e-06
1.699547522e-06
1.318535568e-06
1.841071971e-06
2.097891555e-06
1.593145872e-06
2.378871194e-06
1.460882172e-06
1.137904211e-06
1.052412800e-06
1.406559871e-06
9.476578547e-07
1.579682812e-06
1.553008148e-06
1.003014047e-06
1.624824802e-06
7.337954738e-07
2.036250698e-06
1.029517014e-06
1.192520684e-06
9.744166703e-07
