1.441104000e+06
4.303590000e+05
1.403313000e+06
1.487300000e+06
1.462387000e+06
4.558470000e+05
2.407011000e+06
1.436803000e+06
1.440015000e+06
1.436604000e+06
4.317870000e+05
4.015470000e+05
1.378736000e+06
1.402572000e+06
1.451232000e+06
1.416468000e+06
1.427899000e+06
1.511174000e+06
1.348833000e+06
1.378605000e+06
2.496044000e+06
1.365110000e+06
1.487845000e+06
1.447093000e+06
1.451661000e+06
1.414826000e+06
1.417905000e+06
1.413391000e+06
1.430377000e+06
1.421078000e+06

5.104120000e+05
4.895610000e+05
4.473540000e+05
1.461224000e+06
4.971680000e+05
4.015020000e+05
4.789700000e+05
5.554050000e+05
4.952150000e+05
4.780020000e+05
4.444930000e+05
5.747840000e+05
4.602180000e+05
4.459160000e+05
4.197750000e+05
5.216930000e+05
4.574990000e+05
4.486480000e+05
4.842440000e+05
6.058520000e+05
4.870970000e+05
5.422190000e+05
4.262860000e+05
5.605070000e+05
5.303690000e+05
4.510590000e+05
4.540070000e+05
4.600760000e+05
3.652500000e+05
4.612500000e+05

8.099460000e+05
6.449670000e+05
6.727890000e+05
6.105980000e+05
9.358890000e+05
7.689260000e+05
6.636620000e+05
7.176440000e+05
7.528780000e+05
8.770600000e+05
8.656860000e+05
7.295700000e+05
7.456180000e+05
6.553140000e+05
6.906590000e+05
7.802550000e+05
7.042640000e+05
8.161130000e+05
6.807320000e+05
7.305620000e+05
6.236910000e+05
7.009550000e+05
7.086850000e+05
7.172240000e+05
6.590450000e+05
7.553330000e+05
9.114420000e+05
6.970340000e+05
5.553180000e+05
6.000070000e+05
