3.180043407e-06
3.279912289e-06
2.078728700e-06
2.619019297e-06
2.277577483e-06
2.389492141e-06
2.763880031e-06
2.515145908e-06
2.355598483e-06
3.008197910e-06
2.550394975e-06
2.543189273e-06
2.731864134e-06
2.951493735e-06
2.594541198e-06
2.895425727e-06
3.291423934e-06
2.744843563e-06
2.877943629e-06
2.754945788e-06
2.500526002e-06
2.788950504e-06
3.240511051e-06
2.733514552e-06
2.285300469e-06
2.403435161e-06
2.495648522e-06
2.689731761e-06
2.763186059e-06
2.620846162e-06

1.359294329e-06
1.407668133e-06
1.288964619e-06
1.230404239e-06
1.230361564e-06
1.322528538e-06
1.236414532e-06
1.181206324e-06
1.111596733e-06
1.333399345e-06
1.179984089e-06
1.266094941e-06
1.266335460e-06
1.177200619e-06
1.343418736e-06
1.077226148e-06
1.207466657e-06
1.028611426e-06
1.178369440e-06
1.372599067e-06
1.086704821e-06
1.327882624e-06
1.288288772e-06
1.143948916e-06
1.221503369e-06
1.246604342e-06
1.120347383e-06
1.137048204e-06
1.277635768e-06
1.081166903e-06
