7.200000000e+02
6.330000000e+02
6.080000000e+02
6.820000000e+02
6.830000000e+02
5.820000000e+02
6.630000000e+02
6.640000000e+02
6.340000000e+02
6.420000000e+02
5.510000000e+02
5.200000000e+02
7.420000000e+02
6.210000000e+02
5.890000000e+02
6.260000000e+02
5.320000000e+02
5.880000000e+02
5.040000000e+02
6.660000000e+02
6.760000000e+02
5.570000000e+02
6.000000000e+02
6.110000000e+02
6.540000000e+02
6.500000000e+02
5.860000000e+02
7.240000000e+02
7.010000000e+02
6.330000000e+02

2.583000000e+03
4.272000000e+03
3.161000000e+03
2.660000000e+03
5.098000000e+03
2.572000000e+03
1.928000000e+03
2.184000000e+03
2.099000000e+03
2.245000000e+03
2.581000000e+03
2.474000000e+03
3.755000000e+03
3.280000000e+03
3.538000000e+03
1.871000000e+03
2.180000000e+03
3.864000000e+03
4.047000000e+03
2.006000000e+03
2.894000000e+03
4.200000000e+03
3.502000000e+03
4.379000000e+03
2.979000000e+03
1.961000000e+03
2.314000000e+03
3.536000000e+03
3.478000000e+03
2.184000000e+03
