3.306000000e+03
2.899000000e+03
2.922000000e+03
3.446000000e+03
3.149000000e+03
3.062000000e+03
3.554000000e+03
2.955000000e+03
3.421000000e+03
3.336000000e+03
3.184000000e+03
3.262000000e+03
3.097000000e+03
2.877000000e+03
2.979000000e+03
2.932000000e+03
3.385000000e+03
3.017000000e+03
2.885000000e+03
3.599000000e+03
3.009000000e+03
3.221000000e+03
3.140000000e+03
3.355000000e+03
3.609000000e+03
3.066000000e+03
2.757000000e+03
2.816000000e+03
2.913000000e+03
2.822000000e+03

7.882000000e+03
7.315000000e+03
8.254000000e+03
7.193000000e+03
7.901000000e+03
7.622000000e+03
7.729000000e+03
7.250000000e+03
6.626000000e+03
8.494000000e+03
7.379000000e+03
8.783000000e+03
7.552000000e+03
8.960000000e+03
7.872000000e+03
7.320000000e+03
7.161000000e+03
7.361000000e+03
8.216000000e+03
9.587000000e+03
8.169000000e+03
7.680000000e+03
8.609000000e+03
8.698000000e+03
7.530000000e+03
7.453000000e+03
8.316000000e+03
6.860000000e+03
8.280000000e+03
8.564000000e+03
