2.991261679e-07
3.440706340e-07
2.933163933e-07
3.624576415e-07
2.890466171e-07
3.586558889e-07
3.502520649e-07
3.748190663e-07
3.484462384e-07
3.206046694e-07
3.474921475e-07
3.542577296e-07
3.074142634e-07
3.211710960e-07
3.464675976e-07
3.440061231e-07
3.632386388e-07
3.467697131e-07
3.577355704e-07
3.277061793e-07
3.609380423e-07
3.364820188e-07
3.369329166e-07
3.196716165e-07
3.636464627e-07
3.304316057e-07
3.638888577e-07
3.325359549e-07
3.437993368e-07
3.695528440e-07

3.757295644e-07
3.922936596e-07
4.218382608e-07
3.334424210e-07
3.494939818e-07
3.689458985e-07
3.834997762e-07
3.965579667e-07
4.046255036e-07
4.211872036e-07
3.460473985e-07
3.723751166e-07
4.002006377e-07
3.794079240e-07
3.821280011e-07
3.682982744e-07
3.910758963e-07
4.252764210e-07
3.855052033e-07
3.792971457e-07
4.128401061e-07
3.935303051e-07
3.719460153e-07
3.755763510e-07
3.777256502e-07
3.543796456e-07
3.751304832e-07
3.617301373e-07
4.171285250e-07
3.461380970e-07
