3.438673408e-06
3.423567075e-06
3.586354777e-06
3.859888196e-06
3.417847520e-06
3.241501549e-06
3.781661807e-06
3.365462263e-06
3.719668696e-06
3.323173044e-06
3.439141072e-06
3.792121837e-06
3.374575268e-06
3.539392069e-06
3.374160817e-06
3.387639327e-06
3.226554099e-06
3.318974366e-06
3.443610768e-06
3.343370828e-06
3.473154251e-06
3.615785965e-06
3.397513608e-06
3.514888062e-06
3.179194386e-06
3.529766490e-06
3.192183395e-06
3.268364476e-06
3.765035516e-06
3.318538159e-06

2.513230102e-06
2.426700128e-06
2.444231448e-06
2.288056195e-06
2.588106234e-06
2.313517367e-06
2.484746737e-06
2.507169349e-06
2.115768463e-06
2.324328255e-06
2.733566807e-06
2.510733737e-06
2.441551770e-06
2.445334481e-06
2.421372988e-06
2.232131820e-06
2.506425797e-06
2.261493667e-06
2.270570664e-06
2.223238735e-06
2.371901381e-06
2.487914159e-06
2.427136735e-06
2.478143071e-06
2.305129950e-06
2.322396320e-06
2.318815605e-06
2.367110168e-06
2.709799885e-06
2.409277870e-06
