1.280000000e+02
1.530000000e+02
1.660000000e+02
2.200000000e+02
1.130000000e+02
1.740000000e+02
1.520000000e+02
2.220000000e+02
1.700000000e+02
1.330000000e+02
1.880000000e+02
1.030000000e+02
1.870000000e+02
2.430000000e+02
2.140000000e+02
1.550000000e+02
2.990000000e+02
2.460000000e+02
1.130000000e+02
1.310000000e+02
1.710000000e+02
1.670000000e+02
2.280000000e+02
2.320000000e+02
1.990000000e+02
1.730000000e+02
2.430000000e+02
1.630000000e+02
1.920000000e+02
2.330000000e+02

1.880000000e+02
1.890000000e+02
1.330000000e+02
1.200000000e+02
2.030000000e+02
1.220000000e+02
1.110000000e+02
2.060000000e+02
1.660000000e+02
2.120000000e+02
1.380000000e+02
1.920000000e+02
1.530000000e+02
1.290000000e+02
1.310000000e+02
2.020000000e+02
1.890000000e+02
1.290000000e+02
1.600000000e+02
2.250000000e+02
2.230000000e+02
2.380000000e+02
1.580000000e+02
2.680000000e+02
1.640000000e+02
1.650000000e+02
1.930000000e+02
1.380000000e+02
1.070000000e+02
1.350000000e+02
