1.724370000e+05
1.775080000e+05
1.721920000e+05
1.932290000e+05
1.860230000e+05
2.190170000e+05
1.974910000e+05
1.990130000e+05
1.775160000e+05
1.536990000e+05
1.736670000e+05
1.693760000e+05
2.026880000e+05
1.930000000e+05
1.632150000e+05
1.904870000e+05
1.845200000e+05
2.024380000e+05
1.604120000e+05
2.309660000e+05
1.970290000e+05
2.168840000e+05
2.014200000e+05
1.732400000e+05
1.591860000e+05
1.651990000e+05
1.827110000e+05
1.802720000e+05
1.699050000e+05
2.033010000e+05

1.389782000e+06
2.208150200e+07
1.410584000e+06
6.282790000e+05
2.432002000e+06
3.392378000e+06
2.679320000e+05
7.647585500e+07
2.426155500e+07
4.452780000e+05
4.184680000e+05
4.374764000e+06
4.851160000e+05
4.819070000e+05
4.632320000e+05
4.163864000e+06
8.270016000e+06
5.956920000e+05
3.108080000e+05
6.443259000e+06
9.934741900e+07
3.848680000e+05
2.412222000e+06
4.001680000e+05
3.911200000e+05
1.282500000e+06
3.357090000e+05
3.612890000e+05
4.418390000e+05
1.534478600e+07
