4.035733290e-07
4.314723430e-07
4.215801373e-07
4.649627686e-07
4.470733254e-07
4.437519315e-07
5.130034391e-07
4.922842183e-07
3.932438383e-07
4.598854084e-07
4.346045554e-07
3.906784117e-07
4.093909279e-07
4.199691210e-07
4.093147604e-07
4.266374177e-07
4.961156316e-07
4.359985261e-07
4.512535208e-07
4.054818700e-07
4.241144661e-07
4.483398710e-07
4.173185448e-07
3.766706413e-07
4.864061004e-07
4.184625356e-07
4.827016331e-07
4.182163483e-07
4.289708684e-07
4.310689103e-07

2.003803585e-07
2.209712361e-07
2.150923198e-07
1.782135144e-07
2.026782804e-07
1.923129015e-07
2.069789148e-07
2.229607351e-07
1.854842856e-07
1.848831684e-07
2.103599892e-07
2.305688712e-07
2.172894035e-07
1.849524298e-07
1.938266724e-07
1.833246071e-07
2.020156463e-07
1.944008834e-07
2.393987227e-07
2.095873353e-07
2.155916008e-07
2.017534909e-07
2.074266988e-07
2.463411509e-07
1.835171019e-07
2.272037249e-07
2.067536455e-07
1.917002474e-07
1.945446757e-07
2.184688035e-07
