2.110000000e+02
2.040000000e+02
1.040000000e+02
1.340000000e+02
2.140000000e+02
2.090000000e+02
1.250000000e+02
1.830000000e+02
1.720000000e+02
1.490000000e+02
1.830000000e+02
1.210000000e+02
2.070000000e+02
2.040000000e+02
1.840000000e+02
2.040000000e+02
1.720000000e+02
1.500000000e+02
1.220000000e+02
1.300000000e+02
1.400000000e+02
2.060000000e+02
1.310000000e+02
1.220000000e+02
2.090000000e+02
1.190000000e+02
1.300000000e+02
1.150000000e+02
1.810000000e+02
2.180000000e+02

8.050000000e+02
5.800000000e+02
6.630000000e+02
5.710000000e+02
6.980000000e+02
6.230000000e+02
9.530000000e+02
7.310000000e+02
7.490000000e+02
1.384000000e+03
8.960000000e+02
7.980000000e+02
1.198000000e+03
6.760000000e+02
6.810000000e+02
7.680000000e+02
6.640000000e+02
5.790000000e+02
9.820000000e+02
5.440000000e+02
8.740000000e+02
7.920000000e+02
7.050000000e+02
6.870000000e+02
4.990000000e+02
4.340000000e+02
5.220000000e+02
5.830000000e+02
5.010000000e+02
7.220000000e+02
