2.000000000e+02
1.820000000e+02
2.020000000e+02
1.670000000e+02
1.750000000e+02
1.350000000e+02
1.510000000e+02
1.710000000e+02
1.930000000e+02
1.530000000e+02
1.450000000e+02
1.470000000e+02
1.580000000e+02
1.610000000e+02
1.450000000e+02
1.980000000e+02
2.110000000e+02
1.420000000e+02
1.690000000e+02
1.670000000e+02
1.770000000e+02
2.060000000e+02
1.530000000e+02
1.660000000e+02
2.060000000e+02
2.060000000e+02
1.350000000e+02
1.820000000e+02
1.930000000e+02
1.960000000e+02

1.220000000e+02
1.170000000e+02
1.420000000e+02
1.120000000e+02
1.410000000e+02
1.410000000e+02
1.210000000e+02
1.410000000e+02
1.130000000e+02
1.210000000e+02
1.370000000e+02
1.110000000e+02
1.200000000e+02
1.030000000e+02
1.140000000e+02
1.490000000e+02
1.400000000e+02
1.280000000e+02
1.320000000e+02
8.900000000e+01
1.030000000e+02
1.260000000e+02
1.130000000e+02
1.530000000e+02
1.200000000e+02
1.440000000e+02
1.310000000e+02
1.240000000e+02
1.580000000e+02
1.180000000e+02
