1.250000000e+02
2.190000000e+02
1.380000000e+02
2.540000000e+02
1.500000000e+02
1.690000000e+02
1.970000000e+02
1.350000000e+02
1.340000000e+02
1.360000000e+02
1.240000000e+02
1.630000000e+02
1.830000000e+02
1.540000000e+02
2.030000000e+02
2.630000000e+02
1.900000000e+02
1.330000000e+02
1.590000000e+02
2.180000000e+02
1.580000000e+02
1.760000000e+02
2.010000000e+02
1.650000000e+02
1.250000000e+02
1.840000000e+02
2.390000000e+02
1.300000000e+02
1.310000000e+02
1.310000000e+02

5.620000000e+02
6.230000000e+02
4.410000000e+02
5.460000000e+02
3.630000000e+02
6.510000000e+02
4.630000000e+02
3.730000000e+02
7.190000000e+02
6.130000000e+02
1.133000000e+03
7.960000000e+02
9.590000000e+02
3.670000000e+02
6.140000000e+02
6.900000000e+02
4.960000000e+02
4.170000000e+02
5.920000000e+02
5.310000000e+02
5.210000000e+02
1.328000000e+03
4.980000000e+02
8.350000000e+02
6.010000000e+02
6.450000000e+02
5.870000000e+02
3.860000000e+02
5.280000000e+02
5.570000000e+02
