Number of sample populations = 3. Total number of values in the input = 90
1.06579e-05 1 1
1.08512e-05 1 2
1.11548e-05 1 3
1.12349e-05 1 4
1.12624e-05 1 5
1.16236e-05 1 6
1.17096e-05 1 7
1.17706e-05 1 8
1.18456e-05 1 9
1.22031e-05 1 10
1.22709e-05 1 11
1.22831e-05 1 12
1.23351e-05 1 13
1.23862e-05 1 14
1.25681e-05 1 15
1.26629e-05 1 16
1.27417e-05 1 17
1.29476e-05 1 18
1.29588e-05 1 19
1.31472e-05 1 20
1.31713e-05 1 21
1.32199e-05 1 22
1.3224e-05 1 23
1.34363e-05 1 24
1.36482e-05 1 25
1.37471e-05 0 26
1.38551e-05 1 27
1.38731e-05 1 28
1.39396e-05 1 29
1.44058e-05 0 30
1.44993e-05 1 31
1.47562e-05 1 32
1.49163e-05 0 33
1.56642e-05 0 34
1.57114e-05 0 35
1.59561e-05 0 36
1.60051e-05 0 37
1.60555e-05 0 38
1.62039e-05 0 39
1.6225e-05 0 40
1.64784e-05 0 41
1.69201e-05 0 42
1.71479e-05 0 43
1.72308e-05 0 44
1.74796e-05 0 45
1.7521e-05 0 46
1.76059e-05 0 47
1.77954e-05 0 48
1.7998e-05 0 49
1.85798e-05 0 50
1.85947e-05 0 51
1.86153e-05 0 52
1.87098e-05 0 53
1.90178e-05 0 54
1.94386e-05 0 55
1.94726e-05 0 56
1.96681e-05 0 57
2.00649e-05 0 58
2.03396e-05 0 59
2.23992e-05 2 60
2.27434e-05 2 61
2.32572e-05 2 62
2.33793e-05 0 63
2.34362e-05 2 64
2.34528e-05 2 65
2.34673e-05 2 66
2.36085e-05 2 67
2.41289e-05 2 68
2.43505e-05 2 69
2.43607e-05 2 70
2.45932e-05 2 71
2.46807e-05 2 72
2.47424e-05 2 73
2.51799e-05 2 74
2.52304e-05 2 75
2.54773e-05 2 76
2.56238e-05 2 77
2.56611e-05 2 78
2.56619e-05 2 79
2.57164e-05 2 80
2.58318e-05 2 81
2.59296e-05 2 82
2.60508e-05 2 83
2.62182e-05 2 84
2.69416e-05 2 85
2.7125e-05 2 86
2.72091e-05 2 87
2.72498e-05 2 88
2.78737e-05 2 89
2.79478e-05 2 90
Total number of ties =0
Number of samples = 30; sum = 1361
Number of samples = 30; sum = 472
Number of samples = 30; sum = 2262
Corrected T value =78.2454
p-value to accept the null hypothesis that all distribution functions are identical = 1.02148799e-17
