1.943856204e-05
1.571140265e-05
1.374706769e-05
1.491625427e-05
1.605554378e-05
1.440576424e-05
1.901776821e-05
1.870979231e-05
1.799804001e-05
1.647839602e-05
1.714788441e-05
2.033955699e-05
1.566419671e-05
1.692006248e-05
1.622498002e-05
1.620393921e-05
1.857977268e-05
1.600509849e-05
1.747963378e-05
2.337931922e-05
1.861534202e-05
1.760589696e-05
1.859470843e-05
1.779542711e-05
1.752099394e-05
1.723078021e-05
1.966813750e-05
2.006485686e-05
1.947264624e-05
1.595609586e-05

1.227093368e-05
1.317131405e-05
1.364818016e-05
1.266293859e-05
1.228311227e-05
1.170959224e-05
1.274165584e-05
1.238624965e-05
1.177061190e-05
1.085118292e-05
1.184557678e-05
1.123487791e-05
1.321988894e-05
1.475616872e-05
1.387305806e-05
1.322401903e-05
1.126240918e-05
1.343625906e-05
1.220309754e-05
1.115482529e-05
1.065794252e-05
1.162355013e-05
1.294761851e-05
1.393956291e-05
1.314720745e-05
1.233512930e-05
1.385505209e-05
1.449932382e-05
1.256812779e-05
1.295884261e-05

2.562383573e-05
2.547734702e-05
2.592955076e-05
2.345280297e-05
2.694155697e-05
2.517992895e-05
2.239921972e-05
2.720907503e-05
2.468065524e-05
2.346733082e-05
2.621820723e-05
2.274338704e-05
2.435047006e-05
2.583180107e-05
2.712499519e-05
2.566109653e-05
2.343618598e-05
2.724981970e-05
2.605079622e-05
2.459323477e-05
2.436069432e-05
2.474238548e-05
2.787366965e-05
2.566190931e-05
2.325715107e-05
2.360849643e-05
2.571638933e-05
2.523040359e-05
2.412890242e-05
2.794776207e-05
