4.502300000e+04
4.886900000e+04
5.040800000e+04
4.608800000e+04
4.391900000e+04
4.575300000e+04
4.535700000e+04
4.466400000e+04
4.248000000e+04
4.420000000e+04
4.585600000e+04
4.792800000e+04
4.919400000e+04
4.522600000e+04
4.637800000e+04
4.953300000e+04
4.455100000e+04
4.497900000e+04
4.766400000e+04
4.592400000e+04
4.733200000e+04
4.534900000e+04
4.561000000e+04
4.460000000e+04
4.915300000e+04
4.857700000e+04
4.943800000e+04
4.796800000e+04
4.764200000e+04
4.838000000e+04

6.433800000e+04
6.650800000e+04
6.546900000e+04
7.217300000e+04
7.603400000e+04
7.426100000e+04
6.208400000e+04
5.881300000e+04
7.608500000e+04
6.420100000e+04
6.502700000e+04
6.676500000e+04
7.016300000e+04
6.994200000e+04
6.640400000e+04
6.982000000e+04
5.867300000e+04
6.521900000e+04
6.097900000e+04
6.245300000e+04
7.036900000e+04
6.912300000e+04
7.133700000e+04
6.626700000e+04
5.682300000e+04
6.306200000e+04
6.930800000e+04
7.075800000e+04
6.468500000e+04
7.803000000e+04
