1.780000000e+02
1.770000000e+02
1.950000000e+02
1.660000000e+02
1.660000000e+02
1.320000000e+02
1.480000000e+02
1.450000000e+02
1.720000000e+02
1.330000000e+02
1.410000000e+02
1.430000000e+02
1.520000000e+02
1.350000000e+02
1.360000000e+02
1.980000000e+02
2.010000000e+02
1.380000000e+02
1.650000000e+02
1.600000000e+02
1.760000000e+02
2.060000000e+02
1.350000000e+02
1.620000000e+02
2.060000000e+02
2.060000000e+02
1.330000000e+02
1.550000000e+02
1.670000000e+02
1.720000000e+02

3.530000000e+02
3.950000000e+02
4.770000000e+02
3.300000000e+02
4.920000000e+02
5.830000000e+02
4.280000000e+02
9.390000000e+02
3.750000000e+02
5.480000000e+02
6.180000000e+02
4.280000000e+02
2.890000000e+02
3.330000000e+02
4.550000000e+02
6.170000000e+02
4.290000000e+02
3.670000000e+02
7.170000000e+02
5.410000000e+02
5.440000000e+02
3.180000000e+02
5.410000000e+02
3.360000000e+02
2.590000000e+02
5.100000000e+02
3.900000000e+02
3.250000000e+02
4.060000000e+02
4.710000000e+02
