Number of sample populations = 3. Total number of values in the input = 90
98518 1 1
99972 1 2
100720 1 3
100928 1 4
101318 1 5
102492 1 6
102563 1 7
103225 1 8
103260 1 9
104640 1 10
105409 1 11
106295 1 12
107121 1 13
107610 1 14
108213 1 15
108736 1 16
109326 1 17
110011 1 18
110203 1 19
110601 1 20
110789 1 21
111440 1 22
112617 1 23
114217 1 24
116658 1 25
124277 1 26
128487 1 27
131920 1 28
138228 2 29
140069 2 30
140407 2 31
141290 2 32
141918 2 33
141981 2 34
145029 2 35
145601 2 36
145673 2 37
146296 2 38
146612 2 39
146663 2 40
148032 2 41
148187 2 42
150152 2 43
151453 2 44
151719 2 45
151752 2 46
152255 2 47
153045 2 48
154003 2 49
154526 2 50
156445 2 51
157053 2 52
157924 2 53
158213 2 54
158751 2 55
159100 2 56
159192 2 57
165058 2 58
1.08964e+06 0 59
1.09628e+06 0 60
1.09661e+06 0 61
1.09712e+06 0 62
1.0972e+06 0 63
1.09828e+06 0 64
1.09982e+06 0 65
1.09986e+06 0 66
1.10132e+06 0 67
1.10199e+06 0 68
1.10265e+06 0 69
1.10306e+06 0 70
1.10318e+06 0 71
1.10347e+06 0 72
1.10436e+06 1 73
1.10498e+06 0 74
1.10502e+06 0 75
1.10571e+06 0 76
1.10602e+06 0 77
1.10709e+06 0 78
1.10837e+06 0 79
1.10905e+06 0 80
1.10938e+06 0 81
1.11072e+06 0 82
1.11121e+06 0 83
1.11158e+06 0 84
1.11166e+06 0 85
1.11699e+06 0 86
1.1195e+06 0 87
2.08728e+06 0 88
2.0914e+06 0 89
5.06451e+06 1 90
Total number of ties =0
Number of samples = 30; sum = 2221
Number of samples = 30; sum = 569
Number of samples = 30; sum = 1305
Corrected T value =66.9085
p-value to accept the null hypothesis that all distribution functions are identical = 2.95800514e-15
