1.099821000e+06
1.109047000e+06
1.116994000e+06
1.097195000e+06
1.101990000e+06
1.099856000e+06
1.103468000e+06
1.111576000e+06
1.105021000e+06
1.103065000e+06
1.105706000e+06
1.111660000e+06
1.089641000e+06
2.087278000e+06
1.098280000e+06
1.119501000e+06
1.107092000e+06
1.110718000e+06
1.103179000e+06
1.101325000e+06
1.096606000e+06
1.104980000e+06
2.091401000e+06
1.108374000e+06
1.106024000e+06
1.096284000e+06
1.109379000e+06
1.102646000e+06
1.097121000e+06
1.111214000e+06

5.064508000e+06
1.319200000e+05
1.062950000e+05
1.054090000e+05
1.093260000e+05
1.107890000e+05
1.032600000e+05
1.009280000e+05
9.997200000e+04
9.851800000e+04
1.142170000e+05
1.046400000e+05
1.076100000e+05
1.082130000e+05
1.087360000e+05
1.071210000e+05
1.013180000e+05
1.106010000e+05
1.242770000e+05
1.114400000e+05
1.025630000e+05
1.102030000e+05
1.032250000e+05
1.166580000e+05
1.126170000e+05
1.284870000e+05
1.100110000e+05
1.024920000e+05
1.104365000e+06
1.007200000e+05

1.481870000e+05
1.591000000e+05
1.456010000e+05
1.514530000e+05
1.382280000e+05
1.501520000e+05
1.579240000e+05
1.404070000e+05
1.545260000e+05
1.419810000e+05
1.466630000e+05
1.540030000e+05
1.480320000e+05
1.587510000e+05
1.419180000e+05
1.517190000e+05
1.466120000e+05
1.517520000e+05
1.450290000e+05
1.582130000e+05
1.530450000e+05
1.591920000e+05
1.456730000e+05
1.462960000e+05
1.564450000e+05
1.522550000e+05
1.650580000e+05
1.412900000e+05
1.570530000e+05
1.400690000e+05
