3.162900000e+04
2.971600000e+04
3.027000000e+04
3.098900000e+04
3.042100000e+04
3.049300000e+04
4.159400000e+04
3.345500000e+04
3.302000000e+04
3.444000000e+04
3.344900000e+04
3.077300000e+04
3.133400000e+04
2.783900000e+04
2.986400000e+04
2.913100000e+04
3.494200000e+04
3.058000000e+04
3.155300000e+04
3.037500000e+04
3.741300000e+04
3.373100000e+04
4.377000000e+04
2.965300000e+04
3.346200000e+04
2.859900000e+04
3.089000000e+04
3.602200000e+04
3.018300000e+04
3.541300000e+04

6.816900000e+04
5.786500000e+04
6.298500000e+04
7.651900000e+04
6.655100000e+04
8.570800000e+04
8.389600000e+04
6.664800000e+04
1.122210000e+05
7.475800000e+04
8.729500000e+04
7.824300000e+04
9.038400000e+04
7.212000000e+04
9.117800000e+04
7.512500000e+04
8.030300000e+04
6.896900000e+04
7.064000000e+04
7.563100000e+04
7.865700000e+04
6.762400000e+04
7.012700000e+04
6.406100000e+04
6.134600000e+04
9.189400000e+04
8.143400000e+04
8.795300000e+04
8.128500000e+04
9.606000000e+04
