3.941700000e+04
3.925900000e+04
3.642400000e+04
3.994900000e+04
3.282400000e+04
3.814100000e+04
3.509500000e+04
3.513000000e+04
3.829100000e+04
3.742900000e+04
3.953900000e+04
3.882300000e+04
3.693900000e+04
4.006500000e+04
4.165400000e+04
3.789500000e+04
3.580400000e+04
3.677700000e+04
3.450600000e+04
3.978400000e+04
3.966200000e+04
3.435400000e+04
3.656900000e+04
3.770600000e+04
3.550700000e+04
3.782100000e+04
3.820400000e+04
3.961300000e+04
3.797700000e+04
3.533100000e+04

4.516100000e+04
4.900700000e+04
5.054600000e+04
4.622600000e+04
4.405700000e+04
4.589100000e+04
4.549500000e+04
4.480200000e+04
4.261800000e+04
4.433800000e+04
4.599400000e+04
4.806600000e+04
4.933200000e+04
4.536400000e+04
4.651600000e+04
4.967100000e+04
4.468900000e+04
4.511700000e+04
4.780200000e+04
4.606200000e+04
4.747000000e+04
4.548700000e+04
4.574800000e+04
4.473800000e+04
4.929100000e+04
4.871500000e+04
4.957600000e+04
4.810600000e+04
4.778000000e+04
4.851800000e+04

8.575600000e+04
8.542300000e+04
8.521400000e+04
8.789000000e+04
9.396100000e+04
9.027800000e+04
8.894500000e+04
9.307200000e+04
8.578400000e+04
7.964800000e+04
8.757700000e+04
8.654900000e+04
9.211200000e+04
8.649600000e+04
9.586500000e+04
8.317600000e+04
9.074800000e+04
9.021800000e+04
8.720300000e+04
8.706300000e+04
8.671800000e+04
9.456500000e+04
8.511400000e+04
9.251900000e+04
9.168700000e+04
9.104300000e+04
8.911300000e+04
8.926700000e+04
8.967800000e+04
8.624300000e+04
