Number of sample populations = 3. Total number of values in the input = 90
0 2 42
0 0 42
0 0 42
0 0 42
0 0 42
0 0 42
0 0 42
0 0 42
0 0 42
0 0 42
0 0 42
0 0 42
0 0 42
0 0 42
0 0 42
0 0 42
0 0 42
0 0 42
0 0 42
0 0 42
0 0 42
0 0 42
0 0 42
0 0 42
0 0 42
0 0 42
0 0 42
0 0 42
0 0 42
0 0 42
0 1 42
0 1 42
0 1 42
0 1 42
0 1 42
0 1 42
0 1 42
0 1 42
0 2 42
0 2 42
0 2 42
0 2 42
0 2 42
0 0 42
0 1 42
0 1 42
0 1 42
0 1 42
0 1 42
0 1 42
0 1 42
0 1 42
0 1 42
0 1 42
0 1 42
0 1 42
0 1 42
0 1 42
0 1 42
0 1 42
0 2 42
0 2 42
0 2 42
0 2 42
0 2 42
0 2 42
0 2 42
0 2 42
0 2 42
0 2 42
0 2 42
0 2 42
0 2 42
0 2 42
0 2 42
0 2 42
0 2 42
0 2 42
0 2 42
0 2 42
0 2 42
0 2 42
0 2 42
0 2 42
1 1 88
1 1 88
1 1 88
1 1 88
1 1 88
1 1 88
Total number of ties =88
Number of samples = 30; sum = 1275
Number of samples = 30; sum = 1545
Number of samples = 30; sum = 1275
Corrected T value =12.7143
p-value to accept the null hypothesis that all distribution functions are identical = 0.00173431482
