2.597120000e+05
2.611200000e+05
2.666240000e+05
2.908160000e+05
2.676480000e+05
3.188480000e+05
2.720000000e+05
2.841600000e+05
2.570240000e+05
3.162880000e+05
3.193600000e+05
3.219200000e+05
2.599680000e+05
2.755840000e+05
3.015680000e+05
2.746880000e+05
2.641920000e+05
2.595840000e+05
2.700800000e+05
3.064320000e+05
2.636800000e+05
2.597120000e+05
2.563840000e+05
2.931200000e+05
3.258880000e+05
2.704640000e+05
2.722560000e+05
2.638080000e+05
2.885120000e+05
2.682880000e+05

2.656000000e+05
2.740480000e+05
2.576640000e+05
2.698240000e+05
2.536960000e+05
2.718720000e+05
2.668800000e+05
2.656000000e+05
2.593280000e+05
2.649600000e+05
2.478080000e+05
2.787840000e+05
2.598400000e+05
2.574080000e+05
2.639360000e+05
2.425600000e+05
2.629120000e+05
2.740480000e+05
2.775040000e+05
2.389760000e+05
2.688000000e+05
2.602240000e+05
2.728960000e+05
2.775040000e+05
2.750720000e+05
2.629120000e+05
2.782720000e+05
2.755840000e+05
2.736640000e+05
2.750720000e+05
