Number of sample populations = 3. Total number of values in the input = 90
4.88209e-07 0 1
4.95927e-07 0 2
4.96155e-07 0 3
5.04266e-07 0 4
5.04482e-07 0 5
5.05304e-07 0 6
5.05942e-07 0 7
5.07013e-07 0 8
5.16667e-07 0 9
5.16768e-07 0 10
5.18016e-07 0 11
5.1948e-07 0 12
5.21504e-07 0 13
5.30589e-07 0 14
5.31737e-07 0 15
5.32622e-07 0 16
5.35593e-07 0 17
5.40862e-07 0 18
5.40927e-07 0 19
5.44099e-07 0 20
5.47391e-07 0 21
5.48547e-07 0 22
5.50889e-07 0 23
5.51599e-07 0 24
5.59853e-07 0 25
5.61463e-07 0 26
5.68182e-07 0 27
5.77441e-07 0 28
5.77697e-07 0 29
5.81825e-07 0 30
5.89024e-07 1 31
5.96409e-07 1 32
6.00397e-07 1 33
6.04703e-07 1 34
6.04993e-07 1 35
6.07087e-07 1 36
6.1177e-07 1 37
6.12829e-07 1 38
6.26138e-07 1 39
6.26734e-07 1 40
6.30994e-07 1 41
6.35662e-07 1 42
6.39408e-07 1 43
6.4088e-07 1 44
6.4195e-07 1 45
6.45482e-07 1 46
6.45549e-07 1 47
6.46668e-07 1 48
6.49055e-07 1 49
6.49488e-07 1 50
6.54361e-07 1 51
6.55432e-07 1 52
6.59335e-07 1 53
6.64359e-07 1 54
6.67122e-07 1 55
6.69287e-07 1 56
6.76996e-07 1 57
6.83967e-07 1 58
6.84424e-07 1 59
6.85433e-07 1 60
7.28838e-07 2 61
7.6786e-07 2 62
7.7118e-07 2 63
7.88376e-07 2 64
7.88508e-07 2 65
7.89494e-07 2 66
8.08079e-07 2 67
8.14363e-07 2 68
8.20603e-07 2 69
8.31253e-07 2 70
8.34657e-07 2 71
8.37387e-07 2 72
8.46719e-07 2 73
8.4893e-07 2 74
8.49604e-07 2 75
8.55754e-07 2 76
8.58705e-07 2 77
8.72628e-07 2 78
8.73685e-07 2 79
8.75358e-07 2 80
8.77936e-07 2 81
8.82086e-07 2 82
8.82574e-07 2 83
9.15454e-07 2 84
9.26868e-07 2 85
9.38021e-07 2 86
9.50446e-07 2 87
9.53414e-07 2 88
9.5947e-07 2 89
9.6809e-07 2 90
Total number of ties =0
Number of samples = 30; sum = 465
Number of samples = 30; sum = 1365
Number of samples = 30; sum = 2265
Corrected T value =79.1209
p-value to accept the null hypothesis that all distribution functions are identical = 6.59355142e-18
