1.530000000e+02
1.430000000e+02
1.490000000e+02
1.550000000e+02
1.500000000e+02
1.600000000e+02
1.510000000e+02
1.660000000e+02
1.260000000e+02
1.760000000e+02
1.390000000e+02
1.300000000e+02
1.670000000e+02
1.520000000e+02
1.540000000e+02
1.390000000e+02
1.640000000e+02
1.350000000e+02
1.450000000e+02
1.380000000e+02
1.330000000e+02
1.460000000e+02
1.780000000e+02
1.580000000e+02
1.620000000e+02
1.520000000e+02
1.550000000e+02
1.790000000e+02
1.850000000e+02
1.440000000e+02

1.660000000e+02
2.110000000e+02
1.960000000e+02
2.020000000e+02
1.690000000e+02
1.710000000e+02
1.670000000e+02
2.220000000e+02
1.960000000e+02
1.920000000e+02
1.860000000e+02
1.890000000e+02
1.530000000e+02
1.330000000e+02
1.500000000e+02
1.960000000e+02
2.100000000e+02
2.100000000e+02
1.910000000e+02
1.820000000e+02
2.090000000e+02
2.070000000e+02
1.630000000e+02
1.570000000e+02
1.850000000e+02
1.980000000e+02
2.090000000e+02
2.370000000e+02
1.580000000e+02
2.320000000e+02
