7.030755844e-07
6.479775955e-07
6.257336657e-07
6.965871677e-07
6.239616914e-07
6.364970082e-07
6.503851780e-07
6.470279757e-07
6.007098983e-07
6.373302609e-07
7.424739481e-07
6.504781120e-07
6.749991653e-07
6.741730184e-07
6.972610592e-07
5.835628496e-07
6.246203335e-07
6.476832246e-07
6.600650086e-07
6.105422637e-07
6.728835587e-07
6.481563978e-07
7.126492674e-07
6.662179765e-07
6.059399130e-07
7.067145827e-07
6.529501654e-07
6.597981027e-07
6.269669579e-07
5.791750695e-07

7.834848053e-07
6.875924861e-07
8.044355628e-07
8.153990249e-07
7.169624367e-07
7.656380368e-07
8.062995929e-07
8.356756913e-07
8.203927125e-07
7.561063497e-07
7.550665902e-07
7.950160114e-07
7.562447128e-07
8.302453175e-07
7.744362715e-07
8.083102097e-07
7.515057555e-07
8.656953419e-07
7.603134513e-07
7.632512527e-07
8.429317718e-07
7.968147721e-07
7.734045759e-07
7.246173592e-07
7.540300244e-07
7.335363523e-07
7.774706397e-07
8.353544142e-07
8.654530667e-07
7.369802211e-07
