Number of sample populations = 3. Total number of values in the input = 90
1.87535e-06 0 1
1.95831e-06 0 2
1.98045e-06 0 3
1.99298e-06 0 4
1.99634e-06 0 5
2.01041e-06 0 6
2.01772e-06 0 7
2.02591e-06 0 8
2.0307e-06 0 9
2.04931e-06 0 10
2.06362e-06 0 11
2.07209e-06 0 12
2.07786e-06 0 13
2.10847e-06 0 14
2.13384e-06 0 15
2.16916e-06 0 16
2.2029e-06 0 17
2.21333e-06 0 18
2.21953e-06 0 19
2.25669e-06 0 20
2.25783e-06 0 21
2.26791e-06 0 22
2.30437e-06 0 23
2.32464e-06 0 24
2.35023e-06 0 25
2.36632e-06 0 26
2.36787e-06 0 27
2.40374e-06 0 28
2.42136e-06 0 29
2.46471e-06 0 30
2.73814e-06 1 31
2.76922e-06 1 32
2.77622e-06 1 33
2.79452e-06 1 34
2.84088e-06 1 35
2.84284e-06 1 36
2.85083e-06 1 37
2.86079e-06 1 38
2.88348e-06 1 39
2.90338e-06 1 40
2.92395e-06 1 41
2.94448e-06 1 42
2.9657e-06 1 43
2.97579e-06 1 44
2.99445e-06 1 45
3.00053e-06 1 46
3.00075e-06 1 47
3.0223e-06 1 48
3.02868e-06 1 49
3.03154e-06 1 50
3.06499e-06 1 51
3.16684e-06 1 52
3.16728e-06 1 53
3.191e-06 1 54
3.2049e-06 1 55
3.20972e-06 1 56
3.22047e-06 1 57
3.22925e-06 1 58
3.23524e-06 1 59
3.24524e-06 1 60
4.72416e-06 2 61
4.73144e-06 2 62
4.77302e-06 2 63
4.79831e-06 2 64
4.85473e-06 2 65
4.87793e-06 2 66
4.9288e-06 2 67
4.93283e-06 2 68
4.94356e-06 2 69
4.94766e-06 2 70
4.97986e-06 2 71
4.98293e-06 2 72
5.06913e-06 2 73
5.07077e-06 2 74
5.0779e-06 2 75
5.07914e-06 2 76
5.08959e-06 2 77
5.09944e-06 2 78
5.1037e-06 2 79
5.16808e-06 2 80
5.22386e-06 2 81
5.24949e-06 2 82
5.25848e-06 2 83
5.30308e-06 2 84
5.39742e-06 2 85
5.43919e-06 2 86
5.44644e-06 2 87
5.50091e-06 2 88
5.59831e-06 2 89
5.79733e-06 2 90
Total number of ties =0
Number of samples = 30; sum = 465
Number of samples = 30; sum = 1365
Number of samples = 30; sum = 2265
Corrected T value =79.1209
p-value to accept the null hypothesis that all distribution functions are identical = 6.59355142e-18
