2.304372626e-06
2.169157432e-06
2.421357818e-06
2.202897158e-06
2.350231542e-06
1.980447600e-06
2.464706238e-06
2.366320787e-06
1.875353135e-06
1.996335608e-06
2.063624244e-06
2.267911704e-06
2.025905240e-06
2.049310685e-06
2.010410405e-06
2.367872762e-06
2.072087349e-06
1.958309179e-06
2.213333914e-06
2.256694749e-06
2.077856006e-06
2.108470546e-06
2.030699087e-06
2.017719419e-06
2.219529038e-06
2.324637476e-06
2.257827123e-06
2.133841299e-06
1.992981360e-06
2.403742427e-06

3.229246671e-06
3.235244190e-06
2.794519880e-06
2.850832518e-06
3.031543276e-06
2.769224057e-06
3.000746740e-06
3.204904699e-06
2.903376618e-06
2.975794270e-06
3.167279707e-06
2.923945260e-06
2.842840950e-06
3.028679486e-06
3.220467119e-06
3.191003835e-06
2.965704380e-06
2.860792908e-06
3.209715393e-06
2.738137861e-06
3.022301489e-06
3.166838111e-06
2.944483483e-06
2.840878676e-06
3.245236795e-06
3.000529654e-06
3.064993063e-06
2.776219260e-06
2.883477356e-06
2.994449421e-06

5.089592954e-06
4.928799383e-06
4.773017782e-06
5.103699128e-06
5.598310529e-06
4.947664673e-06
5.070771296e-06
5.446438186e-06
5.303078449e-06
4.943563001e-06
5.077896040e-06
5.249490958e-06
5.079136837e-06
4.979861367e-06
5.500910188e-06
5.439188214e-06
4.877934922e-06
5.069128025e-06
4.932826205e-06
4.854727720e-06
4.798308056e-06
4.724156713e-06
4.731441217e-06
5.797329772e-06
5.168075910e-06
5.223862121e-06
5.397415082e-06
4.982927951e-06
5.099439132e-06
5.258477456e-06
