2.024656367e-05
1.545786965e-05
1.612046667e-05
2.073547380e-05
1.741583360e-05
1.902788065e-05
1.732689325e-05
2.035639625e-05
1.688719784e-05
1.718311288e-05
1.844231940e-05
1.563694289e-05
1.616790619e-05
1.794658601e-05
1.729039784e-05
1.672381194e-05
1.881801691e-05
1.836970415e-05
1.774822042e-05
1.683960320e-05
1.894756321e-05
1.709529069e-05
2.018842464e-05
1.715608628e-05
1.868419134e-05
1.808040200e-05
1.782105252e-05
1.805743731e-05
1.913216610e-05
1.804512471e-05

2.554876220e-05
3.030673472e-05
3.832753002e-05
2.719288490e-05
2.679432514e-05
3.604718383e-05
3.187377555e-05
2.793343015e-05
3.550037620e-05
2.799107225e-05
3.399812732e-05
2.931886282e-05
2.685254808e-05
3.246466298e-05
3.807684112e-05
2.852901734e-05
2.664651938e-05
3.108350764e-05
2.637329179e-05
2.961624176e-05
2.954775776e-05
2.571853863e-05
2.738150439e-05
5.681752678e-05
2.960774117e-05
2.878446982e-05
2.503839169e-05
3.355298836e-05
2.909141466e-05
2.890049074e-05
