2.851000000e+03
6.400000000e+01
9.650000000e+02
2.894000000e+03
2.857000000e+03
7.000000000e+01
1.031000000e+03
9.520000000e+02
9.860000000e+02
7.400000000e+01
8.400000000e+01
3.719000000e+03
9.950000000e+02
9.830000000e+02
8.500000000e+01
2.890000000e+03
2.820000000e+03
3.737000000e+03
1.900000000e+03
9.340000000e+02
3.720000000e+03
9.620000000e+02
2.808000000e+03
6.535000000e+03
1.031000000e+03
6.500000000e+01
2.821000000e+03
2.824000000e+03
5.600000000e+03
6.400000000e+01

1.181800000e+04
8.868000000e+03
4.887000000e+03
2.210000000e+03
3.113000000e+03
8.050000000e+03
7.230000000e+02
1.225000000e+03
1.360000000e+03
1.429200000e+04
1.457000000e+03
3.180000000e+03
8.390000000e+02
1.439000000e+03
2.655000000e+03
6.223000000e+03
1.673500000e+04
1.105000000e+03
3.950000000e+03
4.900000000e+02
5.020000000e+02
4.340000000e+02
1.159100000e+04
1.006000000e+04
6.310000000e+02
1.058700000e+04
2.189800000e+04
4.240000000e+02
1.232800000e+04
3.681000000e+03
