2.011855274e-06
2.152516690e-06
2.151623198e-06
2.256318023e-06
2.140039976e-06
2.080082471e-06
2.292981739e-06
2.166797434e-06
2.180664406e-06
1.976364730e-06
2.177002613e-06
2.207710128e-06
2.156343832e-06
2.327380746e-06
2.147226875e-06
2.142688476e-06
2.302290632e-06
2.145486118e-06
2.122935282e-06
2.028731504e-06
2.228369748e-06
2.229454896e-06
2.365956197e-06
2.021525124e-06
2.071343557e-06
2.083282348e-06
2.116301357e-06
2.133029364e-06
2.514260919e-06
2.135047605e-06

9.654595136e-07
8.782130140e-07
9.788612966e-07
9.790582225e-07
9.581712574e-07
1.118325149e-06
8.637956232e-07
1.030086914e-06
1.013838667e-06
9.625352051e-07
9.219620721e-07
1.126555600e-06
1.120905306e-06
1.043799755e-06
1.064718855e-06
9.785407380e-07
9.570661088e-07
9.683133231e-07
9.826418916e-07
9.364051315e-07
9.499250381e-07
9.586677838e-07
1.042303149e-06
1.014603337e-06
1.077197885e-06
9.239218306e-07
1.023768916e-06
1.003446422e-06
1.026144203e-06
9.140459123e-07
