5.300000000e+01
4.900000000e+01
5.000000000e+01
5.300000000e+01
5.100000000e+01
5.000000000e+01
5.200000000e+01
5.500000000e+01
5.400000000e+01
4.900000000e+01
5.300000000e+01
5.300000000e+01
4.900000000e+01
5.200000000e+01
5.200000000e+01
5.200000000e+01
4.600000000e+01
5.200000000e+01
5.400000000e+01
5.200000000e+01
5.200000000e+01
5.300000000e+01
5.100000000e+01
5.300000000e+01
5.000000000e+01
4.900000000e+01
5.300000000e+01
5.000000000e+01
5.300000000e+01
5.000000000e+01

3.000000000e+00
6.000000000e+00
5.000000000e+00
7.000000000e+00
6.000000000e+00
5.000000000e+00
5.000000000e+00
3.000000000e+00
5.000000000e+00
6.000000000e+00
5.000000000e+00
5.000000000e+00
2.000000000e+00
6.000000000e+00
6.000000000e+00
2.000000000e+00
5.000000000e+00
3.000000000e+00
3.000000000e+00
6.000000000e+00
4.000000000e+00
3.000000000e+00
7.000000000e+00
5.000000000e+00
5.000000000e+00
4.000000000e+00
7.000000000e+00
3.000000000e+00
7.000000000e+00
5.000000000e+00
