2.200000000e+02
2.220000000e+02
2.210000000e+02
2.190000000e+02
2.230000000e+02
2.290000000e+02
2.220000000e+02
2.290000000e+02
2.210000000e+02
2.160000000e+02
2.250000000e+02
2.370000000e+02
2.330000000e+02
2.220000000e+02
2.150000000e+02
2.220000000e+02
2.170000000e+02
2.130000000e+02
2.280000000e+02
2.110000000e+02
2.210000000e+02
2.320000000e+02
2.350000000e+02
2.270000000e+02
2.180000000e+02
2.190000000e+02
2.160000000e+02
2.180000000e+02
2.220000000e+02
2.110000000e+02

1.700000000e+01
2.100000000e+01
1.900000000e+01
1.800000000e+01
1.900000000e+01
1.900000000e+01
1.900000000e+01
1.600000000e+01
1.800000000e+01
1.700000000e+01
1.900000000e+01
2.000000000e+01
1.800000000e+01
2.100000000e+01
1.500000000e+01
2.400000000e+01
1.500000000e+01
1.600000000e+01
1.600000000e+01
1.900000000e+01
1.700000000e+01
1.900000000e+01
2.300000000e+01
1.600000000e+01
1.800000000e+01
2.000000000e+01
1.900000000e+01
1.600000000e+01
1.600000000e+01
2.000000000e+01
