Number of sample populations = 3. Total number of values in the input = 90
1.39654e+07 0 1
1.42889e+07 0 2
1.43856e+07 0 3
1.45239e+07 0 4
1.4552e+07 0 5
1.47002e+07 0 6
1.47711e+07 0 7
1.49602e+07 0 8
1.56818e+07 0 9
1.58473e+07 0 10
1.58846e+07 0 11
1.59172e+07 0 12
1.60208e+07 0 13
1.62429e+07 0 14
1.63066e+07 0 15
1.6522e+07 0 16
1.65842e+07 0 17
1.66307e+07 0 18
1.73069e+07 0 19
1.78247e+07 0 20
1.80074e+07 0 21
1.86355e+07 0 22
1.92885e+07 0 23
2.20951e+07 0 24
2.31178e+07 1 25
2.69063e+07 1 26
2.74849e+07 1 27
2.75244e+07 1 28
2.77939e+07 1 29
2.80903e+07 1 30
2.92712e+07 0 31
2.93329e+07 1 32
2.96139e+07 0 33
2.98296e+07 1 34
3.07243e+07 1 35
3.1822e+07 1 36
3.18933e+07 1 37
3.26372e+07 1 38
3.28819e+07 1 39
3.29829e+07 1 40
3.42003e+07 1 41
3.46168e+07 1 42
3.48897e+07 1 43
3.50762e+07 1 44
3.56007e+07 1 45
3.56117e+07 1 46
3.6004e+07 1 47
3.80071e+07 1 48
3.82265e+07 1 49
3.87513e+07 0 50
4.20554e+07 1 51
4.29419e+07 1 52
4.40243e+07 0 53
4.52704e+07 1 54
4.55113e+07 1 55
5.29955e+07 1 56
6.82841e+07 1 57
6.88604e+07 1 58
7.29196e+07 0 59
1.04525e+08 0 60
8.38697e+10 2 61
8.38976e+10 2 62
8.38977e+10 2 63
8.38987e+10 2 64
8.39066e+10 2 65
8.39406e+10 2 66
8.39416e+10 2 67
8.39455e+10 2 68
8.39565e+10 2 69
8.39605e+10 2 70
8.39765e+10 2 71
8.39775e+10 2 72
8.39924e+10 2 73
8.39974e+10 2 74
8.40044e+10 2 75
8.40114e+10 2 76
8.40224e+10 2 77
8.40244e+10 2 78
8.40244e+10 2 79
8.40274e+10 2 80
8.40323e+10 2 81
8.40334e+10 2 82
8.40344e+10 2 83
8.40363e+10 2 84
8.40373e+10 2 85
8.40383e+10 2 86
8.40434e+10 2 87
8.40733e+10 2 88
8.40922e+10 2 89
8.40992e+10 2 90
Total number of ties =0
Number of samples = 30; sum = 586
Number of samples = 30; sum = 1244
Number of samples = 30; sum = 2265
Corrected T value =69.9137
p-value to accept the null hypothesis that all distribution functions are identical = 6.58329968e-16
