1.624291000e+07
1.428888100e+07
1.658424100e+07
1.800743400e+07
1.496020700e+07
1.455204500e+07
1.928849600e+07
1.782471900e+07
2.209513500e+07
1.584732200e+07
3.875133700e+07
1.470019400e+07
2.961385800e+07
4.402426600e+07
1.602075400e+07
1.477106100e+07
1.591721200e+07
1.663068600e+07
2.927119400e+07
1.730692000e+07
1.045246420e+08
1.652197400e+07
1.630655500e+07
1.452390900e+07
7.291958200e+07
1.568182000e+07
1.588458600e+07
1.396541700e+07
1.438559300e+07
1.863545700e+07

3.507619700e+07
3.561172500e+07
4.551132500e+07
3.072430700e+07
4.527043200e+07
2.690625600e+07
3.420031600e+07
2.809028700e+07
6.886040500e+07
2.752435700e+07
4.205538100e+07
3.288186000e+07
3.182196900e+07
3.189332200e+07
2.982961600e+07
2.933291800e+07
2.311776500e+07
5.299551400e+07
3.298291400e+07
3.800707100e+07
2.748490600e+07
3.263717600e+07
3.822647200e+07
3.600397000e+07
3.461676200e+07
3.488966200e+07
3.560065700e+07
6.828413600e+07
4.294186400e+07
2.779394300e+07

8.409221954e+10
8.402440275e+10
8.397746405e+10
8.389866944e+10
8.400441717e+10
8.403833617e+10
8.399244623e+10
8.402436961e+10
8.394155314e+10
8.403633704e+10
8.402736284e+10
8.396052955e+10
8.403435220e+10
8.390663818e+10
8.401139436e+10
8.403734208e+10
8.386971835e+10
8.409923397e+10
8.395653238e+10
8.389764843e+10
8.394056284e+10
8.399742522e+10
8.402236684e+10
8.403234209e+10
8.397647842e+10
8.394554451e+10
8.407329398e+10
8.404335967e+10
8.389765711e+10
8.403335036e+10
