1.225743700e+07
1.306578900e+07
1.196079000e+06
1.196531900e+07
2.339514000e+06
1.421777000e+06
4.226764000e+06
8.106696000e+06
1.238738000e+06
6.092864000e+06
2.251726500e+07
1.230927000e+06
2.085462100e+07
1.299412000e+06
1.419964000e+06
1.349377000e+06
2.474889000e+06
6.138548000e+06
6.122238000e+06
1.352387000e+06
1.178204000e+06
3.162176000e+06
4.468304000e+06
4.188563000e+06
1.350602000e+06
6.322289000e+06
1.435386000e+06
1.434636000e+06
1.381139000e+06
1.103439300e+07

1.690591400e+07
1.545262200e+07
1.031378800e+07
1.189250700e+07
6.304477000e+06
5.379404000e+06
4.006394000e+06
2.057115100e+07
1.888162800e+07
2.355355500e+07
3.150335000e+06
3.132880900e+07
8.673094000e+06
1.991999500e+07
5.408891000e+06
5.483589000e+06
2.156409500e+07
1.778653600e+07
1.466728300e+07
3.881443700e+07
1.335711400e+07
9.620991000e+06
8.641992000e+06
2.217155000e+07
2.237624000e+07
8.900734000e+06
1.928739200e+07
2.068437000e+07
2.121046500e+07
2.008217900e+07
