1.438257484e-06
1.204822707e-06
1.301713269e-06
1.334649524e-06
1.391509706e-06
1.362182310e-06
1.109848551e-06
1.163873128e-06
1.272175893e-06
1.114032858e-06
1.315102637e-06
1.344977298e-06
1.192684596e-06
1.574768924e-06
1.377195709e-06
1.138263972e-06
1.470756493e-06
1.355584074e-06
1.378139301e-06
1.318855168e-06
1.260677941e-06
1.098506806e-06
1.310735136e-06
1.187144601e-06
1.141014867e-06
1.277704910e-06
1.237495689e-06
1.204936400e-06
1.299323810e-06
1.350643879e-06

1.193027031e-06
1.249694439e-06
1.202449536e-06
1.040722193e-06
1.032133539e-06
1.268873023e-06
1.309165358e-06
1.103435783e-06
1.262338019e-06
1.142848757e-06
1.263388437e-06
1.132010125e-06
1.211317990e-06
1.350281684e-06
1.227364801e-06
1.221539098e-06
1.250688250e-06
1.370764497e-06
1.297789920e-06
1.345775301e-06
1.346628035e-06
1.196597406e-06
1.096735869e-06
1.214305253e-06
1.161610096e-06
1.172909286e-06
1.272785434e-06
1.131039468e-06
1.164561869e-06
1.372956471e-06
