1.550800000e+04
1.551300000e+04
1.861300000e+04
1.359400000e+04
1.463000000e+04
1.432900000e+04
1.438500000e+04
1.613300000e+04
1.402200000e+04
1.495200000e+04
1.376500000e+04
1.540800000e+04
1.541700000e+04
1.587200000e+04
1.550300000e+04
1.369900000e+04
1.436300000e+04
1.307300000e+04
1.415800000e+04
1.616500000e+04
1.598300000e+04
1.463200000e+04
1.735300000e+04
1.444200000e+04
1.438600000e+04
1.419400000e+04
1.369000000e+04
1.478500000e+04
1.492300000e+04
1.420600000e+04

4.104900000e+04
2.964700000e+04
3.008808000e+06
4.019826000e+06
2.811600000e+04
2.449700000e+04
2.293500000e+04
2.170100000e+04
2.511400000e+04
2.763900000e+04
4.473800000e+04
2.013705000e+06
4.054600000e+04
3.764900000e+04
2.015912000e+06
2.576500000e+04
1.019930000e+06
3.141800000e+04
4.000009000e+06
4.006443000e+06
1.020029000e+06
2.873800000e+04
2.881200000e+04
1.026054000e+06
2.185400000e+04
3.141000000e+04
4.999199000e+06
2.186700000e+04
2.209600000e+04
3.422500000e+04
