7.663037846e-07
7.546187663e-07
7.850220094e-07
7.336800647e-07
7.839505933e-07
7.303163555e-07
7.420898767e-07
7.650231871e-07
7.289302491e-07
7.912859951e-07
6.935808633e-07
7.478915475e-07
7.537770506e-07
7.478097113e-07
8.049257021e-07
7.476818471e-07
8.324115029e-07
7.093250791e-07
6.677006097e-07
7.818908748e-07
7.472334244e-07
7.103724234e-07
7.149118599e-07
7.277009090e-07
8.420310542e-07
7.315112445e-07
7.906374529e-07
7.570476262e-07
8.480879743e-07
7.760334755e-07

3.805656474e-07
4.119986299e-07
4.173923970e-07
3.716454966e-07
3.413430918e-07
4.001553284e-07
3.356753529e-07
4.323385697e-07
3.590392817e-07
3.671855410e-07
3.480404104e-07
4.609800181e-07
3.569937348e-07
4.431342076e-07
4.235876004e-07
3.556754128e-07
4.081619072e-07
3.330118426e-07
2.882213485e-07
4.443150048e-07
3.963739350e-07
4.002120549e-07
3.275669379e-07
3.902448393e-07
3.389104395e-07
3.867464795e-07
3.816478818e-07
4.005355675e-07
4.898846997e-07
4.140364722e-07
