1.024600000e+04
9.542000000e+03
9.700000000e+03
1.032500000e+04
9.821000000e+03
1.021000000e+04
9.464000000e+03
9.827000000e+03
9.185000000e+03
9.327000000e+03
1.034700000e+04
9.556000000e+03
1.007900000e+04
1.053300000e+04
9.125000000e+03
1.047100000e+04
1.034800000e+04
9.324000000e+03
1.046500000e+04
1.029100000e+04
1.034300000e+04
1.009100000e+04
9.591000000e+03
1.021900000e+04
1.120100000e+04
1.030700000e+04
9.574000000e+03
9.755000000e+03
1.064600000e+04
9.334000000e+03

1.173400000e+04
1.107400000e+04
9.638000000e+03
1.144000000e+04
1.098700000e+04
1.057200000e+04
1.110700000e+04
1.085900000e+04
1.089800000e+04
1.096300000e+04
1.092000000e+04
1.053300000e+04
1.062900000e+04
1.051300000e+04
1.101200000e+04
1.100500000e+04
1.099200000e+04
1.079300000e+04
1.042700000e+04
9.422000000e+03
1.080100000e+04
1.194500000e+04
1.008800000e+04
1.117200000e+04
9.906000000e+03
1.151900000e+04
1.073900000e+04
1.056100000e+04
1.057400000e+04
1.012300000e+04
