2.680000000e+02
2.030000000e+02
2.960000000e+02
2.600000000e+02
2.690000000e+02
1.870000000e+02
2.830000000e+02
2.020000000e+02
2.500000000e+02
2.270000000e+02
2.260000000e+02
2.190000000e+02
2.460000000e+02
2.200000000e+02
2.050000000e+02
2.380000000e+02
2.680000000e+02
2.680000000e+02
2.680000000e+02
1.980000000e+02
2.530000000e+02
2.540000000e+02
2.890000000e+02
2.560000000e+02
2.550000000e+02
1.870000000e+02
2.460000000e+02
2.780000000e+02
2.380000000e+02
2.350000000e+02

3.410000000e+02
4.580000000e+02
3.700000000e+02
3.800000000e+02
3.520000000e+02
3.860000000e+02
4.710000000e+02
2.760000000e+02
4.520000000e+02
2.280000000e+02
3.280000000e+02
2.470000000e+02
3.730000000e+02
2.670000000e+02
3.210000000e+02
3.490000000e+02
3.810000000e+02
3.710000000e+02
2.820000000e+02
3.380000000e+02
3.210000000e+02
4.980000000e+02
3.510000000e+02
3.110000000e+02
4.700000000e+02
3.930000000e+02
2.810000000e+02
3.380000000e+02
5.780000000e+02
3.720000000e+02
