6.490003889e-07
6.208152275e-07
6.153063308e-07
6.052897740e-07
6.008735708e-07
5.529575309e-07
5.131972513e-07
5.263900125e-07
5.767075271e-07
5.718340789e-07
5.871032452e-07
6.005580821e-07
5.843403338e-07
5.677489732e-07
6.242707530e-07
6.137795459e-07
5.494567759e-07
6.173006202e-07
5.397906379e-07
5.945792857e-07
5.396661669e-07
5.976979253e-07
5.468745829e-07
5.627013535e-07
5.902778528e-07
5.318772725e-07
5.979710188e-07
5.538509432e-07
5.507354572e-07
5.666645830e-07

5.194622097e-04
5.198870704e-04
5.197740857e-04
5.197378514e-04
5.201258281e-04
5.192719556e-04
5.199546619e-04
5.192676953e-04
5.193622826e-04
5.196491459e-04
5.198567746e-04
5.193598321e-04
5.195767073e-04
5.192989968e-04
5.199555209e-04
5.195787874e-04
5.196715445e-04
5.196641227e-04
5.197908651e-04
5.191620271e-04
5.197848400e-04
5.196740311e-04
5.193240021e-04
5.192346005e-04
5.195859836e-04
5.198833426e-04
5.196057426e-04
5.196053679e-04
5.201967147e-04
5.199092914e-04
