1.393336730e-07
1.455357028e-07
1.281332451e-07
1.366624981e-07
1.189023561e-07
1.539536185e-07
1.230775216e-07
1.603753286e-07
1.448706735e-07
1.169270687e-07
1.306062167e-07
1.254485372e-07
1.312186313e-07
1.304953984e-07
1.389086834e-07
1.226073824e-07
1.414580621e-07
1.182335744e-07
1.105820052e-07
1.154052738e-07
1.265823485e-07
1.418323133e-07
1.209711365e-07
1.248706137e-07
1.411742301e-07
1.493068766e-07
1.358506027e-07
1.194974454e-07
1.443934285e-07
1.390854897e-07

1.115432418e-07
1.053945852e-07
1.293425453e-07
1.427131906e-07
1.250243860e-07
1.336614631e-07
1.169979269e-07
1.008010569e-07
1.393969464e-07
1.254954833e-07
1.001054089e-07
1.345042168e-07
1.468015298e-07
1.239872213e-07
1.335631000e-07
1.309725636e-07
1.099701096e-07
1.238603552e-07
1.278553212e-07
1.131230805e-07
1.313756371e-07
1.141624806e-07
1.225480212e-07
1.039548661e-07
1.110055976e-07
1.049134280e-07
1.212403977e-07
1.227914541e-07
1.182105006e-07
1.102151792e-07

4.580642126e-08
5.781579049e-08
4.129628605e-08
5.047392158e-08
4.780677854e-08
5.367990640e-08
6.213231312e-08
4.646558228e-08
5.651786763e-08
5.930676704e-08
4.573296824e-08
5.864664794e-08
5.630205947e-08
6.665374572e-08
4.740386477e-08
5.456002528e-08
5.045907130e-08
4.762011206e-08
4.131377106e-08
5.588018364e-08
4.811240698e-08
6.288345009e-08
4.789468265e-08
5.728968323e-08
4.808857467e-08
5.625383596e-08
7.372004604e-08
4.608250881e-08
5.813994186e-08
5.081919070e-08
