1.723557913e-05
1.421370946e-05
1.434376382e-05
1.846961071e-05
1.566544226e-05
1.715473510e-05
1.826579734e-05
1.524381322e-05
1.730724437e-05
1.777998418e-05
1.671517486e-05
1.694245152e-05
1.359556413e-05
2.052226343e-05
1.633295948e-05
1.560049622e-05
1.609076547e-05
1.438286921e-05
1.566967088e-05
1.812971273e-05
1.737208574e-05
1.462903850e-05
1.835731134e-05
1.625263860e-05
1.452502496e-05
1.603163311e-05
1.472879006e-05
1.480718292e-05
1.589266954e-05
1.643563307e-05

1.465522722e-05
1.164454113e-05
1.319473974e-05
1.349072367e-05
1.197763445e-05
1.392772639e-05
1.316971968e-05
1.591347526e-05
1.249137857e-05
1.431433858e-05
1.306044482e-05
1.445648423e-05
1.401401094e-05
1.312979649e-05
1.280413977e-05
1.313779636e-05
1.390653288e-05
1.266138183e-05
1.331852121e-05
1.569112323e-05
1.370166909e-05
1.395250174e-05
1.484772220e-05
1.648528771e-05
1.628130500e-05
1.556640463e-05
1.385475477e-05
1.385396990e-05
1.398454438e-05
1.281920203e-05
