2.926600000e+04
2.839100000e+04
2.797000000e+04
2.850400000e+04
2.972000000e+04
3.075600000e+04
3.115800000e+04
2.929300000e+04
3.111600000e+04
2.877500000e+04
2.883000000e+04
3.038900000e+04
2.711700000e+04
2.775900000e+04
3.034500000e+04
2.920800000e+04
3.003400000e+04
2.766300000e+04
2.902100000e+04
3.009700000e+04
3.197000000e+04
3.219500000e+04
3.171400000e+04
3.136500000e+04
2.925400000e+04
2.941900000e+04
3.140800000e+04
2.874700000e+04
3.059900000e+04
3.039300000e+04

4.558100000e+04
4.728100000e+04
4.983300000e+04
4.557500000e+04
4.515800000e+04
4.880400000e+04
4.678500000e+04
4.607300000e+04
4.444500000e+04
4.767600000e+04
4.085500000e+04
4.488500000e+04
4.778600000e+04
4.439300000e+04
4.465400000e+04
4.476100000e+04
4.428800000e+04
4.841800000e+04
4.595300000e+04
4.776600000e+04
4.446900000e+04
4.891000000e+04
4.550000000e+04
4.820500000e+04
4.839700000e+04
4.665800000e+04
4.558200000e+04
4.200100000e+04
4.562400000e+04
4.913500000e+04
