2.665300000e+04
2.964700000e+04
2.706500000e+04
2.653000000e+04
2.801700000e+04
2.789500000e+04
2.780800000e+04
2.642500000e+04
2.695300000e+04
2.809800000e+04
2.678000000e+04
2.816600000e+04
2.834600000e+04
2.754100000e+04
2.755500000e+04
2.778300000e+04
2.918900000e+04
2.702200000e+04
2.815000000e+04
2.856400000e+04
2.792700000e+04
3.015500000e+04
2.879500000e+04
2.809000000e+04
2.674300000e+04
2.593500000e+04
2.885500000e+04
2.715100000e+04
2.753100000e+04
2.570800000e+04

3.880500000e+04
3.840800000e+04
3.596900000e+04
3.341600000e+04
3.974200000e+04
3.661700000e+04
3.810900000e+04
3.653300000e+04
3.447700000e+04
3.662500000e+04
3.890100000e+04
3.857700000e+04
3.838500000e+04
3.500000000e+04
3.594800000e+04
3.699600000e+04
3.894700000e+04
3.687800000e+04
3.670600000e+04
3.530000000e+04
3.662400000e+04
3.757900000e+04
3.782300000e+04
3.910500000e+04
3.825700000e+04
3.707300000e+04
3.498200000e+04
3.520100000e+04
3.635700000e+04
3.844300000e+04

5.930700000e+04
6.472100000e+04
6.370300000e+04
6.344900000e+04
5.810900000e+04
5.916000000e+04
5.801100000e+04
5.999400000e+04
6.417800000e+04
6.057500000e+04
5.991900000e+04
6.550200000e+04
5.901100000e+04
6.174100000e+04
6.125600000e+04
6.306200000e+04
6.448500000e+04
6.217000000e+04
6.246000000e+04
6.182600000e+04
6.275800000e+04
6.558300000e+04
5.689000000e+04
5.928900000e+04
6.223400000e+04
5.996700000e+04
6.270000000e+04
5.986800000e+04
5.530700000e+04
6.513300000e+04
