2.480000000e+02
2.820000000e+02
3.170000000e+02
2.830000000e+02
2.190000000e+02
2.510000000e+02
2.250000000e+02
2.660000000e+02
2.160000000e+02
2.450000000e+02
2.500000000e+02
3.110000000e+02
2.910000000e+02
2.380000000e+02
2.760000000e+02
3.360000000e+02
2.860000000e+02
2.690000000e+02
2.510000000e+02
2.840000000e+02
2.050000000e+02
2.390000000e+02
2.000000000e+02
2.400000000e+02
2.910000000e+02
2.110000000e+02
2.500000000e+02
2.360000000e+02
2.540000000e+02
3.030000000e+02

3.410000000e+02
4.620000000e+02
3.740000000e+02
3.820000000e+02
3.600000000e+02
3.810000000e+02
4.840000000e+02
2.880000000e+02
4.560000000e+02
2.240000000e+02
3.120000000e+02
2.480000000e+02
3.740000000e+02
2.770000000e+02
3.310000000e+02
3.490000000e+02
3.890000000e+02
3.780000000e+02
2.800000000e+02
3.580000000e+02
3.210000000e+02
5.240000000e+02
3.510000000e+02
3.050000000e+02
4.530000000e+02
3.760000000e+02
2.810000000e+02
3.380000000e+02
5.850000000e+02
3.720000000e+02
