4.169216000e+06
4.194048000e+06
4.827136000e+06
4.186240000e+06
4.217216000e+06
3.876352000e+06
4.358656000e+06
4.011392000e+06
4.140160000e+06
4.045440000e+06
3.705728000e+06
3.971584000e+06
4.296704000e+06
4.493056000e+06
4.343680000e+06
4.466176000e+06
4.371712000e+06
3.955072000e+06
3.796096000e+06
3.878784000e+06
4.227072000e+06
4.226176000e+06
4.026752000e+06
4.676992000e+06
3.909248000e+06
4.296064000e+06
4.295808000e+06
3.968000000e+06
4.188160000e+06
4.067840000e+06

4.534912000e+07
4.680499200e+07
4.884236800e+07
4.897753600e+07
5.787635200e+07
6.229862400e+07
4.452416000e+07
4.740838400e+07
4.229875200e+07
4.823603200e+07
3.349721600e+07
5.467404800e+07
5.951129600e+07
5.048652800e+07
4.130444800e+07
4.191756800e+07
4.205196800e+07
4.434688000e+07
3.918656000e+07
5.127116800e+07
4.920025600e+07
5.052697600e+07
4.526220800e+07
5.024972800e+07
5.051712000e+07
3.962470400e+07
4.803712000e+07
5.039884800e+07
4.761830400e+07
3.751744000e+07
