6.600000000e+01
4.600000000e+01
4.400000000e+01
5.100000000e+01
6.100000000e+01
7.000000000e+01
4.700000000e+01
5.500000000e+01
5.900000000e+01
6.500000000e+01
7.000000000e+01
4.900000000e+01
6.900000000e+01
5.000000000e+01
4.700000000e+01
5.600000000e+01
6.200000000e+01
5.200000000e+01
5.500000000e+01
4.200000000e+01
4.300000000e+01
6.600000000e+01
3.400000000e+01
4.700000000e+01
5.700000000e+01
3.900000000e+01
4.100000000e+01
5.300000000e+01
5.000000000e+01
5.300000000e+01

3.000000000e+02
2.000000000e+02
1.730000000e+02
2.090000000e+02
2.230000000e+02
1.830000000e+02
2.020000000e+02
2.000000000e+02
2.290000000e+02
1.610000000e+02
3.750000000e+02
2.100000000e+02
2.510000000e+02
2.580000000e+02
2.100000000e+02
3.110000000e+02
2.030000000e+02
2.590000000e+02
2.720000000e+02
2.330000000e+02
2.350000000e+02
1.660000000e+02
1.730000000e+02
2.770000000e+02
2.330000000e+02
1.600000000e+02
2.350000000e+02
2.360000000e+02
2.750000000e+02
2.680000000e+02
