1.005561110e-06
8.554333561e-07
8.725972911e-07
9.112705059e-07
8.370556899e-07
9.980767664e-07
1.013446651e-06
8.688838018e-07
9.304085307e-07
8.594314360e-07
9.155569288e-07
8.325007244e-07
1.015859064e-06
9.461617684e-07
9.458321879e-07
9.153266296e-07
9.313666135e-07
9.089368955e-07
9.031990968e-07
9.093260767e-07
8.485357183e-07
8.928944764e-07
8.241203735e-07
8.520886489e-07
8.453036258e-07
8.568648517e-07
9.905302670e-07
8.170797817e-07
8.820819523e-07
8.837971202e-07

7.540493857e-07
8.060136451e-07
7.672639433e-07
8.686407681e-07
7.011199775e-07
7.826455247e-07
6.904740001e-07
6.671962989e-07
8.986168659e-07
6.954492447e-07
7.491555782e-07
7.529400455e-07
8.394572444e-07
7.313191090e-07
6.856289750e-07
6.908593890e-07
7.619877410e-07
7.606507364e-07
7.429517521e-07
6.734224404e-07
8.410445083e-07
6.432235085e-07
7.862297128e-07
7.417148671e-07
6.762935752e-07
7.563131758e-07
7.909148578e-07
8.255740247e-07
8.265131455e-07
6.444369204e-07
