Number of sample populations = 3. Total number of values in the input = 90
64 1 1.5
64 1 1.5
65 1 3
70 1 4
74 1 5
84 1 6
85 1 7
934 1 8
952 1 9
962 1 10
965 1 11
983 1 12
986 1 13
995 1 14
1031 1 16
1031 1 16
1870 2 17
1899 0 18
1900 1 19
1973 2 20
1988 2 21
2003 2 22
2015 2 23
2020 2 24
2033 2 25
2062 2 26
2065 2 27
2066 2 28
2067 2 29
2079 2 30
2097 2 32
2097 2 32
2101 2 33
2103 2 34
2103 2 34
2152 2 36
2162 2 37
2176 2 38
2192 2 39
2196 2 40
2200 2 41
2203 2 42
2230 2 43
2249 2 44
2253 2 45
2319 2 46
2331 2 47
2562 2 48
2808 1 49
2820 1 50
2821 1 51
2824 1 52
2826 0 53
2830 0 54
2837 0 55
2843 0 56
2851 0 58
2851 1 58
2854 0 59
2857 1 60
2857 0 60
2865 0 62
2890 1 63
2894 1 64
2917 0 65
2933 0 66
3719 1 67
3720 1 68
3737 1 69
3753 0 70
3765 0 71
3767 0 72
4676 0 73
4699 0 74
4701 0 75
4728 0 76
5587 0 77
5600 1 78
5631 0 79
5637 0 80
5641 0 81
6530 0 82
6535 1 83
6545 0 84
7474 0 85
8375 0 86
8408 0 87
10248 0 88
10269 0 89
11192 0 90
Total number of ties =6
Number of samples = 30; sum = 2125
Number of samples = 30; sum = 967
Number of samples = 30; sum = 1003
Corrected T value =42.3488
p-value to accept the null hypothesis that all distribution functions are identical = 6.36918692e-10
