1.622100000e+04
2.339200000e+04
7.744000000e+03
1.876900000e+04
1.320300000e+04
1.760200000e+04
1.720800000e+04
1.480300000e+04
1.733100000e+04
2.921600000e+04
2.032000000e+04
2.136400000e+04
1.204500000e+04
6.914000000e+03
1.575400000e+04
4.188200000e+04
1.690100000e+04
1.932500000e+04
1.469700000e+04
3.166700000e+04
1.939900000e+04
2.144900000e+04
8.197000000e+03
1.724900000e+04
5.434000000e+03
1.171600000e+04
1.770300000e+04
6.137000000e+03
1.455100000e+04
2.567600000e+04

5.933400000e+04
6.908300000e+04
3.137600000e+04
6.750400000e+04
6.061600000e+04
4.874300000e+04
2.574700000e+04
5.387800000e+04
3.154100000e+04
4.898500000e+04
6.688600000e+04
3.553300000e+04
4.745700000e+04
6.436100000e+04
5.709100000e+04
5.762600000e+04
2.593700000e+04
4.975600000e+04
5.499900000e+04
5.375400000e+04
3.523400000e+04
7.818700000e+04
8.101700000e+04
3.905400000e+04
3.612400000e+04
3.335300000e+04
6.773600000e+04
4.410100000e+04
3.911500000e+04
4.426900000e+04
