5.000000000e+01
4.700000000e+01
4.700000000e+01
4.700000000e+01
3.600000000e+01
5.800000000e+01
5.900000000e+01
4.700000000e+01
6.400000000e+01
7.200000000e+01
5.700000000e+01
9.700000000e+01
3.500000000e+01
6.100000000e+01
7.800000000e+01
4.700000000e+01
5.400000000e+01
7.000000000e+01
2.700000000e+01
7.000000000e+01
4.500000000e+01
5.600000000e+01
5.600000000e+01
4.600000000e+01
4.700000000e+01
6.100000000e+01
3.700000000e+01
4.800000000e+01
7.100000000e+01
9.700000000e+01

9.300000000e+01
6.900000000e+01
8.100000000e+01
8.700000000e+01
8.400000000e+01
9.300000000e+01
9.500000000e+01
8.100000000e+01
8.300000000e+01
1.000000000e+02
7.900000000e+01
7.800000000e+01
1.060000000e+02
8.200000000e+01
6.800000000e+01
9.700000000e+01
8.200000000e+01
7.100000000e+01
8.500000000e+01
1.110000000e+02
8.700000000e+01
7.700000000e+01
7.500000000e+01
9.700000000e+01
7.800000000e+01
1.670000000e+02
9.500000000e+01
7.500000000e+01
7.800000000e+01
8.600000000e+01
