6.108886107e-07
5.963363298e-07
5.444800144e-07
6.021246673e-07
6.408894190e-07
5.672265386e-07
6.198155079e-07
5.864506311e-07
5.815945481e-07
5.948643552e-07
6.045115312e-07
6.394238316e-07
5.518653563e-07
6.010057862e-07
6.324527408e-07
6.098170349e-07
5.601599189e-07
5.974066681e-07
6.049440258e-07
6.147915209e-07
6.009382414e-07
5.625437089e-07
5.604491002e-07
5.682856992e-07
5.558530170e-07
5.911180915e-07
6.225787786e-07
6.247438862e-07
5.821902362e-07
6.398799988e-07

7.760589844e-07
7.439641662e-07
6.842942059e-07
7.698196294e-07
8.291418854e-07
8.050604724e-07
9.149267897e-07
8.375421964e-07
9.088708676e-07
8.141618206e-07
7.438320306e-07
7.233165222e-07
7.867097123e-07
8.823244670e-07
8.333927395e-07
8.934778291e-07
8.021750062e-07
8.308145384e-07
7.901130622e-07
8.043863812e-07
7.928439177e-07
9.235463818e-07
9.059021280e-07
7.635357634e-07
8.280844015e-07
8.709102668e-07
8.112107656e-07
7.449507521e-07
7.266361596e-07
8.380305392e-07
