2.542002568e-06
2.589587790e-06
2.617289518e-06
2.639498997e-06
2.692490761e-06
2.515526666e-06
2.347386914e-06
2.498799936e-06
2.685178672e-06
2.252347768e-06
2.493225251e-06
2.678227621e-06
2.444438633e-06
2.879653448e-06
2.557270656e-06
2.682982946e-06
2.389729946e-06
2.372641619e-06
2.546359450e-06
2.935855467e-06
2.566668052e-06
2.302494344e-06
2.633395371e-06
2.444806338e-06
2.582253346e-06
2.407470167e-06
2.658735864e-06
2.917013889e-06
2.765954799e-06
2.648864617e-06

2.849024536e-06
2.855022055e-06
2.414297745e-06
2.470610384e-06
2.651321141e-06
2.389001922e-06
2.620524605e-06
2.824682565e-06
2.523154483e-06
2.595572135e-06
2.787057572e-06
2.543723125e-06
2.462618815e-06
2.648457352e-06
2.840244984e-06
2.810781700e-06
2.585482245e-06
2.480570773e-06
2.829493258e-06
2.357915726e-06
2.642079354e-06
2.786615976e-06
2.564261348e-06
2.460656541e-06
2.865014660e-06
2.620307519e-06
2.684770928e-06
2.395997125e-06
2.503255221e-06
2.614227286e-06
