1.004683442e-05
9.006666602e-06
9.442385647e-06
8.383072495e-06
1.058337093e-05
9.360843374e-06
8.999351639e-06
9.299797207e-06
7.935122763e-06
8.260130063e-06
7.624147027e-06
8.846532551e-06
9.587102988e-06
1.004375391e-05
9.032371846e-06
8.342486947e-06
8.644938301e-06
9.482068961e-06
1.075132953e-05
7.962445610e-06
8.317446812e-06
9.591497315e-06
8.993661106e-06
9.095191224e-06
9.052213143e-06
8.792286457e-06
8.135630826e-06
1.052443602e-05
1.006307696e-05
9.351946417e-06

2.726332260e-05
2.433408393e-05
2.573744440e-05
2.615109580e-05
3.227799866e-05
3.105327913e-05
2.575567967e-05
3.164828468e-05
3.445619097e-05
2.707895296e-05
3.084511614e-05
2.721319347e-05
2.692559870e-05
3.279928868e-05
2.798722626e-05
3.535383503e-05
3.220544748e-05
2.455617840e-05
2.909806032e-05
3.367748848e-05
2.650860950e-05
2.750193549e-05
2.502403046e-05
2.330905889e-05
2.541350688e-05
2.698669956e-05
3.147466972e-05
3.240817586e-05
3.224957398e-05
2.989489813e-05
