1.408000000e+03
1.920000000e+03
1.152000000e+03
1.792000000e+03
7.680000000e+02
1.280000000e+03
1.152000000e+03
5.120000000e+02
1.280000000e+03
6.400000000e+02
2.304000000e+03
7.680000000e+02
6.400000000e+02
1.408000000e+03
1.408000000e+03
7.680000000e+02
2.048000000e+03
3.840000000e+02
1.152000000e+03
5.120000000e+02
1.152000000e+03
1.792000000e+03
6.400000000e+02
1.536000000e+03
1.408000000e+03
5.120000000e+02
1.280000000e+03
1.408000000e+03
1.536000000e+03
3.840000000e+02

2.999996800e+09
3.968000000e+03
1.000001664e+09
1.000000512e+09
1.999997568e+09
1.000000896e+09
1.000001024e+09
1.000000896e+09
3.999993728e+09
1.000001152e+09
1.920000000e+03
2.999995776e+09
3.200000000e+03
1.000001664e+09
1.000001024e+09
1.000000384e+09
1.000000512e+09
1.999998976e+09
1.000000768e+09
3.072000000e+03
1.000001280e+09
2.999995520e+09
2.999996416e+09
2.999996288e+09
3.200000000e+03
1.999998208e+09
1.999999488e+09
1.000000768e+09
1.000001408e+09
1.999998976e+09
