5.668300000e+04
6.206900000e+04
6.208400000e+04
6.063800000e+04
6.045900000e+04
5.866700000e+04
6.250300000e+04
6.203600000e+04
6.261800000e+04
6.085700000e+04
6.081900000e+04
6.197300000e+04
5.878600000e+04
6.080100000e+04
6.275200000e+04
5.818800000e+04
6.025200000e+04
6.274900000e+04
6.038200000e+04
5.840600000e+04
6.167200000e+04
6.083800000e+04
6.617900000e+04
6.084400000e+04
6.096400000e+04
5.808300000e+04
5.846600000e+04
5.841800000e+04
6.703700000e+04
6.498000000e+04

4.491500000e+04
4.860300000e+04
4.539300000e+04
4.628400000e+04
4.119500000e+04
4.808900000e+04
4.535600000e+04
4.648000000e+04
3.869600000e+04
4.530500000e+04
4.784600000e+04
4.536000000e+04
4.818000000e+04
4.521700000e+04
3.822700000e+04
4.387500000e+04
5.042200000e+04
4.638500000e+04
4.614300000e+04
5.089000000e+04
4.515900000e+04
4.359500000e+04
5.072600000e+04
4.673200000e+04
4.344400000e+04
4.757300000e+04
4.853400000e+04
4.415000000e+04
4.568400000e+04
4.791900000e+04
