1.210758230e-06
1.402423787e-06
1.294782657e-06
1.265060292e-06
1.339831874e-06
1.397118084e-06
1.245765780e-06
1.323883626e-06
1.151847870e-06
1.335119304e-06
1.304816021e-06
1.347468313e-06
1.366152326e-06
1.268656376e-06
1.204643226e-06
1.422627320e-06
1.418977224e-06
1.412033319e-06
1.226668554e-06
1.364387418e-06
1.407193323e-06
1.342088758e-06
1.485569612e-06
1.265764163e-06
1.243688816e-06
1.486201628e-06
1.372167889e-06
1.346316977e-06
1.474258566e-06
1.356401079e-06

1.965386897e-06
2.106048313e-06
2.105154821e-06
2.209849646e-06
2.093571599e-06
2.033614094e-06
2.246513362e-06
2.120329057e-06
2.134196029e-06
1.929896354e-06
2.130534237e-06
2.161241751e-06
2.109875455e-06
2.280912370e-06
2.100758498e-06
2.096220099e-06
2.255822255e-06
2.099017741e-06
2.076466906e-06
1.982263128e-06
2.181901371e-06
2.182986520e-06
2.319487820e-06
1.975056748e-06
2.024875181e-06
2.036813971e-06
2.069832980e-06
2.086560987e-06
2.467792542e-06
2.088579229e-06

5.276724943e-06
5.176750073e-06
5.371374030e-06
4.911164270e-06
5.185848986e-06
5.522947291e-06
5.053737222e-06
5.022479888e-06
5.380080089e-06
5.107551659e-06
5.422231664e-06
5.146173497e-06
4.881294879e-06
5.224257171e-06
5.268688105e-06
5.307706708e-06
5.059010270e-06
5.106660283e-06
5.232284309e-06
5.286401380e-06
5.329116747e-06
5.467957845e-06
5.231546944e-06
5.198781827e-06
4.982485996e-06
5.189619721e-06
5.562919307e-06
5.302396254e-06
5.030264032e-06
4.744229148e-06
