1.795328185e-06
2.251492479e-06
2.027197174e-06
2.111493417e-06
2.144324562e-06
2.273481878e-06
1.968770287e-06
2.097950397e-06
2.410340264e-06
1.807066816e-06
1.812948686e-06
2.064180371e-06
2.126679191e-06
1.782455463e-06
2.381128397e-06
1.944760171e-06
2.352863396e-06
2.308549149e-06
2.125845180e-06
2.071814894e-06
2.139649198e-06
1.851790005e-06
2.147089430e-06
1.961476122e-06
2.034092696e-06
2.256971795e-06
2.035099761e-06
2.285399431e-06
2.037896485e-06
1.985333983e-06

4.072245828e-06
4.714894048e-06
3.672097645e-06
3.842120868e-06
3.141809633e-06
4.038572848e-06
4.203256755e-06
3.532734910e-06
3.226839168e-06
3.815093470e-06
3.701304203e-06
3.685930366e-06
3.300779893e-06
4.114232293e-06
3.302973703e-06
3.419405483e-06
3.295115707e-06
4.244519947e-06
3.754248861e-06
3.826539686e-06
3.804382942e-06
2.749836651e-06
3.264326037e-06
3.919488096e-06
3.530808365e-06
3.948367708e-06
3.719944304e-06
3.614808281e-06
3.200876919e-06
3.297257781e-06
