2.288900000e+04
2.406100000e+04
2.523400000e+04
2.247200000e+04
2.302700000e+04
2.390300000e+04
2.327000000e+04
2.299600000e+04
2.484600000e+04
2.281000000e+04
2.537400000e+04
2.487000000e+04
2.421000000e+04
2.376700000e+04
2.408900000e+04
2.423000000e+04
2.137100000e+04
2.469900000e+04
2.380700000e+04
2.256200000e+04
2.559000000e+04
2.454000000e+04
2.288700000e+04
2.348400000e+04
2.319200000e+04
2.324100000e+04
2.332100000e+04
2.287400000e+04
2.529000000e+04
2.600400000e+04

2.060600000e+04
2.210700000e+04
2.034900000e+04
2.048000000e+04
2.219800000e+04
2.202600000e+04
2.132100000e+04
1.016420000e+06
2.192300000e+04
2.214000000e+04
2.145100000e+04
2.117800000e+04
1.939400000e+04
2.152500000e+04
2.063700000e+04
2.068000000e+04
2.111300000e+04
2.143300000e+04
2.015900000e+04
1.017380000e+06
2.191600000e+04
2.225700000e+04
1.998400000e+04
2.079100000e+04
2.063200000e+04
2.006200000e+04
2.329100000e+04
2.105500000e+04
2.078500000e+04
1.987700000e+04
