1.188183387e-05
1.084166604e-05
1.127738509e-05
1.021807194e-05
1.241837038e-05
1.119584282e-05
1.083435108e-05
1.113479665e-05
9.770122206e-06
1.009512951e-05
9.459146469e-06
1.068153199e-05
1.142210243e-05
1.187875335e-05
1.086737129e-05
1.017748639e-05
1.047993774e-05
1.131706840e-05
1.258632897e-05
9.797445053e-06
1.015244625e-05
1.142649676e-05
1.082866055e-05
1.093019067e-05
1.088721259e-05
1.062728590e-05
9.970630269e-06
1.235943546e-05
1.189807641e-05
1.118694586e-05

1.188091207e-05
1.287163890e-05
1.255939163e-05
1.427993822e-05
1.654812098e-05
1.787067175e-05
1.185945916e-05
1.328763825e-05
1.428716400e-05
1.147401415e-05
1.282021165e-05
1.555566089e-05
1.281699656e-05
1.318382530e-05
1.318356993e-05
1.459652788e-05
1.443522628e-05
1.454777715e-05
1.218464829e-05
1.405212970e-05
1.509128667e-05
1.416741573e-05
1.275640780e-05
1.248933414e-05
1.296814492e-05
1.516098292e-05
1.515545251e-05
1.572487054e-05
1.327224341e-05
1.471371778e-05

2.430346336e-05
2.374799458e-05
2.442807314e-05
2.578476707e-05
2.233630693e-05
2.406404029e-05
2.393281770e-05
2.307826375e-05
2.390947397e-05
2.379029290e-05
2.273717814e-05
2.463043285e-05
2.379267637e-05
2.451833377e-05
2.191197058e-05
2.276843943e-05
2.320189887e-05
2.530720607e-05
2.326284879e-05
2.325593543e-05
2.200258894e-05
2.304168103e-05
2.485618780e-05
2.375348794e-05
2.377816413e-05
2.296766498e-05
2.534454627e-05
2.205796110e-05
2.051294591e-05
2.294295338e-05
