3.329697269e-07
3.615095387e-07
3.280010692e-07
3.280944024e-07
3.419567439e-07
3.392271258e-07
3.342098055e-07
3.589324554e-07
3.177057102e-07
3.595847901e-07
3.665467792e-07
3.195790816e-07
3.479000912e-07
3.704372344e-07
3.791533933e-07
3.354377883e-07
3.429802558e-07
3.458938657e-07
3.249249845e-07
3.415629718e-07
3.327478110e-07
3.531300261e-07
3.505452782e-07
3.522331807e-07
3.660173585e-07
3.430101959e-07
3.142113824e-07
3.297582730e-07
3.600461869e-07
3.626485395e-07

5.526326609e-07
5.500072344e-07
5.399048094e-07
5.922524616e-07
5.174508997e-07
5.466349424e-07
5.837713124e-07
5.831171414e-07
5.813776621e-07
5.662683359e-07
5.427641279e-07
5.942524596e-07
5.893831631e-07
5.911286304e-07
5.480242025e-07
5.864002918e-07
5.632278200e-07
6.129564729e-07
6.318570927e-07
5.669018682e-07
5.366242139e-07
5.498172546e-07
6.273593327e-07
5.935328596e-07
5.743866112e-07
5.783376652e-07
5.415621730e-07
5.697617057e-07
5.301508072e-07
5.813295185e-07
