2.720000000e+02
3.580000000e+02
4.040000000e+02
4.350000000e+02
2.110000000e+02
3.530000000e+02
5.600000000e+02
3.870000000e+02
4.520000000e+02
2.580000000e+02
3.450000000e+02
3.620000000e+02
3.810000000e+02
2.050000000e+02
3.040000000e+02
2.180000000e+02
2.780000000e+02
2.060000000e+02
2.870000000e+02
3.080000000e+02
3.810000000e+02
2.740000000e+02
3.540000000e+02
4.060000000e+02
2.690000000e+02
4.100000000e+02
1.840000000e+02
3.330000000e+02
2.860000000e+02
3.270000000e+02

2.530000000e+02
2.460000000e+02
2.590000000e+02
1.970000000e+02
2.370000000e+02
2.880000000e+02
3.070000000e+02
3.320000000e+02
2.400000000e+02
4.750000000e+02
2.150000000e+02
1.760000000e+02
2.160000000e+02
1.930000000e+02
2.290000000e+02
5.620000000e+02
2.390000000e+02
1.600000000e+02
2.100000000e+02
2.390000000e+02
3.480000000e+02
2.560000000e+02
2.890000000e+02
4.190000000e+02
6.070000000e+02
3.320000000e+02
2.460000000e+02
3.350000000e+02
2.300000000e+02
4.730000000e+02
