7.144100000e+04
7.354100000e+04
6.590200000e+04
7.203900000e+04
6.993700000e+04
6.557600000e+04
7.009200000e+04
7.287600000e+04
6.670800000e+04
6.930900000e+04
6.792100000e+04
6.738600000e+04
6.598400000e+04
6.966400000e+04
7.066200000e+04
7.379200000e+04
6.757300000e+04
6.933000000e+04
7.228100000e+04
7.179400000e+04
6.800300000e+04
6.958700000e+04
6.768500000e+04
6.783900000e+04
7.426100000e+04
6.702400000e+04
7.390200000e+04
6.576600000e+04
6.931600000e+04
7.044300000e+04

5.288200000e+04
5.184000000e+04
5.531600000e+04
5.072000000e+04
5.591900000e+04
4.802600000e+04
5.577900000e+04
5.450800000e+04
4.796800000e+04
5.010600000e+04
5.011600000e+04
5.262700000e+04
4.866700000e+04
4.997000000e+04
5.129600000e+04
5.399000000e+04
4.869100000e+04
4.911000000e+04
5.427400000e+04
5.503400000e+04
5.313800000e+04
4.940900000e+04
5.115800000e+04
5.161000000e+04
5.378100000e+04
5.347300000e+04
5.351300000e+04
5.166300000e+04
5.128900000e+04
5.562700000e+04
