3.316500000e+04
3.032800000e+04
3.792300000e+04
3.114100000e+04
3.614000000e+04
3.409800000e+04
3.397500000e+04
3.483000000e+04
3.177600000e+04
3.451300000e+04
3.338400000e+04
3.433000000e+04
3.404200000e+04
3.224800000e+04
3.085000000e+04
3.366200000e+04
3.510300000e+04
3.355800000e+04
3.563600000e+04
3.412200000e+04
3.293400000e+04
3.616500000e+04
3.581800000e+04
3.432200000e+04
3.501500000e+04
3.015300000e+04
3.445200000e+04
3.325700000e+04
3.305000000e+04
3.235300000e+04

4.930000000e+04
4.724300000e+04
1.046631000e+06
2.027155000e+06
5.472200000e+04
1.042460000e+06
6.441600000e+04
6.373900000e+04
2.041862000e+06
4.423800000e+04
4.173400000e+04
4.470900000e+04
1.069294000e+06
4.772400000e+04
4.675000000e+04
5.013247000e+06
4.301800000e+04
7.716300000e+04
4.974800000e+04
4.440000000e+04
5.543400000e+04
4.628100000e+04
4.373600000e+04
5.020638000e+06
4.885200000e+04
4.174100000e+04
5.052700000e+04
5.603400000e+04
5.114600000e+04
4.835900000e+04
