Number of sample populations = 3. Total number of values in the input = 90
4.22037e+06 0 1
4.32886e+06 0 2
4.39164e+06 0 3
4.50141e+06 0 4
4.53884e+06 0 5
4.54931e+06 0 6
4.55362e+06 0 7
4.58197e+06 0 8
4.60595e+06 0 9
4.6186e+06 0 10
4.65735e+06 0 11
4.68878e+06 0 12
4.70699e+06 0 13
4.72832e+06 0 14
4.73763e+06 0 15
4.77129e+06 0 16
4.77242e+06 0 17
4.98304e+06 0 18
5.05297e+06 0 19
5.17104e+06 0 20
5.37778e+06 0 21
5.98764e+06 1 22
7.01383e+06 1 23
7.0412e+06 1 24
7.24471e+06 1 25
8.92448e+06 1 26
9.02167e+06 1 27
9.50838e+06 1 28
9.52208e+06 1 29
1.04256e+07 1 30
1.10394e+07 1 31
1.2463e+07 1 32
1.46176e+07 1 33
1.47805e+07 2 34
1.50603e+07 1 35
1.51724e+07 2 36
1.6274e+07 0 37
1.66875e+07 0 38
1.67358e+07 1 39
1.70994e+07 1 40
1.8053e+07 2 41
1.81869e+07 1 42
1.83195e+07 1 43
1.84341e+07 1 44
1.84631e+07 2 45
1.85039e+07 2 46
1.85218e+07 1 47
1.86564e+07 1 48
1.88381e+07 1 49
1.92407e+07 1 50
1.92996e+07 1 51
2.00781e+07 1 52
2.17621e+07 1 53
2.39126e+07 1 54
2.61273e+07 0 55
2.78549e+07 0 56
3.10564e+07 1 57
3.1325e+07 0 58
3.26861e+07 0 59
3.31605e+07 1 60
3.591e+07 1 61
3.61693e+07 0 62
3.76455e+07 0 63
3.88431e+07 1 64
6.96451e+07 0 65
1.99554e+08 2 66
1.99678e+08 2 67
1.99697e+08 2 68
1.99955e+08 2 69
3.77818e+08 2 70
3.79859e+08 2 71
5.33504e+08 2 72
6.98942e+08 2 73
1.70247e+09 2 74
1.71974e+09 2 75
1.72019e+09 2 76
2.17511e+09 2 77
2.18789e+09 2 78
2.9055e+09 2 79
3.08993e+09 2 80
3.09021e+09 2 81
3.09029e+09 2 82
5.22736e+09 2 83
5.23078e+09 2 84
5.23133e+09 2 85
5.23134e+09 2 86
5.23142e+09 2 87
5.33441e+09 2 88
5.88286e+09 2 89
5.91293e+09 2 90
Total number of ties =0
Number of samples = 30; sum = 724
Number of samples = 30; sum = 1219
Number of samples = 30; sum = 2152
Corrected T value =51.3585
p-value to accept the null hypothesis that all distribution functions are identical = 7.04102472e-12
