4.728321000e+06
5.377779000e+06
2.612731200e+07
4.581971000e+06
4.605946000e+06
4.771290000e+06
4.688775000e+06
3.132504800e+07
5.052971000e+06
4.391635000e+06
4.538841000e+06
1.668747900e+07
6.964506400e+07
3.616925800e+07
4.772422000e+06
3.268611200e+07
4.618601000e+06
4.328863000e+06
4.220369000e+06
4.706988000e+06
5.171035000e+06
2.785491800e+07
4.549306000e+06
4.501414000e+06
4.553617000e+06
4.657352000e+06
3.764547900e+07
4.737633000e+06
1.627400200e+07
4.983045000e+06

1.103939100e+07
1.673575700e+07
7.244712000e+06
7.013827000e+06
7.041199000e+06
1.852175000e+07
2.176211800e+07
1.818689000e+07
3.884306600e+07
9.508375000e+06
1.506025100e+07
1.246299500e+07
2.007813800e+07
2.391262200e+07
1.843409400e+07
1.929955900e+07
1.709935400e+07
1.831949600e+07
5.987645000e+06
3.316049900e+07
1.924067300e+07
9.522080000e+06
3.590999700e+07
1.865636400e+07
9.021667000e+06
8.924481000e+06
1.883807800e+07
1.042556800e+07
3.105642100e+07
1.461760400e+07

3.089925807e+09
5.230778610e+09
5.882861529e+09
5.231419672e+09
3.090293815e+09
3.798594070e+08
3.778182880e+08
1.999550220e+08
6.989422620e+08
1.996777160e+08
2.905504206e+09
2.175113934e+09
5.912930336e+09
1.805300700e+07
1.702468508e+09
1.850390600e+07
5.334412587e+09
1.720189175e+09
1.846313100e+07
5.227364456e+09
2.187890372e+09
1.478045600e+07
5.231326231e+09
5.335041560e+08
1.995538200e+08
1.517236400e+07
5.231342519e+09
1.996971470e+08
1.719742230e+09
3.090213256e+09
