1.261389118e-06
1.246218434e-06
1.190491025e-06
1.148007235e-06
1.562964146e-06
1.232233139e-06
1.275721399e-06
1.119494210e-06
1.271640285e-06
1.221648758e-06
1.178124730e-06
1.340178820e-06
1.276224871e-06
1.211730884e-06
1.145868595e-06
1.264530592e-06
1.318751336e-06
1.326273764e-06
1.300737542e-06
1.305906279e-06
1.258401416e-06
1.167855519e-06
1.161633449e-06
1.183419934e-06
1.273990343e-06
1.223324645e-06
1.326775320e-06
1.201640834e-06
1.244539753e-06
1.365675361e-06

1.267111787e-06
1.342434306e-06
1.343995023e-06
1.222806602e-06
1.249223821e-06
1.246058195e-06
1.242313448e-06
1.319146146e-06
1.313530223e-06
1.348985477e-06
1.289910526e-06
1.438563232e-06
1.403553127e-06
1.360421115e-06
1.356482196e-06
1.301029318e-06
1.311190864e-06
1.382054546e-06
1.246255919e-06
1.301008879e-06
1.283528497e-06
1.424867877e-06
1.402096362e-06
1.331768089e-06
1.375956548e-06
1.335010681e-06
1.310436175e-06
1.282159955e-06
1.247567375e-06
1.326283065e-06
