1.222000000e+03
1.003000000e+03
1.237000000e+03
1.275000000e+03
1.224000000e+03
1.277000000e+03
1.044000000e+03
1.171000000e+03
1.389000000e+03
1.263000000e+03
1.016000000e+03
1.356000000e+03
1.321000000e+03
1.270000000e+03
1.258000000e+03
1.347000000e+03
1.114000000e+03
1.316000000e+03
1.179000000e+03
1.163000000e+03
1.267000000e+03
1.170000000e+03
1.214000000e+03
1.092000000e+03
1.154000000e+03
1.021000000e+03
1.207000000e+03
1.138000000e+03
1.207000000e+03
1.198000000e+03

4.230000000e+02
5.250000000e+02
4.060000000e+02
5.110000000e+02
3.890000000e+02
5.730000000e+02
5.330000000e+02
4.080000000e+02
4.930000000e+02
4.990000000e+02
4.270000000e+02
5.340000000e+02
4.860000000e+02
5.900000000e+02
4.720000000e+02
4.350000000e+02
4.210000000e+02
4.400000000e+02
4.160000000e+02
4.850000000e+02
4.370000000e+02
4.980000000e+02
4.240000000e+02
5.510000000e+02
4.130000000e+02
5.640000000e+02
7.470000000e+02
3.840000000e+02
5.790000000e+02
4.910000000e+02
