493 arestas removidas
7 obrigatorias
0.02
Arvore 1
8 18 0 0
27 30 0 2
12 26 0 11
1 31 1 3
0 34 1 10
29 33 1 15
15 21 4 11
1 25 0 32
4 22 0 75
26 28 0 78
2 10 1 22
23 26 1 40
7 11 1 43
17 27 1 50
7 24 1 52
13 19 1 55
1 11 1 56
19 30 1 57
12 14 1 80
22 29 2 42
17 34 2 56
6 12 2 69
20 33 2 75
10 28 3 12
17 28 3 32
6 7 3 46
16 32 3 62
4 34 3 63
9 26 4 27
4 8 4 49
5 20 5 56
12 21 5 74
12 32 6 72
3 26 7 28
(70, 1455)

Arvore 2
8 18 0 0
27 30 0 2
12 26 0 11
1 31 1 3
0 34 1 10
29 33 1 15
15 21 4 11
1 25 0 32
4 22 0 75
26 28 0 78
2 10 1 22
23 26 1 40
7 11 1 43
17 27 1 50
7 24 1 52
13 19 1 55
1 11 1 56
19 30 1 57
12 14 1 80
22 29 2 42
17 34 2 56
2 24 5 7
20 33 2 75
10 28 3 12
17 28 3 32
6 7 3 46
16 32 3 62
4 34 3 63
9 26 4 27
4 8 4 49
5 20 5 56
12 21 5 74
12 32 6 72
3 26 7 28
(73, 1393)

Arvore 3
8 18 0 0
27 30 0 2
12 26 0 11
1 31 1 3
0 34 1 10
29 33 1 15
15 21 4 11
1 25 0 32
4 22 0 75
26 28 0 78
2 10 1 22
23 26 1 40
7 11 1 43
17 27 1 50
7 24 1 52
13 19 1 55
1 11 1 56
19 30 1 57
12 14 1 80
22 29 2 42
17 34 2 56
6 12 2 69
13 20 6 11
10 28 3 12
17 28 3 32
6 7 3 46
16 32 3 62
4 34 3 63
9 26 4 27
4 8 4 49
5 20 5 56
12 21 5 74
12 32 6 72
3 26 7 28
(74, 1391)

Arvore 4
8 18 0 0
27 30 0 2
12 26 0 11
1 31 1 3
0 34 1 10
29 33 1 15
15 21 4 11
1 25 0 32
4 22 0 75
26 28 0 78
2 10 1 22
23 26 1 40
7 11 1 43
17 27 1 50
7 24 1 52
13 19 1 55
1 11 1 56
19 30 1 57
12 14 1 80
22 29 2 42
17 34 2 56
6 12 2 69
20 33 2 75
10 28 3 12
17 28 3 32
2 24 5 7
16 32 3 62
4 34 3 63
9 26 4 27
4 8 4 49
5 20 5 56
12 21 5 74
12 32 6 72
3 26 7 28
(72, 1416)

Arvore 5
8 18 0 0
27 30 0 2
12 26 0 11
1 31 1 3
0 34 1 10
29 33 1 15
15 21 4 11
1 25 0 32
4 22 0 75
26 28 0 78
2 10 1 22
23 26 1 40
7 11 1 43
17 27 1 50
7 24 1 52
13 19 1 55
1 11 1 56
19 30 1 57
12 14 1 80
22 29 2 42
17 34 2 56
6 12 2 69
20 33 2 75
10 28 3 12
17 28 3 32
6 7 3 46
16 32 3 62
9 22 4 49
9 26 4 27
4 8 4 49
5 20 5 56
12 21 5 74
12 32 6 72
3 26 7 28
(71, 1441)

Arvore 6
8 18 0 0
27 30 0 2
12 26 0 11
1 31 1 3
0 34 1 10
29 33 1 15
15 21 4 11
1 25 0 32
2 10 1 22
23 26 1 40
7 11 1 43
10 28 3 12
17 27 1 50
7 24 1 52
13 19 1 55
1 11 1 56
19 30 1 57
4 22 0 75
22 29 2 42
26 28 0 78
17 28 3 32
17 34 2 56
2 24 5 7
9 26 4 27
12 14 1 80
6 7 3 46
20 33 2 75
16 32 3 62
4 34 3 63
4 8 4 49
5 20 5 56
3 26 7 28
12 21 5 74
3 16 9 19
(76, 1340)

Arvore 7
8 18 0 0
27 30 0 2
12 26 0 11
1 31 1 3
0 34 1 10
29 33 1 15
15 21 4 11
1 25 0 32
2 10 1 22
23 26 1 40
7 11 1 43
10 28 3 12
17 27 1 50
7 24 1 52
13 19 1 55
1 11 1 56
19 30 1 57
4 22 0 75
22 29 2 42
26 28 0 78
17 28 3 32
17 34 2 56
2 24 5 7
9 26 4 27
12 14 1 80
6 12 2 69
20 33 2 75
16 32 3 62
4 34 3 63
4 8 4 49
5 20 5 56
3 26 7 28
12 21 5 74
3 16 9 19
(75, 1363)

Arvore 8
8 18 0 0
27 30 0 2
12 26 0 11
1 31 1 3
0 34 1 10
29 33 1 15
15 21 4 11
1 25 0 32
2 10 1 22
23 26 1 40
7 11 1 43
10 28 3 12
17 27 1 50
7 24 1 52
13 19 1 55
1 11 1 56
19 30 1 57
4 22 0 75
22 29 2 42
26 28 0 78
17 28 3 32
17 34 2 56
2 24 5 7
9 26 4 27
12 14 1 80
6 7 3 46
13 20 6 11
16 32 3 62
4 34 3 63
4 8 4 49
5 20 5 56
3 26 7 28
12 21 5 74
3 16 9 19
(80, 1276)

Arvore 9
8 18 0 0
27 30 0 2
12 26 0 11
1 31 1 3
0 34 1 10
29 33 1 15
15 21 4 11
1 25 0 32
2 10 1 22
23 26 1 40
7 11 1 43
10 28 3 12
17 27 1 50
7 24 1 52
13 19 1 55
1 11 1 56
19 30 1 57
4 22 0 75
22 29 2 42
26 28 0 78
17 28 3 32
17 34 2 56
2 24 5 7
9 26 4 27
12 14 1 80
6 7 3 46
20 33 2 75
16 32 3 62
9 22 4 49
4 8 4 49
5 20 5 56
3 26 7 28
12 21 5 74
3 16 9 19
(77, 1326)

Arvore 10
8 18 0 0
27 30 0 2
12 26 0 11
1 31 1 3
0 34 1 10
29 33 1 15
15 21 4 11
1 25 0 32
2 10 1 22
23 26 1 40
7 11 1 43
10 28 3 12
17 27 1 50
7 24 1 52
13 19 1 55
1 11 1 56
19 30 1 57
4 22 0 75
22 29 2 42
26 28 0 78
17 28 3 32
17 34 2 56
2 24 5 7
9 26 4 27
12 14 1 80
6 7 3 46
20 33 2 75
16 32 3 62
13 20 6 11
4 8 4 49
5 20 5 56
3 26 7 28
12 21 5 74
3 16 9 19
(79, 1288)

Arvore 11
8 18 0 0
27 30 0 2
12 26 0 11
1 31 1 3
0 34 1 10
29 33 1 15
15 21 4 11
1 25 0 32
2 10 1 22
23 26 1 40
10 28 3 12
7 11 1 43
17 27 1 50
7 24 1 52
13 19 1 55
1 11 1 56
22 29 2 42
19 30 1 57
17 28 3 32
4 22 0 75
2 12 3 35
2 24 5 7
9 26 4 27
17 34 2 56
6 7 3 46
12 14 1 80
13 20 6 11
20 33 2 75
16 32 3 62
4 8 4 49
5 20 5 56
3 26 7 28
12 21 5 74
3 16 9 19
(82, 1245)

Arvore 12
8 18 0 0
27 30 0 2
12 26 0 11
1 31 1 3
0 34 1 10
29 33 1 15
15 21 4 11
1 25 0 32
2 10 1 22
23 26 1 40
10 28 3 12
7 11 1 43
17 27 1 50
7 24 1 52
13 19 1 55
1 11 1 56
22 29 2 42
19 30 1 57
17 28 3 32
4 22 0 75
2 12 3 35
2 24 5 7
9 26 4 27
17 34 2 56
6 12 2 69
12 14 1 80
13 20 6 11
20 33 2 75
16 32 3 62
4 8 4 49
5 20 5 56
3 26 7 28
12 21 5 74
3 16 9 19
(81, 1268)

Arvore 13
8 18 0 0
27 30 0 2
12 26 0 11
1 31 1 3
0 34 1 10
29 33 1 15
15 21 4 11
1 25 0 32
2 10 1 22
23 26 1 40
10 28 3 12
7 11 1 43
17 27 1 50
7 24 1 52
13 19 1 55
1 11 1 56
22 29 2 42
19 30 1 57
17 28 3 32
4 22 0 75
2 12 3 35
2 24 5 7
9 26 4 27
17 34 2 56
6 7 3 46
14 30 7 14
13 20 6 11
20 33 2 75
16 32 3 62
4 8 4 49
5 20 5 56
3 26 7 28
12 21 5 74
3 16 9 19
(88, 1179)

Arvore 14
8 18 0 0
27 30 0 2
12 26 0 11
1 31 1 3
0 34 1 10
29 33 1 15
15 21 4 11
1 25 0 32
2 10 1 22
23 26 1 40
10 28 3 12
7 11 1 43
17 27 1 50
7 24 1 52
13 19 1 55
1 11 1 56
22 29 2 42
19 30 1 57
17 28 3 32
4 22 0 75
2 12 3 35
2 24 5 7
9 26 4 27
17 34 2 56
6 7 3 46
12 14 1 80
13 20 6 11
4 34 3 63
16 32 3 62
4 8 4 49
5 20 5 56
3 26 7 28
12 21 5 74
3 16 9 19
(83, 1233)

Arvore 15
8 18 0 0
27 30 0 2
12 26 0 11
1 31 1 3
0 34 1 10
29 33 1 15
15 21 4 11
1 25 0 32
2 10 1 22
23 26 1 40
10 28 3 12
7 11 1 43
17 27 1 50
7 24 1 52
13 19 1 55
1 11 1 56
22 29 2 42
19 30 1 57
17 28 3 32
4 22 0 75
2 12 3 35
2 24 5 7
9 26 4 27
17 34 2 56
6 7 3 46
12 14 1 80
13 20 6 11
9 22 4 49
16 32 3 62
4 8 4 49
5 20 5 56
3 26 7 28
12 21 5 74
3 16 9 19
(84, 1219)

Arvore 16
8 18 0 0
27 30 0 2
12 26 0 11
1 31 1 3
0 34 1 10
29 33 1 15
15 21 4 11
1 25 0 32
2 10 1 22
10 28 3 12
23 26 1 40
7 11 1 43
17 27 1 50
2 24 5 7
7 24 1 52
22 29 2 42
17 28 3 32
13 19 1 55
1 11 1 56
2 12 3 35
19 30 1 57
9 26 4 27
4 22 0 75
13 20 6 11
17 34 2 56
6 7 3 46
14 30 7 14
4 8 4 49
9 22 4 49
16 32 3 62
3 26 7 28
5 20 5 56
3 16 9 19
12 21 5 74
(90, 1153)

Arvore 17
8 18 0 0
27 30 0 2
12 26 0 11
1 31 1 3
0 34 1 10
29 33 1 15
15 21 4 11
1 25 0 32
2 10 1 22
10 28 3 12
23 26 1 40
7 11 1 43
17 27 1 50
2 24 5 7
7 24 1 52
22 29 2 42
17 28 3 32
13 19 1 55
23 25 5 39
2 12 3 35
19 30 1 57
9 26 4 27
4 22 0 75
13 20 6 11
17 34 2 56
6 7 3 46
14 30 7 14
4 8 4 49
9 22 4 49
16 32 3 62
3 26 7 28
5 20 5 56
3 16 9 19
12 21 5 74
(94, 1136)

Arvore 18
8 18 0 0
27 30 0 2
12 26 0 11
1 31 1 3
0 34 1 10
29 33 1 15
15 21 4 11
1 25 0 32
2 10 1 22
10 28 3 12
23 26 1 40
7 11 1 43
17 27 1 50
2 24 5 7
7 24 1 52
22 29 2 42
17 28 3 32
13 19 1 55
1 11 1 56
26 28 0 78
19 30 1 57
9 26 4 27
4 22 0 75
13 20 6 11
17 34 2 56
6 7 3 46
14 30 7 14
4 8 4 49
9 22 4 49
16 32 3 62
3 26 7 28
5 20 5 56
3 16 9 19
12 21 5 74
(87, 1196)

Arvore 19
8 18 0 0
27 30 0 2
12 26 0 11
1 31 1 3
0 34 1 10
29 33 1 15
15 21 4 11
1 25 0 32
2 10 1 22
10 28 3 12
23 26 1 40
7 11 1 43
17 27 1 50
2 24 5 7
7 24 1 52
22 29 2 42
17 28 3 32
13 19 1 55
1 11 1 56
2 12 3 35
13 27 4 44
9 26 4 27
4 22 0 75
13 20 6 11
17 34 2 56
6 7 3 46
14 30 7 14
4 8 4 49
9 22 4 49
16 32 3 62
3 26 7 28
5 20 5 56
3 16 9 19
12 21 5 74
(93, 1140)

Arvore 20
8 18 0 0
27 30 0 2
12 26 0 11
1 31 1 3
0 34 1 10
29 33 1 15
15 21 4 11
1 25 0 32
2 10 1 22
10 28 3 12
23 26 1 40
7 11 1 43
17 27 1 50
2 24 5 7
7 24 1 52
22 29 2 42
17 28 3 32
13 19 1 55
1 11 1 56
2 12 3 35
19 30 1 57
9 26 4 27
4 22 0 75
20 33 2 75
17 34 2 56
6 7 3 46
14 30 7 14
4 8 4 49
9 22 4 49
16 32 3 62
3 26 7 28
5 20 5 56
3 16 9 19
12 21 5 74
(86, 1217)

Arvore 21
8 18 0 0
27 30 0 2
12 26 0 11
1 31 1 3
0 34 1 10
29 33 1 15
15 21 4 11
1 25 0 32
2 10 1 22
10 28 3 12
23 26 1 40
7 11 1 43
17 27 1 50
2 24 5 7
7 24 1 52
22 29 2 42
17 28 3 32
13 19 1 55
1 11 1 56
2 12 3 35
19 30 1 57
9 26 4 27
4 22 0 75
13 20 6 11
17 34 2 56
6 7 3 46
14 30 7 14
4 8 4 49
4 34 3 63
16 32 3 62
3 26 7 28
5 20 5 56
3 16 9 19
12 21 5 74
(89, 1167)

Arvore 22
8 18 0 0
27 30 0 2
12 26 0 11
1 31 1 3
0 34 1 10
29 33 1 15
15 21 4 11
1 25 0 32
2 10 1 22
10 28 3 12
23 26 1 40
7 11 1 43
17 27 1 50
2 24 5 7
7 24 1 52
22 29 2 42
17 28 3 32
13 19 1 55
1 11 1 56
2 12 3 35
19 30 1 57
9 26 4 27
4 22 0 75
13 20 6 11
17 34 2 56
6 7 3 46
14 30 7 14
4 8 4 49
9 22 4 49
16 32 3 62
3 26 7 28
5 6 12 6
3 16 9 19
12 21 5 74
(97, 1103)

Arvore 23
8 18 0 0
27 30 0 2
12 26 0 11
1 31 1 3
0 34 1 10
29 33 1 15
15 21 4 11
1 25 0 32
2 10 1 22
10 28 3 12
23 26 1 40
7 11 1 43
17 27 1 50
2 24 5 7
7 24 1 52
22 29 2 42
17 28 3 32
13 19 1 55
1 11 1 56
2 12 3 35
19 30 1 57
9 26 4 27
4 22 0 75
13 20 6 11
17 34 2 56
6 7 3 46
14 30 7 14
4 8 4 49
9 22 4 49
16 32 3 62
3 26 7 28
5 20 5 56
3 16 9 19
9 21 13 9
(98, 1088)

Arvore 24
8 18 0 0
27 30 0 2
1 31 1 3
12 26 0 11
0 34 1 10
29 33 1 15
15 21 4 11
2 10 1 22
1 25 0 32
10 28 3 12
2 24 5 7
23 26 1 40
7 11 1 43
17 28 3 32
13 20 6 11
9 26 4 27
22 29 2 42
2 12 3 35
17 27 1 50
7 24 1 52
13 19 1 55
1 11 1 56
14 30 7 14
19 30 1 57
6 7 3 46
17 34 2 56
4 22 0 75
4 8 4 49
9 22 4 49
3 26 7 28
3 16 9 19
16 32 3 62
5 6 12 6
9 21 13 9
(105, 1038)

Arvore 25
8 18 0 0
27 30 0 2
1 31 1 3
12 26 0 11
0 34 1 10
29 33 1 15
15 21 4 11
2 10 1 22
1 25 0 32
10 28 3 12
2 24 5 7
23 26 1 40
7 11 1 43
17 28 3 32
13 20 6 11
9 26 4 27
22 29 2 42
26 28 0 78
17 27 1 50
7 24 1 52
13 19 1 55
1 11 1 56
14 30 7 14
19 30 1 57
6 7 3 46
17 34 2 56
4 22 0 75
4 8 4 49
9 22 4 49
3 26 7 28
3 16 9 19
16 32 3 62
5 6 12 6
9 21 13 9
(102, 1081)

Arvore 26
8 18 0 0
27 30 0 2
1 31 1 3
12 26 0 11
0 34 1 10
29 33 1 15
15 21 4 11
2 10 1 22
1 25 0 32
10 28 3 12
2 24 5 7
23 26 1 40
7 11 1 43
17 28 3 32
13 20 6 11
9 26 4 27
22 29 2 42
2 12 3 35
17 27 1 50
10 11 10 7
13 19 1 55
1 11 1 56
14 30 7 14
19 30 1 57
6 7 3 46
17 34 2 56
4 22 0 75
4 8 4 49
9 22 4 49
3 26 7 28
3 16 9 19
16 32 3 62
5 6 12 6
9 21 13 9
(114, 993)

Arvore 27
8 18 0 0
27 30 0 2
1 31 1 3
12 26 0 11
0 34 1 10
29 33 1 15
15 21 4 11
2 10 1 22
1 25 0 32
10 28 3 12
2 24 5 7
23 26 1 40
7 11 1 43
17 28 3 32
13 20 6 11
9 26 4 27
22 29 2 42
2 12 3 35
17 27 1 50
7 24 1 52
13 19 1 55
1 12 12 8
14 30 7 14
19 30 1 57
6 7 3 46
17 34 2 56
4 22 0 75
4 8 4 49
9 22 4 49
3 26 7 28
3 16 9 19
16 32 3 62
5 6 12 6
9 21 13 9
(116, 990)

Arvore 28
8 18 0 0
27 30 0 2
1 31 1 3
12 26 0 11
0 34 1 10
29 33 1 15
15 21 4 11
2 10 1 22
1 25 0 32
10 28 3 12
2 24 5 7
23 26 1 40
7 11 1 43
17 28 3 32
13 20 6 11
9 26 4 27
22 29 2 42
2 12 3 35
17 27 1 50
7 24 1 52
13 19 1 55
23 25 5 39
14 30 7 14
19 30 1 57
6 7 3 46
17 34 2 56
4 22 0 75
4 8 4 49
9 22 4 49
3 26 7 28
3 16 9 19
16 32 3 62
5 6 12 6
9 21 13 9
(109, 1021)

Arvore 29
8 18 0 0
27 30 0 2
1 31 1 3
12 26 0 11
0 34 1 10
29 33 1 15
15 21 4 11
2 10 1 22
1 25 0 32
10 28 3 12
2 24 5 7
23 26 1 40
7 11 1 43
17 28 3 32
13 20 6 11
9 26 4 27
22 29 2 42
2 12 3 35
17 27 1 50
7 24 1 52
13 19 1 55
1 11 1 56
14 30 7 14
13 27 4 44
6 7 3 46
17 34 2 56
4 22 0 75
4 8 4 49
9 22 4 49
3 26 7 28
3 16 9 19
16 32 3 62
5 6 12 6
9 21 13 9
(108, 1025)

Arvore 30
8 18 0 0
27 30 0 2
1 31 1 3
12 26 0 11
0 34 1 10
29 33 1 15
15 21 4 11
2 10 1 22
1 25 0 32
10 28 3 12
2 24 5 7
23 26 1 40
7 11 1 43
17 28 3 32
13 20 6 11
9 26 4 27
22 29 2 42
2 12 3 35
17 27 1 50
7 24 1 52
13 19 1 55
1 11 1 56
14 30 7 14
19 30 1 57
6 7 3 46
0 17 12 9
4 22 0 75
4 8 4 49
9 22 4 49
3 26 7 28
3 16 9 19
16 32 3 62
5 6 12 6
9 21 13 9
(115, 991)

Arvore 31
8 18 0 0
27 30 0 2
1 31 1 3
12 26 0 11
0 34 1 10
29 33 1 15
15 21 4 11
2 10 1 22
1 25 0 32
10 28 3 12
2 24 5 7
23 26 1 40
7 11 1 43
17 28 3 32
13 20 6 11
9 26 4 27
22 29 2 42
2 12 3 35
17 27 1 50
7 24 1 52
13 19 1 55
1 11 1 56
14 30 7 14
19 30 1 57
6 7 3 46
17 34 2 56
4 22 0 75
4 8 4 49
4 34 3 63
3 26 7 28
3 16 9 19
16 32 3 62
5 6 12 6
9 21 13 9
(104, 1052)

Arvore 32
8 18 0 0
27 30 0 2
1 31 1 3
12 26 0 11
0 34 1 10
29 33 1 15
15 21 4 11
2 10 1 22
1 25 0 32
10 28 3 12
2 24 5 7
23 26 1 40
7 11 1 43
17 28 3 32
13 20 6 11
9 26 4 27
22 29 2 42
2 12 3 35
17 27 1 50
7 24 1 52
13 19 1 55
1 11 1 56
14 30 7 14
19 30 1 57
6 7 3 46
17 34 2 56
4 22 0 75
4 8 4 49
20 33 2 75
3 26 7 28
3 16 9 19
16 32 3 62
5 6 12 6
9 21 13 9
(103, 1064)

Arvore 33
8 18 0 0
27 30 0 2
1 31 1 3
12 26 0 11
0 34 1 10
29 33 1 15
15 21 4 11
2 10 1 22
1 25 0 32
10 28 3 12
2 24 5 7
23 26 1 40
7 11 1 43
17 28 3 32
13 20 6 11
9 26 4 27
22 29 2 42
2 12 3 35
17 27 1 50
7 24 1 52
13 19 1 55
1 11 1 56
14 30 7 14
19 30 1 57
6 7 3 46
17 34 2 56
4 22 0 75
4 8 4 49
9 22 4 49
3 26 7 28
3 16 9 19
20 32 10 25
5 6 12 6
9 21 13 9
(112, 1001)

Arvore 34
8 18 0 0
27 30 0 2
1 31 1 3
12 26 0 11
0 34 1 10
29 33 1 15
15 21 4 11
2 10 1 22
10 28 3 12
1 25 0 32
2 24 5 7
13 20 6 11
23 26 1 40
17 28 3 32
9 26 4 27
7 11 1 43
14 30 7 14
2 12 3 35
22 29 2 42
17 27 1 50
7 24 1 52
13 19 1 55
1 11 1 56
6 7 3 46
19 30 1 57
3 26 7 28
3 16 9 19
11 34 9 20
5 6 12 6
4 8 4 49
9 22 4 49
4 22 0 75
9 21 13 9
20 32 10 25
(119, 965)

Arvore 35
8 18 0 0
27 30 0 2
1 31 1 3
12 26 0 11
0 34 1 10
29 33 1 15
15 21 4 11
2 10 1 22
10 28 3 12
1 25 0 32
2 24 5 7
13 20 6 11
23 26 1 40
17 28 3 32
9 26 4 27
7 11 1 43
14 30 7 14
2 12 3 35
22 29 2 42
10 14 9 31
7 24 1 52
13 19 1 55
1 11 1 56
6 7 3 46
19 30 1 57
3 26 7 28
3 16 9 19
11 34 9 20
5 6 12 6
4 8 4 49
9 22 4 49
4 22 0 75
9 21 13 9
20 32 10 25
(127, 946)

Arvore 36
8 18 0 0
27 30 0 2
1 31 1 3
12 26 0 11
0 34 1 10
29 33 1 15
15 21 4 11
2 10 1 22
10 28 3 12
1 25 0 32
2 24 5 7
13 20 6 11
23 26 1 40
17 28 3 32
9 26 4 27
7 11 1 43
14 30 7 14
2 12 3 35
22 29 2 42
17 27 1 50
10 11 10 7
13 19 1 55
1 11 1 56
6 7 3 46
19 30 1 57
3 26 7 28
3 16 9 19
11 34 9 20
5 6 12 6
4 8 4 49
9 22 4 49
4 22 0 75
9 21 13 9
20 32 10 25
(128, 920)

Arvore 37
8 18 0 0
27 30 0 2
1 31 1 3
12 26 0 11
0 34 1 10
29 33 1 15
15 21 4 11
2 10 1 22
10 28 3 12
1 25 0 32
2 24 5 7
13 20 6 11
23 26 1 40
17 28 3 32
9 26 4 27
7 11 1 43
14 30 7 14
2 12 3 35
22 29 2 42
17 27 1 50
7 24 1 52
13 19 1 55
1 12 12 8
6 7 3 46
19 30 1 57
3 26 7 28
3 16 9 19
11 34 9 20
5 6 12 6
4 8 4 49
9 22 4 49
4 22 0 75
9 21 13 9
20 32 10 25
(130, 917)

Arvore 38
8 18 0 0
27 30 0 2
1 31 1 3
12 26 0 11
0 34 1 10
29 33 1 15
15 21 4 11
2 10 1 22
10 28 3 12
1 25 0 32
2 24 5 7
13 20 6 11
23 26 1 40
17 28 3 32
9 26 4 27
7 11 1 43
14 30 7 14
2 12 3 35
22 29 2 42
17 27 1 50
7 24 1 52
13 19 1 55
23 25 5 39
6 7 3 46
19 30 1 57
3 26 7 28
3 16 9 19
11 34 9 20
5 6 12 6
4 8 4 49
9 22 4 49
4 22 0 75
9 21 13 9
20 32 10 25
(123, 948)

Arvore 39
8 18 0 0
27 30 0 2
1 31 1 3
12 26 0 11
0 34 1 10
29 33 1 15
15 21 4 11
2 10 1 22
10 28 3 12
1 25 0 32
2 24 5 7
13 20 6 11
23 26 1 40
17 28 3 32
9 26 4 27
7 11 1 43
14 30 7 14
2 12 3 35
22 29 2 42
17 27 1 50
7 24 1 52
13 19 1 55
1 11 1 56
6 7 3 46
13 27 4 44
3 26 7 28
3 16 9 19
11 34 9 20
5 6 12 6
4 8 4 49
9 22 4 49
4 22 0 75
9 21 13 9
20 32 10 25
(122, 952)

Arvore 40
8 18 0 0
27 30 0 2
1 31 1 3
12 26 0 11
0 34 1 10
29 33 1 15
15 21 4 11
2 10 1 22
10 28 3 12
1 25 0 32
2 24 5 7
13 20 6 11
23 26 1 40
17 28 3 32
9 26 4 27
7 11 1 43
14 30 7 14
2 12 3 35
22 29 2 42
17 27 1 50
7 24 1 52
13 19 1 55
1 11 1 56
6 7 3 46
19 30 1 57
3 26 7 28
3 16 9 19
0 31 7 39
5 6 12 6
4 8 4 49
9 22 4 49
4 22 0 75
9 21 13 9
20 32 10 25
(117, 984)

Arvore 41
8 18 0 0
27 30 0 2
1 31 1 3
12 26 0 11
0 34 1 10
29 33 1 15
15 21 4 11
2 10 1 22
10 28 3 12
1 25 0 32
2 24 5 7
13 20 6 11
23 26 1 40
17 28 3 32
9 26 4 27
7 11 1 43
14 30 7 14
2 12 3 35
22 29 2 42
17 27 1 50
7 24 1 52
13 19 1 55
1 11 1 56
6 7 3 46
19 30 1 57
3 26 7 28
3 16 9 19
11 34 9 20
5 6 12 6
4 8 4 49
4 34 3 63
4 22 0 75
9 21 13 9
20 32 10 25
(118, 979)

Arvore 42
8 18 0 0
27 30 0 2
1 31 1 3
12 26 0 11
0 34 1 10
29 33 1 15
15 21 4 11
2 10 1 22
10 28 3 12
1 25 0 32
2 24 5 7
13 20 6 11
23 26 1 40
17 28 3 32
9 26 4 27
7 11 1 43
14 30 7 14
2 12 3 35
22 29 2 42
17 27 1 50
7 24 1 52
13 19 1 55
1 11 1 56
6 7 3 46
19 30 1 57
3 26 7 28
3 16 9 19
11 34 9 20
5 6 12 6
4 8 4 49
9 22 4 49
2 18 14 9
9 21 13 9
20 32 10 25
(133, 899)

Arvore 43
8 18 0 0
27 30 0 2
1 31 1 3
12 26 0 11
0 34 1 10
29 33 1 15
15 21 4 11
10 28 3 12
2 10 1 22
2 24 5 7
1 25 0 32
13 20 6 11
23 26 1 40
9 26 4 27
17 28 3 32
14 30 7 14
7 11 1 43
2 12 3 35
22 29 2 42
10 11 10 7
17 27 1 50
13 19 1 55
6 7 3 46
1 11 1 56
3 26 7 28
3 16 9 19
19 30 1 57
11 34 9 20
5 6 12 6
4 8 4 49
9 22 4 49
9 21 13 9
20 32 10 25
2 18 14 9
(142, 854)

Arvore 44
8 18 0 0
27 30 0 2
1 31 1 3
12 26 0 11
0 34 1 10
29 33 1 15
15 21 4 11
10 28 3 12
2 10 1 22
2 24 5 7
1 25 0 32
13 20 6 11
23 26 1 40
9 26 4 27
17 28 3 32
14 30 7 14
7 11 1 43
2 23 12 3
22 29 2 42
10 11 10 7
17 27 1 50
13 19 1 55
6 7 3 46
1 11 1 56
3 26 7 28
3 16 9 19
19 30 1 57
11 34 9 20
5 6 12 6
4 8 4 49
9 22 4 49
9 21 13 9
20 32 10 25
2 18 14 9
(151, 822)

Arvore 45
8 18 0 0
27 30 0 2
1 31 1 3
12 26 0 11
0 34 1 10
29 33 1 15
15 21 4 11
10 28 3 12
2 10 1 22
2 24 5 7
1 25 0 32
13 20 6 11
23 26 1 40
9 26 4 27
17 28 3 32
14 30 7 14
7 11 1 43
2 12 3 35
22 29 2 42
23 25 5 39
17 27 1 50
13 19 1 55
6 7 3 46
1 11 1 56
3 26 7 28
3 16 9 19
19 30 1 57
11 34 9 20
5 6 12 6
4 8 4 49
9 22 4 49
9 21 13 9
20 32 10 25
2 18 14 9
(137, 886)

Arvore 46
8 18 0 0
27 30 0 2
1 31 1 3
12 26 0 11
0 34 1 10
29 33 1 15
15 21 4 11
10 28 3 12
2 10 1 22
2 24 5 7
1 25 0 32
13 20 6 11
23 26 1 40
9 26 4 27
17 28 3 32
14 30 7 14
7 11 1 43
2 12 3 35
22 29 2 42
10 11 10 7
17 27 1 50
13 19 1 55
6 7 3 46
1 10 11 18
3 26 7 28
3 16 9 19
19 30 1 57
11 34 9 20
5 6 12 6
4 8 4 49
9 22 4 49
9 21 13 9
20 32 10 25
2 18 14 9
(152, 816)

Arvore 47
8 18 0 0
27 30 0 2
1 31 1 3
12 26 0 11
0 34 1 10
29 33 1 15
15 21 4 11
10 28 3 12
2 10 1 22
2 24 5 7
1 25 0 32
13 20 6 11
23 26 1 40
9 26 4 27
17 28 3 32
14 30 7 14
7 11 1 43
2 12 3 35
22 29 2 42
10 11 10 7
17 27 1 50
13 19 1 55
6 7 3 46
1 12 12 8
3 26 7 28
3 16 9 19
19 30 1 57
11 34 9 20
5 6 12 6
4 8 4 49
9 22 4 49
9 21 13 9
20 32 10 25
2 18 14 9
(153, 806)

Arvore 48
8 18 0 0
27 30 0 2
1 31 1 3
12 26 0 11
0 34 1 10
29 33 1 15
15 21 4 11
10 28 3 12
2 10 1 22
2 24 5 7
1 25 0 32
13 20 6 11
23 26 1 40
9 26 4 27
17 28 3 32
14 30 7 14
7 11 1 43
2 12 3 35
22 29 2 42
10 11 10 7
17 27 1 50
13 19 1 55
6 7 3 46
23 25 5 39
3 26 7 28
3 16 9 19
19 30 1 57
11 34 9 20
5 6 12 6
4 8 4 49
9 22 4 49
9 21 13 9
20 32 10 25
2 18 14 9
(146, 837)

Arvore 49
8 18 0 0
27 30 0 2
1 31 1 3
12 26 0 11
0 34 1 10
29 33 1 15
15 21 4 11
10 28 3 12
2 10 1 22
2 24 5 7
1 25 0 32
13 20 6 11
23 26 1 40
9 26 4 27
17 28 3 32
14 30 7 14
7 11 1 43
2 12 3 35
22 29 2 42
10 11 10 7
17 27 1 50
13 19 1 55
6 7 3 46
1 11 1 56
3 26 7 28
3 16 9 19
1 20 13 7
11 34 9 20
5 6 12 6
4 8 4 49
9 22 4 49
9 21 13 9
20 32 10 25
2 18 14 9
(154, 804)

Arvore 50
8 18 0 0
27 30 0 2
1 31 1 3
12 26 0 11
0 34 1 10
29 33 1 15
15 21 4 11
10 28 3 12
2 10 1 22
2 24 5 7
1 25 0 32
13 20 6 11
23 26 1 40
9 26 4 27
17 28 3 32
14 30 7 14
7 11 1 43
2 12 3 35
22 29 2 42
10 11 10 7
17 27 1 50
13 19 1 55
6 7 3 46
1 11 1 56
3 26 7 28
3 16 9 19
13 27 4 44
11 34 9 20
5 6 12 6
4 8 4 49
9 22 4 49
9 21 13 9
20 32 10 25
2 18 14 9
(145, 841)

Arvore 51
8 18 0 0
27 30 0 2
1 31 1 3
12 26 0 11
0 34 1 10
29 33 1 15
15 21 4 11
10 28 3 12
2 10 1 22
2 24 5 7
1 25 0 32
13 20 6 11
23 26 1 40
9 26 4 27
17 28 3 32
14 30 7 14
7 11 1 43
2 12 3 35
22 29 2 42
10 11 10 7
17 27 1 50
13 19 1 55
6 7 3 46
1 11 1 56
3 26 7 28
3 16 9 19
19 30 1 57
0 31 7 39
5 6 12 6
4 8 4 49
9 22 4 49
9 21 13 9
20 32 10 25
2 18 14 9
(140, 873)

Arvore 52
8 18 0 0
27 30 0 2
1 31 1 3
12 26 0 11
0 34 1 10
29 33 1 15
15 21 4 11
10 28 3 12
2 10 1 22
2 24 5 7
1 25 0 32
13 20 6 11
23 26 1 40
9 26 4 27
17 28 3 32
14 30 7 14
7 11 1 43
2 12 3 35
22 29 2 42
10 11 10 7
17 27 1 50
13 19 1 55
6 7 3 46
1 11 1 56
3 26 7 28
3 16 9 19
19 30 1 57
17 34 2 56
5 6 12 6
4 8 4 49
9 22 4 49
9 21 13 9
20 32 10 25
2 18 14 9
(135, 890)

Arvore 53
8 18 0 0
27 30 0 2
1 31 1 3
12 26 0 11
0 34 1 10
29 33 1 15
15 21 4 11
10 28 3 12
2 10 1 22
2 24 5 7
1 25 0 32
13 20 6 11
23 26 1 40
9 26 4 27
17 28 3 32
14 30 7 14
7 11 1 43
2 12 3 35
22 29 2 42
10 11 10 7
17 27 1 50
13 19 1 55
6 7 3 46
1 11 1 56
3 26 7 28
3 16 9 19
19 30 1 57
11 34 9 20
5 6 12 6
4 22 0 75
9 22 4 49
9 21 13 9
20 32 10 25
2 18 14 9
(138, 880)

Arvore 54
8 18 0 0
27 30 0 2
1 31 1 3
12 26 0 11
0 34 1 10
29 33 1 15
15 21 4 11
10 28 3 12
2 10 1 22
2 24 5 7
1 25 0 32
13 20 6 11
23 26 1 40
9 26 4 27
17 28 3 32
14 30 7 14
7 11 1 43
2 12 3 35
22 29 2 42
10 11 10 7
17 27 1 50
13 19 1 55
6 7 3 46
1 11 1 56
3 26 7 28
3 16 9 19
19 30 1 57
11 34 9 20
5 6 12 6
4 34 3 63
9 22 4 49
9 21 13 9
20 32 10 25
2 18 14 9
(141, 868)

Arvore 55
8 18 0 0
27 30 0 2
1 31 1 3
12 26 0 11
0 34 1 10
29 33 1 15
15 21 4 11
10 28 3 12
2 10 1 22
2 24 5 7
1 25 0 32
13 20 6 11
23 26 1 40
9 26 4 27
17 28 3 32
14 30 7 14
7 11 1 43
2 12 3 35
22 29 2 42
10 11 10 7
17 27 1 50
13 19 1 55
6 7 3 46
1 11 1 56
3 26 7 28
3 16 9 19
19 30 1 57
11 34 9 20
5 6 12 6
4 8 4 49
9 22 4 49
9 21 13 9
20 32 10 25
4 9 11 32
(139, 877)

Arvore 56
8 18 0 0
27 30 0 2
1 31 1 3
12 26 0 11
0 34 1 10
29 33 1 15
15 21 4 11
10 28 3 12
2 10 1 22
2 24 5 7
1 25 0 32
13 20 6 11
23 26 1 40
9 26 4 27
17 28 3 32
14 30 7 14
7 11 1 43
2 12 3 35
22 29 2 42
10 11 10 7
17 27 1 50
13 19 1 55
6 7 3 46
1 11 1 56
3 26 7 28
3 16 9 19
19 30 1 57
11 34 9 20
5 6 12 6
4 8 4 49
9 22 4 49
9 21 13 9
20 32 10 25
4 34 3 63
(131, 908)

Arvore 57
8 18 0 0
27 30 0 2
1 31 1 3
12 26 0 11
0 34 1 10
29 33 1 15
15 21 4 11
10 28 3 12
2 10 1 22
2 24 5 7
1 25 0 32
13 20 6 11
14 30 7 14
9 26 4 27
23 26 1 40
17 28 3 32
7 11 1 43
2 12 3 35
10 11 10 7
22 29 2 42
17 27 1 50
5 6 12 6
3 16 9 19
3 26 7 28
11 34 9 20
6 7 3 46
13 19 1 55
1 12 12 8
13 27 4 44
9 21 13 9
4 8 4 49
9 22 4 49
20 32 10 25
2 18 14 9
(156, 793)

Arvore 58
8 18 0 0
27 30 0 2
1 31 1 3
12 26 0 11
0 34 1 10
29 33 1 15
15 21 4 11
10 28 3 12
2 10 1 22
2 24 5 7
1 25 0 32
13 20 6 11
14 30 7 14
9 26 4 27
23 26 1 40
17 28 3 32
7 11 1 43
2 12 3 35
10 11 10 7
22 29 2 42
17 27 1 50
5 6 12 6
3 16 9 19
3 26 7 28
11 34 9 20
6 7 3 46
13 19 1 55
1 10 11 18
13 27 4 44
9 21 13 9
4 8 4 49
9 22 4 49
20 32 10 25
2 18 14 9
(155, 803)

Arvore 59
8 18 0 0
27 30 0 2
1 31 1 3
12 26 0 11
0 34 1 10
29 33 1 15
15 21 4 11
10 28 3 12
2 10 1 22
2 24 5 7
1 25 0 32
13 20 6 11
14 30 7 14
9 26 4 27
23 26 1 40
17 28 3 32
7 11 1 43
2 12 3 35
10 11 10 7
22 29 2 42
17 27 1 50
5 6 12 6
3 16 9 19
3 26 7 28
11 34 9 20
6 7 3 46
13 19 1 55
1 20 13 7
13 27 4 44
9 21 13 9
4 8 4 49
9 22 4 49
20 32 10 25
2 18 14 9
(157, 792)

Arvore 60
8 18 0 0
27 30 0 2
1 31 1 3
12 26 0 11
0 34 1 10
29 33 1 15
15 21 4 11
10 28 3 12
2 10 1 22
2 24 5 7
1 25 0 32
13 20 6 11
14 30 7 14
9 26 4 27
23 26 1 40
17 28 3 32
7 11 1 43
2 12 3 35
10 11 10 7
22 29 2 42
17 27 1 50
5 6 12 6
3 16 9 19
3 26 7 28
11 34 9 20
6 7 3 46
13 19 1 55
23 25 5 39
13 27 4 44
9 21 13 9
4 8 4 49
9 22 4 49
20 32 10 25
2 18 14 9
(149, 824)

Arvore 61
8 18 0 0
27 30 0 2
1 31 1 3
12 26 0 11
0 34 1 10
29 33 1 15
15 21 4 11
10 28 3 12
2 10 1 22
2 24 5 7
1 25 0 32
13 20 6 11
14 30 7 14
9 26 4 27
23 26 1 40
17 28 3 32
7 11 1 43
2 12 3 35
10 11 10 7
22 29 2 42
17 27 1 50
5 6 12 6
3 16 9 19
3 26 7 28
11 34 9 20
6 7 3 46
13 19 1 55
1 12 12 8
1 20 13 7
9 21 13 9
4 8 4 49
9 22 4 49
20 32 10 25
2 18 14 9
(165, 756)

Arvore 62
8 18 0 0
27 30 0 2
1 31 1 3
12 26 0 11
0 34 1 10
29 33 1 15
15 21 4 11
10 28 3 12
2 10 1 22
2 24 5 7
1 25 0 32
13 20 6 11
14 30 7 14
9 26 4 27
23 26 1 40
17 28 3 32
7 11 1 43
2 12 3 35
10 11 10 7
22 29 2 42
17 27 1 50
5 6 12 6
3 16 9 19
3 26 7 28
11 34 9 20
6 7 3 46
13 19 1 55
1 12 12 8
13 27 4 44
9 21 13 9
4 8 4 49
22 26 7 37
20 32 10 25
2 18 14 9
(159, 781)

Arvore 63
8 18 0 0
27 30 0 2
1 31 1 3
12 26 0 11
0 34 1 10
29 33 1 15
15 21 4 11
10 28 3 12
2 10 1 22
2 24 5 7
1 25 0 32
13 20 6 11
14 30 7 14
9 26 4 27
17 28 3 32
23 26 1 40
10 11 10 7
2 12 3 35
7 11 1 43
22 29 2 42
5 6 12 6
17 27 1 50
3 16 9 19
1 12 12 8
11 34 9 20
3 26 7 28
6 7 3 46
1 20 13 7
13 19 1 55
9 21 13 9
2 18 14 9
20 32 10 25
22 26 7 37
4 8 4 49
(168, 744)

Arvore 64
8 18 0 0
27 30 0 2
1 31 1 3
12 26 0 11
0 34 1 10
29 33 1 15
15 21 4 11
10 28 3 12
2 10 1 22
2 24 5 7
1 25 0 32
13 20 6 11
14 30 7 14
9 26 4 27
17 28 3 32
2 23 12 3
10 11 10 7
2 12 3 35
7 11 1 43
22 29 2 42
5 6 12 6
17 27 1 50
3 16 9 19
1 12 12 8
11 34 9 20
3 26 7 28
6 7 3 46
1 20 13 7
13 19 1 55
9 21 13 9
2 18 14 9
20 32 10 25
22 26 7 37
4 8 4 49
(179, 707)

Arvore 65
8 18 0 0
27 30 0 2
1 31 1 3
12 26 0 11
0 34 1 10
29 33 1 15
15 21 4 11
10 28 3 12
2 10 1 22
2 24 5 7
1 25 0 32
13 20 6 11
14 30 7 14
9 26 4 27
17 28 3 32
23 26 1 40
10 11 10 7
2 23 12 3
7 11 1 43
22 29 2 42
5 6 12 6
17 27 1 50
3 16 9 19
1 12 12 8
11 34 9 20
3 26 7 28
6 7 3 46
1 20 13 7
13 19 1 55
9 21 13 9
2 18 14 9
20 32 10 25
22 26 7 37
4 8 4 49
(177, 712)

Arvore 66
8 18 0 0
27 30 0 2
1 31 1 3
12 26 0 11
0 34 1 10
29 33 1 15
15 21 4 11
10 28 3 12
2 10 1 22
2 24 5 7
1 25 0 32
13 20 6 11
14 30 7 14
9 26 4 27
17 28 3 32
23 26 1 40
10 11 10 7
2 12 3 35
7 11 1 43
22 29 2 42
5 6 12 6
10 14 9 31
3 16 9 19
1 12 12 8
11 34 9 20
3 26 7 28
6 7 3 46
1 20 13 7
13 19 1 55
9 21 13 9
2 18 14 9
20 32 10 25
22 26 7 37
4 8 4 49
(176, 725)

Arvore 67
8 18 0 0
27 30 0 2
1 31 1 3
12 26 0 11
0 34 1 10
29 33 1 15
15 21 4 11
10 28 3 12
2 10 1 22
2 24 5 7
1 25 0 32
13 20 6 11
14 30 7 14
9 26 4 27
17 28 3 32
23 26 1 40
10 11 10 7
2 12 3 35
7 11 1 43
22 29 2 42
5 6 12 6
17 27 1 50
3 16 9 19
1 10 11 18
11 34 9 20
3 26 7 28
6 7 3 46
1 20 13 7
13 19 1 55
9 21 13 9
2 18 14 9
20 32 10 25
22 26 7 37
4 8 4 49
(167, 754)

Arvore 68
8 18 0 0
27 30 0 2
1 31 1 3
12 26 0 11
0 34 1 10
29 33 1 15
15 21 4 11
10 28 3 12
2 10 1 22
2 24 5 7
1 25 0 32
13 20 6 11
14 30 7 14
9 26 4 27
17 28 3 32
23 26 1 40
10 11 10 7
2 12 3 35
7 11 1 43
22 29 2 42
5 6 12 6
17 27 1 50
3 16 9 19
13 27 4 44
11 34 9 20
3 26 7 28
6 7 3 46
1 20 13 7
13 19 1 55
9 21 13 9
2 18 14 9
20 32 10 25
22 26 7 37
4 8 4 49
(160, 780)

Arvore 69
8 18 0 0
27 30 0 2
1 31 1 3
12 26 0 11
0 34 1 10
29 33 1 15
15 21 4 11
10 28 3 12
2 10 1 22
2 24 5 7
1 25 0 32
13 20 6 11
14 30 7 14
9 26 4 27
17 28 3 32
23 26 1 40
10 11 10 7
2 12 3 35
7 11 1 43
22 29 2 42
5 6 12 6
17 27 1 50
3 16 9 19
23 25 5 39
11 34 9 20
3 26 7 28
6 7 3 46
1 20 13 7
13 19 1 55
9 21 13 9
2 18 14 9
20 32 10 25
22 26 7 37
4 8 4 49
(161, 775)

Arvore 70
8 18 0 0
27 30 0 2
1 31 1 3
12 26 0 11
0 34 1 10
29 33 1 15
15 21 4 11
10 28 3 12
2 10 1 22
2 24 5 7
1 25 0 32
13 20 6 11
14 30 7 14
9 26 4 27
17 28 3 32
23 26 1 40
10 11 10 7
2 12 3 35
7 11 1 43
22 29 2 42
5 6 12 6
17 27 1 50
3 16 9 19
1 12 12 8
0 17 12 9
3 26 7 28
6 7 3 46
1 20 13 7
13 19 1 55
9 21 13 9
2 18 14 9
20 32 10 25
22 26 7 37
4 8 4 49
(171, 733)

Arvore 71
8 18 0 0
27 30 0 2
1 31 1 3
12 26 0 11
0 34 1 10
29 33 1 15
15 21 4 11
10 28 3 12
2 10 1 22
2 24 5 7
1 25 0 32
13 20 6 11
14 30 7 14
9 26 4 27
17 28 3 32
23 26 1 40
10 11 10 7
2 12 3 35
7 11 1 43
22 29 2 42
5 6 12 6
17 27 1 50
3 16 9 19
1 12 12 8
11 34 9 20
3 25 13 15
6 7 3 46
1 20 13 7
13 19 1 55
9 21 13 9
2 18 14 9
20 32 10 25
22 26 7 37
4 8 4 49
(174, 731)

Arvore 72
8 18 0 0
27 30 0 2
1 31 1 3
12 26 0 11
0 34 1 10
29 33 1 15
15 21 4 11
10 28 3 12
2 10 1 22
2 24 5 7
1 25 0 32
13 20 6 11
14 30 7 14
9 26 4 27
17 28 3 32
23 26 1 40
10 11 10 7
2 12 3 35
7 11 1 43
22 29 2 42
5 6 12 6
17 27 1 50
3 16 9 19
1 12 12 8
11 34 9 20
3 26 7 28
6 7 3 46
1 20 13 7
13 19 1 55
9 21 13 9
2 18 14 9
20 32 10 25
22 26 7 37
4 9 11 32
(175, 727)

Arvore 73
8 18 0 0
27 30 0 2
1 31 1 3
12 26 0 11
0 34 1 10
29 33 1 15
15 21 4 11
10 28 3 12
2 10 1 22
2 24 5 7
1 25 0 32
13 20 6 11
14 30 7 14
9 26 4 27
17 28 3 32
23 26 1 40
10 11 10 7
2 12 3 35
7 11 1 43
22 29 2 42
5 6 12 6
17 27 1 50
3 16 9 19
1 12 12 8
11 34 9 20
3 26 7 28
6 7 3 46
1 20 13 7
13 19 1 55
9 21 13 9
2 18 14 9
20 32 10 25
22 26 7 37
4 22 0 75
(164, 770)

Arvore 74
8 18 0 0
27 30 0 2
1 31 1 3
12 26 0 11
0 34 1 10
29 33 1 15
15 21 4 11
10 28 3 12
2 24 5 7
2 10 1 22
1 25 0 32
13 20 6 11
14 30 7 14
9 26 4 27
10 11 10 7
17 28 3 32
23 26 1 40
2 23 12 3
7 11 1 43
5 6 12 6
22 29 2 42
1 12 12 8
3 16 9 19
0 17 12 9
3 26 7 28
1 20 13 7
17 27 1 50
9 21 13 9
6 7 3 46
13 19 1 55
2 18 14 9
20 32 10 25
22 26 7 37
4 8 4 49
(180, 701)

Arvore 75
8 18 0 0
27 30 0 2
1 31 1 3
12 26 0 11
0 34 1 10
29 33 1 15
15 21 4 11
10 28 3 12
2 24 5 7
2 10 1 22
1 25 0 32
13 20 6 11
14 30 7 14
9 26 4 27
10 11 10 7
17 28 3 32
2 12 3 35
2 23 12 3
7 11 1 43
5 6 12 6
22 29 2 42
1 12 12 8
3 16 9 19
0 17 12 9
3 26 7 28
1 20 13 7
17 27 1 50
9 21 13 9
6 7 3 46
13 19 1 55
2 18 14 9
20 32 10 25
22 26 7 37
4 8 4 49
(182, 696)

Arvore 76
8 18 0 0
27 30 0 2
1 31 1 3
12 26 0 11
0 34 1 10
29 33 1 15
15 21 4 11
10 28 3 12
2 24 5 7
2 10 1 22
1 25 0 32
13 20 6 11
14 30 7 14
9 26 4 27
10 11 10 7
17 28 3 32
23 26 1 40
2 23 12 3
7 11 1 43
5 6 12 6
22 29 2 42
23 25 5 39
3 16 9 19
0 17 12 9
3 26 7 28
1 20 13 7
17 27 1 50
9 21 13 9
6 7 3 46
13 19 1 55
2 18 14 9
20 32 10 25
22 26 7 37
4 8 4 49
(173, 732)

Arvore 77
8 18 0 0
27 30 0 2
1 31 1 3
12 26 0 11
0 34 1 10
29 33 1 15
15 21 4 11
10 28 3 12
2 24 5 7
2 10 1 22
1 25 0 32
13 20 6 11
14 30 7 14
9 26 4 27
10 11 10 7
17 28 3 32
23 26 1 40
2 23 12 3
7 11 1 43
5 6 12 6
22 29 2 42
1 12 12 8
3 16 9 19
0 17 12 9
3 25 13 15
1 20 13 7
17 27 1 50
9 21 13 9
6 7 3 46
13 19 1 55
2 18 14 9
20 32 10 25
22 26 7 37
4 8 4 49
(186, 688)

Arvore 78
8 18 0 0
27 30 0 2
1 31 1 3
12 26 0 11
0 34 1 10
29 33 1 15
15 21 4 11
10 28 3 12
2 24 5 7
2 10 1 22
1 25 0 32
13 20 6 11
14 30 7 14
9 26 4 27
10 11 10 7
17 28 3 32
23 26 1 40
2 23 12 3
7 11 1 43
5 6 12 6
22 29 2 42
1 12 12 8
3 16 9 19
0 17 12 9
3 26 7 28
1 20 13 7
10 14 9 31
9 21 13 9
6 7 3 46
13 19 1 55
2 18 14 9
20 32 10 25
22 26 7 37
4 8 4 49
(188, 682)

Arvore 79
8 18 0 0
27 30 0 2
1 31 1 3
12 26 0 11
0 34 1 10
29 33 1 15
15 21 4 11
10 28 3 12
2 24 5 7
2 10 1 22
1 25 0 32
13 20 6 11
14 30 7 14
9 26 4 27
10 11 10 7
17 28 3 32
23 26 1 40
2 23 12 3
7 11 1 43
5 6 12 6
22 29 2 42
1 12 12 8
3 16 9 19
0 17 12 9
3 26 7 28
1 20 13 7
13 27 4 44
9 21 13 9
6 7 3 46
13 19 1 55
2 18 14 9
20 32 10 25
22 26 7 37
4 8 4 49
(183, 695)

Arvore 80
8 18 0 0
27 30 0 2
1 31 1 3
12 26 0 11
0 34 1 10
29 33 1 15
15 21 4 11
10 28 3 12
2 24 5 7
2 10 1 22
1 25 0 32
13 20 6 11
14 30 7 14
9 26 4 27
10 11 10 7
17 28 3 32
23 26 1 40
2 23 12 3
7 11 1 43
5 6 12 6
22 29 2 42
1 12 12 8
3 16 9 19
0 17 12 9
3 26 7 28
1 20 13 7
17 27 1 50
9 21 13 9
6 7 3 46
13 19 1 55
2 18 14 9
20 32 10 25
22 26 7 37
4 9 11 32
(187, 684)

Arvore 81
8 18 0 0
27 30 0 2
1 31 1 3
12 26 0 11
0 34 1 10
29 33 1 15
15 21 4 11
10 28 3 12
2 24 5 7
2 10 1 22
1 25 0 32
13 20 6 11
14 30 7 14
9 26 4 27
10 11 10 7
17 28 3 32
23 26 1 40
2 23 12 3
7 11 1 43
5 6 12 6
22 29 2 42
1 12 12 8
3 16 9 19
0 17 12 9
3 26 7 28
1 20 13 7
17 27 1 50
9 21 13 9
6 7 3 46
13 19 1 55
2 18 14 9
20 32 10 25
22 26 7 37
4 28 17 11
(193, 663)

Arvore 82
8 18 0 0
27 30 0 2
1 31 1 3
12 26 0 11
0 34 1 10
29 33 1 15
15 21 4 11
2 24 5 7
10 28 3 12
2 10 1 22
13 20 6 11
14 30 7 14
10 11 10 7
1 25 0 32
2 23 12 3
5 6 12 6
9 26 4 27
1 12 12 8
0 17 12 9
1 20 13 7
17 28 3 32
9 21 13 9
3 16 9 19
2 12 3 35
2 18 14 9
3 26 7 28
7 11 1 43
22 29 2 42
20 32 10 25
17 27 1 50
4 28 17 11
6 7 3 46
22 26 7 37
13 19 1 55
(195, 658)

Arvore 83
8 18 0 0
27 30 0 2
1 31 1 3
12 26 0 11
0 34 1 10
29 33 1 15
15 21 4 11
2 24 5 7
10 28 3 12
2 10 1 22
13 20 6 11
14 30 7 14
10 11 10 7
1 25 0 32
2 23 12 3
5 6 12 6
9 26 4 27
1 12 12 8
11 34 9 20
1 20 13 7
17 28 3 32
9 21 13 9
3 16 9 19
2 12 3 35
2 18 14 9
3 26 7 28
7 11 1 43
22 29 2 42
20 32 10 25
17 27 1 50
4 28 17 11
6 7 3 46
22 26 7 37
13 19 1 55
(192, 669)

Arvore 84
8 18 0 0
27 30 0 2
1 31 1 3
12 26 0 11
0 34 1 10
29 33 1 15
15 21 4 11
2 24 5 7
10 28 3 12
2 10 1 22
13 20 6 11
14 30 7 14
10 11 10 7
1 25 0 32
2 23 12 3
5 6 12 6
9 26 4 27
1 12 12 8
0 17 12 9
1 20 13 7
17 28 3 32
9 21 13 9
3 16 9 19
9 28 8 27
2 18 14 9
3 26 7 28
7 11 1 43
22 29 2 42
20 32 10 25
17 27 1 50
4 28 17 11
6 7 3 46
22 26 7 37
13 19 1 55
(200, 650)

Arvore 85
8 18 0 0
27 30 0 2
1 31 1 3
12 26 0 11
0 34 1 10
29 33 1 15
15 21 4 11
2 24 5 7
10 28 3 12
2 10 1 22
13 20 6 11
14 30 7 14
10 11 10 7
1 25 0 32
2 23 12 3
5 6 12 6
9 26 4 27
1 12 12 8
0 17 12 9
1 20 13 7
17 28 3 32
9 21 13 9
3 16 9 19
2 12 3 35
2 18 14 9
3 25 13 15
7 11 1 43
22 29 2 42
20 32 10 25
17 27 1 50
4 28 17 11
6 7 3 46
22 26 7 37
13 19 1 55
(201, 645)

Arvore 86
8 18 0 0
27 30 0 2
1 31 1 3
12 26 0 11
0 34 1 10
29 33 1 15
15 21 4 11
2 24 5 7
10 28 3 12
2 10 1 22
13 20 6 11
14 30 7 14
10 11 10 7
1 25 0 32
2 23 12 3
5 6 12 6
9 26 4 27
1 12 12 8
0 17 12 9
1 20 13 7
17 28 3 32
9 21 13 9
3 16 9 19
2 12 3 35
2 18 14 9
3 26 7 28
7 11 1 43
22 29 2 42
20 32 10 25
10 14 9 31
4 28 17 11
6 7 3 46
22 26 7 37
13 19 1 55
(203, 639)

Arvore 87
8 18 0 0
27 30 0 2
1 31 1 3
12 26 0 11
0 34 1 10
29 33 1 15
15 21 4 11
2 24 5 7
10 28 3 12
2 10 1 22
13 20 6 11
14 30 7 14
10 11 10 7
1 25 0 32
2 23 12 3
5 6 12 6
9 26 4 27
1 12 12 8
0 17 12 9
1 20 13 7
17 28 3 32
9 21 13 9
3 16 9 19
2 12 3 35
2 18 14 9
3 26 7 28
7 11 1 43
22 29 2 42
20 32 10 25
13 27 4 44
4 28 17 11
6 7 3 46
22 26 7 37
13 19 1 55
(198, 652)

Arvore 88
8 18 0 0
27 30 0 2
1 31 1 3
12 26 0 11
0 34 1 10
29 33 1 15
15 21 4 11
2 24 5 7
10 28 3 12
2 10 1 22
13 20 6 11
14 30 7 14
10 11 10 7
1 25 0 32
2 23 12 3
5 6 12 6
9 26 4 27
1 12 12 8
0 17 12 9
1 20 13 7
17 28 3 32
9 21 13 9
3 16 9 19
2 12 3 35
2 18 14 9
3 26 7 28
7 11 1 43
22 29 2 42
20 32 10 25
17 27 1 50
4 9 11 32
6 7 3 46
22 26 7 37
13 19 1 55
(189, 679)

Arvore 89
8 18 0 0
27 30 0 2
1 31 1 3
12 26 0 11
0 34 1 10
29 33 1 15
15 21 4 11
2 24 5 7
10 28 3 12
2 10 1 22
13 20 6 11
14 30 7 14
10 11 10 7
1 25 0 32
2 23 12 3
5 6 12 6
9 26 4 27
1 12 12 8
0 17 12 9
1 20 13 7
17 28 3 32
9 21 13 9
3 16 9 19
2 12 3 35
2 18 14 9
3 26 7 28
7 11 1 43
22 29 2 42
20 32 10 25
17 27 1 50
4 28 17 11
6 7 3 46
22 26 7 37
2 19 8 40
(202, 643)

Arvore 90
8 18 0 0
27 30 0 2
1 31 1 3
12 26 0 11
0 34 1 10
29 33 1 15
15 21 4 11
2 24 5 7
10 28 3 12
13 20 6 11
2 10 1 22
10 11 10 7
2 23 12 3
14 30 7 14
5 6 12 6
1 25 0 32
1 12 12 8
0 17 12 9
1 20 13 7
9 26 4 27
9 21 13 9
3 16 9 19
17 28 3 32
2 18 14 9
2 12 3 35
3 25 13 15
7 11 1 43
22 29 2 42
20 32 10 25
4 28 17 11
10 14 9 31
22 26 7 37
6 7 3 46
13 19 1 55
(209, 626)

Arvore 91
8 18 0 0
27 30 0 2
1 31 1 3
12 26 0 11
0 34 1 10
29 33 1 15
15 21 4 11
2 24 5 7
10 28 3 12
13 20 6 11
2 10 1 22
10 11 10 7
2 23 12 3
14 30 7 14
5 6 12 6
1 25 0 32
1 12 12 8
11 34 9 20
1 20 13 7
9 26 4 27
9 21 13 9
3 16 9 19
17 28 3 32
2 18 14 9
2 12 3 35
3 25 13 15
7 11 1 43
22 29 2 42
20 32 10 25
4 28 17 11
10 14 9 31
22 26 7 37
6 7 3 46
13 19 1 55
(206, 637)

Arvore 92
8 18 0 0
27 30 0 2
1 31 1 3
12 26 0 11
0 34 1 10
29 33 1 15
15 21 4 11
2 24 5 7
10 28 3 12
13 20 6 11
2 10 1 22
10 11 10 7
2 23 12 3
14 30 7 14
5 6 12 6
1 25 0 32
1 12 12 8
0 17 12 9
1 20 13 7
9 26 4 27
9 21 13 9
3 16 9 19
11 34 9 20
2 18 14 9
2 12 3 35
3 25 13 15
7 11 1 43
22 29 2 42
20 32 10 25
4 28 17 11
10 14 9 31
22 26 7 37
6 7 3 46
13 19 1 55
(215, 614)

Arvore 93
8 18 0 0
27 30 0 2
1 31 1 3
12 26 0 11
0 34 1 10
29 33 1 15
15 21 4 11
2 24 5 7
10 28 3 12
13 20 6 11
2 10 1 22
10 11 10 7
2 23 12 3
14 30 7 14
5 6 12 6
1 25 0 32
1 12 12 8
0 17 12 9
1 20 13 7
9 26 4 27
9 21 13 9
3 16 9 19
17 28 3 32
2 18 14 9
1 10 11 18
3 25 13 15
7 11 1 43
22 29 2 42
20 32 10 25
4 28 17 11
10 14 9 31
22 26 7 37
6 7 3 46
13 19 1 55
(217, 609)

Arvore 94
8 18 0 0
27 30 0 2
1 31 1 3
12 26 0 11
0 34 1 10
29 33 1 15
15 21 4 11
2 24 5 7
10 28 3 12
13 20 6 11
2 10 1 22
10 11 10 7
2 23 12 3
14 30 7 14
5 6 12 6
1 25 0 32
1 12 12 8
0 17 12 9
1 20 13 7
9 26 4 27
9 21 13 9
3 16 9 19
17 28 3 32
2 18 14 9
23 26 1 40
3 25 13 15
7 11 1 43
22 29 2 42
20 32 10 25
4 28 17 11
10 14 9 31
22 26 7 37
6 7 3 46
13 19 1 55
(207, 631)

Arvore 95
8 18 0 0
27 30 0 2
1 31 1 3
12 26 0 11
0 34 1 10
29 33 1 15
15 21 4 11
2 24 5 7
10 28 3 12
13 20 6 11
2 10 1 22
10 11 10 7
2 23 12 3
14 30 7 14
5 6 12 6
1 25 0 32
1 12 12 8
0 17 12 9
1 20 13 7
9 26 4 27
9 21 13 9
3 16 9 19
17 28 3 32
2 18 14 9
2 12 3 35
3 25 13 15
7 11 1 43
22 29 2 42
20 32 10 25
4 28 17 11
10 14 9 31
22 26 7 37
6 7 3 46
2 19 8 40
(216, 611)

Arvore 96
8 18 0 0
27 30 0 2
1 31 1 3
12 26 0 11
0 34 1 10
29 33 1 15
15 21 4 11
2 24 5 7
10 28 3 12
13 20 6 11
2 10 1 22
10 11 10 7
2 23 12 3
14 30 7 14
5 6 12 6
1 25 0 32
1 12 12 8
0 17 12 9
1 20 13 7
9 26 4 27
9 21 13 9
3 16 9 19
17 28 3 32
2 18 14 9
1 10 11 18
3 25 13 15
7 11 1 43
22 29 2 42
20 32 10 25
4 28 17 11
10 14 9 31
22 26 7 37
6 7 3 46
2 19 8 40
(224, 594)

Arvore 97
8 18 0 0
27 30 0 2
1 31 1 3
12 26 0 11
0 34 1 10
29 33 1 15
15 21 4 11
2 24 5 7
10 28 3 12
13 20 6 11
2 10 1 22
10 11 10 7
2 23 12 3
14 30 7 14
5 6 12 6
1 25 0 32
1 12 12 8
0 17 12 9
1 20 13 7
9 26 4 27
9 21 13 9
3 16 9 19
11 34 9 20
2 18 14 9
1 10 11 18
3 25 13 15
7 11 1 43
22 29 2 42
20 32 10 25
4 28 17 11
10 14 9 31
22 26 7 37
6 7 3 46
2 19 8 40
(230, 582)

Arvore 98
8 18 0 0
27 30 0 2
1 31 1 3
12 26 0 11
0 34 1 10
29 33 1 15
15 21 4 11
2 24 5 7
10 28 3 12
13 20 6 11
2 10 1 22
10 11 10 7
2 23 12 3
14 30 7 14
5 6 12 6
1 25 0 32
1 12 12 8
0 17 12 9
1 20 13 7
9 26 4 27
9 21 13 9
3 16 9 19
17 28 3 32
2 18 14 9
9 28 8 27
3 25 13 15
7 11 1 43
22 29 2 42
20 32 10 25
4 28 17 11
10 14 9 31
22 26 7 37
6 7 3 46
2 19 8 40
(221, 603)

Arvore 99
8 18 0 0
27 30 0 2
1 31 1 3
12 26 0 11
0 34 1 10
29 33 1 15
15 21 4 11
2 24 5 7
10 28 3 12
13 20 6 11
2 10 1 22
10 11 10 7
2 23 12 3
14 30 7 14
5 6 12 6
1 25 0 32
1 12 12 8
0 17 12 9
1 20 13 7
9 26 4 27
9 21 13 9
3 16 9 19
17 28 3 32
2 18 14 9
23 26 1 40
3 25 13 15
7 11 1 43
22 29 2 42
20 32 10 25
4 28 17 11
10 14 9 31
22 26 7 37
6 7 3 46
2 19 8 40
(214, 616)

Arvore 100
8 18 0 0
27 30 0 2
1 31 1 3
12 26 0 11
0 34 1 10
29 33 1 15
15 21 4 11
2 24 5 7
10 28 3 12
13 20 6 11
2 10 1 22
10 11 10 7
2 23 12 3
14 30 7 14
5 6 12 6
1 25 0 32
1 12 12 8
0 17 12 9
1 20 13 7
9 26 4 27
9 21 13 9
3 16 9 19
17 28 3 32
2 18 14 9
1 10 11 18
3 26 7 28
7 11 1 43
22 29 2 42
20 32 10 25
4 28 17 11
10 14 9 31
22 26 7 37
6 7 3 46
2 19 8 40
(218, 607)

Arvore 101
8 18 0 0
27 30 0 2
1 31 1 3
12 26 0 11
0 34 1 10
29 33 1 15
15 21 4 11
2 24 5 7
10 28 3 12
13 20 6 11
2 10 1 22
10 11 10 7
2 23 12 3
14 30 7 14
5 6 12 6
1 25 0 32
1 12 12 8
0 17 12 9
1 20 13 7
9 26 4 27
9 21 13 9
3 16 9 19
17 28 3 32
2 18 14 9
1 10 11 18
3 25 13 15
7 11 1 43
22 29 2 42
20 32 10 25
4 28 17 11
10 14 9 31
22 26 7 37
6 17 28 10
2 19 8 40
(249, 558)

Arvore 102
8 18 0 0
27 30 0 2
1 31 1 3
12 26 0 11
0 34 1 10
29 33 1 15
15 21 4 11
2 24 5 7
10 28 3 12
13 20 6 11
2 10 1 22
10 11 10 7
2 23 12 3
14 30 7 14
5 6 12 6
1 25 0 32
1 12 12 8
0 17 12 9
1 20 13 7
9 26 4 27
9 21 13 9
3 16 9 19
17 28 3 32
2 18 14 9
1 10 11 18
3 25 13 15
7 11 1 43
22 29 2 42
20 32 10 25
4 28 17 11
10 14 9 31
22 26 7 37
6 7 3 46
16 19 15 27
(231, 581)

Arvore 103
8 18 0 0
27 30 0 2
1 31 1 3
12 26 0 11
0 34 1 10
29 33 1 15
15 21 4 11
2 24 5 7
10 28 3 12
13 20 6 11
2 10 1 22
2 23 12 3
10 11 10 7
14 30 7 14
5 6 12 6
1 12 12 8
1 20 13 7
0 17 12 9
1 25 0 32
9 21 13 9
9 26 4 27
2 18 14 9
3 16 9 19
11 34 9 20
1 10 11 18
3 25 13 15
4 28 17 11
20 32 10 25
7 11 1 43
22 29 2 42
10 14 9 31
22 26 7 37
6 7 3 46
16 19 15 27
(237, 569)

Arvore 104
8 18 0 0
27 30 0 2
1 31 1 3
12 26 0 11
0 34 1 10
29 33 1 15
15 21 4 11
2 24 5 7
10 28 3 12
13 20 6 11
2 10 1 22
2 23 12 3
10 11 10 7
14 30 7 14
5 6 12 6
1 12 12 8
1 20 13 7
0 17 12 9
1 25 0 32
9 21 13 9
9 26 4 27
2 18 14 9
3 16 9 19
11 34 9 20
2 12 3 35
3 25 13 15
4 28 17 11
20 32 10 25
7 11 1 43
22 29 2 42
10 14 9 31
22 26 7 37
6 7 3 46
16 19 15 27
(229, 586)

Arvore 105
8 18 0 0
27 30 0 2
1 31 1 3
12 26 0 11
0 34 1 10
29 33 1 15
15 21 4 11
2 24 5 7
10 28 3 12
13 20 6 11
2 10 1 22
2 23 12 3
10 11 10 7
14 30 7 14
5 6 12 6
1 12 12 8
1 20 13 7
0 17 12 9
1 25 0 32
9 21 13 9
9 26 4 27
2 18 14 9
3 16 9 19
11 34 9 20
9 28 8 27
3 25 13 15
4 28 17 11
20 32 10 25
7 11 1 43
22 29 2 42
10 14 9 31
22 26 7 37
6 7 3 46
16 19 15 27
(234, 578)

Arvore 106
8 18 0 0
27 30 0 2
1 31 1 3
12 26 0 11
0 34 1 10
29 33 1 15
15 21 4 11
2 24 5 7
10 28 3 12
13 20 6 11
2 10 1 22
2 23 12 3
10 11 10 7
14 30 7 14
5 6 12 6
1 12 12 8
1 20 13 7
0 17 12 9
1 25 0 32
9 21 13 9
9 26 4 27
2 18 14 9
3 16 9 19
11 34 9 20
23 26 1 40
3 25 13 15
4 28 17 11
20 32 10 25
7 11 1 43
22 29 2 42
10 14 9 31
22 26 7 37
6 7 3 46
16 19 15 27
(227, 591)

Arvore 107
8 18 0 0
27 30 0 2
1 31 1 3
12 26 0 11
0 34 1 10
29 33 1 15
15 21 4 11
2 24 5 7
10 28 3 12
13 20 6 11
2 10 1 22
2 23 12 3
10 11 10 7
14 30 7 14
5 6 12 6
1 12 12 8
1 20 13 7
0 17 12 9
1 25 0 32
9 21 13 9
9 26 4 27
2 18 14 9
3 16 9 19
11 34 9 20
1 10 11 18
3 25 13 15
4 28 17 11
20 32 10 25
7 11 1 43
22 29 2 42
22 27 23 12
22 26 7 37
6 7 3 46
16 19 15 27
(251, 550)

Arvore 108
8 18 0 0
27 30 0 2
1 31 1 3
12 26 0 11
0 34 1 10
29 33 1 15
15 21 4 11
2 24 5 7
10 28 3 12
13 20 6 11
2 10 1 22
2 23 12 3
10 11 10 7
14 30 7 14
5 6 12 6
1 12 12 8
1 20 13 7
0 17 12 9
1 25 0 32
9 21 13 9
9 26 4 27
2 18 14 9
3 16 9 19
11 34 9 20
1 10 11 18
3 25 13 15
4 28 17 11
20 32 10 25
7 11 1 43
22 29 2 42
25 30 15 23
22 26 7 37
6 7 3 46
16 19 15 27
(243, 561)

Arvore 109
8 18 0 0
27 30 0 2
1 31 1 3
12 26 0 11
0 34 1 10
29 33 1 15
15 21 4 11
2 24 5 7
10 28 3 12
13 20 6 11
2 10 1 22
2 23 12 3
10 11 10 7
14 30 7 14
5 6 12 6
1 12 12 8
1 20 13 7
0 17 12 9
1 25 0 32
9 21 13 9
9 26 4 27
2 18 14 9
3 16 9 19
11 34 9 20
1 10 11 18
3 25 13 15
4 28 17 11
20 32 10 25
7 11 1 43
22 29 2 42
10 14 9 31
22 27 23 12
6 7 3 46
16 19 15 27
(253, 544)

Arvore 110
8 18 0 0
27 30 0 2
1 31 1 3
12 26 0 11
0 34 1 10
29 33 1 15
15 21 4 11
2 24 5 7
10 28 3 12
13 20 6 11
2 10 1 22
2 23 12 3
10 11 10 7
14 30 7 14
5 6 12 6
1 12 12 8
1 20 13 7
0 17 12 9
1 25 0 32
9 21 13 9
9 26 4 27
2 18 14 9
3 16 9 19
11 34 9 20
1 10 11 18
3 25 13 15
4 28 17 11
20 32 10 25
7 11 1 43
22 29 2 42
10 14 9 31
29 32 27 11
6 7 3 46
16 19 15 27
(257, 543)

Arvore 111
8 18 0 0
27 30 0 2
1 31 1 3
12 26 0 11
0 34 1 10
29 33 1 15
15 21 4 11
2 24 5 7
10 28 3 12
13 20 6 11
2 10 1 22
2 23 12 3
10 11 10 7
14 30 7 14
5 6 12 6
1 12 12 8
1 20 13 7
0 17 12 9
1 25 0 32
9 21 13 9
9 26 4 27
2 18 14 9
3 16 9 19
11 34 9 20
1 10 11 18
3 25 13 15
4 28 17 11
20 32 10 25
7 11 1 43
22 29 2 42
10 14 9 31
22 26 7 37
5 31 24 14
16 19 15 27
(258, 537)

Arvore 112
8 18 0 0
27 30 0 2
1 31 1 3
12 26 0 11
0 34 1 10
29 33 1 15
15 21 4 11
2 24 5 7
10 28 3 12
13 20 6 11
2 10 1 22
2 23 12 3
10 11 10 7
14 30 7 14
5 6 12 6
1 12 12 8
1 20 13 7
0 17 12 9
1 25 0 32
9 21 13 9
9 26 4 27
2 18 14 9
3 16 9 19
11 34 9 20
1 10 11 18
3 25 13 15
4 28 17 11
20 32 10 25
7 11 1 43
22 29 2 42
10 14 9 31
22 26 7 37
6 17 28 10
16 19 15 27
(262, 533)

Arvore 113
8 18 0 0
27 30 0 2
1 31 1 3
12 26 0 11
0 34 1 10
29 33 1 15
15 21 4 11
2 24 5 7
10 28 3 12
13 20 6 11
2 10 1 22
2 23 12 3
10 11 10 7
14 30 7 14
5 6 12 6
1 12 12 8
1 20 13 7
0 17 12 9
1 25 0 32
9 21 13 9
9 26 4 27
2 18 14 9
3 16 9 19
11 34 9 20
1 10 11 18
3 25 13 15
4 28 17 11
20 32 10 25
7 11 1 43
22 29 2 42
10 14 9 31
22 26 7 37
6 7 3 46
13 19 1 55
(223, 597)

Arvore 114
8 18 0 0
27 30 0 2
1 31 1 3
12 26 0 11
0 34 1 10
29 33 1 15
15 21 4 11
2 24 5 7
10 28 3 12
13 20 6 11
2 23 12 3
10 11 10 7
2 10 1 22
5 6 12 6
14 30 7 14
1 12 12 8
1 20 13 7
0 17 12 9
9 21 13 9
2 18 14 9
1 25 0 32
3 16 9 19
9 26 4 27
11 34 9 20
1 10 11 18
3 25 13 15
4 28 17 11
20 32 10 25
7 11 1 43
10 14 9 31
22 29 2 42
22 27 23 12
16 19 15 27
5 31 24 14
(274, 512)

Arvore 115
8 18 0 0
27 30 0 2
1 31 1 3
12 26 0 11
0 34 1 10
29 33 1 15
15 21 4 11
2 24 5 7
10 28 3 12
13 20 6 11
2 23 12 3
10 11 10 7
2 10 1 22
5 6 12 6
14 30 7 14
1 12 12 8
1 20 13 7
0 17 12 9
9 21 13 9
2 18 14 9
1 25 0 32
3 16 9 19
9 26 4 27
17 28 3 32
1 10 11 18
3 25 13 15
4 28 17 11
20 32 10 25
7 11 1 43
10 14 9 31
22 29 2 42
22 27 23 12
16 19 15 27
5 31 24 14
(268, 524)

Arvore 116
8 18 0 0
27 30 0 2
1 31 1 3
12 26 0 11
0 34 1 10
29 33 1 15
15 21 4 11
2 24 5 7
10 28 3 12
13 20 6 11
2 23 12 3
10 11 10 7
2 10 1 22
5 6 12 6
14 30 7 14
1 12 12 8
1 20 13 7
0 17 12 9
9 21 13 9
2 18 14 9
1 25 0 32
3 16 9 19
9 26 4 27
11 34 9 20
2 12 3 35
3 25 13 15
4 28 17 11
20 32 10 25
7 11 1 43
10 14 9 31
22 29 2 42
22 27 23 12
16 19 15 27
5 31 24 14
(266, 529)

Arvore 117
8 18 0 0
27 30 0 2
1 31 1 3
12 26 0 11
0 34 1 10
29 33 1 15
15 21 4 11
2 24 5 7
10 28 3 12
13 20 6 11
2 23 12 3
10 11 10 7
2 10 1 22
5 6 12 6
14 30 7 14
1 12 12 8
1 20 13 7
0 17 12 9
9 21 13 9
2 18 14 9
1 25 0 32
3 16 9 19
9 26 4 27
11 34 9 20
9 28 8 27
3 25 13 15
4 28 17 11
20 32 10 25
7 11 1 43
10 14 9 31
22 29 2 42
22 27 23 12
16 19 15 27
5 31 24 14
(271, 521)

Arvore 118
8 18 0 0
27 30 0 2
1 31 1 3
12 26 0 11
0 34 1 10
29 33 1 15
15 21 4 11
2 24 5 7
10 28 3 12
13 20 6 11
2 23 12 3
10 11 10 7
2 10 1 22
5 6 12 6
14 30 7 14
1 12 12 8
1 20 13 7
0 17 12 9
9 21 13 9
2 18 14 9
1 25 0 32
3 16 9 19
9 26 4 27
11 34 9 20
1 10 11 18
3 25 13 15
4 28 17 11
20 32 10 25
7 11 1 43
22 26 7 37
22 29 2 42
22 27 23 12
16 19 15 27
5 31 24 14
(272, 518)

Arvore 119
8 18 0 0
27 30 0 2
1 31 1 3
12 26 0 11
0 34 1 10
29 33 1 15
15 21 4 11
2 24 5 7
10 28 3 12
13 20 6 11
2 23 12 3
10 11 10 7
2 10 1 22
5 6 12 6
14 30 7 14
1 12 12 8
1 20 13 7
0 17 12 9
9 21 13 9
2 18 14 9
1 25 0 32
3 16 9 19
9 26 4 27
11 34 9 20
1 10 11 18
3 25 13 15
4 28 17 11
20 32 10 25
7 11 1 43
25 30 15 23
22 29 2 42
22 27 23 12
16 19 15 27
5 31 24 14
(280, 504)

Arvore 120
8 18 0 0
27 30 0 2
1 31 1 3
12 26 0 11
0 34 1 10
29 33 1 15
15 21 4 11
2 24 5 7
10 28 3 12
13 20 6 11
2 23 12 3
10 11 10 7
2 10 1 22
5 6 12 6
14 30 7 14
1 12 12 8
1 20 13 7
0 17 12 9
9 21 13 9
2 18 14 9
1 25 0 32
3 16 9 19
9 26 4 27
11 34 9 20
1 10 11 18
3 25 13 15
4 28 17 11
20 32 10 25
7 11 1 43
29 32 27 11
22 29 2 42
22 27 23 12
16 19 15 27
5 31 24 14
(292, 492)

Arvore 121
8 18 0 0
27 30 0 2
1 31 1 3
12 26 0 11
0 34 1 10
29 33 1 15
15 21 4 11
2 24 5 7
10 28 3 12
13 20 6 11
2 23 12 3
10 11 10 7
2 10 1 22
5 6 12 6
14 30 7 14
1 12 12 8
1 20 13 7
0 17 12 9
9 21 13 9
2 18 14 9
1 25 0 32
3 16 9 19
9 26 4 27
11 34 9 20
1 10 11 18
3 25 13 15
4 28 17 11
20 32 10 25
7 11 1 43
10 14 9 31
29 32 27 11
22 27 23 12
16 19 15 27
5 31 24 14
(299, 481)

Arvore 122
8 18 0 0
27 30 0 2
1 31 1 3
12 26 0 11
0 34 1 10
29 33 1 15
15 21 4 11
2 24 5 7
10 28 3 12
13 20 6 11
2 23 12 3
10 11 10 7
2 10 1 22
5 6 12 6
14 30 7 14
1 12 12 8
1 20 13 7
0 17 12 9
9 21 13 9
2 18 14 9
1 25 0 32
3 16 9 19
9 26 4 27
11 34 9 20
1 10 11 18
3 25 13 15
4 28 17 11
20 32 10 25
7 11 1 43
10 14 9 31
22 29 2 42
22 27 23 12
2 19 8 40
5 31 24 14
(267, 525)

Arvore 123
8 18 0 0
27 30 0 2
1 31 1 3
12 26 0 11
0 34 1 10
29 33 1 15
15 21 4 11
2 24 5 7
10 28 3 12
13 20 6 11
2 23 12 3
10 11 10 7
2 10 1 22
5 6 12 6
14 30 7 14
1 12 12 8
1 20 13 7
0 17 12 9
9 21 13 9
2 18 14 9
1 25 0 32
3 16 9 19
9 26 4 27
11 34 9 20
1 10 11 18
3 25 13 15
4 28 17 11
20 32 10 25
7 11 1 43
10 14 9 31
22 29 2 42
22 27 23 12
16 19 15 27
6 17 28 10
(278, 508)

Arvore 124
8 18 0 0
27 30 0 2
1 31 1 3
12 26 0 11
0 34 1 10
15 21 4 11
29 33 1 15
2 24 5 7
10 28 3 12
2 23 12 3
13 20 6 11
10 11 10 7
5 6 12 6
14 30 7 14
1 12 12 8
1 20 13 7
2 10 1 22
0 17 12 9
9 21 13 9
2 18 14 9
3 16 9 19
3 25 13 15
11 34 9 20
1 10 11 18
9 26 4 27
1 25 0 32
4 28 17 11
20 32 10 25
22 27 23 12
25 30 15 23
5 31 24 14
7 11 1 43
29 32 27 11
16 19 15 27
(305, 473)

Arvore 125
8 18 0 0
27 30 0 2
1 31 1 3
12 26 0 11
0 34 1 10
15 21 4 11
29 33 1 15
2 24 5 7
10 28 3 12
2 23 12 3
13 20 6 11
10 11 10 7
5 6 12 6
14 30 7 14
1 12 12 8
1 20 13 7
2 10 1 22
0 17 12 9
9 21 13 9
2 18 14 9
3 16 9 19
3 25 13 15
11 34 9 20
8 16 27 9
9 26 4 27
1 25 0 32
4 28 17 11
20 32 10 25
22 27 23 12
25 30 15 23
5 31 24 14
7 11 1 43
29 32 27 11
16 19 15 27
(321, 464)

Arvore 126
8 18 0 0
27 30 0 2
1 31 1 3
12 26 0 11
0 34 1 10
15 21 4 11
29 33 1 15
2 24 5 7
10 28 3 12
2 23 12 3
13 20 6 11
10 11 10 7
5 6 12 6
14 30 7 14
1 12 12 8
1 20 13 7
2 10 1 22
0 17 12 9
9 21 13 9
2 18 14 9
3 16 9 19
3 25 13 15
11 34 9 20
1 10 11 18
9 17 15 21
1 25 0 32
4 28 17 11
20 32 10 25
22 27 23 12
25 30 15 23
5 31 24 14
7 11 1 43
29 32 27 11
16 19 15 27
(316, 467)

Arvore 127
8 18 0 0
27 30 0 2
1 31 1 3
12 26 0 11
0 34 1 10
15 21 4 11
29 33 1 15
2 24 5 7
10 28 3 12
2 23 12 3
13 20 6 11
10 11 10 7
5 6 12 6
14 30 7 14
1 12 12 8
1 20 13 7
2 10 1 22
0 17 12 9
9 21 13 9
2 18 14 9
3 16 9 19
3 25 13 15
11 34 9 20
1 10 11 18
9 26 4 27
3 20 17 20
4 28 17 11
20 32 10 25
22 27 23 12
25 30 15 23
5 31 24 14
7 11 1 43
29 32 27 11
16 19 15 27
(322, 461)

Arvore 128
8 18 0 0
27 30 0 2
1 31 1 3
12 26 0 11
0 34 1 10
15 21 4 11
29 33 1 15
2 24 5 7
10 28 3 12
2 23 12 3
13 20 6 11
10 11 10 7
5 6 12 6
14 30 7 14
1 12 12 8
1 20 13 7
2 10 1 22
0 17 12 9
9 21 13 9
2 18 14 9
3 16 9 19
3 25 13 15
11 34 9 20
1 10 11 18
9 26 4 27
8 16 27 9
4 28 17 11
20 32 10 25
22 27 23 12
25 30 15 23
5 31 24 14
7 11 1 43
29 32 27 11
16 19 15 27
(332, 450)

Arvore 129
8 18 0 0
27 30 0 2
1 31 1 3
12 26 0 11
0 34 1 10
15 21 4 11
29 33 1 15
2 24 5 7
10 28 3 12
2 23 12 3
13 20 6 11
10 11 10 7
5 6 12 6
14 30 7 14
1 12 12 8
1 20 13 7
2 10 1 22
0 17 12 9
9 21 13 9
2 18 14 9
3 16 9 19
3 25 13 15
11 34 9 20
1 10 11 18
9 26 4 27
1 25 0 32
4 28 17 11
20 32 10 25
22 26 7 37
25 30 15 23
5 31 24 14
7 11 1 43
29 32 27 11
16 19 15 27
(289, 498)

Arvore 130
8 18 0 0
27 30 0 2
1 31 1 3
12 26 0 11
0 34 1 10
15 21 4 11
29 33 1 15
2 24 5 7
10 28 3 12
2 23 12 3
13 20 6 11
10 11 10 7
5 6 12 6
14 30 7 14
1 12 12 8
1 20 13 7
2 10 1 22
0 17 12 9
9 21 13 9
2 18 14 9
3 16 9 19
3 25 13 15
11 34 9 20
1 10 11 18
9 26 4 27
1 25 0 32
4 28 17 11
20 32 10 25
22 29 2 42
25 30 15 23
5 31 24 14
7 11 1 43
29 32 27 11
16 19 15 27
(284, 503)

Arvore 131
8 18 0 0
27 30 0 2
1 31 1 3
12 26 0 11
0 34 1 10
15 21 4 11
29 33 1 15
2 24 5 7
10 28 3 12
2 23 12 3
13 20 6 11
10 11 10 7
5 6 12 6
14 30 7 14
1 12 12 8
1 20 13 7
2 10 1 22
0 17 12 9
9 21 13 9
2 18 14 9
3 16 9 19
3 25 13 15
11 34 9 20
1 10 11 18
9 26 4 27
1 25 0 32
4 28 17 11
20 32 10 25
22 27 23 12
22 26 7 37
5 31 24 14
7 11 1 43
29 32 27 11
16 19 15 27
(297, 487)

Arvore 132
8 18 0 0
27 30 0 2
1 31 1 3
12 26 0 11
0 34 1 10
15 21 4 11
29 33 1 15
2 24 5 7
10 28 3 12
2 23 12 3
13 20 6 11
10 11 10 7
5 6 12 6
14 30 7 14
1 12 12 8
1 20 13 7
2 10 1 22
0 17 12 9
9 21 13 9
2 18 14 9
3 16 9 19
3 25 13 15
11 34 9 20
1 10 11 18
9 26 4 27
1 25 0 32
4 28 17 11
20 32 10 25
22 27 23 12
25 30 15 23
6 17 28 10
7 11 1 43
29 32 27 11
16 19 15 27
(309, 469)

Arvore 133
8 18 0 0
27 30 0 2
1 31 1 3
12 26 0 11
0 34 1 10
15 21 4 11
29 33 1 15
2 24 5 7
10 28 3 12
2 23 12 3
13 20 6 11
10 11 10 7
5 6 12 6
14 30 7 14
1 12 12 8
1 20 13 7
2 10 1 22
0 17 12 9
9 21 13 9
2 18 14 9
3 16 9 19
3 25 13 15
11 34 9 20
1 10 11 18
9 26 4 27
1 25 0 32
4 28 17 11
20 32 10 25
22 27 23 12
25 30 15 23
5 31 24 14
7 19 34 13
29 32 27 11
16 19 15 27
(338, 443)

Arvore 134
8 18 0 0
27 30 0 2
1 31 1 3
12 26 0 11
0 34 1 10
15 21 4 11
29 33 1 15
2 24 5 7
10 28 3 12
2 23 12 3
13 20 6 11
10 11 10 7
5 6 12 6
14 30 7 14
1 12 12 8
1 20 13 7
2 10 1 22
0 17 12 9
9 21 13 9
2 18 14 9
3 16 9 19
3 25 13 15
11 34 9 20
1 10 11 18
9 26 4 27
1 25 0 32
4 28 17 11
20 32 10 25
22 27 23 12
25 30 15 23
5 31 24 14
7 11 1 43
27 29 26 17
16 19 15 27
(304, 479)

Arvore 135
8 18 0 0
27 30 0 2
1 31 1 3
12 26 0 11
0 34 1 10
15 21 4 11
29 33 1 15
2 24 5 7
10 28 3 12
2 23 12 3
13 20 6 11
10 11 10 7
5 6 12 6
14 30 7 14
1 12 12 8
1 20 13 7
2 10 1 22
0 17 12 9
9 21 13 9
2 18 14 9
3 16 9 19
3 25 13 15
11 34 9 20
1 10 11 18
9 26 4 27
1 25 0 32
4 28 17 11
20 32 10 25
22 27 23 12
25 30 15 23
5 31 24 14
7 11 1 43
29 32 27 11
2 19 8 40
(298, 486)

Arvore 136
8 18 0 0
27 30 0 2
1 31 1 3
12 26 0 11
0 34 1 10
15 21 4 11
29 33 1 15
2 24 5 7
10 28 3 12
2 23 12 3
13 20 6 11
10 11 10 7
5 6 12 6
14 30 7 14
1 12 12 8
1 20 13 7
2 10 1 22
0 17 12 9
9 21 13 9
2 18 14 9
3 16 9 19
3 25 13 15
11 34 9 20
1 10 11 18
9 26 4 27
1 25 0 32
4 28 17 11
20 32 10 25
22 27 23 12
25 30 15 23
5 31 24 14
7 11 1 43
29 32 27 11
7 19 34 13
(324, 459)

Arvore 137
8 18 0 0
27 30 0 2
1 31 1 3
0 34 1 10
12 26 0 11
15 21 4 11
29 33 1 15
2 24 5 7
2 23 12 3
10 28 3 12
10 11 10 7
13 20 6 11
5 6 12 6
1 20 13 7
1 12 12 8
0 17 12 9
14 30 7 14
9 21 13 9
2 18 14 9
2 10 1 22
4 28 17 11
3 25 13 15
3 16 9 19
1 10 11 18
11 34 9 20
9 26 4 27
1 25 0 32
22 27 23 12
20 32 10 25
6 17 28 10
29 32 27 11
25 30 15 23
16 19 15 27
7 19 34 13
(342, 439)

Arvore 138
8 18 0 0
27 30 0 2
1 31 1 3
0 34 1 10
12 26 0 11
15 21 4 11
29 33 1 15
2 24 5 7
2 23 12 3
10 28 3 12
10 11 10 7
13 20 6 11
5 6 12 6
1 20 13 7
1 12 12 8
0 17 12 9
14 30 7 14
9 21 13 9
2 18 14 9
4 24 24 7
4 28 17 11
3 25 13 15
3 16 9 19
1 10 11 18
11 34 9 20
9 26 4 27
1 25 0 32
22 27 23 12
20 32 10 25
6 17 28 10
29 32 27 11
25 30 15 23
16 19 15 27
7 19 34 13
(365, 424)

Arvore 139
8 18 0 0
27 30 0 2
1 31 1 3
0 34 1 10
12 26 0 11
15 21 4 11
29 33 1 15
2 24 5 7
2 23 12 3
10 28 3 12
10 11 10 7
13 20 6 11
5 6 12 6
1 20 13 7
1 12 12 8
0 17 12 9
14 30 7 14
9 21 13 9
2 18 14 9
2 10 1 22
4 24 24 7
3 25 13 15
3 16 9 19
1 10 11 18
11 34 9 20
9 26 4 27
1 25 0 32
22 27 23 12
20 32 10 25
6 17 28 10
29 32 27 11
25 30 15 23
16 19 15 27
7 19 34 13
(349, 435)

Arvore 140
8 18 0 0
27 30 0 2
1 31 1 3
0 34 1 10
12 26 0 11
15 21 4 11
29 33 1 15
2 24 5 7
2 23 12 3
10 28 3 12
10 11 10 7
13 20 6 11
5 6 12 6
1 20 13 7
1 12 12 8
0 17 12 9
14 30 7 14
9 21 13 9
2 18 14 9
2 10 1 22
4 28 17 11
3 25 13 15
3 16 9 19
8 16 27 9
11 34 9 20
9 26 4 27
1 25 0 32
22 27 23 12
20 32 10 25
6 17 28 10
29 32 27 11
25 30 15 23
16 19 15 27
7 19 34 13
(358, 430)

Arvore 141
8 18 0 0
27 30 0 2
1 31 1 3
0 34 1 10
12 26 0 11
15 21 4 11
29 33 1 15
2 24 5 7
2 23 12 3
10 28 3 12
10 11 10 7
13 20 6 11
5 6 12 6
1 20 13 7
1 12 12 8
0 17 12 9
14 30 7 14
9 21 13 9
2 18 14 9
2 10 1 22
4 28 17 11
3 25 13 15
3 16 9 19
1 10 11 18
11 34 9 20
9 17 15 21
1 25 0 32
22 27 23 12
20 32 10 25
6 17 28 10
29 32 27 11
25 30 15 23
16 19 15 27
7 19 34 13
(353, 433)

Arvore 142
8 18 0 0
27 30 0 2
1 31 1 3
0 34 1 10
12 26 0 11
15 21 4 11
29 33 1 15
2 24 5 7
2 23 12 3
10 28 3 12
10 11 10 7
13 20 6 11
5 6 12 6
1 20 13 7
1 12 12 8
0 17 12 9
14 30 7 14
9 21 13 9
2 18 14 9
2 10 1 22
4 28 17 11
3 25 13 15
3 16 9 19
1 10 11 18
11 34 9 20
9 26 4 27
3 20 17 20
22 27 23 12
20 32 10 25
6 17 28 10
29 32 27 11
25 30 15 23
16 19 15 27
7 19 34 13
(359, 427)

Arvore 143
8 18 0 0
27 30 0 2
1 31 1 3
0 34 1 10
12 26 0 11
15 21 4 11
29 33 1 15
2 24 5 7
2 23 12 3
10 28 3 12
10 11 10 7
13 20 6 11
5 6 12 6
1 20 13 7
1 12 12 8
0 17 12 9
14 30 7 14
9 21 13 9
2 18 14 9
2 10 1 22
4 28 17 11
3 25 13 15
3 16 9 19
1 10 11 18
11 34 9 20
9 26 4 27
8 16 27 9
22 27 23 12
20 32 10 25
6 17 28 10
29 32 27 11
25 30 15 23
16 19 15 27
7 19 34 13
(369, 416)

Arvore 144
8 18 0 0
27 30 0 2
1 31 1 3
0 34 1 10
12 26 0 11
15 21 4 11
29 33 1 15
2 24 5 7
2 23 12 3
10 28 3 12
10 11 10 7
13 20 6 11
5 6 12 6
1 20 13 7
1 12 12 8
0 17 12 9
14 30 7 14
9 21 13 9
2 18 14 9
2 10 1 22
4 28 17 11
3 25 13 15
3 16 9 19
1 10 11 18
11 34 9 20
9 26 4 27
1 25 0 32
22 27 23 12
20 32 10 25
6 17 28 10
29 32 27 11
0 27 37 10
16 19 15 27
7 19 34 13
(364, 426)

Arvore 145
8 18 0 0
27 30 0 2
1 31 1 3
0 34 1 10
12 26 0 11
15 21 4 11
29 33 1 15
2 24 5 7
2 23 12 3
10 28 3 12
10 11 10 7
13 20 6 11
5 6 12 6
1 20 13 7
1 12 12 8
0 17 12 9
14 30 7 14
9 21 13 9
2 18 14 9
2 10 1 22
4 28 17 11
3 25 13 15
3 16 9 19
1 10 11 18
11 34 9 20
9 26 4 27
1 25 0 32
22 27 23 12
20 32 10 25
6 17 28 10
29 32 27 11
10 14 9 31
16 19 15 27
7 19 34 13
(336, 447)

Arvore 146
8 18 0 0
27 30 0 2
1 31 1 3
0 34 1 10
12 26 0 11
15 21 4 11
29 33 1 15
2 24 5 7
2 23 12 3
10 28 3 12
10 11 10 7
13 20 6 11
5 6 12 6
1 20 13 7
1 12 12 8
0 17 12 9
14 30 7 14
9 21 13 9
2 18 14 9
2 10 1 22
4 28 17 11
3 25 13 15
3 16 9 19
1 10 11 18
11 34 9 20
9 26 4 27
1 25 0 32
22 27 23 12
20 32 10 25
6 17 28 10
29 32 27 11
25 30 15 23
7 11 1 43
7 19 34 13
(328, 455)

Arvore 147
8 18 0 0
27 30 0 2
1 31 1 3
0 34 1 10
12 26 0 11
15 21 4 11
29 33 1 15
2 24 5 7
2 23 12 3
10 11 10 7
5 6 12 6
10 28 3 12
13 20 6 11
1 20 13 7
1 12 12 8
0 17 12 9
9 21 13 9
2 18 14 9
14 30 7 14
4 28 17 11
4 24 24 7
3 25 13 15
3 16 9 19
1 10 11 18
11 34 9 20
8 16 27 9
22 27 23 12
6 17 28 10
29 32 27 11
9 26 4 27
20 32 10 25
25 30 15 23
7 19 34 13
16 19 15 27
(392, 401)

Arvore 148
8 18 0 0
27 30 0 2
1 31 1 3
0 34 1 10
12 26 0 11
15 21 4 11
29 33 1 15
2 24 5 7
2 23 12 3
10 11 10 7
5 6 12 6
10 28 3 12
13 20 6 11
1 20 13 7
1 12 12 8
0 17 12 9
9 21 13 9
2 18 14 9
14 30 7 14
2 10 1 22
4 24 24 7
3 25 13 15
3 16 9 19
1 10 11 18
11 34 9 20
8 16 27 9
22 27 23 12
6 17 28 10
29 32 27 11
9 26 4 27
20 32 10 25
25 30 15 23
7 19 34 13
16 19 15 27
(376, 412)

Arvore 149
8 18 0 0
27 30 0 2
1 31 1 3
0 34 1 10
12 26 0 11
15 21 4 11
29 33 1 15
2 24 5 7
2 23 12 3
10 11 10 7
5 6 12 6
10 28 3 12
13 20 6 11
1 20 13 7
1 12 12 8
0 17 12 9
9 21 13 9
2 18 14 9
14 30 7 14
4 28 17 11
4 24 24 7
3 25 13 15
3 16 9 19
1 10 11 18
11 34 9 20
8 16 27 9
22 27 23 12
5 31 24 14
29 32 27 11
9 26 4 27
20 32 10 25
25 30 15 23
7 19 34 13
16 19 15 27
(388, 405)

Arvore 150
8 18 0 0
27 30 0 2
1 31 1 3
0 34 1 10
12 26 0 11
15 21 4 11
29 33 1 15
2 24 5 7
2 23 12 3
10 11 10 7
5 6 12 6
10 28 3 12
13 20 6 11
1 20 13 7
1 12 12 8
0 17 12 9
9 21 13 9
2 18 14 9
14 30 7 14
4 28 17 11
4 24 24 7
3 25 13 15
3 16 9 19
1 10 11 18
11 34 9 20
8 16 27 9
22 27 23 12
6 15 37 8
29 32 27 11
9 26 4 27
20 32 10 25
25 30 15 23
7 19 34 13
16 19 15 27
(401, 399)

Arvore 151
8 18 0 0
27 30 0 2
1 31 1 3
0 34 1 10
12 26 0 11
15 21 4 11
29 33 1 15
2 24 5 7
2 23 12 3
10 11 10 7
5 6 12 6
10 28 3 12
13 20 6 11
1 20 13 7
1 12 12 8
0 17 12 9
9 21 13 9
2 18 14 9
14 30 7 14
4 28 17 11
4 24 24 7
3 25 13 15
3 16 9 19
1 10 11 18
11 34 9 20
8 16 27 9
22 27 23 12
6 17 28 10
29 32 27 11
6 15 37 8
20 32 10 25
25 30 15 23
7 19 34 13
16 19 15 27
(425, 382)

Arvore 152
8 18 0 0
27 30 0 2
1 31 1 3
0 34 1 10
12 26 0 11
15 21 4 11
29 33 1 15
2 24 5 7
2 23 12 3
10 11 10 7
5 6 12 6
10 28 3 12
13 20 6 11
1 20 13 7
1 12 12 8
0 17 12 9
9 21 13 9
2 18 14 9
14 30 7 14
4 28 17 11
4 24 24 7
3 25 13 15
3 16 9 19
1 10 11 18
11 34 9 20
8 16 27 9
22 27 23 12
6 17 28 10
29 32 27 11
8 15 24 17
20 32 10 25
25 30 15 23
7 19 34 13
16 19 15 27
(412, 391)

Arvore 153
8 18 0 0
27 30 0 2
1 31 1 3
0 34 1 10
12 26 0 11
15 21 4 11
29 33 1 15
2 24 5 7
2 23 12 3
10 11 10 7
5 6 12 6
10 28 3 12
13 20 6 11
1 20 13 7
1 12 12 8
0 17 12 9
9 21 13 9
2 18 14 9
14 30 7 14
4 28 17 11
4 24 24 7
3 25 13 15
3 16 9 19
1 10 11 18
11 34 9 20
8 16 27 9
22 27 23 12
6 17 28 10
29 32 27 11
9 12 28 13
20 32 10 25
25 30 15 23
7 19 34 13
16 19 15 27
(416, 387)

Arvore 154
8 18 0 0
27 30 0 2
1 31 1 3
0 34 1 10
12 26 0 11
15 21 4 11
29 33 1 15
2 24 5 7
2 23 12 3
10 11 10 7
5 6 12 6
10 28 3 12
13 20 6 11
1 20 13 7
1 12 12 8
0 17 12 9
9 21 13 9
2 18 14 9
14 30 7 14
4 28 17 11
4 24 24 7
3 25 13 15
3 16 9 19
1 10 11 18
11 34 9 20
8 16 27 9
22 27 23 12
6 17 28 10
29 32 27 11
9 17 15 21
20 32 10 25
25 30 15 23
7 19 34 13
16 19 15 27
(403, 395)

Arvore 155
8 18 0 0
27 30 0 2
1 31 1 3
0 34 1 10
12 26 0 11
15 21 4 11
29 33 1 15
2 24 5 7
2 23 12 3
10 11 10 7
5 6 12 6
10 28 3 12
13 20 6 11
1 20 13 7
1 12 12 8
0 17 12 9
9 21 13 9
2 18 14 9
14 30 7 14
4 28 17 11
4 24 24 7
3 25 13 15
3 16 9 19
1 10 11 18
11 34 9 20
8 16 27 9
22 27 23 12
6 17 28 10
29 32 27 11
9 26 4 27
27 29 26 17
25 30 15 23
7 19 34 13
16 19 15 27
(408, 393)

Arvore 156
8 18 0 0
27 30 0 2
1 31 1 3
0 34 1 10
12 26 0 11
15 21 4 11
29 33 1 15
2 24 5 7
2 23 12 3
10 11 10 7
5 6 12 6
10 28 3 12
13 20 6 11
1 20 13 7
1 12 12 8
0 17 12 9
9 21 13 9
2 18 14 9
14 30 7 14
4 28 17 11
4 24 24 7
3 25 13 15
3 16 9 19
1 10 11 18
11 34 9 20
8 16 27 9
22 27 23 12
6 17 28 10
29 32 27 11
9 26 4 27
20 32 10 25
0 27 37 10
7 19 34 13
16 19 15 27
(414, 388)

Arvore 157
8 18 0 0
27 30 0 2
1 31 1 3
0 34 1 10
12 26 0 11
15 21 4 11
29 33 1 15
2 24 5 7
2 23 12 3
10 11 10 7
5 6 12 6
10 28 3 12
13 20 6 11
1 20 13 7
1 12 12 8
0 17 12 9
9 21 13 9
2 18 14 9
14 30 7 14
4 28 17 11
4 24 24 7
3 25 13 15
3 16 9 19
1 10 11 18
11 34 9 20
8 16 27 9
22 27 23 12
6 17 28 10
29 32 27 11
9 26 4 27
20 32 10 25
10 14 9 31
7 19 34 13
16 19 15 27
(386, 409)

Arvore 158
8 18 0 0
27 30 0 2
1 31 1 3
0 34 1 10
12 26 0 11
15 21 4 11
29 33 1 15
2 24 5 7
2 23 12 3
10 11 10 7
5 6 12 6
10 28 3 12
13 20 6 11
1 20 13 7
1 12 12 8
0 17 12 9
9 21 13 9
2 18 14 9
14 30 7 14
4 28 17 11
4 24 24 7
3 25 13 15
3 16 9 19
1 10 11 18
11 34 9 20
8 16 27 9
22 27 23 12
6 17 28 10
29 32 27 11
9 26 4 27
20 32 10 25
25 30 15 23
7 19 34 13
19 22 33 18
(410, 392)

Arvore 159
8 18 0 0
27 30 0 2
1 31 1 3
0 34 1 10
12 26 0 11
15 21 4 11
29 33 1 15
2 24 5 7
2 23 12 3
10 11 10 7
5 6 12 6
10 28 3 12
13 20 6 11
1 20 13 7
1 12 12 8
0 17 12 9
9 21 13 9
2 18 14 9
14 30 7 14
4 28 17 11
4 24 24 7
3 25 13 15
3 16 9 19
1 10 11 18
8 16 27 9
11 34 9 20
22 27 23 12
6 17 28 10
29 32 27 11
9 12 28 13
20 32 10 25
0 27 37 10
7 19 34 13
16 19 15 27
(438, 374)

Arvore 160
8 18 0 0
27 30 0 2
1 31 1 3
0 34 1 10
12 26 0 11
15 21 4 11
29 33 1 15
2 24 5 7
2 23 12 3
10 11 10 7
5 6 12 6
10 28 3 12
13 20 6 11
1 20 13 7
1 12 12 8
0 17 12 9
9 21 13 9
2 18 14 9
14 30 7 14
2 10 1 22
4 24 24 7
3 25 13 15
3 16 9 19
1 10 11 18
8 16 27 9
11 34 9 20
22 27 23 12
6 17 28 10
29 32 27 11
9 12 28 13
20 32 10 25
0 27 37 10
7 19 34 13
16 19 15 27
(422, 385)

Arvore 161
8 18 0 0
27 30 0 2
1 31 1 3
0 34 1 10
12 26 0 11
15 21 4 11
29 33 1 15
2 24 5 7
2 23 12 3
10 11 10 7
5 6 12 6
10 28 3 12
13 20 6 11
1 20 13 7
1 12 12 8
0 17 12 9
9 21 13 9
2 18 14 9
14 30 7 14
4 28 17 11
4 24 24 7
3 25 13 15
3 16 9 19
1 8 35 8
8 16 27 9
11 34 9 20
22 27 23 12
6 17 28 10
29 32 27 11
9 12 28 13
20 32 10 25
0 27 37 10
7 19 34 13
16 19 15 27
(462, 364)

Arvore 162
8 18 0 0
27 30 0 2
1 31 1 3
0 34 1 10
12 26 0 11
15 21 4 11
29 33 1 15
2 24 5 7
2 23 12 3
10 11 10 7
5 6 12 6
10 28 3 12
13 20 6 11
1 20 13 7
1 12 12 8
0 17 12 9
9 21 13 9
2 18 14 9
14 30 7 14
4 28 17 11
4 24 24 7
3 25 13 15
3 16 9 19
1 10 11 18
8 16 27 9
5 31 24 14
22 27 23 12
6 17 28 10
29 32 27 11
9 12 28 13
20 32 10 25
0 27 37 10
7 19 34 13
16 19 15 27
(453, 368)

Arvore 163
8 18 0 0
27 30 0 2
1 31 1 3
0 34 1 10
12 26 0 11
15 21 4 11
29 33 1 15
2 24 5 7
2 23 12 3
10 11 10 7
5 6 12 6
10 28 3 12
13 20 6 11
1 20 13 7
1 12 12 8
0 17 12 9
9 21 13 9
2 18 14 9
14 30 7 14
4 28 17 11
4 24 24 7
3 25 13 15
3 16 9 19
1 10 11 18
8 16 27 9
11 34 9 20
22 27 23 12
5 31 24 14
29 32 27 11
9 12 28 13
20 32 10 25
0 27 37 10
7 19 34 13
16 19 15 27
(434, 378)

Arvore 164
8 18 0 0
27 30 0 2
1 31 1 3
0 34 1 10
12 26 0 11
15 21 4 11
29 33 1 15
2 24 5 7
2 23 12 3
10 11 10 7
5 6 12 6
10 28 3 12
13 20 6 11
1 20 13 7
1 12 12 8
0 17 12 9
9 21 13 9
2 18 14 9
14 30 7 14
4 28 17 11
4 24 24 7
3 25 13 15
3 16 9 19
1 10 11 18
8 16 27 9
11 34 9 20
22 27 23 12
6 17 28 10
29 32 27 11
6 15 37 8
20 32 10 25
0 27 37 10
7 19 34 13
16 19 15 27
(447, 369)

Arvore 165
8 18 0 0
27 30 0 2
1 31 1 3
0 34 1 10
12 26 0 11
15 21 4 11
29 33 1 15
2 24 5 7
2 23 12 3
10 11 10 7
5 6 12 6
10 28 3 12
13 20 6 11
1 20 13 7
1 12 12 8
0 17 12 9
9 21 13 9
2 18 14 9
14 30 7 14
4 28 17 11
4 24 24 7
3 25 13 15
3 16 9 19
1 10 11 18
8 16 27 9
11 34 9 20
22 27 23 12
6 17 28 10
29 32 27 11
9 12 28 13
27 29 26 17
0 27 37 10
7 19 34 13
16 19 15 27
(454, 366)

Arvore 166
8 18 0 0
27 30 0 2
1 31 1 3
0 34 1 10
12 26 0 11
15 21 4 11
29 33 1 15
2 24 5 7
2 23 12 3
10 11 10 7
5 6 12 6
10 28 3 12
13 20 6 11
1 20 13 7
1 12 12 8
0 17 12 9
9 21 13 9
2 18 14 9
14 30 7 14
4 28 17 11
4 24 24 7
3 25 13 15
3 16 9 19
1 10 11 18
8 16 27 9
11 34 9 20
22 27 23 12
6 17 28 10
29 32 27 11
9 12 28 13
20 32 10 25
27 29 26 17
7 19 34 13
16 19 15 27
(427, 381)

Arvore 167
8 18 0 0
27 30 0 2
1 31 1 3
0 34 1 10
12 26 0 11
15 21 4 11
29 33 1 15
2 24 5 7
2 23 12 3
10 11 10 7
5 6 12 6
10 28 3 12
13 20 6 11
1 20 13 7
1 12 12 8
0 17 12 9
9 21 13 9
2 18 14 9
14 30 7 14
4 28 17 11
4 24 24 7
3 25 13 15
3 16 9 19
1 10 11 18
8 16 27 9
11 34 9 20
22 27 23 12
6 17 28 10
29 32 27 11
9 12 28 13
20 32 10 25
0 27 37 10
7 19 34 13
19 22 33 18
(456, 365)

Arvore 168
8 18 0 0
27 30 0 2
1 31 1 3
0 34 1 10
12 26 0 11
15 21 4 11
29 33 1 15
2 23 12 3
2 24 5 7
5 6 12 6
10 11 10 7
1 20 13 7
10 28 3 12
1 12 12 8
13 20 6 11
0 17 12 9
9 21 13 9
2 18 14 9
14 30 7 14
4 24 24 7
4 28 17 11
3 25 13 15
8 16 27 9
22 27 23 12
1 10 11 18
3 16 9 19
6 17 28 10
29 32 27 11
11 34 9 20
6 15 37 8
0 27 37 10
7 19 34 13
27 29 26 17
19 22 33 18
(481, 352)

Arvore 169
8 18 0 0
27 30 0 2
1 31 1 3
0 34 1 10
12 26 0 11
15 21 4 11
29 33 1 15
2 23 12 3
2 24 5 7
5 6 12 6
10 11 10 7
1 20 13 7
10 28 3 12
1 12 12 8
13 20 6 11
0 17 12 9
9 21 13 9
18 23 24 8
14 30 7 14
4 24 24 7
4 28 17 11
3 25 13 15
8 16 27 9
22 27 23 12
1 10 11 18
3 16 9 19
6 17 28 10
29 32 27 11
11 34 9 20
6 15 37 8
0 27 37 10
7 19 34 13
27 29 26 17
19 22 33 18
(491, 351)

Arvore 170
8 18 0 0
27 30 0 2
1 31 1 3
0 34 1 10
12 26 0 11
15 21 4 11
29 33 1 15
2 23 12 3
2 24 5 7
5 6 12 6
10 11 10 7
1 20 13 7
10 28 3 12
1 12 12 8
13 20 6 11
0 17 12 9
9 21 13 9
2 18 14 9
14 30 7 14
4 24 24 7
4 28 17 11
3 25 13 15
8 16 27 9
22 27 23 12
1 8 35 8
3 16 9 19
6 17 28 10
29 32 27 11
11 34 9 20
6 15 37 8
0 27 37 10
7 19 34 13
27 29 26 17
19 22 33 18
(505, 342)

Arvore 171
8 18 0 0
27 30 0 2
1 31 1 3
0 34 1 10
12 26 0 11
15 21 4 11
29 33 1 15
2 23 12 3
2 24 5 7
5 6 12 6
10 11 10 7
1 20 13 7
10 28 3 12
1 12 12 8
13 20 6 11
0 17 12 9
9 21 13 9
2 18 14 9
14 30 7 14
4 24 24 7
4 28 17 11
3 25 13 15
8 16 27 9
22 27 23 12
1 10 11 18
3 16 9 19
5 31 24 14
29 32 27 11
11 34 9 20
6 15 37 8
0 27 37 10
7 19 34 13
27 29 26 17
19 22 33 18
(477, 356)

Arvore 172
8 18 0 0
27 30 0 2
1 31 1 3
0 34 1 10
12 26 0 11
15 21 4 11
29 33 1 15
2 23 12 3
2 24 5 7
5 6 12 6
10 11 10 7
1 20 13 7
10 28 3 12
1 12 12 8
13 20 6 11
0 17 12 9
9 21 13 9
2 18 14 9
14 30 7 14
4 24 24 7
4 28 17 11
3 25 13 15
8 16 27 9
22 27 23 12
1 10 11 18
3 16 9 19
6 17 28 10
29 32 27 11
5 31 24 14
6 15 37 8
0 27 37 10
7 19 34 13
27 29 26 17
19 22 33 18
(496, 346)

Arvore 173
8 18 0 0
27 30 0 2
1 31 1 3
0 34 1 10
12 26 0 11
15 21 4 11
29 33 1 15
2 23 12 3
2 24 5 7
5 6 12 6
10 11 10 7
1 20 13 7
10 28 3 12
1 12 12 8
13 20 6 11
0 17 12 9
9 21 13 9
2 18 14 9
14 30 7 14
4 24 24 7
4 28 17 11
3 25 13 15
8 16 27 9
22 27 23 12
1 10 11 18
3 16 9 19
6 17 28 10
29 32 27 11
9 12 28 13
6 15 37 8
0 27 37 10
7 19 34 13
27 29 26 17
19 22 33 18
(500, 345)

Arvore 174
8 18 0 0
27 30 0 2
1 31 1 3
0 34 1 10
12 26 0 11
15 21 4 11
29 33 1 15
2 23 12 3
2 24 5 7
5 6 12 6
10 11 10 7
1 20 13 7
10 28 3 12
1 12 12 8
13 20 6 11
0 17 12 9
9 21 13 9
2 18 14 9
14 30 7 14
4 24 24 7
4 28 17 11
3 25 13 15
8 16 27 9
22 27 23 12
1 10 11 18
3 16 9 19
6 17 28 10
29 32 27 11
11 34 9 20
9 12 28 13
0 27 37 10
7 19 34 13
27 29 26 17
19 22 33 18
(472, 357)

Arvore 175
8 18 0 0
27 30 0 2
1 31 1 3
0 34 1 10
12 26 0 11
15 21 4 11
29 33 1 15
2 23 12 3
2 24 5 7
5 6 12 6
10 11 10 7
1 20 13 7
10 28 3 12
1 12 12 8
13 20 6 11
0 17 12 9
9 21 13 9
2 18 14 9
14 30 7 14
4 24 24 7
4 28 17 11
3 25 13 15
8 16 27 9
22 27 23 12
1 10 11 18
3 16 9 19
6 17 28 10
29 32 27 11
11 34 9 20
6 15 37 8
0 27 37 10
7 19 34 13
20 32 10 25
19 22 33 18
(465, 360)

Arvore 176
8 18 0 0
27 30 0 2
1 31 1 3
0 34 1 10
12 26 0 11
15 21 4 11
29 33 1 15
2 23 12 3
2 24 5 7
5 6 12 6
10 11 10 7
1 20 13 7
10 28 3 12
1 12 12 8
13 20 6 11
0 17 12 9
9 21 13 9
2 18 14 9
14 30 7 14
4 24 24 7
4 28 17 11
3 25 13 15
8 16 27 9
22 27 23 12
1 10 11 18
3 16 9 19
6 17 28 10
29 32 27 11
11 34 9 20
6 15 37 8
0 27 37 10
7 19 34 13
27 29 26 17
0 19 45 14
(493, 348)

Arvore 177
8 18 0 0
27 30 0 2
1 31 1 3
0 34 1 10
12 26 0 11
15 21 4 11
29 33 1 15
2 23 12 3
2 24 5 7
5 6 12 6
10 11 10 7
1 20 13 7
10 28 3 12
1 12 12 8
13 20 6 11
0 17 12 9
9 21 13 9
2 18 14 9
14 30 7 14
4 24 24 7
4 28 17 11
3 25 13 15
8 16 27 9
22 27 23 12
1 10 11 18
3 16 9 19
6 17 28 10
29 32 27 11
11 34 9 20
6 15 37 8
0 27 37 10
7 19 34 13
27 29 26 17
16 19 15 27
(463, 361)

Arvore 178
8 18 0 0
27 30 0 2
1 31 1 3
0 34 1 10
12 26 0 11
15 21 4 11
29 33 1 15
2 23 12 3
2 24 5 7
5 6 12 6
10 11 10 7
1 20 13 7
1 12 12 8
10 28 3 12
13 20 6 11
0 17 12 9
9 21 13 9
2 18 14 9
4 24 24 7
14 30 7 14
4 28 17 11
8 16 27 9
3 25 13 15
6 17 28 10
22 27 23 12
29 32 27 11
1 8 35 8
3 16 9 19
6 15 37 8
5 31 24 14
0 27 37 10
7 19 34 13
27 29 26 17
19 22 33 18
(520, 336)

Arvore 179
8 18 0 0
27 30 0 2
1 31 1 3
0 34 1 10
12 26 0 11
15 21 4 11
29 33 1 15
2 23 12 3
2 24 5 7
5 6 12 6
10 11 10 7
1 20 13 7
1 12 12 8
10 28 3 12
13 20 6 11
0 17 12 9
9 21 13 9
2 18 14 9
4 24 24 7
14 30 7 14
4 28 17 11
8 16 27 9
3 25 13 15
6 17 28 10
22 27 23 12
29 32 27 11
1 8 35 8
3 12 41 8
6 15 37 8
5 31 24 14
0 27 37 10
7 19 34 13
27 29 26 17
19 22 33 18
(552, 325)

Arvore 180
8 18 0 0
27 30 0 2
1 31 1 3
0 34 1 10
12 26 0 11
15 21 4 11
29 33 1 15
2 23 12 3
2 24 5 7
5 6 12 6
10 11 10 7
1 20 13 7
1 12 12 8
10 28 3 12
13 20 6 11
0 17 12 9
9 21 13 9
2 18 14 9
4 24 24 7
14 30 7 14
4 28 17 11
8 16 27 9
3 25 13 15
6 17 28 10
22 27 23 12
29 32 27 11
1 8 35 8
3 16 9 19
9 12 28 13
5 31 24 14
0 27 37 10
7 19 34 13
27 29 26 17
19 22 33 18
(511, 341)

Arvore 181
8 18 0 0
27 30 0 2
1 31 1 3
0 34 1 10
12 26 0 11
15 21 4 11
29 33 1 15
2 23 12 3
2 24 5 7
5 6 12 6
10 11 10 7
1 20 13 7
1 12 12 8
10 28 3 12
13 20 6 11
0 17 12 9
9 21 13 9
2 18 14 9
4 24 24 7
14 30 7 14
4 28 17 11
8 16 27 9
3 25 13 15
6 17 28 10
22 27 23 12
29 32 27 11
1 8 35 8
3 16 9 19
6 15 37 8
9 12 28 13
0 27 37 10
7 19 34 13
27 29 26 17
19 22 33 18
(524, 335)

Arvore 182
8 18 0 0
27 30 0 2
1 31 1 3
0 34 1 10
12 26 0 11
15 21 4 11
29 33 1 15
2 23 12 3
2 24 5 7
5 6 12 6
10 11 10 7
1 20 13 7
1 12 12 8
10 28 3 12
13 20 6 11
0 17 12 9
9 21 13 9
2 18 14 9
4 24 24 7
14 30 7 14
4 28 17 11
8 16 27 9
3 25 13 15
6 17 28 10
22 27 23 12
29 32 27 11
1 8 35 8
3 16 9 19
6 15 37 8
5 31 24 14
0 27 37 10
7 19 34 13
20 32 10 25
19 22 33 18
(504, 344)

Arvore 183
8 18 0 0
27 30 0 2
1 31 1 3
0 34 1 10
12 26 0 11
15 21 4 11
29 33 1 15
2 23 12 3
2 24 5 7
5 6 12 6
10 11 10 7
1 20 13 7
1 12 12 8
10 28 3 12
13 20 6 11
0 17 12 9
9 21 13 9
2 18 14 9
4 24 24 7
14 30 7 14
4 28 17 11
8 16 27 9
3 25 13 15
6 17 28 10
22 27 23 12
29 32 27 11
1 8 35 8
3 16 9 19
6 15 37 8
5 31 24 14
0 27 37 10
7 19 34 13
27 29 26 17
0 19 45 14
(532, 332)

Arvore 184
8 18 0 0
27 30 0 2
1 31 1 3
0 34 1 10
12 26 0 11
15 21 4 11
29 33 1 15
2 23 12 3
2 24 5 7
5 6 12 6
10 11 10 7
1 20 13 7
1 12 12 8
0 17 12 9
13 20 6 11
10 28 3 12
9 21 13 9
2 18 14 9
4 24 24 7
14 30 7 14
4 28 17 11
8 16 27 9
6 17 28 10
3 25 13 15
1 8 35 8
22 27 23 12
29 32 27 11
6 15 37 8
3 12 41 8
5 31 24 14
0 27 37 10
7 19 34 13
27 29 26 17
0 19 45 14
(564, 321)

Arvore 185
8 18 0 0
27 30 0 2
1 31 1 3
0 34 1 10
12 26 0 11
15 21 4 11
29 33 1 15
2 23 12 3
2 24 5 7
5 6 12 6
10 11 10 7
1 20 13 7
1 12 12 8
0 17 12 9
13 20 6 11
10 28 3 12
9 21 13 9
2 18 14 9
4 24 24 7
14 30 7 14
4 28 17 11
8 16 27 9
6 17 28 10
3 25 13 15
1 10 11 18
22 27 23 12
29 32 27 11
6 15 37 8
3 12 41 8
5 31 24 14
0 27 37 10
7 19 34 13
27 29 26 17
0 19 45 14
(540, 331)

Arvore 186
8 18 0 0
27 30 0 2
1 31 1 3
0 34 1 10
12 26 0 11
15 21 4 11
29 33 1 15
2 23 12 3
2 24 5 7
5 6 12 6
10 11 10 7
1 20 13 7
1 12 12 8
0 17 12 9
13 20 6 11
10 28 3 12
9 21 13 9
2 18 14 9
4 24 24 7
14 30 7 14
4 28 17 11
8 16 27 9
6 17 28 10
3 25 13 15
1 8 35 8
22 27 23 12
29 32 27 11
6 15 37 8
3 12 41 8
5 12 38 10
0 27 37 10
7 19 34 13
27 29 26 17
0 19 45 14
(578, 317)

Arvore 187
8 18 0 0
27 30 0 2
1 31 1 3
0 34 1 10
12 26 0 11
15 21 4 11
29 33 1 15
2 23 12 3
2 24 5 7
5 6 12 6
10 11 10 7
1 20 13 7
1 12 12 8
0 17 12 9
13 20 6 11
10 28 3 12
9 21 13 9
2 18 14 9
4 24 24 7
14 30 7 14
4 28 17 11
8 16 27 9
6 17 28 10
3 25 13 15
1 8 35 8
22 27 23 12
29 32 27 11
6 15 37 8
3 12 41 8
9 12 28 13
0 27 37 10
7 19 34 13
27 29 26 17
0 19 45 14
(568, 320)

Arvore 188
8 18 0 0
27 30 0 2
1 31 1 3
0 34 1 10
12 26 0 11
15 21 4 11
29 33 1 15
2 23 12 3
2 24 5 7
5 6 12 6
10 11 10 7
1 20 13 7
1 12 12 8
0 17 12 9
13 20 6 11
10 28 3 12
9 21 13 9
2 18 14 9
4 24 24 7
14 30 7 14
4 28 17 11
8 16 27 9
6 17 28 10
3 25 13 15
1 8 35 8
22 27 23 12
29 32 27 11
6 15 37 8
3 12 41 8
11 34 9 20
0 27 37 10
7 19 34 13
27 29 26 17
0 19 45 14
(549, 327)

Arvore 189
8 18 0 0
27 30 0 2
1 31 1 3
0 34 1 10
12 26 0 11
15 21 4 11
29 33 1 15
2 23 12 3
2 24 5 7
5 6 12 6
10 11 10 7
1 20 13 7
1 12 12 8
0 17 12 9
13 20 6 11
10 28 3 12
9 21 13 9
2 18 14 9
4 24 24 7
14 30 7 14
4 28 17 11
8 16 27 9
6 17 28 10
3 25 13 15
1 8 35 8
22 27 23 12
29 32 27 11
6 15 37 8
3 12 41 8
15 26 37 11
0 27 37 10
7 19 34 13
27 29 26 17
0 19 45 14
(577, 318)

Arvore 190
8 18 0 0
27 30 0 2
1 31 1 3
0 34 1 10
12 26 0 11
15 21 4 11
29 33 1 15
2 23 12 3
2 24 5 7
5 6 12 6
10 11 10 7
1 20 13 7
1 12 12 8
0 17 12 9
13 20 6 11
10 28 3 12
9 21 13 9
2 18 14 9
4 24 24 7
14 30 7 14
4 28 17 11
8 16 27 9
6 17 28 10
3 25 13 15
1 8 35 8
22 27 23 12
29 32 27 11
6 15 37 8
3 12 41 8
5 31 24 14
0 27 37 10
7 19 34 13
20 32 10 25
0 19 45 14
(548, 329)

Arvore 191
8 18 0 0
27 30 0 2
1 31 1 3
0 34 1 10
12 26 0 11
15 21 4 11
29 33 1 15
2 23 12 3
5 6 12 6
2 24 5 7
10 11 10 7
1 20 13 7
1 12 12 8
4 24 24 7
0 17 12 9
9 21 13 9
18 23 24 8
1 8 35 8
13 20 6 11
8 16 27 9
6 15 37 8
3 12 41 8
10 28 3 12
4 28 17 11
6 17 28 10
29 32 27 11
0 27 37 10
5 12 38 10
22 27 23 12
14 30 7 14
3 25 13 15
7 19 34 13
0 19 45 14
27 29 26 17
(588, 316)

Arvore 192
8 18 0 0
27 30 0 2
1 31 1 3
0 34 1 10
12 26 0 11
15 21 4 11
29 33 1 15
2 23 12 3
5 6 12 6
2 24 5 7
10 11 10 7
1 20 13 7
1 12 12 8
4 24 24 7
0 17 12 9
9 21 13 9
18 23 24 8
1 8 35 8
13 20 6 11
8 16 27 9
6 15 37 8
3 12 41 8
10 28 3 12
4 28 17 11
6 17 28 10
29 32 27 11
0 27 37 10
5 12 38 10
22 27 23 12
14 28 40 12
3 25 13 15
7 19 34 13
0 19 45 14
27 29 26 17
(621, 314)

Arvore 193
8 18 0 0
27 30 0 2
1 31 1 3
0 34 1 10
12 26 0 11
15 21 4 11
29 33 1 15
2 23 12 3
5 6 12 6
2 24 5 7
10 11 10 7
1 20 13 7
4 24 24 7
1 12 12 8
18 23 24 8
0 17 12 9
9 21 13 9
1 8 35 8
6 15 37 8
3 12 41 8
8 16 27 9
13 20 6 11
6 17 28 10
4 28 17 11
0 27 37 10
5 12 38 10
10 28 3 12
29 32 27 11
22 27 23 12
14 28 40 12
7 19 34 13
5 25 49 13
0 19 45 14
27 29 26 17
(657, 312)

Arvore 194
8 18 0 0
27 30 0 2
1 31 1 3
0 34 1 10
12 26 0 11
15 21 4 11
29 33 1 15
2 23 12 3
5 6 12 6
2 24 5 7
10 11 10 7
1 20 13 7
4 24 24 7
1 12 12 8
2 18 14 9
0 17 12 9
9 21 13 9
1 8 35 8
6 15 37 8
3 12 41 8
8 16 27 9
13 20 6 11
6 17 28 10
4 28 17 11
0 27 37 10
5 12 38 10
10 28 3 12
29 32 27 11
22 27 23 12
14 28 40 12
7 19 34 13
5 25 49 13
0 19 45 14
27 29 26 17
(647, 313)

Arvore 195
8 18 0 0
27 30 0 2
1 31 1 3
0 34 1 10
12 26 0 11
15 21 4 11
29 33 1 15
2 23 12 3
5 6 12 6
2 24 5 7
10 11 10 7
1 20 13 7
4 24 24 7
1 12 12 8
18 23 24 8
0 17 12 9
9 21 13 9
1 8 35 8
6 15 37 8
3 12 41 8
8 16 27 9
13 20 6 11
6 17 28 10
4 28 17 11
0 27 37 10
5 12 38 10
10 28 3 12
29 32 27 11
22 27 23 12
14 28 40 12
7 19 34 13
5 25 49 13
0 19 45 14
24 33 71 15
(702, 310)

