123225 arestas removidas
45 obrigatorias
preSorting.size() = 1413
novasSolucoes.size() = 10
Size solucoes = 12
novasSolucoes.size() = 12
Size solucoes = 30
novasSolucoes.size() = 8
Size solucoes = 29
novasSolucoes.size() = 12
Size solucoes = 31
novasSolucoes.size() = 9
Size solucoes = 40
novasSolucoes.size() = 8
Size solucoes = 43
novasSolucoes.size() = 10
Size solucoes = 66
novasSolucoes.size() = 8
Size solucoes = 66
novasSolucoes.size() = 10
Size solucoes = 75
novasSolucoes.size() = 11
Size solucoes = 99
novasSolucoes.size() = 8
Size solucoes = 103
novasSolucoes.size() = 8
Size solucoes = 99
novasSolucoes.size() = 8
Size solucoes = 120
novasSolucoes.size() = 9
Size solucoes = 118
novasSolucoes.size() = 8
Size solucoes = 131
novasSolucoes.size() = 9
Size solucoes = 137
novasSolucoes.size() = 12
Size solucoes = 148
novasSolucoes.size() = 11
Size solucoes = 173
novasSolucoes.size() = 10
Size solucoes = 178
novasSolucoes.size() = 15
Size solucoes = 196
novasSolucoes.size() = 17
Size solucoes = 207
novasSolucoes.size() = 19
Size solucoes = 227
novasSolucoes.size() = 19
Size solucoes = 261
novasSolucoes.size() = 12
Size solucoes = 259
novasSolucoes.size() = 9
Size solucoes = 259
novasSolucoes.size() = 18
Size solucoes = 274
novasSolucoes.size() = 2
Size solucoes = 274
novasSolucoes.size() = 17
Size solucoes = 305
novasSolucoes.size() = 20
Size solucoes = 328
novasSolucoes.size() = 20
Size solucoes = 339
novasSolucoes.size() = 7
Size solucoes = 345
novasSolucoes.size() = 9
Size solucoes = 352
novasSolucoes.size() = 18
Size solucoes = 389
novasSolucoes.size() = 9
Size solucoes = 400
novasSolucoes.size() = 9
Size solucoes = 410
novasSolucoes.size() = 15
Size solucoes = 444
novasSolucoes.size() = 6
Size solucoes = 466
novasSolucoes.size() = 13
Size solucoes = 487
novasSolucoes.size() = 18
Size solucoes = 524
novasSolucoes.size() = 13
Size solucoes = 540
novasSolucoes.size() = 16
Size solucoes = 554
novasSolucoes.size() = 20
Size solucoes = 592
novasSolucoes.size() = 14
Size solucoes = 609
novasSolucoes.size() = 14
Size solucoes = 634
novasSolucoes.size() = 24
Size solucoes = 674
novasSolucoes.size() = 21
Size solucoes = 690
novasSolucoes.size() = 16
Size solucoes = 711
novasSolucoes.size() = 20
Size solucoes = 729
novasSolucoes.size() = 24
Size solucoes = 762
novasSolucoes.size() = 16
Size solucoes = 804
novasSolucoes.size() = 20
Size solucoes = 836
novasSolucoes.size() = 16
Size solucoes = 853
novasSolucoes.size() = 21
Size solucoes = 911
novasSolucoes.size() = 22
Size solucoes = 972
novasSolucoes.size() = 19
Size solucoes = 1010
novasSolucoes.size() = 13
Size solucoes = 1039
novasSolucoes.size() = 22
Size solucoes = 1079
novasSolucoes.size() = 7
Size solucoes = 1084
novasSolucoes.size() = 11
Size solucoes = 1098
novasSolucoes.size() = 12
Size solucoes = 1119
novasSolucoes.size() = 20
Size solucoes = 1154
novasSolucoes.size() = 13
Size solucoes = 1187
novasSolucoes.size() = 5
Size solucoes = 1205
novasSolucoes.size() = 11
Size solucoes = 1211
novasSolucoes.size() = 10
Size solucoes = 1221
novasSolucoes.size() = 11
Size solucoes = 1231
novasSolucoes.size() = 20
Size solucoes = 1267
novasSolucoes.size() = 9
Size solucoes = 1300
novasSolucoes.size() = 22
Size solucoes = 1330
novasSolucoes.size() = 10
Size solucoes = 1340
novasSolucoes.size() = 11
Size solucoes = 1354
novasSolucoes.size() = 14
Size solucoes = 1373
novasSolucoes.size() = 11
Size solucoes = 1382
novasSolucoes.size() = 6
Size solucoes = 1387
novasSolucoes.size() = 14
Size solucoes = 1412
novasSolucoes.size() = 8
Size solucoes = 1418
novasSolucoes.size() = 13
Size solucoes = 1428
novasSolucoes.size() = 14
Size solucoes = 1440
novasSolucoes.size() = 11
Size solucoes = 1451
novasSolucoes.size() = 6
Size solucoes = 1454
novasSolucoes.size() = 7
Size solucoes = 1460
novasSolucoes.size() = 7
Size solucoes = 1466
novasSolucoes.size() = 8
Size solucoes = 1476
novasSolucoes.size() = 4
Size solucoes = 1480
novasSolucoes.size() = 6
Size solucoes = 1485
novasSolucoes.size() = 6
Size solucoes = 1490
novasSolucoes.size() = 1
127.94 segundos
4 9275
5 9196
6 9118
7 9041
8 8967
9 8894
10 8823
11 8754
12 8686
13 8621
14 8558
15 8495
16 8435
17 8377
18 8325
19 8273
20 8222
21 8172
22 8122
23 8074
24 8028
25 7983
26 7939
27 7897
28 7855
29 7814
30 7773
31 7732
32 7691
33 7651
34 7611
35 7572
36 7533
37 7495
38 7457
39 7420
40 7383
41 7346
42 7309
43 7273
46 7168
45 7203
47 7134
48 7101
44 7238
49 7067
50 7034
51 7002
52 6971
53 6940
54 6910
55 6880
56 6850
57 6821
58 6791
59 6762
60 6734
61 6706
64 6622
65 6595
63 6650
62 6678
66 6568
67 6541
68 6514
69 6487
70 6460
71 6434
72 6408
73 6383
74 6358
78 6258
77 6283
79 6234
76 6308
75 6337
80 6211
81 6188
82 6165
84 6119
85 6097
83 6142
86 6075
87 6053
88 6031
89 6010
90 5989
91 5969
92 5949
93 5929
94 5909
95 5889
96 5869
97 5849
98 5829
99 5810
100 5791
101 5772
102 5757
103 5738
106 5677
107 5659
105 5696
108 5641
104 5715
109 5623
110 5605
111 5587
112 5570
113 5553
114 5536
115 5520
116 5502
120 5434
119 5451
121 5418
122 5401
118 5468
117 5485
123 5385
124 5368
126 5343
125 5352
127 5327
129 5305
128 5310
132 5285
134 5265
135 5264
133 5268
131 5295
139 5128
140 5113
138 5144
137 5160
141 5098
136 5176
142 5083
143 5068
144 5053
145 5038
146 5023
147 5008
148 4993
149 4979
150 4966
151 4955
154 4909
153 4923
155 4896
156 4882
152 4937
157 4869
158 4858
161 4834
160 4846
162 4821
166 4752
167 4740
165 4765
168 4727
164 4778
169 4714
170 4702
163 4791
171 4689
172 4677
173 4665
174 4653
175 4641
176 4629
177 4617
178 4605
179 4593
180 4588
181 4586
183 4583
188 4485
187 4497
189 4474
190 4462
186 4509
185 4521
184 4535
191 4451
192 4440
193 4429
195 4407
197 4385
202 4330
203 4320
201 4341
200 4352
204 4309
205 4299
199 4363
198 4379
196 4401
206 4288
207 4278
208 4268
209 4258
211 4247
210 4248
212 4241
221 4138
222 4129
220 4148
223 4120
219 4158
224 4111
225 4107
228 4100
226 4101
218 4168
217 4178
216 4188
215 4198
214 4208
213 4226
238 3985
239 3977
237 3994
240 3968
236 4003
241 3960
242 3955
235 4012
234 4030
243 3943
246 3917
247 3909
245 3926
248 3901
244 3934
249 3893
250 3885
252 3869
254 3853
255 3845
261 3799
256 3837
258 3821
259 3814
257 3829
260 3806
253 3861
251 3877
262 3791
263 3784
264 3777
265 3769
266 3762
267 3755
274 3705
275 3698
272 3719
276 3691
270 3733
273 3712
277 3684
271 3726
278 3677
279 3670
280 3663
281 3656
282 3649
283 3643
284 3636
285 3632
268 3747
269 3740
292 3579
291 3586
293 3573
294 3566
290 3593
295 3559
288 3607
289 3600
287 3614
296 3553
298 3540
297 3546
300 3527
299 3533
302 3514
301 3520
304 3501
305 3495
303 3507
307 3482
306 3488
308 3476
310 3463
309 3469
311 3457
313 3444
312 3450
314 3438
315 3432
316 3426
317 3420
324 3415
322 3419
338 3294
339 3289
340 3283
337 3300
336 3306
341 3277
335 3312
334 3318
342 3271
343 3266
344 3260
346 3249
345 3254
333 3324
332 3330
331 3336
330 3342
329 3348
328 3354
351 3220
352 3215
353 3209
350 3226
349 3232
348 3237
354 3204
347 3243
355 3198
356 3193
357 3187
358 3182
359 3176
360 3171
361 3165
363 3155
362 3160
364 3149
365 3144
366 3139
367 3133
369 3123
368 3128
371 3112
370 3118
373 3102
372 3107
374 3097
399 2972
400 2968
401 2963
397 2982
398 2977
402 2958
403 2954
404 2949
407 2935
410 2921
413 2907
416 2894
419 2881
411 2916
412 2912
409 2926
408 2930
414 2903
406 2940
405 2944
395 2992
396 2987
393 3002
394 2997
392 3007
391 3012
390 3017
389 3022
388 3028
387 3033
417 2889
415 2898
418 2885
420 2876
421 2872
422 2868
424 2859
426 2851
425 2855
423 2863
427 2847
428 2843
429 2839
430 2835
431 2831
432 2827
433 2823
434 2819
435 2815
437 2807
438 2804
436 2811
440 2797
439 2800
442 2790
441 2792
446 2771
447 2768
448 2764
444 2779
445 2775
449 2760
450 2757
443 2783
451 2753
453 2746
454 2742
452 2749
456 2735
457 2731
455 2738
459 2724
460 2720
458 2727
462 2713
463 2709
465 2702
467 2695
471 2681
475 2667
464 2705
466 2698
461 2716
468 2691
469 2688
470 2684
472 2677
473 2674
474 2670
476 2663
477 2660
478 2656
479 2653
480 2649
481 2646
483 2640
482 2643
492 2607
491 2611
490 2614
494 2601
493 2604
489 2618
495 2597
488 2621
496 2594
497 2591
498 2587
487 2625
486 2628
485 2632
484 2635
499 2584
500 2581
501 2577
502 2574
503 2571
504 2567
505 2564
506 2561
507 2557
509 2551
510 2548
508 2554
511 2544
512 2541
513 2538
514 2535
515 2532
516 2528
517 2526
518 2522
525 2518
523 2519
519 2521
571 2363
573 2358
572 2361
569 2369
574 2355
568 2372
570 2366
567 2375
576 2349
566 2378
577 2346
575 2352
578 2344
579 2341
565 2381
564 2384
563 2387
562 2390
561 2393
560 2396
559 2399
558 2402
557 2405
556 2408
555 2411
554 2414
553 2417
551 2423
552 2420
550 2426
548 2432
549 2429
547 2435
546 2438
545 2442
544 2495
582 2332
584 2327
583 2330
580 2338
585 2324
581 2335
586 2322
587 2319
589 2314
592 2306
597 2292
600 2285
599 2287
598 2290
595 2298
596 2295
594 2300
603 2277
601 2282
602 2279
605 2272
604 2274
608 2266
607 2268
609 2262
611 2259
606 2269
593 2303
591 2308
590 2311
588 2316
634 2199
636 2195
637 2192
632 2204
635 2197
631 2207
633 2202
638 2190
639 2188
629 2212
628 2214
641 2183
630 2210
640 2185
642 2181
644 2176
627 2218
626 2222
625 2223
624 2227
643 2178
645 2174
646 2171
648 2167
649 2164
651 2160
652 2157
654 2153
655 2150
657 2146
664 2129
663 2132
661 2136
662 2134
666 2125
665 2127
667 2123
668 2120
669 2118
660 2139
671 2113
670 2116
659 2141
658 2143
673 2109
672 2111
674 2107
675 2104
676 2102
656 2148
653 2155
650 2162
647 2169
683 2086
682 2089
680 2093
681 2091
685 2082
684 2084
687 2078
686 2080
679 2095
688 2075
678 2098
677 2100
690 2071
689 2073
692 2067
691 2069
693 2064
695 2061
694 2062
697 2057
696 2058
699 2053
698 2054
700 2051
702 2047
701 2048
705 2046
772 1906
773 1905
770 1910
771 1908
775 1901
774 1903
776 1899
768 1914
777 1897
767 1916
778 1896
769 1912
766 1918
765 1920
764 1922
763 1924
762 1926
761 1928
760 1930
759 1932
758 1934
757 1936
756 1938
755 1940
753 1944
752 1946
754 1942
751 1948
750 1952
787 1879
788 1878
785 1883
786 1881
790 1874
789 1876
792 1871
791 1872
783 1887
784 1885
782 1888
780 1892
781 1890
779 1894
795 1865
796 1864
793 1869
794 1867
798 1860
799 1859
797 1862
800 1857
802 1854
801 1855
803 1852
805 1849
804 1850
806 1847
808 1844
807 1845
811 1839
809 1842
810 1840
814 1834
812 1837
813 1835
817 1829
815 1832
816 1830
820 1824
818 1827
819 1825
822 1820
823 1819
825 1816
821 1822
827 1813
826 1814
824 1817
828 1811
829 1810
830 1809
831 1807
832 1806
835 1804
833 1805
846 1803
847 1802
851 1796
849 1799
850 1797
848 1800
852 1794
853 1793
856 1791
854 1792
880 1733
879 1735
881 1732
883 1729
877 1738
882 1731
876 1739
878 1736
884 1728
875 1741
874 1742
885 1726
887 1723
873 1744
888 1722
886 1725
871 1751
872 1746
889 1721
890 1719
891 1718
892 1716
895 1712
894 1713
893 1715
897 1709
896 1711
898 1708
899 1706
902 1702
900 1705
904 1699
903 1701
905 1698
907 1695
901 1704
906 1697
908 1694
909 1693
912 1688
910 1691
911 1690
913 1687
914 1686
917 1682
915 1684
920 1678
918 1680
921 1677
925 1672
923 1674
922 1675
924 1673
919 1679
929 1667
927 1669
926 1670
928 1668
933 1662
931 1664
930 1665
932 1663
945 1644
943 1647
944 1646
942 1648
948 1641
946 1643
941 1650
947 1642
951 1637
949 1639
950 1638
952 1636
940 1651
938 1654
953 1634
937 1655
955 1632
939 1652
935 1658
934 1659
936 1656
954 1633
956 1631
957 1629
959 1627
958 1628
960 1626
961 1624
963 1622
962 1623
964 1621
965 1619
967 1617
966 1618
968 1616
969 1614
971 1612
970 1613
972 1611
973 1609
975 1607
974 1608
976 1606
977 1604
979 1602
985 1594
983 1597
984 1596
982 1598
989 1590
988 1591
986 1593
987 1592
981 1599
990 1588
991 1587
992 1586
980 1601
993 1585
995 1582
994 1584
978 1603
1035 1534
1033 1537
1034 1536
1032 1538
1039 1530
1040 1529
1038 1531
1036 1533
1037 1532
1031 1539
1030 1540
1041 1527
1029 1542
1042 1526
1043 1525
1027 1544
1025 1546
1028 1543
1023 1549
1024 1548
1044 1524
1045 1523
1046 1522
1051 1516
1052 1515
1050 1517
1047 1520
1053 1514
1057 1509
1058 1508
1049 1518
1059 1507
1054 1512
1060 1506
1056 1510
1065 1500
1066 1499
1061 1504
1064 1501
1068 1497
1067 1498
1063 1502
1073 1491
1077 1487
1069 1495
1074 1490
1072 1492
1078 1486
1079 1485
1076 1488
1075 1489
1071 1493
1080 1484
1081 1483
1082 1482
1083 1481
1088 1478
1087 1479
1210 1354
1213 1352
1212 1353
1214 1351
1204 1360
1207 1357
1208 1356
1205 1359
1206 1358
1209 1355
1215 1350
1203 1361
1217 1348
1216 1349
1202 1363
1218 1347
1220 1346
1221 1345
1196 1369
1199 1366
1200 1365
1197 1368
1198 1367
1201 1364
1195 1370
1192 1375
1194 1372
1191 1392
1222 1344
1223 1343
1225 1341
1224 1342
1227 1340
1228 1339
1229 1338
1230 1337
1232 1335
1231 1336
1234 1334
1235 1333
1236 1332
1237 1331
1239 1329
1238 1330
1241 1328
1242 1327
1243 1326
1244 1325
1245 1324
1248 1322
1247 1323
1249 1321
1250 1320
1252 1319
1254 1317
1253 1318
1255 1316
1257 1315
1261 1312
1259 1313
1258 1314
1273 1302
1276 1300
1275 1301
1270 1305
1271 1304
1279 1298
1277 1299
1272 1303
1268 1306
1266 1308
1280 1297
1267 1307
1284 1294
1264 1309
1281 1296
1283 1295
1287 1292
1262 1311
1288 1291
1285 1293
1292 1288
1289 1290
1291 1289
1296 1285
1293 1287
1295 1286
1300 1282
1297 1284
1299 1283
1302 1281
1303 1280
1307 1277
1304 1279
1306 1278
1314 1272
1311 1274
1313 1273
1308 1276
1310 1275
1315 1271
1317 1270
1320 1268
1321 1267
1318 1269
1322 1266
1324 1265
1327 1263
1328 1262
1330 1261
1325 1264
1331 1260
1333 1259
1334 1258
1336 1257
1337 1256
1339 1255
1340 1254
1343 1252
1342 1253
1346 1250
1345 1251
1349 1248
1348 1249
1352 1246
1351 1247
1355 1244
1360 1242
1376 1230
1383 1226
1381 1227
1375 1231
1372 1233
1380 1228
1378 1229
1373 1232
1370 1234
1369 1235
1385 1225
1367 1236
1364 1240
1365 1238
1390 1222
1388 1223
1386 1224
1395 1219
1393 1220
1391 1221
1400 1216
1398 1217
1396 1218
1403 1214
1405 1213
1401 1215
1410 1210
1408 1211
1417 1206
1415 1207
1424 1202
1422 1203
1431 1198
1411 1209
1413 1208
1406 1212
1418 1205
1420 1204
1425 1201
1427 1200
1429 1199
1432 1197
1436 1195
1434 1196
1439 1193
1441 1192
1438 1194
1443 1191
1447 1189
1445 1190
1450 1187
1448 1188
1452 1186
1454 1185
1456 1184
1459 1182
1461 1181
1457 1183
1465 1179
1463 1180
1467 1178
1468 1177
1476 1173
1474 1174
1470 1176
1472 1175
1478 1172
1480 1171
1482 1170
1484 1169
1486 1168
1488 1167
1490 1166
1492 1165
1494 1164
1496 1163
1498 1162
1500 1161
1502 1160
1507 1159
1610 1106
1613 1105
1615 1104
1608 1107
1617 1103
1606 1108
1604 1109
1602 1110
1619 1102
1600 1111
1598 1112
1622 1101
1624 1100
1596 1113
1594 1114
1592 1115
1590 1116
1588 1117
1586 1118
1584 1119
1582 1120
1580 1121
1578 1122
1576 1123
1574 1124
1572 1125
1570 1126
1568 1127
1566 1128
1564 1129
1560 1133
1562 1131
1628 1098
1631 1097
1633 1096
1626 1099
1635 1095
1638 1094
1645 1091
1648 1090
1640 1093
1652 1088
1655 1087
1659 1085
1662 1084
1666 1082
1642 1092
1673 1079
1649 1089
1680 1076
1656 1086
1687 1073
1663 1083
1692 1071
1697 1069
1694 1070
1670 1080
1699 1068
1704 1066
1701 1067
1677 1077
1684 1074
1689 1072
1682 1075
1675 1078
1706 1065
1668 1081
1709 1064
1711 1063
1719 1060
1716 1061
1714 1062
1721 1059
1729 1056
1726 1057
1724 1058
1734 1054
1731 1055
1739 1052
1736 1053
1744 1050
1746 1049
1752 1047
1749 1048
1741 1051
1754 1046
1757 1045
1760 1044
1762 1043
1765 1042
1768 1041
1770 1040
1776 1038
1773 1039
1779 1037
1781 1036
1784 1035
1787 1034
1790 1033
1795 1031
1792 1032
1798 1030
1801 1029
1804 1028
1806 1027
1812 1025
1815 1024
1818 1023
1821 1022
1824 1021
1831 1019
1809 1026
1974 971
1968 973
1978 970
1971 972
1981 969
1965 974
1984 968
1988 967
1962 975
1959 976
1956 977
1950 1009
1951 980
1954 978
1992 966
1998 964
2002 963
2008 961
2015 959
1994 965
2022 957
2018 958
2025 956
2029 955
2004 962
2032 954
2036 953
2011 960
2039 952
2043 951
2046 950
2050 949
2053 948
2057 947
2060 946
2074 942
2071 943
2067 944
2078 941
2082 940
2085 939
2064 945
2091 938
2095 937
2103 935
2106 934
2114 932
2117 931
2125 929
2128 928
2096 936
2136 926
2139 925
2107 933
2147 923
2150 922
2118 930
2158 920
2161 919
2129 927
2165 918
2169 917
2140 924
2172 916
2176 915
2180 914
2184 913
2189 912
2151 921
2275 890
2280 889
2267 892
2271 891
2284 888
2288 887
2263 893
2292 886
2296 885
2301 884
2259 894
2255 895
2305 883
2309 882
2313 881
2251 896
2247 897
2243 898
2239 899
2231 901
2235 900
2227 902
2223 903
2219 904
2215 905
2211 906
2205 908
2204 909
2200 910
2207 907
2339 875
2344 874
2331 877
2335 876
2348 873
2326 878
2353 872
2322 879
2318 880
2358 871
2402 861
2407 860
2398 862
2393 863
2412 859
2389 864
2416 858
2381 866
2421 857
2372 868
2384 865
2375 867
2366 869
2362 870
2496 842
2491 843
2502 841
2507 840
2486 844
2512 839
2481 845
2477 846
2474 847
2518 838
2465 849
2461 850
2456 851
2451 852
2448 853
2443 854
2438 855
2469 848
2435 856
2544 833
2539 834
2550 832
2555 831
2534 835
2528 836
2523 837
2561 830
2566 829
2572 828
2578 827
2584 826
2590 825
2596 824
2716 804
2710 805
2704 806
2723 803
2729 802
2698 807
2692 808
2686 809
2736 801
2742 800
2680 810
2674 811
2668 812
2662 813
2652 815
2656 814
2646 816
2640 817
2636 818
2630 819
2619 822
2624 820
2615 823
2620 821
2755 798
2749 799
2769 796
2762 797
2776 795
2783 794
2825 788
2833 787
2811 790
2818 789
2840 786
2848 785
2804 791
2797 792
2870 783
2857 784
2790 793
2928 775
2920 776
2937 774
2945 773
2912 777
2905 778
2967 771
2954 772
2899 779
2895 780
2885 781
2881 782
3017 765
3008 766
3027 764
3036 763
2999 767
2986 770
2990 768
3046 762
3065 760
3055 761
3075 759
3085 758
3095 757
3125 754
3136 753
3115 755
3105 756
3147 752
3158 751
3202 747
3214 746
3191 748
3225 745
3237 744
3180 749
3169 750
3321 737
3309 738
3334 736
3297 739
3285 740
3279 741
3347 735
3360 734
3267 742
3254 743
3373 733
3387 732
3402 731
3418 730
3466 727
3483 726
3450 728
3500 725
3434 729
3557 722
3538 723
3578 721
3519 724
3601 720
3628 719
MAX = 3628 9275
