2.988000000e+03
3.097000000e+03
2.868000000e+03
3.224000000e+03
3.098000000e+03
3.179000000e+03
3.093000000e+03
3.134000000e+03
3.351000000e+03
2.963000000e+03
3.001000000e+03
3.425000000e+03
3.043000000e+03
3.305000000e+03
3.125000000e+03
3.440000000e+03
3.410000000e+03
2.823000000e+03
3.284000000e+03
2.860000000e+03
3.101000000e+03
3.040000000e+03
3.215000000e+03
3.298000000e+03
3.127000000e+03
3.181000000e+03
3.258000000e+03
3.458000000e+03
3.173000000e+03
3.326000000e+03

3.328000000e+03
2.921000000e+03
2.944000000e+03
3.468000000e+03
3.171000000e+03
3.084000000e+03
3.576000000e+03
2.977000000e+03
3.443000000e+03
3.358000000e+03
3.206000000e+03
3.284000000e+03
3.119000000e+03
2.899000000e+03
3.001000000e+03
2.954000000e+03
3.407000000e+03
3.039000000e+03
2.907000000e+03
3.621000000e+03
3.031000000e+03
3.243000000e+03
3.162000000e+03
3.377000000e+03
3.631000000e+03
3.088000000e+03
2.779000000e+03
2.838000000e+03
2.935000000e+03
2.844000000e+03

2.538000000e+03
2.248000000e+03
2.270000000e+03
2.207000000e+03
2.313000000e+03
2.188000000e+03
2.236000000e+03
2.223000000e+03
2.313000000e+03
2.355000000e+03
2.193000000e+03
2.480000000e+03
2.394000000e+03
2.290000000e+03
2.309000000e+03
2.294000000e+03
2.678000000e+03
2.308000000e+03
2.279000000e+03
2.158000000e+03
2.215000000e+03
1.967000000e+03
2.269000000e+03
2.232000000e+03
2.222000000e+03
2.214000000e+03
2.404000000e+03
2.290000000e+03
2.049000000e+03
2.023000000e+03
