3.800000000e+02
3.610000000e+02
4.290000000e+02
3.290000000e+02
4.290000000e+02
4.290000000e+02
3.830000000e+02
3.890000000e+02
5.320000000e+02
5.200000000e+02
5.900000000e+02
4.290000000e+02
4.450000000e+02
3.800000000e+02
4.290000000e+02
4.290000000e+02
4.620000000e+02
4.290000000e+02
3.610000000e+02
4.420000000e+02
5.120000000e+02
4.290000000e+02
4.640000000e+02
4.940000000e+02
3.390000000e+02
4.190000000e+02
4.340000000e+02
4.290000000e+02
4.290000000e+02
4.290000000e+02

2.144000000e+03
2.078000000e+03
2.763000000e+03
2.173000000e+03
3.390000000e+03
3.627000000e+03
2.127000000e+03
2.749000000e+03
1.951000000e+03
2.322000000e+03
1.404000000e+03
2.895000000e+03
3.155000000e+03
2.825000000e+03
1.864000000e+03
2.064000000e+03
2.003000000e+03
2.132000000e+03
1.660000000e+03
2.514000000e+03
2.338000000e+03
2.745000000e+03
2.703000000e+03
2.097000000e+03
2.808000000e+03
2.103000000e+03
2.443000000e+03
2.530000000e+03
2.606000000e+03
1.488000000e+03
