4.119510451e-07
3.912918243e-08
6.175762287e-07
2.203852487e-07
6.660630864e-07
5.141032783e-08
1.506396498e-07
2.466859010e-07
9.359694433e-07
4.097017859e-08
4.072732055e-07
2.729531003e-07
1.135571200e-06
1.091868768e-06
6.063977569e-07
3.723874520e-07
1.799635725e-07
3.476648819e-07
4.286790124e-08
3.201375641e-07
8.176279249e-08
4.583971065e-07
7.995555677e-07
5.643653837e-07
7.037070807e-08
3.274219081e-07
7.970015184e-07
1.780991433e-07
3.996310575e-07
3.179134546e-08

7.568350915e-07
7.293738814e-07
7.641375193e-07
7.437024499e-07
7.388930336e-07
7.516759350e-07
7.431107938e-07
7.645029880e-07
7.396802982e-07
7.663979961e-07
7.528863130e-07
7.354227376e-07
7.698791503e-07
7.519742979e-07
7.318070526e-07
7.525651556e-07
7.517670726e-07
7.300659366e-07
7.559433558e-07
7.447756624e-07
7.593344902e-07
7.435910728e-07
7.562302617e-07
7.506759360e-07
7.601455872e-07
7.483648005e-07
7.496079929e-07
7.453210511e-07
7.416495977e-07
7.538027193e-07
