2.160000000e+02
1.880000000e+02
1.520000000e+02
1.800000000e+02
1.510000000e+02
1.820000000e+02
1.660000000e+02
1.770000000e+02
1.920000000e+02
2.650000000e+02
2.680000000e+02
1.590000000e+02
1.480000000e+02
1.840000000e+02
1.830000000e+02
2.140000000e+02
1.870000000e+02
1.740000000e+02
2.160000000e+02
2.090000000e+02
1.910000000e+02
2.010000000e+02
2.010000000e+02
2.480000000e+02
1.990000000e+02
1.860000000e+02
1.600000000e+02
1.440000000e+02
2.100000000e+02
1.570000000e+02

3.750000000e+02
3.360000000e+02
2.570000000e+02
3.350000000e+02
3.060000000e+02
4.160000000e+02
2.890000000e+02
3.040000000e+02
2.480000000e+02
3.960000000e+02
3.480000000e+02
2.460000000e+02
2.750000000e+02
3.180000000e+02
3.170000000e+02
2.830000000e+02
2.790000000e+02
3.550000000e+02
3.100000000e+02
3.290000000e+02
3.330000000e+02
3.400000000e+02
3.310000000e+02
3.520000000e+02
2.870000000e+02
2.820000000e+02
3.710000000e+02
3.570000000e+02
2.360000000e+02
2.440000000e+02
