2.810000000e+02
2.650000000e+02
2.680000000e+02
3.190000000e+02
3.220000000e+02
3.180000000e+02
3.200000000e+02
3.130000000e+02
3.130000000e+02
2.700000000e+02
2.810000000e+02
3.170000000e+02
2.580000000e+02
3.180000000e+02
2.720000000e+02
3.060000000e+02
3.210000000e+02
3.170000000e+02
2.610000000e+02
3.210000000e+02
3.150000000e+02
2.850000000e+02
3.110000000e+02
2.800000000e+02
2.780000000e+02
3.100000000e+02
2.780000000e+02
3.050000000e+02
2.710000000e+02
2.570000000e+02

1.800000000e+01
1.900000000e+01
1.900000000e+01
1.800000000e+01
2.600000000e+01
1.800000000e+01
2.000000000e+01
2.600000000e+01
2.000000000e+01
2.000000000e+01
2.200000000e+01
2.000000000e+01
2.100000000e+01
2.300000000e+01
2.100000000e+01
2.600000000e+01
1.800000000e+01
2.400000000e+01
2.300000000e+01
1.700000000e+01
1.800000000e+01
1.900000000e+01
2.000000000e+01
2.400000000e+01
1.600000000e+01
1.700000000e+01
2.500000000e+01
2.100000000e+01
2.100000000e+01
2.600000000e+01
