4.779285000e+06
9.711540000e+06
4.805753000e+06
9.844925000e+06
7.000402000e+06
6.106480000e+06
5.749028000e+06
9.511470000e+05
8.839759000e+06
5.719230000e+06
6.824845000e+06
5.007071000e+06
6.814615000e+06
5.885787000e+06
2.149591900e+07
1.079651900e+07
6.895237000e+06
6.931511000e+06
2.841808000e+06
1.274898200e+07
5.989254000e+06
5.921279000e+06
5.810861000e+06
1.872694000e+06
2.147445200e+07
1.576709400e+07
1.279895100e+07
6.022256000e+06
2.049747600e+07
4.966956000e+06

2.600833000e+06
2.376388000e+06
2.365584000e+06
2.458249000e+06
2.854615000e+06
2.681585000e+06
2.578479000e+06
2.442922000e+06
3.194110000e+06
2.567817000e+06
2.589918000e+06
2.474537000e+06
2.330729000e+06
2.782299000e+06
2.435303000e+06
3.203737000e+06
2.975300000e+06
2.435496000e+06
2.486928000e+06
3.039487000e+06
2.639438000e+06
2.449323000e+06
2.179498000e+06
2.229846000e+06
2.152794000e+06
2.449909000e+06
2.838809000e+06
2.925756000e+06
3.152566000e+06
2.738299000e+06
