Number of sample populations = 3. Total number of values in the input = 90
30100 1 1
30268 1 2
30570 1 3
31514 1 4
31960 1 5
32364 1 6
32648 1 7
32689 1 8
32871 1 9
32934 1 10
33273 1 11
33300 1 12
33898 1 13
33983 1 14
34174 1 15
34254 1 16
34296 1 17
34584 1 18
34888 1 19
34966 1 20
34995 1 21
35104 1 22
35329 1 23
35415 1 24
36266 1 25
36462 1 26
36529 1 27
40345 2 28
41676 2 29
42112 2 30
42131 2 31
42445 2 32
42593 2 33
42822 2 34
42935 2 35
43138 2 36
43285 2 37
43557 2 38
43916 2 39
43948 2 40
44230 2 41
44683 2 42
44696 2 43
44766 2 44
44953 2 45
44954 2 46
45040 2 47
45116 2 48
45450 2 49
45492 2 50
45498 2 51
46355 2 52
46460 2 53
46750 2 54
48295 2 55
49033 2 56
49201 2 57
1.0283e+06 0 58
1.02847e+06 1 59
1.0301e+06 0 60
1.0304e+06 1 61
1.0306e+06 0 62
1.03082e+06 0 63
1.03144e+06 0 64
1.03182e+06 0 65
1.03192e+06 0 66
1.03195e+06 0 67
1.03230e+06 0 68
1.03232e+06 0 69
1.03240e+06 0 70
1.03279e+06 0 71
1.0329e+06 0 72
1.03322e+06 0 73
1.03331e+06 0 74
1.03378e+06 0 75
1.03413e+06 0 76
1.03415e+06 0 77
1.03421e+06 0 78
1.03438e+06 0 79
1.03476e+06 0 80
1.03487e+06 0 81
1.03492e+06 0 82
1.03518e+06 0 83
1.03552e+06 0 84
1.03577e+06 0 85
1.03632e+06 0 86
1.03646e+06 0 87
1.03704e+06 0 88
1.03829e+06 0 89
2.02514e+06 1 90
Total number of ties =0
Number of samples = 30; sum = 2232
Number of samples = 30; sum = 588
Number of samples = 30; sum = 1275
Corrected T value =66.5943
p-value to accept the null hypothesis that all distribution functions are identical = 3.46126295e-15
