1.968275629e-05
2.089001260e-05
1.891150388e-05
2.143671856e-05
2.349554006e-05
2.152500418e-05
2.495198092e-05
1.642595284e-05
2.223453142e-05
2.321307591e-05
1.781636035e-05
2.539205185e-05
1.780904718e-05
1.842671590e-05
1.834070314e-05
2.096469616e-05
1.793685875e-05
2.295272144e-05
2.025909579e-05
1.946096449e-05
2.374733250e-05
2.259288846e-05
1.962723618e-05
2.463153353e-05
1.972821041e-05
2.354115115e-05
2.253861016e-05
2.274197554e-05
2.231268707e-05
2.306230468e-05

1.834959462e-05
1.680739253e-05
1.839497542e-05
1.813888617e-05
1.767295550e-05
1.836133150e-05
1.815420217e-05
1.859560959e-05
1.843659134e-05
1.833852813e-05
1.814539818e-05
1.889494957e-05
1.893187308e-05
1.828073629e-05
1.693703847e-05
1.673209045e-05
1.794822896e-05
1.785992406e-05
1.667262544e-05
1.841077572e-05
1.886504497e-05
1.606025751e-05
1.610603543e-05
1.625557712e-05
1.858124817e-05
1.795276392e-05
1.802040366e-05
1.642091955e-05
1.963528619e-05
1.761130035e-05
