4.213732100e+07
2.815703400e+07
2.797058000e+07
2.056176800e+07
2.848281700e+07
1.282815500e+07
2.894088800e+07
7.525633000e+06
2.074241700e+07
9.521817000e+06
2.294747700e+07
1.963631300e+07
3.237458300e+07
1.035274100e+07
6.814367000e+06
1.366921100e+07
1.989031100e+07
1.118221100e+07
4.010875700e+07
2.890898300e+07
2.106435800e+07
2.693203700e+07
3.167090600e+07
2.859377000e+07
2.957823000e+07
1.073158300e+07
3.218115800e+07
2.967189000e+07
1.103854600e+07
9.785513000e+06

6.105488300e+07
8.340035600e+07
6.768409800e+07
6.414399600e+07
6.357167800e+07
6.545624100e+07
8.640832000e+07
1.337735000e+08
7.578820000e+07
7.510423600e+07
6.439675300e+07
8.974003500e+07
2.225104000e+07
1.373116100e+07
1.245686520e+08
7.459296900e+07
7.234947000e+07
4.426206600e+07
4.624488100e+07
8.060883200e+07
1.121497210e+08
6.080967500e+07
8.672573600e+07
5.681996400e+07
1.279635930e+08
4.480275800e+07
1.161925000e+08
2.275588000e+07
5.677584800e+07
8.562151600e+07
