1.855312600e+08
1.855875040e+08
1.863206840e+08
1.866232590e+08
1.857803750e+08
2.352546960e+08
1.856513790e+08
1.862621290e+08
2.188673970e+08
1.886742400e+08
1.856947510e+08
1.866419170e+08
1.861450600e+08
1.854544670e+08
1.869492470e+08
1.857183880e+08
1.857406830e+08
1.900890040e+08
1.998173170e+08
1.872855840e+08
1.901052760e+08
1.881942040e+08
2.303977860e+08
1.859369700e+08
1.853810310e+08
1.856460180e+08
1.853439910e+08
1.871684350e+08
1.863766140e+08
2.110013360e+08

7.860759810e+08
7.907587340e+08
7.985393610e+08
7.805787360e+08
7.772969490e+08
7.745060020e+08
8.184443270e+08
7.939213250e+08
8.226064400e+08
8.006365980e+08
8.037559700e+08
7.777441470e+08
7.777105840e+08
7.822995130e+08
7.872379490e+08
7.798780160e+08
7.903208700e+08
7.743353260e+08
8.006324160e+08
7.810436470e+08
7.845226170e+08
7.719329720e+08
7.760972530e+08
7.784994040e+08
8.421571280e+08
8.291167150e+08
7.777231410e+08
8.054224890e+08
8.268842360e+08
7.802143590e+08
