6.272000000e+03
6.784000000e+03
6.400000000e+03
7.296000000e+03
8.832000000e+03
5.504000000e+03
7.040000000e+03
8.448000000e+03
6.784000000e+03
7.936000000e+03
7.296000000e+03
5.888000000e+03
5.760000000e+03
6.656000000e+03
5.632000000e+03
7.168000000e+03
4.608000000e+03
6.272000000e+03
7.808000000e+03
6.528000000e+03
6.016000000e+03
6.784000000e+03
5.888000000e+03
5.760000000e+03
8.320000000e+03
7.040000000e+03
8.320000000e+03
6.016000000e+03
7.168000000e+03
7.552000000e+03

2.000035456e+09
8.000014848e+09
1.199998400e+10
1.499995750e+10
3.000029824e+09
4.000033664e+09
8.000004864e+09
5.000019584e+09
2.000042496e+09
2.000038912e+09
7.000010368e+09
4.000019072e+09
8.000002176e+09
1.099998515e+10
5.000015872e+09
7.000012032e+09
2.000030720e+09
7.000006272e+09
3.000022016e+09
5.000019072e+09
8.000002048e+09
4.000023040e+09
3.000032128e+09
1.199997875e+10
8.000004992e+09
6.000013056e+09
2.000026368e+09
4.000023936e+09
1.099998464e+10
4.000025088e+09
