3.659303087e-05
3.439823622e-05
3.336904523e-05
3.211629140e-05
3.139218585e-05
3.546960110e-05
3.149423018e-05
3.252959781e-05
3.813029880e-05
2.983910441e-05
3.305967009e-05
3.312400640e-05
3.351850433e-05
3.355244309e-05
3.596664858e-05
3.547815997e-05
3.146544127e-05
3.163070625e-05
3.539642217e-05
3.297779932e-05
3.637012634e-05
3.389327984e-05
3.524303498e-05
3.436573158e-05
3.365536830e-05
3.394518937e-05
3.199368389e-05
3.039646425e-05
3.120666568e-05
3.200110049e-05

3.392856919e-05
3.274411648e-05
3.505172395e-05
3.313765720e-05
3.602891990e-05
4.044064199e-05
3.228363151e-05
3.436585645e-05
3.187979802e-05
3.413486127e-05
3.680382803e-05
3.632215765e-05
3.115821723e-05
3.259365695e-05
3.037469637e-05
3.097468096e-05
3.305366240e-05
3.201003470e-05
3.349340176e-05
2.995699288e-05
3.350600657e-05
3.389324371e-05
3.376793258e-05
2.855823032e-05
3.287091188e-05
2.906517940e-05
3.307432509e-05
3.276282093e-05
3.093962327e-05
3.313391916e-05
