3.790000000e+02
3.740000000e+02
4.360000000e+02
3.060000000e+02
3.430000000e+02
4.490000000e+02
4.070000000e+02
3.670000000e+02
3.280000000e+02
4.360000000e+02
3.740000000e+02
3.790000000e+02
3.150000000e+02
2.840000000e+02
2.870000000e+02
3.790000000e+02
2.810000000e+02
4.630000000e+02
4.630000000e+02
3.810000000e+02
3.460000000e+02
3.960000000e+02
4.630000000e+02
3.140000000e+02
3.810000000e+02
4.360000000e+02
3.970000000e+02
4.630000000e+02
2.790000000e+02
3.530000000e+02

7.840000000e+02
5.180000000e+02
9.060000000e+02
7.050000000e+02
9.340000000e+02
4.510000000e+02
1.464000000e+03
5.340000000e+02
7.670000000e+02
1.186000000e+03
8.800000000e+02
4.620000000e+02
9.380000000e+02
5.800000000e+02
4.420000000e+02
9.180000000e+02
9.140000000e+02
6.860000000e+02
6.660000000e+02
1.086000000e+03
6.980000000e+02
7.510000000e+02
1.003000000e+03
1.064000000e+03
6.750000000e+02
1.109000000e+03
1.272000000e+03
7.360000000e+02
1.063000000e+03
7.950000000e+02
