1.190000000e+02
1.110000000e+02
1.190000000e+02
1.250000000e+02
1.480000000e+02
9.800000000e+01
1.310000000e+02
1.190000000e+02
1.160000000e+02
1.010000000e+02
1.390000000e+02
1.190000000e+02
1.470000000e+02
1.270000000e+02
1.230000000e+02
1.060000000e+02
9.600000000e+01
1.300000000e+02
1.270000000e+02
1.020000000e+02
1.100000000e+02
1.270000000e+02
1.210000000e+02
1.360000000e+02
1.150000000e+02
1.290000000e+02
1.250000000e+02
1.300000000e+02
1.200000000e+02
9.900000000e+01

1.190000000e+02
1.410000000e+02
1.430000000e+02
1.430000000e+02
1.440000000e+02
1.590000000e+02
1.230000000e+02
1.340000000e+02
1.660000000e+02
1.210000000e+02
1.270000000e+02
1.530000000e+02
1.330000000e+02
1.260000000e+02
1.350000000e+02
1.440000000e+02
1.530000000e+02
1.410000000e+02
1.250000000e+02
1.200000000e+02
1.830000000e+02
1.540000000e+02
1.290000000e+02
1.260000000e+02
1.450000000e+02
1.480000000e+02
1.440000000e+02
1.380000000e+02
1.290000000e+02
1.320000000e+02
