1.435485100e+07
4.254300900e+07
9.090589000e+06
3.167184400e+07
8.231821000e+06
1.917104200e+07
2.866072000e+07
2.119889100e+07
2.840159400e+07
7.831332000e+06
1.985362600e+07
2.901037800e+07
4.669240200e+07
2.171145600e+07
2.967241900e+07
1.244670100e+07
2.178466900e+07
3.167481800e+07
3.156111800e+07
1.952823300e+07
2.371536100e+07
3.022013600e+07
8.547836000e+06
2.423118700e+07
7.457871000e+06
1.465139100e+07
3.022462700e+07
2.998603700e+07
7.929964000e+06
4.527607200e+07

3.001216200e+07
3.959303500e+07
3.108324000e+07
3.102673400e+07
3.524567600e+07
3.979919700e+07
3.931117500e+07
3.157503800e+07
2.770779900e+07
3.007760000e+07
2.875496100e+07
2.717207300e+07
3.345356600e+07
2.961494500e+07
3.074822900e+07
4.212379200e+07
2.905045500e+07
2.966907600e+07
2.812869300e+07
3.145842200e+07
3.826436100e+07
3.298357900e+07
2.958282800e+07
2.822120700e+07
2.710640000e+07
3.766497900e+07
3.979512800e+07
2.737685300e+07
2.926700800e+07
3.604268400e+07
