3.156203000e+06
3.518245000e+06
3.199065000e+06
3.236542000e+06
3.295730000e+06
3.258452000e+06
3.220267000e+06
3.223708000e+06
3.385361000e+06
3.436847000e+06
3.155764000e+06
3.479184000e+06
3.326566000e+06
3.330077000e+06
3.378518000e+06
3.413273000e+06
3.302539000e+06
3.383836000e+06
3.256405000e+06
3.169667000e+06
3.163254000e+06
3.380017000e+06
3.437443000e+06
3.266749000e+06
3.455601000e+06
3.276001000e+06
3.332471000e+06
3.167922000e+06
3.216241000e+06
3.336210000e+06

1.393621000e+06
1.922905000e+06
1.569719000e+06
1.447036000e+06
3.325571000e+06
1.598893000e+06
1.353467000e+06
1.661229000e+06
1.596832000e+06
1.380871000e+06
2.411131000e+06
1.397505000e+06
8.230913000e+06
1.015474200e+07
1.827298000e+06
1.568206000e+06
1.585175000e+06
1.575893000e+06
1.445534000e+06
2.520443000e+06
1.681735000e+06
1.500139000e+06
1.384390000e+06
1.623920000e+06
1.593692000e+06
1.709238000e+06
1.830917000e+06
1.434071000e+06
1.763501000e+06
1.348573000e+06

2.200690000e+06
2.318913000e+06
2.201992000e+06
2.265515000e+06
2.310614000e+06
2.274044000e+06
2.305928000e+06
2.243679000e+06
2.290999000e+06
2.314462000e+06
2.280979000e+06
2.363134000e+06
2.365280000e+06
2.293218000e+06
2.336708000e+06
2.347503000e+06
2.196130000e+06
2.358562000e+06
2.375460000e+06
2.353417000e+06
2.325094000e+06
2.261539000e+06
2.236196000e+06
2.343894000e+06
2.400460000e+06
2.275358000e+06
2.557550000e+06
2.282187000e+06
2.246869000e+06
2.274959000e+06
