6.970000000e+02
6.330000000e+02
5.420000000e+02
6.470000000e+02
6.480000000e+02
8.330000000e+02
6.150000000e+02
7.540000000e+02
5.670000000e+02
7.360000000e+02
6.230000000e+02
7.710000000e+02
6.600000000e+02
6.030000000e+02
5.970000000e+02
6.040000000e+02
5.070000000e+02
5.810000000e+02
5.550000000e+02
6.870000000e+02
6.880000000e+02
5.370000000e+02
5.350000000e+02
5.520000000e+02
4.520000000e+02
6.710000000e+02
6.320000000e+02
6.350000000e+02
6.760000000e+02
6.490000000e+02

1.217000000e+03
9.980000000e+02
1.232000000e+03
1.270000000e+03
1.219000000e+03
1.272000000e+03
1.039000000e+03
1.166000000e+03
1.384000000e+03
1.258000000e+03
1.011000000e+03
1.351000000e+03
1.316000000e+03
1.265000000e+03
1.253000000e+03
1.342000000e+03
1.109000000e+03
1.311000000e+03
1.174000000e+03
1.158000000e+03
1.262000000e+03
1.165000000e+03
1.209000000e+03
1.087000000e+03
1.149000000e+03
1.016000000e+03
1.202000000e+03
1.133000000e+03
1.202000000e+03
1.193000000e+03
