Number of sample populations = 3. Total number of values in the input = 90
18 0 1
19 0 2
21 0 3
22 0 4
23 0 5
24 0 7.5
24 0 7.5
24 0 7.5
24 0 7.5
25 0 10
26 0 12
26 0 12
27 0 13
28 0 15
28 0 15
28 0 15
29 0 18
29 0 18
30 0 20
30 0 20
30 0 20
31 0 23
31 0 23
31 0 23
32 0 26
32 0 26
33 0 27
34 0 28
35 0 29
39 1 30
39 1 30
41 1 32
43 1 34
43 1 34
44 1 38
44 0 38
44 1 38
44 1 38
44 1 38
44 1 38
45 1 41
46 1 42
46 1 42
47 1 44
47 1 44
48 1 46
48 1 46
49 1 50
49 1 50
49 1 50
49 1 50
50 1 52
50 1 52
51 1 54
53 1 55
54 1 56
55 1 57
56 1 58
57 1 59
61 1 60
99 2 61
100 2 62
101 2 63
102 2 64
103 2 66
103 2 66
104 2 67
105 2 70
105 2 70
105 2 70
105 2 70
105 2 70
106 2 74
106 2 74
106 2 74
108 2 76
119 2 77
126 2 78
129 2 79
133 2 80
137 2 81
139 2 82
148 2 83
176 2 84
218 2 85
221 2 86
222 2 87
235 2 88
241 2 89
306 2 90
Total number of ties =33
Number of samples = 30; sum = 472.5
Number of samples = 30; sum = 1357.5
Number of samples = 30; sum = 2265
Corrected T value =78.5323
p-value to accept the null hypothesis that all distribution functions are identical = 8.84958136e-18
