Number of sample populations = 3. Total number of values in the input = 90
1.00156e-06 0 1
1.00803e-06 0 2
1.0527e-06 0 3
1.0683e-06 0 4
1.08189e-06 0 5
1.08194e-06 0 6
1.0955e-06 0 7
1.09921e-06 0 8
1.09945e-06 0 9
1.10837e-06 0 10
1.11251e-06 0 11
1.11502e-06 0 12
1.11672e-06 0 13
1.11741e-06 0 14
1.11827e-06 0 15
1.12286e-06 0 16
1.1308e-06 0 17
1.13242e-06 0 18
1.13336e-06 0 19
1.13556e-06 0 20
1.13582e-06 0 21
1.13867e-06 0 22
1.14282e-06 0 23
1.15495e-06 0 24
1.17115e-06 0 25
1.18839e-06 0 26
1.19293e-06 0 27
1.22112e-06 0 28
1.22721e-06 0 29
1.23376e-06 0 30
1.6129e-06 1 31
1.67021e-06 1 32
1.7266e-06 1 33
1.74618e-06 1 34
1.75106e-06 1 35
1.75834e-06 1 36
1.75975e-06 1 37
1.76271e-06 1 38
1.78239e-06 1 39
1.78502e-06 1 40
1.78567e-06 1 41
1.80383e-06 1 42
1.80618e-06 1 43
1.81682e-06 1 44
1.82249e-06 1 45
1.82355e-06 1 46
1.8253e-06 1 47
1.83186e-06 1 48
1.83273e-06 1 49
1.83504e-06 1 50
1.85667e-06 1 51
1.85684e-06 1 52
1.86568e-06 1 53
1.87904e-06 1 54
1.90327e-06 1 55
1.90465e-06 1 56
1.94474e-06 1 57
1.96203e-06 1 58
1.97673e-06 1 59
1.98497e-06 1 60
3.74979e-06 2 61
3.87703e-06 2 62
3.89447e-06 2 63
3.91346e-06 2 64
3.93832e-06 2 65
3.99246e-06 2 66
4.02287e-06 2 67
4.02583e-06 2 68
4.03156e-06 2 69
4.03224e-06 2 70
4.05124e-06 2 71
4.05944e-06 2 72
4.05982e-06 2 73
4.06928e-06 2 74
4.0785e-06 2 75
4.08552e-06 2 76
4.08685e-06 2 77
4.0886e-06 2 78
4.09638e-06 2 79
4.14534e-06 2 80
4.16441e-06 2 81
4.19826e-06 2 82
4.20812e-06 2 83
4.20841e-06 2 84
4.21716e-06 2 85
4.26566e-06 2 86
4.29082e-06 2 87
4.35849e-06 2 88
4.3893e-06 2 89
4.4279e-06 2 90
Total number of ties =0
Number of samples = 30; sum = 465
Number of samples = 30; sum = 1365
Number of samples = 30; sum = 2265
Corrected T value =79.1209
p-value to accept the null hypothesis that all distribution functions are identical = 6.59355142e-18
