1.720000000e+02
1.910000000e+02
1.740000000e+02
1.920000000e+02
1.590000000e+02
1.920000000e+02
1.710000000e+02
1.680000000e+02
1.900000000e+02
1.580000000e+02
1.780000000e+02
1.500000000e+02
1.550000000e+02
2.170000000e+02
1.980000000e+02
1.930000000e+02
1.350000000e+02
1.730000000e+02
1.670000000e+02
1.850000000e+02
2.120000000e+02
1.260000000e+02
1.950000000e+02
2.030000000e+02
1.830000000e+02
1.740000000e+02
1.670000000e+02
2.520000000e+02
1.910000000e+02
1.690000000e+02

5.540000000e+02
5.470000000e+02
4.690000000e+02
7.600000000e+02
4.610000000e+02
7.340000000e+02
5.600000000e+02
7.500000000e+02
7.680000000e+02
5.530000000e+02
5.360000000e+02
4.330000000e+02
6.980000000e+02
5.050000000e+02
7.190000000e+02
1.081000000e+03
6.670000000e+02
7.120000000e+02
4.720000000e+02
7.060000000e+02
5.570000000e+02
6.520000000e+02
6.340000000e+02
8.310000000e+02
5.890000000e+02
5.180000000e+02
5.290000000e+02
5.280000000e+02
5.050000000e+02
7.040000000e+02
