1.800600000e+04
1.431400000e+04
1.659100000e+04
1.500900000e+04
1.555600000e+04
1.550100000e+04
1.604600000e+04
1.742800000e+04
1.665500000e+04
1.581700000e+04
1.395700000e+04
1.574900000e+04
1.554400000e+04
1.553100000e+04
1.689300000e+04
1.749900000e+04
1.621200000e+04
1.626100000e+04
1.678300000e+04
1.594600000e+04
1.743400000e+04
1.625800000e+04
1.617300000e+04
1.614000000e+04
1.462800000e+04
1.478900000e+04
1.518400000e+04
1.612600000e+04
1.710700000e+04
1.498800000e+04

5.137800000e+04
5.124300000e+04
4.998200000e+04
4.808800000e+04
5.096000000e+04
5.337000000e+04
5.354000000e+04
4.672000000e+04
5.250800000e+04
4.612300000e+04
5.275600000e+04
5.080100000e+04
5.033700000e+04
5.311800000e+04
5.108100000e+04
5.536700000e+04
5.606900000e+04
5.087800000e+04
5.331900000e+04
5.264500000e+04
5.462200000e+04
5.058700000e+04
4.882100000e+04
5.123600000e+04
5.162000000e+04
5.088300000e+04
5.198100000e+04
5.092600000e+04
5.235900000e+04
5.100700000e+04
