2.309850425e-06
1.717214650e-06
2.194078365e-06
1.960444626e-06
1.995730739e-06
2.121989894e-06
1.636569781e-06
2.239483509e-06
1.768832203e-06
2.330036353e-06
1.919273610e-06
2.129194837e-06
1.987781166e-06
2.222446640e-06
2.343348954e-06
2.260742610e-06
2.343621608e-06
2.197874289e-06
2.256274790e-06
1.935803054e-06
1.877059041e-06
1.432815693e-06
2.600196522e-06
2.033624873e-06
2.540799415e-06
2.310620284e-06
2.391777608e-06
2.645933402e-06
2.213645052e-06
2.210170524e-06

3.883689609e-06
3.289561221e-06
3.598515164e-06
4.374205247e-06
3.793245748e-06
4.909629142e-06
4.807194913e-06
3.777196343e-06
6.487687684e-06
4.275560116e-06
4.996408696e-06
4.478754763e-06
5.185128907e-06
4.080337516e-06
5.253802411e-06
4.312816126e-06
4.634465825e-06
3.924769528e-06
4.041530689e-06
4.322849929e-06
4.524675595e-06
3.869950262e-06
3.990527067e-06
3.616128839e-06
3.478526661e-06
5.283357711e-06
4.635297001e-06
5.037263865e-06
4.689767047e-06
5.519998552e-06

1.113263561e-05
1.110766678e-05
8.404981375e-06
1.114691436e-05
1.171909227e-05
8.819780442e-06
8.519103896e-06
1.245180922e-05
9.273848850e-06
8.568734465e-06
1.017340376e-05
8.651562406e-06
8.750839353e-06
8.351721429e-06
8.057346913e-06
8.170140572e-06
8.479292918e-06
1.043059588e-05
1.883267103e-05
8.783230578e-06
1.161978555e-05
1.020444309e-05
1.105387014e-05
8.507102750e-06
8.977046352e-06
1.172344113e-05
2.407678722e-05
8.923844809e-06
8.639148047e-06
1.688805800e-05
