1.560136176e-05
1.740098216e-05
1.585325604e-05
1.460788028e-05
1.509154383e-05
1.472458001e-05
1.739053171e-05
1.949996397e-05
1.438669060e-05
1.535481498e-05
1.625971220e-05
1.418419284e-05
1.301612363e-05
1.489124479e-05
1.816160671e-05
1.736837908e-05
1.586074606e-05
1.864932391e-05
1.744203074e-05
1.586110617e-05
1.514039568e-05
1.919241717e-05
1.726711782e-05
1.370595096e-05
1.643377506e-05
1.524481505e-05
1.421072527e-05
1.591505235e-05
1.460219031e-05
1.479851354e-05

1.960864897e-05
2.554837481e-05
2.839155592e-05
3.379493662e-05
3.519735518e-05
2.986259449e-05
2.918030527e-05
2.979179552e-05
3.645648997e-05
2.895680973e-05
3.423721243e-05
2.439250894e-05
4.421858133e-05
3.223975020e-05
2.471480503e-05
2.379757081e-05
3.773789512e-05
2.862457824e-05
2.789453051e-05
2.563500171e-05
2.275345437e-05
2.374157283e-05
3.604554296e-05
3.141878227e-05
3.242203696e-05
3.478343236e-05
2.964723510e-05
2.508842006e-05
2.488627412e-05
2.976586544e-05
