1.509992600e+07
4.328808400e+07
9.835664000e+06
3.241691900e+07
8.976896000e+06
1.991611700e+07
2.940579500e+07
2.194396600e+07
2.914666900e+07
8.576407000e+06
2.059870100e+07
2.975545300e+07
4.743747700e+07
2.245653100e+07
3.041749400e+07
1.319177600e+07
2.252974400e+07
3.241989300e+07
3.230619300e+07
2.027330800e+07
2.446043600e+07
3.096521100e+07
9.292911000e+06
2.497626200e+07
8.202946000e+06
1.539646600e+07
3.096970200e+07
3.073111200e+07
8.675039000e+06
4.602114700e+07

7.783100000e+06
7.311463000e+06
7.971155000e+06
7.618220000e+06
7.518875000e+06
7.971860000e+06
7.631457000e+06
7.671997000e+06
7.407333000e+06
7.269363000e+06
7.779786000e+06
7.893179000e+06
7.796293000e+06
6.837673000e+06
8.579809100e+07
7.448220000e+06
7.588187000e+06
8.227977000e+06
7.537253000e+06
6.462413100e+07
1.535912800e+07
7.382395000e+06
4.214246700e+07
8.030244000e+06
7.692138000e+06
7.313310000e+06
1.480517400e+07
7.425924000e+06
6.487008000e+06
7.307407000e+06
