1.160788200e+07
1.172408700e+07
1.226263900e+07
1.105725200e+07
1.082645900e+07
3.570962200e+07
1.185157360e+08
1.107230200e+07
6.227843000e+07
2.323707000e+07
1.146577600e+07
1.196453100e+07
1.050096300e+07
1.219375800e+07
1.154304200e+07
1.213683500e+07
4.572484200e+07
1.172033900e+07
1.139252300e+07
1.178575800e+07
2.336770800e+07
1.070701200e+07
1.147267100e+07
1.131703400e+07
2.393181300e+07
9.357530900e+07
1.137897300e+07
1.170536200e+07
1.178476900e+07
1.131360700e+07

3.280386700e+07
3.660455900e+07
3.317328800e+07
3.274981900e+07
2.303557800e+07
2.040012300e+07
3.688223100e+07
2.370679300e+07
3.350717300e+07
1.868066200e+07
3.572840900e+07
1.985633400e+07
2.300859800e+07
3.668140900e+07
1.548965700e+07
1.464955500e+07
3.657580700e+07
2.148606400e+07
2.054103400e+07
1.975817600e+07
2.304990800e+07
3.431575700e+07
2.224262800e+07
3.649997400e+07
4.162186200e+07
3.256817300e+07
3.483053200e+07
2.172612800e+07
3.477522800e+07
2.082913200e+07
