1.368899629e-06
1.249526615e-06
1.338570198e-06
1.109891385e-06
1.263866201e-06
1.353791700e-06
1.371561622e-06
1.349457812e-06
1.480736483e-06
1.361588738e-06
1.253915393e-06
1.187980369e-06
1.292250684e-06
1.131982581e-06
1.407395958e-06
1.186990669e-06
1.350674218e-06
1.378856386e-06
1.283461271e-06
1.286799192e-06
1.450937072e-06
1.293488886e-06
1.370240825e-06
1.242307141e-06
1.334876270e-06
1.273802079e-06
1.102450554e-06
1.189792503e-06
1.253885852e-06
1.135337028e-06

1.198490418e-06
1.069816615e-06
9.998730919e-07
1.347014382e-06
1.256145251e-06
1.282263588e-06
1.234194534e-06
1.172790165e-06
1.127485020e-06
1.216756348e-06
1.041951812e-06
1.137777625e-06
1.178959260e-06
1.038190738e-06
1.286663584e-06
1.192305035e-06
1.053294156e-06
1.327043304e-06
1.138689999e-06
1.187369032e-06
1.084283107e-06
1.060853470e-06
1.358403033e-06
1.115789822e-06
1.271675654e-06
1.120643071e-06
1.109083681e-06
1.086964222e-06
1.040078680e-06
9.585399995e-07
