3.080113088e-07
3.517220435e-07
3.217416343e-07
3.358993447e-07
3.086887532e-07
3.330687687e-07
3.360708416e-07
3.697494905e-07
3.768811800e-07
3.291028246e-07
3.037044069e-07
3.811927126e-07
3.146563720e-07
3.634074210e-07
3.126575317e-07
3.810586609e-07
3.677327261e-07
2.851568406e-07
3.658318497e-07
3.049625693e-07
3.426477611e-07
3.286842621e-07
3.129184895e-07
3.398896002e-07
3.219949275e-07
3.703734819e-07
3.325306455e-07
3.629368027e-07
3.540697457e-07
3.700161968e-07

3.507194497e-07
3.574902214e-07
3.644016715e-07
4.178625362e-07
3.574547324e-07
3.450303137e-07
4.125367531e-07
3.938374106e-07
4.217678417e-07
4.156567101e-07
3.484273961e-07
3.896384527e-07
4.685039227e-07
3.285027853e-07
3.877697520e-07
3.480053606e-07
3.578805204e-07
3.880940630e-07
3.393344710e-07
3.742601048e-07
3.856162212e-07
3.941380490e-07
3.628692579e-07
3.908022439e-07
4.136568319e-07
3.676945624e-07
4.045059827e-07
4.975716781e-07
3.933178103e-07
3.612045889e-07
