1.600000000e+01
1.300000000e+01
1.400000000e+01
1.400000000e+01
3.000000000e+01
1.800000000e+01
2.200000000e+01
1.000000000e+01
1.200000000e+01
1.100000000e+01
2.000000000e+01
1.400000000e+01
1.300000000e+01
1.300000000e+01
1.900000000e+01
1.900000000e+01
1.800000000e+01
1.600000000e+01
1.300000000e+01
1.400000000e+01
2.800000000e+01
1.500000000e+01
1.400000000e+01
2.000000000e+01
1.200000000e+01
1.400000000e+01
3.300000000e+01
1.600000000e+01
2.300000000e+01
2.000000000e+01

1.020000000e+02
1.100000000e+02
9.600000000e+01
1.390000000e+02
1.060000000e+02
1.200000000e+02
1.470000000e+02
1.280000000e+02
1.340000000e+02
1.270000000e+02
1.070000000e+02
1.100000000e+02
9.300000000e+01
1.070000000e+02
8.700000000e+01
1.010000000e+02
9.000000000e+01
1.650000000e+02
1.280000000e+02
9.700000000e+01
9.800000000e+01
1.050000000e+02
9.800000000e+01
1.250000000e+02
1.360000000e+02
1.130000000e+02
1.600000000e+02
1.120000000e+02
8.600000000e+01
1.070000000e+02
