Number of sample populations = 3. Total number of values in the input = 90
3 1 1
4 1 2
5 0 8.5
5 1 8.5
5 1 8.5
5 0 8.5
5 1 8.5
5 0 8.5
5 1 8.5
5 0 8.5
5 0 8.5
5 1 8.5
5 1 8.5
5 0 8.5
6 0 18
6 1 18
6 1 18
6 0 18
6 0 18
6 0 18
7 0 24
7 1 24
7 0 24
7 0 24
7 1 24
7 0 24
8 1 30
8 1 30
8 0 30
8 1 30
8 1 30
8 1 30
8 1 30
9 0 36
9 1 36
9 1 36
9 1 36
10 1 39
10 1 39
10 1 39
11 0 42
11 1 42
11 0 42
11 1 42
12 1 45
13 0 48
13 1 48
13 0 48
13 0 48
14 0 51
14 0 51
14 1 51
15 0 54
15 0 54
16 1 55
17 0 57
17 0 57
17 0 57
19 0 60
19 0 60
32 2 62
32 2 62
32 2 62
32 2 62
33 2 68
33 2 68
33 2 68
33 2 68
33 2 68
33 2 68
33 2 68
33 2 68
34 2 76
34 2 76
34 2 76
34 2 76
34 2 76
34 2 76
35 2 80
35 2 80
35 2 80
36 2 82
37 2 84
37 2 84
39 2 85
47 2 86
48 2 87
54 2 88
55 2 89
56 2 90
Total number of ties =62
Number of samples = 30; sum = 1007
Number of samples = 30; sum = 823
Number of samples = 30; sum = 2265
Corrected T value =60.4611
p-value to accept the null hypothesis that all distribution functions are identical = 7.43101815e-14
