1.298000000e+03 1.826000000e+03 
3.690000000e+02 3.037000000e+03 
2.020000000e+02 3.773000000e+03 
7.130000000e+02 2.275000000e+03 
1.053000000e+03 1.943000000e+03 
3.350000000e+02 3.175000000e+03 
7.150000000e+02 2.271000000e+03 
4.950000000e+02 2.674000000e+03 
2.100000000e+02 3.729000000e+03 
1.269000000e+03 1.835000000e+03 
9.760000000e+02 1.995000000e+03 
7.290000000e+02 2.250000000e+03 
2.630000000e+02 3.469000000e+03 
4.830000000e+02 2.706000000e+03 
3.080000000e+02 3.283000000e+03 
2.800000000e+01 5.143000000e+03 
3.900000000e+01 5.018000000e+03 
1.210000000e+02 4.302000000e+03 
2.680000000e+02 3.442000000e+03 
2.000000000e+00 5.575000000e+03 
2.050000000e+02 3.756000000e+03 
6.950000000e+02 2.303000000e+03 
9.510000000e+02 2.014000000e+03 
1.078000000e+03 1.928000000e+03 
5.000000000e+02 2.663000000e+03 
2.720000000e+02 3.420000000e+03 
3.700000000e+01 5.030000000e+03 
5.010000000e+02 2.660000000e+03 
7.270000000e+02 2.253000000e+03 
7.180000000e+02 2.269000000e+03 
6.530000000e+02 2.364000000e+03 
6.350000000e+02 2.394000000e+03 
3.510000000e+02 3.099000000e+03 
3.450000000e+02 3.126000000e+03 
7.280000000e+02 2.251000000e+03 
6.230000000e+02 2.415000000e+03 
7.720000000e+02 2.193000000e+03 
9.000000000e+00 5.431000000e+03 
1.080000000e+03 1.927000000e+03 
9.740000000e+02 1.996000000e+03 
6.300000000e+02 2.403000000e+03 
1.640000000e+02 4.002000000e+03 
8.000000000e+00 5.450000000e+03 
3.520000000e+02 3.095000000e+03 
1.352000000e+03 1.809000000e+03 
6.550000000e+02 2.361000000e+03 
6.280000000e+02 2.406000000e+03 
7.710000000e+02 2.194000000e+03 
3.490000000e+02 3.106000000e+03 
1.458000000e+03 1.779000000e+03 
7.930000000e+02 2.173000000e+03 
1.400000000e+01 5.344000000e+03 
4.700000000e+01 4.920000000e+03 
7.220000000e+02 2.262000000e+03 
1.100000000e+01 5.395000000e+03 
4.970000000e+02 2.669000000e+03 
8.360000000e+02 2.139000000e+03 
1.130000000e+02 4.352000000e+03 
7.680000000e+02 2.198000000e+03 
9.770000000e+02 1.994000000e+03 
9.520000000e+02 2.013000000e+03 
9.450000000e+02 2.021000000e+03 
5.040000000e+02 2.653000000e+03 
6.320000000e+02 2.399000000e+03 
3.600000000e+01 5.041000000e+03 
7.900000000e+01 4.624000000e+03 
7.310000000e+02 2.247000000e+03 
2.810000000e+02 3.379000000e+03 
1.075000000e+03 1.930000000e+03 
6.240000000e+02 2.413000000e+03 
5.600000000e+01 4.830000000e+03 
7.690000000e+02 2.197000000e+03 
1.071000000e+03 1.932000000e+03 
4.940000000e+02 2.676000000e+03 
4.620000000e+02 2.758000000e+03 
7.000000000e+00 5.470000000e+03 
1.560000000e+02 4.050000000e+03 
1.800000000e+01 5.280000000e+03 
3.500000000e+02 3.102000000e+03 
7.700000000e+01 4.641000000e+03 
2.500000000e+01 5.180000000e+03 
2.040000000e+02 3.761000000e+03 
6.290000000e+02 2.404000000e+03 
9.020000000e+02 2.064000000e+03 
2.000000000e+01 5.250000000e+03 
1.150000000e+02 4.337000000e+03 
1.251000000e+03 1.842000000e+03 
4.960000000e+02 2.671000000e+03 
1.367000000e+03 1.802000000e+03 
4.700000000e+02 2.736000000e+03 
3.640000000e+02 3.053000000e+03 
1.244000000e+03 1.845000000e+03 
7.660000000e+02 2.200000000e+03 
1.056000000e+03 1.941000000e+03 
1.076000000e+03 1.929000000e+03 
2.710000000e+02 3.424000000e+03 
4.610000000e+02 2.760000000e+03 
6.330000000e+02 2.397000000e+03 
5.020000000e+02 2.657000000e+03 
9.530000000e+02 2.012000000e+03 
2.080000000e+02 3.739000000e+03 
1.242000000e+03 1.846000000e+03 
9.580000000e+02 2.008000000e+03 
9.780000000e+02 1.993000000e+03 
1.521000000e+03 1.767000000e+03 
5.030000000e+02 2.655000000e+03 
1.580000000e+02 4.037000000e+03 
2.840000000e+02 3.366000000e+03 
3.700000000e+02 3.033000000e+03 
3.200000000e+01 5.089000000e+03 
7.300000000e+02 2.248000000e+03 
1.462000000e+03 1.778000000e+03 
6.540000000e+02 2.362000000e+03 
1.271000000e+03 1.834000000e+03 
1.497000000e+03 1.771000000e+03 
1.058000000e+03 1.940000000e+03 
7.700000000e+02 2.195000000e+03 
1.370000000e+03 1.801000000e+03 
0.000000000e+00 5.619000000e+03 
1.528000000e+03 1.766000000e+03 
1.209000000e+03 1.863000000e+03 
4.210000000e+02 2.888000000e+03 
2.880000000e+02 3.351000000e+03 
2.640000000e+02 3.461000000e+03 
6.220000000e+02 2.417000000e+03 
9.830000000e+02 1.990000000e+03 
4.850000000e+02 2.700000000e+03 
2.830000000e+02 3.371000000e+03 
5.700000000e+01 4.821000000e+03 
9.550000000e+02 2.011000000e+03 
6.310000000e+02 2.401000000e+03 
3.010000000e+02 3.310000000e+03 
7.670000000e+02 2.199000000e+03 
1.249000000e+03 1.843000000e+03 
1.247000000e+03 1.844000000e+03 
1.492000000e+03 1.772000000e+03 
4.810000000e+02 2.714000000e+03 
1.085000000e+03 1.925000000e+03 
3.630000000e+02 3.057000000e+03 
1.394000000e+03 1.795000000e+03 
4.720000000e+02 2.731000000e+03 
1.370000000e+02 4.192000000e+03 
4.690000000e+02 2.739000000e+03 
6.340000000e+02 2.396000000e+03 
2.110000000e+02 3.727000000e+03 
3.710000000e+02 3.030000000e+03 
9.570000000e+02 2.009000000e+03 
7.870000000e+02 2.179000000e+03 
1.214000000e+03 1.861000000e+03 
2.090000000e+02 3.734000000e+03 
3.550000000e+02 3.087000000e+03 
1.073000000e+03 1.931000000e+03 
1.390000000e+02 4.169000000e+03 
6.820000000e+02 2.328000000e+03 
3.020000000e+02 3.309000000e+03 
1.363000000e+03 1.804000000e+03 
2.990000000e+02 3.312000000e+03 
3.300000000e+01 5.077000000e+03 
2.900000000e+01 5.132000000e+03 
7.320000000e+02 2.246000000e+03 
1.140000000e+02 4.345000000e+03 
1.231000000e+03 1.853000000e+03 
2.900000000e+02 3.342000000e+03 
6.560000000e+02 2.359000000e+03 
9.500000000e+02 2.015000000e+03 
4.710000000e+02 2.734000000e+03 
4.560000000e+02 2.780000000e+03 
1.055000000e+03 1.942000000e+03 
2.750000000e+02 3.406000000e+03 
1.570000000e+02 4.044000000e+03 
3.500000000e+01 5.053000000e+03 
3.800000000e+02 3.012000000e+03 
4.900000000e+02 2.687000000e+03 
9.120000000e+02 2.059000000e+03 
1.380000000e+02 4.187000000e+03 
4.820000000e+02 2.713000000e+03 
8.850000000e+02 2.084000000e+03 
1.900000000e+01 5.266000000e+03 
8.200000000e+01 4.607000000e+03 
6.270000000e+02 2.408000000e+03 
3.660000000e+02 3.047000000e+03 
3.290000000e+02 3.186000000e+03 
7.560000000e+02 2.216000000e+03 
6.570000000e+02 2.358000000e+03 
1.590000000e+02 4.031000000e+03 
6.510000000e+02 2.367000000e+03 
2.670000000e+02 3.446000000e+03 
6.520000000e+02 2.366000000e+03 
7.330000000e+02 2.244000000e+03 
9.560000000e+02 2.010000000e+03 
6.260000000e+02 2.410000000e+03 
5.140000000e+02 2.634000000e+03 
3.650000000e+02 3.050000000e+03 
4.220000000e+02 2.880000000e+03 
6.690000000e+02 2.343000000e+03 
1.237000000e+03 1.850000000e+03 
1.393000000e+03 1.797000000e+03 
1.500000000e+02 4.098000000e+03 
1.600000000e+01 5.312000000e+03 
6.670000000e+02 2.346000000e+03 
6.170000000e+02 2.429000000e+03 
3.600000000e+02 3.067000000e+03 
3.530000000e+02 3.092000000e+03 
2.780000000e+02 3.393000000e+03 
6.250000000e+02 2.412000000e+03 
4.670000000e+02 2.744000000e+03 
2.540000000e+02 3.529000000e+03 
9.690000000e+02 2.001000000e+03 
6.400000000e+02 2.388000000e+03 
5.610000000e+02 2.543000000e+03 
6.610000000e+02 2.352000000e+03 
1.139000000e+03 1.900000000e+03 
1.287000000e+03 1.829000000e+03 
7.500000000e+02 2.223000000e+03 
4.900000000e+01 4.900000000e+03 
7.300000000e+01 4.677000000e+03 
8.280000000e+02 2.142000000e+03 
4.100000000e+01 4.989000000e+03 
2.700000000e+02 3.429000000e+03 
6.920000000e+02 2.307000000e+03 
1.254000000e+03 1.841000000e+03 
7.800000000e+01 4.633000000e+03 
4.980000000e+02 2.667000000e+03 
2.790000000e+02 3.388000000e+03 
9.810000000e+02 1.991000000e+03 
5.180000000e+02 2.631000000e+03 
6.020000000e+02 2.463000000e+03 
6.070000000e+02 2.452000000e+03 
6.680000000e+02 2.345000000e+03 
1.108000000e+03 1.913000000e+03 
1.240000000e+03 1.847000000e+03 
1.020000000e+02 4.460000000e+03 
4.270000000e+02 2.867000000e+03 
6.900000000e+01 4.716000000e+03 
2.030000000e+02 3.767000000e+03 
2.580000000e+02 3.494000000e+03 
1.690000000e+02 3.977000000e+03 
7.730000000e+02 2.192000000e+03 
2.230000000e+02 3.667000000e+03 
2.060000000e+02 3.750000000e+03 
9.840000000e+02 1.989000000e+03 
3.720000000e+02 3.027000000e+03 
5.300000000e+02 2.606000000e+03 
5.230000000e+02 2.619000000e+03 
1.520000000e+02 4.081000000e+03 
4.990000000e+02 2.664000000e+03 
2.200000000e+02 3.682000000e+03 
1.170000000e+03 1.884000000e+03 
1.148000000e+03 1.898000000e+03 
4.430000000e+02 2.822000000e+03 
8.010000000e+02 2.165000000e+03 
1.037000000e+03 1.954000000e+03 
1.220000000e+03 1.858000000e+03 
1.229000000e+03 1.854000000e+03 
9.490000000e+02 2.016000000e+03 
5.830000000e+02 2.507000000e+03 
6.430000000e+02 2.382000000e+03 
2.660000000e+02 3.457000000e+03 
2.770000000e+02 3.398000000e+03 
3.790000000e+02 3.013000000e+03 
2.330000000e+02 3.615000000e+03 
7.200000000e+01 4.686000000e+03 
2.400000000e+02 3.584000000e+03 
6.800000000e+02 2.329000000e+03 
4.510000000e+02 2.794000000e+03 
2.340000000e+02 3.610000000e+03 
4.730000000e+02 2.729000000e+03 
1.008000000e+03 1.976000000e+03 
1.240000000e+02 4.283000000e+03 
2.940000000e+02 3.326000000e+03 
4.600000000e+02 2.763000000e+03 
1.023000000e+03 1.964000000e+03 
9.100000000e+01 4.528000000e+03 
3.220000000e+02 3.224000000e+03 
8.140000000e+02 2.157000000e+03 
9.800000000e+02 1.992000000e+03 
1.094000000e+03 1.922000000e+03 
2.070000000e+02 3.745000000e+03 
4.630000000e+02 2.755000000e+03 
2.530000000e+02 3.538000000e+03 
5.990000000e+02 2.470000000e+03 
7.820000000e+02 2.186000000e+03 
9.220000000e+02 2.046000000e+03 
1.000000000e+01 5.413000000e+03 
1.300000000e+01 5.362000000e+03 
1.950000000e+02 3.822000000e+03 
8.000000000e+01 4.616000000e+03 
2.600000000e+01 5.167000000e+03 
4.450000000e+02 2.820000000e+03 
2.930000000e+02 3.332000000e+03 
1.500000000e+01 5.328000000e+03 
3.370000000e+02 3.161000000e+03 
2.120000000e+02 3.719000000e+03 
2.100000000e+01 5.236000000e+03 
1.513000000e+03 1.769000000e+03 
1.482000000e+03 1.774000000e+03 
3.280000000e+02 3.201000000e+03 
1.478000000e+03 1.775000000e+03 
7.610000000e+02 2.207000000e+03 
3.670000000e+02 3.043000000e+03 
2.800000000e+02 3.385000000e+03 
9.600000000e+02 2.007000000e+03 
5.710000000e+02 2.521000000e+03 
8.070000000e+02 2.158000000e+03 
9.700000000e+02 1.999000000e+03 
4.880000000e+02 2.699000000e+03 
9.140000000e+02 2.054000000e+03 
9.370000000e+02 2.028000000e+03 
9.070000000e+02 2.063000000e+03 
6.800000000e+01 4.723000000e+03 
4.120000000e+02 2.917000000e+03 
1.408000000e+03 1.793000000e+03 
4.500000000e+01 4.943000000e+03 
2.300000000e+01 5.209000000e+03 
4.260000000e+02 2.873000000e+03 
3.200000000e+02 3.228000000e+03 
1.160000000e+02 4.330000000e+03 
8.720000000e+02 2.100000000e+03 
1.090000000e+02 4.386000000e+03 
1.374000000e+03 1.800000000e+03 
3.680000000e+02 3.040000000e+03 
2.820000000e+02 3.375000000e+03 
2.740000000e+02 3.414000000e+03 
9.400000000e+01 4.523000000e+03 
1.416000000e+03 1.791000000e+03 
8.160000000e+02 2.150000000e+03 
6.200000000e+02 2.422000000e+03 
6.940000000e+02 2.304000000e+03 
3.480000000e+02 3.110000000e+03 
7.750000000e+02 2.191000000e+03 
1.480000000e+02 4.128000000e+03 
1.530000000e+02 4.071000000e+03 
1.151000000e+03 1.892000000e+03 
1.274000000e+03 1.833000000e+03 
6.640000000e+02 2.347000000e+03 
1.052000000e+03 1.944000000e+03 
5.110000000e+02 2.642000000e+03 
6.000000000e+02 2.466000000e+03 
1.235000000e+03 1.851000000e+03 
1.353000000e+03 1.808000000e+03 
3.250000000e+02 3.209000000e+03 
4.400000000e+01 4.956000000e+03 
1.550000000e+02 4.057000000e+03 
3.230000000e+02 3.217000000e+03 
6.600000000e+01 4.740000000e+03 
3.950000000e+02 2.971000000e+03 
6.100000000e+02 2.448000000e+03 
6.850000000e+02 2.320000000e+03 
5.700000000e+02 2.528000000e+03 
3.240000000e+02 3.210000000e+03 
8.480000000e+02 2.122000000e+03 
2.480000000e+02 3.554000000e+03 
5.890000000e+02 2.490000000e+03 
6.830000000e+02 2.322000000e+03 
2.590000000e+02 3.491000000e+03 
3.420000000e+02 3.139000000e+03 
9.910000000e+02 1.985000000e+03 
5.650000000e+02 2.537000000e+03 
3.400000000e+02 3.147000000e+03 
5.390000000e+02 2.583000000e+03 
1.503000000e+03 1.770000000e+03 
2.560000000e+02 3.505000000e+03 
3.730000000e+02 3.024000000e+03 
3.430000000e+02 3.130000000e+03 
2.180000000e+02 3.697000000e+03 
1.061000000e+03 1.938000000e+03 
7.080000000e+02 2.287000000e+03 
3.060000000e+02 3.289000000e+03 
4.750000000e+02 2.727000000e+03 
7.970000000e+02 2.169000000e+03 
5.200000000e+01 4.875000000e+03 
3.470000000e+02 3.115000000e+03 
1.870000000e+02 3.883000000e+03 
6.580000000e+02 2.356000000e+03 
1.129000000e+03 1.904000000e+03 
1.238000000e+03 1.848000000e+03 
1.320000000e+03 1.822000000e+03 
1.472000000e+03 1.776000000e+03 
5.950000000e+02 2.472000000e+03 
6.460000000e+02 2.376000000e+03 
5.100000000e+02 2.645000000e+03 
5.350000000e+02 2.598000000e+03 
5.120000000e+02 2.640000000e+03 
1.203000000e+03 1.866000000e+03 
1.357000000e+03 1.806000000e+03 
1.730000000e+02 3.973000000e+03 
3.970000000e+02 2.964000000e+03 
4.000000000e+01 4.997000000e+03 
6.960000000e+02 2.301000000e+03 
1.230000000e+02 4.287000000e+03 
3.100000000e+01 5.102000000e+03 
3.570000000e+02 3.083000000e+03 
6.500000000e+02 2.369000000e+03 
4.660000000e+02 2.749000000e+03 
7.640000000e+02 2.203000000e+03 
6.770000000e+02 2.336000000e+03 
4.580000000e+02 2.770000000e+03 
5.220000000e+02 2.627000000e+03 
1.232000000e+03 1.852000000e+03 
1.430000000e+02 4.141000000e+03 
9.500000000e+01 4.504000000e+03 
9.600000000e+01 4.490000000e+03 
2.250000000e+02 3.665000000e+03 
1.040000000e+02 4.431000000e+03 
1.082000000e+03 1.926000000e+03 
7.520000000e+02 2.221000000e+03 
1.080000000e+02 4.398000000e+03 
1.100000000e+02 4.381000000e+03 
3.000000000e+01 5.115000000e+03 
6.110000000e+02 2.443000000e+03 
4.590000000e+02 2.766000000e+03 
5.270000000e+02 2.611000000e+03 
8.620000000e+02 2.107000000e+03 
8.800000000e+01 4.560000000e+03 
3.330000000e+02 3.177000000e+03 
3.000000000e+00 5.554000000e+03 
2.730000000e+02 3.415000000e+03 
1.515000000e+03 1.768000000e+03 
6.450000000e+02 2.377000000e+03 
7.250000000e+02 2.257000000e+03 
9.630000000e+02 2.005000000e+03 
8.740000000e+02 2.098000000e+03 
9.250000000e+02 2.042000000e+03 
9.410000000e+02 2.024000000e+03 
1.048000000e+03 1.947000000e+03 
1.218000000e+03 1.859000000e+03 
1.910000000e+02 3.857000000e+03 
6.200000000e+01 4.783000000e+03 
1.650000000e+02 4.001000000e+03 
6.790000000e+02 2.330000000e+03 
6.890000000e+02 2.313000000e+03 
2.960000000e+02 3.325000000e+03 
1.880000000e+02 3.869000000e+03 
1.170000000e+02 4.324000000e+03 
7.260000000e+02 2.255000000e+03 
7.600000000e+02 2.211000000e+03 
7.040000000e+02 2.289000000e+03 
1.197000000e+03 1.869000000e+03 
8.550000000e+02 2.112000000e+03 
8.570000000e+02 2.110000000e+03 
1.124000000e+03 1.907000000e+03 
1.930000000e+02 3.827000000e+03 
5.920000000e+02 2.485000000e+03 
3.930000000e+02 2.979000000e+03 
1.046000000e+03 1.948000000e+03 
9.670000000e+02 2.002000000e+03 
7.650000000e+02 2.202000000e+03 
3.740000000e+02 3.023000000e+03 
5.930000000e+02 2.483000000e+03 
6.060000000e+02 2.455000000e+03 
9.310000000e+02 2.035000000e+03 
1.113000000e+03 1.912000000e+03 
3.140000000e+02 3.255000000e+03 
9.610000000e+02 2.006000000e+03 
2.260000000e+02 3.660000000e+03 
1.790000000e+02 3.927000000e+03 
1.960000000e+02 3.810000000e+03 
1.030000000e+02 4.447000000e+03 
1.000000000e+02 4.475000000e+03 
2.690000000e+02 3.434000000e+03 
1.630000000e+02 4.018000000e+03 
2.200000000e+01 5.222000000e+03 
1.365000000e+03 1.803000000e+03 
8.660000000e+02 2.104000000e+03 
4.170000000e+02 2.915000000e+03 
1.420000000e+02 4.155000000e+03 
2.140000000e+02 3.716000000e+03 
6.370000000e+02 2.391000000e+03 
5.460000000e+02 2.579000000e+03 
8.950000000e+02 2.072000000e+03 
9.980000000e+02 1.981000000e+03 
6.480000000e+02 2.372000000e+03 
1.004000000e+03 1.979000000e+03 
4.300000000e+01 4.974000000e+03 
1.017000000e+03 1.969000000e+03 
8.700000000e+01 4.568000000e+03 
6.410000000e+02 2.384000000e+03 
2.850000000e+02 3.362000000e+03 
3.880000000e+02 2.989000000e+03 
6.160000000e+02 2.432000000e+03 
1.086000000e+03 1.924000000e+03 
5.780000000e+02 2.512000000e+03 
4.460000000e+02 2.807000000e+03 
2.600000000e+02 3.484000000e+03 
2.470000000e+02 3.571000000e+03 
1.404000000e+03 1.794000000e+03 
2.760000000e+02 3.402000000e+03 
1.065000000e+03 1.936000000e+03 
2.550000000e+02 3.514000000e+03 
4.800000000e+01 4.911000000e+03 
8.060000000e+02 2.162000000e+03 
3.940000000e+02 2.975000000e+03 
1.600000000e+02 4.026000000e+03 
7.490000000e+02 2.226000000e+03 
4.090000000e+02 2.930000000e+03 
1.179000000e+03 1.879000000e+03 
1.250000000e+02 4.267000000e+03 
5.300000000e+01 4.860000000e+03 
5.100000000e+01 4.880000000e+03 
4.410000000e+02 2.831000000e+03 
1.223000000e+03 1.857000000e+03 
7.600000000e+01 4.652000000e+03 
4.200000000e+01 4.981000000e+03 
1.810000000e+02 3.899000000e+03 
1.660000000e+02 3.995000000e+03 
4.000000000e+00 5.533000000e+03 
3.800000000e+01 5.024000000e+03 
6.980000000e+02 2.298000000e+03 
1.345000000e+03 1.810000000e+03 
7.630000000e+02 2.204000000e+03 
5.940000000e+02 2.479000000e+03 
1.261000000e+03 1.838000000e+03 
6.090000000e+02 2.450000000e+03 
7.880000000e+02 2.178000000e+03 
1.097000000e+03 1.919000000e+03 
1.207000000e+03 1.864000000e+03 
6.700000000e+01 4.737000000e+03 
7.990000000e+02 2.167000000e+03 
3.460000000e+02 3.118000000e+03 
1.277000000e+03 1.832000000e+03 
5.000000000e+00 5.512000000e+03 
1.191000000e+03 1.875000000e+03 
5.860000000e+02 2.495000000e+03 
4.360000000e+02 2.851000000e+03 
1.051000000e+03 1.945000000e+03 
1.013000000e+03 1.973000000e+03 
5.480000000e+02 2.570000000e+03 
4.520000000e+02 2.792000000e+03 
1.110000000e+02 4.371000000e+03 
5.050000000e+02 2.651000000e+03 
1.339000000e+03 1.812000000e+03 
1.029000000e+03 1.963000000e+03 
3.130000000e+02 3.262000000e+03 
6.180000000e+02 2.428000000e+03 
1.740000000e+02 3.947000000e+03 
1.455000000e+03 1.780000000e+03 
5.200000000e+02 2.630000000e+03 
7.840000000e+02 2.182000000e+03 
9.350000000e+02 2.031000000e+03 
1.202000000e+03 1.868000000e+03 
3.000000000e+02 3.311000000e+03 
4.080000000e+02 2.933000000e+03 
5.850000000e+02 2.502000000e+03 
2.010000000e+02 3.786000000e+03 
8.100000000e+01 4.609000000e+03 
5.770000000e+02 2.520000000e+03 
1.327000000e+03 1.816000000e+03 
4.320000000e+02 2.856000000e+03 
5.310000000e+02 2.603000000e+03 
6.500000000e+01 4.764000000e+03 
6.050000000e+02 2.456000000e+03 
5.900000000e+01 4.806000000e+03 
3.900000000e+02 2.981000000e+03 
5.320000000e+02 2.601000000e+03 
7.000000000e+02 2.295000000e+03 
5.590000000e+02 2.554000000e+03 
7.890000000e+02 2.176000000e+03 
1.105000000e+03 1.918000000e+03 
1.106000000e+03 1.916000000e+03 
5.000000000e+01 4.891000000e+03 
1.490000000e+02 4.110000000e+03 
7.540000000e+02 2.217000000e+03 
6.210000000e+02 2.419000000e+03 
9.800000000e+01 4.479000000e+03 
1.383000000e+03 1.798000000e+03 
2.500000000e+02 3.542000000e+03 
4.680000000e+02 2.742000000e+03 
5.070000000e+02 2.648000000e+03 
7.480000000e+02 2.227000000e+03 
9.660000000e+02 2.004000000e+03 
1.326000000e+03 1.820000000e+03 
4.500000000e+02 2.801000000e+03 
7.210000000e+02 2.267000000e+03 
9.160000000e+02 2.053000000e+03 
9.270000000e+02 2.040000000e+03 
1.280000000e+02 4.249000000e+03 
9.870000000e+02 1.987000000e+03 
2.290000000e+02 3.635000000e+03 
1.920000000e+02 3.851000000e+03 
7.500000000e+01 4.659000000e+03 
3.380000000e+02 3.157000000e+03 
4.100000000e+02 2.918000000e+03 
3.780000000e+02 3.020000000e+03 
4.550000000e+02 2.786000000e+03 
8.500000000e+02 2.121000000e+03 
7.390000000e+02 2.236000000e+03 
7.460000000e+02 2.228000000e+03 
8.510000000e+02 2.116000000e+03 
8.300000000e+02 2.140000000e+03 
4.640000000e+02 2.753000000e+03 
5.800000000e+01 4.812000000e+03 
1.070000000e+02 4.401000000e+03 
4.250000000e+02 2.874000000e+03 
2.000000000e+02 3.799000000e+03 
3.890000000e+02 2.987000000e+03 
4.400000000e+02 2.837000000e+03 
1.224000000e+03 1.856000000e+03 
1.020000000e+03 1.968000000e+03 
8.780000000e+02 2.091000000e+03 
1.283000000e+03 1.830000000e+03 
6.930000000e+02 2.306000000e+03 
3.260000000e+02 3.207000000e+03 
1.114000000e+03 1.910000000e+03 
2.160000000e+02 3.704000000e+03 
1.429000000e+03 1.788000000e+03 
3.560000000e+02 3.086000000e+03 
6.710000000e+02 2.337000000e+03 
6.360000000e+02 2.392000000e+03 
8.170000000e+02 2.148000000e+03 
5.210000000e+02 2.629000000e+03 
7.950000000e+02 2.172000000e+03 
1.447000000e+03 1.783000000e+03 
4.480000000e+02 2.803000000e+03 
1.470000000e+02 4.138000000e+03 
4.370000000e+02 2.838000000e+03 
5.820000000e+02 2.509000000e+03 
5.640000000e+02 2.538000000e+03 
1.980000000e+02 3.801000000e+03 
1.266000000e+03 1.836000000e+03 
5.280000000e+02 2.607000000e+03 
5.510000000e+02 2.560000000e+03 
1.307000000e+03 1.823000000e+03 
8.410000000e+02 2.127000000e+03 
8.370000000e+02 2.137000000e+03 
8.760000000e+02 2.097000000e+03 
1.453000000e+03 1.781000000e+03 
1.488000000e+03 1.773000000e+03 
7.230000000e+02 2.261000000e+03 
1.042000000e+03 1.951000000e+03 
1.303000000e+03 1.825000000e+03 
3.170000000e+02 3.246000000e+03 
3.110000000e+02 3.264000000e+03 
1.060000000e+02 4.408000000e+03 
3.390000000e+02 3.154000000e+03 
1.140000000e+03 1.899000000e+03 
1.200000000e+02 4.309000000e+03 
9.730000000e+02 1.997000000e+03 
3.400000000e+01 5.065000000e+03 
1.330000000e+03 1.815000000e+03 
4.760000000e+02 2.726000000e+03 
1.200000000e+01 5.378000000e+03 
6.120000000e+02 2.438000000e+03 
8.790000000e+02 2.089000000e+03 
3.810000000e+02 3.006000000e+03 
7.100000000e+01 4.698000000e+03 
1.164000000e+03 1.888000000e+03 
1.190000000e+02 4.317000000e+03 
3.870000000e+02 2.996000000e+03 
5.360000000e+02 2.590000000e+03 
6.300000000e+01 4.767000000e+03 
7.530000000e+02 2.220000000e+03 
2.860000000e+02 3.358000000e+03 
1.133000000e+03 1.903000000e+03 
8.880000000e+02 2.079000000e+03 
7.420000000e+02 2.232000000e+03 
9.180000000e+02 2.050000000e+03 
7.620000000e+02 2.206000000e+03 
1.264000000e+03 1.837000000e+03 
9.360000000e+02 2.030000000e+03 
9.390000000e+02 2.026000000e+03 
8.710000000e+02 2.103000000e+03 
1.320000000e+02 4.225000000e+03 
3.150000000e+02 3.250000000e+03 
2.400000000e+01 5.194000000e+03 
4.070000000e+02 2.935000000e+03 
6.000000000e+01 4.804000000e+03 
1.120000000e+02 4.360000000e+03 
9.000000000e+01 4.536000000e+03 
1.095000000e+03 1.920000000e+03 
1.001000000e+03 1.980000000e+03 
1.467000000e+03 1.777000000e+03 
9.210000000e+02 2.047000000e+03 
9.280000000e+02 2.038000000e+03 
1.107000000e+03 1.915000000e+03 
1.000000000e+00 5.597000000e+03 
8.600000000e+01 4.577000000e+03 
2.700000000e+01 5.154000000e+03 
5.500000000e+01 4.840000000e+03 
3.040000000e+02 3.293000000e+03 
3.980000000e+02 2.957000000e+03 
1.159000000e+03 1.891000000e+03 
1.438000000e+03 1.784000000e+03 
1.358000000e+03 1.805000000e+03 
4.930000000e+02 2.680000000e+03 
3.620000000e+02 3.060000000e+03 
3.310000000e+02 3.180000000e+03 
4.920000000e+02 2.682000000e+03 
1.060000000e+03 1.939000000e+03 
4.180000000e+02 2.894000000e+03 
3.830000000e+02 2.999000000e+03 
7.980000000e+02 2.168000000e+03 
5.400000000e+01 4.850000000e+03 
6.100000000e+01 4.801000000e+03 
7.360000000e+02 2.240000000e+03 
4.600000000e+01 4.931000000e+03 
1.432000000e+03 1.786000000e+03 
6.150000000e+02 2.436000000e+03 
6.380000000e+02 2.389000000e+03 
1.031000000e+03 1.958000000e+03 
1.422000000e+03 1.789000000e+03 
4.020000000e+02 2.938000000e+03 
7.770000000e+02 2.189000000e+03 
9.240000000e+02 2.044000000e+03 
2.370000000e+02 3.607000000e+03 
1.122000000e+03 1.909000000e+03 
1.340000000e+02 4.204000000e+03 
2.910000000e+02 3.340000000e+03 
9.190000000e+02 2.048000000e+03 
1.227000000e+03 1.855000000e+03 
1.281000000e+03 1.831000000e+03 
2.870000000e+02 3.354000000e+03 
8.400000000e+01 4.584000000e+03 
3.030000000e+02 3.297000000e+03 
1.700000000e+01 5.296000000e+03 
2.270000000e+02 3.654000000e+03 
9.100000000e+02 2.062000000e+03 
1.421000000e+03 1.790000000e+03 
1.256000000e+03 1.840000000e+03 
9.330000000e+02 2.033000000e+03 
8.390000000e+02 2.130000000e+03 
8.240000000e+02 2.143000000e+03 
7.090000000e+02 2.281000000e+03 
6.030000000e+02 2.460000000e+03 
9.430000000e+02 2.022000000e+03 
1.091000000e+03 1.923000000e+03 
1.291000000e+03 1.828000000e+03 

