3.510000000e+02
4.120000000e+02
3.790000000e+02
3.900000000e+02
3.990000000e+02
4.200000000e+02
3.810000000e+02
3.480000000e+02
4.300000000e+02
4.930000000e+02
4.170000000e+02
4.170000000e+02
3.910000000e+02
3.460000000e+02
4.010000000e+02
3.400000000e+02
3.300000000e+02
4.380000000e+02
3.900000000e+02
3.820000000e+02
4.050000000e+02
3.900000000e+02
4.760000000e+02
4.640000000e+02
4.210000000e+02
4.920000000e+02
3.350000000e+02
3.610000000e+02
3.250000000e+02
4.020000000e+02

5.000000000e+02
4.730000000e+02
5.680000000e+02
4.980000000e+02
4.950000000e+02
5.900000000e+02
6.030000000e+02
6.280000000e+02
4.400000000e+02
5.180000000e+02
5.160000000e+02
4.720000000e+02
5.160000000e+02
5.840000000e+02
5.620000000e+02
5.900000000e+02
4.760000000e+02
5.230000000e+02
4.940000000e+02
5.460000000e+02
5.070000000e+02
4.730000000e+02
4.840000000e+02
4.960000000e+02
5.200000000e+02
5.300000000e+02
5.620000000e+02
6.520000000e+02
5.400000000e+02
5.080000000e+02
