2.299660624e+09
2.299532762e+09
2.299633674e+09
2.300592690e+09
2.299602420e+09
2.299665709e+09
2.299799189e+09
2.299761081e+09
2.299688653e+09
2.299745854e+09
2.299586338e+09
2.299710455e+09
2.299732536e+09
2.299583359e+09
2.300532181e+09
2.299692867e+09
2.299611294e+09
2.299562696e+09
2.299553139e+09
2.299872085e+09
2.299714407e+09
2.299662485e+09
2.299687113e+09
2.299838833e+09
2.299854262e+09
2.299703492e+09
2.299713669e+09
2.299654089e+09
2.299648496e+09
2.299617545e+09

2.616044320e+08
2.625668000e+07
6.515198600e+07
2.087915780e+08
1.845339790e+08
1.278153790e+08
3.286835810e+08
3.404329100e+07
4.460513900e+07
7.976197000e+07
2.762808800e+07
4.050665670e+08
6.881155700e+07
1.221414760e+08
1.486599170e+08
1.131476610e+08
1.230993310e+08
2.683997360e+08
5.171142000e+07
1.818918050e+08
1.136617170e+08
1.315781960e+08
8.738239400e+07
7.450069600e+07
1.693185380e+08
1.664014100e+07
2.410891500e+07
1.021244990e+08
1.660871900e+08
3.876960890e+08
