Number of sample populations = 3. Total number of values in the input = 90
2.61758e-05 0 1
2.73828e-05 0 2
2.75124e-05 0 3
2.80137e-05 0 4
2.83187e-05 0 5
2.83257e-05 0 6
2.8428e-05 0 7
2.86532e-05 0 8
2.93506e-05 0 9
2.94027e-05 0 10
2.95045e-05 0 11
3.00958e-05 0 12
3.03239e-05 0 13
3.04692e-05 0 14
3.14466e-05 0 15
3.15016e-05 0 16
3.16137e-05 0 17
3.18031e-05 0 18
3.18958e-05 0 19
3.19289e-05 0 20
3.20497e-05 0 21
3.20815e-05 0 22
3.22963e-05 0 23
3.23728e-05 0 24
3.35261e-05 0 25
3.36898e-05 0 26
3.40405e-05 0 27
3.43759e-05 0 28
3.55911e-05 0 29
3.6316e-05 0 30
4.11577e-05 1 31
4.11834e-05 1 32
4.15388e-05 1 33
4.17115e-05 1 34
4.26857e-05 1 35
4.29674e-05 1 36
4.34642e-05 1 37
4.37149e-05 1 38
4.61269e-05 1 39
4.61402e-05 1 40
4.63235e-05 1 41
4.66852e-05 1 42
4.67417e-05 1 43
4.67554e-05 1 44
4.69518e-05 1 45
4.70047e-05 1 46
4.72391e-05 1 47
4.758e-05 1 48
4.82772e-05 1 49
4.85438e-05 1 50
4.87583e-05 1 51
4.89018e-05 1 52
4.93001e-05 1 53
5.00162e-05 1 54
5.0292e-05 1 55
5.08631e-05 1 56
5.12164e-05 1 57
5.34238e-05 1 58
5.49996e-05 1 59
5.55082e-05 1 60
0.000665566 2 61
0.0283732 2 62
0.0283784 2 63
0.0284221 2 64
0.0284277 2 65
0.0284295 2 66
0.0284302 2 67
0.0284537 2 68
0.0284544 2 69
0.0284637 2 70
0.0284645 2 71
0.0284818 2 72
0.0284835 2 73
0.0284852 2 74
0.0285033 2 75
0.0285038 2 76
0.0285053 2 77
0.0285115 2 78
0.0285119 2 79
0.0285257 2 80
0.0308957 2 81
0.030917 2 82
0.0309232 2 83
0.0309311 2 84
0.0309675 2 85
0.0313087 2 86
0.0313558 2 87
0.0313569 2 88
0.0313582 2 89
0.0314189 2 90
Total number of ties =0
Number of samples = 30; sum = 465
Number of samples = 30; sum = 1365
Number of samples = 30; sum = 2265
Corrected T value =79.1209
p-value to accept the null hypothesis that all distribution functions are identical = 6.59355142e-18
