3.352613426e-05
2.801365366e-05
2.935061376e-05
2.832568521e-05
2.751236263e-05
3.229628355e-05
3.237279441e-05
3.009577142e-05
3.559107291e-05
3.208153822e-05
3.631603905e-05
2.865318967e-05
3.032390780e-05
2.617576927e-05
3.150160179e-05
3.144657354e-05
2.950454491e-05
3.404054692e-05
2.842797552e-05
3.204974424e-05
3.192893558e-05
2.738277006e-05
3.180311574e-05
3.368976248e-05
3.046924757e-05
2.940274601e-05
3.189579956e-05
2.831870366e-05
3.161368930e-05
3.437587329e-05

4.115770838e-05
4.371488403e-05
5.342378083e-05
5.550815076e-05
4.668517339e-05
4.875825252e-05
4.153876573e-05
4.827720454e-05
4.268569216e-05
4.854380615e-05
5.121643653e-05
4.614017015e-05
5.499957730e-05
4.930010140e-05
4.296739364e-05
5.001622284e-05
4.632353432e-05
4.674166460e-05
4.723907360e-05
4.890178299e-05
5.086309025e-05
4.757995737e-05
4.675541831e-05
4.700472689e-05
4.171150400e-05
4.612693886e-05
4.346422324e-05
5.029196272e-05
4.118338999e-05
4.695183321e-05

2.852569078e-02
3.089573447e-02
2.846447069e-02
3.135575453e-02
3.091697448e-02
2.846370021e-02
3.093113804e-02
3.130871019e-02
3.141891960e-02
2.848175413e-02
2.845439329e-02
2.850532585e-02
2.850329503e-02
2.842766411e-02
2.843021829e-02
2.851189890e-02
2.837843324e-02
2.851146470e-02
2.850380339e-02
2.837316224e-02
2.848518019e-02
3.092324591e-02
3.135818822e-02
2.842946096e-02
2.842213610e-02
3.135688949e-02
6.655657449e-04
2.848348357e-02
2.845372842e-02
3.096750766e-02
