1.932010000e+05
2.208200000e+05
1.974430000e+05
2.107440000e+05
2.042590000e+05
2.148780000e+05
2.045610000e+05
2.144750000e+05
2.118080000e+05
1.815330000e+05
1.893570000e+05
2.014950000e+05
2.164510000e+05
2.020950000e+05
2.172000000e+05
1.926580000e+05
1.995970000e+05
2.185390000e+05
2.198680000e+05
1.876570000e+05
2.139420000e+05
2.085970000e+05
2.325420000e+05
1.213470000e+06
1.835400000e+05
2.154860000e+05
2.160130000e+05
2.293440000e+05
2.053150000e+05
2.049730000e+05

2.387870000e+05
2.381660000e+05
2.419530000e+05
2.207320000e+05
2.293530000e+05
2.352080000e+05
2.389540000e+05
2.189320000e+05
2.573200000e+05
2.384610000e+05
2.348420000e+05
2.213600000e+05
2.431760000e+05
2.314630000e+05
2.381580000e+05
2.387140000e+05
2.278710000e+05
2.160860000e+05
2.511040000e+05
2.377990000e+05
2.284400000e+05
2.207640000e+05
2.250870000e+05
2.466280000e+05
2.226500000e+05
2.551000000e+05
2.276670000e+05
2.373950000e+05
2.213200000e+05
2.213430000e+05
