4.390000000e+02
6.450000000e+02
7.150000000e+02
4.720000000e+02
7.690000000e+02
5.970000000e+02
6.190000000e+02
6.930000000e+02
6.680000000e+02
7.470000000e+02
7.360000000e+02
5.560000000e+02
4.310000000e+02
7.400000000e+02
6.350000000e+02
5.770000000e+02
5.490000000e+02
6.320000000e+02
5.380000000e+02
5.670000000e+02
6.590000000e+02
5.290000000e+02
5.630000000e+02
6.680000000e+02
9.180000000e+02
6.480000000e+02
5.650000000e+02
7.080000000e+02
5.520000000e+02
5.110000000e+02

2.186000000e+03
2.074000000e+03
2.799000000e+03
2.177000000e+03
3.404000000e+03
3.534000000e+03
2.114000000e+03
2.764000000e+03
1.956000000e+03
2.396000000e+03
1.286000000e+03
2.901000000e+03
3.159000000e+03
2.847000000e+03
1.862000000e+03
2.064000000e+03
1.997000000e+03
2.193000000e+03
1.632000000e+03
2.590000000e+03
2.349000000e+03
2.745000000e+03
2.721000000e+03
2.185000000e+03
2.810000000e+03
2.126000000e+03
2.462000000e+03
2.540000000e+03
2.614000000e+03
1.529000000e+03
