2.433865925e-05
2.637351818e-05
1.938702987e-05
2.274773498e-05
2.574684232e-05
2.074905474e-05
2.542777034e-05
1.955273334e-05
2.168831372e-05
2.472745124e-05
1.910663754e-05
2.271822942e-05
2.452475072e-05
1.785563392e-05
1.941329360e-05
1.982101898e-05
2.247724060e-05
2.281849590e-05
1.853836050e-05
1.982466173e-05
2.007583342e-05
2.114364504e-05
2.126702384e-05
2.266632524e-05
2.351942335e-05
1.911475238e-05
2.505811506e-05
2.504301100e-05
2.297361647e-05
1.860202794e-05

4.961393494e-05
5.144337802e-05
5.768578826e-05
4.768716593e-05
5.418841647e-05
5.780863812e-05
5.270589923e-05
4.629146369e-05
5.548642807e-05
4.605104517e-05
4.744377767e-05
5.516784284e-05
5.634674597e-05
5.499795985e-05
5.072805558e-05
5.599006098e-05
4.763379748e-05
4.592246390e-05
5.502029412e-05
6.193952964e-05
4.923949691e-05
5.278376251e-05
6.882651153e-05
4.848236617e-05
5.500813852e-05
6.166220261e-05
6.153578581e-05
6.294423638e-05
5.423555718e-05
5.678148046e-05
