1.024905000e+06
1.033653000e+06
1.030742000e+06
1.029506000e+06
1.028558000e+06
1.032130000e+06
1.029403000e+06
1.031484000e+06
1.029015000e+06
1.028051000e+06
1.030992000e+06
1.029829000e+06
1.028530000e+06
1.033069000e+06
1.027210000e+06
1.032928000e+06
1.032381000e+06
1.031531000e+06
1.031793000e+06
1.031374000e+06
1.028427000e+06
1.028915000e+06
1.034904000e+06
1.027433000e+06
1.030756000e+06
1.029923000e+06
1.030385000e+06
1.030818000e+06
1.026707000e+06
1.028934000e+06

5.404700000e+04
6.760200000e+04
5.380300000e+04
5.661600000e+04
5.933800000e+04
4.410900000e+04
6.271100000e+04
5.563500000e+04
6.383100000e+04
5.574200000e+04
5.275300000e+04
5.275800000e+04
5.387800000e+04
5.764100000e+04
5.111100000e+04
5.829200000e+04
5.623700000e+04
6.036500000e+04
6.109400000e+04
5.578900000e+04
5.959100000e+04
5.160700000e+04
1.056183000e+06
5.483000000e+04
5.834500000e+04
5.728100000e+04
5.618400000e+04
5.707600000e+04
5.316600000e+04
5.602000000e+04
