1.349627672e-06
1.448320747e-06
1.446894920e-06
1.629213101e-06
1.511938807e-06
1.326476518e-06
1.475897486e-06
1.358807184e-06
1.516936846e-06
1.517855728e-06
1.628624918e-06
1.597867903e-06
1.595432417e-06
1.433675652e-06
1.476044951e-06
1.538107284e-06
1.416782855e-06
1.561681632e-06
1.414733515e-06
1.598257284e-06
1.512960244e-06
1.628696655e-06
1.510242641e-06
1.465486479e-06
1.527705897e-06
1.558642593e-06
1.333844574e-06
1.562735244e-06
1.499128361e-06
1.438236526e-06

1.378124490e-06
1.425332547e-06
1.536886966e-06
1.537576466e-06
1.491034916e-06
1.792196371e-06
1.566658713e-06
1.393965712e-06
1.628728830e-06
1.508636974e-06
1.457912434e-06
1.551971582e-06
1.662205484e-06
1.587194980e-06
1.598328621e-06
1.538534390e-06
1.479917322e-06
1.557076527e-06
1.401310255e-06
1.579948360e-06
1.505154104e-06
1.404039674e-06
1.532808367e-06
1.435151699e-06
1.634923076e-06
1.658679778e-06
1.584356659e-06
1.557250738e-06
1.602915523e-06
1.525849732e-06
