1.470253000e+06
1.342391000e+06
1.443303000e+06
2.402319000e+06
1.412049000e+06
1.475338000e+06
1.608818000e+06
1.570710000e+06
1.498282000e+06
1.555483000e+06
1.395967000e+06
1.520084000e+06
1.542165000e+06
1.392988000e+06
2.341810000e+06
1.502496000e+06
1.420923000e+06
1.372325000e+06
1.362768000e+06
1.681714000e+06
1.524036000e+06
1.472114000e+06
1.496742000e+06
1.648462000e+06
1.663891000e+06
1.513121000e+06
1.523298000e+06
1.463718000e+06
1.458125000e+06
1.427174000e+06

5.455245000e+06
5.178133000e+06
5.017722000e+06
5.110695000e+06
5.349466000e+06
5.442101000e+06
5.142056000e+06
5.046860000e+06
5.046972000e+06
5.413424000e+06
5.352252000e+06
5.297457000e+06
5.132662000e+06
4.859510000e+06
5.251849000e+06
5.431431000e+06
4.967984000e+06
5.098664000e+06
4.917872000e+06
5.534777000e+06
5.254740000e+06
5.125428000e+06
5.266140000e+06
5.347129000e+06
5.043690000e+06
5.021481000e+06
5.073585000e+06
5.132507000e+06
4.877443000e+06
5.232877000e+06
