5.219279731e-06
4.941039211e-06
4.588175092e-06
5.567012277e-06
4.961414599e-06
5.385163677e-06
4.550079721e-06
4.636332130e-06
5.082252802e-06
5.020407115e-06
5.330911635e-06
5.915921789e-06
5.381299170e-06
4.929948284e-06
5.392798639e-06
4.422068951e-06
5.520265857e-06
5.671957202e-06
4.973985725e-06
5.127969403e-06
5.029748064e-06
6.107384631e-06
4.629776328e-06
4.532873751e-06
5.114540674e-06
5.148656009e-06
5.999524579e-06
5.081778032e-06
4.686120583e-06
4.118499554e-06

5.852752630e-06
6.042370045e-06
5.927423933e-06
6.644276390e-06
6.475788694e-06
7.612350232e-06
6.812239815e-06
6.943458845e-06
6.052751352e-06
5.099858533e-06
5.937270909e-06
5.730596744e-06
7.041299426e-06
6.556692924e-06
5.573924566e-06
6.522200025e-06
6.163951281e-06
7.055748793e-06
5.403543978e-06
8.196381584e-06
6.747498442e-06
7.533758215e-06
6.978158491e-06
5.884220543e-06
5.514517839e-06
5.407154313e-06
6.281671483e-06
6.134205363e-06
5.456163207e-06
6.981280763e-06

9.056994695e-06
9.796207689e-06
9.184718879e-06
9.356581422e-06
8.908008018e-06
1.116684660e-05
9.062015329e-06
9.648360771e-06
1.249255577e-05
8.576606673e-06
9.398162458e-06
8.758675593e-06
9.993061424e-06
9.928666798e-06
1.092449806e-05
9.061908862e-06
9.171079212e-06
9.571046078e-06
9.938258405e-06
8.977614256e-06
1.078295457e-05
8.603631995e-06
1.173145797e-05
9.971497454e-06
9.144241794e-06
1.406775555e-05
1.076320437e-05
8.068498598e-06
9.457208227e-06
1.316695083e-05
