6.921100000e+04
6.878400000e+04
7.101900000e+04
7.813400000e+04
6.839000000e+04
6.526400000e+04
7.516300000e+04
6.674600000e+04
7.338300000e+04
7.150400000e+04
7.009600000e+04
7.544100000e+04
6.705300000e+04
7.043000000e+04
6.473900000e+04
6.801900000e+04
6.628700000e+04
6.672700000e+04
6.873200000e+04
6.626000000e+04
7.435300000e+04
7.234800000e+04
6.854200000e+04
6.742200000e+04
6.502200000e+04
7.465200000e+04
6.575800000e+04
6.307600000e+04
7.474200000e+04
6.700700000e+04

1.401440000e+05
1.259750000e+05
1.180210000e+05
1.224080000e+05
1.227210000e+05
1.142850000e+05
1.347440000e+05
1.181560000e+05
1.142060000e+05
1.227760000e+05
1.238560000e+05
1.221570000e+05
1.154490000e+05
1.242640000e+05
1.191690000e+05
1.256730000e+05
1.308520000e+05
1.244630000e+05
1.225840000e+05
1.277400000e+05
1.124560000e+05
1.257920000e+05
1.239490000e+05
1.252860000e+05
1.281180000e+05
1.311050000e+05
1.212390000e+05
1.251180000e+05
1.272450000e+05
1.282590000e+05
