9.687904000e+06
9.185536000e+06
3.071570500e+07
8.833495000e+06
7.033911000e+06
1.223328500e+07
7.355887000e+06
7.324730000e+06
7.326922000e+06
8.409600000e+06
7.211317000e+06
6.562189000e+06
6.769181000e+06
6.659618000e+06
6.837329000e+06
6.852891000e+06
7.359010000e+06
8.282606000e+06
7.763135000e+06
7.693151000e+06
8.396138000e+06
1.331923100e+07
8.163888000e+06
7.946553000e+06
7.120420000e+06
9.605157000e+06
8.972052000e+06
1.173167300e+07
6.008991000e+06
7.355083000e+06

5.470520000e+06
6.210157000e+06
5.504807000e+06
5.405288000e+06
5.688294000e+06
5.387519000e+06
5.637796000e+06
5.560600000e+06
5.441865000e+06
5.434675000e+06
5.583910000e+06
5.608769000e+06
5.535515000e+06
6.006798000e+06
5.585372000e+06
5.285049000e+06
5.637108000e+06
5.507521000e+06
5.649544000e+06
5.549035000e+06
5.860918000e+06
4.916528000e+06
5.145281000e+06
5.739404000e+06
5.794823000e+06
5.380686000e+06
4.845900000e+06
5.139679000e+06
5.613703000e+06
5.713565000e+06
