4.248000000e+03
4.218000000e+03
4.281000000e+03
4.020000000e+03
4.784000000e+03
4.993000000e+03
4.217000000e+03
3.973000000e+03
4.243000000e+03
4.690000000e+03
3.905000000e+03
4.837000000e+03
4.425000000e+03
4.331000000e+03
4.405000000e+03
4.279000000e+03
4.888000000e+03
3.742000000e+03
4.266000000e+03
4.118000000e+03
4.455000000e+03
4.032000000e+03
4.241000000e+03
3.961000000e+03
4.667000000e+03
4.502000000e+03
4.414000000e+03
4.108000000e+03
4.487000000e+03
4.467000000e+03

3.355000000e+03
3.901000000e+03
3.662000000e+03
4.252000000e+03
3.701000000e+03
3.375000000e+03
3.829000000e+03
3.842000000e+03
3.742000000e+03
3.324000000e+03
4.225000000e+03
4.054000000e+03
4.137000000e+03
4.045000000e+03
4.372000000e+03
3.846000000e+03
4.119000000e+03
3.401000000e+03
3.918000000e+03
3.940000000e+03
3.536000000e+03
3.388000000e+03
3.614000000e+03
3.659000000e+03
3.608000000e+03
3.584000000e+03
3.762000000e+03
4.001000000e+03
3.553000000e+03
4.100000000e+03
