5.283426000e+06
5.342972000e+06
5.831119000e+06
6.025789000e+06
5.376296000e+06
5.483152000e+06
5.696171000e+06
5.350550000e+06
5.363849000e+06
5.231366000e+06
5.412717000e+06
5.614458000e+06
5.625132000e+06
5.428506000e+06
5.683758000e+06
5.940831000e+06
4.384672000e+06
5.458956000e+06
5.273310000e+06
5.591554000e+06
5.512157000e+06
5.580076000e+06
5.742828000e+06
5.479105000e+06
5.587350000e+06
5.274070000e+06
5.594841000e+06
5.531419000e+06
5.453418000e+06
5.491289000e+06

2.067097700e+07
2.085467100e+07
2.281689300e+07
1.891306800e+07
1.943437100e+07
1.946659100e+07
2.112295200e+07
2.104929500e+07
1.560029100e+07
2.017382600e+07
2.124801500e+07
2.162735000e+07
2.179485500e+07
1.852791200e+07
1.798583500e+07
2.340296000e+07
1.816230400e+07
2.158473900e+07
1.931471000e+07
1.963955300e+07
1.932334400e+07
1.759881300e+07
2.035898000e+07
1.572807900e+07
1.710300100e+07
2.035674300e+07
1.696305700e+07
2.025681800e+07
2.533373100e+07
1.712350000e+07
