9.702000000e+03
9.062000000e+03
9.842000000e+03
1.065300000e+04
1.011900000e+04
9.472000000e+03
1.057400000e+04
1.018900000e+04
1.004500000e+04
1.000200000e+04
1.066500000e+04
1.033600000e+04
1.014200000e+04
1.089400000e+04
1.000000000e+04
9.488000000e+03
1.083000000e+04
1.068600000e+04
1.025900000e+04
1.037100000e+04
1.014500000e+04
1.035700000e+04
9.915000000e+03
1.059000000e+04
9.831000000e+03
9.392000000e+03
9.656000000e+03
1.023500000e+04
9.522000000e+03
1.033400000e+04

2.045600000e+04
1.609300000e+04
1.679100000e+04
2.256800000e+04
1.579000000e+04
4.996505000e+06
1.512500000e+04
1.612700000e+04
1.477500000e+04
1.461800000e+04
1.845200000e+04
1.592800000e+04
1.766200000e+04
2.159900000e+04
1.565400000e+04
1.386100000e+04
1.545300000e+04
1.679900000e+04
1.560000000e+04
1.566200000e+04
1.016875000e+06
1.486200000e+04
1.898100000e+04
1.938300000e+04
1.862200000e+04
1.607300000e+04
1.829400000e+04
1.597400000e+04
1.994100000e+04
1.010753000e+06
