Tempo(s) = 0.06
33.7400000000 1617.0000000000
33.2300000000 1620.0000000000
40.3400000000 1481.0000000000
39.5200000000 1503.0000000000
34.0500000000 1598.0000000000
37.9600000000 1531.0000000000
35.0800000000 1585.0000000000
35.3900000000 1566.0000000000
34.5700000000 1588.0000000000
44.2700000000 1418.0000000000
48.9800000000 1369.0000000000
37.4700000000 1538.0000000000
36.2200000000 1547.0000000000
49.1100000000 1364.0000000000
40.8600000000 1471.0000000000
41.3700000000 1468.0000000000
41.6800000000 1449.0000000000
38.2700000000 1512.0000000000
45.6300000000 1397.0000000000
39.6500000000 1495.0000000000
47.8600000000 1373.0000000000
50.9800000000 1340.0000000000
45.9400000000 1378.0000000000
49.4900000000 1350.0000000000
44.5800000000 1399.0000000000
49.9300000000 1342.0000000000
43.7600000000 1421.0000000000
48.1300000000 1371.0000000000
51.2900000000 1321.0000000000
42.5100000000 1430.0000000000
31.9800000000 1629.0000000000
31.6700000000 1648.0000000000
31.5800000000 1698.0000000000
