1.440867000e+06
1.205534000e+06
1.420171000e+06
1.501523000e+06
1.530287000e+06
1.529831000e+06
1.681383000e+06
1.651580000e+06
1.441331000e+06
1.365102000e+06
1.491297000e+06
1.458235000e+06
1.402113000e+06
6.393165000e+06
1.316045000e+06
1.346782000e+06
1.282237000e+06
1.607967000e+06
1.343343000e+06
1.410818000e+06
1.429088000e+06
1.169703000e+06
1.390605000e+06
1.277687000e+06
1.232571000e+06
1.434603000e+06
1.284320000e+06
1.379302500e+07
1.187365000e+06
1.183419000e+06

3.028436000e+06
3.040517000e+06
1.050216500e+07
1.058804200e+07
3.559566000e+06
4.833520000e+06
4.447228000e+06
5.286652000e+06
2.604332000e+06
2.435897000e+06
2.530705000e+06
2.736276000e+06
5.330682000e+06
4.891754000e+06
1.061132400e+07
5.922302000e+06
6.365617000e+06
3.486096000e+06
2.569789000e+06
3.467424000e+06
4.065322000e+06
4.870467000e+06
5.353570000e+06
3.004204000e+06
2.084565000e+06
6.743929000e+06
5.480326000e+06
3.465138000e+06
4.475586000e+06
5.913631000e+06
