-1.280000000e+02
0.000000000e+00
8.960000000e+02
1.536000000e+03
7.680000000e+02
-5.120000000e+02
1.280000000e+02
2.560000000e+02
2.560000000e+02
1.024000000e+03
3.840000000e+02
2.560000000e+02
5.120000000e+02
2.560000000e+02
6.400000000e+02
2.560000000e+02
6.400000000e+02
2.560000000e+02
7.680000000e+02
1.280000000e+02
5.120000000e+02
0.000000000e+00
-5.120000000e+02
8.960000000e+02
3.840000000e+02
5.120000000e+02
6.400000000e+02
3.840000000e+02
1.280000000e+02
3.840000000e+02

1.408000000e+03
3.999996928e+09
1.408000000e+03
2.048000000e+03
2.000000000e+09
2.999998208e+09
9.999992320e+08
2.999996544e+09
9.999987200e+08
4.999995264e+09
9.999992320e+08
9.999992320e+08
3.840000000e+02
1.664000000e+03
7.680000000e+02
9.999996160e+08
1.024000000e+03
1.408000000e+03
1.024000000e+03
1.999999872e+09
1.152000000e+03
1.999997824e+09
2.999997184e+09
2.999998720e+09
1.024000000e+03
1.152000000e+03
1.999999488e+09
1.920000000e+03
2.999997568e+09
1.280000000e+03
