8.139776000e+06
8.143488000e+06
7.431808000e+06
7.530880000e+06
8.840832000e+06
6.221184000e+06
9.923072000e+06
9.090560000e+06
7.213312000e+06
6.797440000e+06
8.792704000e+06
7.660928000e+06
8.199680000e+06
8.655744000e+06
8.753664000e+06
9.432064000e+06
7.508480000e+06
8.798080000e+06
8.830208000e+06
7.412864000e+06
9.487744000e+06
8.459648000e+06
7.389312000e+06
8.549376000e+06
7.745664000e+06
6.877568000e+06
1.062131200e+07
7.660416000e+06
8.055424000e+06
8.710272000e+06

8.859737600e+07
9.750553600e+07
9.026713600e+07
8.141465600e+07
1.165107200e+08
8.913254400e+07
9.643315200e+07
8.682150400e+07
8.925363200e+07
8.590668800e+07
8.411622400e+07
8.802176000e+07
9.259724800e+07
8.995072000e+07
9.671462400e+07
7.445107200e+07
7.815910400e+07
1.087544320e+08
1.048165120e+08
9.302464000e+07
7.979494400e+07
1.029414400e+08
1.044770560e+08
1.074521600e+08
1.073084160e+08
8.485632000e+07
8.705638400e+07
1.042329600e+08
9.422374400e+07
8.072576000e+07
