2.454983365e-05
3.185533361e-05
3.043750533e-05
3.101269849e-05
2.895249017e-05
2.746184655e-05
3.271327563e-05
2.721926252e-05
2.944471107e-05
3.102600546e-05
3.237605601e-05
2.778730762e-05
3.131056733e-05
3.344294612e-05
2.908058222e-05
2.827166466e-05
3.303843491e-05
2.575603915e-05
2.792766553e-05
3.282405971e-05
3.258622905e-05
3.357515026e-05
2.849463797e-05
2.788377463e-05
2.775267145e-05
3.144699043e-05
3.038009397e-05
3.224114672e-05
2.514360448e-05
2.860419838e-05

5.717330590e-05
5.995567430e-05
5.528314939e-05
5.784245541e-05
4.405741974e-05
5.499529734e-05
5.956281537e-05
5.527391443e-05
5.542755228e-05
5.286439672e-05
4.799749240e-05
6.751638286e-05
5.710798126e-05
6.057759998e-05
6.350072903e-05
5.499997594e-05
5.746665655e-05
5.453460012e-05
5.103427986e-05
5.183810972e-05
5.848576008e-05
5.691485534e-05
6.554191586e-05
5.098524882e-05
4.678429733e-05
6.098642085e-05
6.008269593e-05
6.288199712e-05
4.926528439e-05
4.912680676e-05

2.550626162e-02
2.547339202e-02
2.553728342e-02
2.532395896e-02
9.631976940e-04
2.552229293e-02
2.550917546e-02
2.550412670e-02
2.538266048e-02
2.532389855e-02
2.465805302e-02
2.530602292e-02
2.532069989e-02
2.538167066e-02
2.555180286e-02
2.556712495e-02
2.552381630e-02
2.472911094e-02
2.554074910e-02
2.551970632e-02
2.528029657e-02
2.555744314e-02
2.554480304e-02
2.557717642e-02
2.533348841e-02
2.532741367e-02
2.550597860e-02
2.553741796e-02
2.555092221e-02
2.557436578e-02
