2.457192832e-06
2.016854271e-06
2.540181172e-06
2.462843485e-06
2.186767075e-06
2.052252598e-06
2.276206347e-06
2.113976648e-06
2.519651213e-06
2.036266586e-06
2.592802517e-06
2.142848077e-06
2.079057562e-06
2.173443894e-06
2.313627267e-06
2.230739725e-06
2.373064773e-06
2.351454854e-06
2.455711876e-06
2.260435265e-06
2.340719575e-06
2.306379809e-06
2.537170836e-06
2.499847400e-06
2.494798024e-06
2.040844706e-06
2.057677383e-06
2.319121354e-06
2.225054701e-06
2.436313013e-06

5.951167183e-06
8.504467024e-06
3.815924967e-06
9.716163138e-06
8.447488199e-06
7.215279052e-06
7.947633529e-06
1.041614264e-05
8.018013140e-06
4.388507508e-06
7.997943100e-06
1.104049267e-05
7.447109240e-06
6.708662393e-06
5.076453926e-06
1.160369191e-05
1.067110841e-05
7.142569384e-06
1.315651822e-05
1.362083548e-05
1.023567172e-05
1.161674918e-05
1.046592502e-05
1.129827525e-05
6.791137121e-06
6.782375573e-06
1.388381035e-05
8.717932560e-06
7.211424565e-06
5.887478703e-06
