1.495859546e-05
1.462329148e-05
1.502091145e-05
1.479870109e-05
1.476119757e-05
1.497763536e-05
1.437684063e-05
1.741042371e-05
1.808254315e-05
1.738055088e-05
2.116646287e-05
1.519604369e-05
1.718018462e-05
1.510656581e-05
1.868438579e-05
1.562731631e-05
1.681243229e-05
1.694024222e-05
1.550041085e-05
1.778700433e-05
1.659812424e-05
1.552536104e-05
1.991909996e-05
1.462990214e-05
1.415253990e-05
1.537644442e-05
1.644370715e-05
1.623487834e-05
1.559972296e-05
1.768210571e-05

4.343838726e-05
4.112201552e-05
4.490217542e-05
5.037609298e-05
4.286268748e-05
5.691947977e-05
4.404449388e-05
3.781349069e-05
4.008825959e-05
5.506586821e-05
5.627321634e-05
4.404365775e-05
4.642215657e-05
4.002261982e-05
4.027292599e-05
4.285710565e-05
3.880941716e-05
3.986456429e-05
5.629384007e-05
4.794879185e-05
6.489783410e-05
3.973319655e-05
4.793319670e-05
5.746390928e-05
4.395138184e-05
5.067335923e-05
4.686985788e-05
5.128500887e-05
6.635823017e-05
3.675649650e-05
