1.725690000e+05
1.416030000e+05
1.532980000e+05
1.225240000e+05
1.364460000e+05
1.227700000e+05
1.507930000e+05
1.631850000e+05
1.412460000e+05
1.396840000e+05
1.563110000e+05
2.158770000e+05
2.299030000e+05
1.501370000e+05
1.548880000e+05
1.452390000e+05
1.967450000e+05
2.253190000e+05
1.610470000e+05
1.329740000e+05
1.534390000e+05
1.401000000e+05
1.451020000e+05
1.535720000e+05
1.857280000e+05
1.542780000e+05
1.264070000e+05
1.315420000e+05
1.694220000e+05
1.320240000e+05

3.279800000e+05
2.174680000e+05
2.553570000e+05
2.906430000e+05
3.808110000e+05
2.680940000e+05
3.755760000e+05
3.028780000e+05
4.900490000e+05
2.502430000e+05
2.862550000e+05
2.273890000e+05
3.684110000e+05
1.949190000e+05
2.590230000e+05
2.122820000e+05
4.322880000e+05
3.227110000e+05
3.551240000e+05
2.980760000e+05
3.530180000e+05
2.864830000e+05
3.520650000e+05
2.254100000e+05
4.170480000e+05
4.483000000e+05
2.524930000e+05
2.147400000e+05
3.085180000e+05
2.302750000e+05
