1.022667720e-06
9.503595686e-07
1.008402465e-06
1.137110440e-06
1.050880426e-06
9.521988881e-07
9.884441613e-07
1.055467328e-06
1.081952890e-06
1.006285860e-06
9.715469326e-07
1.119330218e-06
9.819544671e-07
1.059049640e-06
9.833436075e-07
1.018229960e-06
1.072686792e-06
1.061728519e-06
1.009389569e-06
1.061201494e-06
1.022072790e-06
1.102576023e-06
1.029928751e-06
9.343103631e-07
9.824503549e-07
1.016807566e-06
1.059856545e-06
1.103931471e-06
1.068304121e-06
1.036484393e-06

8.197283619e-07
8.694470747e-07
8.706970934e-07
7.882785331e-07
7.822784193e-07
8.963615388e-07
9.000932716e-07
7.817832102e-07
7.868252012e-07
8.700709064e-07
8.406485406e-07
8.443203134e-07
8.194555877e-07
8.679537029e-07
8.414533302e-07
8.541254932e-07
8.780208785e-07
8.805355666e-07
1.019288921e-06
8.925112033e-07
7.408778619e-07
8.580944313e-07
8.523009840e-07
7.517193680e-07
7.383156290e-07
8.534632583e-07
8.883925248e-07
8.284281935e-07
9.208498975e-07
8.145248541e-07
