9.122684370e-06
9.654840924e-06
9.786798157e-06
8.665983350e-06
9.318542618e-06
9.607837458e-06
7.945686625e-06
1.025082169e-05
9.077463298e-06
8.673970927e-06
9.079715950e-06
8.418157730e-06
9.088471231e-06
1.030726522e-05
9.889333384e-06
9.857384474e-06
9.557652638e-06
9.814299008e-06
8.755145816e-06
8.431287976e-06
9.109617477e-06
8.391824902e-06
8.729682408e-06
1.001103083e-05
9.255091224e-06
9.821747783e-06
1.173843581e-05
8.645648760e-06
9.580541597e-06
8.492075739e-06

1.491655151e-05
1.766827199e-05
1.459246229e-05
1.586378122e-05
1.686777187e-05
1.577130379e-05
1.737438374e-05
1.536725350e-05
1.668130340e-05
1.687606636e-05
1.758993307e-05
1.790657642e-05
1.773248502e-05
1.698944217e-05
1.726034498e-05
1.781668278e-05
1.575627758e-05
1.943643625e-05
1.780181493e-05
1.807324532e-05
1.828866131e-05
1.659221179e-05
1.569448862e-05
1.823769649e-05
1.897341009e-05
1.687904408e-05
2.424677967e-05
1.738731814e-05
1.704085529e-05
1.579180628e-05
