1.871000000e+03
1.695000000e+03
1.871000000e+03
1.695000000e+03
1.695000000e+03
1.871000000e+03
1.695000000e+03
1.361000000e+03
1.316000000e+03
1.871000000e+03
1.871000000e+03
1.695000000e+03
1.695000000e+03
1.871000000e+03
1.871000000e+03
1.695000000e+03
1.871000000e+03
1.655000000e+03
1.871000000e+03
1.871000000e+03
1.871000000e+03
1.871000000e+03
1.871000000e+03
1.871000000e+03
1.871000000e+03
1.871000000e+03
1.457000000e+03
1.871000000e+03
1.457000000e+03
1.695000000e+03

3.749000000e+03
2.538000000e+03
4.362000000e+03
4.572000000e+03
2.887000000e+03
3.037000000e+03
1.698000000e+03
2.105000000e+03
3.982000000e+03
2.504000000e+03
1.869000000e+03
2.326000000e+03
2.204000000e+03
3.519000000e+03
3.144000000e+03
4.377000000e+03
2.468000000e+03
4.524000000e+03
2.172000000e+03
2.028000000e+03
2.625000000e+03
2.290000000e+03
4.024000000e+03
2.470000000e+03
2.400000000e+03
3.593000000e+03
1.908000000e+03
3.405000000e+03
1.700000000e+03
2.528000000e+03
