7.063400000e+04
7.496500000e+04
7.047000000e+04
7.856700000e+04
7.115100000e+04
7.256200000e+04
7.430800000e+04
7.183400000e+04
6.782500000e+04
6.963600000e+04
6.927300000e+04
6.780800000e+04
6.817300000e+04
7.528800000e+04
7.103100000e+04
6.776400000e+04
7.139000000e+04
7.111900000e+04
7.382300000e+04
6.791600000e+04
7.095300000e+04
7.225400000e+04
6.926200000e+04
7.289700000e+04
7.042400000e+04
6.766500000e+04
6.818500000e+04
7.352200000e+04
7.612800000e+04
7.112700000e+04

7.334100000e+04
7.291400000e+04
7.514900000e+04
8.226400000e+04
7.252000000e+04
6.939400000e+04
7.929300000e+04
7.087600000e+04
7.751300000e+04
7.563400000e+04
7.422600000e+04
7.957100000e+04
7.118300000e+04
7.456000000e+04
6.886900000e+04
7.214900000e+04
7.041700000e+04
7.085700000e+04
7.286200000e+04
7.039000000e+04
7.848300000e+04
7.647800000e+04
7.267200000e+04
7.155200000e+04
6.915200000e+04
7.878200000e+04
6.988800000e+04
6.720600000e+04
7.887200000e+04
7.113700000e+04
