1.841070000e+05
1.891780000e+05
1.838620000e+05
2.048990000e+05
1.976930000e+05
2.306870000e+05
2.091610000e+05
2.106830000e+05
1.891860000e+05
1.653690000e+05
1.853370000e+05
1.810460000e+05
2.143580000e+05
2.046700000e+05
1.748850000e+05
2.021570000e+05
1.961900000e+05
2.141080000e+05
1.720820000e+05
2.426360000e+05
2.086990000e+05
2.285540000e+05
2.130900000e+05
1.849100000e+05
1.708560000e+05
1.768690000e+05
1.943810000e+05
1.919420000e+05
1.815750000e+05
2.149710000e+05

1.585730000e+05
1.520640000e+05
1.441480000e+05
1.681180000e+05
1.509240000e+05
1.636860000e+05
1.416620000e+05
1.448920000e+05
1.562100000e+05
1.543140000e+05
1.624350000e+05
1.795380000e+05
1.640360000e+05
1.529340000e+05
1.636550000e+05
1.374680000e+05
1.673840000e+05
1.710230000e+05
1.522910000e+05
1.562390000e+05
1.557140000e+05
1.835020000e+05
1.431970000e+05
1.400710000e+05
1.567910000e+05
1.588970000e+05
1.815890000e+05
1.566140000e+05
1.436860000e+05
1.308690000e+05
