1.978100000e+04
2.449600000e+04
1.597900000e+04
1.779300000e+04
1.878300000e+04
1.636500000e+04
2.316700000e+04
1.978500000e+04
1.714100000e+04
1.690800000e+04
1.766900000e+04
1.818100000e+04
1.684600000e+04
1.778000000e+04
1.741700000e+04
1.705100000e+04
1.856500000e+04
1.777800000e+04
1.886400000e+04
1.950100000e+04
1.709100000e+04
1.716500000e+04
1.777000000e+04
1.994500000e+04
1.726900000e+04
2.006800000e+04
1.662400000e+04
1.685000000e+04
2.036000000e+04
1.845700000e+04

1.946400000e+04
1.834200000e+04
2.353900000e+04
2.207900000e+04
1.940700000e+04
2.240000000e+04
3.146900000e+04
2.160200000e+04
2.208600000e+04
2.382900000e+04
2.224100000e+04
2.495000000e+04
2.192400000e+04
2.553800000e+04
2.277700000e+04
2.552000000e+04
2.003900000e+04
2.226400000e+04
2.576000000e+04
2.038500000e+04
2.146700000e+04
2.144300000e+04
2.777300000e+04
2.406500000e+04
2.389000000e+04
1.992300000e+04
2.455000000e+04
2.286300000e+04
2.696300000e+04
2.714800000e+04
