1.858470000e+05
1.548810000e+05
1.665760000e+05
1.358020000e+05
1.497240000e+05
1.360480000e+05
1.640710000e+05
1.764630000e+05
1.545240000e+05
1.529620000e+05
1.695890000e+05
2.291550000e+05
2.431810000e+05
1.634150000e+05
1.681660000e+05
1.585170000e+05
2.100230000e+05
2.385970000e+05
1.743250000e+05
1.462520000e+05
1.667170000e+05
1.533780000e+05
1.583800000e+05
1.668500000e+05
1.990060000e+05
1.675560000e+05
1.396850000e+05
1.448200000e+05
1.827000000e+05
1.453020000e+05

3.219626000e+06
6.218408000e+06
6.187606000e+06
1.234647000e+06
3.232877000e+06
1.275148000e+06
2.230852000e+06
2.727700000e+05
3.207525000e+06
2.224089000e+06
3.211137000e+06
8.161584000e+06
7.138175000e+06
5.229614000e+06
2.202487000e+06
2.266987000e+06
3.197514000e+06
5.206020000e+06
2.316840000e+06
5.244258000e+06
4.222135000e+06
2.988300000e+05
4.175670000e+06
7.157779000e+06
3.235095000e+06
3.240423000e+06
6.218340000e+06
1.273320000e+06
5.186363000e+06
2.308264000e+06
