3.889400000e+04
3.873600000e+04
3.590100000e+04
3.942600000e+04
3.230100000e+04
3.761800000e+04
3.457200000e+04
3.460700000e+04
3.776800000e+04
3.690600000e+04
3.901600000e+04
3.830000000e+04
3.641600000e+04
3.954200000e+04
4.113100000e+04
3.737200000e+04
3.528100000e+04
3.625400000e+04
3.398300000e+04
3.926100000e+04
3.913900000e+04
3.383100000e+04
3.604600000e+04
3.718300000e+04
3.498400000e+04
3.729800000e+04
3.768100000e+04
3.909000000e+04
3.745400000e+04
3.480800000e+04

4.639600000e+04
4.510100000e+04
4.540500000e+04
4.550100000e+04
4.366400000e+04
4.616800000e+04
4.822400000e+04
4.333100000e+04
4.493600000e+04
4.456200000e+04
4.384300000e+04
4.363100000e+04
4.247800000e+04
5.009600000e+04
4.325200000e+04
4.607300000e+04
4.516500000e+04
4.533900000e+04
4.485900000e+04
4.492800000e+04
3.976100000e+04
4.337300000e+04
4.744600000e+04
4.179700000e+04
4.386200000e+04
4.350500000e+04
4.339500000e+04
4.521200000e+04
4.515400000e+04
4.374600000e+04
