2.931200000e+05
2.470400000e+05
2.600960000e+05
2.567680000e+05
2.090240000e+05
2.357760000e+05
2.969600000e+05
2.466560000e+05
2.257920000e+05
2.867200000e+05
2.342400000e+05
2.188800000e+05
2.419200000e+05
2.979840000e+05
2.419200000e+05
2.005760000e+05
2.615040000e+05
2.713600000e+05
2.284800000e+05
2.012160000e+05
2.568960000e+05
3.107840000e+05
2.988800000e+05
2.236160000e+05
2.481920000e+05
2.464000000e+05
2.307840000e+05
2.403840000e+05
2.282240000e+05
2.429440000e+05

1.000008448e+09
1.305600000e+04
2.598400000e+04
1.000010624e+09
1.000009472e+09
2.419200000e+04
2.828800000e+04
2.636800000e+04
1.241600000e+04
1.472000000e+04
1.331200000e+04
1.331200000e+04
1.344000000e+04
1.356800000e+04
1.536000000e+04
1.676800000e+04
1.000010240e+09
1.433600000e+04
1.536000000e+04
2.662400000e+04
1.472000000e+04
1.779200000e+04
1.000010112e+09
1.000009600e+09
1.561600000e+04
1.000010624e+09
2.035200000e+04
1.369600000e+04
1.395200000e+04
1.779200000e+04
