2.560000000e+02
8.960000000e+02
7.680000000e+02
6.400000000e+02
7.680000000e+02
1.280000000e+02
-3.840000000e+02
1.280000000e+02
5.120000000e+02
1.280000000e+02
-2.560000000e+02
5.120000000e+02
-6.400000000e+02
3.840000000e+02
6.400000000e+02
1.792000000e+03
1.280000000e+03
7.680000000e+02
2.560000000e+02
3.328000000e+03
1.152000000e+03
1.408000000e+03
5.120000000e+02
1.280000000e+03
6.400000000e+02
0.000000000e+00
7.680000000e+02
1.152000000e+03
1.280000000e+02
-2.560000000e+02

1.254400000e+04
9.472000000e+03
1.254400000e+04
1.011200000e+04
1.254400000e+04
5.376000000e+03
9.728000000e+03
7.296000000e+03
8.320000000e+03
9.344000000e+03
8.320000000e+03
6.656000000e+03
1.228800000e+04
1.651200000e+04
8.576000000e+03
1.113600000e+04
7.296000000e+03
8.448000000e+03
8.576000000e+03
3.968000000e+03
7.936000000e+03
1.139200000e+04
1.203200000e+04
7.680000000e+03
8.320000000e+03
9.600000000e+03
5.760000000e+03
6.656000000e+03
1.267200000e+04
7.936000000e+03
