6.433793965e-08
6.207949880e-08
5.469631257e-08
8.036622702e-08
5.653303728e-08
6.665665989e-08
6.061954018e-08
6.963877268e-08
5.754177879e-08
6.226887985e-08
5.655511310e-08
6.517430608e-08
7.271054605e-08
5.009535909e-08
6.415239094e-08
5.747040161e-08
7.555178074e-08
7.589397600e-08
6.024648666e-08
5.609754869e-08
6.105331220e-08
4.992150697e-08
6.426508544e-08
6.130668520e-08
8.270275163e-08
7.098471943e-08
4.758701828e-08
7.668359597e-08
5.690840617e-08
5.004673638e-08

4.025660645e-08
3.094927045e-08
4.106466952e-08
5.552377682e-08
3.335006645e-08
2.971202618e-08
4.341408833e-08
6.693358576e-08
4.211656467e-08
3.577265884e-08
9.671990328e-08
4.569308804e-08
5.715395483e-08
4.885304496e-08
5.081148612e-08
3.769485253e-08
4.162223383e-08
2.546177095e-08
4.434706144e-08
3.487038429e-08
3.717241792e-08
3.188767271e-08
3.534651156e-08
6.090101695e-08
5.858612904e-08
2.958579876e-08
4.403340906e-08
9.155603619e-08
7.387437723e-08
2.941350352e-08
