1.574390000e+05
1.509300000e+05
1.430140000e+05
1.669840000e+05
1.497900000e+05
1.625520000e+05
1.405280000e+05
1.437580000e+05
1.550760000e+05
1.531800000e+05
1.613010000e+05
1.784040000e+05
1.629020000e+05
1.518000000e+05
1.625210000e+05
1.363340000e+05
1.662500000e+05
1.698890000e+05
1.511570000e+05
1.551050000e+05
1.545800000e+05
1.823680000e+05
1.420630000e+05
1.389370000e+05
1.556570000e+05
1.577630000e+05
1.804550000e+05
1.554800000e+05
1.425520000e+05
1.297350000e+05

1.427840000e+05
1.673800000e+05
1.494250000e+05
1.620150000e+05
1.819120000e+05
1.609740000e+05
1.854580000e+05
1.467820000e+05
1.681960000e+05
1.647470000e+05
1.637980000e+05
1.741130000e+05
1.612150000e+05
1.691940000e+05
1.476070000e+05
1.590120000e+05
1.772890000e+05
1.620710000e+05
1.438900000e+05
1.547370000e+05
1.632580000e+05
1.573970000e+05
1.597810000e+05
1.650170000e+05
1.788250000e+05
1.613520000e+05
1.631440000e+05
1.548540000e+05
1.539450000e+05
1.671210000e+05
