3.691800000e+04
4.121600000e+04
3.971900000e+04
3.905900000e+04
4.396500000e+04
4.290200000e+04
3.876100000e+04
4.072700000e+04
3.789700000e+04
3.905000000e+04
3.921200000e+04
3.848100000e+04
4.226300000e+04
4.145600000e+04
3.810100000e+04
4.114900000e+04
4.449200000e+04
4.102100000e+04
3.609400000e+04
4.436200000e+04
3.979700000e+04
4.414900000e+04
3.668800000e+04
4.029900000e+04
3.899500000e+04
3.778500000e+04
3.785700000e+04
4.111300000e+04
3.857100000e+04
3.839000000e+04

1.069781000e+06
7.026700000e+04
1.061246000e+06
1.062810000e+06
6.362200000e+04
6.065800000e+04
3.040643000e+06
6.201100000e+04
6.219600000e+04
6.819700000e+04
1.049548000e+06
1.056183000e+06
1.065779000e+06
5.402300000e+04
7.261200000e+04
6.562100000e+04
5.571100000e+04
5.991000000e+04
6.274100000e+04
1.048884000e+06
1.069945000e+06
7.351900000e+04
6.306200000e+04
5.254000000e+04
6.197100000e+04
6.847900000e+04
1.049535000e+06
1.054924000e+06
5.719000000e+04
7.169300000e+04
