5.607404000e+06
3.679397000e+06
5.594857000e+06
9.524124000e+06
9.522722000e+06
6.546286000e+06
1.059997800e+07
5.659893000e+06
4.646487000e+06
6.712740000e+05
4.609010000e+06
6.575334000e+06
1.051432100e+07
1.244707600e+07
5.584482000e+06
9.539198000e+06
4.586574000e+06
4.661842000e+06
5.622077000e+06
5.583962000e+06
5.581191000e+06
4.593199000e+06
4.619532000e+06
4.636356000e+06
5.633664000e+06
8.606557000e+06
4.638370000e+06
8.572062000e+06
1.672943000e+06
1.051599500e+07

4.831382000e+06
9.763637000e+06
4.857850000e+06
9.897022000e+06
7.052499000e+06
6.158577000e+06
5.801125000e+06
1.003244000e+06
8.891856000e+06
5.771327000e+06
6.876942000e+06
5.059168000e+06
6.866712000e+06
5.937884000e+06
2.154801600e+07
1.084861600e+07
6.947334000e+06
6.983608000e+06
2.893905000e+06
1.280107900e+07
6.041351000e+06
5.973376000e+06
5.862958000e+06
1.924791000e+06
2.152654900e+07
1.581919100e+07
1.285104800e+07
6.074353000e+06
2.054957300e+07
5.019053000e+06
