5.324073905e-05
5.602310745e-05
5.135058254e-05
5.390988857e-05
4.012485289e-05
5.106273049e-05
5.563024852e-05
5.134134758e-05
5.149498543e-05
4.893182987e-05
4.406492556e-05
6.358381602e-05
5.317541441e-05
5.664503314e-05
5.956816219e-05
5.106740909e-05
5.353408970e-05
5.060203327e-05
4.710171302e-05
4.790554287e-05
5.455319323e-05
5.298228849e-05
6.160934901e-05
4.705268197e-05
4.285173048e-05
5.705385400e-05
5.615012908e-05
5.894943027e-05
4.533271754e-05
4.519423992e-05

2.550232905e-02
2.546945946e-02
2.553335085e-02
2.532002639e-02
9.592651272e-04
2.551836037e-02
2.550524289e-02
2.550019413e-02
2.537872791e-02
2.531996599e-02
2.465412045e-02
2.530209035e-02
2.531676733e-02
2.537773809e-02
2.554787029e-02
2.556319238e-02
2.551988373e-02
2.472517837e-02
2.553681653e-02
2.551577375e-02
2.527636400e-02
2.555351057e-02
2.554087048e-02
2.557324386e-02
2.532955585e-02
2.532348110e-02
2.550204603e-02
2.553348539e-02
2.554698964e-02
2.557043321e-02
