Number of sample populations = 3. Total number of values in the input = 90
157447 1 1
158540 1 2
169305 1 3
172317 1 4
174790 1 5
175089 1 6
175196 1 7
175365 1 8
175767 1 9
178262 1 10
178302 1 11
178644 1 12
179834 1 13
180588 1 14
186696 1 15
187996 1 16
193917 1 17
195329 1 18
197701 1 19
198344 1 20
200037 1 21
222736 2 22
224901 2 23
225526 2 24
225827 2 25
226398 2 26
228242 2 27
229970 2 28
231740 2 29
232823 2 30
233312 2 31
233466 2 32
233731 2 33
234824 2 34
235684 2 35
235892 2 36
237334 2 37
239235 2 38
240221 2 39
240307 2 40
240602 2 41
240846 2 42
241320 2 43
244630 2 44
245745 2 45
245817 2 46
246861 2 47
251559 2 48
266806 2 49
1.16247e+06 1 50
1.25751e+06 2 51
2.14855e+06 0 52
2.15208e+06 1 53
2.15264e+06 1 54
2.1547e+06 0 55
2.15978e+06 0 56
2.16069e+06 1 57
2.1611e+06 0 58
2.16156e+06 1 59
2.16704e+06 0 60
2.16739e+06 0 61
2.16766e+06 0 62
2.1686e+06 0 63
2.16883e+06 1 64
2.16937e+06 0 65
2.17246e+06 0 66
2.17261e+06 0 67
2.17302e+06 0 68
2.17963e+06 0 69
3.15487e+06 1 70
3.21882e+06 2 71
4.13335e+06 0 72
4.13576e+06 0 73
4.13738e+06 0 74
4.14149e+06 0 75
4.14823e+06 0 76
4.15203e+06 0 77
4.15401e+06 0 78
4.16005e+06 0 79
5.12169e+06 0 80
5.12813e+06 0 81
5.12946e+06 0 82
5.12986e+06 0 83
5.13749e+06 0 84
5.1477e+06 0 85
6.1254e+06 1 86
7.10465e+06 0 87
7.10468e+06 0 88
7.125e+06 0 89
9.11242e+06 1 90
Total number of ties =0
Number of samples = 30; sum = 2165
Number of samples = 30; sum = 814
Number of samples = 30; sum = 1116
Corrected T value =49.1137
p-value to accept the null hypothesis that all distribution functions are identical = 2.16324763e-11
