4.864000000e+03
5.120000000e+03
4.096000000e+03
6.144000000e+03
4.608000000e+03
3.072000000e+03
6.912000000e+03
8.192000000e+03
4.480000000e+03
5.632000000e+03
4.224000000e+03
1.484800000e+04
5.248000000e+03
3.200000000e+03
1.395200000e+04
5.888000000e+03
4.864000000e+03
2.112000000e+04
3.840000000e+03
4.736000000e+03
3.200000000e+03
5.632000000e+03
4.608000000e+03
4.480000000e+03
4.608000000e+03
4.864000000e+03
7.168000000e+03
4.480000000e+03
3.456000000e+03
4.992000000e+03

5.376000000e+03
1.139200000e+04
6.528000000e+03
9.600000000e+03
9.088000000e+03
6.784000000e+03
9.216000000e+03
6.784000000e+03
8.448000000e+03
9.600000000e+03
8.320000000e+03
7.168000000e+03
4.096000000e+03
8.448000000e+03
7.936000000e+03
4.352000000e+03
9.728000000e+03
4.096000000e+03
5.760000000e+03
1.113600000e+04
7.808000000e+03
4.096000000e+03
8.576000000e+03
7.296000000e+03
7.424000000e+03
8.320000000e+03
9.984000000e+03
5.376000000e+03
1.011200000e+04
8.448000000e+03
