4.420000000e+02
3.760000000e+02
3.720000000e+02
4.480000000e+02
4.780000000e+02
4.780000000e+02
3.730000000e+02
4.260000000e+02
4.500000000e+02
3.700000000e+02
4.400000000e+02
4.100000000e+02
4.480000000e+02
3.710000000e+02
3.950000000e+02
4.400000000e+02
4.140000000e+02
3.680000000e+02
4.370000000e+02
3.890000000e+02
4.450000000e+02
3.400000000e+02
4.400000000e+02
4.810000000e+02
3.820000000e+02
3.760000000e+02
3.730000000e+02
4.470000000e+02
4.340000000e+02
4.520000000e+02

5.040000000e+02
5.720000000e+02
4.220000000e+02
4.540000000e+02
3.530000000e+02
4.090000000e+02
4.240000000e+02
5.190000000e+02
5.700000000e+02
4.590000000e+02
5.260000000e+02
3.810000000e+02
5.030000000e+02
5.550000000e+02
5.020000000e+02
4.440000000e+02
4.950000000e+02
4.490000000e+02
4.290000000e+02
4.640000000e+02
6.090000000e+02
3.960000000e+02
4.880000000e+02
4.560000000e+02
5.060000000e+02
4.570000000e+02
4.430000000e+02
4.700000000e+02
4.220000000e+02
3.740000000e+02
