4.987000000e+03
4.654000000e+03
5.402000000e+03
4.627000000e+03
5.612000000e+03
4.878000000e+03
4.653000000e+03
4.301000000e+03
5.102000000e+03
4.688000000e+03
4.909000000e+03
5.005000000e+03
4.863000000e+03
5.520000000e+03
4.997000000e+03
4.787000000e+03
4.986000000e+03
4.868000000e+03
5.522000000e+03
4.884000000e+03
5.053000000e+03
4.804000000e+03
4.986000000e+03
5.244000000e+03
4.291000000e+03
4.619000000e+03
4.601000000e+03
4.957000000e+03
5.201000000e+03
5.073000000e+03

6.612000000e+03
8.253000000e+03
7.531000000e+03
1.998977000e+06
7.456000000e+03
8.235000000e+03
7.080000000e+03
7.568000000e+03
8.166000000e+03
1.999051000e+06
7.946000000e+03
8.837000000e+03
7.546000000e+03
8.720000000e+03
5.931000000e+03
9.646000000e+03
7.158000000e+03
8.519000000e+03
9.143000000e+03
1.042600000e+04
1.003443000e+06
7.864000000e+03
8.341000000e+03
7.484000000e+03
7.181000000e+03
6.342000000e+03
8.176000000e+03
7.309000000e+03
6.285000000e+03
2.002649000e+06
