1.104128000e+06
1.098240000e+06
9.990400000e+05
8.686080000e+05
9.431040000e+05
1.117952000e+06
1.112320000e+06
1.031424000e+06
1.043712000e+06
1.115904000e+06
1.152768000e+06
9.288960000e+05
1.064960000e+06
1.002624000e+06
1.082624000e+06
1.182592000e+06
1.131008000e+06
1.139712000e+06
1.049216000e+06
1.232768000e+06
1.108992000e+06
1.275648000e+06
1.267584000e+06
1.094144000e+06
1.192960000e+06
1.182336000e+06
1.124224000e+06
1.139328000e+06
1.176960000e+06
1.009792000e+06

1.181568000e+07
1.115763200e+07
1.004313600e+07
1.489126400e+07
1.140684800e+07
1.253913600e+07
1.213440000e+07
1.439168000e+07
1.319180800e+07
1.367769600e+07
1.096204800e+07
1.073382400e+07
1.280678400e+07
1.208550400e+07
1.432217600e+07
1.695987200e+07
1.278860800e+07
1.304038400e+07
1.114073600e+07
1.160384000e+07
1.348838400e+07
1.306944000e+07
1.277696000e+07
1.320896000e+07
1.026150400e+07
9.566464000e+06
1.106739200e+07
1.002918400e+07
1.033203200e+07
1.212492800e+07
