2.133287304e-05
1.654417902e-05
1.720677605e-05
2.182178317e-05
1.850214297e-05
2.011419003e-05
1.841320262e-05
2.144270562e-05
1.797350722e-05
1.826942225e-05
1.952862877e-05
1.672325226e-05
1.725421556e-05
1.903289538e-05
1.837670721e-05
1.781012131e-05
1.990432628e-05
1.945601352e-05
1.883452979e-05
1.792591257e-05
2.003387258e-05
1.818160006e-05
2.127473401e-05
1.824239565e-05
1.977050071e-05
1.916671137e-05
1.890736189e-05
1.914374668e-05
2.021847547e-05
1.913143408e-05

3.273785648e-05
3.250257871e-05
2.770189346e-05
2.361783558e-05
2.630185573e-05
1.961620158e-05
2.734596060e-05
2.409713231e-05
2.805891605e-05
2.392568078e-05
2.206475135e-05
3.538522230e-05
2.455032759e-05
2.154215147e-05
2.462521526e-05
2.982347405e-05
2.566726555e-05
2.108777033e-05
3.345561249e-05
2.648185615e-05
2.062605814e-05
2.414809537e-05
2.035112751e-05
2.913453254e-05
3.006204120e-05
2.120296854e-05
3.036334912e-05
2.593102517e-05
2.439162367e-05
2.555260279e-05
