3.250000000e+02
3.060000000e+02
3.060000000e+02
3.050000000e+02
3.130000000e+02
3.060000000e+02
3.020000000e+02
3.020000000e+02
2.990000000e+02
2.980000000e+02
3.050000000e+02
3.040000000e+02
3.180000000e+02
3.040000000e+02
3.060000000e+02
3.440000000e+02
3.600000000e+02
3.020000000e+02
3.000000000e+02
3.050000000e+02
2.990000000e+02
3.010000000e+02
3.030000000e+02
3.010000000e+02
3.020000000e+02
3.400000000e+02
3.050000000e+02
2.970000000e+02
3.040000000e+02
3.120000000e+02

3.700000000e+01
4.400000000e+01
3.700000000e+01
4.400000000e+01
4.200000000e+01
4.600000000e+01
4.500000000e+01
4.500000000e+01
3.800000000e+01
4.200000000e+01
4.000000000e+01
4.600000000e+01
3.900000000e+01
5.100000000e+01
4.800000000e+01
4.700000000e+01
3.900000000e+01
6.200000000e+01
4.000000000e+01
4.000000000e+01
4.400000000e+01
3.900000000e+01
4.100000000e+01
4.300000000e+01
3.900000000e+01
3.800000000e+01
5.000000000e+01
4.100000000e+01
3.700000000e+01
4.000000000e+01
