4.355467900e-07
4.640398952e-07
4.819049872e-07
4.402702583e-07
4.561525578e-07
3.946945754e-07
4.389174453e-07
3.928325014e-07
4.382756495e-07
4.008875033e-07
4.459191948e-07
4.217682808e-07
4.447243058e-07
4.148693656e-07
4.005219548e-07
4.607006571e-07
4.124735197e-07
5.047016510e-07
4.597743905e-07
4.338861130e-07
4.256875184e-07
4.165910405e-07
4.336412430e-07
4.527207050e-07
4.062286157e-07
4.563834159e-07
4.204856474e-07
4.425595574e-07
4.486566372e-07
4.371269082e-07

5.027994174e-07
4.819486598e-07
4.895468158e-07
4.560496837e-07
4.469130461e-07
4.702106276e-07
4.711813252e-07
4.208521540e-07
4.811296187e-07
4.663686354e-07
4.577318776e-07
4.343346954e-07
5.292388720e-07
4.675217680e-07
4.981080847e-07
3.962194042e-07
4.918868135e-07
4.853009119e-07
4.384847911e-07
4.774999217e-07
5.374189037e-07
4.280784941e-07
4.455460215e-07
4.274308700e-07
5.201748092e-07
4.683178151e-07
4.988987027e-07
4.679381748e-07
4.516771531e-07
4.871399919e-07
