3.224320000e+05
3.325440000e+05
3.083520000e+05
3.636480000e+05
3.242240000e+05
3.709440000e+05
3.056640000e+05
3.459840000e+05
3.544320000e+05
3.417600000e+05
3.616000000e+05
3.292160000e+05
3.481600000e+05
3.215360000e+05
3.494400000e+05
3.317760000e+05
3.307520000e+05
3.329280000e+05
4.207360000e+05
3.334400000e+05
3.540480000e+05
3.330560000e+05
3.307520000e+05
3.390720000e+05
3.348480000e+05
3.307520000e+05
3.904000000e+05
3.392000000e+05
3.281920000e+05
3.310080000e+05

3.000223104e+09
6.000224512e+09
6.000192000e+09
1.000241024e+09
3.000238720e+09
1.000280064e+09
2.000236160e+09
2.790400000e+05
3.000212352e+09
2.000230528e+09
3.000217472e+09
8.000164992e+09
7.000142464e+09
5.000235264e+09
2.000208256e+09
2.000271488e+09
3.000203008e+09
5.000210304e+09
2.000322816e+09
5.000250624e+09
4.000225920e+09
3.045120000e+05
4.000181248e+09
7.000162688e+09
3.000240128e+09
3.000245376e+09
6.000224128e+09
1.000279680e+09
5.000191104e+09
2.000313600e+09
