1.318800000e+04
1.432800000e+04
1.421200000e+04
1.211000000e+04
1.338700000e+04
1.305700000e+04
1.352600000e+04
1.345300000e+04
1.435600000e+04
1.351200000e+04
1.323900000e+04
1.171100000e+04
1.313500000e+04
1.254300000e+04
1.346400000e+04
1.260200000e+04
1.370900000e+04
1.291000000e+04
1.450900000e+04
1.302100000e+04
1.134400000e+04
1.257000000e+04
1.296800000e+04
1.310400000e+04
1.379800000e+04
1.253500000e+04
1.226000000e+04
1.248800000e+04
1.284200000e+04
1.288600000e+04

1.885400000e+04
2.530100000e+04
2.591000000e+04
3.139900000e+04
2.432700000e+04
2.840600000e+04
2.147000000e+04
2.277000000e+04
2.177700000e+04
2.528600000e+04
2.763700000e+04
2.298000000e+04
2.245300000e+04
2.372000000e+04
2.817700000e+04
3.011300000e+04
2.898800000e+04
4.007700000e+04
3.215300000e+04
3.923500000e+04
2.288800000e+04
2.964800000e+04
2.931400000e+04
3.204000000e+04
2.345100000e+04
3.696400000e+04
2.054100000e+04
2.978000000e+04
2.584900000e+04
3.105400000e+04
