2.031889916e-05
2.762439912e-05
2.620657084e-05
2.678176400e-05
2.472155568e-05
2.323091206e-05
2.848234114e-05
2.298832803e-05
2.521377658e-05
2.679507097e-05
2.814512152e-05
2.355637313e-05
2.707963284e-05
2.921201163e-05
2.484964773e-05
2.404073017e-05
2.880750041e-05
2.152510466e-05
2.369673103e-05
2.859312522e-05
2.835529456e-05
2.934421577e-05
2.426370348e-05
2.365284014e-05
2.352173696e-05
2.721605594e-05
2.614915948e-05
2.801021223e-05
2.091266999e-05
2.437326389e-05

7.496998028e-05
8.968796416e-05
6.946619948e-05
9.476691769e-05
9.133604427e-05
8.055882056e-05
7.706901814e-05
7.397888702e-05
6.822795461e-05
9.229666307e-05
8.520462338e-05
8.353630281e-05
6.854733501e-05
8.049703152e-05
7.877930924e-05
9.924505145e-05
6.873158780e-05
9.378639360e-05
6.938563217e-05
7.255077004e-05
9.123721495e-05
8.283005106e-05
1.008528863e-04
7.311951977e-05
8.170106113e-05
8.326471490e-05
9.410480458e-05
7.165510212e-05
9.747053486e-05
9.192735514e-05
