1.190677532e-06
1.110273660e-06
1.132797071e-06
1.377484052e-06
1.183099575e-06
1.163231092e-06
1.144693306e-06
1.212567450e-06
1.050876155e-06
1.306466797e-06
1.319578840e-06
1.177044571e-06
1.180331834e-06
1.328518951e-06
1.284642228e-06
1.158704949e-06
1.134346890e-06
1.160289578e-06
1.306590350e-06
1.242540873e-06
1.149139410e-06
1.333247290e-06
1.177649760e-06
1.268953142e-06
1.249215358e-06
1.274715612e-06
1.291200186e-06
1.301158699e-06
1.184967717e-06
1.261356822e-06

1.278368183e-06
1.353690702e-06
1.355251419e-06
1.234062997e-06
1.260480217e-06
1.257314591e-06
1.253569844e-06
1.330402542e-06
1.324786619e-06
1.360241873e-06
1.301166922e-06
1.449819628e-06
1.414809523e-06
1.371677511e-06
1.367738592e-06
1.312285714e-06
1.322447260e-06
1.393310942e-06
1.257512315e-06
1.312265275e-06
1.294784893e-06
1.436124272e-06
1.413352758e-06
1.343024485e-06
1.387212944e-06
1.346267077e-06
1.321692571e-06
1.293416351e-06
1.258823771e-06
1.337539461e-06
