Number of sample populations = 3. Total number of values in the input = 90
14608 0 1
14965 0 2
15279 0 3
15440 0 4
15639 0 5
15660 0 6
15835 0 7
16152 0 8
16182 0 9
16195 0 10
16207 0 11
16400 0 12
16468 0 13
16597 0 14
16697 0 15
16777 0 16
16791 0 17
16824 0 18
16863 0 19
16909 0 20
16912 0 21
17242 0 22
17306 0 23
17434 0 24
17544 0 25
17758 0 26
17973 1 27
18079 0 28
18085 0 29
18143 1 30
18150 0 31
18657 0 32
19387 1 33
19441 1 34
19680 1 35
19756 1 36
19761 1 37
19835 1 38
19899 1 39
19915 1 40
20017 1 41
20104 1 42
20288 1 43
20290 1 44
20404 1 45
20549 1 46
20706 1 47
20870 1 48
21062 1 49
21076 1 50
21086 1 51
21090 1 52
21199 1 53
21397 1 54
21425 1 55
21484 1 56
21490 1 57
21605 1 58
21976 2 59
22199 2 60
22318 2 61
22381 2 62
22536 2 63
22595 2 64
22645 2 65
22874 2 66
22941 2 67
23016 2 68
23039 2 69
23106 1 70
23299 1 71
23300 2 72
23715 2 73
23875 2 74
24001 2 75
24245 2 76
24327 2 77
24384 2 78
24391 2 79
24921 2 80
25095 2 81
25133 2 82
25151 2 83
25316 2 84
25725 2 85
25755 2 86
25911 2 87
26227 2 88
26356 2 89
28184 2 90
Total number of ties =0
Number of samples = 30; sum = 471
Number of samples = 30; sum = 1381
Number of samples = 30; sum = 2243
Corrected T value =76.6972
p-value to accept the null hypothesis that all distribution functions are identical = 2.21516371e-17
