2.846792443e-06
2.946883161e-06
2.743831627e-06
3.082188814e-06
2.869307310e-06
2.845296835e-06
3.037034408e-06
2.769949046e-06
2.685874719e-06
2.794563154e-06
2.807937272e-06
2.790491341e-06
2.655744211e-06
3.032726109e-06
2.821421570e-06
2.677577043e-06
2.824339611e-06
2.887282422e-06
2.894468802e-06
2.832654133e-06
2.763293843e-06
2.932104413e-06
2.614295789e-06
2.857267003e-06
2.769472680e-06
2.735290398e-06
2.660922129e-06
2.726009529e-06
3.052781857e-06
2.948288030e-06

2.954448902e-06
2.939342570e-06
3.102130271e-06
3.375663690e-06
2.933623014e-06
2.757277043e-06
3.297437301e-06
2.881237757e-06
3.235444190e-06
2.838948538e-06
2.954916566e-06
3.307897331e-06
2.890350762e-06
3.055167564e-06
2.889936312e-06
2.903414821e-06
2.742329593e-06
2.834749860e-06
2.959386262e-06
2.859146322e-06
2.988929746e-06
3.131561459e-06
2.913289103e-06
3.030663556e-06
2.694969880e-06
3.045541984e-06
2.707958889e-06
2.784139970e-06
3.280811011e-06
2.834313653e-06
