2.444800000e+04
3.020800000e+04
2.688000000e+04
2.803200000e+04
2.764800000e+04
2.624000000e+04
2.713600000e+04
2.649600000e+04
3.097600000e+04
2.931200000e+04
2.508800000e+04
2.688000000e+04
2.956800000e+04
3.353600000e+04
2.752000000e+04
2.521600000e+04
2.828800000e+04
2.854400000e+04
3.251200000e+04
2.393600000e+04
3.174400000e+04
2.969600000e+04
2.956800000e+04
2.803200000e+04
2.726400000e+04
2.944000000e+04
2.649600000e+04
3.212800000e+04
2.790400000e+04
2.854400000e+04

3.008000000e+04
2.816000000e+04
3.289600000e+04
3.161600000e+04
3.161600000e+04
2.739200000e+04
2.560000000e+04
2.560000000e+04
2.867200000e+04
2.585600000e+04
2.483200000e+04
3.302400000e+04
2.726400000e+04
2.777600000e+04
2.944000000e+04
3.750400000e+04
2.739200000e+04
3.264000000e+04
2.457600000e+04
3.225600000e+04
2.252800000e+04
2.777600000e+04
3.123200000e+04
3.392000000e+04
2.163200000e+04
2.112000000e+04
2.726400000e+04
2.969600000e+04
3.046400000e+04
3.724800000e+04
