3.243000000e+03
2.836000000e+03
2.859000000e+03
3.383000000e+03
3.086000000e+03
2.999000000e+03
3.491000000e+03
2.892000000e+03
3.358000000e+03
3.273000000e+03
3.121000000e+03
3.199000000e+03
3.034000000e+03
2.814000000e+03
2.916000000e+03
2.869000000e+03
3.322000000e+03
2.954000000e+03
2.822000000e+03
3.536000000e+03
2.946000000e+03
3.158000000e+03
3.077000000e+03
3.292000000e+03
3.546000000e+03
3.003000000e+03
2.694000000e+03
2.753000000e+03
2.850000000e+03
2.759000000e+03

4.760000000e+03
5.126000000e+03
4.198000000e+03
6.438000000e+03
4.975000000e+03
4.220000000e+03
4.849000000e+03
1.003534000e+06
4.210000000e+03
6.744000000e+03
4.593000000e+03
4.571000000e+03
5.627000000e+03
4.580000000e+03
5.117000000e+03
4.316000000e+03
4.860000000e+03
4.364000000e+03
4.487000000e+03
4.574000000e+03
6.863000000e+03
1.002871000e+06
4.331000000e+03
5.533000000e+03
4.324000000e+03
3.953000000e+03
5.993000000e+03
2.996674000e+06
4.430000000e+03
4.282000000e+03
