Number of sample populations = 3. Total number of values in the input = 90
7 0 1
8 0 2
9 0 8.5
9 1 8.5
9 0 8.5
9 0 8.5
9 0 8.5
9 0 8.5
9 0 8.5
9 0 8.5
9 0 8.5
9 0 8.5
9 0 8.5
9 0 8.5
10 1 22
10 0 22
10 0 22
10 0 22
10 0 22
10 0 22
10 0 22
10 0 22
10 0 22
10 1 22
10 1 22
10 1 22
10 1 22
10 1 22
11 1 35
11 0 35
11 1 35
11 0 35
11 0 35
11 1 35
11 0 35
11 0 35
11 1 35
11 1 35
11 1 35
11 1 35
11 1 35
12 1 45
12 1 45
12 1 45
12 0 45
12 0 45
12 0 45
12 0 45
13 1 50
13 1 50
13 1 50
13 1 50
14 1 56
14 2 56
14 1 56
14 1 56
14 1 56
14 1 56
15 1 60
15 2 60
15 2 60
15 1 60
16 2 66
16 2 66
16 2 66
16 2 66
16 2 66
16 2 66
17 1 73
17 2 73
17 2 73
17 2 73
17 2 73
17 2 73
17 2 73
17 2 73
17 2 73
18 2 80
18 2 80
18 2 80
18 2 80
19 2 84
19 2 84
19 2 84
19 2 84
19 2 84
20 2 88
20 2 88
20 2 88
22 2 90
Total number of ties =75
Number of samples = 30; sum = 623.5
Number of samples = 30; sum = 1226
Number of samples = 30; sum = 2245.5
Corrected T value =66.43
p-value to accept the null hypothesis that all distribution functions are identical = 3.7576103e-15
