2.618208599e-06
2.719504187e-06
2.504591068e-06
2.643021788e-06
2.852695990e-06
2.320492370e-06
2.537114629e-06
2.567390087e-06
2.513324672e-06
2.871346869e-06
2.353339004e-06
2.461532349e-06
2.978741452e-06
2.576233711e-06
2.375919740e-06
2.517810336e-06
2.760921790e-06
2.758812890e-06
2.339360495e-06
2.399551293e-06
2.457366046e-06
2.464697855e-06
2.575353672e-06
2.639138638e-06
2.564175719e-06
2.471304435e-06
2.564095280e-06
2.327706175e-06
2.519741432e-06
2.498320376e-06

1.986695299e-06
1.867023482e-06
1.963868016e-06
1.907011746e-06
1.939383290e-06
1.814831998e-06
2.010325814e-06
1.969629527e-06
2.067083602e-06
2.033987188e-06
1.962572808e-06
2.127766535e-06
1.883407817e-06
1.869571264e-06
2.139560894e-06
1.929627611e-06
1.894781019e-06
1.909213899e-06
2.131859106e-06
1.858160697e-06
2.099338180e-06
1.810344377e-06
2.037080957e-06
2.055911517e-06
2.069515136e-06
2.003325342e-06
1.976896346e-06
2.040946941e-06
2.025945000e-06
1.986508433e-06
