4.988000000e+03
5.149000000e+03
4.763000000e+03
4.876000000e+03
4.977000000e+03
5.063000000e+03
5.149000000e+03
4.687000000e+03
4.622000000e+03
4.925000000e+03
4.747000000e+03
4.702000000e+03
4.864000000e+03
4.404000000e+03
4.775000000e+03
4.539000000e+03
4.508000000e+03
5.047000000e+03
4.445000000e+03
4.844000000e+03
4.997000000e+03
4.606000000e+03
5.275000000e+03
4.781000000e+03
4.544000000e+03
4.583000000e+03
4.869000000e+03
4.719000000e+03
4.699000000e+03
5.576000000e+03

1.511900000e+04
1.267000000e+04
1.390100000e+04
1.323000000e+04
1.330000000e+04
1.438600000e+04
1.443000000e+04
1.289100000e+04
1.319400000e+04
1.374600000e+04
1.346500000e+04
1.371000000e+04
1.230300000e+04
1.174000000e+04
1.335600000e+04
1.413500000e+04
1.411500000e+04
1.293000000e+04
1.288800000e+04
1.275500000e+04
1.280800000e+04
1.363700000e+04
1.504800000e+04
1.369700000e+04
1.323100000e+04
1.401300000e+04
1.455500000e+04
1.216200000e+04
1.317600000e+04
1.342000000e+04
