1.357000000e+03
9.210000000e+02
1.345000000e+03
1.357000000e+03
9.280000000e+02
1.429000000e+03
1.249000000e+03
9.210000000e+02
1.357000000e+03
1.325000000e+03
1.289000000e+03
1.223000000e+03
9.520000000e+02
1.156000000e+03
8.000000000e+02
1.028000000e+03
8.460000000e+02
1.138000000e+03
1.021000000e+03
1.325000000e+03
1.325000000e+03
1.239000000e+03
1.252000000e+03
1.356000000e+03
7.230000000e+02
7.700000000e+02
1.025000000e+03
6.500000000e+02
1.332000000e+03
1.266000000e+03

4.395000000e+03
2.905000000e+03
4.540000000e+03
5.227000000e+03
3.281000000e+03
3.146000000e+03
3.187000000e+03
2.169000000e+03
2.323000000e+03
2.614000000e+03
5.297000000e+03
4.512000000e+03
2.744000000e+03
2.254000000e+03
3.235000000e+03
2.708000000e+03
2.952000000e+03
3.322000000e+03
3.645000000e+03
3.432000000e+03
3.217000000e+03
2.284000000e+03
4.357000000e+03
2.967000000e+03
2.800000000e+03
3.282000000e+03
3.614000000e+03
2.811000000e+03
3.648000000e+03
2.366000000e+03
