3.600485200e+07
1.682638000e+06
3.400633500e+07
1.045545400e+07
3.113390400e+07
3.595616600e+07
1.688571000e+06
5.060709800e+07
1.610747000e+06
1.627318000e+06
1.602117000e+06
1.341178300e+07
1.638843500e+07
3.696927100e+07
6.582401000e+06
1.045185100e+07
1.661985000e+06
1.707726000e+06
4.089708000e+07
7.465970000e+06
1.141222400e+07
1.835412600e+07
1.926809300e+07
1.683356000e+06
2.909073800e+07
3.006984900e+07
1.824746000e+07
3.014046700e+07
3.207573900e+07
1.148534800e+07

1.636093000e+06
1.585430000e+06
1.643086000e+06
1.739233000e+06
1.490070000e+06
1.619411000e+06
1.613108000e+06
1.564943000e+06
1.582474000e+06
1.608810000e+06
1.543547000e+06
1.629504000e+06
1.579841000e+06
1.632009000e+06
1.488539000e+06
1.539718000e+06
1.578227000e+06
1.706924000e+06
1.599213000e+06
1.540298000e+06
1.495653000e+06
1.540351000e+06
1.656030000e+06
1.604150000e+06
1.605361000e+06
1.548387000e+06
1.686013000e+06
1.496991000e+06
1.410554000e+06
1.563080000e+06
