2.520000000e+02
1.840000000e+02
2.490000000e+02
2.320000000e+02
2.320000000e+02
2.380000000e+02
2.370000000e+02
1.990000000e+02
2.110000000e+02
2.390000000e+02
2.190000000e+02
2.560000000e+02
2.170000000e+02
2.510000000e+02
2.350000000e+02
2.320000000e+02
3.020000000e+02
2.290000000e+02
2.620000000e+02
3.020000000e+02
3.020000000e+02
2.340000000e+02
2.510000000e+02
2.440000000e+02
2.520000000e+02
1.950000000e+02
2.080000000e+02
2.890000000e+02
1.760000000e+02
1.910000000e+02

2.550000000e+02
2.580000000e+02
2.460000000e+02
2.320000000e+02
2.390000000e+02
2.890000000e+02
2.450000000e+02
2.870000000e+02
2.100000000e+02
2.890000000e+02
2.750000000e+02
1.970000000e+02
2.340000000e+02
2.620000000e+02
2.730000000e+02
2.340000000e+02
3.120000000e+02
2.230000000e+02
2.240000000e+02
2.600000000e+02
2.210000000e+02
2.460000000e+02
2.490000000e+02
2.610000000e+02
2.390000000e+02
2.330000000e+02
2.370000000e+02
2.100000000e+02
2.280000000e+02
2.340000000e+02
