3.078500000e+04
2.952800000e+04
3.728900000e+04
3.518900000e+04
3.367400000e+04
3.013300000e+04
3.259600000e+04
3.611300000e+04
3.404200000e+04
3.366000000e+04
2.581800000e+04
4.416600000e+04
3.230700000e+04
2.886700000e+04
3.521500000e+04
3.086700000e+04
4.231000000e+04
3.045700000e+04
3.371400000e+04
3.610200000e+04
3.984800000e+04
3.343900000e+04
3.012600000e+04
3.246800000e+04
4.192100000e+04
3.768100000e+04
3.436900000e+04
2.851200000e+04
3.607500000e+04
3.460500000e+04

3.289900000e+04
3.572800000e+04
3.174100000e+04
3.162800000e+04
3.158300000e+04
3.668800000e+04
4.020500000e+04
3.617600000e+04
2.975000000e+04
3.607700000e+04
3.467300000e+04
3.170900000e+04
3.498600000e+04
3.828000000e+04
3.054100000e+04
3.716400000e+04
3.693600000e+04
3.706400000e+04
3.112600000e+04
3.190100000e+04
3.702200000e+04
3.695800000e+04
3.335300000e+04
3.070700000e+04
3.465300000e+04
3.390700000e+04
3.170600000e+04
3.177000000e+04
3.111400000e+04
3.684600000e+04
