6.784000000e+03
9.984000000e+03
4.736000000e+03
7.680000000e+03
7.040000000e+03
8.832000000e+03
6.016000000e+03
4.224000000e+03
6.016000000e+03
8.192000000e+03
6.272000000e+03
1.408000000e+04
1.036800000e+04
1.024000000e+04
6.144000000e+03
6.400000000e+03
1.164800000e+04
8.704000000e+03
5.888000000e+03
5.120000000e+03
4.992000000e+03
4.224000000e+03
1.126400000e+04
6.784000000e+03
1.600000000e+04
6.784000000e+03
4.864000000e+03
9.344000000e+03
4.480000000e+03
8.192000000e+03

3.238400000e+04
2.905600000e+04
1.000024064e+09
1.000021120e+09
2.240000000e+04
1.000023552e+09
2.201600000e+04
3.251200000e+04
2.304000000e+04
1.779200000e+04
2.304000000e+04
2.739200000e+04
1.000023424e+09
2.163200000e+04
2.572800000e+04
1.000021376e+09
1.740800000e+04
1.984000000e+04
3.520000000e+04
2.214400000e+04
3.584000000e+04
2.560000000e+04
2.700800000e+04
2.713600000e+04
1.000024192e+09
2.854400000e+04
1.000024704e+09
3.507200000e+04
2.329600000e+04
2.675200000e+04
