2.970000000e+02
2.760000000e+02
2.470000000e+02
3.640000000e+02
2.700000000e+02
2.360000000e+02
2.530000000e+02
2.140000000e+02
1.850000000e+02
2.710000000e+02
2.960000000e+02
3.230000000e+02
2.990000000e+02
3.330000000e+02
3.880000000e+02
1.960000000e+02
2.050000000e+02
2.810000000e+02
3.390000000e+02
2.690000000e+02
2.820000000e+02
2.530000000e+02
3.490000000e+02
3.400000000e+02
2.710000000e+02
2.640000000e+02
2.880000000e+02
3.300000000e+02
3.170000000e+02
3.250000000e+02

3.410000000e+02
4.630000000e+02
3.680000000e+02
3.800000000e+02
3.600000000e+02
3.690000000e+02
4.730000000e+02
2.660000000e+02
4.630000000e+02
2.220000000e+02
3.060000000e+02
2.520000000e+02
3.760000000e+02
2.690000000e+02
3.150000000e+02
3.500000000e+02
3.810000000e+02
3.710000000e+02
2.720000000e+02
3.670000000e+02
3.210000000e+02
5.280000000e+02
3.510000000e+02
3.050000000e+02
4.520000000e+02
3.620000000e+02
2.810000000e+02
3.380000000e+02
5.840000000e+02
3.720000000e+02
