1.034000000e+03
8.000000000e+01
1.907000000e+03
5.674000000e+03
1.940000000e+03
1.929000000e+03
1.919000000e+03
8.600000000e+01
2.885000000e+03
1.090000000e+02
1.964000000e+03
1.947000000e+03
3.779000000e+03
6.100000000e+01
3.819000000e+03
3.807000000e+03
1.090000000e+02
1.024000000e+03
2.890000000e+03
1.941000000e+03
2.894000000e+03
1.270000000e+02
1.079000000e+03
1.360000000e+02
9.880000000e+02
1.009000000e+03
1.002000000e+03
3.783000000e+03
2.860000000e+03
4.767000000e+03

1.311800000e+04
1.030500000e+04
1.311700000e+04
1.123700000e+04
1.313400000e+04
6.547000000e+03
1.031100000e+04
8.428000000e+03
9.381000000e+03
1.030400000e+04
9.345000000e+03
7.468000000e+03
1.310100000e+04
1.690900000e+04
9.367000000e+03
1.217000000e+04
8.410000000e+03
9.355000000e+03
9.346000000e+03
4.849000000e+03
9.357000000e+03
1.216200000e+04
1.311400000e+04
8.410000000e+03
9.390000000e+03
1.028400000e+04
6.559000000e+03
7.477000000e+03
1.406000000e+04
9.385000000e+03
