5.909638801e-08
6.061854218e-08
6.032656642e-08
4.547041361e-08
4.977064883e-08
5.616956459e-08
6.470516484e-08
6.896048992e-08
5.157970890e-08
5.565108207e-08
5.514094286e-08
4.710135011e-08
5.031547863e-08
6.040660626e-08
5.187056689e-08
5.180948911e-08
5.774708796e-08
5.452677182e-08
6.938144759e-08
6.065826269e-08
5.881175756e-08
5.334769116e-08
6.083383139e-08
5.570178062e-08
6.186265271e-08
5.827407346e-08
6.314756160e-08
6.368640338e-08
4.737312628e-08
5.718277715e-08

1.480493530e-08
1.561315804e-08
1.198857085e-08
1.884517078e-08
1.777866486e-08
2.170852121e-08
1.497060379e-08
1.392150305e-08
1.521096283e-08
1.687263782e-08
1.530513440e-08
1.927191686e-08
1.925770529e-08
1.275232258e-08
1.901451192e-08
1.896804490e-08
1.376637346e-08
1.531942580e-08
1.616018344e-08
1.631890584e-08
1.569818789e-08
1.404114364e-08
1.402118358e-08
1.106250391e-08
1.290749208e-08
1.589096215e-08
1.529994478e-08
1.518130219e-08
1.353826990e-08
1.161475885e-08
