2.350000000e+02
2.410000000e+02
3.210000000e+02
2.130000000e+02
2.690000000e+02
2.040000000e+02
2.420000000e+02
2.650000000e+02
2.100000000e+02
2.390000000e+02
2.650000000e+02
2.080000000e+02
2.300000000e+02
1.940000000e+02
2.870000000e+02
2.820000000e+02
2.320000000e+02
2.690000000e+02
2.310000000e+02
2.250000000e+02
2.290000000e+02
2.620000000e+02
2.620000000e+02
2.140000000e+02
2.550000000e+02
2.600000000e+02
2.700000000e+02
2.600000000e+02
2.530000000e+02
2.260000000e+02

2.170000000e+02
3.020000000e+02
2.670000000e+02
3.880000000e+02
3.400000000e+02
2.950000000e+02
2.660000000e+02
2.560000000e+02
3.190000000e+02
2.910000000e+02
3.050000000e+02
2.520000000e+02
4.650000000e+02
3.040000000e+02
2.870000000e+02
2.660000000e+02
3.260000000e+02
2.580000000e+02
2.520000000e+02
2.500000000e+02
2.080000000e+02
2.700000000e+02
3.190000000e+02
2.640000000e+02
2.790000000e+02
2.990000000e+02
3.660000000e+02
2.410000000e+02
2.830000000e+02
2.790000000e+02
