3.125400000e+04
2.980700000e+04
3.222000000e+04
3.058000000e+04
3.048000000e+04
3.381500000e+04
3.271800000e+04
3.087800000e+04
3.324300000e+04
3.432200000e+04
3.260000000e+04
3.248100000e+04
2.932000000e+04
3.242600000e+04
3.294300000e+04
3.187100000e+04
3.325500000e+04
3.159000000e+04
3.214400000e+04
3.161300000e+04
3.248000000e+04
3.326100000e+04
3.316400000e+04
3.502200000e+04
3.199700000e+04
3.242100000e+04
3.129800000e+04
3.462300000e+04
3.132300000e+04
3.380300000e+04

5.772500000e+04
5.946700000e+04
5.868200000e+04
6.317100000e+04
5.929600000e+04
5.477900000e+04
5.933700000e+04
5.297900000e+04
5.690500000e+04
5.354700000e+04
6.286900000e+04
5.623000000e+04
5.425800000e+04
5.497700000e+04
5.904100000e+04
5.562300000e+04
5.830200000e+04
5.532300000e+04
5.688400000e+04
5.796200000e+04
5.392800000e+04
5.336100000e+04
5.856600000e+04
5.443300000e+04
5.769900000e+04
5.342600000e+04
6.049100000e+04
5.730900000e+04
5.581600000e+04
5.348500000e+04
