Number of sample populations = 3. Total number of values in the input = 90
7.0728e-06 0 1
7.42791e-06 0 2
7.78466e-06 0 3
7.81525e-06 0 4
7.87234e-06 0 5
8.04669e-06 0 6
8.05995e-06 0 7
8.06216e-06 0 8
8.12547e-06 0 9
8.13955e-06 0 10
8.15679e-06 0 11
8.31245e-06 0 12
8.35237e-06 0 13
8.40523e-06 0 14
8.40958e-06 0 15
8.58775e-06 0 16
8.64263e-06 0 17
8.7342e-06 0 18
8.78881e-06 0 19
8.82788e-06 0 20
8.83816e-06 0 21
8.89222e-06 0 22
8.91713e-06 0 23
9.05049e-06 0 24
9.06394e-06 0 25
9.15745e-06 0 26
9.18253e-06 0 27
9.25926e-06 0 28
9.35729e-06 1 29
9.65159e-06 0 30
9.73845e-06 0 31
1.02216e-05 1 32
1.02398e-05 1 33
1.02564e-05 1 34
1.0441e-05 1 35
1.049e-05 1 36
1.0697e-05 1 37
1.08001e-05 1 38
1.08999e-05 1 39
1.09471e-05 1 40
1.10501e-05 1 41
1.11674e-05 1 42
1.11749e-05 1 43
1.13496e-05 1 44
1.16381e-05 1 45
1.17022e-05 1 46
1.17215e-05 1 47
1.17724e-05 1 48
1.19805e-05 1 49
1.21099e-05 1 50
1.21342e-05 1 51
1.2249e-05 1 52
1.24548e-05 1 53
1.2517e-05 1 54
1.2684e-05 1 55
1.27851e-05 1 56
1.29294e-05 1 57
1.2952e-05 1 58
1.32012e-05 1 59
1.33049e-05 1 60
1.60465e-05 2 61
1.86496e-05 2 62
1.90407e-05 2 63
1.91261e-05 2 64
1.93189e-05 2 65
1.96772e-05 2 66
2.00019e-05 2 67
2.00026e-05 2 68
2.02682e-05 2 69
2.02682e-05 2 70
2.0447e-05 2 71
2.0526e-05 2 72
2.05919e-05 2 73
2.10276e-05 2 74
2.10531e-05 2 75
2.16203e-05 2 76
2.17303e-05 2 77
2.18203e-05 2 78
2.20576e-05 2 79
2.25398e-05 2 80
2.29765e-05 2 81
2.32464e-05 2 82
2.34065e-05 2 83
2.35202e-05 2 84
2.36355e-05 2 85
2.54834e-05 2 86
2.58788e-05 2 87
2.85974e-05 2 88
3.83011e-05 2 89
5.58053e-05 2 90
Total number of ties =0
Number of samples = 30; sum = 467
Number of samples = 30; sum = 1363
Number of samples = 30; sum = 2265
Corrected T value =78.9454
p-value to accept the null hypothesis that all distribution functions are identical = 7.19804054e-18
