7.365689640e-07
6.989349897e-07
6.660481563e-07
7.112368137e-07
7.005104372e-07
6.912101671e-07
6.877547214e-07
6.844974393e-07
6.867893332e-07
7.445317904e-07
7.561478666e-07
7.206145688e-07
6.443626690e-07
6.850152032e-07
6.944153136e-07
7.486624450e-07
6.510065745e-07
7.558711803e-07
7.573584842e-07
7.077523062e-07
7.163758106e-07
7.056568193e-07
7.044666408e-07
7.094957775e-07
7.651251830e-07
7.141316212e-07
7.786831335e-07
6.672990932e-07
7.283241419e-07
7.462571779e-07

9.866715882e-07
8.365438341e-07
8.537077690e-07
8.923809839e-07
8.181661679e-07
9.791872444e-07
9.945571292e-07
8.499942797e-07
9.115190086e-07
8.405419139e-07
8.966674067e-07
8.136112024e-07
9.969695420e-07
9.272722464e-07
9.269426659e-07
8.964371076e-07
9.124770915e-07
8.900473734e-07
8.843095748e-07
8.904365547e-07
8.296461963e-07
8.740049543e-07
8.052308515e-07
8.331991269e-07
8.264141037e-07
8.379753297e-07
9.716407449e-07
7.981902597e-07
8.631924302e-07
8.649075982e-07
