6.323050364e-07
5.845835671e-07
5.934116621e-07
6.234618516e-07
6.682352200e-07
5.834264425e-07
6.658723082e-07
5.947043953e-07
6.143753537e-07
5.894158178e-07
7.386050099e-07
6.151949936e-07
6.280289528e-07
6.273138238e-07
6.331023609e-07
6.210768640e-07
5.996427137e-07
6.604886409e-07
6.261414896e-07
5.510537004e-07
6.510826224e-07
5.589391217e-07
6.528601855e-07
7.230380394e-07
6.684808884e-07
6.832324505e-07
6.986019760e-07
5.470974968e-07
6.472929256e-07
6.286866767e-07

6.787587624e-07
6.614153066e-07
7.078326255e-07
6.501025036e-07
6.400763260e-07
7.548724587e-07
6.563886849e-07
6.654107118e-07
6.103665353e-07
6.451021094e-07
6.593430532e-07
6.267319481e-07
6.781274257e-07
6.029704549e-07
6.411669037e-07
6.561593438e-07
6.660828868e-07
6.372293827e-07
6.997107973e-07
7.670720872e-07
6.600930325e-07
7.428468021e-07
7.497500686e-07
7.449163010e-07
7.636948052e-07
6.691070355e-07
7.452470392e-07
7.150794446e-07
6.931148757e-07
6.681698708e-07
