2.834727145e-06
2.815325169e-06
2.588136055e-06
2.386608512e-06
2.556593651e-06
2.547549947e-06
2.649295355e-06
2.391075294e-06
2.520741272e-06
2.596695687e-06
2.837238959e-06
2.540459056e-06
2.492853316e-06
3.065384839e-06
2.757861234e-06
2.759877799e-06
2.665767873e-06
2.708735455e-06
2.547921005e-06
2.385149631e-06
2.790368467e-06
2.589870943e-06
2.813950759e-06
2.484941347e-06
2.601977717e-06
2.698409118e-06
2.599780474e-06
2.784609271e-06
2.660881371e-06
2.608384497e-06

2.274958404e-06
2.395252016e-06
2.667881524e-06
2.602739753e-06
2.648461304e-06
2.744913822e-06
2.435523872e-06
2.569093159e-06
2.569527650e-06
2.564754920e-06
2.324510809e-06
2.358406304e-06
2.509918368e-06
2.476328462e-06
2.846287014e-06
2.522430851e-06
2.405327734e-06
2.553755650e-06
2.550340563e-06
2.787703679e-06
2.450416033e-06
2.624077536e-06
2.549455215e-06
2.831590502e-06
2.479558798e-06
2.639671811e-06
2.659375744e-06
2.565317075e-06
2.645246896e-06
2.488071684e-06
