7.161548926e-07
8.250660013e-07
7.834754640e-07
7.529762131e-07
7.716376715e-07
7.392664863e-07
7.007584609e-07
7.142049944e-07
6.714413246e-07
7.223956449e-07
6.804657467e-07
7.186625548e-07
7.318084099e-07
7.824147066e-07
6.664506310e-07
7.385922754e-07
7.044702736e-07
6.992243706e-07
7.419223719e-07
8.390924543e-07
7.866230856e-07
7.675285339e-07
7.058259209e-07
7.457743041e-07
7.359694038e-07
9.834020905e-07
7.742276489e-07
8.396981224e-07
8.371487038e-07
7.718636194e-07

1.814059663e-06
3.912599201e-06
2.724292006e-06
1.282130574e-06
2.455625808e-06
3.398435125e-06
2.104728554e-06
2.901537777e-06
1.705508275e-06
1.940820255e-06
2.773187646e-06
2.366573003e-06
2.335889640e-06
1.999920675e-06
2.352837248e-06
1.630467631e-06
1.628640926e-06
1.221812591e-06
1.576415270e-06
1.820932470e-06
1.955441318e-06
3.410444214e-06
1.656677625e-06
3.119740553e-06
2.135779501e-06
1.651089566e-06
2.335758582e-06
1.986874141e-06
2.020377541e-06
1.449720985e-06
