2.620000000e+02
2.590000000e+02
2.640000000e+02
1.990000000e+02
2.480000000e+02
3.030000000e+02
3.250000000e+02
3.760000000e+02
2.670000000e+02
4.950000000e+02
2.200000000e+02
1.850000000e+02
2.160000000e+02
1.880000000e+02
2.480000000e+02
5.700000000e+02
2.470000000e+02
1.830000000e+02
2.140000000e+02
2.560000000e+02
3.540000000e+02
2.560000000e+02
3.090000000e+02
4.120000000e+02
6.100000000e+02
3.330000000e+02
2.520000000e+02
3.260000000e+02
2.370000000e+02
4.670000000e+02

2.430000000e+02
2.370000000e+02
2.370000000e+02
2.310000000e+02
2.400000000e+02
2.380000000e+02
2.340000000e+02
2.360000000e+02
2.400000000e+02
2.450000000e+02
2.370000000e+02
2.370000000e+02
2.340000000e+02
2.390000000e+02
2.300000000e+02
2.400000000e+02
2.420000000e+02
2.460000000e+02
2.350000000e+02
2.370000000e+02
2.420000000e+02
2.300000000e+02
2.380000000e+02
2.390000000e+02
2.360000000e+02
2.230000000e+02
2.360000000e+02
2.380000000e+02
2.320000000e+02
2.420000000e+02
