Number of sample populations = 3. Total number of values in the input = 90
8.3483e+06 0 1
8.69015e+06 0 2
8.80132e+06 0 3
8.91604e+06 0 4
8.91726e+06 0 5
9.27964e+06 0 6
9.35572e+06 0 7
9.36876e+06 0 8
9.55914e+06 0 9
9.6336e+06 0 10
9.64979e+06 0 11
9.72952e+06 0 12
9.80701e+06 0 13
9.98257e+06 0 14
1.00656e+07 0 15
1.12186e+07 1 16
1.13562e+07 1 17
1.18251e+07 1 18
1.25035e+07 0 19
1.27371e+07 0 20
1.28024e+07 1 21
1.28655e+07 0 22
1.29039e+07 1 23
1.30269e+07 1 24
1.3092e+07 0 25
1.3164e+07 0 26
1.33897e+07 1 27
1.35317e+07 0 28
1.35328e+07 0 29
1.37589e+07 0 30
1.39058e+07 1 31
1.44364e+07 1 32
1.45317e+07 1 33
1.61604e+07 0 34
1.64913e+07 1 35
1.95323e+07 0 36
1.9671e+07 0 37
2.45465e+07 1 38
2.60104e+07 1 39
2.61672e+07 1 40
2.75558e+07 1 41
2.78652e+07 0 42
2.82293e+07 1 43
2.84741e+07 1 44
2.91067e+07 0 45
2.96534e+07 1 46
3.02547e+07 1 47
3.12242e+07 1 48
3.24254e+07 1 49
3.52035e+07 1 50
3.57348e+07 1 51
3.70947e+07 1 52
3.77e+07 1 53
4.02663e+07 1 54
4.84423e+07 1 55
4.98797e+07 1 56
5.04317e+07 1 57
5.18634e+07 1 58
6.86879e+07 0 59
1.02282e+08 0 60
5.52068e+09 2 61
6.82275e+10 2 62
6.82375e+10 2 63
6.83252e+10 2 64
6.83362e+10 2 65
6.83391e+10 2 66
6.83401e+10 2 67
6.8387e+10 2 68
6.8388e+10 2 69
6.8407e+10 2 70
6.8409e+10 2 71
6.84438e+10 2 72
6.84468e+10 2 73
6.84498e+10 2 74
6.84856e+10 2 75
6.84867e+10 2 76
6.84897e+10 2 77
6.84997e+10 2 78
6.85026e+10 2 79
6.85306e+10 2 80
7.32277e+10 2 81
7.32706e+10 2 82
7.32826e+10 2 83
7.32976e+10 2 84
7.33704e+10 2 85
7.40464e+10 2 86
7.41392e+10 2 87
7.41412e+10 2 88
7.41442e+10 2 89
7.4265e+10 2 90
Total number of ties =0
Number of samples = 30; sum = 632
Number of samples = 30; sum = 1198
Number of samples = 30; sum = 2265
Corrected T value =67.1638
p-value to accept the null hypothesis that all distribution functions are identical = 2.60360247e-15
