Number of sample populations = 3. Total number of values in the input = 90
18 0 1
20 0 2
21 0 4.5
21 0 4.5
21 0 4.5
21 0 4.5
22 0 9
22 0 9
22 0 9
22 0 9
22 0 9
23 0 12
23 0 12
24 0 16
24 0 16
24 0 16
24 0 16
25 1 19
25 0 19
25 0 19
26 0 24
26 1 24
26 0 24
26 0 24
26 0 24
26 0 24
26 1 24
26 0 24
27 1 29
28 1 30
28 1 30
29 1 34
29 0 34
29 0 34
29 1 34
30 1 36
31 0 38
31 0 38
31 0 38
32 1 40
32 1 40
33 1 42
33 1 42
34 1 44
34 1 44
35 1 46
36 1 48
36 1 48
36 1 48
37 1 50
37 1 50
38 1 52
38 1 52
39 1 54
40 1 55
41 1 56
41 1 56
43 1 58
43 1 58
45 1 60
83 2 61
85 2 62
87 2 63
88 2 64
89 2 66
89 2 66
89 2 66
90 2 70
90 2 70
90 2 70
90 2 70
91 2 72
92 2 74
92 2 74
93 2 77
93 2 77
93 2 77
93 2 77
93 2 77
94 2 80
94 2 80
95 2 83
95 2 83
95 2 83
96 2 85
97 2 86
97 2 86
98 2 88
98 2 88
100 2 90
Total number of ties =50
Number of samples = 30; sum = 519
Number of samples = 30; sum = 1311
Number of samples = 30; sum = 2265
Corrected T value =74.7797
p-value to accept the null hypothesis that all distribution functions are identical = 5.77815504e-17
