2.500000000e+01
2.300000000e+01
2.400000000e+01
2.200000000e+01
2.900000000e+01
2.400000000e+01
2.900000000e+01
2.200000000e+01
2.400000000e+01
2.200000000e+01
2.000000000e+01
3.100000000e+01
1.800000000e+01
2.400000000e+01
2.200000000e+01
2.600000000e+01
2.100000000e+01
2.600000000e+01
2.100000000e+01
2.600000000e+01
2.300000000e+01
2.100000000e+01
2.600000000e+01
2.600000000e+01
2.500000000e+01
3.100000000e+01
2.100000000e+01
2.600000000e+01
3.100000000e+01
2.200000000e+01

4.300000000e+01
2.700000000e+01
3.700000000e+01
4.100000000e+01
2.900000000e+01
3.400000000e+01
3.900000000e+01
4.000000000e+01
3.000000000e+01
4.500000000e+01
2.900000000e+01
3.700000000e+01
2.600000000e+01
2.500000000e+01
3.200000000e+01
3.800000000e+01
3.200000000e+01
4.300000000e+01
3.300000000e+01
3.400000000e+01
2.800000000e+01
4.100000000e+01
3.300000000e+01
3.600000000e+01
3.600000000e+01
2.600000000e+01
2.800000000e+01
3.800000000e+01
3.500000000e+01
3.600000000e+01

9.700000000e+01
9.200000000e+01
9.300000000e+01
9.500000000e+01
8.300000000e+01
9.500000000e+01
9.300000000e+01
9.400000000e+01
9.200000000e+01
9.800000000e+01
9.100000000e+01
8.700000000e+01
1.000000000e+02
8.900000000e+01
9.600000000e+01
8.500000000e+01
9.400000000e+01
9.500000000e+01
9.000000000e+01
9.300000000e+01
8.900000000e+01
9.000000000e+01
9.000000000e+01
9.800000000e+01
9.300000000e+01
9.300000000e+01
9.700000000e+01
8.800000000e+01
8.900000000e+01
9.000000000e+01
