2.215329920e-07
2.037364031e-07
2.135985090e-07
2.172850123e-07
2.320065943e-07
2.514736407e-07
1.939151354e-07
2.099368759e-07
2.046501746e-07
2.103759573e-07
2.034601159e-07
2.355375689e-07
2.090436233e-07
2.130805853e-07
2.201178238e-07
2.110834217e-07
2.269524677e-07
2.079522471e-07
2.105486517e-07
2.056211517e-07
2.171036552e-07
2.002142509e-07
2.001478637e-07
2.251945053e-07
2.236179401e-07
2.174381858e-07
2.253711519e-07
2.226668432e-07
2.358720196e-07
2.189830145e-07

2.781272668e-07
2.505979530e-07
3.097040416e-07
3.074534251e-07
2.551801440e-07
2.484169971e-07
2.808744497e-07
2.018029918e-07
2.627286794e-07
2.640389376e-07
2.829441881e-07
2.563789053e-07
2.462505721e-07
2.781216380e-07
2.873656208e-07
2.830770822e-07
2.664311108e-07
2.357565307e-07
3.013474032e-07
2.694670359e-07
2.625848073e-07
2.676792134e-07
2.893066568e-07
2.368438749e-07
2.919935603e-07
2.705594101e-07
3.545671105e-07
2.292596510e-07
2.433075411e-07
2.557601035e-07
