5.800000000e+01
5.300000000e+01
3.700000000e+01
6.100000000e+01
4.800000000e+01
6.000000000e+01
6.300000000e+01
6.500000000e+01
4.900000000e+01
4.900000000e+01
6.500000000e+01
8.300000000e+01
4.100000000e+01
5.300000000e+01
5.100000000e+01
4.400000000e+01
6.200000000e+01
5.500000000e+01
6.100000000e+01
4.400000000e+01
5.100000000e+01
6.300000000e+01
6.300000000e+01
6.400000000e+01
5.500000000e+01
5.800000000e+01
5.400000000e+01
5.300000000e+01
5.900000000e+01
5.300000000e+01

9.880000000e+02
1.009000000e+03
9.960000000e+02
1.043000000e+03
1.002000000e+03
9.960000000e+02
9.970000000e+02
9.990000000e+02
9.950000000e+02
1.017000000e+03
9.760000000e+02
1.003000000e+03
9.950000000e+02
1.016000000e+03
1.019000000e+03
9.920000000e+02
1.001000000e+03
9.960000000e+02
1.003000000e+03
9.810000000e+02
9.910000000e+02
1.013000000e+03
1.032000000e+03
9.980000000e+02
1.004000000e+03
1.046000000e+03
9.930000000e+02
1.006000000e+03
1.002000000e+03
9.950000000e+02
