3.273100000e+04
3.006600000e+04
3.218700000e+04
2.700000000e+04
3.125900000e+04
3.285200000e+04
3.247200000e+04
3.217900000e+04
3.520800000e+04
3.287000000e+04
3.065600000e+04
2.838500000e+04
3.113900000e+04
2.823500000e+04
3.450100000e+04
2.923800000e+04
3.267700000e+04
3.326900000e+04
3.083300000e+04
3.122800000e+04
3.391700000e+04
3.125800000e+04
3.259300000e+04
2.972100000e+04
3.212700000e+04
3.108700000e+04
2.653800000e+04
2.889200000e+04
3.043600000e+04
2.821800000e+04

3.223600000e+04
4.081000000e+04
3.675900000e+04
3.048700000e+04
3.282700000e+04
3.915000000e+04
3.174000000e+04
3.076400000e+04
3.524700000e+04
3.273900000e+04
3.656700000e+04
4.256600000e+04
3.201500000e+04
3.439200000e+04
4.049300000e+04
3.840100000e+04
3.861900000e+04
2.755500000e+04
4.293600000e+04
3.404700000e+04
3.650500000e+04
2.608000000e+04
3.339100000e+04
3.184700000e+04
2.835500000e+04
3.621800000e+04
3.118300000e+04
4.195000000e+04
3.814600000e+04
3.987500000e+04

2.884400000e+04
2.618400000e+04
2.402800000e+04
3.164100000e+04
2.931600000e+04
2.943100000e+04
2.991000000e+04
2.763400000e+04
2.722200000e+04
2.950200000e+04
2.568100000e+04
2.733100000e+04
2.797400000e+04
2.516500000e+04
3.014900000e+04
2.819100000e+04
2.500300000e+04
3.192200000e+04
2.811900000e+04
2.804800000e+04
2.625300000e+04
2.503600000e+04
1.021844000e+06
2.625300000e+04
3.036900000e+04
2.611900000e+04
2.618300000e+04
2.575000000e+04
2.404700000e+04
2.375400000e+04
