1.936264008e-05
1.563548069e-05
1.367114573e-05
1.484033231e-05
1.597962182e-05
1.432984228e-05
1.894184625e-05
1.863387035e-05
1.792211805e-05
1.640247406e-05
1.707196245e-05
2.026363503e-05
1.558827475e-05
1.684414052e-05
1.614905806e-05
1.612801725e-05
1.850385072e-05
1.592917653e-05
1.740371182e-05
2.330339726e-05
1.853942006e-05
1.752997500e-05
1.851878647e-05
1.771950515e-05
1.744507198e-05
1.715485825e-05
1.959221554e-05
1.998893490e-05
1.939672428e-05
1.588017390e-05

1.100085315e-05
1.061451346e-05
1.112272325e-05
1.124165890e-05
1.057440264e-05
1.120420133e-05
1.002085373e-05
1.092565678e-05
1.107107867e-05
1.137775581e-05
1.093701377e-05
9.449815181e-06
1.086093692e-05
1.086557041e-05
1.094939280e-05
1.074675129e-05
1.028862145e-05
1.078360031e-05
1.002669608e-05
1.070891033e-05
1.094184040e-05
1.076091375e-05
9.906871929e-06
1.107441388e-05
1.230588893e-05
1.098865328e-05
1.148243283e-05
1.128123135e-05
1.119093013e-05
1.172242784e-05
