4.767350000e+05
4.558840000e+05
4.136770000e+05
1.427547000e+06
4.634910000e+05
3.678250000e+05
4.452930000e+05
5.217280000e+05
4.615380000e+05
4.443250000e+05
4.108160000e+05
5.411070000e+05
4.265410000e+05
4.122390000e+05
3.860980000e+05
4.880160000e+05
4.238220000e+05
4.149710000e+05
4.505670000e+05
5.721750000e+05
4.534200000e+05
5.085420000e+05
3.926090000e+05
5.268300000e+05
4.966920000e+05
4.173820000e+05
4.203300000e+05
4.263990000e+05
3.315730000e+05
4.275730000e+05

7.762690000e+05
6.112900000e+05
6.391120000e+05
5.769210000e+05
9.022120000e+05
7.352490000e+05
6.299850000e+05
6.839670000e+05
7.192010000e+05
8.433830000e+05
8.320090000e+05
6.958930000e+05
7.119410000e+05
6.216370000e+05
6.569820000e+05
7.465780000e+05
6.705870000e+05
7.824360000e+05
6.470550000e+05
6.968850000e+05
5.900140000e+05
6.672780000e+05
6.750080000e+05
6.835470000e+05
6.253680000e+05
7.216560000e+05
8.777650000e+05
6.633570000e+05
5.216410000e+05
5.663300000e+05
