5.170000000e+02
5.280000000e+02
4.870000000e+02
4.170000000e+02
5.130000000e+02
5.470000000e+02
3.740000000e+02
5.700000000e+02
4.930000000e+02
4.970000000e+02
5.710000000e+02
4.840000000e+02
5.130000000e+02
5.440000000e+02
3.280000000e+02
4.070000000e+02
5.700000000e+02
5.440000000e+02
5.700000000e+02
5.290000000e+02
4.380000000e+02
4.340000000e+02
5.700000000e+02
5.280000000e+02
4.940000000e+02
4.070000000e+02
5.700000000e+02
3.090000000e+02
5.280000000e+02
4.210000000e+02

1.778000000e+03
1.079000000e+03
1.086000000e+03
7.750000000e+02
1.526000000e+03
1.031000000e+03
1.030000000e+03
1.641000000e+03
8.280000000e+02
1.209000000e+03
1.577000000e+03
1.034000000e+03
9.560000000e+02
1.115000000e+03
1.370000000e+03
1.261000000e+03
7.810000000e+02
1.119000000e+03
1.242000000e+03
1.524000000e+03
1.317000000e+03
1.266000000e+03
7.410000000e+02
1.220000000e+03
8.160000000e+02
1.191000000e+03
1.481000000e+03
7.990000000e+02
1.164000000e+03
1.316000000e+03
