Number of sample populations = 3. Total number of values in the input = 90
21 0 1
23 0 2
24 0 3
25 0 4.5
25 0 4.5
26 0 6
27 0 7
28 0 8
29 0 11
29 0 11
29 0 11
29 0 11
29 0 11
30 0 16
30 0 16
30 0 16
30 0 16
31 0 19
31 0 19
31 0 19
32 0 22
32 0 22
32 0 22
33 0 25
33 0 25
33 0 25
34 0 28
34 1 28
35 1 29
36 0 30
37 0 31
40 2 32
41 2 33
43 0 34
44 1 35
46 2 36
46 2 36
47 1 38
47 1 38
49 2 40
49 1 40
50 2 42
51 1 44
51 1 44
51 2 44
51 2 44
52 2 48
52 2 48
52 2 48
53 2 51
53 2 51
53 2 51
55 1 54
55 1 54
56 1 56
56 2 56
57 1 57
58 1 58
59 1 60
59 1 60
60 2 64
60 2 64
60 1 64
60 2 64
60 1 64
60 2 64
61 2 68
61 1 68
62 1 69
63 1 70
64 1 72
64 2 72
64 2 72
65 2 74
66 1 75
67 2 76
67 1 76
69 1 78
70 1 80
70 2 80
71 1 81
76 2 82
76 2 82
77 1 84
79 1 85
83 1 86
83 1 86
91 2 88
91 2 88
98 2 90
Total number of ties =41
Number of samples = 30; sum = 473.5
Number of samples = 30; sum = 1832
Number of samples = 30; sum = 1789.5
Corrected T value =58.3234
p-value to accept the null hypothesis that all distribution functions are identical = 2.16385272e-13
