1.079000000e+03
1.016000000e+03
1.191000000e+03
1.060000000e+03
1.044000000e+03
1.018000000e+03
1.035000000e+03
1.172000000e+03
1.023000000e+03
1.031000000e+03
1.222000000e+03
1.197000000e+03
1.125000000e+03
1.060000000e+03
1.160000000e+03
1.116000000e+03
1.078000000e+03
1.099000000e+03
1.184000000e+03
1.262000000e+03
1.058000000e+03
1.172000000e+03
9.650000000e+02
1.063000000e+03
1.288000000e+03
1.018000000e+03
1.006000000e+03
1.053000000e+03
1.313000000e+03
1.496000000e+03

2.492000000e+03
2.243000000e+03
2.315000000e+03
2.575000000e+03
2.011000000e+03
2.352000000e+03
2.185000000e+03
2.279000000e+03
2.238000000e+03
2.588000000e+03
2.777000000e+03
2.245000000e+03
2.363000000e+03
2.223000000e+03
2.226000000e+03
2.425000000e+03
2.110000000e+03
2.389000000e+03
2.267000000e+03
2.263000000e+03
2.165000000e+03
2.213000000e+03
2.389000000e+03
2.185000000e+03
2.693000000e+03
2.231000000e+03
1.965000000e+03
2.418000000e+03
2.267000000e+03
2.292000000e+03
