3.200000000e+01
2.700000000e+01
3.100000000e+01
4.500000000e+01
3.000000000e+01
2.900000000e+01
3.200000000e+01
3.500000000e+01
3.200000000e+01
3.100000000e+01
3.000000000e+01
5.000000000e+01
3.300000000e+01
3.100000000e+01
3.100000000e+01
3.400000000e+01
3.200000000e+01
2.700000000e+01
2.700000000e+01
4.700000000e+01
3.100000000e+01
2.800000000e+01
2.700000000e+01
4.800000000e+01
2.800000000e+01
3.900000000e+01
3.700000000e+01
3.100000000e+01
2.700000000e+01
4.700000000e+01

6.500000000e+01
6.200000000e+01
5.500000000e+01
4.500000000e+01
4.700000000e+01
5.800000000e+01
5.700000000e+01
5.600000000e+01
6.400000000e+01
5.000000000e+01
6.300000000e+01
6.300000000e+01
4.400000000e+01
6.100000000e+01
5.100000000e+01
7.400000000e+01
5.300000000e+01
5.000000000e+01
5.900000000e+01
6.600000000e+01
4.300000000e+01
4.900000000e+01
6.300000000e+01
4.300000000e+01
5.700000000e+01
5.100000000e+01
5.500000000e+01
5.300000000e+01
4.300000000e+01
5.400000000e+01

1.710000000e+02
1.440000000e+02
1.310000000e+02
1.480000000e+02
3.010000000e+02
1.310000000e+02
1.260000000e+02
2.940000000e+02
1.400000000e+02
1.300000000e+02
1.310000000e+02
1.650000000e+02
1.260000000e+02
2.960000000e+02
1.490000000e+02
1.320000000e+02
1.270000000e+02
1.290000000e+02
1.650000000e+02
1.680000000e+02
1.970000000e+02
1.340000000e+02
1.620000000e+02
1.440000000e+02
1.300000000e+02
1.330000000e+02
1.640000000e+02
3.100000000e+02
1.270000000e+02
1.730000000e+02
