1.701276143e-07
2.478471374e-07
1.814491199e-07
2.332927807e-07
1.515472337e-07
2.039123310e-07
1.365900830e-07
3.043387775e-07
3.001612567e-07
2.401047898e-07
1.648562423e-07
1.893951799e-07
1.947359729e-07
1.309214260e-07
2.653305131e-07
2.419346483e-07
1.743221011e-07
3.201756878e-07
2.906935616e-07
2.248236474e-07
2.191412978e-07
1.994201998e-07
2.563871688e-07
2.431827908e-07
2.213475232e-07
4.137884086e-07
2.898292910e-07
1.938346565e-07
1.368399430e-07
1.490212083e-07

7.841844454e-08
1.006769053e-07
7.474072366e-08
5.461495537e-08
5.574289835e-08
5.440026496e-08
1.905158973e-07
6.283323058e-08
6.404963655e-08
6.518528412e-08
6.158409011e-08
7.208056664e-08
4.463205118e-08
5.543758927e-08
6.312424826e-08
6.955502027e-08
6.625797765e-08
5.731694867e-08
6.387358882e-08
5.726337587e-08
6.628117125e-08
6.057151627e-08
7.024767426e-08
6.576240929e-08
5.542928589e-08
6.209742294e-08
1.284772368e-07
1.573298227e-07
5.710633012e-08
4.963372282e-08
