1.033610419e-05
1.327816049e-05
1.123798233e-05
1.172015722e-05
1.093504168e-05
1.070932302e-05
1.200688851e-05
1.239212453e-05
1.230476941e-05
1.068651754e-05
1.125409833e-05
1.243268262e-05
1.152941019e-05
1.230988030e-05
1.182876123e-05
1.237886379e-05
1.123982629e-05
1.141474671e-05
1.009796819e-05
1.210452275e-05
1.423322581e-05
1.176080477e-05
1.090959859e-05
1.120822380e-05
1.143833307e-05
1.080711762e-05
1.076302321e-05
1.268934180e-05
1.176252700e-05
1.114464582e-05

2.176499297e-05
2.232251017e-05
2.309823391e-05
2.175691485e-05
2.135679609e-05
2.317654149e-05
2.061677643e-05
2.197290845e-05
2.320113388e-05
2.210791857e-05
2.194191470e-05
2.209790561e-05
2.000953967e-05
2.400306725e-05
2.251465242e-05
2.012927656e-05
2.177437986e-05
2.029279803e-05
2.275365297e-05
2.241690253e-05
2.247432739e-05
2.013385292e-05
2.211955916e-05
2.189599511e-05
2.210218089e-05
2.362393837e-05
2.417557694e-05
2.231264220e-05
2.307268747e-05
2.343952790e-05
