5.042000000e+03
5.203000000e+03
4.817000000e+03
4.930000000e+03
5.031000000e+03
5.117000000e+03
5.203000000e+03
4.741000000e+03
4.676000000e+03
4.979000000e+03
4.801000000e+03
4.756000000e+03
4.918000000e+03
4.458000000e+03
4.829000000e+03
4.593000000e+03
4.562000000e+03
5.101000000e+03
4.499000000e+03
4.898000000e+03
5.051000000e+03
4.660000000e+03
5.329000000e+03
4.835000000e+03
4.598000000e+03
4.637000000e+03
4.923000000e+03
4.773000000e+03
4.753000000e+03
5.630000000e+03

6.715000000e+03
8.356000000e+03
7.634000000e+03
1.999080000e+06
7.559000000e+03
8.338000000e+03
7.183000000e+03
7.671000000e+03
8.269000000e+03
1.999154000e+06
8.049000000e+03
8.940000000e+03
7.649000000e+03
8.823000000e+03
6.034000000e+03
9.749000000e+03
7.261000000e+03
8.622000000e+03
9.246000000e+03
1.052900000e+04
1.003546000e+06
7.967000000e+03
8.444000000e+03
7.587000000e+03
7.284000000e+03
6.445000000e+03
8.279000000e+03
7.412000000e+03
6.388000000e+03
2.002752000e+06
