3.072000000e+03
2.432000000e+03
3.072000000e+03
1.408000000e+03
2.816000000e+03
1.536000000e+03
2.688000000e+03
3.072000000e+03
3.328000000e+03
3.968000000e+03
2.816000000e+03
2.816000000e+03
3.584000000e+03
1.536000000e+03
3.072000000e+03
4.096000000e+03
3.712000000e+03
2.432000000e+03
3.840000000e+03
2.688000000e+03
2.048000000e+03
2.048000000e+03
3.200000000e+03
3.200000000e+03
3.328000000e+03
1.408000000e+03
2.816000000e+03
3.072000000e+03
2.816000000e+03
3.840000000e+03

2.508800000e+04
2.739200000e+04
2.956800000e+04
2.944000000e+04
2.662400000e+04
2.585600000e+04
2.291200000e+04
2.432000000e+04
2.636800000e+04
2.841600000e+04
2.764800000e+04
2.918400000e+04
2.803200000e+04
2.944000000e+04
2.265600000e+04
2.636800000e+04
3.033600000e+04
2.700800000e+04
2.534400000e+04
2.790400000e+04
2.700800000e+04
2.406400000e+04
2.880000000e+04
2.662400000e+04
2.560000000e+04
2.572800000e+04
2.547200000e+04
3.097600000e+04
3.097600000e+04
2.508800000e+04
