2.569476672e-06
2.129138110e-06
2.652465012e-06
2.575127325e-06
2.299050915e-06
2.164536438e-06
2.388490186e-06
2.226260488e-06
2.631935053e-06
2.148550426e-06
2.705086357e-06
2.255131917e-06
2.191341401e-06
2.285727734e-06
2.425911107e-06
2.343023565e-06
2.485348612e-06
2.463738694e-06
2.567995715e-06
2.372719104e-06
2.453003415e-06
2.418663649e-06
2.649454676e-06
2.612131240e-06
2.607081864e-06
2.153128545e-06
2.169961223e-06
2.431405193e-06
2.337338541e-06
2.548596853e-06

5.113533090e-06
6.264104634e-06
5.485312758e-06
4.154128421e-06
5.395385463e-06
5.460108592e-06
5.136824404e-06
4.630842954e-06
4.748327387e-06
4.549598365e-06
4.675644346e-06
6.207743732e-06
5.379812145e-06
6.092084088e-06
4.205887730e-06
5.274742270e-06
4.407674235e-06
5.643235115e-06
5.821984438e-06
6.324486490e-06
5.460518571e-06
4.929687725e-06
4.567207928e-06
5.578419372e-06
5.099960808e-06
5.274712689e-06
5.822166114e-06
5.498463484e-06
5.415647638e-06
6.077962225e-06
