1.123400000e+04
1.020500000e+04
1.159100000e+04
1.061200000e+04
1.043200000e+04
1.134600000e+04
1.088700000e+04
9.862000000e+03
1.050600000e+04
1.074900000e+04
1.133200000e+04
1.075300000e+04
1.124200000e+04
1.091000000e+04
1.168600000e+04
1.116800000e+04
1.241100000e+04
1.098400000e+04
1.040600000e+04
1.043300000e+04
1.259700000e+04
1.074500000e+04
1.133600000e+04
1.054600000e+04
1.140700000e+04
1.067200000e+04
1.061800000e+04
1.106700000e+04
1.028500000e+04
1.124300000e+04

1.677500000e+04
1.549000000e+04
1.604100000e+04
1.684200000e+04
1.710400000e+04
1.853100000e+04
1.712600000e+04
1.833800000e+04
1.626800000e+04
1.700700000e+04
1.771500000e+04
1.919500000e+04
1.891000000e+04
1.656000000e+04
1.635200000e+04
1.677300000e+04
1.698400000e+04
1.589800000e+04
1.783700000e+04
1.716100000e+04
1.825800000e+04
1.841700000e+04
1.772200000e+04
1.598700000e+04
1.660600000e+04
1.650700000e+04
1.675600000e+04
1.672200000e+04
1.825500000e+04
1.738200000e+04
