3.800828000e+06
3.820966000e+06
6.451541000e+06
2.658818000e+06
2.808669000e+06
2.819429000e+06
3.597130000e+06
3.245524000e+06
3.006286000e+06
3.399709000e+06
2.887591000e+06
9.188826000e+06
3.377986000e+06
2.753486000e+06
9.525710000e+06
3.518215000e+06
2.832331000e+06
2.716097000e+06
2.670022000e+06
3.201001000e+06
2.900648000e+06
8.790150000e+06
5.489984000e+06
7.818836000e+06
2.360927000e+06
3.029772000e+06
3.281104000e+06
2.600436000e+06
2.923622000e+06
3.410036000e+06

7.206847000e+06
9.005277000e+06
8.747520000e+06
6.811552000e+06
7.383579000e+06
7.789986000e+06
6.612840000e+06
5.785854000e+06
1.449223800e+07
4.805450000e+06
3.668050000e+06
7.772156000e+06
1.783257900e+07
1.162904300e+07
1.130465500e+07
1.339705000e+07
5.755528000e+06
1.161642000e+07
8.983498000e+06
7.481507000e+06
5.021204000e+06
8.270934000e+06
5.871104000e+06
5.862815000e+06
6.753300000e+06
4.739435000e+06
6.832961000e+06
5.538229000e+06
7.550216000e+06
8.226856000e+06
