5.542400000e+04
7.232000000e+04
5.107200000e+04
5.350400000e+04
5.760000000e+04
5.632000000e+04
6.003200000e+04
5.491200000e+04
5.478400000e+04
5.030400000e+04
5.132800000e+04
5.632000000e+04
5.017600000e+04
6.144000000e+04
4.851200000e+04
6.515200000e+04
5.222400000e+04
5.017600000e+04
5.644800000e+04
5.299200000e+04
5.491200000e+04
5.478400000e+04
5.363200000e+04
5.529600000e+04
5.708800000e+04
5.568000000e+04
7.091200000e+04
4.992000000e+04
5.273600000e+04
5.632000000e+04

1.000135296e+09
2.000107776e+09
1.000165760e+09
1.000148864e+09
1.000115712e+09
2.000125312e+09
3.000118528e+09
2.000118784e+09
2.000113152e+09
1.332480000e+05
1.340160000e+05
1.000128384e+09
1.360640000e+05
1.000116736e+09
1.000131200e+09
2.000114048e+09
1.437440000e+05
2.000118272e+09
1.000129920e+09
1.184000000e+05
1.319680000e+05
1.137920000e+05
1.000108032e+09
4.000086272e+09
1.757440000e+05
3.000096640e+09
1.000115840e+09
3.000100864e+09
1.000117760e+09
2.000115584e+09
