1.165000000e+03
1.181000000e+03
1.111000000e+03
1.259000000e+03
1.201000000e+03
1.206000000e+03
1.105000000e+03
1.412000000e+03
1.251000000e+03
1.117000000e+03
1.117000000e+03
1.084000000e+03
1.174000000e+03
1.185000000e+03
1.353000000e+03
1.115000000e+03
1.320000000e+03
1.104000000e+03
1.013000000e+03
1.110000000e+03
1.153000000e+03
1.274000000e+03
1.134000000e+03
1.208000000e+03
1.206000000e+03
1.237000000e+03
1.212000000e+03
1.211000000e+03
1.168000000e+03
1.213000000e+03

2.710000000e+03
2.467000000e+03
3.259000000e+03
2.366000000e+03
3.592000000e+03
2.571000000e+03
2.685000000e+03
2.585000000e+03
2.756000000e+03
2.291000000e+03
3.164000000e+03
2.279000000e+03
3.417000000e+03
2.791000000e+03
3.100000000e+03
2.459000000e+03
2.569000000e+03
3.350000000e+03
2.729000000e+03
2.097000000e+03
2.658000000e+03
2.536000000e+03
2.962000000e+03
3.205000000e+03
3.201000000e+03
2.470000000e+03
2.916000000e+03
2.327000000e+03
2.326000000e+03
2.534000000e+03
