9.698742796e-07
9.528775701e-07
8.905282911e-07
9.514875515e-07
9.277683736e-07
9.249665002e-07
9.390567855e-07
8.841407127e-07
8.949053326e-07
8.578682838e-07
1.000024589e-06
8.992557075e-07
9.753570686e-07
8.606102771e-07
9.171253503e-07
9.255420285e-07
9.692007474e-07
9.250631468e-07
9.733355137e-07
9.834357830e-07
8.829138077e-07
9.470728254e-07
1.025536859e-06
9.446976980e-07
1.001287142e-06
8.972195020e-07
9.953608809e-07
9.772438930e-07
8.858437050e-07
8.854897333e-07

2.748382361e-06
2.765226656e-06
2.703856657e-06
2.867574817e-06
2.564225819e-06
2.520883108e-06
2.592511300e-06
2.583649432e-06
2.919295165e-06
2.699817939e-06
2.623479133e-06
2.795073093e-06
2.569270604e-06
2.751651260e-06
2.639296762e-06
2.755494211e-06
2.786626076e-06
2.851245213e-06
2.703719612e-06
2.760571810e-06
2.742943205e-06
2.760427339e-06
2.469702999e-06
2.814098264e-06
2.667180526e-06
2.662846080e-06
2.803955120e-06
2.614882136e-06
2.458918260e-06
2.825923961e-06
