1.983309700e+07
1.286669460e+08
1.911017000e+07
3.591652700e+07
5.053604800e+07
1.972815900e+07
1.980600100e+07
1.881331200e+07
1.942585500e+07
1.943806500e+07
1.821127900e+07
1.916152300e+07
1.692654600e+07
2.127108900e+07
1.900720000e+07
1.997326200e+07
1.957274100e+07
1.868045700e+07
1.858714700e+07
5.077974600e+07
1.936315500e+07
1.731645800e+07
1.953940400e+07
3.594005700e+07
1.890054200e+07
1.792625300e+07
1.701689600e+07
2.093329400e+07
1.913596000e+07
2.135955300e+07

5.334586300e+07
8.796931500e+07
6.051334800e+07
3.916869900e+07
6.947091000e+07
4.622006700e+07
4.191324700e+07
3.493011700e+07
4.468705800e+07
3.907560500e+07
4.469615600e+07
3.325370300e+07
4.143730300e+07
3.814444700e+07
4.277506600e+07
3.906131200e+07
3.335624800e+07
4.071096400e+07
4.002633700e+07
3.459678700e+07
4.007946900e+07
4.209604700e+07
2.989112900e+07
4.409963100e+07
3.066484800e+07
4.503512100e+07
4.216589300e+07
4.258896200e+07
4.138244100e+07
4.477701200e+07

9.325495518e+10
9.333871245e+10
9.330781016e+10
9.334073054e+10
9.336168739e+10
9.327883967e+10
9.325590123e+10
9.329978878e+10
9.329781525e+10
9.329679701e+10
9.319205577e+10
9.317111987e+10
9.337964048e+10
9.322697139e+10
9.330980316e+10
9.340856933e+10
9.329980299e+10
9.313120835e+10
9.329484211e+10
9.326691362e+10
9.316811707e+10
9.313024398e+10
9.329186019e+10
9.335071421e+10
9.332476817e+10
9.333873644e+10
9.333774605e+10
9.337066727e+10
9.320802798e+10
9.328886415e+10
