2.440000000e+02
2.640000000e+02
2.930000000e+02
2.650000000e+02
2.640000000e+02
2.490000000e+02
2.680000000e+02
2.740000000e+02
2.510000000e+02
2.500000000e+02
2.570000000e+02
3.000000000e+02
2.600000000e+02
2.330000000e+02
2.900000000e+02
2.640000000e+02
2.600000000e+02
2.480000000e+02
2.390000000e+02
3.040000000e+02
2.340000000e+02
3.050000000e+02
2.560000000e+02
2.650000000e+02
2.320000000e+02
2.520000000e+02
2.360000000e+02
2.960000000e+02
2.670000000e+02
2.550000000e+02

2.500000000e+01
1.300000000e+01
1.800000000e+01
1.300000000e+01
1.600000000e+01
1.500000000e+01
1.200000000e+01
1.300000000e+01
1.500000000e+01
1.200000000e+01
1.300000000e+01
1.300000000e+01
1.200000000e+01
1.300000000e+01
1.500000000e+01
1.400000000e+01
1.200000000e+01
1.300000000e+01
1.600000000e+01
1.300000000e+01
1.600000000e+01
1.400000000e+01
1.300000000e+01
1.600000000e+01
1.400000000e+01
1.500000000e+01
1.000000000e+01
1.300000000e+01
1.100000000e+01
1.000000000e+01
