2.624800000e+04
2.570000000e+04
2.639300000e+04
2.905100000e+04
2.672500000e+04
2.517200000e+04
2.805500000e+04
2.786700000e+04
2.782500000e+04
2.681000000e+04
2.615400000e+04
2.683700000e+04
2.821900000e+04
2.677100000e+04
2.507000000e+04
2.628700000e+04
2.846000000e+04
2.813700000e+04
2.774900000e+04
2.573500000e+04
2.759600000e+04
2.932000000e+04
2.764300000e+04
2.591000000e+04
2.842300000e+04
2.631100000e+04
2.674100000e+04
2.757000000e+04
2.697600000e+04
2.717600000e+04

6.287300000e+04
6.461500000e+04
6.383000000e+04
6.831900000e+04
6.444400000e+04
5.992700000e+04
6.448500000e+04
5.812700000e+04
6.205300000e+04
5.869500000e+04
6.801700000e+04
6.137800000e+04
5.940600000e+04
6.012500000e+04
6.418900000e+04
6.077100000e+04
6.345000000e+04
6.047100000e+04
6.203200000e+04
6.311000000e+04
5.907600000e+04
5.850900000e+04
6.371400000e+04
5.958100000e+04
6.284700000e+04
5.857400000e+04
6.563900000e+04
6.245700000e+04
6.096400000e+04
5.863300000e+04
