2.369718189e-08
1.722812648e-08
1.874325471e-08
1.781036143e-08
1.537048363e-08
1.976129760e-08
1.871331462e-08
1.994157687e-08
1.703662967e-08
1.934125810e-08
1.998628740e-08
1.993614773e-08
1.669319688e-08
2.072516890e-08
1.809020147e-08
2.204724342e-08
1.680908499e-08
1.930808448e-08
1.865044043e-08
1.748788670e-08
2.252899943e-08
2.230560644e-08
1.778465287e-08
2.229187392e-08
2.143482886e-08
1.930908249e-08
1.686936437e-08
2.201742309e-08
1.560665106e-08
2.518692092e-08

1.668187953e-07
1.564625581e-07
1.372400224e-07
1.356399043e-07
1.892401700e-07
1.406746298e-07
1.286399911e-07
1.489556594e-07
1.530871523e-07
1.809317153e-07
1.563958117e-07
1.554148546e-07
1.350106035e-07
1.788320767e-07
1.429547473e-07
1.395339124e-07
1.428159051e-07
1.474095133e-07
1.805014163e-07
1.383559495e-07
1.535195271e-07
1.651518907e-07
1.331708449e-07
1.619435906e-07
1.577534151e-07
1.391514377e-07
1.409024938e-07
1.503602888e-07
1.609850286e-07
1.612059466e-07
