6.534338376e-07
1.660829716e-06
1.425735500e-06
1.248306696e-06
1.384747038e-06
1.232044836e-06
3.263015100e-07
3.714981115e-07
3.075220078e-07
1.948503840e-07
4.647908326e-07
3.891380939e-07
1.132053918e-06
1.733302059e-06
2.118185147e-06
1.139975307e-06
9.455099128e-07
1.233812618e-06
1.473108507e-06
4.282431646e-07
4.135626603e-07
1.328808971e-06
1.086711169e-06
7.546264310e-07
8.107050176e-07
4.106844596e-07
2.924605059e-07
6.567746726e-07
2.220927120e-06
1.188502404e-06

2.858960414e-07
4.660737854e-08
1.859372193e-07
2.334839981e-07
1.902469954e-07
3.800313565e-07
9.465451612e-08
4.601883622e-08
1.421318339e-07
1.421010156e-07
8.696598088e-10
4.283155397e-07
1.407349890e-07
1.439279998e-07
3.279553207e-07
1.415135910e-07
1.922330213e-07
1.875437646e-07
1.899674348e-07
3.313768742e-07
1.427141088e-07
2.344756138e-07
1.036725507e-10
8.453484561e-10
3.786199407e-07
9.511615239e-08
2.330488687e-07
3.782046118e-07
4.818286599e-08
4.720310649e-08
