8.996000000e+03
7.704000000e+03
7.242000000e+03
6.643000000e+03
6.980000000e+03
7.801000000e+03
8.767000000e+03
7.458000000e+03
8.945000000e+03
8.063000000e+03
8.832000000e+03
8.083000000e+03
8.058000000e+03
7.017000000e+03
8.043000000e+03
7.292000000e+03
8.363000000e+03
7.379000000e+03
7.992000000e+03
9.307000000e+03
7.941000000e+03
8.485000000e+03
9.646000000e+03
8.664000000e+03
8.706000000e+03
9.804000000e+03
8.130000000e+03
8.081000000e+03
6.604000000e+03
7.880000000e+03

7.497000000e+03
7.743000000e+03
7.410000000e+03
8.064000000e+03
7.565000000e+03
7.930000000e+03
7.922000000e+03
8.398000000e+03
7.582000000e+03
7.407000000e+03
7.795000000e+03
9.276000000e+03
8.241000000e+03
7.923000000e+03
7.605000000e+03
7.388000000e+03
7.629000000e+03
7.460000000e+03
7.626000000e+03
7.577000000e+03
7.432000000e+03
7.354000000e+03
7.534000000e+03
8.236000000e+03
7.876000000e+03
6.986000000e+03
7.676000000e+03
7.249000000e+03
8.138000000e+03
7.242000000e+03
