Number of sample populations = 3. Total number of values in the input = 90
3388 2 1
3419 2 2
3439 2 3
3452 2 4
3465 2 5
3600 2 6
3617 2 7
3648 2 8
3672 2 9
3678 2 10
3723 2 11
3726 2 12
3765 2 13
3806 1 14
3806 2 14
3826 2 16
3839 0 17
3881 0 18
3893 2 19
3906 2 20
3910 2 21
3939 0 22
3948 0 23
3965 2 24
3969 1 25
3982 2 26
3984 0 27
4004 2 28
4010 0 29
4015 0 30
4019 0 31
4025 1 32
4027 0 33
4037 1 34
4044 0 35
4062 0 36
4065 2 37
4084 1 38
4090 0 39
4096 1 40
4109 2 41
4116 0 42
4118 2 43
4119 0 44
4123 0 45
4164 2 46
4170 0 47
4172 1 48
4180 0 49
4181 0 50
4181 0 50
4182 1 52
4183 2 53
4201 2 54
4202 0 55
4240 0 56
4252 0 57
4265 0 58
4265 0 58
4278 0 60
4281 1 61
4282 1 62
4288 0 63
4289 2 64
4290 0 65
4305 1 66
4307 1 67
4312 1 68
4316 2 69
4330 1 70
4340 0 71
4341 0 72
4343 1 73
4345 1 74
4395 1 75
4436 2 76
4469 1 77
4478 1 78
4489 1 79
4519 1 80
4528 0 81
4531 1 82
4551 1 83
4566 1 84
4731 1 85
4754 1 86
4848 1 87
4901 1 88
4952 1 89
5057 1 90
Total number of ties =3
Number of samples = 30; sum = 1365
Number of samples = 30; sum = 1987.5
Number of samples = 30; sum = 742.5
Corrected T value =37.8526
p-value to accept the null hypothesis that all distribution functions are identical = 6.03137064e-09
