9.302000000e+04
9.128400000e+04
9.070400000e+04
8.975000000e+04
9.699700000e+04
9.722500000e+04
9.413100000e+04
8.811200000e+04
9.534200000e+04
8.805600000e+04
9.118300000e+04
9.795800000e+04
9.213900000e+04
9.127600000e+04
9.236600000e+04
8.491800000e+04
1.002040000e+05
9.050000000e+04
9.707400000e+04
9.208200000e+04
1.017290000e+05
8.960800000e+04
9.422500000e+04
9.465100000e+04
8.893300000e+04
9.392000000e+04
9.405000000e+04
7.781900000e+04
1.023180000e+05
8.593400000e+04

4.213880000e+05
2.741970000e+06
3.812480000e+05
5.481700000e+05
3.943670000e+05
4.334110000e+05
6.859040000e+05
3.000351300e+07
1.617637000e+06
3.824960000e+05
5.555310000e+05
4.046120000e+05
4.171800000e+05
4.327700000e+05
1.729689100e+07
5.196120000e+05
1.519838000e+06
3.418730000e+05
5.469318000e+06
7.016170000e+05
5.220890000e+05
3.366030000e+05
4.245210000e+05
1.431753000e+06
3.748470000e+05
4.540630000e+05
1.279880000e+06
5.419040000e+05
7.136470000e+05
6.574220000e+05
