2.270711035e-05
2.002155096e-05
2.113831216e-05
1.931230177e-05
1.771401007e-05
1.878588193e-05
1.785212239e-05
2.150561642e-05
1.764127210e-05
1.646201787e-05
1.974105778e-05
1.660172879e-05
1.910073982e-05
2.063872930e-05
1.678657004e-05
1.774578569e-05
1.801228845e-05
1.903792372e-05
1.798130481e-05
1.857785819e-05
1.659111834e-05
1.972861085e-05
1.850225435e-05
2.083822220e-05
2.078592931e-05
1.746251803e-05
2.135501545e-05
2.017147284e-05
1.611096281e-05
1.946807387e-05

5.535171419e-05
5.409191888e-05
5.725553328e-05
5.629444909e-05
5.468065718e-05
5.122768262e-05
5.596579661e-05
5.549097668e-05
5.568854136e-05
5.599213926e-05
5.518123644e-05
5.490000139e-05
5.199010522e-05
5.664673445e-05
5.527601973e-05
5.596262963e-05
5.368350117e-05
5.322376310e-05
5.500647366e-05
5.797331197e-05
5.289128902e-05
5.599065970e-05
5.545758869e-05
5.489502734e-05
5.571723247e-05
5.626808625e-05
5.515291838e-05
5.485348515e-05
5.600826790e-05
5.505484123e-05
