1.747810000e+05
1.438150000e+05
1.555100000e+05
1.247360000e+05
1.386580000e+05
1.249820000e+05
1.530050000e+05
1.653970000e+05
1.434580000e+05
1.418960000e+05
1.585230000e+05
2.180890000e+05
2.321150000e+05
1.523490000e+05
1.571000000e+05
1.474510000e+05
1.989570000e+05
2.275310000e+05
1.632590000e+05
1.351860000e+05
1.556510000e+05
1.423120000e+05
1.473140000e+05
1.557840000e+05
1.879400000e+05
1.564900000e+05
1.286190000e+05
1.337540000e+05
1.716340000e+05
1.342360000e+05

2.890110000e+05
3.795830000e+05
1.863770000e+05
4.451450000e+05
3.346476000e+06
2.345751000e+06
3.319913000e+06
4.698210000e+05
6.246050000e+06
2.082550000e+05
3.555770000e+05
5.164080000e+05
3.612160000e+05
3.068620000e+05
2.402240000e+05
9.338582000e+06
8.330739000e+06
2.339471000e+06
5.797180000e+05
3.557608000e+06
2.420371000e+06
5.468540000e+05
4.721050000e+05
5.289940000e+05
3.369390000e+05
3.091770000e+05
6.163110000e+05
2.367661000e+06
3.334270000e+05
2.813990000e+05
