3.000000000e+00
4.000000000e+00
4.000000000e+00
1.100000000e+01
4.000000000e+00
6.000000000e+00
4.000000000e+00
3.000000000e+00
6.000000000e+00
4.000000000e+00
4.000000000e+00
3.000000000e+00
3.000000000e+00
6.000000000e+00
5.000000000e+00
1.100000000e+01
7.000000000e+00
5.000000000e+00
3.000000000e+00
5.000000000e+00
4.000000000e+00
5.000000000e+00
3.000000000e+00
5.000000000e+00
4.000000000e+00
5.000000000e+00
4.000000000e+00
7.000000000e+00
3.000000000e+00
8.000000000e+00

7.200000000e+01
6.800000000e+01
6.200000000e+01
6.800000000e+01
8.300000000e+01
8.700000000e+01
6.600000000e+01
6.000000000e+01
5.900000000e+01
6.800000000e+01
6.100000000e+01
7.800000000e+01
7.800000000e+01
7.000000000e+01
6.900000000e+01
7.100000000e+01
7.200000000e+01
5.900000000e+01
7.100000000e+01
6.800000000e+01
7.500000000e+01
7.100000000e+01
6.800000000e+01
7.000000000e+01
6.100000000e+01
5.900000000e+01
6.800000000e+01
6.900000000e+01
6.400000000e+01
7.100000000e+01
