6.941440000e+05
7.343360000e+05
6.920960000e+05
7.503360000e+05
7.326720000e+05
7.778560000e+05
7.569920000e+05
7.804160000e+05
7.768320000e+05
7.909120000e+05
7.179520000e+05
7.260160000e+05
6.865920000e+05
6.982400000e+05
7.095040000e+05
7.503360000e+05
7.404800000e+05
7.134720000e+05
7.130880000e+05
8.218880000e+05
8.008960000e+05
8.326400000e+05
8.195840000e+05
8.858880000e+05
7.233280000e+05
7.141120000e+05
7.240960000e+05
7.239680000e+05
7.070720000e+05
7.608320000e+05

7.095680000e+06
6.890496000e+06
8.480896000e+06
9.294592000e+06
8.059776000e+06
5.901440000e+06
1.155520000e+07
7.800320000e+06
7.965696000e+06
1.014169600e+07
9.561600000e+06
6.435584000e+06
8.625920000e+06
6.776832000e+06
7.368832000e+06
8.919168000e+06
7.826304000e+06
8.681472000e+06
8.107008000e+06
8.657920000e+06
8.454144000e+06
8.355200000e+06
8.606336000e+06
9.770112000e+06
7.334400000e+06
1.026572800e+07
1.107507200e+07
8.279424000e+06
9.195904000e+06
6.932608000e+06
