Number of sample populations = 3. Total number of values in the input = 90
1.14297e-05 0 1
1.24124e-05 0 2
1.24622e-05 0 3
1.26267e-05 0 4
1.27221e-05 0 5
1.32681e-05 0 6
1.34485e-05 0 7
1.3516e-05 0 8
1.35328e-05 0 9
1.35645e-05 0 10
1.3746e-05 0 11
1.38363e-05 0 12
1.41468e-05 0 13
1.45635e-05 0 14
1.4667e-05 0 15
1.47389e-05 0 16
1.47932e-05 0 17
1.48044e-05 0 18
1.50288e-05 0 19
1.51801e-05 0 20
1.52723e-05 0 21
1.58552e-05 0 22
1.58733e-05 0 23
1.61382e-05 0 24
1.62637e-05 0 25
1.63141e-05 0 26
1.66532e-05 0 27
1.66695e-05 0 28
1.76073e-05 0 29
1.79799e-05 0 30
1.92372e-05 1 31
1.992e-05 1 32
1.99836e-05 1 33
2.04882e-05 1 34
2.04964e-05 1 35
2.07686e-05 1 36
2.07949e-05 1 37
2.09343e-05 1 38
2.12026e-05 1 39
2.12063e-05 1 40
2.14574e-05 1 41
2.21307e-05 1 42
2.25252e-05 1 43
2.26486e-05 1 44
2.30699e-05 1 45
2.38588e-05 1 46
2.40479e-05 1 47
2.40998e-05 1 48
2.41293e-05 1 49
2.42001e-05 1 50
2.43552e-05 1 51
2.4901e-05 1 52
2.57203e-05 1 53
2.59064e-05 1 54
2.61091e-05 1 55
2.64246e-05 1 56
2.64397e-05 1 57
2.68094e-05 1 58
2.71284e-05 1 59
2.77551e-05 1 60
5.54192e-05 2 61
5.58217e-05 2 62
6.12087e-05 2 63
6.12878e-05 2 64
6.15461e-05 2 65
6.18703e-05 2 66
6.25347e-05 2 67
6.26018e-05 2 68
6.26649e-05 2 69
6.27754e-05 2 70
6.29956e-05 2 71
6.30007e-05 2 72
6.34683e-05 2 73
6.43702e-05 2 74
6.4755e-05 2 75
6.4996e-05 2 76
6.51268e-05 2 77
6.51946e-05 2 78
6.64985e-05 2 79
6.65691e-05 2 80
6.68273e-05 2 81
6.698e-05 2 82
6.78588e-05 2 83
6.85289e-05 2 84
6.9371e-05 2 85
7.06803e-05 2 86
7.11337e-05 2 87
7.25908e-05 2 88
7.27547e-05 2 89
7.31832e-05 2 90
Total number of ties =0
Number of samples = 30; sum = 465
Number of samples = 30; sum = 1365
Number of samples = 30; sum = 2265
Corrected T value =79.1209
p-value to accept the null hypothesis that all distribution functions are identical = 6.59355142e-18
