6.403117230e-06
7.436003183e-06
8.179540323e-06
7.445772155e-06
7.519631482e-06
7.326029361e-06
7.636362304e-06
6.107167705e-06
6.021725795e-06
8.813291706e-06
6.639703740e-06
7.930535543e-06
7.328804448e-06
6.970785764e-06
7.899870942e-06
8.909373166e-06
8.004565728e-06
9.487234465e-06
7.578420046e-06
7.065567266e-06
7.993842066e-06
7.213135462e-06
7.801474993e-06
8.261430541e-06
7.387439918e-06
9.704060595e-06
9.828275521e-06
6.823949224e-06
9.051925120e-06
7.120718308e-06

2.120153065e-05
1.873292047e-05
2.032851799e-05
2.300389508e-05
2.194645159e-05
2.420123975e-05
2.689473518e-05
3.514809200e-05
2.686586603e-05
2.725045662e-05
1.260558316e-05
1.999660100e-05
1.588828108e-05
3.344488496e-05
2.654777198e-05
2.031385885e-05
2.345075523e-05
2.043324683e-05
1.651607706e-05
2.126474105e-05
1.602810361e-05
1.415402688e-05
3.067541300e-05
1.286753552e-05
2.180141708e-05
1.820537944e-05
2.595927516e-05
1.450693172e-05
2.128929228e-05
2.196869140e-05
