1.349807153e-06
1.422722290e-06
1.563206860e-06
1.322004466e-06
1.389348032e-06
1.342332470e-06
1.344138975e-06
1.293312599e-06
1.560920156e-06
1.310195855e-06
1.489494319e-06
1.461913269e-06
1.389682083e-06
1.377321417e-06
1.403049296e-06
1.435555730e-06
1.207317954e-06
1.466380570e-06
1.414440941e-06
1.351656612e-06
1.553473417e-06
1.443577079e-06
1.336703454e-06
1.319323830e-06
1.307615698e-06
1.395257926e-06
1.335961059e-06
1.301149437e-06
1.518004270e-06
1.564286420e-06

2.929277670e-06
1.929387492e-06
2.474149023e-06
2.650046971e-06
2.421548517e-06
2.393475291e-06
2.170691282e-06
2.101986720e-06
2.380314386e-06
2.910490622e-06
2.412100143e-06
2.253079064e-06
2.069305116e-06
1.990408309e-06
2.407547612e-06
2.681530412e-06
2.507779608e-06
2.137058621e-06
2.002075643e-06
2.802979113e-06
1.820612471e-06
2.181975862e-06
2.631792498e-06
2.714173933e-06
2.287985896e-06
2.329112721e-06
2.410357031e-06
2.011222300e-06
2.219350395e-06
2.458444128e-06
