3.107800000e+04
3.965200000e+04
3.560100000e+04
2.932900000e+04
3.166900000e+04
3.799200000e+04
3.058200000e+04
2.960600000e+04
3.408900000e+04
3.158100000e+04
3.540900000e+04
4.140800000e+04
3.085700000e+04
3.323400000e+04
3.933500000e+04
3.724300000e+04
3.746100000e+04
2.639700000e+04
4.177800000e+04
3.288900000e+04
3.534700000e+04
2.492200000e+04
3.223300000e+04
3.068900000e+04
2.719700000e+04
3.506000000e+04
3.002500000e+04
4.079200000e+04
3.698800000e+04
3.871700000e+04

7.006546000e+06
5.019451000e+06
3.038178000e+06
6.012607000e+06
3.035295000e+06
8.996220000e+06
4.024628000e+06
7.008728000e+06
8.995792000e+06
6.014308000e+06
6.014719000e+06
3.028253000e+06
1.098881900e+07
7.013213000e+06
3.029167000e+06
1.198205000e+07
1.496382900e+07
7.998727000e+06
6.016144000e+06
7.993887000e+06
2.042516000e+06
9.001607000e+06
1.098413200e+07
3.033366000e+06
1.098288500e+07
1.496496100e+07
9.994296000e+06
5.027067000e+06
3.037439000e+06
9.990924000e+06
