1.280000000e+02
1.570000000e+02
1.350000000e+02
1.190000000e+02
1.360000000e+02
1.340000000e+02
1.290000000e+02
1.530000000e+02
1.450000000e+02
1.370000000e+02
1.340000000e+02
1.330000000e+02
1.330000000e+02
1.500000000e+02
1.710000000e+02
1.940000000e+02
1.620000000e+02
1.550000000e+02
1.240000000e+02
1.540000000e+02
1.490000000e+02
1.500000000e+02
1.280000000e+02
1.610000000e+02
1.850000000e+02
1.580000000e+02
1.730000000e+02
1.310000000e+02
1.760000000e+02
1.450000000e+02

1.770000000e+02
1.720000000e+02
1.460000000e+02
2.160000000e+02
1.420000000e+02
1.710000000e+02
2.100000000e+02
1.370000000e+02
1.690000000e+02
1.620000000e+02
1.970000000e+02
1.670000000e+02
2.540000000e+02
2.580000000e+02
1.960000000e+02
1.960000000e+02
1.580000000e+02
1.780000000e+02
1.540000000e+02
1.650000000e+02
3.010000000e+02
2.500000000e+02
1.510000000e+02
2.050000000e+02
1.440000000e+02
2.210000000e+02
1.970000000e+02
2.200000000e+02
1.740000000e+02
1.660000000e+02
