1417.0000000000 565.0000000000
1390.0000000000 566.0000000000
1368.0000000000 567.0000000000
1335.0000000000 569.0000000000
1286.0000000000 572.0000000000
1313.0000000000 570.0000000000
1349.0000000000 568.0000000000
1237.0000000000 577.0000000000
1309.0000000000 571.0000000000
1268.0000000000 574.0000000000
1277.0000000000 573.0000000000
1249.0000000000 575.0000000000
1192.0000000000 581.0000000000
1207.0000000000 579.0000000000
1216.0000000000 578.0000000000
1156.0000000000 586.0000000000
1164.0000000000 585.0000000000
1174.0000000000 584.0000000000
1140.0000000000 591.0000000000
1144.0000000000 590.0000000000
1153.0000000000 589.0000000000
1188.0000000000 582.0000000000
1178.0000000000 583.0000000000
1066.0000000000 604.0000000000
1111.0000000000 595.0000000000
1117.0000000000 593.0000000000
1120.0000000000 592.0000000000
1098.0000000000 596.0000000000
1071.0000000000 602.0000000000
1070.0000000000 603.0000000000
1079.0000000000 601.0000000000
1092.0000000000 598.0000000000
1087.0000000000 599.0000000000
1056.0000000000 605.0000000000
1049.0000000000 606.0000000000
1035.0000000000 609.0000000000
1001.0000000000 618.0000000000
1017.0000000000 614.0000000000
1029.0000000000 611.0000000000
1042.0000000000 608.0000000000
1011.0000000000 616.0000000000
998.0000000000 619.0000000000
957.0000000000 629.0000000000
981.0000000000 623.0000000000
985.0000000000 622.0000000000
976.0000000000 624.0000000000
992.0000000000 620.0000000000
949.0000000000 630.0000000000
933.0000000000 634.0000000000
913.0000000000 638.0000000000
906.0000000000 639.0000000000
922.0000000000 635.0000000000
938.0000000000 631.0000000000
989.0000000000 621.0000000000
958.0000000000 628.0000000000
961.0000000000 627.0000000000
965.0000000000 626.0000000000
901.0000000000 641.0000000000
916.0000000000 637.0000000000
896.0000000000 643.0000000000
877.0000000000 649.0000000000
873.0000000000 650.0000000000
893.0000000000 645.0000000000
862.0000000000 654.0000000000
884.0000000000 647.0000000000
880.0000000000 648.0000000000
859.0000000000 655.0000000000
855.0000000000 657.0000000000
868.0000000000 652.0000000000
864.0000000000 653.0000000000
872.0000000000 651.0000000000
818.0000000000 667.0000000000
820.0000000000 666.0000000000
834.0000000000 661.0000000000
852.0000000000 658.0000000000
826.0000000000 665.0000000000
817.0000000000 668.0000000000
857.0000000000 656.0000000000
839.0000000000 660.0000000000
829.0000000000 663.0000000000
840.0000000000 659.0000000000
809.0000000000 671.0000000000
804.0000000000 672.0000000000
790.0000000000 677.0000000000
801.0000000000 673.0000000000
810.0000000000 670.0000000000
777.0000000000 684.0000000000
779.0000000000 683.0000000000
786.0000000000 680.0000000000
751.0000000000 698.0000000000
787.0000000000 679.0000000000
795.0000000000 675.0000000000
764.0000000000 691.0000000000
766.0000000000 690.0000000000
780.0000000000 682.0000000000
788.0000000000 678.0000000000
726.0000000000 714.0000000000
760.0000000000 693.0000000000
782.0000000000 681.0000000000
774.0000000000 685.0000000000
772.0000000000 686.0000000000
768.0000000000 689.0000000000
754.0000000000 696.0000000000
746.0000000000 700.0000000000
744.0000000000 701.0000000000
771.0000000000 688.0000000000
757.0000000000 695.0000000000
735.0000000000 708.0000000000
727.0000000000 712.0000000000
740.0000000000 704.0000000000
738.0000000000 705.0000000000
731.0000000000 709.0000000000
720.0000000000 715.0000000000
712.0000000000 719.0000000000
704.0000000000 723.0000000000
707.0000000000 721.0000000000
700.0000000000 725.0000000000
669.0000000000 746.0000000000
678.0000000000 740.0000000000
681.0000000000 738.0000000000
714.0000000000 718.0000000000
692.0000000000 732.0000000000
685.0000000000 736.0000000000
693.0000000000 731.0000000000
687.0000000000 733.0000000000
694.0000000000 730.0000000000
679.0000000000 739.0000000000
668.0000000000 750.0000000000
662.0000000000 751.0000000000
675.0000000000 742.0000000000
673.0000000000 743.0000000000
676.0000000000 741.0000000000
645.0000000000 764.0000000000
634.0000000000 773.0000000000
654.0000000000 756.0000000000
648.0000000000 760.0000000000
646.0000000000 761.0000000000
658.0000000000 752.0000000000
655.0000000000 754.0000000000
653.0000000000 757.0000000000
642.0000000000 766.0000000000
635.0000000000 772.0000000000
644.0000000000 765.0000000000
620.0000000000 784.0000000000
617.0000000000 786.0000000000
607.0000000000 798.0000000000
596.0000000000 808.0000000000
614.0000000000 789.0000000000
615.0000000000 788.0000000000
640.0000000000 768.0000000000
637.0000000000 770.0000000000
631.0000000000 777.0000000000
590.0000000000 814.0000000000
609.0000000000 796.0000000000
628.0000000000 778.0000000000
583.0000000000 819.0000000000
591.0000000000 811.0000000000
603.0000000000 800.0000000000
604.0000000000 799.0000000000
625.0000000000 781.0000000000
638.0000000000 769.0000000000
577.0000000000 825.0000000000
584.0000000000 818.0000000000
598.0000000000 805.0000000000
610.0000000000 794.0000000000
611.0000000000 793.0000000000
572.0000000000 830.0000000000
586.0000000000 817.0000000000
589.0000000000 816.0000000000
595.0000000000 809.0000000000
602.0000000000 802.0000000000
576.0000000000 827.0000000000
580.0000000000 822.0000000000
581.0000000000 821.0000000000
574.0000000000 829.0000000000
575.0000000000 828.0000000000
563.0000000000 837.0000000000
556.0000000000 842.0000000000
557.0000000000 841.0000000000
566.0000000000 834.0000000000
560.0000000000 839.0000000000
567.0000000000 832.0000000000
568.0000000000 831.0000000000
518.0000000000 885.0000000000
536.0000000000 864.0000000000
547.0000000000 851.0000000000
539.0000000000 859.0000000000
532.0000000000 866.0000000000
551.0000000000 847.0000000000
543.0000000000 855.0000000000
523.0000000000 878.0000000000
541.0000000000 858.0000000000
524.0000000000 876.0000000000
526.0000000000 872.0000000000
519.0000000000 879.0000000000
504.0000000000 901.0000000000
496.0000000000 910.0000000000
508.0000000000 891.0000000000
512.0000000000 886.0000000000
498.0000000000 902.0000000000
531.0000000000 871.0000000000
505.0000000000 900.0000000000
488.0000000000 918.0000000000
475.0000000000 935.0000000000
473.0000000000 936.0000000000
477.0000000000 931.0000000000
476.0000000000 934.0000000000
478.0000000000 930.0000000000
483.0000000000 923.0000000000
492.0000000000 913.0000000000
489.0000000000 915.0000000000
485.0000000000 919.0000000000
481.0000000000 924.0000000000
465.0000000000 948.0000000000
467.0000000000 944.0000000000
464.0000000000 950.0000000000
484.0000000000 921.0000000000
469.0000000000 943.0000000000
463.0000000000 951.0000000000
457.0000000000 962.0000000000
458.0000000000 960.0000000000
455.0000000000 963.0000000000
470.0000000000 941.0000000000
472.0000000000 938.0000000000
462.0000000000 952.0000000000
460.0000000000 956.0000000000
459.0000000000 957.0000000000
449.0000000000 973.0000000000
448.0000000000 974.0000000000
446.0000000000 977.0000000000
454.0000000000 966.0000000000
450.0000000000 971.0000000000
443.0000000000 982.0000000000
442.0000000000 987.0000000000
445.0000000000 980.0000000000
444.0000000000 981.0000000000
439.0000000000 989.0000000000
453.0000000000 967.0000000000
431.0000000000 1007.0000000000
432.0000000000 1004.0000000000
425.0000000000 1014.0000000000
419.0000000000 1031.0000000000
429.0000000000 1010.0000000000
424.0000000000 1018.0000000000
423.0000000000 1019.0000000000
434.0000000000 1002.0000000000
433.0000000000 1003.0000000000
420.0000000000 1030.0000000000
421.0000000000 1025.0000000000
422.0000000000 1022.0000000000
436.0000000000 1000.0000000000
403.0000000000 1067.0000000000
404.0000000000 1063.0000000000
412.0000000000 1043.0000000000
413.0000000000 1040.0000000000
416.0000000000 1033.0000000000
402.0000000000 1069.0000000000
401.0000000000 1070.0000000000
410.0000000000 1048.0000000000
399.0000000000 1076.0000000000
409.0000000000 1051.0000000000
407.0000000000 1055.0000000000
408.0000000000 1052.0000000000
405.0000000000 1059.0000000000
395.0000000000 1090.0000000000
390.0000000000 1100.0000000000
389.0000000000 1101.0000000000
391.0000000000 1098.0000000000
393.0000000000 1092.0000000000
380.0000000000 1128.0000000000
398.0000000000 1078.0000000000
396.0000000000 1081.0000000000
386.0000000000 1106.0000000000
377.0000000000 1135.0000000000
366.0000000000 1172.0000000000
376.0000000000 1137.0000000000
358.0000000000 1192.0000000000
364.0000000000 1173.0000000000
369.0000000000 1157.0000000000
374.0000000000 1141.0000000000
382.0000000000 1117.0000000000
384.0000000000 1111.0000000000
367.0000000000 1165.0000000000
370.0000000000 1155.0000000000
375.0000000000 1140.0000000000
368.0000000000 1160.0000000000
381.0000000000 1127.0000000000
372.0000000000 1150.0000000000
379.0000000000 1129.0000000000
378.0000000000 1132.0000000000
371.0000000000 1152.0000000000
362.0000000000 1182.0000000000
355.0000000000 1200.0000000000
347.0000000000 1229.0000000000
349.0000000000 1223.0000000000
360.0000000000 1186.0000000000
353.0000000000 1206.0000000000
345.0000000000 1230.0000000000
351.0000000000 1211.0000000000
348.0000000000 1228.0000000000
357.0000000000 1196.0000000000
363.0000000000 1177.0000000000
359.0000000000 1190.0000000000
354.0000000000 1205.0000000000
350.0000000000 1220.0000000000
342.0000000000 1244.0000000000
334.0000000000 1269.0000000000
338.0000000000 1254.0000000000
336.0000000000 1260.0000000000
340.0000000000 1246.0000000000
344.0000000000 1235.0000000000
343.0000000000 1238.0000000000
319.0000000000 1323.0000000000
317.0000000000 1329.0000000000
323.0000000000 1308.0000000000
327.0000000000 1294.0000000000
331.0000000000 1280.0000000000
335.0000000000 1264.0000000000
339.0000000000 1250.0000000000
330.0000000000 1288.0000000000
332.0000000000 1279.0000000000
313.0000000000 1347.0000000000
329.0000000000 1289.0000000000
326.0000000000 1299.0000000000
325.0000000000 1302.0000000000
321.0000000000 1316.0000000000
310.0000000000 1360.0000000000
306.0000000000 1374.0000000000
333.0000000000 1273.0000000000
320.0000000000 1320.0000000000
314.0000000000 1341.0000000000
322.0000000000 1311.0000000000
318.0000000000 1325.0000000000
309.0000000000 1365.0000000000
311.0000000000 1354.0000000000
297.0000000000 1409.0000000000
305.0000000000 1379.0000000000
291.0000000000 1429.0000000000
316.0000000000 1337.0000000000
312.0000000000 1348.0000000000
307.0000000000 1366.0000000000
299.0000000000 1396.0000000000
295.0000000000 1411.0000000000
290.0000000000 1435.0000000000
286.0000000000 1449.0000000000
292.0000000000 1426.0000000000
304.0000000000 1382.0000000000
302.0000000000 1388.0000000000
298.0000000000 1402.0000000000
294.0000000000 1417.0000000000
278.0000000000 1475.0000000000
274.0000000000 1491.0000000000
272.0000000000 1504.0000000000
284.0000000000 1451.0000000000
280.0000000000 1467.0000000000
279.0000000000 1473.0000000000
271.0000000000 1513.0000000000
273.0000000000 1503.0000000000
288.0000000000 1438.0000000000
276.0000000000 1486.0000000000
282.0000000000 1458.0000000000
277.0000000000 1485.0000000000
265.0000000000 1533.0000000000
267.0000000000 1523.0000000000
269.0000000000 1517.0000000000
263.0000000000 1547.0000000000
255.0000000000 1593.0000000000
257.0000000000 1577.0000000000
264.0000000000 1542.0000000000
259.0000000000 1566.0000000000
262.0000000000 1549.0000000000
260.0000000000 1559.0000000000
256.0000000000 1584.0000000000
254.0000000000 1594.0000000000
243.0000000000 1655.0000000000
245.0000000000 1641.0000000000
251.0000000000 1609.0000000000
244.0000000000 1647.0000000000
250.0000000000 1615.0000000000
248.0000000000 1625.0000000000
252.0000000000 1603.0000000000
253.0000000000 1598.0000000000
249.0000000000 1616.0000000000
246.0000000000 1631.0000000000
236.0000000000 1696.0000000000
238.0000000000 1683.0000000000
239.0000000000 1674.0000000000
247.0000000000 1629.0000000000
242.0000000000 1665.0000000000
241.0000000000 1668.0000000000
233.0000000000 1706.0000000000
234.0000000000 1698.0000000000
232.0000000000 1707.0000000000
237.0000000000 1690.0000000000
228.0000000000 1742.0000000000
226.0000000000 1751.0000000000
231.0000000000 1736.0000000000
220.0000000000 1784.0000000000
225.0000000000 1761.0000000000
223.0000000000 1771.0000000000
224.0000000000 1762.0000000000
221.0000000000 1780.0000000000
219.0000000000 1791.0000000000
214.0000000000 1827.0000000000
215.0000000000 1819.0000000000
211.0000000000 1848.0000000000
208.0000000000 1870.0000000000
218.0000000000 1797.0000000000
216.0000000000 1807.0000000000
217.0000000000 1799.0000000000
212.0000000000 1834.0000000000
213.0000000000 1829.0000000000
203.0000000000 1897.0000000000
204.0000000000 1889.0000000000
209.0000000000 1852.0000000000
206.0000000000 1877.0000000000
205.0000000000 1883.0000000000
198.0000000000 1938.0000000000
199.0000000000 1930.0000000000
200.0000000000 1922.0000000000
202.0000000000 1911.0000000000
201.0000000000 1917.0000000000
197.0000000000 1950.0000000000
196.0000000000 1958.0000000000
194.0000000000 1969.0000000000
193.0000000000 1977.0000000000
192.0000000000 1999.0000000000
191.0000000000 2000.0000000000
185.0000000000 2060.0000000000
187.0000000000 2037.0000000000
186.0000000000 2045.0000000000
189.0000000000 2020.0000000000
183.0000000000 2071.0000000000
182.0000000000 2079.0000000000
181.0000000000 2087.0000000000
188.0000000000 2033.0000000000
176.0000000000 2142.0000000000
175.0000000000 2146.0000000000
180.0000000000 2101.0000000000
179.0000000000 2109.0000000000
178.0000000000 2117.0000000000
177.0000000000 2124.0000000000
170.0000000000 2199.0000000000
171.0000000000 2185.0000000000
174.0000000000 2153.0000000000
173.0000000000 2163.0000000000
172.0000000000 2171.0000000000
168.0000000000 2215.0000000000
169.0000000000 2202.0000000000
164.0000000000 2257.0000000000
162.0000000000 2279.0000000000
167.0000000000 2237.0000000000
166.0000000000 2247.0000000000
165.0000000000 2255.0000000000
161.0000000000 2299.0000000000
163.0000000000 2274.0000000000
160.0000000000 2304.0000000000
158.0000000000 2327.0000000000
156.0000000000 2349.0000000000
154.0000000000 2372.0000000000
147.0000000000 2486.0000000000
146.0000000000 2489.0000000000
148.0000000000 2459.0000000000
151.0000000000 2430.0000000000
143.0000000000 2553.0000000000
145.0000000000 2506.0000000000
153.0000000000 2404.0000000000
150.0000000000 2436.0000000000
152.0000000000 2409.0000000000
149.0000000000 2457.0000000000
140.0000000000 2614.0000000000
142.0000000000 2564.0000000000
144.0000000000 2526.0000000000
139.0000000000 2636.0000000000
141.0000000000 2594.0000000000
133.0000000000 2747.0000000000
131.0000000000 2777.0000000000
130.0000000000 2792.0000000000
127.0000000000 2848.0000000000
138.0000000000 2649.0000000000
137.0000000000 2666.0000000000
136.0000000000 2685.0000000000
135.0000000000 2692.0000000000
129.0000000000 2836.0000000000
125.0000000000 2920.0000000000
134.0000000000 2735.0000000000
123.0000000000 2961.0000000000
121.0000000000 3002.0000000000
126.0000000000 2884.0000000000
124.0000000000 2922.0000000000
122.0000000000 2964.0000000000
117.0000000000 3103.0000000000
114.0000000000 3165.0000000000
116.0000000000 3111.0000000000
118.0000000000 3058.0000000000
120.0000000000 3032.0000000000
112.0000000000 3237.0000000000
113.0000000000 3202.0000000000
111.0000000000 3255.0000000000
109.0000000000 3309.0000000000
110.0000000000 3276.0000000000
107.0000000000 3387.0000000000
105.0000000000 3426.0000000000
106.0000000000 3392.0000000000
108.0000000000 3327.0000000000
104.0000000000 3489.0000000000
102.0000000000 3534.0000000000
100.0000000000 3596.0000000000
99.0000000000 3630.0000000000
101.0000000000 3557.0000000000
103.0000000000 3531.0000000000
98.0000000000 3681.0000000000
97.0000000000 3753.0000000000
96.0000000000 3810.0000000000
