702.0000000000 310.0000000000
701.0000000000 311.0000000000
657.0000000000 312.0000000000
621.0000000000 314.0000000000
620.0000000000 315.0000000000
656.0000000000 313.0000000000
588.0000000000 316.0000000000
578.0000000000 317.0000000000
577.0000000000 318.0000000000
568.0000000000 320.0000000000
564.0000000000 321.0000000000
532.0000000000 332.0000000000
536.0000000000 331.0000000000
552.0000000000 325.0000000000
556.0000000000 324.0000000000
524.0000000000 335.0000000000
520.0000000000 336.0000000000
500.0000000000 345.0000000000
496.0000000000 346.0000000000
481.0000000000 352.0000000000
505.0000000000 342.0000000000
511.0000000000 341.0000000000
489.0000000000 350.0000000000
465.0000000000 360.0000000000
504.0000000000 344.0000000000
487.0000000000 351.0000000000
472.0000000000 357.0000000000
480.0000000000 354.0000000000
456.0000000000 365.0000000000
477.0000000000 356.0000000000
447.0000000000 369.0000000000
424.0000000000 384.0000000000
431.0000000000 380.0000000000
443.0000000000 373.0000000000
462.0000000000 363.0000000000
438.0000000000 374.0000000000
422.0000000000 385.0000000000
434.0000000000 378.0000000000
412.0000000000 391.0000000000
416.0000000000 387.0000000000
400.0000000000 398.0000000000
392.0000000000 401.0000000000
414.0000000000 388.0000000000
410.0000000000 392.0000000000
369.0000000000 416.0000000000
376.0000000000 412.0000000000
387.0000000000 406.0000000000
380.0000000000 410.0000000000
388.0000000000 405.0000000000
403.0000000000 395.0000000000
365.0000000000 420.0000000000
349.0000000000 435.0000000000
342.0000000000 439.0000000000
309.0000000000 469.0000000000
336.0000000000 446.0000000000
303.0000000000 477.0000000000
316.0000000000 465.0000000000
305.0000000000 473.0000000000
280.0000000000 504.0000000000
287.0000000000 500.0000000000
299.0000000000 481.0000000000
274.0000000000 512.0000000000
258.0000000000 537.0000000000
271.0000000000 521.0000000000
268.0000000000 524.0000000000
253.0000000000 544.0000000000
259.0000000000 536.0000000000
247.0000000000 556.0000000000
237.0000000000 569.0000000000
243.0000000000 561.0000000000
231.0000000000 581.0000000000
223.0000000000 598.0000000000
230.0000000000 582.0000000000
224.0000000000 594.0000000000
222.0000000000 599.0000000000
218.0000000000 607.0000000000
216.0000000000 611.0000000000
209.0000000000 626.0000000000
203.0000000000 639.0000000000
217.0000000000 609.0000000000
211.0000000000 622.0000000000
215.0000000000 614.0000000000
207.0000000000 631.0000000000
201.0000000000 644.0000000000
195.0000000000 658.0000000000
193.0000000000 663.0000000000
198.0000000000 652.0000000000
196.0000000000 657.0000000000
190.0000000000 674.0000000000
192.0000000000 669.0000000000
180.0000000000 701.0000000000
182.0000000000 696.0000000000
177.0000000000 712.0000000000
168.0000000000 744.0000000000
179.0000000000 707.0000000000
171.0000000000 733.0000000000
165.0000000000 756.0000000000
159.0000000000 781.0000000000
174.0000000000 724.0000000000
156.0000000000 793.0000000000
158.0000000000 792.0000000000
149.0000000000 824.0000000000
153.0000000000 806.0000000000
142.0000000000 854.0000000000
162.0000000000 774.0000000000
151.0000000000 822.0000000000
146.0000000000 837.0000000000
136.0000000000 887.0000000000
133.0000000000 899.0000000000
145.0000000000 841.0000000000
148.0000000000 829.0000000000
128.0000000000 920.0000000000
131.0000000000 907.0000000000
119.0000000000 965.0000000000
125.0000000000 941.0000000000
121.0000000000 956.0000000000
118.0000000000 976.0000000000
115.0000000000 988.0000000000
108.0000000000 1025.0000000000
122.0000000000 952.0000000000
112.0000000000 1001.0000000000
114.0000000000 993.0000000000
105.0000000000 1038.0000000000
98.0000000000 1088.0000000000
101.0000000000 1075.0000000000
90.0000000000 1153.0000000000
89.0000000000 1167.0000000000
83.0000000000 1233.0000000000
84.0000000000 1219.0000000000
81.0000000000 1268.0000000000
82.0000000000 1245.0000000000
78.0000000000 1311.0000000000
79.0000000000 1288.0000000000
80.0000000000 1276.0000000000
75.0000000000 1363.0000000000
76.0000000000 1340.0000000000
73.0000000000 1393.0000000000
74.0000000000 1379.0000000000
70.0000000000 1455.0000000000
72.0000000000 1416.0000000000
