19959.0000000000 11955.0000000000
19999.0000000000 11944.0000000000
20021.0000000000 11933.0000000000
20039.0000000000 11930.0000000000
20112.0000000000 11919.0000000000
19315.0000000000 11974.0000000000
19271.0000000000 11975.0000000000
19399.0000000000 11966.0000000000
18444.0000000000 11976.0000000000
18028.0000000000 11977.0000000000
17953.0000000000 11982.0000000000
17937.0000000000 11983.0000000000
17581.0000000000 12029.0000000000
17227.0000000000 12070.0000000000
17638.0000000000 12022.0000000000
17611.0000000000 12024.0000000000
17595.0000000000 12025.0000000000
16602.0000000000 12137.0000000000
16653.0000000000 12126.0000000000
16716.0000000000 12111.0000000000
16689.0000000000 12113.0000000000
16671.0000000000 12114.0000000000
16995.0000000000 12104.0000000000
17006.0000000000 12071.0000000000
15415.0000000000 12461.0000000000
15530.0000000000 12427.0000000000
15622.0000000000 12405.0000000000
15687.0000000000 12389.0000000000
15700.0000000000 12383.0000000000
15769.0000000000 12367.0000000000
15795.0000000000 12359.0000000000
15914.0000000000 12334.0000000000
16012.0000000000 12313.0000000000
16052.0000000000 12303.0000000000
16060.0000000000 12299.0000000000
16320.0000000000 12234.0000000000
16341.0000000000 12228.0000000000
16359.0000000000 12223.0000000000
16410.0000000000 12212.0000000000
16416.0000000000 12210.0000000000
16465.0000000000 12200.0000000000
16101.0000000000 12268.0000000000
16170.0000000000 12252.0000000000
16091.0000000000 12269.0000000000
16081.0000000000 12271.0000000000
15358.0000000000 12503.0000000000
14581.0000000000 12731.0000000000
14542.0000000000 12735.0000000000
14957.0000000000 12574.0000000000
15072.0000000000 12538.0000000000
15048.0000000000 12544.0000000000
15108.0000000000 12525.0000000000
14993.0000000000 12559.0000000000
14935.0000000000 12576.0000000000
14897.0000000000 12587.0000000000
14848.0000000000 12600.0000000000
14827.0000000000 12606.0000000000
14798.0000000000 12607.0000000000
14338.0000000000 12799.0000000000
14317.0000000000 12805.0000000000
14202.0000000000 12841.0000000000
14584.0000000000 12716.0000000000
14607.0000000000 12700.0000000000
14650.0000000000 12658.0000000000
14696.0000000000 12641.0000000000
14704.0000000000 12637.0000000000
14729.0000000000 12628.0000000000
14110.0000000000 12888.0000000000
14167.0000000000 12865.0000000000
14146.0000000000 12871.0000000000
14233.0000000000 12837.0000000000
14241.0000000000 12833.0000000000
14291.0000000000 12814.0000000000
14362.0000000000 12788.0000000000
14408.0000000000 12771.0000000000
14444.0000000000 12758.0000000000
14477.0000000000 12737.0000000000
14268.0000000000 12822.0000000000
14318.0000000000 12803.0000000000
14277.0000000000 12818.0000000000
14323.0000000000 12801.0000000000
13968.0000000000 12920.0000000000
13939.0000000000 12921.0000000000
13973.0000000000 12903.0000000000
13930.0000000000 12956.0000000000
14062.0000000000 12902.0000000000
13577.0000000000 13086.0000000000
13632.0000000000 13037.0000000000
13586.0000000000 13054.0000000000
13594.0000000000 13050.0000000000
13846.0000000000 12986.0000000000
13851.0000000000 12977.0000000000
13796.0000000000 12990.0000000000
13760.0000000000 13002.0000000000
13764.0000000000 12995.0000000000
13772.0000000000 12991.0000000000
13742.0000000000 13003.0000000000
13548.0000000000 13110.0000000000
13020.0000000000 13340.0000000000
12963.0000000000 13345.0000000000
13042.0000000000 13299.0000000000
13028.0000000000 13303.0000000000
13055.0000000000 13264.0000000000
13143.0000000000 13218.0000000000
13193.0000000000 13191.0000000000
13222.0000000000 13176.0000000000
13262.0000000000 13156.0000000000
13373.0000000000 13145.0000000000
13423.0000000000 13115.0000000000
12902.0000000000 13355.0000000000
12872.0000000000 13367.0000000000
12816.0000000000 13394.0000000000
12789.0000000000 13398.0000000000
12701.0000000000 13444.0000000000
12719.0000000000 13433.0000000000
12711.0000000000 13437.0000000000
12630.0000000000 13524.0000000000
12642.0000000000 13492.0000000000
12634.0000000000 13496.0000000000
12649.0000000000 13487.0000000000
12227.0000000000 13795.0000000000
12149.0000000000 13801.0000000000
12065.0000000000 13823.0000000000
12070.0000000000 13818.0000000000
12091.0000000000 13805.0000000000
12272.0000000000 13782.0000000000
12601.0000000000 13551.0000000000
12515.0000000000 13556.0000000000
12388.0000000000 13566.0000000000
12364.0000000000 13577.0000000000
12306.0000000000 13593.0000000000
12312.0000000000 13587.0000000000
12294.0000000000 13598.0000000000
11979.0000000000 13890.0000000000
11950.0000000000 13891.0000000000
11475.0000000000 14315.0000000000
11450.0000000000 14326.0000000000
11508.0000000000 14273.0000000000
11533.0000000000 14251.0000000000
11606.0000000000 14196.0000000000
11630.0000000000 14176.0000000000
11676.0000000000 14137.0000000000
11658.0000000000 14148.0000000000
11650.0000000000 14152.0000000000
11636.0000000000 14161.0000000000
11664.0000000000 14141.0000000000
12243.0000000000 13791.0000000000
11775.0000000000 14036.0000000000
11780.0000000000 14031.0000000000
11624.0000000000 14195.0000000000
11625.0000000000 14184.0000000000
11755.0000000000 14054.0000000000
11684.0000000000 14096.0000000000
11726.0000000000 14060.0000000000
11830.0000000000 13974.0000000000
11782.0000000000 13994.0000000000
11852.0000000000 13922.0000000000
11844.0000000000 13926.0000000000
11225.0000000000 14490.0000000000
11267.0000000000 14454.0000000000
11292.0000000000 14432.0000000000
11370.0000000000 14368.0000000000
11401.0000000000 14343.0000000000
11245.0000000000 14477.0000000000
11259.0000000000 14456.0000000000
11301.0000000000 14420.0000000000
11307.0000000000 14414.0000000000
11331.0000000000 14394.0000000000
11134.0000000000 14491.0000000000
10451.0000000000 15195.0000000000
10453.0000000000 15190.0000000000
10469.0000000000 15173.0000000000
10474.0000000000 15166.0000000000
10460.0000000000 15176.0000000000
10429.0000000000 15201.0000000000
10485.0000000000 15151.0000000000
10616.0000000000 15033.0000000000
10663.0000000000 14981.0000000000
10634.0000000000 14982.0000000000
10494.0000000000 15103.0000000000
10492.0000000000 15104.0000000000
10498.0000000000 15098.0000000000
10567.0000000000 15037.0000000000
11011.0000000000 14544.0000000000
11063.0000000000 14492.0000000000
10990.0000000000 14547.0000000000
10969.0000000000 14560.0000000000
10934.0000000000 14586.0000000000
10895.0000000000 14616.0000000000
10808.0000000000 14689.0000000000
10800.0000000000 14693.0000000000
10816.0000000000 14676.0000000000
10754.0000000000 14729.0000000000
10689.0000000000 14785.0000000000
10665.0000000000 14805.0000000000
10702.0000000000 14772.0000000000
10676.0000000000 14795.0000000000
10625.0000000000 15018.0000000000
10606.0000000000 15034.0000000000
10552.0000000000 15077.0000000000
10403.0000000000 15270.0000000000
10425.0000000000 15247.0000000000
10365.0000000000 15299.0000000000
10342.0000000000 15308.0000000000
10416.0000000000 15251.0000000000
10389.0000000000 15275.0000000000
10405.0000000000 15260.0000000000
10372.0000000000 15285.0000000000
10380.0000000000 15278.0000000000
10305.0000000000 15343.0000000000
10297.0000000000 15347.0000000000
10259.0000000000 15376.0000000000
10239.0000000000 15389.0000000000
10215.0000000000 15409.0000000000
10100.0000000000 15491.0000000000
10135.0000000000 15445.0000000000
10110.0000000000 15467.0000000000
10116.0000000000 15461.0000000000
10308.0000000000 15339.0000000000
10313.0000000000 15327.0000000000
10269.0000000000 15360.0000000000
10243.0000000000 15383.0000000000
10249.0000000000 15377.0000000000
10316.0000000000 15314.0000000000
9997.0000000000 15638.0000000000
10067.0000000000 15566.0000000000
10076.0000000000 15558.0000000000
10068.0000000000 15562.0000000000
10081.0000000000 15545.0000000000
10055.0000000000 15568.0000000000
9834.0000000000 15832.0000000000
9804.0000000000 15858.0000000000
9806.0000000000 15840.0000000000
9865.0000000000 15754.0000000000
10017.0000000000 15575.0000000000
9947.0000000000 15647.0000000000
9915.0000000000 15680.0000000000
9921.0000000000 15655.0000000000
9815.0000000000 15837.0000000000
9591.0000000000 16084.0000000000
9567.0000000000 16104.0000000000
9545.0000000000 16117.0000000000
9531.0000000000 16122.0000000000
9836.0000000000 15816.0000000000
9840.0000000000 15798.0000000000
9857.0000000000 15755.0000000000
9892.0000000000 15707.0000000000
9870.0000000000 15730.0000000000
9614.0000000000 16069.0000000000
9573.0000000000 16091.0000000000
9784.0000000000 15879.0000000000
9805.0000000000 15851.0000000000
9746.0000000000 15911.0000000000
9721.0000000000 15933.0000000000
9715.0000000000 15939.0000000000
9690.0000000000 15966.0000000000
9764.0000000000 15901.0000000000
9738.0000000000 15924.0000000000
9691.0000000000 15965.0000000000
9640.0000000000 16018.0000000000
9696.0000000000 15947.0000000000
9664.0000000000 15981.0000000000
9642.0000000000 16004.0000000000
9647.0000000000 15997.0000000000
9622.0000000000 16024.0000000000
9616.0000000000 16030.0000000000
9335.0000000000 16279.0000000000
9317.0000000000 16298.0000000000
9329.0000000000 16281.0000000000
9268.0000000000 16364.0000000000
9474.0000000000 16127.0000000000
9437.0000000000 16160.0000000000
9374.0000000000 16238.0000000000
9368.0000000000 16244.0000000000
9430.0000000000 16164.0000000000
9447.0000000000 16142.0000000000
9033.0000000000 16676.0000000000
9055.0000000000 16641.0000000000
9039.0000000000 16658.0000000000
9072.0000000000 16607.0000000000
9108.0000000000 16554.0000000000
9085.0000000000 16568.0000000000
9124.0000000000 16517.0000000000
9089.0000000000 16562.0000000000
9024.0000000000 16692.0000000000
9063.0000000000 16637.0000000000
9210.0000000000 16414.0000000000
9175.0000000000 16459.0000000000
9197.0000000000 16429.0000000000
9218.0000000000 16401.0000000000
9205.0000000000 16418.0000000000
9170.0000000000 16464.0000000000
9289.0000000000 16333.0000000000
9254.0000000000 16378.0000000000
9286.0000000000 16334.0000000000
9269.0000000000 16356.0000000000
9166.0000000000 16493.0000000000
8777.0000000000 17038.0000000000
8771.0000000000 17044.0000000000
8810.0000000000 16989.0000000000
8821.0000000000 16973.0000000000
9032.0000000000 16686.0000000000
9052.0000000000 16653.0000000000
8970.0000000000 16763.0000000000
8964.0000000000 16769.0000000000
8943.0000000000 16797.0000000000
9001.0000000000 16712.0000000000
8937.0000000000 16802.0000000000
8915.0000000000 16832.0000000000
8927.0000000000 16814.0000000000
8888.0000000000 16869.0000000000
8586.0000000000 17350.0000000000
8697.0000000000 17158.0000000000
8716.0000000000 17125.0000000000
8699.0000000000 17147.0000000000
8677.0000000000 17177.0000000000
8671.0000000000 17183.0000000000
8658.0000000000 17200.0000000000
8680.0000000000 17165.0000000000
8682.0000000000 17161.0000000000
8742.0000000000 17070.0000000000
8730.0000000000 17088.0000000000
8575.0000000000 17383.0000000000
8517.0000000000 17418.0000000000
8477.0000000000 17474.0000000000
8507.0000000000 17424.0000000000
8526.0000000000 17391.0000000000
8487.0000000000 17446.0000000000
8482.0000000000 17451.0000000000
8443.0000000000 17481.0000000000
8403.0000000000 17540.0000000000
8397.0000000000 17548.0000000000
8386.0000000000 17564.0000000000
8422.0000000000 17509.0000000000
8626.0000000000 17269.0000000000
8620.0000000000 17277.0000000000
8622.0000000000 17273.0000000000
8859.0000000000 16966.0000000000
8132.0000000000 18192.0000000000
8178.0000000000 18112.0000000000
8270.0000000000 17807.0000000000
8253.0000000000 17829.0000000000
8240.0000000000 17846.0000000000
8294.0000000000 17751.0000000000
8288.0000000000 17757.0000000000
8313.0000000000 17711.0000000000
8361.0000000000 17627.0000000000
8362.0000000000 17621.0000000000
8356.0000000000 17629.0000000000
8334.0000000000 17664.0000000000
8371.0000000000 17600.0000000000
8131.0000000000 18197.0000000000
8163.0000000000 18132.0000000000
8103.0000000000 18199.0000000000
8079.0000000000 18234.0000000000
8133.0000000000 18139.0000000000
8181.0000000000 18055.0000000000
8227.0000000000 17975.0000000000
8041.0000000000 18403.0000000000
8078.0000000000 18330.0000000000
8018.0000000000 18433.0000000000
8012.0000000000 18441.0000000000
7956.0000000000 18537.0000000000
7910.0000000000 18617.0000000000
7884.0000000000 18662.0000000000
7942.0000000000 18558.0000000000
7923.0000000000 18591.0000000000
8034.0000000000 18424.0000000000
8042.0000000000 18393.0000000000
7949.0000000000 18553.0000000000
7895.0000000000 18648.0000000000
7920.0000000000 18602.0000000000
7862.0000000000 18706.0000000000
7827.0000000000 18769.0000000000
7981.0000000000 18524.0000000000
7878.0000000000 18695.0000000000
7872.0000000000 18701.0000000000
7808.0000000000 18859.0000000000
7618.0000000000 19003.0000000000
7560.0000000000 19107.0000000000
7554.0000000000 19113.0000000000
7594.0000000000 19032.0000000000
7626.0000000000 18967.0000000000
7657.0000000000 18905.0000000000
7993.0000000000 18460.0000000000
7391.0000000000 19698.0000000000
7361.0000000000 19730.0000000000
7405.0000000000 19638.0000000000
7450.0000000000 19544.0000000000
7551.0000000000 19287.0000000000
7525.0000000000 19337.0000000000
7512.0000000000 19361.0000000000
7504.0000000000 19376.0000000000
7536.0000000000 19311.0000000000
7367.0000000000 19725.0000000000
7419.0000000000 19608.0000000000
7469.0000000000 19501.0000000000
7429.0000000000 19582.0000000000
7397.0000000000 19647.0000000000
7141.0000000000 20300.0000000000
7204.0000000000 19928.0000000000
7290.0000000000 19737.0000000000
7264.0000000000 19787.0000000000
7259.0000000000 19792.0000000000
7220.0000000000 19822.0000000000
7207.0000000000 19846.0000000000
7163.0000000000 19938.0000000000
7155.0000000000 19953.0000000000
7128.0000000000 20342.0000000000
7135.0000000000 20320.0000000000
7133.0000000000 20321.0000000000
7138.0000000000 20305.0000000000
7052.0000000000 20496.0000000000
7042.0000000000 20520.0000000000
7112.0000000000 20355.0000000000
7099.0000000000 20370.0000000000
7086.0000000000 20394.0000000000
7064.0000000000 20440.0000000000
6978.0000000000 20631.0000000000
6959.0000000000 20671.0000000000
7011.0000000000 20551.0000000000
6985.0000000000 20607.0000000000
6996.0000000000 20582.0000000000
6982.0000000000 20627.0000000000
6971.0000000000 20652.0000000000
7036.0000000000 20549.0000000000
6956.0000000000 20735.0000000000
7008.0000000000 20552.0000000000
6997.0000000000 20577.0000000000
6972.0000000000 20636.0000000000
6988.0000000000 20597.0000000000
6898.0000000000 20739.0000000000
6885.0000000000 20763.0000000000
6840.0000000000 20859.0000000000
6825.0000000000 20880.0000000000
6856.0000000000 20803.0000000000
6744.0000000000 20987.0000000000
6669.0000000000 21143.0000000000
6690.0000000000 21079.0000000000
6659.0000000000 21156.0000000000
6648.0000000000 21181.0000000000
6579.0000000000 21361.0000000000
6523.0000000000 21741.0000000000
6726.0000000000 21056.0000000000
6719.0000000000 21071.0000000000
6723.0000000000 21060.0000000000
6130.0000000000 22958.0000000000
6186.0000000000 22762.0000000000
6197.0000000000 22340.0000000000
6200.0000000000 22095.0000000000
6224.0000000000 22027.0000000000
6263.0000000000 21919.0000000000
6283.0000000000 21864.0000000000
6328.0000000000 21742.0000000000
6529.0000000000 21688.0000000000
6568.0000000000 21580.0000000000
6548.0000000000 21633.0000000000
6091.0000000000 22985.0000000000
6160.0000000000 22778.0000000000
6156.0000000000 22789.0000000000
6088.0000000000 23000.0000000000
6064.0000000000 23010.0000000000
6135.0000000000 22912.0000000000
6131.0000000000 22923.0000000000
6138.0000000000 22901.0000000000
6008.0000000000 23095.0000000000
6015.0000000000 23073.0000000000
6035.0000000000 23011.0000000000
5898.0000000000 23436.0000000000
5865.0000000000 23532.0000000000
5880.0000000000 23478.0000000000
5886.0000000000 23454.0000000000
5910.0000000000 23375.0000000000
5960.0000000000 23217.0000000000
5971.0000000000 23181.0000000000
5951.0000000000 23243.0000000000
5997.0000000000 23099.0000000000
5944.0000000000 23370.0000000000
5878.0000000000 23505.0000000000
5873.0000000000 23511.0000000000
5859.0000000000 23548.0000000000
5838.0000000000 23614.0000000000
5795.0000000000 23751.0000000000
5763.0000000000 23835.0000000000
5740.0000000000 23888.0000000000
5751.0000000000 23851.0000000000
5638.0000000000 24244.0000000000
5595.0000000000 24381.0000000000
5672.0000000000 24122.0000000000
5692.0000000000 24055.0000000000
5677.0000000000 24104.0000000000
5705.0000000000 23996.0000000000
5718.0000000000 23953.0000000000
5702.0000000000 24045.0000000000
5691.0000000000 24075.0000000000
5671.0000000000 24137.0000000000
5605.0000000000 24356.0000000000
5614.0000000000 24315.0000000000
5645.0000000000 24204.0000000000
5627.0000000000 24256.0000000000
5623.0000000000 24267.0000000000
5580.0000000000 24413.0000000000
5551.0000000000 24513.0000000000
5560.0000000000 24482.0000000000
5487.0000000000 24675.0000000000
5489.0000000000 24662.0000000000
5460.0000000000 24747.0000000000
5469.0000000000 24693.0000000000
5512.0000000000 24534.0000000000
5507.0000000000 24542.0000000000
5513.0000000000 24518.0000000000
5497.0000000000 24559.0000000000
5422.0000000000 25178.0000000000
5428.0000000000 25154.0000000000
5412.0000000000 25195.0000000000
5397.0000000000 25249.0000000000
5447.0000000000 25102.0000000000
5437.0000000000 25137.0000000000
5383.0000000000 25342.0000000000
5392.0000000000 25295.0000000000
5349.0000000000 25454.0000000000
5282.0000000000 25705.0000000000
5354.0000000000 25426.0000000000
5256.0000000000 25814.0000000000
5223.0000000000 25938.0000000000
5228.0000000000 25858.0000000000
5204.0000000000 25950.0000000000
5260.0000000000 25748.0000000000
5295.0000000000 25515.0000000000
5288.0000000000 25537.0000000000
5284.0000000000 25548.0000000000
5299.0000000000 25487.0000000000
5165.0000000000 26181.0000000000
5182.0000000000 26148.0000000000
5136.0000000000 26300.0000000000
5140.0000000000 26282.0000000000
5127.0000000000 26331.0000000000
5103.0000000000 26455.0000000000
5135.0000000000 26317.0000000000
5083.0000000000 26521.0000000000
5084.0000000000 26508.0000000000
5077.0000000000 26530.0000000000
5104.0000000000 26405.0000000000
5106.0000000000 26392.0000000000
5115.0000000000 26345.0000000000
5144.0000000000 26217.0000000000
4940.0000000000 27126.0000000000
4950.0000000000 27071.0000000000
4943.0000000000 27093.0000000000
4966.0000000000 26980.0000000000
4990.0000000000 26865.0000000000
5006.0000000000 26787.0000000000
5019.0000000000 26724.0000000000
5060.0000000000 26537.0000000000
5040.0000000000 26627.0000000000
5047.0000000000 26547.0000000000
4899.0000000000 27254.0000000000
4913.0000000000 27181.0000000000
4906.0000000000 27205.0000000000
4885.0000000000 27296.0000000000
4856.0000000000 27424.0000000000
4836.0000000000 27435.0000000000
4802.0000000000 27588.0000000000
4823.0000000000 27489.0000000000
4866.0000000000 27400.0000000000
4795.0000000000 27793.0000000000
4775.0000000000 27871.0000000000
4776.0000000000 27835.0000000000
4722.0000000000 27974.0000000000
4712.0000000000 27979.0000000000
4700.0000000000 28037.0000000000
4733.0000000000 27876.0000000000
4696.0000000000 28331.0000000000
4698.0000000000 28318.0000000000
4685.0000000000 28380.0000000000
4652.0000000000 28542.0000000000
4661.0000000000 28495.0000000000
4666.0000000000 28468.0000000000
4654.0000000000 28526.0000000000
4641.0000000000 28589.0000000000
4599.0000000000 28727.0000000000
4613.0000000000 28654.0000000000
4526.0000000000 28976.0000000000
4545.0000000000 28858.0000000000
4532.0000000000 28920.0000000000
4516.0000000000 28998.0000000000
4504.0000000000 29056.0000000000
4517.0000000000 28983.0000000000
4548.0000000000 28816.0000000000
4539.0000000000 28863.0000000000
4428.0000000000 29522.0000000000
4415.0000000000 29572.0000000000
4431.0000000000 29466.0000000000
4433.0000000000 29360.0000000000
4463.0000000000 29149.0000000000
4530.0000000000 28956.0000000000
4513.0000000000 29039.0000000000
4406.0000000000 30024.0000000000
4386.0000000000 30133.0000000000
4399.0000000000 30054.0000000000
4390.0000000000 30101.0000000000
4387.0000000000 30115.0000000000
4408.0000000000 29810.0000000000
4230.0000000000 30929.0000000000
4221.0000000000 30983.0000000000
4248.0000000000 30807.0000000000
4211.0000000000 31043.0000000000
4227.0000000000 30969.0000000000
4232.0000000000 30875.0000000000
4303.0000000000 30418.0000000000
4314.0000000000 30338.0000000000
4322.0000000000 30280.0000000000
4330.0000000000 30198.0000000000
4293.0000000000 30434.0000000000
4284.0000000000 30488.0000000000
4287.0000000000 30464.0000000000
4271.0000000000 30564.0000000000
4264.0000000000 30609.0000000000
4262.0000000000 30622.0000000000
4045.0000000000 32146.0000000000
4094.0000000000 31743.0000000000
4089.0000000000 31755.0000000000
4080.0000000000 31810.0000000000
4064.0000000000 31815.0000000000
4062.0000000000 31828.0000000000
4169.0000000000 31161.0000000000
4177.0000000000 31094.0000000000
4112.0000000000 31488.0000000000
4131.0000000000 31292.0000000000
4133.0000000000 31275.0000000000
4147.0000000000 31179.0000000000
4120.0000000000 31355.0000000000
4217.0000000000 31028.0000000000
4188.0000000000 31050.0000000000
4182.0000000000 31079.0000000000
4175.0000000000 31124.0000000000
4173.0000000000 31137.0000000000
4034.0000000000 32284.0000000000
4037.0000000000 32260.0000000000
4035.0000000000 32273.0000000000
4025.0000000000 32343.0000000000
4043.0000000000 32156.0000000000
4029.0000000000 32302.0000000000
4027.0000000000 32315.0000000000
4040.0000000000 32194.0000000000
4048.0000000000 32058.0000000000
3933.0000000000 33019.0000000000
3952.0000000000 32867.0000000000
3945.0000000000 32912.0000000000
3969.0000000000 32684.0000000000
3959.0000000000 32754.0000000000
3977.0000000000 32567.0000000000
3981.0000000000 32533.0000000000
3972.0000000000 32571.0000000000
4000.0000000000 32359.0000000000
3983.0000000000 32487.0000000000
3899.0000000000 33332.0000000000
3918.0000000000 33180.0000000000
3890.0000000000 33334.0000000000
3826.0000000000 34052.0000000000
3822.0000000000 34063.0000000000
3864.0000000000 33426.0000000000
3853.0000000000 33506.0000000000
3872.0000000000 33354.0000000000
3861.0000000000 33436.0000000000
3845.0000000000 33557.0000000000
3835.0000000000 33633.0000000000
3838.0000000000 33609.0000000000
3868.0000000000 33376.0000000000
3819.0000000000 34175.0000000000
3690.0000000000 34855.0000000000
3694.0000000000 34822.0000000000
3725.0000000000 34574.0000000000
3733.0000000000 34422.0000000000
3717.0000000000 34819.0000000000
3722.0000000000 34776.0000000000
3720.0000000000 34789.0000000000
3782.0000000000 34383.0000000000
3803.0000000000 34198.0000000000
3790.0000000000 34302.0000000000
3797.0000000000 34242.0000000000
3778.0000000000 34384.0000000000
3581.0000000000 35908.0000000000
3579.0000000000 35912.0000000000
3586.0000000000 35844.0000000000
3682.0000000000 35007.0000000000
3685.0000000000 34885.0000000000
3655.0000000000 35145.0000000000
3668.0000000000 35020.0000000000
3648.0000000000 35192.0000000000
3642.0000000000 35239.0000000000
3640.0000000000 35252.0000000000
3621.0000000000 35418.0000000000
3612.0000000000 35448.0000000000
3598.0000000000 35573.0000000000
3589.0000000000 35635.0000000000
3482.0000000000 36682.0000000000
3486.0000000000 36545.0000000000
3504.0000000000 36358.0000000000
3514.0000000000 36255.0000000000
3529.0000000000 36105.0000000000
3545.0000000000 35947.0000000000
3532.0000000000 36062.0000000000
3534.0000000000 36038.0000000000
3526.0000000000 36112.0000000000
3396.0000000000 37727.0000000000
3480.0000000000 36823.0000000000
3394.0000000000 37748.0000000000
3386.0000000000 37757.0000000000
3384.0000000000 37758.0000000000
3401.0000000000 37560.0000000000
3398.0000000000 37574.0000000000
3443.0000000000 36944.0000000000
3419.0000000000 37176.0000000000
3415.0000000000 37209.0000000000
3404.0000000000 37316.0000000000
3402.0000000000 37329.0000000000
3412.0000000000 37219.0000000000
3410.0000000000 37236.0000000000
3427.0000000000 37054.0000000000
3434.0000000000 36977.0000000000
3447.0000000000 36840.0000000000
3354.0000000000 37932.0000000000
3336.0000000000 38119.0000000000
3323.0000000000 38256.0000000000
3308.0000000000 38416.0000000000
3320.0000000000 38282.0000000000
3344.0000000000 38018.0000000000
3276.0000000000 39338.0000000000
3282.0000000000 39239.0000000000
3285.0000000000 39198.0000000000
3304.0000000000 38984.0000000000
3305.0000000000 38971.0000000000
3295.0000000000 39081.0000000000
3246.0000000000 39520.0000000000
3240.0000000000 39567.0000000000
3253.0000000000 39399.0000000000
3236.0000000000 39573.0000000000
3195.0000000000 39975.0000000000
3178.0000000000 40157.0000000000
3165.0000000000 40294.0000000000
3163.0000000000 40307.0000000000
3186.0000000000 39981.0000000000
3197.0000000000 39852.0000000000
3202.0000000000 39758.0000000000
3185.0000000000 40088.0000000000
3169.0000000000 40265.0000000000
3180.0000000000 40101.0000000000
3173.0000000000 40181.0000000000
3170.0000000000 40214.0000000000
3143.0000000000 40505.0000000000
3090.0000000000 41140.0000000000
3098.0000000000 40971.0000000000
3078.0000000000 41209.0000000000
3075.0000000000 41233.0000000000
3068.0000000000 41310.0000000000
3057.0000000000 41439.0000000000
3020.0000000000 41898.0000000000
3040.0000000000 41634.0000000000
3049.0000000000 41511.0000000000
3042.0000000000 41591.0000000000
3030.0000000000 41737.0000000000
3027.0000000000 41770.0000000000
3000.0000000000 42061.0000000000
3003.0000000000 42020.0000000000
2990.0000000000 42145.0000000000
2995.0000000000 42079.0000000000
2984.0000000000 42802.0000000000
2977.0000000000 42859.0000000000
2987.0000000000 42723.0000000000
2973.0000000000 42891.0000000000
2938.0000000000 43387.0000000000
2935.0000000000 43411.0000000000
2958.0000000000 43058.0000000000
2945.0000000000 43226.0000000000
2961.0000000000 42991.0000000000
2959.0000000000 43008.0000000000
2952.0000000000 43096.0000000000
2922.0000000000 43505.0000000000
2913.0000000000 43628.0000000000
2910.0000000000 43668.0000000000
2923.0000000000 43477.0000000000
2806.0000000000 45189.0000000000
2812.0000000000 45080.0000000000
2810.0000000000 45085.0000000000
2822.0000000000 44876.0000000000
2831.0000000000 44705.0000000000
2841.0000000000 44544.0000000000
2839.0000000000 44561.0000000000
2832.0000000000 44650.0000000000
2846.0000000000 44448.0000000000
2857.0000000000 44290.0000000000
2805.0000000000 45211.0000000000
2855.0000000000 44356.0000000000
2866.0000000000 44143.0000000000
2878.0000000000 43951.0000000000
2880.0000000000 43903.0000000000
2890.0000000000 43742.0000000000
2821.0000000000 44953.0000000000
2769.0000000000 45711.0000000000
2782.0000000000 45501.0000000000
2784.0000000000 45451.0000000000
2795.0000000000 45281.0000000000
2792.0000000000 45321.0000000000
2776.0000000000 45556.0000000000
2771.0000000000 45616.0000000000
2660.0000000000 47947.0000000000
2665.0000000000 47845.0000000000
2670.0000000000 47587.0000000000
2675.0000000000 47505.0000000000
2678.0000000000 47406.0000000000
2688.0000000000 47245.0000000000
2667.0000000000 47693.0000000000
2570.0000000000 49026.0000000000
2575.0000000000 48924.0000000000
2580.0000000000 48772.0000000000
2576.0000000000 48837.0000000000
2593.0000000000 48556.0000000000
2585.0000000000 48673.0000000000
2706.0000000000 46642.0000000000
2699.0000000000 46730.0000000000
2709.0000000000 46534.0000000000
2722.0000000000 46261.0000000000
2719.0000000000 46285.0000000000
2724.0000000000 46183.0000000000
2727.0000000000 46054.0000000000
2733.0000000000 45945.0000000000
2728.0000000000 46028.0000000000
2710.0000000000 46331.0000000000
2650.0000000000 48309.0000000000
2654.0000000000 48233.0000000000
2651.0000000000 48298.0000000000
2636.0000000000 48396.0000000000
2637.0000000000 48348.0000000000
2447.0000000000 51612.0000000000
2443.0000000000 51669.0000000000
2448.0000000000 51552.0000000000
2453.0000000000 51450.0000000000
2459.0000000000 51331.0000000000
2468.0000000000 51039.0000000000
2460.0000000000 51175.0000000000
2476.0000000000 50875.0000000000
2473.0000000000 50925.0000000000
2481.0000000000 50774.0000000000
2475.0000000000 50883.0000000000
2512.0000000000 49812.0000000000
2515.0000000000 49722.0000000000
2530.0000000000 49311.0000000000
2543.0000000000 49061.0000000000
2526.0000000000 49328.0000000000
2534.0000000000 49177.0000000000
2518.0000000000 49474.0000000000
2497.0000000000 49864.0000000000
2434.0000000000 51906.0000000000
2437.0000000000 51837.0000000000
2445.0000000000 51643.0000000000
2440.0000000000 51726.0000000000
2457.0000000000 51393.0000000000
2454.0000000000 51443.0000000000
2430.0000000000 52105.0000000000
2414.0000000000 52402.0000000000
2427.0000000000 52120.0000000000
2436.0000000000 51885.0000000000
2419.0000000000 52218.0000000000
2381.0000000000 53795.0000000000
2385.0000000000 53658.0000000000
2397.0000000000 53410.0000000000
2387.0000000000 53612.0000000000
2351.0000000000 53851.0000000000
2332.0000000000 53985.0000000000
2325.0000000000 54042.0000000000
2323.0000000000 54061.0000000000
2301.0000000000 54477.0000000000
2314.0000000000 54191.0000000000
2308.0000000000 54300.0000000000
2311.0000000000 54231.0000000000
2316.0000000000 54121.0000000000
2306.0000000000 54323.0000000000
2294.0000000000 54571.0000000000
2281.0000000000 55007.0000000000
2273.0000000000 55158.0000000000
2277.0000000000 55049.0000000000
2256.0000000000 55483.0000000000
2240.0000000000 55788.0000000000
2250.0000000000 55550.0000000000
2251.0000000000 55509.0000000000
2168.0000000000 57725.0000000000
2160.0000000000 57844.0000000000
2170.0000000000 57563.0000000000
2178.0000000000 57341.0000000000
2175.0000000000 57365.0000000000
2182.0000000000 57125.0000000000
2202.0000000000 56241.0000000000
2205.0000000000 56073.0000000000
2190.0000000000 56404.0000000000
2203.0000000000 56208.0000000000
2216.0000000000 55801.0000000000
2211.0000000000 55911.0000000000
2195.0000000000 56272.0000000000
2189.0000000000 56408.0000000000
2267.0000000000 55371.0000000000
2269.0000000000 55188.0000000000
2248.0000000000 55643.0000000000
2243.0000000000 55753.0000000000
2247.0000000000 55651.0000000000
2154.0000000000 58173.0000000000
2155.0000000000 58093.0000000000
2140.0000000000 58444.0000000000
2144.0000000000 58335.0000000000
2149.0000000000 58208.0000000000
2133.0000000000 58602.0000000000
2126.0000000000 58663.0000000000
2123.0000000000 58687.0000000000
2112.0000000000 58962.0000000000
2116.0000000000 58853.0000000000
2111.0000000000 58980.0000000000
2109.0000000000 59030.0000000000
2104.0000000000 59112.0000000000
2025.0000000000 60858.0000000000
2042.0000000000 60400.0000000000
2074.0000000000 59988.0000000000
2065.0000000000 60191.0000000000
2067.0000000000 60124.0000000000
1997.0000000000 61730.0000000000
1999.0000000000 61650.0000000000
1990.0000000000 61886.0000000000
2003.0000000000 61366.0000000000
2017.0000000000 60959.0000000000
2029.0000000000 60609.0000000000
2043.0000000000 60208.0000000000
2033.0000000000 60489.0000000000
2034.0000000000 60460.0000000000
1947.0000000000 64220.0000000000
1956.0000000000 63925.0000000000
1958.0000000000 63801.0000000000
1959.0000000000 63753.0000000000
1961.0000000000 63693.0000000000
1987.0000000000 62072.0000000000
1982.0000000000 62093.0000000000
1968.0000000000 62494.0000000000
1972.0000000000 62337.0000000000
1973.0000000000 62267.0000000000
1976.0000000000 62167.0000000000
1978.0000000000 62100.0000000000
1964.0000000000 62533.0000000000
1942.0000000000 64440.0000000000
1941.0000000000 64449.0000000000
1950.0000000000 64151.0000000000
1952.0000000000 64084.0000000000
1951.0000000000 64091.0000000000
1946.0000000000 64255.0000000000
1934.0000000000 64652.0000000000
1929.0000000000 64734.0000000000
1935.0000000000 64487.0000000000
1907.0000000000 65571.0000000000
1899.0000000000 65622.0000000000
1889.0000000000 65885.0000000000
1884.0000000000 66037.0000000000
1861.0000000000 66698.0000000000
1863.0000000000 66616.0000000000
1866.0000000000 66501.0000000000
1868.0000000000 66421.0000000000
1872.0000000000 66275.0000000000
1825.0000000000 67737.0000000000
1826.0000000000 67317.0000000000
1831.0000000000 67026.0000000000
1838.0000000000 66758.0000000000
1839.0000000000 66717.0000000000
1822.0000000000 67859.0000000000
1814.0000000000 67866.0000000000
1806.0000000000 68174.0000000000
1755.0000000000 70842.0000000000
1746.0000000000 71140.0000000000
1762.0000000000 70370.0000000000
1756.0000000000 70506.0000000000
1764.0000000000 70133.0000000000
1767.0000000000 69940.0000000000
1772.0000000000 69702.0000000000
1783.0000000000 69192.0000000000
1778.0000000000 69368.0000000000
1781.0000000000 69222.0000000000
1787.0000000000 68942.0000000000
1793.0000000000 68670.0000000000
1789.0000000000 68820.0000000000
1803.0000000000 68242.0000000000
1798.0000000000 68406.0000000000
1809.0000000000 67959.0000000000
1735.0000000000 72001.0000000000
1732.0000000000 72046.0000000000
1718.0000000000 72605.0000000000
1719.0000000000 72557.0000000000
1728.0000000000 72166.0000000000
1724.0000000000 72335.0000000000
1717.0000000000 73328.0000000000
1711.0000000000 73504.0000000000
1742.0000000000 71569.0000000000
1740.0000000000 71636.0000000000
1737.0000000000 71737.0000000000
1726.0000000000 72218.0000000000
1720.0000000000 72477.0000000000
1722.0000000000 72382.0000000000
1736.0000000000 71755.0000000000
1709.0000000000 74266.0000000000
1701.0000000000 74408.0000000000
1683.0000000000 74461.0000000000
1670.0000000000 74668.0000000000
1640.0000000000 75506.0000000000
1648.0000000000 75113.0000000000
1643.0000000000 75334.0000000000
1637.0000000000 75610.0000000000
1636.0000000000 75656.0000000000
1660.0000000000 74952.0000000000
1662.0000000000 74751.0000000000
1647.0000000000 75296.0000000000
1642.0000000000 75460.0000000000
1624.0000000000 75728.0000000000
1621.0000000000 75827.0000000000
1616.0000000000 75909.0000000000
1598.0000000000 76650.0000000000
1591.0000000000 76809.0000000000
1600.0000000000 76361.0000000000
1608.0000000000 75968.0000000000
1575.0000000000 78056.0000000000
1581.0000000000 77703.0000000000
1587.0000000000 77351.0000000000
1584.0000000000 77524.0000000000
1514.0000000000 81767.0000000000
1523.0000000000 81164.0000000000
1524.0000000000 81057.0000000000
1521.0000000000 81199.0000000000
1527.0000000000 80700.0000000000
1531.0000000000 80378.0000000000
1540.0000000000 79763.0000000000
1546.0000000000 79366.0000000000
1545.0000000000 79383.0000000000
1549.0000000000 79132.0000000000
1511.0000000000 82964.0000000000
1484.0000000000 84993.0000000000
1477.0000000000 85105.0000000000
1476.0000000000 85153.0000000000
1472.0000000000 85403.0000000000
1471.0000000000 85452.0000000000
1461.0000000000 86092.0000000000
1462.0000000000 85634.0000000000
1453.0000000000 87545.0000000000
1454.0000000000 87418.0000000000
1455.0000000000 86670.0000000000
1460.0000000000 86218.0000000000
1450.0000000000 89077.0000000000
1448.0000000000 89266.0000000000
1445.0000000000 89466.0000000000
1430.0000000000 90054.0000000000
1432.0000000000 89744.0000000000
1429.0000000000 90066.0000000000
1416.0000000000 91012.0000000000
1415.0000000000 91104.0000000000
1418.0000000000 90676.0000000000
1419.0000000000 90545.0000000000
1403.0000000000 94424.0000000000
1399.0000000000 94866.0000000000
1402.0000000000 94428.0000000000
1386.0000000000 96093.0000000000
1384.0000000000 96353.0000000000
1381.0000000000 96789.0000000000
1380.0000000000 96861.0000000000
1379.0000000000 96967.0000000000
1378.0000000000 98446.0000000000
1361.0000000000 98641.0000000000
1354.0000000000 98679.0000000000
1352.0000000000 98846.0000000000
