4.332912058e-05
3.731368372e-05
4.639702231e-05
5.022741492e-05
3.996983077e-05
3.796097825e-05
5.525392455e-05
4.883007895e-05
3.686436242e-05
4.141759044e-05
3.764962135e-05
3.841617995e-05
4.326681933e-05
4.306833589e-05
4.177059276e-05
3.936459960e-05
4.386297538e-05
4.496929375e-05
4.856317711e-05
4.869790843e-05
4.892126042e-05
4.538716443e-05
4.458942252e-05
3.822250298e-05
3.746295352e-05
4.274614652e-05
4.166805330e-05
3.703709298e-05
3.787237730e-05
5.199203463e-05

3.498204147e-05
3.219907119e-05
3.250567248e-05
3.867138257e-05
3.484269558e-05
3.913544605e-05
3.862388489e-05
4.043787238e-05
3.534410218e-05
3.478199512e-05
3.961237731e-05
4.448158107e-05
3.415614592e-05
4.209516317e-05
4.292487612e-05
3.595234788e-05
4.082581446e-05
3.791559638e-05
3.909124143e-05
3.672943952e-05
3.207887411e-05
3.449172507e-05
4.206901733e-05
3.204715993e-05
3.402984401e-05
3.345652239e-05
3.600821361e-05
3.429266052e-05
3.555228089e-05
3.606921427e-05
