Number of sample populations = 3. Total number of values in the input = 90
4 2 2.5
4 2 2.5
4 2 2.5
4 2 2.5
5 2 14
5 1 14
5 1 14
5 1 14
5 1 14
5 0 14
5 1 14
5 2 14
5 1 14
5 2 14
5 2 14
5 2 14
5 2 14
5 2 14
5 2 14
5 2 14
5 2 14
5 0 14
5 2 14
6 2 44
6 0 44
6 0 44
6 0 44
6 0 44
6 0 44
6 0 44
6 0 44
6 0 44
6 0 44
6 0 44
6 1 44
6 1 44
6 1 44
6 1 44
6 1 44
6 1 44
6 1 44
6 1 44
6 1 44
6 1 44
6 1 44
6 1 44
6 1 44
6 1 44
6 1 44
6 2 44
6 2 44
6 2 44
6 2 44
6 2 44
6 2 44
6 2 44
6 2 44
6 2 44
6 2 44
6 2 44
6 2 44
6 2 44
6 0 44
7 0 72
7 0 72
7 1 72
7 1 72
7 0 72
7 0 72
7 1 72
7 1 72
7 1 72
7 1 72
7 1 72
7 0 72
7 0 72
7 0 72
7 0 72
7 0 72
7 1 72
8 1 83
8 0 83
8 0 83
8 0 83
8 0 83
9 0 88
9 0 88
9 0 88
9 0 88
11 2 90
Total number of ties =83
Number of samples = 30; sum = 1836.5
Number of samples = 30; sum = 1395.5
Number of samples = 30; sum = 863
Corrected T value =25.9103
p-value to accept the null hypothesis that all distribution functions are identical = 2.36397097e-06
