Number of sample populations = 3. Total number of values in the input = 90
109 1 1
116 0 2
119 0 3.5
119 1 3.5
120 0 5
121 1 6
122 1 7.5
122 1 7.5
123 1 9
125 1 10
126 1 11
127 1 12
128 1 13
129 0 14
130 0 16
130 1 16
130 1 16
133 1 20
133 0 20
133 1 20
133 1 20
134 0 22
135 0 23
136 0 24
137 1 25
138 0 27
138 0 27
138 0 27
139 0 29
141 0 31
141 0 31
141 1 31
143 1 34
143 1 34
143 0 34
144 1 37
144 1 37
144 1 37
146 0 39
148 1 40
149 1 41
150 0 42
150 0 42
151 0 44
152 1 45
153 1 46
154 1 47
156 0 48
157 0 49
159 0 50
159 1 50
166 1 52
170 0 53
173 0 54
177 0 55
178 0 56
181 0 57
182 0 58
183 1 59
189 0 60
221 2 61
302 2 62
322 2 63
325 2 64
341 2 65
342 2 66
342 2 66
350 2 68
352 2 69
353 2 70
358 2 71
361 2 72
363 2 73
364 2 74
364 2 74
378 2 76
378 2 76
380 2 78
380 2 78
382 2 80
383 2 81
386 2 83
386 2 83
386 2 83
392 2 85
408 2 86
426 2 87
446 2 89
446 2 89
446 2 89
Total number of ties =25
Number of samples = 30; sum = 1043.5
Number of samples = 30; sum = 786.5
Number of samples = 30; sum = 2265
Corrected T value =60.9767
p-value to accept the null hypothesis that all distribution functions are identical = 5.74229067e-14
