1.270000000e+02
1.570000000e+02
8.700000000e+01
1.200000000e+02
8.100000000e+01
1.250000000e+02
8.800000000e+01
8.400000000e+01
8.500000000e+01
1.160000000e+02
2.580000000e+02
9.200000000e+01
7.300000000e+01
1.080000000e+02
1.040000000e+02
8.500000000e+01
9.600000000e+01
9.000000000e+01
7.500000000e+01
1.330000000e+02
1.410000000e+02
1.060000000e+02
8.800000000e+01
1.180000000e+02
7.600000000e+01
1.180000000e+02
7.900000000e+01
1.020000000e+02
9.800000000e+01
1.080000000e+02

1.810000000e+02
2.580000000e+02
1.050000000e+02
2.200000000e+02
1.940000000e+02
1.280000000e+02
1.920000000e+02
2.860000000e+02
1.610000000e+02
1.040000000e+02
1.610000000e+02
2.710000000e+02
2.120000000e+02
2.640000000e+02
1.120000000e+02
2.620000000e+02
3.090000000e+02
1.190000000e+02
3.570000000e+02
2.630000000e+02
2.290000000e+02
2.180000000e+02
2.940000000e+02
2.890000000e+02
1.980000000e+02
1.610000000e+02
3.450000000e+02
2.500000000e+02
2.010000000e+02
1.700000000e+02
