3.147955734e-07
3.053459621e-07
2.669072780e-07
3.188343319e-07
2.894382734e-07
2.784200010e-07
3.175797223e-07
2.727131804e-07
2.790162878e-07
2.838002352e-07
2.736388880e-07
2.757735765e-07
3.297473349e-07
2.806253082e-07
2.601602588e-07
2.926055757e-07
2.797177243e-07
2.932545171e-07
2.671265991e-07
3.232618324e-07
2.915257763e-07
3.073187346e-07
2.890988726e-07
2.738429996e-07
3.077655206e-07
2.873681757e-07
2.774444331e-07
2.680141831e-07
2.738592870e-07
2.690877149e-07

2.590744715e-07
2.811563656e-07
2.686889529e-07
2.718155765e-07
2.569665295e-07
3.050042459e-07
2.573450520e-07
2.796288222e-07
2.396126147e-07
3.052416908e-07
2.929974316e-07
3.095920657e-07
2.508678130e-07
3.151282677e-07
2.697433630e-07
2.926993879e-07
2.475167186e-07
2.750659525e-07
2.859750034e-07
3.312522835e-07
3.373321577e-07
2.625926316e-07
3.029461242e-07
3.175389639e-07
2.757525785e-07
2.606734319e-07
3.087189727e-07
2.714331817e-07
3.030741879e-07
3.023325919e-07
