1.621610000e+05
1.648490000e+05
1.435200000e+05
1.664670000e+05
1.437120000e+05
1.698410000e+05
1.486620000e+05
1.510060000e+05
1.646850000e+05
1.505840000e+05
2.458390000e+05
1.153958000e+06
1.454060000e+05
1.494410000e+05
1.752840000e+05
1.480440000e+05
1.665290000e+05
1.485410000e+05
1.265940000e+05
1.819270000e+05
1.998370000e+05
1.247650000e+05
1.566550000e+05
1.916380000e+05
1.409770000e+05
1.649300000e+05
1.250390000e+05
1.487910000e+05
1.582070000e+05
1.575340000e+05

2.878840000e+05
3.784560000e+05
1.852500000e+05
4.440180000e+05
3.345349000e+06
2.344624000e+06
3.318786000e+06
4.686940000e+05
6.244923000e+06
2.071280000e+05
3.544500000e+05
5.152810000e+05
3.600890000e+05
3.057350000e+05
2.390970000e+05
9.337455000e+06
8.329612000e+06
2.338344000e+06
5.785910000e+05
3.556481000e+06
2.419244000e+06
5.457270000e+05
4.709780000e+05
5.278670000e+05
3.358120000e+05
3.080500000e+05
6.151840000e+05
2.366534000e+06
3.323000000e+05
2.802720000e+05
