1.591160692e-05
1.397393297e-05
1.201475274e-05
1.251090992e-05
1.340211710e-05
1.383947754e-05
1.369873297e-05
1.326496103e-05
1.224248025e-05
1.229420834e-05
1.177536611e-05
1.194391935e-05
1.542805523e-05
1.247217000e-05
1.430133847e-05
1.242199037e-05
1.486430490e-05
1.306328123e-05
1.199593515e-05
1.294632238e-05
1.189900818e-05
1.192133443e-05
1.627025710e-05
1.179519775e-05
1.313597537e-05
1.533746083e-05
1.418469316e-05
1.383760896e-05
1.346805955e-05
1.263044853e-05

2.816210182e-05
3.165204875e-05
2.383582718e-05
2.821663837e-05
3.019887411e-05
2.716609347e-05
3.220365123e-05
3.535397403e-05
2.498548959e-05
3.561547716e-05
3.228283390e-05
2.648044142e-05
2.363525261e-05
2.776132813e-05
2.760781511e-05
2.973001382e-05
3.117357581e-05
3.016705223e-05
3.679136544e-05
3.005859250e-05
2.971382977e-05
2.497766560e-05
2.881375294e-05
2.805083886e-05
2.559676682e-05
3.513945141e-05
2.937903134e-05
2.719977216e-05
2.684243216e-05
2.918833005e-05
