2.394816000e+07
1.959654400e+07
2.486438400e+07
2.379801600e+07
2.134400000e+07
2.310592000e+07
1.967577600e+07
2.075264000e+07
2.568742400e+07
2.134681600e+07
2.474508800e+07
2.005324800e+07
2.008665600e+07
2.028812800e+07
1.790464000e+07
1.501376000e+07
2.037952000e+07
1.675123200e+07
1.549017600e+07
1.954048000e+07
1.964800000e+07
1.628070400e+07
1.873548800e+07
1.996185600e+07
2.067635200e+07
2.157952000e+07
2.315456000e+07
2.348364800e+07
1.942016000e+07
1.840550400e+07

1.396931840e+08
1.321066240e+08
1.209116160e+08
1.251895040e+08
1.263013120e+08
1.225431040e+08
1.370350080e+08
1.479251200e+08
1.232904960e+08
1.186425600e+08
1.517992960e+08
1.392701440e+08
1.235348480e+08
1.157007360e+08
1.218208000e+08
1.289781760e+08
1.455289600e+08
1.420318720e+08
1.373808640e+08
1.387811840e+08
9.606976000e+07
1.154120960e+08
1.443271680e+08
1.373030400e+08
1.521053440e+08
1.340252160e+08
1.563669760e+08
1.300897280e+08
1.292047360e+08
1.511425280e+08
