6.016000000e+03
6.400000000e+03
7.424000000e+03
8.192000000e+03
9.600000000e+03
7.040000000e+03
8.704000000e+03
6.784000000e+03
7.808000000e+03
8.832000000e+03
7.936000000e+03
8.576000000e+03
7.680000000e+03
7.168000000e+03
7.168000000e+03
6.912000000e+03
8.320000000e+03
7.296000000e+03
7.936000000e+03
6.912000000e+03
6.784000000e+03
6.912000000e+03
7.040000000e+03
5.504000000e+03
7.424000000e+03
8.576000000e+03
7.040000000e+03
9.344000000e+03
7.040000000e+03
7.680000000e+03

5.132800000e+04
5.171200000e+04
5.081600000e+04
4.902400000e+04
5.068800000e+04
5.414400000e+04
5.324800000e+04
4.633600000e+04
5.376000000e+04
4.582400000e+04
5.452800000e+04
4.992000000e+04
5.056000000e+04
5.260800000e+04
5.158400000e+04
5.555200000e+04
5.772800000e+04
5.196800000e+04
5.248000000e+04
5.427200000e+04
5.580800000e+04
5.056000000e+04
4.915200000e+04
5.081600000e+04
5.094400000e+04
5.158400000e+04
5.184000000e+04
5.273600000e+04
5.286400000e+04
5.120000000e+04
