Number of sample populations = 3. Total number of values in the input = 90
2.04462e+06 1 1
2.05401e+06 1 2
2.10144e+06 1 3
2.20951e+06 1 4
2.23415e+06 1 5
2.25449e+06 1 6
2.27811e+06 1 7
2.286e+06 1 8
2.28879e+06 1 9
2.37299e+06 1 10
2.3869e+06 1 11
2.40113e+06 1 12
2.40775e+06 1 13
2.42134e+06 1 14
2.43037e+06 1 15
2.4342e+06 1 16
2.43858e+06 1 17
2.45362e+06 1 18
2.4714e+06 1 19
2.49394e+06 1 20
2.56129e+06 0 21
2.65719e+06 1 22
2.71257e+06 0 23
2.76911e+06 1 24
2.77095e+06 1 25
2.7727e+06 0 26
2.78158e+06 1 27
2.79708e+06 1 28
2.80513e+06 0 29
2.80775e+06 0 30
2.8129e+06 0 31
2.82208e+06 0 32
2.87053e+06 0 33
2.87103e+06 0 34
2.87365e+06 0 35
2.9166e+06 1 36
2.91688e+06 0 37
2.92146e+06 0 38
2.92598e+06 0 39
2.95617e+06 0 40
2.98128e+06 0 41
2.98995e+06 0 42
3.02141e+06 0 43
3.03803e+06 0 44
3.03842e+06 0 45
3.04541e+06 0 46
3.05598e+06 0 47
3.05941e+06 0 48
3.10824e+06 0 49
3.12439e+06 0 50
3.13974e+06 0 51
3.15442e+06 0 52
3.1816e+06 1 53
3.1871e+06 0 54
3.20769e+06 0 55
3.22062e+06 1 56
3.24663e+06 0 57
3.36183e+06 0 58
3.84896e+06 2 59
3.8633e+06 2 60
3.8634e+06 2 61
3.87083e+06 2 62
3.87455e+06 2 63
3.87488e+06 2 64
3.89583e+06 2 65
3.89999e+06 2 66
3.90394e+06 2 67
3.92238e+06 2 68
3.92827e+06 2 69
3.93512e+06 2 70
3.95507e+06 2 71
3.97907e+06 2 72
3.98353e+06 2 73
3.99808e+06 2 74
4.00458e+06 2 75
4.00491e+06 2 76
4.01002e+06 2 77
4.01339e+06 2 78
4.02508e+06 2 79
4.03422e+06 2 80
4.0384e+06 2 81
4.05093e+06 2 82
4.05827e+06 2 83
4.06564e+06 2 84
4.06943e+06 2 85
4.07131e+06 2 86
4.08608e+06 2 87
4.1091e+06 2 88
6.26788e+06 1 89
2.49938e+07 1 90
Total number of ties =0
Number of samples = 30; sum = 1230
Number of samples = 30; sum = 660
Number of samples = 30; sum = 2205
Corrected T value =59.6264
p-value to accept the null hypothesis that all distribution functions are identical = 1.12796982e-13
