4.558297600e+07
4.833868800e+07
4.118784000e+07
5.213824000e+07
4.382003200e+07
4.244083200e+07
4.754073600e+07
4.538124800e+07
4.174988800e+07
4.858995200e+07
4.180019200e+07
3.311360000e+07
4.323187200e+07
3.772851200e+07
4.572864000e+07
5.640089600e+07
3.523968000e+07
3.991027200e+07
4.241664000e+07
4.398924800e+07
4.173708800e+07
4.036428800e+07
4.047820800e+07
4.204224000e+07
4.590758400e+07
3.940249600e+07
4.760064000e+07
4.476339200e+07
4.212134400e+07
4.697280000e+07

9.583296000e+07
5.928025600e+07
6.373465600e+07
7.803315200e+07
6.016281600e+07
5.893747200e+07
6.526566400e+07
8.607705600e+07
6.791961600e+07
6.572800000e+07
6.706137600e+07
7.008627200e+07
7.381900800e+07
7.175385600e+07
5.666265600e+07
6.035904000e+07
5.117324800e+07
6.922304000e+07
6.902336000e+07
9.482099200e+07
6.832140800e+07
5.862387200e+07
6.452659200e+07
6.374912000e+07
6.908198400e+07
6.616179200e+07
7.409088000e+07
6.247385600e+07
6.665932800e+07
7.243443200e+07
