Number of sample populations = 3. Total number of values in the input = 90
11 0 1
12 0 2
13 0 3
14 0 8
14 0 8
14 0 8
14 0 8
14 0 8
14 1 8
14 0 8
14 0 8
14 0 8
15 0 16
15 0 16
15 0 16
15 0 16
15 1 16
15 0 16
16 0 24
16 1 24
16 0 24
16 0 24
16 0 24
16 0 24
16 0 24
16 0 24
16 1 24
16 0 24
17 1 32
17 1 32
17 1 32
17 1 32
17 1 32
17 0 32
18 1 38
18 1 38
18 0 38
18 1 38
18 0 38
18 1 38
18 0 38
19 1 45
19 1 45
19 1 45
19 1 45
19 1 45
19 1 45
19 1 45
20 1 52
20 1 52
20 1 52
20 0 52
20 0 52
20 1 52
20 1 52
20 1 52
21 1 57
22 1 58
22 1 58
24 1 60
59 2 61
60 2 62
62 2 63
63 2 66
63 2 66
63 2 66
63 2 66
63 2 66
63 2 66
64 2 72
64 2 72
64 2 72
64 2 72
65 2 76
65 2 76
65 2 76
65 2 76
66 2 80
66 2 80
66 2 80
66 2 80
66 2 80
67 2 83
68 2 84
69 2 86
69 2 86
73 2 87
74 2 88
75 2 89
76 2 90
Total number of ties =63
Number of samples = 30; sum = 586
Number of samples = 30; sum = 1244
Number of samples = 30; sum = 2265
Corrected T value =70.2769
p-value to accept the null hypothesis that all distribution functions are identical = 5.4898043e-16
