2.651798187e-06
2.211459625e-06
2.734786527e-06
2.657448840e-06
2.381372429e-06
2.246857953e-06
2.470811701e-06
2.308582003e-06
2.714256567e-06
2.230871941e-06
2.787407871e-06
2.337453431e-06
2.273662916e-06
2.368049249e-06
2.508232622e-06
2.425345080e-06
2.567670127e-06
2.546060208e-06
2.650317230e-06
2.455040619e-06
2.535324930e-06
2.500985164e-06
2.731776190e-06
2.694452755e-06
2.689403378e-06
2.235450060e-06
2.252282738e-06
2.513726708e-06
2.419660055e-06
2.630918367e-06

4.165715874e-06
3.469663157e-06
3.670561599e-06
2.944708752e-06
3.251453635e-06
3.020444604e-06
3.637031932e-06
3.934315068e-06
3.363346138e-06
3.350840801e-06
3.755336364e-06
5.218930829e-06
5.549844151e-06
3.637228019e-06
3.806625615e-06
3.555309179e-06
4.781206037e-06
5.468554252e-06
3.900660451e-06
3.236993769e-06
3.716589417e-06
3.349684315e-06
3.484053522e-06
3.663802204e-06
4.506729785e-06
3.743712384e-06
3.030510223e-06
3.171362976e-06
4.101365599e-06
3.163392525e-06

6.707835847e-06
4.972295706e-06
5.856378575e-06
5.820122324e-06
7.279483379e-06
6.186511338e-06
7.198741304e-06
7.029373689e-06
9.965257380e-06
5.806787207e-06
6.411625445e-06
5.138242846e-06
7.080365974e-06
4.437143986e-06
5.933912110e-06
4.721470768e-06
8.577957570e-06
5.989256925e-06
6.727171437e-06
5.861902960e-06
6.501088549e-06
6.591758478e-06
6.551719237e-06
5.072631534e-06
6.603850482e-06
7.174220171e-06
5.561595876e-06
4.982080088e-06
7.069312132e-06
5.267909902e-06
