2.162248936e-05
1.683379534e-05
1.749639236e-05
2.211139949e-05
1.879175929e-05
2.040380634e-05
1.870281894e-05
2.173232194e-05
1.826312353e-05
1.855903857e-05
1.981824509e-05
1.701286858e-05
1.754383188e-05
1.932251170e-05
1.866632353e-05
1.809973763e-05
2.019394260e-05
1.974562984e-05
1.912414611e-05
1.821552889e-05
2.032348890e-05
1.847121638e-05
2.156435033e-05
1.853201197e-05
2.006011703e-05
1.945632769e-05
1.919697821e-05
1.943336300e-05
2.050809179e-05
1.942105040e-05

1.216532017e-05
1.543952372e-05
1.488745334e-05
1.457012367e-05
1.530880238e-05
1.313053338e-05
1.367229954e-05
1.559483822e-05
1.408687066e-05
1.370038578e-05
1.414163851e-05
1.356359917e-05
1.359862257e-05
1.437204116e-05
1.430652446e-05
1.389053238e-05
1.222255628e-05
1.382667460e-05
1.325637948e-05
1.289951409e-05
1.322660957e-05
1.335138501e-05
1.447441754e-05
1.273798048e-05
1.343349619e-05
1.592508228e-05
1.460114440e-05
1.468145953e-05
1.491433890e-05
1.335201687e-05
