8.052352000e+06
7.876096000e+06
7.047808000e+06
6.790272000e+06
7.982976000e+06
9.095680000e+06
6.985984000e+06
6.737152000e+06
9.678336000e+06
8.103424000e+06
8.130176000e+06
8.303744000e+06
6.457856000e+06
7.550464000e+06
7.207040000e+06
6.644352000e+06
9.240576000e+06
7.092480000e+06
8.103168000e+06
8.043520000e+06
6.927360000e+06
8.131328000e+06
6.611200000e+06
7.573760000e+06
6.456448000e+06
7.022336000e+06
8.179072000e+06
6.943488000e+06
6.252032000e+06
6.377984000e+06

5.957657600e+07
4.707225600e+07
5.545126400e+07
5.531212800e+07
5.330803200e+07
4.609292800e+07
5.883481600e+07
6.816217600e+07
5.826176000e+07
5.742374400e+07
5.697689600e+07
5.310668800e+07
6.425856000e+07
6.937792000e+07
6.288486400e+07
6.271475200e+07
4.363059200e+07
5.577715200e+07
7.623257600e+07
4.683123200e+07
5.036108800e+07
6.647436800e+07
5.025638400e+07
5.674060800e+07
4.667264000e+07
5.507110400e+07
5.298752000e+07
5.111808000e+07
4.651929600e+07
5.598284800e+07
