4.339328595e-07
4.700373344e-07
7.606631116e-07
6.173688437e-07
7.583720560e-07
4.550258524e-07
7.098127832e-07
5.090533033e-07
6.545387866e-07
6.705197287e-07
7.161410004e-07
5.496934623e-07
5.128245970e-07
6.463583956e-07
5.263417491e-07
1.108336417e-06
5.136189275e-07
6.425413934e-07
5.552319398e-07
5.824246471e-07
8.792222346e-07
5.809489600e-07
8.161794233e-07
5.434648857e-07
8.506894088e-07
7.383022956e-07
4.539627397e-07
5.847560620e-07
9.517579704e-07
7.156777674e-07

2.236147624e-06
1.216687167e-06
1.404715561e-06
3.220501330e-06
2.004140471e-06
1.865823763e-06
1.529566734e-06
3.631406748e-06
1.473798646e-06
1.680580555e-06
2.720527739e-06
1.392668827e-06
1.703110512e-06
1.371181822e-06
1.515397127e-06
2.204814322e-06
1.734026490e-06
2.572761739e-06
1.424916220e-06
1.519861554e-06
1.269746115e-06
5.028630460e-06
1.459528760e-06
1.795337326e-06
1.168734520e-06
1.519677442e-06
1.154575253e-06
2.836865826e-06
1.114727588e-06
2.982774183e-06
