19232 arestas removidas
16 obrigatorias
Fim da primeira fase ... 
0.11
Fim da segunda fase ... 
14.03
Total ...
14.14
1103 64916
1104 64536
1105 64163
1108 63281
1109 63013
1111 62545
1112 62320
1113 62124
1114 61938
1116 61605
1119 61144
1122 60690
1123 60539
1127 59962
1129 59698
1130 59568
1133 59179
1135 58925
1139 58429
1141 58183
1143 57943
1144 57824
1145 57712
1146 57603
1151 57101
1154 56801
1158 56412
1164 55840
1165 55749
1169 55388
1177 54708
1181 54390
1184 54154
1188 53848
1191 53622
1194 53402
1200 52968
1203 52776
1208 52463
1213 52166
1218 51876
1223 51592
1230 51215
1232 51113
1242 50617
1248 50328
1257 49900
1265 49520
1276 48998
1286 48546
1297 48075
1305 47734
1314 47356
1322 47026
1331 46660
1342 46215
1351 45859
1358 45594
1368 45217
1378 44850
1387 44523
1402 43987
1407 43809
1413 43597
1421 43319
1429 43050
1443 42581
1449 42382
1473 41602
1491 41023
1495 40899
1502 40686
1512 40389
1521 40122
1532 39811
1549 39341
1571 38736
1578 38548
1591 38204
1603 37889
1611 37685
1623 37393
1640 36981
1654 36646
1658 36555
1673 36217
1685 35953
1698 35672
1704 35544
1722 35162
1725 35102
1735 34909
1748 34660
1753 34566
1776 34152
1793 33848
1796 33795
1819 33401
1842 33012
1851 32860
1872 32507
1887 32263
1921 31726
1945 31348
1951 31256
1960 31124
1966 31039
1986 30759
1997 30610
2012 30410
2037 30077
2047 29944
2055 29838
2062 29750
2081 29524
2100 29299
2108 29206
2126 28998
2128 28975
2141 28828
2153 28696
2183 28371
2212 28083
2230 27908
2249 27724
2270 27524
2287 27363
2299 27257
2322 27063
2377 26601
2405 26366
2427 26189
2460 25927
2499 25623
2558 25196
2571 25104
2586 24998
2629 24708
2652 24553
2687 24329
2718 24133
2745 23964
2790 23683
2803 23602
2813 23540
2845 23345
2892 23067
2897 23038
2911 22957
2936 22813
2976 22585
2989 22513
3024 22325
3069 22084
3101 21913
3142 21694
3179 21497
3212 21326
3229 21238
3253 21115
3257 21095
3260 21081
3270 21035
3304 20879
3320 20806
3339 20720
3349 20675
3379 20541
3430 20318
3448 20240
3476 20119
3499 20020
3542 19837
3559 19765
3582 19668
3617 19525
3638 19440
3641 19428
3667 19326
3683 19264
3699 19203
3713 19152
3763 18970
3782 18901
3827 18738
3840 18691
3881 18544
3911 18439
3945 18323
4016 18082
4045 17984
4061 17930
4130 17698
4148 17643
4167 17585
4183 17537
4200 17487
4222 17423
4257 17324
4283 17251
4298 17210
4318 17156
4381 16990
4402 16936
4418 16895
4449 16816
4537 16592
4669 16262
4693 16204
4749 16069
4789 15973
4830 15876
4873 15775
4926 15652
4954 15589
4992 15504
5004 15478
5018 15449
5050 15383
5084 15315
5132 15220
5174 15138
5227 15036
5292 14913
5353 14798
5403 14704
5425 14665
5498 14536
5570 14410
5617 14329
5647 14278
5709 14182
5737 14139
5794 14052
5800 14043
5859 13956
5881 13924
5918 13871
6004 13753
6026 13723
6089 13639
6160 13546
6198 13498
6210 13483
6290 13387
6312 13361
6374 13290
6448 13206
6517 13128
6541 13101
6584 13053
6674 12955
6720 12908
6835 12793
6931 12698
6994 12637
7045 12588
7137 12500
7192 12449
7233 12411
7283 12366
7352 12305
7401 12263
7505 12175
7568 12122
7641 12061
7699 12013
7739 11980
7772 11953
7871 11874
7907 11846
8012 11766
8049 11738
8114 11689
8183 11637
8257 11583
8300 11552
8324 11535
8350 11517
8412 11475
8491 11422
8611 11342
8664 11307
8737 11259
8800 11221
8876 11177
8897 11165
8998 11110
9047 11084
9163 11023
9222 10992
9257 10974
9381 10912
9404 10901
9454 10879
9475 10870
9574 10828
9631 10804
9658 10793
9700 10776
9758 10754
9809 10735
9845 10722
9912 10698
9992 10670
10038 10655
10154 10619
10177 10612
10264 10586
10372 10555
10501 10518
10516 10514
10637 10482
10789 10442
10930 10406
11029 10381
11114 10361
11180 10346
11261 10328
11344 10310
11409 10296
11512 10274
11626 10251
11742 10228
11825 10213
11903 10199
11967 10188
12032 10177
12098 10166
12259 10140
12298 10134
12439 10115
12582 10097
12646 10089
12731 10079
12864 10064
13138 10036
13168 10033
13219 10028
13317 10019
13462 10006
13609 9993
13721 9984
13861 9973
13976 9964
14106 9955
14285 9943
14433 9935
14472 9933
14594 9927
14638 9925
14691 9923
14778 9920
14959 9914
15132 9909
15286 9905
15338 9904
15444 9902
15598 9900
15694 9899
1106 63869
1107 63575
1110 62788
1115 61791
1117 61475
1118 61330
1120 61014
1121 60876
1125 60275
1124 60409
1126 60113
1128 59832
1131 59443
1132 59309
1134 59055
1136 58806
1137 58679
1138 58559
1140 58310
1142 58064
1148 57490
1149 57303
1147 57512
1150 57210
1152 57010
1153 56910
1155 56710
1156 56652
1157 56521
1162 56051
1159 56321
1163 55949
1161 56140
1160 56229
1166 55664
1167 55628
1168 55479
1175 54886
1171 55275
1172 55153
1173 55059
1176 54793
1170 55303
1174 54974
1179 54566
1180 54472
1178 54656
1182 54362
1183 54239
1187 53928
1186 54052
1185 54084
1189 53820
1190 53707
1192 53594
1193 53487
1195 53374
1198 53183
1197 53188
1196 53274
1199 53053
1201 52940
1202 52861
1204 52748
1206 52647
1205 52655
1207 52548
1209 52435
1210 52358
1211 52334
1212 52251
1214 52138
1216 52037
1215 52064
1217 51961
1219 51848
1220 51774
1221 51753
1222 51677
1224 51564
1229 51297
1227 51402
1225 51490
1228 51376
1226 51486
1231 51187
1233 51085
1236 50959
1238 50824
1234 51032
1241 50685
1239 50804
1235 50994
1237 50901
1240 50719
1243 50589
1244 50536
1245 50515
1247 50410
1246 50430
1249 50300
1252 50174
1254 50070
1253 50143
1250 50247
1256 49948
1251 50189
1255 50002
1258 49872
1261 49746
1262 49707
1259 49809
1264 49602
1260 49804
1263 49622
1266 49492
1269 49366
1271 49262
1273 49176
1272 49235
1275 49068
1270 49287
1274 49100
1268 49378
1267 49426
1282 48782
1277 48970
1285 48620
1278 48917
1283 48713
1281 48810
1280 48835
1284 48648
1292 48330
1296 48154
1287 48518
1290 48392
1291 48361
1295 48168
1288 48465
1294 48205
1293 48261
1289 48455
1298 48047
1301 47921
1302 47890
1304 47790
1299 48023
1300 47998
1303 47836
1312 47456
1311 47518
1309 47580
1310 47549
1313 47404
1308 47645
1306 47697
1317 47285
1321 47078
1315 47328
1318 47202
1319 47171
1316 47315
1320 47128
1327 46863
1329 46748
1326 46872
1325 46949
1328 46805
1323 46990
1330 46716
1336 46482
1332 46629
1338 46395
1335 46515
1340 46303
1333 46581
1337 46427
1339 46360
1334 46545
1341 46271
1345 46144
1348 46003
1347 46037
1344 46149
1343 46184
1346 46070
1349 45947
1350 45915
1354 45788
1357 45647
1352 45828
1356 45681
1353 45793
1355 45714
1365 45381
1364 45382
1359 45563
1363 45416
1360 45528
1362 45449
1367 45256
1366 45305
1361 45482
1375 45004
1374 45005
1369 45186
1373 45039
1370 45151
1376 44938
1371 45115
1372 45082
1377 44889
1384 44638
1379 44819
1380 44784
1383 44672
1382 44720
1385 44611
1381 44755
1386 44562
1398 44170
1399 44116
1395 44245
1388 44492
1393 44311
1394 44310
1389 44457
1392 44345
1390 44447
1391 44393
1397 44199
1400 44075
1396 44219
1401 44026
1403 43956
1404 43921
1405 43911
1406 43848
1411 43679
1410 43709
1409 43751
1408 43775
1412 43636
1417 43467
1419 43398
1415 43531
1418 43431
1416 43497
1414 43584
1420 43358
1428 43106
1422 43310
1425 43189
1427 43120
1423 43262
1426 43162
1424 43228
1436 42837
1430 43041
1431 43010
1432 42990
1433 42920
1437 42793
1440 42693
1439 42735
1438 42759
1442 42637
1435 42850
1434 42889
1441 42683
1448 42433
1447 42451
1445 42536
1444 42560
1446 42494
1455 42187
1456 42169
1454 42234
1463 41927
1453 42252
1462 41974
1460 42039
1457 42147
1451 42341
1450 42365
1452 42299
1469 41732
1459 42057
1467 41797
1468 41780
1470 41714
1465 41871
1472 41649
1464 41909
1466 41853
1471 41673
1458 42105
1461 41996
1474 41593
1478 41454
1475 41562
1480 41389
1476 41542
1477 41478
1479 41430
1490 41077
1485 41218
1486 41201
1484 41288
1488 41135
1483 41292
1482 41331
1487 41153
1481 41381
1489 41125
1493 40983
1494 40953
1492 41011
1501 40729
1499 40782
1500 40751
1497 40859
1496 40881
1498 40810
1506 40582
1503 40677
1511 40419
1507 40567
1509 40485
1510 40454
1505 40602
1508 40513
1504 40658
1513 40380
1519 40201
1520 40176
1515 40317
1516 40284
1514 40335
1518 40218
1517 40246
1526 39981
1528 39934
1524 40062
1531 39865
1527 39974
1523 40093
1525 40024
1529 39907
1522 40108
1537 39717
1540 39607
1541 39603
1539 39623
1536 39720
1544 39496
1548 39395
1538 39652
1535 39749
1543 39511
1542 39554
1546 39437
1545 39465
1557 39137
1558 39133
1556 39153
1552 39281
1553 39250
1562 38997
1561 39026
1570 38790
1566 38899
1560 39047
1565 38906
1564 38949
1568 38832
1567 38860
1554 39206
1576 38642
1577 38602
1573 38711
1572 38718
1575 38644
1574 38672
1583 38454
1586 38344
1581 38488
1582 38457
1590 38233
1580 38515
1585 38374
1588 38300
1584 38392
1587 38328
1599 38000
1594 38144
1595 38113
1602 37943
1592 38200
1598 38052
1597 38059
1593 38186
1600 37985
1596 38077
1609 37761
1606 37829
1607 37798
1605 37855
1610 37756
1604 37873
1608 37781
1617 37557
1622 37463
1612 37681
1619 37515
1614 37625
1615 37594
1618 37548
1616 37581
1620 37489
1629 37265
1635 37129
1624 37389
1631 37223
1638 37053
1626 37333
1627 37302
1637 37058
1632 37185
1634 37151
1639 37052
1633 37169
1636 37105
1628 37273
1652 36717
1645 36887
1641 36977
1649 36791
1648 36811
1653 36700
1643 36921
1644 36890
1646 36850
1647 36834
1650 36770
1651 36742
1642 36938
1655 36642
1657 36586
1656 36627
1664 36427
1659 36551
1663 36461
1670 36291
1667 36365
1666 36385
1671 36274
1661 36495
1668 36362
1665 36421
1669 36308
1679 36089
1684 35995
1682 36040
1674 36213
1678 36123
1676 36157
1683 36024
1681 36044
1691 35825
1696 35731
1690 35859
1693 35783
1688 35893
1695 35760
1687 35932
1686 35936
1692 35820
1694 35763
1703 35578
1701 35612
1702 35607
1699 35655
1700 35635
1719 35252
1715 35322
1712 35385
1713 35367
1706 35521
1707 35484
1714 35351
1716 35290
1721 35208
1711 35422
1710 35426
1720 35225
1717 35273
1709 35443
1718 35253
1724 35139
1730 35008
1734 34950
1727 35079
1728 35049
1729 35037
1732 34969
1731 35000
1740 34815
1737 34886
1742 34788
1747 34706
1743 34771
1738 34853
1745 34720
1744 34751
1749 34642
1751 34607
1750 34626
1758 34504
1754 34548
1762 34414
1755 34543
1761 34460
1756 34513
1759 34474
1770 34262
1768 34322
1775 34170
1769 34283
1765 34412
1771 34246
1766 34345
1773 34212
1781 34090
1785 34000
1778 34129
1779 34099
1782 34060
1788 33942
1792 33866
1783 34041
1790 33908
1787 33961
1795 33813
1801 33733
1805 33643
1798 33772
1804 33689
1802 33703
1799 33766
1817 33442
1811 33551
1814 33495
1818 33419
1816 33454
1809 33594
1813 33514
1824 33339
1828 33249
1821 33378
1827 33295
1825 33309
1822 33372
1840 33048
1834 33157
1837 33106
1841 33030
1839 33065
1832 33205
1836 33125
1847 32950
1844 32989
1846 32954
1850 32878
1848 32913
1845 32973
1856 32798
1860 32728
1861 32727
1853 32837
1859 32754
1857 32768
1854 32831
1866 32616
1867 32601
1871 32525
1863 32659
1862 32700
1869 32560
1855 32811
1877 32445
1881 32375
1874 32484
1880 32401
1878 32415
1882 32357
1886 32281
1884 32316
1892 32201
1896 32131
1902 32063
1897 32130
1889 32240
1895 32157
1898 32114
1911 31885
1893 32171
1916 31820
1920 31744
1912 31878
1918 31779
1904 32030
1915 31839
1903 32050
1900 32079
1906 31970
1926 31664
1934 31569
1923 31703
1929 31620
1932 31577
1927 31634
1940 31442
1944 31366
1936 31500
1935 31541
1942 31401
1939 31461
1924 31701
1930 31592
1947 31325
1950 31274
1948 31309
1957 31171
1956 31194
1953 31233
1958 31168
1959 31142
1954 31216
1962 31101
1965 31057
1963 31092
1979 30882
1976 30906
1981 30839
1968 31016
1971 30997
1974 30933
1977 30890
1973 30951
1980 30844
1982 30829
1985 30777
1983 30812
1996 30626
1988 30736
1994 30653
1993 30671
1991 30695
2010 30453
2007 30477
1999 30587
2005 30504
2004 30522
2006 30495
2003 30542
2009 30463
2001 30559
2030 30202
2025 30263
2022 30277
2014 30387
2020 30304
2019 30322
2031 30162
2017 30357
2033 30147
2028 30209
2035 30120
2021 30295
2034 30130
2026 30226
2039 30054
2045 29971
2044 29989
2041 30029
2043 30014
2038 30076
2049 29921
2054 29856
2051 29908
2053 29881
2052 29891
2057 29815
2056 29835
2060 29793
2059 29803
2080 29542
2069 29705
2077 29577
2075 29603
2064 29727
2070 29657
2072 29656
2066 29724
2079 29567
2073 29630
2074 29612
2099 29316
2088 29479
2094 29377
2083 29501
2089 29431
2085 29499
2098 29342
2096 29352
2092 29405
2093 29387
2102 29276
2106 29249
2104 29259
2101 29294
2114 29181
2121 29059
2120 29074
2110 29183
2117 29130
2116 29131
2124 29041
2122 29051
2115 29147
2119 29086
2118 29091
2140 28843
2136 28910
2132 28955
2135 28913
2131 28961
2137 28881
2139 28851
2134 28916
2133 28921
2147 28781
2149 28749
2151 28719
2146 28784
2145 28789
2160 28669
2158 28674
2174 28496
2161 28631
2157 28676
2162 28625
2177 28456
2165 28579
2168 28571
2179 28424
2170 28518
2171 28503
2181 28394
2164 28596
2176 28459
2175 28464
2190 28344
2188 28349
2204 28171
2198 28251
2195 28265
2191 28306
2187 28351
2192 28300
2201 28196
2202 28187
2200 28210
2206 28168
2194 28291
2208 28136
2199 28230
2210 28106
2220 28018
2224 27977
2216 28063
2221 28012
2229 27922
2226 27961
2217 28055
2218 28040
2228 27931
2223 27996
2222 28001
2235 27886
2238 27843
2242 27802
2234 27888
2247 27747
2245 27777
2236 27871
2237 27856
2240 27828
2231 27899
2241 27817
2256 27697
2264 27604
2257 27659
2261 27618
2259 27649
2266 27563
2258 27656
2268 27547
2263 27612
2252 27699
2251 27708
2262 27617
2276 27482
2278 27459
2282 27418
2274 27504
2280 27449
2281 27448
2283 27416
2275 27495
2285 27386
2292 27341
2293 27321
2295 27298
2291 27343
2297 27280
2290 27361
2314 27151
2304 27235
2321 27080
2307 27218
2302 27243
2303 27237
2312 27165
2309 27182
2320 27086
2316 27127
2318 27104
2310 27169
2305 27224
2328 27039
2329 27036
2337 26957
2327 27041
2341 26922
2344 26886
2330 27024
2325 27049
2340 26946
2326 27043
2350 26828
2335 26971
2332 26988
2361 26759
2354 26795
2364 26748
2375 26624
2371 26665
2373 26642
2365 26707
2370 26689
2368 26705
2359 26776
2358 26785
2360 26762
2392 26495
2396 26460
2399 26424
2380 26587
2381 26581
2390 26509
2387 26526
2382 26560
2403 26389
2401 26407
2393 26472
2398 26454
2386 26550
2411 26342
2412 26339
2420 26260
2410 26344
2424 26225
2413 26327
2408 26352
2409 26346
2418 26274
2415 26291
2421 26253
2425 26212
2423 26230
2414 26322
2442 26083
2435 26150
2430 26175
2445 26072
2431 26169
2440 26097
2437 26114
2457 25963
2454 25991
2438 26104
2458 25950
2448 26033
2456 25968
2453 26015
2451 26031
2447 26060
2432 26162
2483 25772
2475 25821
2465 25905
2463 25913
2464 25907
2473 25835
2470 25852
2476 25817
2496 25659
2493 25687
2477 25800
2487 25729
2497 25646
2495 25664
2492 25711
2484 25768
2466 25885
2490 25727
2481 25798
2486 25756
2482 25784
2518 25507
2522 25468
2534 25399
2514 25517
2507 25584
2502 25609
2503 25603
2509 25561
2512 25531
2504 25594
2526 25454
2542 25333
2535 25390
2552 25260
2536 25373
2546 25302
2555 25232
2554 25237
2556 25219
2551 25284
2525 25458
2549 25300
2540 25371
2545 25329
2519 25500
2529 25425
2533 25419
2541 25357
2566 25157
2561 25182
2562 25176
2568 25134
2563 25167
2567 25145
2569 25127
2579 25065
2575 25084
2581 25042
2576 25075
2580 25062
2582 25039
2584 25021
2573 25090
2605 24882
2609 24843
2604 24900
2621 24774
2623 24768
2603 24909
2594 24959
2589 24984
2599 24917
2590 24978
2596 24936
2591 24969
2613 24829
2619 24792
2614 24814
2625 24749
2627 24731
2616 24800
2648 24592
2647 24610
2632 24694
2642 24627
2633 24688
2634 24679
2646 24617
2637 24659
2650 24576
2639 24645
2670 24455
2669 24464
2660 24514
2655 24539
2683 24357
2665 24472
2656 24533
2677 24409
2662 24491
2657 24524
2679 24384
2664 24484
2672 24435
2685 24352
2674 24421
2689 24323
2710 24211
2690 24315
2700 24248
2691 24309
2712 24185
2697 24267
2692 24300
2711 24206
2714 24160
2695 24288
2708 24217
2703 24239
2716 24156
2705 24225
2720 24127
2735 24044
2721 24119
2726 24094
2731 24052
2722 24113
2728 24071
2723 24104
2741 24003
2739 24028
2730 24070
2743 23987
2738 24039
2747 23958
2762 23875
2748 23950
2753 23925
2777 23769
2785 23729
2758 23883
2749 23944
2770 23820
2755 23902
2750 23935
2786 23722
2767 23838
2773 23809
2784 23747
2780 23767
2775 23789
2788 23706
2783 23758
2759 23879
2763 23852
2792 23677
2793 23669
2798 23644
2794 23663
2800 23621
2795 23654
2799 23641
2805 23596
2806 23588
2811 23563
2807 23582
2808 23573
2815 23534
2826 23468
2830 23451
2816 23526
2821 23501
2827 23459
2817 23520
2838 23396
2818 23511
2822 23500
2841 23384
2825 23499
2843 23368
2832 23426
2835 23407
2847 23339
2868 23227
2858 23273
2862 23256
2848 23331
2853 23305
2859 23264
2849 23325
2885 23117
2870 23201
2850 23316
2869 23222
2888 23106
2875 23193
2857 23291
2877 23173
2890 23090
2860 23262
2879 23148
2882 23129
2865 23236
2894 23061
2895 23053
2896 23047
2899 23032
2910 22966
2904 23011
2900 23024
2905 22998
2901 23018
2909 22980
2906 22986
2913 22951
2924 22885
2918 22930
2914 22943
2919 22917
2915 22937
2928 22869
2921 22912
2935 22834
2930 22855
2934 22836
2922 22894
2931 22842
2926 22875
2938 22807
2959 22695
2949 22741
2968 22642
2944 22773
2939 22799
2943 22786
2940 22793
2953 22725
2946 22768
2960 22690
2957 22719
2970 22627
2974 22608
2962 22666
2951 22729
2971 22614
2966 22647
2978 22579
2979 22571
2980 22565
2986 22540
2983 22555
2987 22536
2984 22542
2991 22507
3003 22462
2999 22467
3021 22342
2997 22473
2992 22499
3017 22372
3002 22463
2996 22486
2993 22493
3006 22425
3005 22452
3013 22390
3011 22397
3018 22367
3010 22406
3019 22354
3014 22387
3026 22319
3047 22226
3032 22285
3056 22154
3027 22311
3052 22184
3031 22298
3028 22305
3041 22237
3065 22106
3040 22264
3048 22202
3061 22128
3034 22272
3063 22126
3055 22165
3044 22228
3064 22113
3059 22146
3071 22078
3083 22033
3079 22038
3077 22044
3072 22070
3076 22057
3073 22064
3086 21996
3082 22035
3093 21961
3088 21985
3095 21955
3099 21936
3084 22013
3087 21994
3096 21942
3091 21975
3103 21907
3115 21862
3124 21814
3104 21899
3105 21893
3118 21825
3134 21742
3114 21864
3125 21790
3138 21716
3129 21766
3107 21882
3110 21865
3136 21736
3128 21775
3117 21838
3137 21723
3132 21756
3152 21648
3145 21680
3149 21667
3146 21674
3159 21606
3175 21523
3144 21685
3172 21554
3166 21569
3155 21628
3147 21668
3162 21597
3173 21539
3177 21520
3165 21578
3154 21641
3171 21555
3174 21526
3169 21559
3181 21491
3193 21446
3189 21451
3182 21483
3186 21470
3183 21477
3196 21409
3192 21448
3203 21374
3199 21398
3188 21457
3195 21426
3206 21368
3210 21349
3198 21407
3207 21355
3202 21388
3214 21320
3222 21280
3215 21312
3219 21299
3216 21306
3227 21261
3221 21296
3224 21267
3231 21232
3239 21192
3246 21166
3232 21224
3233 21218
3240 21187
3247 21157
3251 21138
3236 21203
3245 21173
3248 21144
3243 21177
3255 21109
3256 21101
3259 21089
3262 21075
3263 21069
3267 21049
3266 21055
3265 21064
3272 21029
3289 20949
3298 20914
3284 20984
3293 20936
3286 20962
3288 20957
3277 21008
3280 20990
3283 20986
3273 21023
3294 20925
3301 20893
3300 20899
3299 20908
3306 20873
3311 20852
3314 20834
3307 20867
3317 20820
3316 20826
3322 20800
3338 20728
3327 20779
3330 20761
3333 20757
3323 20793
3336 20734
3335 20740
3334 20749
3341 20714
3342 20708
3346 20689
3345 20695
3351 20669
3377 20554
3372 20576
3366 20603
3367 20597
3356 20648
3362 20626
3352 20663
3360 20627
3363 20614
3353 20660
3376 20555
3375 20561
3369 20586
3381 20535
3407 20420
3393 20490
3402 20442
3392 20494
3397 20463
3396 20469
3386 20514
3395 20480
3422 20358
3382 20529
3411 20404
3414 20391
3419 20388
3404 20437
3427 20332
3426 20338
3420 20363
3400 20452
3413 20403
3432 20312
3443 20271
3447 20246
3437 20291
3433 20306
3445 20254
3442 20282
3444 20260
3438 20285
3450 20234
3469 20155
3462 20189
3471 20141
3465 20168
3455 20213
3464 20179
3451 20228
3457 20205
3460 20192
3473 20133
3458 20197
3472 20139
3466 20164
3478 20113
3493 20047
3483 20092
3492 20058
3479 20107
3480 20106
3488 20090
3496 20034
3481 20098
3495 20040
3489 20065
3501 20014
3520 19935
3536 19873
3534 19877
3513 19969
3516 19948
3506 19993
3522 19923
3502 20008
3514 19958
3519 19936
3526 19910
3531 19907
3539 19851
3524 19915
3538 19857
3532 19882
3512 19971
3544 19831
3549 19810
3558 19776
3545 19825
3556 19779
3553 19807
3555 19785
3561 19759
3580 19680
3566 19738
3575 19704
3562 19753
3579 19682
3564 19746
3578 19688
3565 19740
3572 19713
3584 19662
3603 19583
3596 19617
3595 19621
3608 19566
3612 19563
3598 19607
3585 19656
3589 19646
3591 19644
3614 19539
3599 19603
3613 19545
3600 19597
3597 19614
3601 19595
3594 19622
3607 19570
3619 19519
3631 19474
3630 19478
3624 19509
3633 19464
3620 19513
3626 19499
3635 19454
3634 19460
3621 19512
3622 19510
3628 19485
3640 19434
3643 19422
3657 19366
3654 19381
3655 19377
3660 19359
3646 19411
3649 19404
3663 19346
3651 19396
3650 19398
3664 19338
3669 19320
3681 19275
3677 19306
3679 19284
3673 19309
3680 19276
3685 19258
3697 19213
3693 19245
3695 19223
3689 19248
3696 19215
3701 19197
3712 19156
3706 19187
3709 19172
3710 19164
3731 19097
3715 19146
3726 19105
3754 19005
3729 19098
3743 19047
3720 19136
3742 19051
3725 19126
3758 18989
3732 19083
3737 19072
3749 19021
3740 19067
3746 19042
3753 19015
3747 19031
3760 18982
3765 18964
3776 18923
3775 18944
3768 18952
3778 18921
3772 18946
3766 18962
3779 18913
3800 18846
3784 18895
3795 18854
3816 18783
3823 18754
3798 18847
3812 18796
3789 18885
3794 18875
3792 18881
3821 18780
3801 18840
3813 18789
3807 18827
3804 18835
3822 18773
3811 18799
3824 18750
3808 18807
3829 18732
3834 18722
3836 18711
3837 18703
3858 18636
3842 18685
3874 18573
3856 18637
3870 18586
3847 18675
3852 18665
3853 18661
3859 18633
3868 18591
3855 18646
3867 18595
3877 18564
3865 18605
3878 18556
3862 18613
3883 18538
3903 18480
3897 18490
3888 18528
3910 18446
3898 18486
3904 18468
3907 18459
3901 18484
3895 18500
3908 18451
3892 18508
3929 18384
3913 18433
3937 18366
3922 18411
3927 18385
3918 18423
3924 18409
3940 18341
3930 18381
3932 18370
3938 18352
3931 18374
3915 18428
3935 18368
3942 18335
3926 18392
3963 18268
3947 18317
3967 18259
3980 18224
3956 18295
3961 18269
3952 18307
3960 18282
3958 18293
3974 18225
3964 18265
4014 18091
4003 18129
4009 18111
3990 18184
4002 18133
3986 18187
3966 18264
4012 18102
3971 18245
3996 18171
3993 18179
4006 18127
3982 18198
4000 18143
4013 18094
3997 18151
4034 18027
4018 18076
4032 18028
4023 18066
4035 18024
4038 18013
4031 18035
4041 18004
4029 18045
4042 17996
4026 18053
4047 17978
4056 17956
4052 17968
4048 17977
4054 17959
4057 17950
4051 17975
4058 17942
4095 17834
4079 17875
4063 17924
4083 17866
4087 17857
4072 17902
4077 17882
4068 17914
4076 17889
4078 17880
4074 17900
4080 17872
4117 17745
4123 17727
4089 17845
4100 17803
4116 17749
4114 17752
4085 17861
4126 17718
4110 17787
4107 17795
4120 17743
4096 17814
4101 17796
4127 17710
4111 17767
4132 17692
4141 17670
4146 17650
4137 17682
4147 17648
4143 17668
4135 17690
4144 17663
4145 17655
4159 17615
4164 17595
4155 17627
4165 17593
4163 17602
4161 17613
4151 17634
4149 17640
4154 17632
4160 17614
4178 17557
4174 17569
4171 17581
4182 17544
4170 17584
4176 17566
4180 17549
4190 17521
4187 17533
4198 17496
4193 17516
4195 17507
4184 17535
4197 17499
4220 17433
4212 17461
4215 17446
4213 17457
4204 17478
4209 17470
4217 17443
4206 17471
4205 17473
4203 17481
4219 17435
4248 17350
4242 17369
4229 17407
4234 17397
4226 17419
4237 17382
4239 17379
4235 17388
4252 17344
4241 17372
4240 17374
4254 17336
4277 17270
4264 17308
4269 17298
4272 17283
4270 17294
4265 17306
4261 17315
4276 17280
4267 17299
4266 17301
4280 17263
4289 17242
4290 17235
4287 17247
4296 17221
4293 17230
4295 17222
4314 17169
4305 17194
4310 17184
4311 17180
4313 17176
4302 17204
4301 17206
4303 17197
4315 17168
4334 17115
4324 17147
4342 17098
4339 17102
4360 17051
4349 17077
4338 17113
4325 17140
4330 17130
4322 17152
4358 17060
4331 17126
4359 17054
4374 17019
4346 17089
4376 17010
4365 17038
4373 17024
4355 17063
4361 17044
4364 17040
4366 17031
4378 17002
4397 16949
4395 16961
4388 16974
4401 16947
4393 16964
4385 16986
4386 16984
4387 16977
4399 16948
4408 16927
4409 16920
4414 16910
4406 16932
4413 16915
4415 16907
4432 16866
4424 16886
4442 16837
4425 16879
4430 16869
4438 16852
4422 16891
4433 16857
4444 16836
4441 16850
4423 16889
4428 16870
4446 16828
4457 16802
4470 16779
4463 16787
4490 16719
4482 16749
4455 16807
4473 16758
4483 16744
4477 16753
4495 16701
4468 16785
4491 16711
4461 16790
4453 16812
4489 16720
4505 16681
4493 16706
4465 16786
4484 16738
4480 16750
4469 16784
4503 16688
4521 16633
4530 16621
4502 16691
4532 16612
4529 16626
4511 16665
4516 16646
4513 16655
4506 16671
4526 16628
4520 16642
4487 16728
4534 16604
4545 16578
4551 16563
4578 16495
4543 16583
4561 16534
4565 16529
4583 16477
4575 16507
4579 16487
4549 16566
4541 16588
4577 16496
4581 16482
4567 16518
4591 16463
4597 16448
4576 16506
4548 16576
4589 16468
4617 16405
4611 16414
4557 16550
4562 16531
4625 16372
4559 16540
4595 16451
4552 16556
4572 16513
4587 16473
4566 16527
4627 16367
4614 16411
4653 16303
4662 16291
4634 16361
4623 16377
4643 16335
4648 16316
4645 16325
4638 16341
4658 16298
4652 16312
4666 16274
4607 16418
4631 16363
4637 16348
4616 16406
4647 16319
4664 16280
4651 16314
4618 16397
4661 16292
4602 16431
4599 16440
4635 16351
4592 16456
4612 16413
4606 16427
4663 16281
4620 16389
4683 16233
4675 16253
4681 16236
4677 16245
4688 16224
4672 16258
4690 16216
4701 16190
4714 16167
4734 16107
4721 16141
4712 16173
4746 16081
4697 16200
4705 16178
4733 16108
4724 16138
4736 16103
4713 16172
4715 16165
4717 16159
4742 16098
4725 16127
4731 16118
4703 16184
4744 16089
4728 16123
4707 16174
4718 16148
4757 16055
4763 16040
4782 16002
4783 15997
4777 16006
4787 15984
4753 16065
4761 16043
4780 16003
4773 16014
4765 16031
4771 16022
4784 15993
4768 16027
4758 16052
4786 15985
4797 15959
4803 15944
4822 15906
4823 15901
4817 15910
4827 15888
4793 15969
4801 15947
4820 15907
4814 15917
4806 15934
4825 15896
4809 15930
4813 15926
4799 15955
4790 15972
4838 15862
4844 15847
4864 15804
4858 15813
4868 15791
4842 15850
4861 15810
4857 15816
4849 15833
4848 15845
4832 15872
4852 15829
4856 15825
4833 15871
4870 15787
4881 15761
4894 15738
4887 15746
4907 15703
4901 15712
4911 15690
4877 15771
4892 15744
4885 15749
4893 15743
4910 15693
4902 15710
4919 15681
4918 15682
4880 15767
4921 15672
4900 15725
4905 15706
4909 15702
4895 15731
4886 15748
4923 15664
4883 15753
4914 15687
4917 15686
4934 15638
4947 15615
4940 15623
4938 15626
4930 15647
4946 15619
4949 15609
4933 15643
4951 15601
4962 15575
4975 15552
4988 15521
4968 15560
4986 15523
4960 15580
4958 15585
4966 15563
4974 15557
4976 15545
4985 15533
4984 15534
4964 15567
4971 15558
4989 15516
4980 15539
4983 15538
5000 15490
4998 15495
4996 15500
5012 15464
5010 15469
5008 15474
5006 15475
5015 15461
5030 15434
5026 15435
5024 15440
5022 15445
5034 15424
5036 15412
5045 15403
5033 15433
5038 15409
5047 15395
5066 15366
5062 15368
5058 15369
5056 15374
5054 15379
5078 15340
5068 15356
5070 15344
5052 15381
5079 15335
5067 15365
5072 15341
5081 15327
5096 15300
5092 15301
5106 15276
5090 15306
5088 15311
5129 15229
5126 15233
5112 15272
5104 15283
5116 15261
5118 15249
5098 15288
5100 15286
5115 15270
5111 15274
5120 15246
5140 15206
5154 15181
5138 15211
5136 15216
5170 15159
5152 15188
5158 15179
5160 15167
5142 15204
5146 15201
5151 15195
5162 15164
5171 15150
5182 15124
5196 15099
5180 15129
5177 15134
5202 15095
5224 15044
5221 15057
5211 15077
5213 15065
5193 15104
5195 15102
5204 15093
5179 15131
5210 15086
5206 15090
5185 15118
5215 15062
5235 15022
5249 14997
5233 15027
5230 15032
5255 14993
5288 14921
5271 14966
5277 14942
5274 14955
5247 15004
5276 14954
5258 14981
5260 14979
5264 14976
5269 14970
5244 15008
5250 14995
5280 14939
5239 15015
5304 14898
5300 14899
5314 14874
5298 14904
5329 14857
5295 14909
5342 14819
5337 14839
5339 14827
5319 14866
5321 14864
5325 14861
5330 14855
5305 14893
5336 14848
5311 14880
5341 14824
5332 14851
5350 14810
5365 14783
5361 14784
5375 14759
5359 14789
5386 14753
5356 14794
5381 14755
5373 14766
5387 14745
5389 14733
5369 14772
5371 14770
5391 14730
5400 14716
5419 14687
5415 14689
5411 14690
5409 14695
5406 14700
5423 14672
5422 14677
5441 14648
5437 14650
5433 14651
5471 14598
5455 14614
5431 14656
5462 14609
5428 14661
5489 14553
5444 14639
5453 14622
5472 14584
5445 14633
5484 14565
5464 14604
5476 14575
5470 14599
5486 14562
5448 14630
5495 14548
5506 14522
5544 14469
5528 14485
5504 14527
5535 14480
5501 14532
5562 14424
5526 14493
5545 14455
5556 14439
5569 14416
5536 14478
5516 14515
5548 14449
5542 14473
5509 14518
5525 14496
5558 14436
5520 14504
5567 14422
5517 14507
5582 14395
5600 14359
5586 14393
5576 14401
5590 14389
5607 14354
5574 14406
5592 14380
5598 14367
5603 14358
5609 14343
5616 14335
5595 14368
5589 14392
5605 14355
5614 14341
5629 14314
5623 14320
5621 14325
5645 14286
5633 14307
5639 14292
5646 14284
5635 14304
5644 14290
5659 14263
5669 14246
5663 14261
5653 14269
5651 14274
5667 14257
5684 14222
5675 14235
5704 14191
5695 14211
5701 14196
5708 14188
5679 14233
5697 14208
5721 14167
5731 14150
5725 14165
5715 14173
5713 14178
5729 14153
5736 14145
5712 14179
5749 14124
5759 14107
5753 14122
5743 14130
5741 14135
5774 14086
5765 14101
5780 14081
5786 14066
5793 14058
5764 14103
5769 14092
5766 14095
5754 14121
5791 14064
5798 14048
5812 14028
5822 14011
5816 14027
5810 14035
5804 14039
5837 13990
5828 14005
5845 13985
5851 13970
5858 13962
5853 13965
5834 13996
5831 13999
5819 14025
5871 13941
5869 13948
5863 13952
5873 13938
5880 13930
5875 13933
5893 13909
5885 13920
5909 13886
5903 13894
5910 13885
5917 13877
5896 13903
5912 13880
5890 13914
5930 13856
5928 13863
5922 13867
5946 13833
5940 13841
5975 13795
5989 13778
5956 13823
5996 13767
6003 13759
5982 13785
5998 13762
5979 13793
5967 13806
5964 13822
5945 13840
6016 13738
6014 13745
6008 13749
6018 13737
6025 13729
6020 13732
6038 13708
6048 13697
6050 13696
6030 13719
6032 13715
6083 13647
6064 13675
6075 13668
6081 13653
6088 13645
6067 13671
6052 13692
6061 13677
6101 13624
6111 13613
6113 13612
6099 13631
6093 13635
6127 13591
6151 13568
6146 13575
6152 13560
6159 13552
6138 13578
6123 13599
6132 13584
6154 13554
6103 13622
6172 13531
6182 13520
6184 13519
6164 13542
6190 13512
6197 13504
6176 13530
6170 13536
6192 13506
6208 13490
6202 13494
6209 13489
6204 13491
6231 13470
6251 13445
6225 13472
6232 13457
6234 13456
6220 13475
6214 13479
6246 13455
6250 13450
6272 13412
6282 13401
6289 13393
6278 13402
6268 13419
6262 13425
6284 13395
6252 13435
6294 13383
6292 13386
6304 13375
6311 13367
6300 13376
6306 13369
6333 13348
6327 13350
6335 13347
6316 13357
6336 13334
6322 13353
6355 13313
6314 13360
6366 13304
6373 13296
6362 13305
6352 13316
6346 13328
6368 13298
6415 13252
6397 13276
6378 13286
6398 13263
6384 13282
6417 13242
6443 13212
6376 13289
6440 13220
6436 13221
6426 13232
6442 13214
6410 13254
6386 13277
6469 13193
6463 13195
6471 13192
6452 13202
6472 13179
6458 13198
6488 13173
6491 13158
6450 13205
6509 13142
6516 13134
6505 13143
6495 13154
6489 13166
6511 13136
6479 13176
6455 13199
6521 13124
6527 13120
6519 13127
6533 13115
6540 13107
6529 13116
6535 13109
6549 13098
6543 13100
6576 13067
6583 13059
6572 13068
6562 13079
6564 13076
6558 13085
6570 13072
6560 13080
6554 13089
6578 13061
6598 13048
6625 13015
6592 13050
6599 13042
6609 13032
6639 13002
6641 12996
6621 13017
6630 13006
6586 13052
6642 12995
6666 12969
6673 12961
6662 12970
6652 12981
6654 12978
6648 12987
6660 12974
6650 12982
6644 12991
6631 13003
6668 12963
6605 13033
6600 13039
6612 13026
6688 12950
6682 12952
6689 12944
6711 12919
6676 12954
6719 12914
6708 12923
6698 12934
6700 12931
6694 12940
6706 12927
6696 12935
6714 12916
6757 12880
6767 12868
6734 12903
6741 12895
6745 12887
6761 12870
6728 12905
6735 12897
6769 12866
6775 12857
6777 12851
6760 12875
6758 12878
6771 12859
6722 12907
6778 12850
6753 12881
6816 12813
6783 12847
6770 12863
6834 12799
6823 12808
6813 12819
6821 12812
6811 12820
6805 12829
6815 12816
6809 12825
6826 12804
6789 12840
6829 12801
6872 12765
6882 12753
6849 12788
6856 12780
6860 12772
6843 12790
6850 12782
6884 12751
6890 12742
6886 12744
6837 12792
6868 12766
6927 12705
6898 12732
6930 12704
6919 12713
6909 12724
6917 12717
6907 12725
6911 12721
6905 12730
6874 12755
6922 12709
6885 12745
6925 12706
6873 12756
6978 12658
6945 12693
6956 12677
6972 12660
6946 12687
6980 12656
6986 12647
6969 12668
6982 12649
6933 12697
6964 12671
6981 12653
6993 12643
6970 12664
6968 12669
6937 12694
6948 12684
6985 12648
6988 12645
6936 12695
7008 12632
7015 12624
7019 12616
7035 12599
7002 12634
7009 12626
7043 12595
6996 12636
7027 12610
7044 12592
7033 12603
7023 12614
7031 12607
7021 12615
7025 12611
6999 12635
7039 12596
7059 12583
7066 12575
7070 12567
7053 12585
7060 12577
7094 12546
7100 12537
7085 12555
7047 12587
7108 12535
7095 12543
7129 12514
7136 12506
7125 12515
7115 12526
7123 12519
7113 12527
7107 12536
7117 12523
7111 12532
7080 12557
7091 12547
7086 12549
7077 12560
7131 12508
7079 12558
7074 12561
7184 12460
7151 12495
7158 12487
7162 12479
7178 12462
7145 12497
7152 12489
7177 12467
7139 12499
7170 12473
7187 12455
7168 12476
7172 12472
7141 12498
7146 12496
7186 12457
7206 12444
7217 12428
7200 12446
7207 12438
7232 12416
7194 12448
7225 12422
7221 12426
7213 12434
7227 12419
7239 12409
7282 12369
7273 12378
7235 12410
7254 12399
7266 12384
7267 12383
7250 12401
7257 12393
7242 12404
7271 12381
7263 12389
7277 12374
7289 12364
7332 12324
7341 12318
7319 12338
7323 12333
7309 12348
7285 12365
7346 12313
7316 12339
7336 12322
7326 12332
7311 12343
7340 12320
7297 12356
7295 12362
7301 12354
7294 12363
7302 12350
7358 12303
7388 12277
7392 12272
7378 12287
7354 12304
7373 12293
7385 12278
7368 12298
7375 12290
7360 12301
7381 12286
7395 12271
7415 12259
7419 12257
7407 12261
7459 12215
7474 12202
7437 12235
7441 12230
7427 12245
7403 12262
7422 12251
7464 12210
7434 12236
7489 12192
7493 12190
7450 12226
7485 12198
7456 12217
7454 12224
7499 12183
7455 12220
7511 12173
7563 12127
7541 12147
7545 12142
7531 12157
7507 12174
7526 12163
7538 12148
7527 12160
7552 12139
7556 12137
7519 12164
7517 12171
7562 12130
7518 12167
7619 12085
7574 12120
7626 12074
7604 12094
7608 12089
7570 12121
7632 12073
7589 12110
7601 12095
7615 12088
7600 12099
7625 12078
7586 12112
7621 12084
7592 12103
7635 12069
7578 12114
7591 12106
7692 12024
7647 12059
7677 12033
7681 12028
7667 12043
7643 12060
7662 12049
7674 12034
7666 12048
7673 12040
7658 12051
7650 12055
7693 12021
7649 12058
7705 12011
7735 11985
7725 11995
7701 12012
7720 12001
7732 11986
7713 12007
7723 11997
7719 12003
7745 11978
7765 11962
7741 11979
7760 11968
7756 11970
7752 11976
7766 11961
7853 11895
7786 11949
7850 11897
7846 11899
7790 11947
7778 11951
7808 11925
7798 11935
7774 11952
7861 11887
7836 11904
7793 11941
7830 11912
7855 11891
7859 11889
7822 11916
7813 11922
7831 11907
7865 11882
7838 11901
7821 11919
7885 11870
7889 11868
7877 11872
7897 11856
7873 11873
7892 11862
7891 11863
7895 11861
7887 11869
7901 11854
7944 11818
7988 11788
7921 11842
7985 11790
7925 11840
7981 11792
7958 11809
7913 11844
7976 11794
7927 11839
7933 11828
7950 11815
7909 11845
7972 11797
7996 11780
7928 11834
7969 11804
7963 11808
7954 11814
7939 11827
8006 11774
7979 11793
8030 11760
8026 11762
8018 11764
8032 11759
8038 11748
8014 11765
8033 11754
8037 11753
8029 11761
8043 11746
8063 11734
8100 11701
8055 11736
8075 11720
8092 11707
8051 11737
8070 11726
8111 11696
8077 11717
8098 11706
8065 11731
8074 11722
8081 11716
8132 11683
8165 11652
8140 11671
8157 11658
8116 11688
8127 11684
8138 11672
8135 11677
8176 11647
8146 11665
8134 11679
8125 11685
8143 11670
8172 11650
8118 11686
8150 11664
8133 11682
8256 11589
8234 11600
8203 11630
8209 11619
8226 11606
8185 11636
8207 11620
8204 11625
8245 11595
8220 11611
8199 11631
8254 11594
8188 11635
8217 11616
8192 11632
8224 11610
8275 11577
8264 11579
8261 11581
8283 11565
8259 11582
8270 11578
8281 11566
8263 11580
8277 11569
8297 11563
8318 11546
8307 11548
8304 11550
8320 11545
8313 11547
8321 11540
8331 11531
8328 11533
8344 11528
8345 11523
8326 11534
8339 11529
8368 11511
8385 11499
8357 11513
8403 11482
8354 11515
8399 11491
8371 11505
8375 11503
8400 11490
8386 11493
8369 11506
8388 11492
8401 11487
8379 11502
8447 11457
8419 11471
8485 11427
8465 11440
8416 11473
8474 11436
8433 11463
8454 11450
8443 11460
8450 11452
8448 11453
8467 11439
8480 11434
8458 11449
8429 11464
8509 11416
8526 11404
8556 11383
8522 11408
8498 11418
8564 11374
8544 11387
8495 11420
8511 11415
8512 11410
8574 11370
8563 11380
8608 11353
8542 11394
8594 11356
8532 11395
8585 11360
8570 11372
8568 11373
8587 11359
8600 11354
8578 11369
8549 11384
8615 11340
8618 11338
8660 11316
8632 11330
8627 11335
8647 11321
8638 11325
8623 11337
8640 11324
8653 11319
8631 11334
8726 11271
8729 11268
8671 11303
8670 11305
8727 11269
8700 11287
8688 11292
8684 11294
8720 11273
8696 11289
8711 11277
8694 11290
8713 11276
8704 11286
8675 11301
8772 11241
8743 11257
8757 11252
8786 11233
8758 11247
8796 11228
8792 11230
8751 11254
8747 11256
8783 11235
8774 11239
8776 11238
8843 11200
8835 11203
8856 11192
8806 11219
8820 11214
8849 11195
8821 11209
8859 11190
8865 11189
8868 11186
8833 11208
8852 11194
8813 11215
8884 11175
8896 11170
8889 11174
8940 11144
8924 11153
8905 11163
8997 11117
8932 11147
8976 11126
8953 11137
8920 11155
8965 11131
8917 11158
8946 11139
8956 11134
8990 11119
8922 11154
8945 11142
8928 11152
8972 11128
8974 11127
8977 11122
9025 11098
9006 11108
9033 11092
9046 11090
9021 11100
9018 11103
9026 11096
9097 11062
9074 11072
9055 11082
9082 11066
9095 11064
9126 11045
9070 11074
9103 11056
9067 11077
9106 11053
9062 11078
9155 11032
9093 11065
9137 11041
9114 11049
9139 11040
9100 11061
9142 11035
9213 11001
9171 11021
9190 11011
9198 11005
9211 11003
9186 11013
9219 10995
9183 11016
9196 11010
9173 11018
9201 11004
9230 10990
9249 10980
9245 10982
9242 10985
9236 10986
9307 10952
9275 10972
9357 10926
9305 10954
9280 10964
9293 10961
9336 10935
9313 10946
9325 10940
9277 10967
9299 10957
9354 10928
9373 10918
9346 10930
9332 10938
9360 10924
9322 10943
9265 10973
9396 10907
9419 10896
9425 10892
9452 10881
9440 10888
9446 10884
9431 10890
9469 10874
9467 10876
9532 10846
9498 10863
9494 10867
9502 10859
9511 10857
9517 10853
9524 10850
9547 10844
9566 10834
9497 10866
9568 10832
9530 10848
9553 10837
9597 10821
9601 10817
9616 10811
9581 10826
9596 10822
9623 10810
9587 10824
9625 10808
9610 10813
9650 10799
9652 10797
9681 10786
9694 10780
9692 10782
9673 10787
9723 10769
9746 10761
9736 10763
9750 10760
9731 10765
9710 10774
9752 10758
9716 10771
9781 10747
9794 10741
9782 10746
9803 10739
9767 10752
9832 10728
9818 10733
9839 10726
9868 10715
9891 10707
9904 10704
9885 10709
9906 10702
9876 10711
9861 10717
9935 10691
9984 10676
9965 10681
9986 10674
9956 10683
9941 10689
9925 10694
10015 10663
10030 10661
10011 10666
10032 10659
10002 10668
10061 10648
10125 10629
10101 10642
10146 10624
10085 10645
10108 10634
10148 10623
10118 10632
10103 10638
10087 10643
10074 10647
10169 10615
10192 10608
10241 10593
10256 10592
10218 10601
10237 10597
10258 10590
10228 10599
10213 10605
10363 10561
10303 10580
10346 10565
10279 10582
10349 10562
10326 10570
10345 10566
10336 10568
10366 10559
10321 10574
10285 10581
10305 10579
10438 10540
10493 10523
10471 10530
10437 10541
10454 10534
10387 10551
10478 10525
10455 10533
10474 10529
10465 10531
10495 10522
10450 10537
10414 10544
10385 10554
10434 10542
10393 10549
10582 10499
10569 10507
10581 10500
10601 10494
10546 10511
10597 10496
10579 10501
10614 10489
10591 10497
10610 10493
10590 10498
10550 10508
10622 10486
10570 10506
10529 10513
10703 10467
10736 10457
10735 10461
10702 10468
10722 10462
10718 10464
10700 10469
10766 10449
10668 10474
10762 10453
10753 10455
10660 10479
10774 10446
10681 10473
10855 10427
10842 10435
10888 10417
10828 10436
10854 10428
10874 10422
10870 10424
10852 10429
10907 10413
10809 10438
10884 10421
10843 10432
10915 10410
10822 10437
10996 10391
10969 10400
10995 10392
10960 10403
10993 10393
11006 10388
10983 10396
10982 10397
10978 10399
11014 10385
11095 10366
11068 10375
11094 10367
11059 10378
11110 10363
11091 10368
11087 10372
11078 10374
11067 10377
11099 10365
11153 10355
11179 10347
11144 10358
11177 10348
11157 10353
11165 10350
11233 10339
11219 10340
11245 10332
11243 10333
11238 10335
11195 10343
11314 10321
11300 10322
11326 10314
11321 10317
11278 10325
11383 10304
11374 10307
11408 10299
11386 10303
11373 10309
11394 10300
11391 10301
11487 10282
11476 10284
11473 10285
11489 10281
11446 10289
11427 10294
11447 10288
11429 10292
11497 10278
11494 10279
11590 10260
11579 10262
11595 10259
11551 10268
11576 10263
11603 10258
11560 10266
11523 10273
11541 10271
11561 10265
11543 10269
11611 10255
11608 10256
11704 10237
11693 10239
11709 10236
11665 10245
11656 10248
11690 10240
11719 10235
11676 10243
11639 10250
11677 10242
11659 10246
11727 10232
11724 10233
11820 10214
11795 10221
11809 10216
11781 10222
11772 10225
11806 10217
11802 10220
11760 10227
11878 10206
11842 10212
11864 10207
11855 10210
11887 10202
11885 10204
11920 10198
11942 10193
11933 10196
11951 10191
11984 10187
12006 10182
11997 10185
12016 10180
12049 10176
12071 10171
12062 10174
12082 10169
12162 10158
12115 10165
12137 10160
12128 10163
12236 10147
12181 10154
12243 10143
12176 10155
12241 10145
12193 10151
12276 10139
12282 10137
12349 10129
12362 10126
12353 10128
12315 10133
12328 10131
12383 10124
12423 10118
12400 10121
12421 10120
12490 10110
12503 10107
12494 10109
12456 10114
12469 10112
12524 10105
12566 10100
12543 10103
12564 10102
12637 10091
12599 10096
12612 10094
12630 10092
12607 10095
12697 10084
12663 10088
12676 10086
12722 10081
12667 10087
12715 10082
12692 10085
12835 10069
12748 10078
12761 10076
12855 10066
12800 10072
12848 10067
12825 10070
12779 10074
12915 10059
12881 10063
12968 10054
13001 10050
12962 10055
12950 10057
12894 10061
13129 10038
13074 10044
13018 10049
13105 10040
13087 10043
13099 10042
13053 10046
13159 10035
13210 10030
13186 10032
13189 10031
13258 10026
13266 10024
13308 10021
13253 10027
13284 10023
13287 10022
13429 10010
13356 10017
13411 10011
13453 10008
13398 10014
13364 10015
13432 10009
13574 9997
13501 10004
13558 9998
13600 9995
13545 10001
13511 10002
13579 9996
13648 9991
13670 9989
13712 9986
13688 9988
13691 9987
13782 9981
13836 9975
13810 9978
13828 9977
13749 9982
13831 9976
13922 9970
13900 9971
13925 9969
13967 9966
13943 9968
13946 9967
14095 9956
14037 9961
14015 9962
14055 9960
14073 9959
14076 9958
14145 9953
14234 9948
14221 9951
14252 9947
14231 9950
14155 9952
14274 9944
14255 9946
14346 9940
14324 9941
14400 9939
14403 9938
14422 9936
14461 9934
14533 9930
14516 9931
14583 9928
14555 9929
14627 9926
14690 9924
14725 9922
14830 9919
14951 9915
14906 9916
14872 9917
15011 9913
15113 9910
15079 9911
15045 9912
15184 9908
15233 9907
15392 9903
15540 9901
MAXX = 15694 64916
