33068 arestas removidas
0 obrigatorias
Fim da primeira fase. Quantidade de solucoes suportadas : 151
0.86
Fim da segunda fase. Quantidade de solucoes nao-suportadas: 7719
Quantidade total de solucoes : 7870
32.23
Total: 33.09 segundos
15 27678
16 27667
21 27617
25 27581
31 27533
44 27442
54 27382
72 27292
108 27148
120 27106
157 26995
181 26935
184 26928
289 26718
337 26638
344 26627
414 26522
419 26515
494 26415
508 26397
548 26347
557 26336
607 26276
643 26234
692 26178
732 26133
750 26113
761 26101
775 26086
2336 24525
2358 24504
2400 24464
2500 24369
2576 24297
2630 24246
2766 24118
2974 23923
3036 23865
3171 23739
3229 23685
3383 23542
3464 23467
3763 23191
3915 23051
4090 22890
4201 22788
4561 22458
4749 22286
4889 22158
5005 22052
5086 21978
5316 21768
5656 21458
5836 21294
6060 21090
6127 21029
6216 20948
7558 19728
7634 19659
7894 19423
8110 19227
8282 19071
8432 18935
8816 18587
8986 18433
9039 18385
9261 18184
10164 17367
10258 17282
10404 17150
10612 16962
11325 16318
11613 16058
12023 15688
12380 15366
12563 15201
12989 14817
13232 14598
13414 14434
15194 12832
15372 12672
15530 12530
15599 12468
16012 12097
16257 11877
16345 11798
16852 11343
17192 11038
17801 10492
17955 10354
18483 9881
18751 9641
18923 9487
19892 8620
20062 8468
20326 8232
20702 7896
20777 7829
21309 7354
21439 7238
21994 6743
22409 6373
22731 6086
23006 5841
23198 5670
23280 5597
24468 4541
24539 4478
24663 4368
24822 4227
24866 4188
24971 4095
25154 3933
25388 3726
25508 3620
25967 3215
26093 3104
26193 3016
26251 2965
26923 2377
26954 2350
27023 2290
27233 2108
27365 1994
27394 1969
27667 1735
27727 1684
27844 1585
27882 1553
28056 1408
28079 1389
28096 1375
28206 1285
28222 1272
28477 1068
28513 1040
28526 1030
28690 907
28767 852
28777 845
28954 727
28965 720
28973 715
29013 691
29155 620
29162 617
29172 613
29214 599
29221 597
29241 592
29251 590
17 27657
18 27648
19 27645
20 27628
22 27608
23 27599
24 27590
26 27573
27 27565
28 27557
30 27541
29 27549
32 27526
43 27515
35 27523
36 27522
37 27521
40 27518
38 27520
33 27524
39 27519
42 27516
45 27436
52 27428
53 27426
46 27431
48 27429
47 27430
55 27377
66 27365
67 27363
61 27369
60 27370
56 27373
64 27366
68 27362
62 27367
58 27371
70 27359
73 27288
92 27268
74 27284
79 27279
94 27266
75 27283
86 27272
78 27280
77 27281
98 27262
88 27270
96 27263
80 27277
99 27260
84 27274
93 27267
102 27256
103 27255
81 27276
89 27269
87 27271
109 27145
110 27142
111 27140
113 27137
117 27133
114 27136
118 27132
121 27103
122 27100
123 27099
156 27069
143 27080
127 27095
134 27088
130 27092
124 27096
139 27082
128 27093
145 27078
148 27074
135 27087
151 27071
137 27085
144 27079
146 27076
131 27089
154 27070
158 26993
175 26975
169 26980
159 26990
168 26981
173 26976
167 26982
176 26974
161 26987
160 26988
170 26978
162 26984
163 26983
177 26971
182 26933
183 26931
185 26926
211 26900
274 26844
277 26841
189 26920
273 26845
222 26890
246 26869
267 26850
186 26924
208 26903
249 26866
278 26840
199 26911
187 26922
229 26884
256 26859
200 26909
226 26886
255 26860
221 26891
224 26888
275 26842
258 26857
213 26898
268 26848
212 26899
232 26881
203 26907
206 26904
235 26878
216 26895
218 26893
270 26846
230 26882
209 26901
215 26896
233 26880
191 26917
217 26894
196 26913
227 26885
237 26876
238 26875
243 26870
260 26855
201 26908
282 26835
190 26918
254 26861
265 26851
247 26867
279 26837
240 26873
193 26915
252 26862
194 26914
262 26853
197 26912
219 26892
236 26877
264 26852
250 26864
204 26905
223 26889
290 26717
294 26711
295 26710
291 26715
293 26712
308 26698
292 26713
318 26689
331 26677
304 26701
322 26685
315 26691
321 26686
320 26687
314 26692
319 26688
309 26697
334 26674
329 26678
310 26695
336 26672
296 26707
305 26699
298 26705
327 26680
312 26693
299 26704
302 26702
324 26682
332 26675
323 26683
338 26637
340 26634
339 26635
343 26630
341 26632
342 26631
387 26586
410 26565
360 26610
404 26571
405 26570
356 26614
347 26623
359 26611
345 26626
382 26590
366 26605
350 26619
411 26564
388 26585
362 26608
346 26624
380 26592
351 26618
399 26575
376 26595
352 26617
412 26563
392 26581
364 26606
406 26568
353 26616
371 26600
391 26582
400 26573
367 26603
381 26591
383 26589
402 26572
349 26620
408 26566
407 26567
375 26596
389 26583
393 26579
384 26587
354 26615
394 26578
378 26593
369 26601
397 26576
374 26597
372 26599
373 26598
348 26621
357 26612
416 26520
415 26521
418 26517
417 26518
424 26509
421 26513
420 26514
423 26510
478 26460
437 26497
431 26502
427 26506
462 26474
448 26487
439 26495
440 26494
460 26476
432 26501
493 26446
438 26496
451 26484
455 26480
459 26477
468 26469
469 26468
453 26482
452 26483
492 26447
450 26485
463 26473
461 26475
485 26453
471 26466
449 26486
491 26448
441 26493
470 26467
472 26465
486 26452
422 26511
483 26455
482 26456
473 26464
445 26489
457 26478
464 26472
474 26463
435 26498
425 26507
444 26490
484 26454
465 26471
433 26499
480 26457
479 26458
429 26503
489 26449
428 26504
466 26470
446 26488
475 26461
442 26491
487 26451
497 26412
501 26407
496 26413
495 26414
507 26401
500 26408
503 26405
506 26402
502 26406
498 26410
499 26409
504 26403
511 26394
510 26395
509 26396
522 26382
537 26369
515 26389
539 26367
513 26391
516 26388
535 26370
547 26360
517 26387
518 26386
512 26392
528 26377
520 26384
514 26390
538 26368
541 26365
530 26375
524 26380
521 26383
523 26381
540 26366
529 26376
542 26364
534 26371
545 26361
544 26362
531 26373
526 26378
551 26344
552 26343
550 26345
549 26346
555 26339
553 26341
556 26338
554 26340
599 26297
561 26332
560 26333
598 26298
593 26302
575 26318
583 26311
582 26312
559 26334
594 26301
574 26319
558 26335
562 26330
566 26326
603 26293
591 26303
586 26308
576 26317
565 26327
564 26328
587 26307
589 26305
563 26329
584 26309
579 26314
580 26313
570 26322
604 26292
601 26294
600 26295
595 26299
571 26320
605 26290
569 26323
578 26315
567 26324
610 26273
612 26271
611 26272
621 26262
625 26258
634 26250
609 26274
633 26251
624 26259
608 26275
614 26268
613 26269
626 26257
630 26253
618 26264
631 26252
622 26260
641 26243
628 26255
616 26266
615 26267
629 26254
638 26246
636 26248
635 26249
617 26265
637 26247
639 26245
619 26263
648 26229
664 26214
647 26230
649 26228
663 26215
646 26231
670 26208
661 26216
669 26209
679 26200
660 26217
680 26199
645 26232
644 26233
654 26222
686 26193
667 26210
658 26218
677 26201
653 26223
687 26192
651 26225
665 26212
657 26219
673 26205
674 26204
650 26226
672 26206
666 26211
683 26196
671 26207
685 26194
652 26224
681 26197
675 26203
689 26190
655 26221
695 26175
705 26165
710 26160
724 26148
731 26142
712 26159
697 26173
719 26152
706 26164
698 26172
704 26166
723 26149
699 26171
696 26174
725 26147
717 26154
694 26176
729 26143
718 26153
709 26161
728 26144
693 26177
707 26162
726 26145
713 26157
721 26150
702 26167
701 26168
700 26169
715 26155
739 26126
737 26128
735 26130
740 26125
736 26129
745 26120
741 26124
747 26118
746 26119
738 26127
748 26117
734 26131
749 26116
733 26132
743 26121
742 26122
759 26104
758 26105
756 26107
757 26106
755 26108
753 26110
760 26103
754 26109
752 26111
751 26112
764 26098
766 26096
771 26091
767 26095
772 26090
770 26092
769 26093
773 26089
774 26088
765 26097
768 26094
763 26099
762 26100
788 26073
855 26013
805 26058
828 26037
807 26056
780 26081
858 26010
782 26079
848 26019
798 26064
845 26022
817 26047
785 26076
804 26059
796 26066
839 26027
787 26074
786 26075
779 26082
784 26077
849 26018
781 26080
846 26021
824 26041
818 26046
856 26012
823 26042
864 26005
835 26031
836 26030
842 26024
825 26040
844 26023
797 26065
808 26055
868 26001
778 26083
869 26000
830 26035
802 26060
783 26078
872 25997
850 26017
829 26036
840 26026
832 26033
806 26057
854 26014
819 26045
831 26034
793 26068
847 26020
859 26009
799 26063
871 25998
874 25996
820 26044
789 26072
813 26050
800 26062
861 26007
867 26002
862 26006
791 26070
809 26054
841 26025
790 26071
811 26052
870 25999
857 26011
777 26084
801 26061
860 26008
776 26085
810 26053
821 26043
833 26032
852 26015
794 26067
837 26028
815 26048
826 26038
865 26003
2338 24524
2339 24523
2342 24520
2341 24521
2340 24522
2343 24519
2344 24518
2349 24513
2345 24517
2346 24516
2347 24515
2351 24511
2348 24514
2352 24510
2350 24512
2353 24509
2354 24508
2355 24507
2356 24506
2357 24505
2360 24503
2361 24502
2399 24467
2362 24501
2382 24482
2363 24500
2383 24481
2381 24483
2364 24499
2365 24498
2384 24480
2366 24497
2394 24471
2396 24469
2367 24496
2371 24492
2370 24493
2368 24495
2372 24491
2373 24490
2369 24494
2375 24488
2374 24489
2376 24487
2385 24479
2387 24477
2377 24486
2395 24470
2388 24476
2378 24485
2386 24478
2389 24475
2390 24474
2379 24484
2397 24468
2392 24472
2493 24380
2422 24444
2403 24462
2402 24463
2442 24426
2463 24407
2404 24461
2435 24432
2405 24460
2484 24388
2443 24425
2485 24387
2406 24459
2482 24390
2455 24414
2433 24434
2423 24443
2436 24431
2481 24391
2453 24416
2444 24424
2483 24389
2432 24435
2498 24376
2494 24379
2407 24458
2425 24441
2486 24386
2499 24375
2426 24440
2465 24405
2495 24378
2408 24457
2434 24433
2454 24415
2452 24417
2462 24408
2438 24429
2445 24423
2466 24404
2410 24455
2411 24454
2409 24456
2464 24406
2414 24451
2412 24453
2416 24449
2476 24395
2456 24413
2487 24385
2424 24442
2447 24421
2415 24450
2428 24438
2446 24422
2417 24448
2413 24452
2467 24403
2489 24383
2458 24411
2478 24393
2477 24394
2429 24437
2457 24412
2448 24420
2418 24447
2479 24392
2449 24419
2437 24430
2488 24384
2468 24402
2427 24439
2439 24428
2419 24446
2471 24399
2469 24401
2490 24382
2430 24436
2470 24400
2420 24445
2496 24377
2491 24381
2450 24418
2474 24396
2472 24398
2460 24409
2440 24427
2519 24352
2502 24368
2533 24339
2503 24367
2563 24312
2504 24366
2505 24365
2521 24350
2520 24351
2506 24364
2543 24330
2565 24310
2542 24331
2555 24319
2523 24348
2536 24336
2544 24329
2566 24309
2524 24347
2507 24363
2562 24313
2554 24320
2575 24301
2522 24349
2538 24334
2525 24346
2556 24318
2564 24311
2545 24328
2508 24362
2509 24361
2510 24360
2513 24357
2512 24358
2516 24354
2511 24359
2514 24356
2527 24344
2515 24355
2547 24326
2526 24345
2557 24317
2546 24327
2548 24325
2558 24316
2567 24308
2529 24342
2530 24341
2537 24335
2568 24307
2559 24315
2531 24340
2549 24324
2517 24353
2569 24306
2539 24333
2540 24332
2571 24304
2550 24323
2572 24303
2560 24314
2570 24305
2573 24302
2534 24337
2552 24321
2628 24250
2579 24295
2598 24277
2578 24296
2609 24267
2580 24294
2581 24293
2596 24279
2582 24292
2629 24249
2599 24276
2610 24266
2612 24264
2583 24291
2601 24274
2597 24278
2620 24257
2584 24290
2600 24275
2585 24289
2586 24288
2588 24286
2587 24287
2589 24285
2603 24272
2590 24284
2621 24256
2604 24271
2602 24273
2591 24283
2622 24255
2611 24265
2605 24270
2624 24253
2623 24254
2613 24263
2606 24269
2607 24268
2614 24262
2592 24282
2593 24281
2616 24260
2625 24252
2594 24280
2615 24261
2626 24251
2618 24258
2649 24229
2723 24162
2633 24244
2632 24245
2634 24243
2711 24173
2672 24208
2635 24242
2673 24207
2652 24226
2650 24228
2651 24227
2636 24241
2712 24172
2704 24179
2694 24188
2671 24209
2703 24180
2693 24189
2685 24196
2653 24225
2682 24199
2724 24161
2705 24178
2729 24157
2654 24224
2637 24240
2674 24206
2695 24187
2675 24205
2713 24171
2684 24197
2706 24177
2714 24170
2686 24195
2725 24160
2638 24239
2664 24215
2696 24186
2639 24238
2655 24223
2716 24168
2640 24237
2641 24236
2683 24198
2642 24235
2715 24169
2677 24203
2665 24214
2718 24166
2658 24220
2676 24204
2687 24194
2644 24233
2707 24176
2656 24222
2666 24213
2643 24234
2719 24165
2646 24231
2645 24232
2697 24185
2708 24175
2678 24202
2717 24167
2679 24201
2688 24193
2667 24212
2698 24184
2660 24218
2709 24174
2699 24183
2721 24163
2689 24192
2659 24219
2657 24221
2668 24211
2680 24200
2647 24230
2669 24210
2662 24216
2701 24181
2690 24191
2691 24190
2700 24182
2727 24158
2836 24055
2768 24117
2818 24071
2815 24074
2807 24081
2769 24116
2816 24073
2808 24080
2784 24102
2806 24082
2785 24101
2771 24114
2863 24031
2786 24100
2770 24115
2787 24099
2851 24041
2772 24113
2809 24079
2850 24042
2830 24060
2817 24072
2829 24061
2821 24068
2788 24098
2828 24062
2859 24034
2841 24050
2831 24059
2864 24030
2849 24043
2801 24086
2819 24070
2860 24033
2803 24084
2811 24077
2800 24087
2865 24029
2799 24088
2773 24112
2861 24032
2832 24058
2789 24097
2790 24096
2775 24110
2774 24111
2820 24069
2776 24109
2810 24078
2852 24040
2777 24108
2853 24039
2791 24095
2854 24038
2778 24107
2843 24048
2822 24067
2792 24094
2794 24092
2812 24076
2781 24104
2813 24075
2833 24057
2802 24085
2779 24106
2842 24049
2823 24066
2793 24093
2796 24090
2780 24105
2825 24064
2782 24103
2824 24065
2857 24035
2846 24045
2847 24044
2834 24056
2795 24091
2826 24063
2804 24083
2856 24036
2845 24046
2839 24051
2837 24053
2844 24047
2797 24089
3026 23876
3035 23868
2976 23922
2991 23908
3007 23893
3015 23886
2977 23921
2978 23920
2993 23906
2992 23907
3009 23891
2979 23919
3010 23890
2994 23905
3008 23892
3029 23873
3028 23874
3027 23875
2980 23918
3014 23887
3018 23883
3030 23872
2995 23904
2981 23917
2982 23916
2996 23903
3019 23882
3012 23888
2983 23915
2998 23901
2997 23902
2999 23900
2984 23914
3000 23899
2985 23913
3001 23898
2986 23912
3021 23880
3031 23871
3020 23881
2987 23911
3032 23870
3022 23879
3003 23896
3033 23869
3023 23878
2988 23910
2989 23909
3011 23889
3005 23894
3024 23877
3016 23884
3002 23897
3088 23818
3038 23864
3117 23792
3053 23850
3097 23810
3039 23863
3041 23861
3068 23836
3040 23862
3118 23791
3055 23848
3069 23835
3054 23849
3056 23847
3067 23837
3043 23859
3091 23815
3070 23834
3042 23860
3134 23777
3100 23807
3120 23789
3089 23817
3101 23806
3119 23790
3135 23776
3102 23805
3099 23808
3093 23813
3098 23809
3058 23845
3057 23846
3122 23787
3081 23824
3044 23858
3046 23856
3045 23857
3080 23825
3090 23816
3060 23843
3047 23855
3113 23795
3059 23844
3071 23833
3124 23785
3048 23854
3083 23822
3092 23814
3061 23842
3121 23788
3049 23853
3114 23794
3082 23823
3072 23832
3084 23821
3063 23840
3123 23786
3062 23841
3112 23796
3095 23811
3085 23820
3115 23793
3050 23852
3073 23831
3103 23804
3074 23830
3094 23812
3127 23782
3105 23802
3051 23851
3075 23829
3125 23784
3104 23803
3065 23838
3106 23801
3076 23828
3131 23779
3110 23797
3108 23799
3086 23819
3064 23839
3109 23798
3078 23826
3132 23778
3129 23780
3223 23692
3175 23736
3190 23722
3176 23735
3212 23702
3187 23725
3173 23738
3222 23693
3189 23723
3188 23724
3174 23737
3191 23721
3204 23709
3225 23690
3202 23711
3177 23734
3226 23689
3227 23688
3203 23710
3192 23720
3224 23691
3215 23699
3205 23708
3206 23707
3179 23732
3178 23733
3228 23687
3180 23731
3216 23698
3193 23719
3181 23730
3194 23718
3182 23729
3217 23697
3183 23728
3218 23696
3195 23717
3207 23706
3184 23727
3196 23716
3197 23715
3198 23714
3219 23695
3208 23705
3185 23726
3220 23694
3209 23704
3210 23703
3200 23712
3213 23700
3245 23671
3259 23658
3279 23640
3280 23639
3299 23622
3247 23669
3300 23621
3310 23612
3271 23647
3232 23683
3248 23668
3311 23611
3233 23682
3258 23659
3231 23684
3246 23670
3292 23628
3320 23603
3261 23656
3270 23648
3322 23601
3234 23681
3314 23608
3235 23680
3272 23646
3293 23627
3313 23609
3282 23637
3249 23667
3324 23599
3290 23630
3321 23602
3302 23619
3301 23620
3260 23657
3262 23655
3281 23638
3284 23635
3263 23654
3283 23636
3323 23600
3285 23634
3250 23666
3294 23626
3326 23597
3273 23645
3291 23629
3264 23653
3312 23610
3315 23607
3236 23679
3328 23596
3251 23665
3305 23616
3237 23678
3238 23677
3239 23676
3240 23675
3252 23664
3295 23625
3241 23674
3317 23605
3276 23642
3253 23663
3255 23661
3242 23673
3318 23604
3307 23614
3265 23652
3274 23644
3296 23624
3277 23641
3254 23662
3286 23633
3287 23632
3316 23606
3256 23660
3275 23643
3288 23631
3243 23672
3266 23651
3308 23613
3297 23623
3267 23650
3268 23649
3306 23615
3303 23617
3398 23529
3385 23541
3412 23516
3413 23515
3386 23540
3444 23487
3399 23528
3401 23526
3400 23527
3445 23486
3387 23539
3402 23525
3446 23485
3415 23513
3455 23477
3388 23538
3424 23505
3456 23476
3425 23504
3457 23475
3436 23494
3435 23495
3403 23524
3389 23537
3414 23514
3447 23484
3426 23503
3416 23512
3458 23474
3437 23493
3390 23536
3448 23483
3427 23502
3439 23491
3418 23510
3391 23535
3404 23523
3417 23511
3438 23492
3459 23473
3428 23501
3440 23490
3449 23482
3393 23533
3394 23532
3392 23534
3405 23522
3408 23519
3406 23521
3430 23499
3407 23520
3429 23500
3395 23531
3441 23489
3431 23498
3419 23509
3461 23471
3396 23530
3409 23518
3410 23517
3451 23480
3420 23508
3442 23488
3462 23470
3450 23481
3421 23507
3422 23506
3433 23496
3453 23478
3479 23454
3505 23430
3467 23465
3482 23451
3492 23442
3493 23441
3481 23452
3466 23466
3480 23453
3468 23464
3561 23380
3545 23394
3517 23419
3469 23463
3483 23450
3527 23410
3516 23420
3484 23449
3557 23383
3514 23422
3495 23439
3535 23403
3559 23381
3555 23385
3494 23440
3515 23421
3546 23393
3525 23412
3556 23384
3507 23428
3529 23408
3519 23417
3496 23438
3548 23391
3549 23390
3470 23462
3526 23411
3534 23404
3528 23409
3471 23461
3562 23379
3530 23407
3558 23382
3520 23416
3497 23437
3550 23389
3506 23429
3485 23448
3472 23460
3547 23392
3563 23378
3521 23415
3509 23426
3498 23436
3486 23447
3540 23398
3473 23459
3474 23458
3508 23427
3518 23418
3475 23457
3541 23397
3487 23446
3511 23424
3499 23435
3489 23444
3510 23425
3500 23434
3542 23396
3476 23456
3522 23414
3512 23423
3488 23445
3477 23455
3552 23387
3523 23413
3551 23388
3490 23443
3553 23386
3501 23433
3543 23395
3531 23406
3502 23432
3503 23431
3532 23405
3538 23399
3536 23401
3812 23147
3844 23118
3846 23116
3778 23178
3853 23110
3766 23189
3777 23179
3767 23188
3791 23166
3765 23190
3804 23154
3779 23177
3852 23111
3845 23117
3803 23155
3780 23176
3825 23135
3847 23115
3782 23174
3805 23153
3790 23167
3792 23165
3854 23109
3769 23186
3768 23187
3793 23164
3781 23175
3770 23185
3832 23129
3824 23136
3856 23107
3858 23105
3794 23163
3815 23144
3855 23108
3860 23104
3827 23133
3783 23173
3848 23114
3828 23132
3806 23152
3817 23142
3771 23184
3816 23143
3795 23162
3807 23151
3861 23102
3826 23134
3820 23139
3772 23183
3808 23150
3830 23130
3784 23172
3857 23106
3819 23140
3797 23160
3839 23122
3785 23171
3796 23161
3829 23131
3850 23112
3818 23141
3774 23181
3773 23182
3849 23113
3786 23170
3798 23159
3810 23148
3775 23180
3787 23169
3799 23158
3841 23120
3809 23149
3842 23119
3800 23157
3801 23156
3788 23168
3837 23123
3835 23125
3813 23145
3822 23137
3833 23127
3954 23016
3953 23017
3996 22978
3930 23038
3917 23050
3997 22977
3918 23049
3929 23039
3919 23048
3985 22988
3942 23027
4008 22967
4005 22970
3943 23026
3944 23025
3931 23037
3986 22987
3964 23007
3956 23014
3998 22976
3957 23013
3987 22986
3921 23046
3988 22985
3920 23047
3945 23024
3932 23036
3955 23015
3967 23004
4012 22964
3922 23045
3989 22984
4006 22969
3946 23023
3934 23034
4007 22968
3933 23035
3977 22995
3935 23033
4010 22965
3990 22983
4000 22974
3923 23044
3947 23022
4013 22963
3959 23011
4014 22962
3968 23003
3960 23010
3999 22975
3978 22994
3958 23012
3924 23043
3969 23002
3982 22990
3979 22993
4009 22966
3970 23001
3948 23021
4002 22972
3991 22982
3980 22992
3981 22991
3972 22999
3936 23032
3949 23020
3925 23042
3971 23000
3962 23008
3937 23031
3938 23030
3926 23041
3951 23018
3961 23009
3992 22981
3950 23019
3973 22998
3994 22979
3940 23028
3927 23040
3983 22989
3965 23005
3975 22996
4003 22971
4104 22878
4117 22866
4092 22889
4159 22828
4106 22876
4171 22817
4105 22877
4172 22816
4130 22854
4151 22835
4094 22887
4160 22827
4179 22810
4129 22855
4161 22826
4116 22867
4093 22888
4118 22865
4139 22846
4173 22815
4180 22809
4107 22875
4140 22845
4108 22874
4152 22834
4141 22844
4132 22852
4153 22833
4120 22863
4150 22836
4096 22885
4163 22824
4143 22842
4162 22825
4095 22886
4142 22843
4183 22806
4119 22864
4164 22823
4121 22862
4109 22873
4097 22884
4182 22807
4154 22832
4175 22813
4181 22808
4131 22853
4165 22822
4122 22861
4184 22805
4110 22872
4176 22812
4111 22871
4134 22850
4155 22831
4098 22883
4133 22851
4145 22840
4188 22801
4135 22849
4185 22804
4174 22814
4156 22830
4099 22882
4144 22841
4157 22829
4123 22860
4147 22838
4166 22821
4112 22870
4177 22811
4186 22803
4100 22881
4146 22839
4101 22880
4167 22820
4137 22847
4125 22858
4113 22869
4114 22868
4136 22848
4102 22879
4124 22859
4168 22819
4148 22837
4127 22856
4126 22857
4169 22818
4215 22776
4251 22743
4228 22764
4203 22787
4294 22704
4262 22733
4260 22735
4284 22713
4291 22707
4204 22786
4227 22765
4205 22785
4217 22774
4272 22724
4250 22744
4239 22754
4238 22755
4216 22775
4242 22751
4271 22725
4292 22706
4273 22723
4230 22762
4207 22783
4240 22753
4229 22763
4274 22722
4206 22784
4231 22761
4219 22772
4208 22782
4218 22773
4241 22752
4282 22715
4253 22741
4252 22742
4243 22750
4283 22714
4298 22701
4286 22711
4265 22730
4232 22760
4221 22770
4220 22771
4295 22703
4296 22702
4293 22705
4261 22734
4263 22732
4209 22781
4275 22721
4233 22759
4244 22749
4285 22712
4299 22700
4254 22740
4245 22748
4276 22720
4222 22769
4258 22736
4235 22757
4287 22710
4255 22739
4234 22758
4256 22738
4211 22779
4210 22780
4264 22731
4277 22719
4257 22737
4212 22778
4248 22745
4267 22728
4236 22756
4246 22747
4289 22708
4223 22768
4224 22767
4278 22718
4266 22729
4288 22709
4268 22727
4225 22766
4279 22717
4247 22746
4213 22777
4280 22716
4269 22726
4639 22388
4598 22425
4640 22387
4586 22436
4563 22457
4574 22447
4599 22424
4564 22456
4575 22446
4654 22374
4610 22414
4565 22455
4589 22433
4577 22444
4621 22404
4600 22423
4578 22443
4591 22431
4587 22435
4576 22445
4601 22422
4566 22454
4567 22453
4630 22396
4579 22442
4611 22413
4568 22452
4641 22386
4633 22393
4642 22385
4590 22432
4588 22434
4612 22412
4623 22402
4632 22394
4622 22403
4613 22411
4631 22395
4604 22419
4614 22410
4580 22441
4658 22371
4646 22381
4602 22421
4624 22401
4643 22384
4635 22391
4625 22400
4651 22377
4645 22382
4655 22373
4653 22375
4652 22376
4592 22430
4634 22392
4581 22440
4569 22451
4644 22383
4659 22370
4656 22372
4636 22390
4603 22420
4582 22439
4594 22428
4570 22450
4593 22429
4615 22409
4616 22408
4605 22418
4660 22369
4647 22380
4627 22398
4618 22406
4571 22449
4628 22397
4626 22399
4637 22389
4572 22448
4584 22437
4649 22378
4617 22407
4608 22415
4606 22417
4595 22427
4607 22416
4583 22438
4648 22379
4619 22405
4596 22426
4797 22243
4828 22215
4786 22253
4762 22275
4774 22264
4763 22274
4808 22233
4751 22285
4796 22244
4752 22284
4829 22214
4775 22263
4788 22251
4753 22283
4764 22273
4810 22231
4798 22242
4777 22261
4754 22282
4799 22241
4776 22262
4787 22252
4820 22222
4821 22221
4765 22272
4830 22213
4766 22271
4755 22281
4801 22239
4767 22270
4832 22211
4819 22223
4779 22259
4789 22250
4756 22280
4809 22232
4840 22204
4846 22199
4831 22212
4839 22205
4842 22202
4834 22209
4812 22229
4790 22249
4800 22240
4823 22219
4813 22228
4778 22260
4769 22268
4768 22269
4841 22203
4822 22220
4780 22258
4781 22257
4811 22230
4847 22198
4803 22237
4833 22210
4792 22247
4814 22227
4757 22279
4802 22238
4759 22277
4793 22246
4836 22207
4848 22197
4794 22245
4770 22267
4844 22200
4804 22236
4791 22248
4843 22201
4815 22226
4835 22208
4758 22278
4824 22218
4825 22217
4782 22256
4771 22266
4760 22276
4772 22265
4837 22206
4783 22255
4826 22216
4806 22234
4805 22235
4784 22254
4817 22224
4816 22225
4968 22087
4937 22115
4902 22147
4925 22126
4891 22157
4969 22086
4915 22135
4970 22085
4927 22124
4971 22084
4905 22144
4979 22077
4950 22103
4903 22146
4904 22145
4914 22136
4892 22156
4928 22123
4949 22104
4926 22125
4960 22094
4951 22102
4916 22134
4917 22133
4893 22155
4972 22083
4940 22112
4906 22143
4941 22111
4907 22142
4939 22113
4959 22095
4980 22076
4894 22154
4919 22131
4929 22122
4908 22141
4895 22153
4896 22152
4961 22093
4986 22071
4974 22081
4930 22121
4952 22101
4963 22091
4918 22132
4920 22130
4938 22114
4983 22073
4931 22120
4984 22072
4981 22075
4962 22092
4953 22100
4973 22082
4909 22140
4942 22110
4897 22151
4954 22099
4987 22070
4932 22119
4898 22150
4944 22108
4910 22139
4982 22074
4933 22118
4988 22069
4921 22129
4976 22079
4899 22149
4943 22109
4965 22089
4956 22097
4922 22128
4964 22090
4911 22138
4977 22078
4966 22088
4975 22080
4900 22148
4934 22117
4923 22127
4947 22105
4955 22098
4945 22107
4957 22096
4935 22116
4912 22137
5018 22041
5008 22050
5064 21999
5054 22008
5074 21990
5020 22039
5019 22040
5042 22019
5075 21989
5010 22048
5084 21981
5063 22000
5030 22030
5009 22049
5007 22051
5032 22028
5021 22038
5033 22027
5043 22018
5053 22009
5052 22010
5041 22020
5076 21988
5031 22029
5034 22026
5022 22037
5055 22007
5065 21998
5085 21980
5066 21997
5011 22047
5067 21996
5045 22016
5044 22017
5024 22035
5046 22015
5056 22006
5077 21987
5036 22024
5023 22036
5035 22025
5012 22046
5079 21985
5078 21986
5057 22005
5069 21994
5068 21995
5025 22034
5058 22004
5013 22045
5014 22044
5080 21984
5059 22003
5048 22013
5049 22012
5070 21993
5037 22023
5026 22033
5071 21992
5047 22014
5015 22043
5038 22022
5027 22032
5082 21982
5081 21983
5039 22021
5060 22002
5016 22042
5072 21991
5061 22001
5028 22031
5050 22011
5122 21946
5099 21967
5144 21926
5111 21956
5100 21966
5134 21935
5175 21898
5088 21977
5089 21976
5112 21955
5167 21905
5124 21944
5101 21965
5113 21954
5168 21904
5147 21923
5136 21933
5090 21975
5146 21924
5135 21934
5123 21945
5125 21943
5143 21927
5114 21953
5145 21925
5091 21974
5157 21914
5102 21964
5158 21913
5177 21896
5103 21963
5116 21951
5159 21912
5127 21941
5092 21973
5156 21915
5137 21932
5104 21962
5105 21961
5115 21952
5183 21891
5176 21897
5170 21902
5106 21960
5179 21894
5171 21901
5126 21942
5093 21972
5149 21921
5178 21895
5117 21950
5150 21920
5094 21971
5138 21931
5148 21922
5118 21949
5129 21939
5107 21959
5151 21919
5139 21930
5160 21911
5096 21969
5095 21970
5169 21903
5161 21910
5140 21929
5128 21940
5184 21889
5181 21892
5173 21899
5141 21928
5180 21893
5130 21938
5162 21909
5119 21948
5172 21900
5097 21968
5108 21958
5152 21918
5109 21957
5120 21947
5132 21936
5153 21917
5163 21908
5165 21906
5154 21916
5131 21937
5318 21767
5330 21756
5340 21747
5329 21757
5352 21736
5319 21766
5374 21716
5375 21715
5385 21706
5331 21755
5341 21746
5332 21754
5397 21695
5364 21725
5354 21734
5343 21744
5384 21707
5377 21713
5342 21745
5395 21697
5321 21764
5355 21733
5320 21765
5365 21724
5353 21735
5386 21705
5376 21714
5344 21743
5366 21723
5399 21693
5396 21696
5322 21763
5356 21732
5323 21762
5387 21704
5346 21741
5333 21753
5334 21752
5367 21722
5388 21703
5357 21731
5345 21742
5379 21711
5363 21726
5380 21710
5407 21686
5411 21682
5389 21702
5368 21721
5335 21751
5410 21683
5408 21685
5398 21694
5409 21684
5336 21750
5358 21730
5378 21712
5324 21761
5414 21680
5347 21740
5412 21681
5369 21720
5401 21691
5325 21760
5391 21700
5326 21759
5400 21692
5348 21739
5370 21719
5390 21701
5337 21749
5415 21679
5403 21689
5360 21728
5382 21708
5392 21699
5359 21729
5381 21709
5402 21690
5404 21688
5349 21738
5371 21718
5361 21727
5393 21698
5405 21687
5327 21758
5372 21717
5350 21737
5338 21748
5671 21445
5669 21447
5658 21457
5694 21424
5692 21426
5661 21454
5746 21377
5659 21456
5725 21396
5702 21417
5682 21435
5715 21405
5734 21388
5681 21436
5691 21427
5745 21378
5660 21455
5716 21404
5680 21437
5704 21415
5683 21434
5749 21374
5705 21414
5714 21406
5670 21446
5726 21395
5724 21397
5672 21444
5693 21425
5735 21387
5738 21384
5684 21433
5663 21452
5662 21453
5673 21443
5706 21413
5695 21423
5703 21416
5674 21442
5747 21376
5739 21383
5718 21402
5737 21385
5696 21422
5740 21382
5727 21394
5685 21432
5729 21392
5736 21386
5707 21412
5708 21411
5728 21393
5717 21403
5664 21451
5686 21431
5748 21375
5754 21370
5753 21371
5731 21390
5687 21430
5676 21440
5751 21372
5697 21421
5709 21410
5675 21441
5721 21399
5719 21401
5665 21450
5698 21420
5689 21428
5755 21369
5699 21419
5677 21439
5743 21379
5730 21391
5722 21398
5750 21373
5732 21389
5688 21429
5710 21409
5667 21448
5666 21449
5741 21381
5742 21380
5711 21408
5720 21400
5678 21438
5700 21418
5712 21407
5871 21263
5872 21262
5851 21281
5849 21283
5839 21292
5929 21210
5874 21260
5897 21239
5873 21261
5861 21272
5850 21282
5852 21280
5862 21271
5882 21253
5883 21252
5838 21293
5896 21240
5860 21273
5925 21214
5841 21290
5884 21251
5863 21270
5894 21242
5918 21220
5885 21250
5864 21269
5840 21291
5905 21232
5926 21213
5908 21229
5895 21241
5886 21249
5875 21259
5915 21223
5887 21248
5916 21222
5907 21230
5898 21238
5842 21289
5876 21258
5927 21212
5906 21231
5853 21279
5854 21278
5843 21288
5865 21268
5910 21227
5900 21236
5917 21221
5877 21257
5866 21267
5855 21277
5921 21217
5844 21287
5930 21209
5899 21237
5888 21247
5909 21228
5928 21211
5911 21226
5934 21206
5878 21256
5919 21219
5856 21276
5920 21218
5901 21235
5867 21266
5845 21286
5889 21246
5890 21245
5846 21285
5935 21205
5869 21264
5858 21274
5857 21275
5923 21215
5932 21207
5879 21255
5902 21234
5931 21208
5868 21265
5891 21244
5847 21284
5912 21225
5922 21216
5913 21224
5880 21254
5903 21233
5892 21243
6084 21069
6096 21058
6073 21079
6085 21068
6074 21078
6063 21088
6062 21089
6095 21059
6107 21048
6119 21037
6098 21056
6065 21086
6097 21057
6086 21067
6117 21039
6076 21076
6106 21049
6064 21087
6075 21077
6108 21047
6087 21066
6105 21050
6118 21038
6088 21065
6077 21075
6066 21085
6110 21045
6099 21055
6111 21044
6121 21035
6079 21073
6109 21046
6067 21084
6120 21036
6089 21064
6078 21074
6100 21054
6101 21053
6080 21072
6068 21083
6123 21033
6090 21063
6124 21032
6069 21082
6102 21052
6125 21031
6081 21071
6122 21034
6091 21062
6113 21042
6114 21041
6112 21043
6092 21061
6126 21030
6103 21051
6082 21070
6070 21081
6115 21040
6093 21060
6071 21080
6150 21009
6151 21008
6129 21028
6140 21018
6130 21027
6196 20967
6154 21005
6153 21006
6184 20978
6163 20997
6173 20988
6205 20959
6162 20998
6142 21016
6145 21013
6152 21007
6207 20957
6143 21015
6197 20966
6164 20996
6174 20987
6146 21012
6185 20977
6132 21025
6215 20950
6175 20986
6155 21004
6133 21024
6165 20995
6131 21026
6189 20973
6144 21014
6195 20968
6134 21023
6177 20984
6214 20951
6208 20956
6186 20976
6198 20965
6210 20954
6187 20975
6166 20994
6141 21017
6206 20958
6176 20985
6179 20982
6178 20983
6135 21022
6209 20955
6167 20993
6188 20974
6156 21003
6199 20964
6190 20972
6158 21001
6168 20992
6147 21011
6157 21002
6201 20962
6191 20971
6200 20963
6169 20991
6180 20981
6181 20980
6170 20990
6211 20953
6148 21010
6193 20969
6136 21021
6137 21020
6203 20960
6202 20961
6212 20952
6159 21000
6182 20979
6138 21019
6192 20970
6160 20999
6171 20989
6231 20935
6219 20946
6240 20927
6230 20936
6273 20897
6284 20887
6232 20934
6261 20908
6296 20876
6242 20925
6305 20868
6229 20937
6241 20926
6220 20945
6252 20916
6218 20947
6276 20894
6243 20924
6251 20917
6274 20896
6253 20915
6265 20904
6254 20914
6262 20907
6275 20895
6221 20944
6295 20877
6266 20903
6263 20906
6285 20886
6267 20902
6286 20885
6306 20867
6297 20875
6288 20883
6287 20884
6233 20933
6234 20932
6223 20942
6244 20923
6278 20892
6264 20905
6222 20943
6245 20922
6307 20866
6309 20864
6255 20913
6279 20891
6277 20893
6299 20873
6280 20890
6247 20920
6257 20911
6311 20862
6268 20901
6224 20941
6290 20881
6235 20931
6308 20865
6289 20882
6246 20921
6256 20912
6258 20910
6314 20860
6236 20930
6312 20861
6269 20900
6310 20863
6298 20874
6291 20880
6237 20929
6225 20940
6301 20871
6270 20899
6249 20918
6315 20859
6238 20928
6226 20939
6282 20888
6292 20879
6259 20909
6302 20870
6281 20889
6248 20919
6300 20872
6271 20898
6227 20938
6293 20878
6303 20869
7625 19668
7582 19707
7570 19718
7572 19716
7604 19687
7593 19697
7615 19677
7571 19717
7562 19725
7603 19688
7581 19708
7584 19705
7592 19698
7614 19678
7560 19727
7628 19665
7574 19714
7563 19724
7573 19715
7626 19667
7585 19704
7561 19726
7616 19676
7617 19675
7596 19694
7595 19695
7583 19706
7594 19696
7606 19685
7627 19666
7605 19686
7607 19684
7575 19713
7586 19703
7564 19723
7619 19673
7597 19693
7565 19722
7598 19692
7618 19674
7630 19663
7587 19702
7629 19664
7576 19712
7588 19701
7566 19721
7577 19711
7608 19683
7621 19671
7599 19691
7610 19681
7609 19682
7632 19661
7620 19672
7567 19720
7589 19700
7578 19710
7600 19690
7631 19662
7633 19660
7611 19680
7568 19719
7601 19689
7579 19709
7612 19679
7590 19699
7623 19669
7680 19618
7647 19648
7658 19638
7657 19639
7660 19636
7681 19617
7646 19649
7690 19609
7691 19608
7668 19629
7702 19598
7637 19657
7679 19619
7639 19655
7711 19590
7692 19607
7701 19599
7713 19588
7649 19646
7661 19635
7636 19658
7669 19628
7712 19589
7672 19625
7638 19656
7659 19637
7650 19645
7648 19647
7670 19627
7682 19616
7722 19580
7721 19581
7671 19626
7723 19579
7703 19597
7640 19654
7693 19606
7714 19587
7662 19634
7683 19615
7651 19644
7685 19613
7641 19653
7704 19596
7684 19614
7694 19605
7652 19643
7663 19633
7715 19586
7724 19578
7725 19577
7706 19594
7705 19595
7717 19584
7642 19652
7653 19642
7695 19604
7673 19624
7674 19623
7716 19585
7696 19603
7664 19632
7675 19622
7731 19572
7730 19573
7643 19651
7708 19592
7727 19575
7726 19576
7665 19631
7654 19641
7676 19621
7697 19602
7732 19571
7707 19593
7644 19650
7686 19612
7728 19574
7666 19630
7687 19611
7655 19640
7699 19600
7677 19620
7733 19570
7718 19583
7709 19591
7698 19601
7688 19610
7719 19582
7917 19403
7960 19364
7930 19391
7949 19374
7896 19422
7909 19410
7897 19421
7950 19373
7940 19382
7918 19402
7951 19372
7907 19412
7898 19420
7928 19393
7899 19419
7906 19413
7971 19354
7908 19411
7921 19399
7970 19355
7939 19383
7941 19381
7931 19390
7961 19363
7972 19353
7952 19371
7919 19401
7962 19362
7973 19352
7929 19392
7981 19345
7983 19343
7982 19344
7963 19361
7942 19380
7980 19346
7910 19409
7920 19400
7953 19370
7932 19389
7964 19360
7901 19417
7954 19369
7923 19397
7975 19350
7943 19379
7990 19337
7945 19377
7944 19378
7984 19342
7985 19341
7900 19418
7965 19359
7974 19351
7933 19388
7922 19398
7911 19408
7912 19407
7955 19368
7913 19406
7924 19396
7976 19349
7902 19416
7966 19358
7991 19336
7903 19415
7987 19339
7935 19386
7986 19340
7934 19387
7956 19367
7967 19357
7925 19395
7914 19405
7957 19366
7977 19348
7946 19376
7978 19347
7992 19335
7988 19338
7904 19414
7968 19356
7936 19385
7958 19365
7926 19394
7915 19404
7937 19384
7947 19375
8146 19195
8125 19214
8145 19196
8123 19216
8112 19226
8165 19178
8198 19148
8134 19206
8122 19217
8178 19166
8113 19225
8114 19224
8167 19176
8133 19207
8168 19175
8144 19197
8186 19159
8135 19205
8124 19215
8137 19203
8136 19204
8155 19187
8156 19186
8176 19168
8177 19167
8187 19158
8115 19223
8169 19174
8188 19157
8157 19185
8159 19183
8170 19173
8180 19164
8127 19212
8166 19177
8148 19193
8179 19165
8116 19222
8117 19221
8126 19213
8160 19182
8138 19202
8147 19194
8128 19211
8200 19146
8199 19147
8181 19163
8196 19150
8206 19141
8197 19149
8195 19151
8149 19192
8191 19154
8158 19184
8139 19201
8201 19145
8190 19155
8118 19220
8182 19162
8189 19156
8171 19172
8161 19181
8129 19210
8172 19171
8150 19191
8192 19153
8193 19152
8141 19199
8130 19209
8173 19170
8119 19219
8151 19190
8140 19200
8207 19140
8120 19218
8208 19139
8131 19208
8162 19180
8152 19189
8163 19179
8142 19198
8183 19161
8174 19169
8209 19138
8184 19160
8203 19143
8153 19188
8204 19142
8294 19061
8337 19022
8318 19039
8295 19060
8306 19050
8296 19059
8284 19070
8349 19011
8339 19020
8305 19051
8340 19019
8285 19069
8286 19068
8316 19041
8307 19049
8327 19031
8359 19002
8297 19058
8317 19040
8329 19029
8326 19032
8338 19021
8348 19012
8341 19018
8287 19067
8328 19030
8308 19048
8351 19009
8298 19057
8299 19056
8360 19001
8321 19036
8309 19047
8361 19000
8288 19066
8362 18999
8350 19010
8320 19037
8331 19027
8319 19038
8289 19065
8332 19026
8311 19045
8310 19046
8342 19017
8330 19028
8322 19035
8368 18994
8378 18985
8352 19008
8369 18993
8370 18992
8373 18989
8353 19007
8354 19006
8300 19055
8333 19025
8290 19064
8312 19044
8343 19016
8363 18998
8323 19034
8364 18997
8379 18984
8301 19054
8291 19063
8313 19043
8344 19015
8355 19005
8302 19053
8324 19033
8365 18996
8366 18995
8374 18988
8380 18983
8376 18986
8371 18991
8375 18987
8356 19004
8335 19023
8334 19024
8372 18990
8303 19052
8292 19062
8345 19014
8357 19003
8381 18982
8346 19013
8314 19042
8434 18934
8476 18896
8478 18894
8467 18904
8489 18884
8445 18924
8466 18905
8500 18874
8435 18933
8501 18873
8508 18867
8444 18925
8457 18913
8447 18922
8456 18914
8479 18893
8455 18915
8459 18911
8490 18883
8487 18886
8477 18895
8469 18902
8499 18875
8436 18932
8498 18876
8446 18923
8488 18885
8458 18912
8437 18931
8468 18903
8510 18865
8520 18856
8519 18857
8480 18892
8509 18866
8522 18854
8481 18891
8491 18882
8449 18920
8511 18864
8471 18900
8448 18921
8438 18930
8512 18863
8470 18901
8439 18929
8492 18881
8450 18919
8513 18862
8528 18849
8482 18890
8502 18872
8503 18871
8521 18855
8524 18852
8460 18910
8461 18909
8440 18928
8451 18918
8493 18880
8504 18870
8472 18899
8529 18848
8473 18898
8483 18889
8523 18853
8514 18861
8462 18908
8484 18888
8525 18851
8441 18927
8494 18879
8505 18869
8452 18917
8474 18897
8463 18907
8515 18860
8516 18859
8530 18847
8526 18850
8442 18926
8495 18878
8464 18906
8453 18916
8506 18868
8496 18877
8517 18858
8485 18887
8820 18584
8818 18586
8829 18576
8831 18574
8849 18558
8860 18548
8819 18585
8841 18565
8871 18538
8870 18539
8828 18577
8839 18567
8863 18545
8882 18528
8840 18566
8881 18529
8873 18536
8852 18555
8842 18564
8850 18557
8861 18547
8821 18583
8895 18516
8830 18575
8883 18527
8833 18572
8872 18537
8843 18563
8874 18535
8851 18556
8884 18526
8822 18582
8853 18554
8854 18553
8832 18573
8876 18533
8886 18524
8875 18534
8887 18523
8893 18518
8885 18525
8894 18517
8892 18519
8823 18581
8897 18514
8865 18543
8862 18546
8896 18515
8864 18544
8844 18562
8855 18552
8824 18580
8905 18507
8912 18501
8856 18551
8904 18508
8911 18502
8907 18505
8834 18571
8906 18506
8902 18510
8903 18509
8835 18570
8845 18561
8888 18522
8913 18500
8898 18513
8909 18503
8877 18532
8866 18542
8825 18579
8836 18569
8908 18504
8867 18541
8846 18560
8878 18531
8857 18550
8914 18499
8868 18540
8847 18559
8837 18568
8879 18530
8858 18549
8900 18511
8899 18512
8826 18578
8890 18520
8889 18521
9030 18394
8988 18432
8998 18423
9022 18401
9010 18412
9021 18402
8989 18431
9009 18413
8990 18430
9019 18404
8991 18429
9011 18411
9031 18393
9001 18420
9013 18409
8999 18422
9020 18403
9000 18421
9032 18392
9034 18390
9012 18410
9033 18391
9003 18418
8992 18428
9023 18400
8993 18427
9035 18389
9002 18419
9025 18398
9004 18417
9026 18397
9014 18408
9024 18399
8994 18426
9036 18388
9015 18407
8995 18425
9005 18416
9006 18415
9037 18387
9016 18406
8996 18424
9027 18396
9038 18386
9017 18405
9028 18395
9007 18414
9043 18382
9127 18306
9063 18364
9062 18365
9041 18384
9065 18362
9086 18343
9073 18355
9052 18374
9084 18345
9105 18326
9095 18335
9051 18375
9096 18334
9053 18373
9093 18337
9104 18327
9115 18317
9072 18356
9114 18318
9064 18363
9076 18352
9085 18344
9116 18316
9044 18381
9054 18372
9074 18354
9094 18336
9126 18307
9042 18383
9055 18371
9097 18333
9108 18323
9125 18308
9083 18346
9075 18353
9106 18325
9128 18305
9117 18315
9107 18324
9124 18309
9056 18370
9098 18332
9045 18380
9119 18313
9087 18342
9066 18361
9118 18314
9077 18351
9046 18379
9109 18322
9110 18321
9135 18299
9079 18349
9120 18312
9078 18350
9067 18360
9057 18369
9099 18331
9134 18300
9100 18330
9088 18341
9121 18311
9047 18378
9089 18340
9048 18377
9068 18359
9111 18320
9136 18298
9129 18304
9122 18310
9058 18368
9130 18303
9090 18339
9131 18302
9132 18301
9059 18367
9069 18358
9101 18329
9070 18357
9080 18348
9049 18376
9137 18297
9091 18338
9102 18328
9112 18319
9081 18347
9060 18366
9276 18171
9305 18145
9336 18117
9294 18155
9317 18134
9328 18124
9316 18135
9285 18163
9315 18136
9337 18116
9308 18142
9265 18181
9286 18162
9307 18143
9306 18144
9338 18115
9266 18180
9284 18164
9287 18161
9346 18108
9263 18183
9326 18126
9277 18170
9348 18106
9296 18153
9295 18154
9274 18173
9327 18125
9297 18152
9319 18132
9264 18182
9318 18133
9349 18105
9273 18174
9347 18107
9275 18172
9355 18100
9288 18160
9320 18131
9329 18123
9331 18121
9267 18179
9298 18151
9309 18141
9340 18113
9330 18122
9278 18169
9299 18150
9268 18178
9310 18140
9321 18130
9341 18112
9300 18149
9339 18114
9269 18177
9279 18168
9290 18158
9301 18148
9289 18159
9311 18139
9270 18176
9356 18099
9280 18167
9358 18097
9333 18119
9322 18129
9357 18098
9342 18111
9350 18104
9352 18102
9343 18110
9332 18120
9353 18101
9323 18128
9281 18166
9291 18157
9312 18138
9302 18147
9359 18096
9351 18103
9334 18118
9344 18109
9324 18127
9313 18137
9292 18156
9271 18175
9303 18146
9282 18165
10186 17348
10229 17309
10167 17365
10197 17338
10207 17329
10178 17355
10187 17347
10176 17357
10219 17318
10240 17299
10198 17337
10220 17317
10166 17366
10238 17301
10188 17346
10209 17327
10208 17328
10199 17336
10177 17356
10228 17310
10218 17319
10239 17300
10210 17326
10200 17335
10221 17316
10190 17344
10169 17363
10168 17364
10189 17345
10179 17354
10211 17325
10191 17343
10248 17292
10251 17289
10170 17362
10180 17353
10250 17290
10252 17288
10222 17315
10233 17305
10231 17307
10230 17308
10212 17324
10249 17291
10253 17287
10201 17334
10242 17297
10241 17298
10232 17306
10234 17304
10223 17314
10181 17352
10243 17296
10171 17361
10203 17332
10202 17333
10192 17342
10172 17360
10214 17322
10213 17323
10244 17295
10182 17351
10193 17341
10255 17285
10235 17303
10224 17313
10254 17286
10183 17350
10204 17331
10194 17340
10173 17359
10246 17293
10225 17312
10245 17294
10236 17302
10256 17284
10205 17330
10215 17321
10226 17311
10184 17349
10174 17358
10257 17283
10195 17339
10216 17320
10260 17281
10272 17270
10281 17262
10271 17271
10270 17272
10262 17279
10303 17242
10301 17244
10312 17234
10292 17252
10315 17231
10302 17243
10342 17207
10273 17269
10313 17233
10323 17224
10291 17253
10341 17208
10334 17214
10263 17278
10333 17215
10283 17260
10280 17263
10282 17261
10284 17259
10304 17241
10322 17225
10264 17277
10295 17249
10274 17268
10344 17205
10316 17230
10324 17223
10327 17220
10345 17204
10346 17203
10343 17206
10261 17280
10293 17251
10335 17213
10325 17222
10314 17232
10294 17250
10305 17240
10336 17212
10326 17221
10275 17267
10306 17239
10317 17229
10285 17258
10337 17211
10296 17248
10265 17276
10286 17257
10318 17228
10297 17247
10266 17275
10328 17219
10308 17237
10287 17256
10276 17266
10307 17238
10354 17196
10339 17209
10353 17197
10348 17201
10347 17202
10338 17210
10277 17265
10319 17227
10298 17246
10329 17218
10267 17274
10355 17195
10349 17200
10288 17255
10268 17273
10309 17236
10320 17226
10330 17217
10299 17245
10278 17264
10310 17235
10356 17194
10351 17198
10289 17254
10331 17216
10428 17129
10418 17138
10416 17140
10447 17112
10448 17111
10417 17139
10406 17149
10429 17128
10488 17075
10427 17130
10437 17121
10479 17083
10468 17093
10487 17076
10426 17131
10408 17147
10409 17146
10469 17092
10460 17100
10461 17099
10407 17148
10459 17101
10430 17127
10449 17110
10450 17109
10458 17102
10491 17072
10438 17120
10480 17082
10439 17119
10462 17098
10473 17088
10490 17073
10492 17071
10419 17137
10470 17091
10452 17107
10440 17118
10481 17081
10489 17074
10471 17090
10478 17084
10410 17145
10431 17126
10482 17080
10472 17089
10441 17117
10451 17108
10420 17136
10474 17087
10421 17135
10412 17143
10432 17125
10442 17116
10443 17115
10411 17144
10422 17134
10463 17097
10454 17105
10433 17124
10453 17106
10499 17065
10484 17078
10500 17064
10495 17068
10475 17086
10493 17070
10464 17096
10494 17069
10483 17079
10423 17133
10434 17123
10444 17114
10413 17142
10465 17095
10501 17063
10424 17132
10455 17104
10476 17085
10466 17094
10485 17077
10445 17113
10435 17122
10414 17141
10502 17062
10497 17066
10496 17067
10456 17103
10503 17061
10666 16914
10625 16951
10636 16941
10635 16942
10658 16921
10634 16943
10657 16922
10624 16952
10614 16961
10665 16915
10645 16933
10676 16905
10615 16960
10626 16950
10647 16931
10675 16906
10617 16958
10637 16940
10656 16923
10627 16949
10616 16959
10646 16932
10687 16895
10677 16904
10688 16894
10669 16911
10648 16930
10638 16939
10655 16924
10659 16920
10667 16913
10668 16912
10649 16929
10690 16892
10628 16948
10699 16884
10678 16903
10618 16957
10639 16938
10679 16902
10686 16896
10701 16882
10629 16947
10696 16887
10670 16910
10680 16901
10697 16886
10698 16885
10700 16883
10689 16893
10681 16900
10619 16956
10692 16890
10630 16946
10671 16909
10651 16927
10640 16937
10661 16918
10650 16928
10660 16919
10707 16877
10708 16876
10620 16955
10682 16899
10693 16889
10702 16881
10691 16891
10672 16908
10631 16945
10662 16917
10652 16926
10641 16936
10621 16954
10683 16898
10709 16875
10673 16907
10663 16916
10622 16953
10642 16935
10694 16888
10632 16944
10684 16897
10643 16934
10653 16925
10703 16880
10705 16878
10704 16879
10710 16874
10711 16873
11329 16315
11357 16290
11338 16307
11339 16306
11337 16308
11370 16278
11350 16296
11330 16314
11347 16299
11389 16261
11340 16305
11327 16317
11390 16260
11400 16251
11349 16297
11360 16287
11369 16279
11380 16269
11381 16268
11402 16249
11348 16298
11378 16271
11359 16288
11368 16280
11328 16316
11418 16235
11341 16304
11391 16259
11388 16262
11379 16270
11351 16295
11411 16241
11358 16289
11392 16258
11410 16242
11331 16313
11409 16243
11401 16250
11361 16286
11414 16238
11371 16277
11403 16248
11342 16303
11399 16252
11372 16276
11393 16257
11419 16234
11412 16240
11413 16239
11382 16267
11383 16266
11352 16294
11394 16256
11362 16285
11373 16275
11343 16302
11332 16312
11363 16284
11353 16293
11364 16283
11384 16265
11374 16274
11415 16237
11404 16247
11354 16292
11405 16246
11333 16311
11395 16255
11344 16301
11365 16282
11375 16273
11385 16264
11421 16232
11334 16310
11416 16236
11422 16231
11406 16245
11407 16244
11420 16233
11396 16254
11386 16263
11376 16272
11335 16309
11366 16281
11355 16291
11345 16300
11397 16253
11657 16019
11636 16038
11678 16000
11615 16057
11656 16020
11635 16039
11667 16010
11626 16047
11616 16056
11647 16028
11648 16027
11625 16048
11666 16011
11658 16018
11679 15999
11676 16002
11645 16030
11627 16046
11628 16045
11638 16036
11697 15983
11618 16054
11646 16029
11637 16037
11649 16026
11691 15988
11639 16035
11698 15982
11688 15991
11700 15980
11687 15992
11686 15993
11699 15981
11696 15984
11706 15975
11669 16008
11617 16055
11670 16007
11707 15974
11677 16001
11620 16052
11640 16034
11671 16006
11689 15990
11668 16009
11629 16044
11660 16016
11681 15997
11690 15989
11619 16053
11650 16025
11659 16017
11680 15998
11661 16015
11630 16043
11631 16042
11651 16024
11672 16005
11692 15987
11641 16033
11708 15973
11709 15972
11702 15978
11622 16050
11703 15977
11621 16051
11683 15995
11662 16014
11652 16023
11632 16041
11682 15996
11693 15986
11673 16004
11642 16032
11663 16013
11633 16040
11701 15979
11684 15994
11623 16049
11710 15971
11653 16022
11704 15976
11643 16031
11664 16012
11694 15985
11674 16003
11654 16021
11711 15970
12027 15685
12056 15659
12046 15668
12035 15678
12077 15640
12076 15641
12065 15651
12078 15639
12066 15650
12036 15677
12045 15669
12026 15686
12055 15660
12025 15687
12047 15667
12068 15648
12028 15684
12087 15631
12038 15675
12057 15658
12037 15676
12067 15649
12058 15657
12086 15632
12089 15629
12048 15666
12059 15656
12098 15621
12105 15615
12079 15638
12049 15665
12106 15614
12096 15623
12101 15618
12040 15673
12080 15637
12116 15605
12088 15630
12109 15611
12099 15620
12117 15604
12107 15613
12039 15674
12060 15655
12029 15683
12069 15647
12091 15627
12070 15646
12097 15622
12090 15628
12110 15610
12108 15612
12081 15636
12100 15619
12030 15682
12061 15654
12041 15672
12051 15663
12050 15664
12092 15626
12031 15681
12071 15645
12118 15603
12113 15607
12103 15616
12093 15625
12102 15617
12062 15653
12073 15643
12083 15634
12032 15680
12052 15662
12082 15635
12072 15644
12042 15671
12043 15670
12120 15601
12119 15602
12112 15608
12111 15609
12053 15661
12033 15679
12114 15606
12063 15652
12094 15624
12084 15633
12074 15642
12121 15600
12412 15338
12443 15310
12463 15292
12392 15356
12382 15365
12403 15346
12415 15335
12451 15303
12423 15328
12452 15302
12384 15363
12444 15309
12445 15308
12434 15318
12402 15347
12436 15316
12432 15320
12394 15354
12425 15326
12413 15337
12383 15364
12426 15325
12433 15319
12422 15329
12404 15345
12424 15327
12405 15344
12385 15362
12414 15336
12393 15355
12435 15317
12446 15307
12406 15343
12395 15353
12416 15334
12386 15361
12396 15352
12456 15298
12453 15301
12397 15351
12437 15315
12473 15283
12466 15289
12474 15282
12465 15290
12458 15296
12417 15333
12464 15291
12454 15300
12387 15360
12427 15324
12455 15299
12447 15306
12467 15288
12468 15287
12407 15342
12457 15297
12418 15332
12408 15341
12475 15281
12398 15350
12449 15304
12438 15314
12428 15323
12409 15340
12388 15359
12399 15349
12476 15280
12470 15285
12460 15294
12459 15295
12439 15313
12448 15305
12389 15358
12430 15321
12440 15312
12429 15322
12420 15330
12419 15331
12400 15348
12410 15339
12477 15279
12461 15293
12390 15357
12441 15311
12471 15284
12567 15198
12625 15146
12565 15200
12595 15173
12585 15182
12576 15190
12587 15180
12606 15163
12628 15143
12605 15164
12615 15155
12626 15145
12578 15188
12597 15171
12575 15191
12608 15161
12619 15151
12617 15153
12596 15172
12566 15199
12609 15160
12627 15144
12607 15162
12586 15181
12568 15197
12577 15189
12616 15154
12618 15152
12588 15179
12598 15170
12579 15187
12599 15169
12569 15196
12636 15136
12638 15134
12646 15127
12589 15178
12570 15195
12630 15141
12641 15131
12629 15142
12656 15118
12648 15125
12651 15122
12647 15126
12637 15135
12649 15124
12580 15186
12620 15150
12657 15117
12640 15132
12621 15149
12639 15133
12631 15140
12600 15168
12611 15158
12601 15167
12581 15185
12622 15148
12591 15176
12590 15177
12571 15194
12610 15159
12632 15139
12602 15166
12659 15115
12652 15121
12658 15116
12612 15157
12650 15123
12582 15184
12572 15193
12583 15183
12633 15138
12642 15130
12592 15175
12603 15165
12593 15174
12660 15114
12634 15137
12573 15192
12644 15128
12613 15156
12653 15120
12623 15147
12643 15129
12654 15119
12993 14814
13051 14762
13001 14807
13023 14787
12991 14816
13003 14805
13002 14806
13042 14770
13031 14780
13012 14797
13032 14779
13024 14786
13041 14771
13021 14789
12992 14815
13034 14777
13052 14761
13060 14754
13011 14798
13061 14753
12994 14813
13053 14760
13043 14769
13004 14804
13022 14788
13033 14778
13055 14758
13013 14796
13015 14794
13005 14803
13014 14795
13025 14785
13071 14744
13080 14736
13077 14738
13072 14743
13064 14750
13054 14759
13045 14767
13046 14766
13062 14752
13044 14768
12995 14812
13065 14749
13006 14802
13082 14734
13073 14742
13081 14735
13067 14747
13076 14739
13026 14784
13075 14740
13083 14733
13057 14756
12996 14811
13036 14775
13063 14751
13035 14776
13074 14741
13056 14757
13016 14793
13037 14774
13007 14801
13084 14732
13047 14765
13048 14764
13017 14792
13066 14748
12997 14810
13027 14783
13058 14755
13008 14800
13078 14737
13038 14773
13085 14731
13018 14791
13068 14746
12998 14809
13028 14782
13049 14763
13039 14772
13019 14790
13029 14781
13069 14745
13086 14730
12999 14808
13009 14799
13264 14570
13256 14577
13296 14541
13254 14579
13246 14586
13234 14597
13276 14559
13304 14534
13297 14540
13275 14560
13237 14594
13294 14543
13286 14550
13255 14578
13303 14535
13285 14551
13236 14595
13274 14561
13245 14587
13266 14568
13244 14588
13287 14549
13267 14567
13295 14542
13284 14552
13265 14569
13235 14596
13247 14585
13257 14576
13268 14566
13305 14533
13314 14525
13288 14548
13258 14575
13306 14532
13238 14593
13316 14523
13308 14530
13307 14531
13278 14557
13298 14539
13309 14529
13310 14528
13299 14538
13277 14558
13248 14584
13269 14565
13259 14574
13239 14592
13260 14573
13279 14556
13324 14516
13317 14522
13319 14520
13315 14524
13289 14547
13323 14517
13326 14514
13270 14564
13290 14546
13250 14582
13300 14537
13280 14555
13240 14591
13249 14583
13252 14580
13241 14590
13325 14515
13318 14521
13251 14581
13312 14526
13261 14572
13281 14554
13271 14563
13282 14553
13291 14545
13329 14511
13301 14536
13292 14544
13311 14527
13272 14562
13242 14589
13262 14571
13330 14510
13321 14518
13328 14512
13320 14519
13418 14431
13476 14379
13426 14424
13467 14387
13456 14397
13457 14396
13428 14422
13416 14433
13417 14432
13446 14406
13427 14423
13436 14415
13486 14370
13438 14413
13419 14430
13468 14386
13466 14388
13485 14371
13478 14377
13429 14421
13448 14404
13447 14405
13437 14414
13458 14395
13449 14403
13459 14394
13496 14361
13505 14353
13502 14355
13497 14360
13487 14369
13479 14376
13489 14367
13450 14402
13439 14412
13477 14378
13469 14385
13498 14359
13480 14375
13488 14368
13499 14358
13506 14352
13471 14383
13500 14357
13461 14392
13431 14419
13420 14429
13490 14366
13440 14411
13421 14428
13460 14393
13430 14420
13470 14384
13492 14364
13441 14410
13451 14401
13452 14400
13432 14418
13481 14374
13491 14365
13482 14373
13422 14427
13472 14382
13442 14409
13462 14391
13443 14408
13423 14426
13509 14349
13433 14417
13507 14351
13503 14354
13463 14390
13508 14350
13501 14356
13453 14399
13510 14348
13483 14372
13493 14363
13473 14381
13494 14362
13454 14398
13464 14389
13424 14425
13434 14416
13511 14347
13474 14380
13444 14407
15245 12787
15236 12795
15235 12796
15196 12831
15247 12785
15205 12823
15215 12814
15225 12805
15255 12778
15217 12812
15246 12786
15226 12804
15206 12822
15229 12801
15216 12813
15197 12830
15207 12821
15218 12811
15228 12802
15198 12829
15209 12819
15227 12803
15258 12775
15208 12820
15199 12828
15200 12827
15219 12810
15237 12794
15238 12793
15248 12784
15266 12768
15265 12769
15275 12760
15239 12792
15285 12751
15286 12750
15274 12761
15257 12776
15277 12758
15221 12808
15287 12749
15249 12783
15230 12800
15231 12799
15278 12757
15269 12765
15268 12766
15256 12777
15276 12759
15259 12774
15240 12791
15210 12818
15250 12782
15271 12763
15267 12767
15270 12764
15220 12809
15284 12752
15280 12755
15279 12756
15201 12826
15288 12748
15261 12772
15241 12790
15260 12773
15251 12781
15222 12807
15202 12825
15211 12817
15242 12789
15262 12771
15232 12798
15252 12780
15281 12754
15289 12747
15212 12816
15203 12824
15213 12815
15223 12806
15233 12797
15243 12788
15272 12762
15282 12753
15290 12746
15253 12779
15263 12770
15425 12625
15414 12635
15413 12636
15384 12662
15423 12627
15402 12646
15374 12671
15403 12645
15424 12626
15433 12618
15393 12654
15375 12670
15404 12644
15383 12663
15385 12661
15405 12643
15396 12651
15406 12642
15395 12652
15435 12616
15443 12609
15397 12650
15434 12617
15442 12610
15417 12632
15386 12660
15415 12634
15377 12668
15416 12633
15376 12669
15387 12659
15444 12608
15426 12624
15407 12641
15436 12615
15394 12653
15454 12599
15389 12657
15462 12592
15456 12597
15453 12600
15463 12591
15388 12658
15452 12601
15399 12648
15455 12598
15465 12589
15398 12649
15418 12631
15408 12640
15427 12623
15446 12606
15428 12622
15378 12667
15438 12613
15447 12605
15448 12604
15379 12666
15419 12630
15437 12614
15445 12607
15429 12621
15409 12639
15439 12612
15466 12588
15464 12590
15457 12596
15458 12595
15400 12647
15449 12603
15380 12665
15390 12656
15420 12629
15430 12620
15431 12619
15391 12655
15410 12638
15381 12664
15411 12637
15421 12628
15440 12611
15450 12602
15468 12586
15460 12593
15581 12485
15572 12493
15542 12520
15532 12529
15583 12483
15571 12494
15582 12484
15561 12503
15544 12518
15551 12512
15533 12528
15543 12519
15562 12502
15553 12510
15552 12511
15564 12500
15591 12476
15541 12521
15534 12527
15554 12509
15535 12526
15563 12501
15545 12517
15594 12473
15593 12474
15574 12491
15592 12475
15584 12482
15573 12492
15566 12498
15585 12481
15565 12499
15586 12480
15575 12490
15576 12489
15536 12525
15546 12516
15557 12506
15555 12508
15537 12524
15595 12472
15596 12471
15556 12507
15567 12497
15547 12515
15577 12488
15597 12470
15587 12479
15548 12514
15568 12496
15538 12523
15558 12505
15578 12487
15588 12478
15589 12477
15539 12522
15569 12495
15549 12513
15559 12504
15598 12469
15579 12486
15652 12421
15650 12423
15601 12467
15640 12432
15659 12415
15610 12459
15630 12441
15651 12422
15641 12431
15660 12414
15613 12456
15602 12466
15622 12448
15612 12457
15631 12440
15623 12447
15604 12464
15621 12449
15620 12450
15614 12455
15611 12458
15633 12438
15603 12465
15632 12439
15624 12446
15644 12428
15662 12412
15670 12405
15671 12404
15669 12406
15642 12430
15661 12413
15663 12411
15653 12420
15634 12437
15643 12429
15605 12463
15682 12394
15672 12403
15681 12395
15678 12398
15625 12445
15645 12427
15654 12419
15673 12402
15655 12418
15683 12393
15665 12409
15679 12397
15680 12396
15674 12401
15616 12453
15615 12454
15606 12462
15675 12400
15688 12389
15689 12388
15646 12426
15692 12385
15693 12384
15664 12410
15691 12386
15690 12387
15626 12444
15635 12436
15684 12392
15685 12391
15666 12408
15607 12461
15676 12399
15656 12417
15627 12443
15636 12435
15617 12452
15647 12425
15637 12434
15657 12416
15686 12390
15608 12460
15618 12451
15638 12433
15628 12442
15667 12407
15648 12424
15694 12383
16036 12076
16072 12044
16023 12088
16025 12086
16043 12070
16015 12095
16016 12094
16035 12077
16054 12060
16034 12078
16027 12084
16014 12096
16045 12068
16024 12087
16033 12079
16044 12069
16046 12067
16026 12085
16053 12061
16017 12093
16063 12052
16075 12041
16083 12034
16074 12042
16065 12050
16082 12035
16084 12033
16064 12051
16073 12043
16066 12049
16057 12057
16076 12040
16055 12059
16056 12058
16047 12066
16018 12092
16086 12031
16095 12023
16037 12075
16085 12032
16094 12024
16048 12065
16067 12048
16092 12026
16093 12025
16028 12083
16019 12091
16068 12047
16030 12081
16029 12082
16077 12039
16096 12022
16087 12030
16069 12046
16058 12056
16038 12074
16088 12029
16059 12055
16078 12038
16020 12090
16049 12064
16102 12017
16103 12016
16105 12014
16106 12013
16104 12015
16079 12037
16039 12073
16098 12020
16097 12021
16040 12072
16060 12054
16050 12063
16089 12028
16021 12089
16031 12080
16041 12071
16080 12036
16070 12045
16090 12027
16051 12062
16061 12053
16108 12011
16100 12018
16107 12012
16317 11824
16308 11832
16298 11841
16269 11867
16299 11840
16259 11876
16318 11823
16309 11831
16307 11833
16261 11874
16278 11859
16260 11875
16280 11857
16270 11866
16289 11849
16268 11868
16262 11873
16279 11858
16291 11847
16281 11856
16272 11864
16271 11865
16288 11850
16290 11848
16327 11815
16328 11814
16320 11821
16301 11838
16319 11822
16326 11816
16310 11830
16329 11813
16300 11839
16321 11820
16311 11829
16292 11846
16331 11811
16337 11806
16263 11872
16273 11863
16282 11855
16330 11812
16302 11837
16338 11805
16284 11853
16312 11828
16340 11803
16293 11845
16264 11871
16275 11861
16283 11854
16335 11808
16314 11826
16274 11862
16341 11802
16303 11836
16339 11804
16322 11819
16333 11809
16332 11810
16323 11818
16265 11870
16336 11807
16342 11801
16304 11835
16343 11800
16313 11827
16294 11844
16305 11834
16285 11852
16324 11817
16295 11843
16266 11869
16286 11851
16276 11860
16315 11825
16296 11842
16356 11789
16357 11788
16347 11797
16348 11796
16349 11795
16366 11780
16397 11752
16369 11777
16387 11761
16367 11779
16405 11745
16406 11744
16386 11762
16377 11770
16378 11769
16368 11778
16359 11786
16360 11785
16376 11771
16358 11787
16379 11768
16350 11794
16408 11742
16416 11735
16388 11760
16435 11718
16419 11732
16425 11727
16428 11724
16389 11759
16390 11758
16407 11743
16415 11736
16370 11776
16429 11723
16426 11726
16437 11716
16434 11719
16417 11734
16427 11725
16396 11753
16436 11717
16380 11767
16395 11754
16400 11749
16398 11751
16362 11783
16371 11775
16351 11793
16381 11766
16399 11750
16361 11784
16391 11757
16352 11792
16409 11741
16424 11728
16392 11756
16410 11740
16423 11729
16420 11731
16418 11733
16414 11737
16401 11748
16411 11739
16421 11730
16372 11774
16438 11715
16402 11747
16439 11714
16430 11722
16431 11721
16412 11738
16382 11765
16353 11791
16373 11773
16393 11755
16383 11764
16363 11782
16374 11772
16354 11790
16364 11781
16384 11763
16432 11720
16403 11746
16440 11713
16912 11290
16873 11325
16895 11305
16903 11298
16894 11306
16864 11333
16854 11342
16883 11316
16892 11308
16904 11297
16866 11331
16855 11341
16905 11296
16884 11315
16874 11324
16893 11307
16856 11340
16865 11332
16863 11334
16875 11323
16885 11314
16877 11321
16857 11339
16858 11338
16876 11322
16886 11313
16868 11329
16896 11304
16867 11330
16916 11286
16914 11288
16902 11299
16907 11294
16931 11273
16913 11289
16924 11279
16934 11270
16935 11269
16933 11271
16923 11280
16915 11287
16887 11312
16898 11302
16926 11277
16869 11328
16925 11278
16906 11295
16897 11303
16859 11337
16878 11320
16922 11281
16888 11311
16879 11319
16889 11310
16927 11276
16936 11268
16932 11272
16917 11285
16928 11275
16860 11336
16899 11301
16870 11327
16880 11318
16861 11335
16908 11293
16918 11284
16890 11309
16937 11267
16909 11292
16929 11274
16900 11300
16919 11283
16871 11326
16881 11317
16938 11266
16942 11264
16947 11258
16910 11291
16948 11257
16944 11261
16920 11282
16939 11265
16946 11259
16943 11262
17244 10992
17253 10984
17216 11017
17234 11001
17232 11003
17252 10985
17195 11036
17223 11011
17224 11010
17205 11027
17204 11028
17194 11037
17196 11035
17203 11029
17254 10983
17215 11018
17214 11019
17213 11020
17206 11026
17242 10994
17251 10986
17233 11002
17236 10999
17245 10991
17264 10974
17235 11000
17246 10990
17197 11034
17263 10975
17261 10977
17262 10976
17255 10982
17243 10993
17226 11008
17225 11009
17207 11025
17198 11033
17275 10964
17272 10967
17281 10959
17208 11024
17217 11016
17273 10966
17265 10973
17271 10968
17227 11007
17256 10981
17248 10988
17218 11015
17237 10998
17209 11023
17199 11032
17228 11006
17282 10958
17276 10963
17247 10989
17257 10980
17249 10987
17274 10965
17238 10997
17258 10979
17266 10972
17268 10970
17267 10971
17229 11005
17200 11031
17219 11014
17201 11030
17239 10996
17210 11022
17277 10962
17283 10957
17286 10954
17280 10960
17284 10956
17285 10955
17278 10961
17220 11013
17230 11004
17259 10978
17240 10995
17211 11021
17221 11012
17269 10969
17288 10952
17812 10483
17813 10482
17804 10490
17803 10491
17805 10489
17814 10481
17842 10456
17831 10466
17824 10472
17843 10455
17841 10457
17833 10464
17823 10473
17825 10471
17816 10479
17822 10474
17832 10465
17834 10463
17806 10488
17835 10462
17815 10480
17807 10487
17851 10448
17864 10436
17860 10440
17872 10429
17861 10439
17852 10447
17870 10431
17854 10445
17873 10428
17871 10430
17855 10444
17844 10454
17862 10438
17853 10446
17836 10461
17863 10437
17845 10453
17817 10478
17875 10426
17881 10421
17893 10411
17808 10486
17826 10470
17818 10477
17847 10451
17874 10427
17865 10435
17882 10420
17879 10423
17884 10418
17866 10434
17827 10469
17880 10422
17883 10419
17846 10452
17856 10443
17828 10468
17888 10415
17891 10412
17885 10417
17809 10485
17837 10460
17838 10459
17810 10484
17829 10467
17819 10476
17857 10442
17839 10458
17848 10450
17876 10425
17867 10433
17858 10441
17868 10432
17877 10424
17886 10416
17894 10410
17890 10413
17849 10449
17897 10407
17820 10475
17987 10326
17966 10345
17986 10327
17968 10343
17977 10335
17957 10353
17985 10328
18014 10302
17960 10350
17959 10351
17958 10352
17976 10336
17979 10333
17978 10334
17997 10317
17988 10325
17995 10319
17996 10318
17967 10344
17989 10324
17969 10342
17961 10349
18000 10314
18017 10299
18026 10291
18025 10292
18006 10309
18027 10290
18019 10297
18015 10301
17971 10340
18024 10293
18005 10310
18018 10298
18008 10307
18007 10308
17998 10316
18009 10306
17970 10341
18016 10300
17990 10323
17980 10332
18035 10283
18038 10280
18044 10275
18045 10274
17999 10315
17962 10348
17972 10339
18034 10284
18028 10289
17981 10331
17982 10330
17973 10338
17991 10322
17963 10347
18010 10305
17992 10321
18001 10313
18033 10285
18030 10287
18020 10296
18012 10303
18039 10279
18037 10281
18029 10288
18036 10282
18021 10295
18002 10312
17983 10329
18011 10304
18046 10273
18049 10270
18040 10278
18047 10272
18031 10286
18022 10294
18048 10271
18043 10276
18041 10277
17993 10320
17964 10346
18003 10311
17974 10337
18505 9862
18494 9872
18513 9855
18495 9871
18486 9879
18523 9846
18542 9829
18544 9827
18485 9880
18526 9843
18543 9828
18514 9854
18515 9853
18533 9837
18525 9844
18504 9863
18487 9878
18532 9838
18506 9861
18516 9852
18496 9870
18555 9817
18552 9820
18535 9835
18534 9836
18499 9867
18554 9818
18488 9877
18517 9851
18509 9858
18497 9869
18498 9868
18524 9845
18489 9876
18508 9859
18507 9860
18500 9866
18490 9875
18537 9833
18527 9842
18536 9834
18547 9824
18556 9816
18528 9841
18553 9819
18564 9809
18562 9811
18546 9825
18561 9812
18545 9826
18491 9874
18519 9849
18501 9865
18538 9832
18511 9856
18518 9850
18530 9839
18492 9873
18510 9857
18529 9840
18567 9806
18557 9815
18566 9807
18548 9823
18539 9831
18521 9847
18540 9830
18559 9813
18558 9814
18572 9802
18573 9801
18574 9800
18563 9810
18565 9808
18571 9803
18577 9797
18568 9805
18550 9821
18576 9798
18575 9799
18549 9822
18569 9804
18520 9848
18502 9864
18753 9640
18754 9639
18763 9631
18762 9632
18781 9615
18773 9622
18774 9621
18764 9630
18772 9623
18756 9637
18765 9629
18755 9638
18783 9613
18766 9628
18782 9614
18792 9605
18819 9581
18802 9596
18800 9598
18810 9589
18804 9594
18811 9588
18803 9595
18823 9577
18813 9586
18820 9580
18822 9578
18821 9579
18793 9604
18812 9587
18794 9603
18791 9606
18801 9597
18784 9612
18785 9611
18815 9584
18795 9602
18814 9585
18757 9636
18775 9620
18786 9610
18805 9593
18767 9627
18776 9619
18758 9635
18834 9567
18777 9618
18841 9561
18796 9601
18825 9575
18833 9568
18830 9571
18824 9576
18831 9570
18829 9572
18768 9626
18832 9569
18816 9583
18806 9592
18797 9600
18759 9634
18778 9617
18787 9609
18788 9608
18760 9633
18779 9616
18835 9566
18826 9574
18769 9625
18807 9591
18842 9560
18840 9562
18845 9557
18843 9559
18836 9565
18839 9563
18844 9558
18798 9599
18789 9607
18817 9582
18770 9624
18808 9590
18837 9564
18827 9573
18925 9486
18926 9485
18945 9468
18955 9459
18935 9477
18965 9450
18928 9483
18954 9460
18982 9435
18946 9467
18936 9476
18934 9478
18944 9469
18927 9484
18953 9461
18984 9433
18974 9442
18976 9440
18964 9451
18995 9423
18991 9427
18993 9425
18992 9426
18966 9449
18986 9431
18975 9441
18994 9424
18985 9432
18957 9457
18973 9443
18937 9475
18972 9444
18939 9473
18938 9474
18947 9466
18956 9458
18948 9465
18949 9464
18929 9482
19010 9410
19012 9408
18983 9434
19004 9415
19013 9407
19003 9416
19006 9413
18987 9430
18963 9452
18967 9448
18958 9456
18997 9421
18940 9472
19002 9417
18996 9422
18977 9439
19001 9418
19005 9414
18978 9438
18968 9447
18969 9446
18950 9463
18931 9480
18930 9481
18959 9455
18960 9454
18941 9471
18951 9462
18988 9429
18998 9420
18932 9479
19007 9412
18979 9437
18970 9445
18989 9428
18980 9436
18942 9470
19011 9409
19017 9403
19015 9405
18999 9419
19014 9406
19008 9411
19016 9404
18961 9453
19903 8611
19894 8619
19895 8618
19904 8610
19906 8608
19915 8600
19932 8585
19922 8594
19934 8583
19897 8616
19924 8592
19944 8574
19925 8591
19913 8602
19943 8575
19950 8569
19953 8566
19952 8567
19912 8603
19916 8599
19951 8568
19896 8617
19907 8607
19905 8609
19923 8593
19898 8615
19954 8565
19945 8573
19962 8558
19933 8584
19935 8582
19964 8556
19931 8586
19961 8559
19942 8576
19960 8560
19941 8577
19963 8557
19914 8601
19926 8590
19927 8589
19917 8598
19955 8564
19899 8614
19908 8606
19946 8572
19965 8555
19984 8538
19972 8549
19979 8543
19981 8541
19969 8552
19973 8548
19982 8540
19974 8547
19980 8542
19909 8605
19918 8597
19919 8596
19928 8588
19929 8587
19938 8579
19901 8612
19936 8581
19900 8613
19910 8604
19920 8595
19937 8580
19956 8563
19957 8562
19939 8578
19947 8571
19948 8570
19975 8546
19967 8553
19966 8554
19971 8550
19986 8537
19970 8551
19977 8544
19958 8561
20064 8467
20074 8458
20073 8459
20065 8466
20084 8449
20093 8441
20082 8451
20075 8457
20094 8440
20067 8464
20095 8439
20113 8423
20114 8422
20123 8414
20122 8415
20120 8417
20066 8465
20086 8447
20083 8450
20102 8433
20103 8432
20121 8416
20077 8455
20085 8448
20124 8413
20068 8463
20092 8442
20134 8404
20132 8406
20111 8425
20133 8405
20131 8407
20115 8421
20112 8424
20104 8431
20101 8434
20096 8438
20130 8408
20125 8412
20105 8430
20078 8454
20076 8456
20097 8437
20116 8420
20087 8446
20069 8462
20126 8411
20088 8445
20070 8461
20079 8453
20098 8436
20107 8428
20106 8429
20089 8444
20135 8403
20142 8397
20136 8402
20144 8395
20139 8400
20143 8396
20140 8399
20141 8398
20145 8394
20080 8452
20108 8427
20127 8410
20117 8419
20118 8418
20137 8401
20128 8409
20071 8460
20099 8435
20109 8426
20090 8443
20152 8389
20149 8392
20156 8384
20337 8223
20328 8231
20338 8222
20329 8230
20348 8213
20330 8229
20347 8214
20365 8198
20366 8197
20356 8206
20367 8196
20368 8195
20339 8221
20357 8205
20359 8203
20349 8212
20346 8215
20331 8228
20358 8204
20378 8186
20385 8180
20377 8187
20384 8181
20350 8211
20386 8179
20340 8220
20388 8177
20341 8219
20360 8202
20351 8210
20398 8168
20387 8178
20376 8188
20394 8172
20375 8189
20395 8171
20393 8173
20397 8169
20380 8184
20332 8227
20333 8226
20342 8218
20370 8193
20390 8175
20352 8209
20343 8217
20412 8156
20413 8155
20418 8150
20396 8170
20416 8152
20415 8153
20403 8164
20389 8176
20407 8160
20406 8161
20408 8159
20417 8151
20404 8163
20399 8167
20409 8158
20369 8194
20371 8192
20361 8201
20353 8208
20344 8216
20362 8200
20379 8185
20381 8183
20372 8191
20363 8199
20334 8225
20391 8174
20382 8182
20354 8207
20335 8224
20400 8166
20405 8162
20410 8157
20401 8165
20373 8190
20414 8154
20420 8148
20714 7886
20704 7895
20713 7887
20706 7893
20705 7894
20724 7877
20732 7870
20723 7878
20741 7862
20725 7876
20744 7859
20743 7860
20742 7861
20715 7885
20733 7869
20734 7868
20722 7879
20707 7892
20761 7844
20760 7845
20726 7875
20735 7867
20717 7883
20716 7884
20736 7866
20727 7874
20708 7891
20718 7882
20709 7890
20753 7851
20751 7853
20750 7854
20737 7865
20746 7857
20745 7858
20754 7850
20752 7852
20756 7848
20728 7873
20719 7881
20710 7889
20766 7839
20770 7836
20747 7856
20738 7864
20769 7837
20774 7832
20759 7846
20729 7872
20720 7880
20771 7835
20763 7842
20762 7843
20773 7833
20776 7830
20772 7834
20764 7841
20739 7863
20711 7888
20748 7855
20767 7838
20755 7849
20757 7847
20730 7871
20780 7827
20808 7802
20797 7812
20809 7801
20779 7828
20807 7803
20789 7819
20799 7810
20790 7818
20791 7817
20782 7825
20781 7826
20819 7792
20836 7777
20800 7809
20810 7800
20792 7816
20798 7811
20801 7808
20788 7820
20811 7799
20802 7807
20793 7815
20825 7787
20816 7795
20838 7775
20828 7784
20783 7824
20830 7782
20827 7785
20818 7793
20835 7778
20846 7768
20848 7766
20845 7769
20826 7786
20829 7783
20837 7776
20839 7774
20844 7770
20849 7765
20817 7794
20847 7767
20812 7798
20840 7773
20831 7781
20784 7823
20821 7790
20803 7806
20785 7822
20794 7814
20822 7789
20820 7791
20813 7797
20804 7805
20857 7758
20856 7759
20859 7756
20858 7757
20850 7764
20851 7763
20854 7761
20853 7762
20855 7760
20841 7772
20860 7755
20795 7813
20823 7788
20814 7796
20786 7821
20832 7780
20842 7771
20805 7804
20833 7779
21320 7345
21311 7353
21312 7352
21321 7344
21322 7343
21313 7351
21331 7335
21323 7342
21314 7350
21340 7327
21332 7334
21339 7328
21338 7329
21360 7309
21367 7303
21370 7300
21333 7333
21330 7336
21368 7302
21347 7321
21351 7317
21329 7337
21315 7349
21342 7325
21343 7324
21341 7326
21324 7341
21334 7332
21316 7348
21325 7340
21376 7295
21358 7311
21357 7312
21369 7301
21378 7293
21366 7304
21352 7316
21348 7320
21350 7318
21361 7308
21353 7315
21379 7292
21359 7310
21381 7290
21375 7296
21380 7291
21349 7319
21362 7307
21363 7306
21335 7331
21344 7323
21354 7314
21326 7339
21317 7347
21336 7330
21345 7322
21382 7289
21385 7287
21389 7283
21398 7275
21400 7274
21372 7298
21394 7279
21377 7294
21386 7286
21390 7282
21396 7277
21401 7272
21327 7338
21364 7305
21355 7313
21392 7280
21388 7284
21371 7299
21387 7285
21391 7281
21383 7288
21373 7297
21318 7346
21450 7229
21442 7236
21443 7235
21441 7237
21444 7234
21472 7209
21471 7210
21454 7225
21453 7226
21452 7227
21470 7211
21468 7213
21460 7220
21462 7218
21451 7228
21463 7217
21469 7212
21459 7221
21461 7219
21445 7233
21446 7232
21464 7216
21455 7224
21505 7180
21480 7202
21514 7172
21510 7175
21515 7171
21489 7194
21516 7170
21509 7176
21491 7192
21519 7167
21490 7193
21481 7201
21497 7187
21501 7183
21487 7196
21498 7186
21482 7200
21507 7178
21499 7185
21508 7177
21478 7204
21496 7188
21488 7195
21479 7203
21502 7182
21500 7184
21492 7191
21511 7174
21506 7179
21483 7199
21473 7208
21456 7223
21447 7231
21474 7207
21465 7215
21466 7214
21475 7206
21457 7222
21484 7198
21494 7189
21485 7197
21493 7190
21448 7230
21476 7205
21522 7164
21512 7173
21518 7168
21521 7165
21517 7169
21503 7181
22005 6734
21996 6742
22006 6733
22007 6732
21997 6741
21998 6740
22025 6716
22023 6718
22024 6717
22014 6726
22015 6725
21999 6739
22034 6708
22032 6710
22033 6709
22035 6707
22026 6715
22018 6722
22016 6724
22017 6723
22008 6731
22027 6714
22009 6730
22019 6721
22010 6729
22000 6738
22001 6737
22069 6677
22044 6699
22074 6672
22070 6676
22043 6700
22063 6682
22045 6698
22065 6680
22061 6684
22060 6685
22029 6712
22041 6702
22052 6692
22046 6697
22051 6693
22047 6696
22042 6701
22066 6679
22053 6691
22055 6689
22054 6690
22064 6681
22050 6694
22056 6688
22038 6704
22062 6683
22036 6706
22028 6713
22037 6705
22057 6687
22020 6720
22011 6728
22039 6703
22002 6736
22030 6711
22021 6719
22012 6727
22003 6735
22048 6695
22073 6673
22071 6675
22077 6669
22076 6670
22075 6671
22067 6678
22058 6686
22084 6663
22081 6667
22420 6364
22412 6371
22411 6372
22421 6363
22422 6362
22413 6370
22430 6355
22431 6354
22440 6346
22438 6348
22439 6347
22429 6356
22441 6345
22414 6369
22449 6338
22447 6340
22450 6337
22432 6353
22433 6352
22423 6361
22442 6344
22460 6328
22451 6336
22466 6323
22457 6331
22468 6321
22448 6339
22467 6322
22469 6320
22458 6330
22459 6329
22415 6368
22434 6351
22425 6359
22424 6360
22416 6367
22480 6310
22476 6314
22481 6309
22461 6327
22478 6312
22470 6319
22477 6313
22452 6335
22472 6317
22462 6326
22471 6318
22475 6315
22479 6311
22443 6343
22444 6342
22453 6334
22435 6350
22417 6366
22426 6358
22436 6349
22427 6357
22418 6365
22491 6300
22490 6301
22488 6303
22484 6307
22454 6333
22486 6305
22445 6341
22464 6324
22455 6332
22473 6316
22742 6077
22734 6084
22744 6075
22743 6076
22760 6061
22751 6069
22735 6083
22762 6059
22761 6060
22752 6068
22753 6067
22733 6085
22745 6074
22736 6082
22771 6051
22746 6073
22770 6052
22755 6065
22772 6050
22791 6033
22790 6034
22763 6058
22782 6041
22781 6042
22779 6044
22780 6043
22737 6081
22769 6053
22773 6049
22789 6035
22778 6045
22788 6036
22754 6066
22756 6064
22747 6072
22738 6080
22757 6063
22799 6026
22784 6039
22797 6028
22793 6031
22798 6027
22801 6024
22792 6032
22796 6029
22803 6022
22748 6071
22800 6025
22802 6023
22764 6057
22765 6056
22766 6055
22783 6040
22774 6048
22775 6047
22739 6079
22794 6030
22749 6070
22740 6078
22767 6054
22758 6062
22813 6013
22811 6015
22805 6021
22812 6014
22810 6016
22806 6020
22807 6019
22776 6046
22808 6018
22786 6037
23017 5832
23019 5830
23018 5831
23009 5839
23008 5840
23010 5838
23037 5814
23035 5816
23027 5823
23026 5824
23036 5815
23038 5813
23020 5829
23029 5821
23028 5822
23011 5837
23012 5836
23030 5820
23053 5800
23047 5805
23057 5796
23066 5788
23065 5789
23056 5797
23054 5799
23045 5807
23048 5804
23046 5806
23064 5790
23044 5808
23063 5791
23062 5792
23021 5828
23055 5798
23039 5812
23040 5811
23013 5835
23022 5827
23031 5819
23023 5826
23032 5818
23041 5810
23068 5786
23059 5794
23072 5783
23058 5795
23073 5782
23078 5777
23075 5780
23067 5787
23074 5781
23076 5779
23077 5778
23050 5802
23049 5803
23060 5793
23014 5834
23051 5801
23033 5817
23024 5825
23015 5833
23069 5785
23088 5768
23080 5776
23081 5775
23084 5773
23085 5771
23082 5774
23086 5770
23042 5809
23070 5784
23209 5661
23210 5660
23201 5668
23200 5669
23202 5667
23211 5659
23227 5645
23219 5652
23229 5643
23228 5644
23218 5653
23203 5666
23238 5635
23239 5634
23245 5629
23236 5637
23249 5625
23258 5617
23257 5618
23230 5642
23256 5619
23248 5626
23246 5628
23247 5627
23240 5633
23253 5622
23237 5636
23212 5658
23254 5621
23255 5620
23220 5651
23231 5641
23221 5650
23259 5616
23222 5649
23213 5657
23232 5640
23204 5665
23223 5648
23205 5664
23214 5656
23224 5647
23215 5655
23206 5663
23263 5613
23266 5610
23269 5607
23270 5606
23265 5611
23268 5608
23267 5609
23260 5615
23241 5632
23250 5624
23242 5631
23264 5612
23261 5614
23251 5623
23233 5639
23243 5630
23225 5646
23216 5654
23207 5662
23234 5638
23282 5596
23291 5588
23283 5595
23284 5594
23293 5586
23292 5587
23311 5570
23309 5572
23300 5580
23310 5571
23301 5579
23303 5577
23313 5568
23302 5578
23312 5569
23285 5593
23294 5585
23295 5584
23286 5592
23336 5548
23304 5576
23327 5556
23321 5561
23331 5552
23338 5546
23328 5555
23329 5554
23326 5557
23320 5562
23318 5564
23322 5560
23340 5544
23339 5545
23330 5553
23319 5563
23337 5547
23314 5567
23305 5575
23296 5583
23306 5574
23287 5591
23297 5582
23288 5590
23346 5539
23351 5534
23355 5532
23357 5529
23350 5535
23360 5526
23358 5528
23345 5540
23347 5538
23341 5543
23332 5551
23324 5558
23342 5542
23349 5536
23333 5550
23344 5541
23348 5537
23315 5566
23323 5559
23316 5565
23307 5573
23298 5581
23289 5589
23334 5549
23353 5533
24471 4539
24479 4532
24480 4531
24478 4533
24470 4540
24472 4538
24487 4525
24488 4524
24473 4537
24496 4517
24499 4514
24498 4515
24500 4513
24482 4529
24490 4522
24489 4523
24497 4516
24481 4530
24483 4528
24474 4536
24491 4521
24484 4527
24492 4520
24501 4512
24507 4507
24524 4492
24525 4491
24519 4496
24513 4502
24515 4500
24523 4493
24506 4508
24510 4504
24505 4509
24527 4489
24516 4499
24509 4505
24526 4490
24517 4498
24508 4506
24514 4501
24528 4488
24518 4497
24475 4535
24493 4519
24476 4534
24485 4526
24494 4518
24502 4511
24521 4494
24520 4495
24511 4503
24533 4485
24537 4482
24529 4487
24530 4486
24534 4483
24503 4510
24542 4476
24541 4477
24549 4470
24551 4468
24543 4475
24544 4474
24552 4467
24550 4469
24553 4466
24545 4473
24558 4462
24567 4454
24569 4452
24560 4460
24562 4458
24563 4457
24561 4459
24554 4465
24559 4461
24568 4453
24570 4451
24572 4449
24571 4450
24579 4443
24595 4429
24596 4428
24590 4433
24586 4437
24594 4430
24577 4445
24585 4438
24597 4427
24576 4446
24578 4444
24598 4426
24580 4442
24587 4436
24589 4434
24588 4435
24599 4425
24546 4472
24555 4464
24581 4441
24564 4456
24573 4448
24547 4471
24556 4463
24565 4455
24583 4439
24574 4447
24582 4440
24592 4431
24665 4367
24666 4366
24667 4365
24673 4360
24685 4349
24674 4359
24693 4342
24675 4358
24682 4352
24692 4343
24683 4351
24694 4341
24691 4344
24676 4357
24668 4364
24677 4356
24686 4348
24684 4350
24678 4355
24669 4363
24687 4347
24696 4339
24695 4340
24703 4333
24710 4327
24721 4317
24719 4319
24714 4323
24711 4326
24713 4324
24702 4334
24709 4328
24723 4315
24722 4316
24701 4335
24718 4320
24700 4336
24720 4318
24705 4331
24712 4325
24704 4332
24670 4362
24679 4354
24671 4361
24680 4353
24688 4346
24689 4345
24707 4329
24698 4337
24706 4330
24716 4321
24724 4314
24734 4306
24736 4304
24727 4312
24697 4338
24715 4322
24729 4310
24730 4309
24824 4226
24832 4219
24833 4218
24825 4225
24834 4217
24826 4224
24827 4223
24836 4215
24843 4209
24835 4216
24841 4211
24862 4193
24863 4191
24837 4214
24828 4222
24844 4208
24842 4210
24845 4207
24846 4206
24850 4203
24853 4200
24851 4202
24855 4198
24852 4201
24829 4221
24838 4213
24847 4205
24859 4195
24830 4220
24839 4212
24848 4204
24856 4197
24854 4199
24857 4196
24865 4189
24860 4194
24864 4190
24869 4186
24877 4179
24878 4178
24868 4187
24876 4180
24870 4185
24879 4177
24888 4169
24896 4162
24885 4172
24887 4170
24895 4163
24894 4164
24886 4171
24897 4161
24871 4184
24880 4176
24890 4167
24889 4168
24907 4152
24872 4183
24881 4175
24899 4159
24898 4160
24873 4182
24882 4174
24920 4141
24917 4143
24922 4139
24913 4147
24911 4149
24921 4140
24902 4157
24924 4137
24915 4145
24914 4146
24919 4142
24912 4148
24904 4155
24910 4150
24906 4153
24908 4151
24926 4135
24923 4138
24925 4136
24905 4154
24916 4144
24903 4156
24891 4166
24883 4173
24874 4181
24892 4165
24900 4158
24935 4129
24937 4128
24927 4134
24930 4132
24973 4094
24974 4093
24982 4086
24983 4085
24981 4087
24975 4092
24984 4084
24976 4091
24985 4083
24991 4078
24990 4079
24992 4077
25002 4068
25001 4069
24994 4075
24993 4076
25011 4060
25007 4064
25012 4059
24977 4090
24995 4074
24986 4082
24987 4081
25000 4070
24978 4089
25025 4048
25027 4046
25016 4056
25018 4054
25029 4044
25013 4058
25004 4066
25019 4053
25026 4047
25021 4051
25030 4043
25024 4049
25008 4063
25003 4067
25031 4042
25022 4050
25017 4055
25028 4045
25010 4061
25020 4052
24999 4071
25009 4062
24996 4073
25005 4065
24979 4088
24988 4080
24997 4072
25014 4057
25157 3931
25156 3932
25166 3923
25164 3925
25158 3930
25176 3914
25167 3922
25165 3924
25175 3915
25173 3917
25174 3916
25182 3909
25183 3908
25184 3907
25185 3906
25159 3929
25168 3921
25160 3928
25195 3897
25169 3920
25177 3913
25178 3912
25186 3905
25187 3904
25161 3927
25179 3911
25170 3919
25188 3903
25162 3926
25196 3896
25194 3898
25171 3918
25180 3910
25190 3902
25201 3892
25206 3889
25207 3888
25197 3895
25193 3899
25203 3891
25192 3900
25208 3886
25199 3894
25398 3718
25400 3716
25390 3725
25391 3724
25399 3717
25408 3709
25409 3708
25407 3710
25392 3723
25393 3722
25402 3714
25401 3715
25419 3699
25417 3701
25403 3713
25394 3721
25427 3692
25418 3700
25428 3691
25426 3693
25411 3706
25425 3694
25420 3698
25410 3707
25412 3705
25404 3712
25395 3720
25416 3702
25421 3697
25415 3703
25413 3704
25396 3719
25445 3676
25435 3685
25437 3683
25434 3686
25444 3677
25429 3690
25442 3679
25443 3678
25432 3688
25436 3684
25446 3675
25424 3695
25441 3680
25448 3673
25438 3682
25439 3681
25447 3674
25430 3689
25422 3696
25433 3687
25405 3711
25510 3619
25511 3618
25519 3611
25520 3610
25518 3612
25513 3616
25512 3617
25521 3609
25522 3608
25527 3604
25529 3602
25528 3603
25531 3600
25530 3601
25514 3615
25523 3607
25532 3599
25515 3614
25538 3594
25536 3596
25537 3595
25533 3598
25539 3593
25535 3597
25540 3592
25541 3591
25524 3606
25516 3613
25525 3605
25544 3589
25547 3587
25549 3585
25542 3590
25546 3588
25969 3214
25970 3213
25971 3212
25986 3199
25978 3206
25985 3200
25987 3198
25977 3207
25980 3204
25972 3211
25979 3205
25988 3197
25994 3192
25997 3189
25996 3190
25989 3196
25995 3191
25973 3210
25981 3203
25990 3195
25998 3188
25982 3202
25974 3209
25999 3187
25983 3201
25975 3208
25991 3194
26006 3181
26002 3185
26000 3186
26005 3182
26009 3178
26011 3177
26003 3184
25992 3193
26095 3103
26096 3102
26097 3101
26111 3089
26103 3096
26114 3086
26105 3094
26113 3087
26106 3093
26112 3088
26098 3100
26104 3095
26122 3079
26123 3078
26115 3085
26121 3080
26120 3081
26107 3092
26099 3099
26100 3098
26124 3077
26108 3091
26117 3083
26125 3076
26116 3084
26109 3090
26101 3097
26126 3075
26118 3082
26128 3074
26131 3072
26129 3073
26195 3015
26196 3014
26203 3008
26197 3013
26204 3007
26205 3006
26212 3000
26211 3001
26213 2999
26206 3005
26198 3012
26199 3011
26219 2994
26220 2993
26214 2998
26222 2991
26221 2992
26223 2990
26215 2997
26207 3004
26200 3010
26208 3003
26224 2989
26216 2996
26233 2981
26225 2988
26227 2987
26217 2995
26209 3002
26201 3009
26237 2978
26231 2984
26229 2985
26253 2964
26261 2957
26254 2963
26255 2962
26262 2956
26256 2961
26263 2955
26264 2954
26270 2949
26269 2950
26278 2942
26281 2939
26272 2947
26280 2940
26273 2946
26279 2941
26271 2948
26277 2943
26265 2953
26257 2960
26282 2938
26274 2945
26266 2952
26258 2959
26275 2944
26285 2936
26267 2951
26283 2937
26259 2958
26288 2934
26293 2929
26290 2931
26925 2376
26932 2370
26926 2375
26933 2369
26934 2368
26927 2374
26928 2373
26929 2372
26935 2367
26936 2366
26937 2365
26947 2357
26940 2363
26951 2353
26941 2362
26949 2355
26950 2354
26952 2352
26948 2356
26942 2361
26945 2358
26943 2360
26944 2359
26930 2371
26938 2364
26953 2351
26956 2349
26963 2343
26964 2342
26958 2347
26957 2348
26965 2341
26973 2334
26972 2335
26966 2340
26971 2336
26967 2339
26959 2346
26960 2345
26978 2330
26979 2329
26976 2331
26975 2332
26968 2338
26969 2337
26961 2344
26974 2333
26983 2325
26985 2324
26987 2323
26989 2321
26995 2316
26998 2312
26990 2319
27025 2289
27026 2288
27027 2287
27034 2281
27042 2274
27040 2276
27035 2280
27033 2282
27028 2286
27036 2279
27032 2283
27029 2285
27030 2284
27051 2266
27043 2273
27055 2263
27052 2265
27047 2270
27045 2271
27048 2269
27049 2268
27041 2275
27044 2272
27037 2278
27050 2267
27038 2277
27056 2262
27053 2264
27058 2261
27061 2258
27235 2107
27244 2099
27243 2100
27236 2106
27237 2105
27242 2101
27238 2104
27245 2098
27249 2095
27246 2097
27239 2103
27251 2093
27247 2096
27265 2081
27264 2082
27261 2084
27259 2086
27260 2085
27253 2091
27262 2083
27258 2087
27255 2089
27250 2094
27252 2092
27257 2088
27240 2102
27254 2090
27268 2079
27277 2070
27367 1993
27368 1992
27369 1991
27374 1987
27376 1985
27380 1982
27377 1984
27370 1990
27381 1981
27375 1986
27384 1978
27383 1979
27388 1975
27382 1980
27378 1983
27371 1989
27372 1988
27389 1974
27385 1977
27386 1976
27390 1973
27392 1972
27396 1968
27397 1967
27398 1966
27404 1961
27405 1960
27409 1957
27406 1959
27403 1962
27410 1956
27412 1954
27417 1950
27413 1953
27407 1958
27411 1955
27399 1965
27400 1964
27418 1949
27401 1963
27415 1951
27414 1952
27669 1734
27670 1733
27671 1732
27675 1729
27672 1731
27677 1727
27682 1723
27679 1725
27676 1728
27673 1730
27678 1726
27683 1722
27680 1724
27690 1716
27686 1720
27687 1719
27689 1717
27684 1721
27688 1718
27729 1683
27730 1682
27731 1681
27735 1678
27732 1680
27736 1677
27737 1676
27733 1679
27742 1672
27743 1671
27739 1674
27738 1675
27740 1673
27748 1667
27745 1669
27750 1665
27744 1670
27749 1666
27746 1668
27846 1584
27847 1583
27852 1579
27858 1574
27853 1578
27854 1577
27859 1573
27848 1582
27850 1580
27849 1581
27855 1576
27868 1566
27862 1570
27864 1569
27860 1572
27866 1567
27856 1575
27861 1571
27884 1552
27885 1551
27886 1550
27890 1547
27896 1542
27891 1546
27897 1541
27892 1545
27894 1543
27887 1549
27888 1548
27905 1534
27902 1537
27904 1536
27893 1544
27898 1540
27900 1538
27899 1539
28058 1407
28063 1403
28059 1406
28064 1402
28069 1398
28060 1405
28061 1404
28070 1397
28065 1401
28066 1400
28071 1396
28067 1399
28076 1392
28072 1395
28081 1388
28086 1384
28082 1387
28087 1383
28088 1382
28083 1386
28084 1385
28093 1378
28089 1381
28094 1377
28090 1380
28092 1379
28095 1376
28098 1374
28099 1373
28103 1370
28109 1365
28100 1372
28101 1371
28105 1368
28104 1369
28111 1363
28106 1367
28110 1364
28112 1362
28107 1366
28208 1284
28218 1276
28219 1275
28209 1283
28213 1280
28215 1278
28214 1279
28210 1282
28211 1281
28216 1277
28220 1274
28224 1271
28229 1267
28230 1266
28225 1270
28226 1269
28234 1263
28231 1265
28237 1261
28232 1264
28227 1268
28235 1262
28240 1260
28483 1064
28479 1067
28488 1060
28484 1063
28480 1066
28485 1062
28481 1065
28486 1061
28519 1036
28515 1039
28516 1038
28524 1032
28520 1035
28523 1033
28521 1034
28517 1037
28532 1026
28528 1029
28529 1028
28537 1022
28538 1021
28533 1025
28536 1023
28534 1024
28530 1027
28540 1020
28695 904
28692 906
28696 903
28693 905
28697 902
28702 899
28704 897
28772 849
28769 851
28770 850
28773 848
28775 847
28776 846
28782 842
28779 844
28783 841
28780 843
28785 840
28788 838
28786 839
28789 837
28791 836
28792 835
28956 726
28958 725
28959 724
28964 721
28961 723
28962 722
28967 719
28969 718
28970 717
28972 716
28977 713
28975 714
28978 712
28982 710
28980 711
28983 709
29015 690
29019 688
29017 689
29133 638
29084 682
29151 622
29153 621
29145 627
29079 686
29147 625
29148 624
29149 623
29109 659
29097 670
29121 648
29096 671
29085 681
29091 675
29146 626
29082 683
29138 633
29101 666
29106 662
29139 632
29094 672
29107 661
29137 634
29118 651
29099 668
29140 631
29112 656
29129 641
29110 657
29127 642
29078 687
29080 685
29143 628
29119 650
29134 636
29114 654
29102 665
29093 673
29126 643
29124 645
29098 669
29081 684
29141 629
29115 652
29087 678
29130 639
29135 635
29088 676
29103 663
29086 679
29122 647
29158 619
29160 618
29165 616
29167 615
29170 614
29175 612
29178 611
29210 601
29211 600
29205 605
29206 604
29199 610
29207 602
29200 609
29201 608
29203 606
29218 598
29225 596
29229 595
29233 594
29237 593
29246 591
MAXX = 29251 27678
