150065 arestas removidas
0 obrigatorias
Fim da primeira fase. Quantidade de solucoes suportadas : 141
5.18
4.72218e-05
1.06249e-05
3.77774e-05
3.30552e-05
0.00101999
0.00236109
2.12498e-05
0.0113379
6.61105e-05
0.0243983
0.000755548
0.0944435
0.00299268
0.0367196
0.000371871
0.0183598
7.43743e-05
0.00764993
0.00906658
0.000198331
6.61105e-05
8.49992e-05
0.00012986
0.000214859
10.2876
0.000708327
0.00198331
0.000448607
0.0100937
0.00144499
0.00513773
0.124949
0.0991657
0.00369746
0.11366
0.0286872
0.424316
0.0821364
0.0059405
0.853335
0.0214729
0.132221
0.00362899
0.583888
0.00349913
0.210286
0.106727
0.00337163
0.00482488
7.73134
0.0247631
0.0724382
0.612249
0.0100771
0.572154
0.0963324
1.12184
0.06954
0.30033
0.210713
0.0385802
3.8154
0.0848929
0.460717
0.288525
0.0293956
2.46033
0.933716
1.50613
0.225366
0.398816
0.669363
0.343321
0.111689
0.0352369
36.4855
0.134488
0.0264867
0.40908
0.723546
0.49887
0.131314
1.26337
0.122422
2.40691
0.0250889
0.350877
0.384409
0.00781756
2.26082
0.0305053
0.0735526
0.456757
0.0949158
2.06595
0.218082
0.467028
0.0072509
0.142496
0.0286341
0.0172265
0.00560168
9.59607
0.0161026
0.00294074
0.0729293
0.415009
0.254854
0.0308641
1.04792
0.0165111
0.405812
0.162688
0.00174248
0.00248741
2.16585
0.00395246
0.0266095
0.155619
0.0241799
0.00770305
0.495829
0.0100346
0.037984
0.000358885
0.293283
0.00028097
0.00747993
0.000245553
0.143649
0.00899929
0.0818259
0.000103888
0.00334684
0.0736943
0.00398434
0.0423957
0.00069416
4.72218e-06
5.90272e-06
Fim da segunda fase. Quantidade de solucoes nao-suportadas: 0
Quantidade total de solucoes : 141
0
Total: 5.18 segundos
0 54549
2 54529
3 54520
5 54504
7 54490
19 54418
39 54318
41 54309
90 54113
94 54099
177 53850
193 53810
393 53410
432 53345
576 53129
591 53108
699 52964
706 52955
778 52865
858 52769
870 52755
877 52747
885 52738
895 52727
908 52713
3860 49761
3885 49737
3927 49697
3947 49678
4042 49588
4078 49554
4146 49490
4482 49175
4782 48895
4840 48841
5162 48542
5324 48392
5948 47816
6223 47563
6297 47495
7185 46681
7326 46552
7676 46232
7734 46179
8470 45507
8527 45455
8969 45052
9284 44765
9340 44714
9407 44653
12091 42213
12243 42075
12503 41839
13259 41153
13356 41065
14087 40402
14387 40130
15411 39202
15666 38971
16196 38491
16640 38089
16830 37917
18720 36207
19002 35952
19659 35358
20179 34888
20345 34738
21864 33366
22800 32521
23989 31448
24449 31033
25061 30481
25854 29766
26422 29254
26746 28962
26928 28798
32788 23524
33144 23204
33302 23062
33923 22504
34749 21762
35435 21146
35787 20830
36879 19850
37219 19545
38727 18193
38881 18055
39457 17539
40060 16999
40146 16922
41609 15613
41779 15461
42043 15225
42701 14637
43001 14369
44401 13119
44856 12713
45522 12119
45605 12045
45973 11717
46138 11570
46266 11456
46339 11391
49363 8703
49487 8593
49540 8546
49804 8312
50434 7754
50928 7317
51100 7165
52103 6280
52229 6169
52854 5619
53250 5271
53291 5235
53340 5192
54788 3925
54850 3871
55011 3731
55401 3393
55555 3260
55642 3185
56342 2585
56442 2500
56637 2335
56656 2319
57202 1864
57219 1850
57307 1778
57323 1765
57713 1453
57812 1376
58116 1148
58127 1140
58190 1095
58496 891
58571 846
58839 712
58881 698
58885 697
58890 696
MAXX = 58890 54549
