243733 arestas removidas
493 obrigatorias
Fim da primeira fase. Quantidade de solucoes suportadas : 11
0.01
Fim da segunda fase. Quantidade de solucoes nao-suportadas: 75
Quantidade total de solucoes : 86
1.4
Total: 1.41 segundos
1 1164
2 1157
3 1151
6 1136
17 1092
41 1020
90 922
94 916
218 792
232 785
235 784
4 1147
5 1141
7 1132
8 1128
9 1124
10 1120
11 1116
16 1096
15 1100
14 1104
13 1108
12 1112
18 1089
19 1086
20 1083
21 1080
22 1077
23 1074
24 1071
25 1068
26 1065
40 1023
39 1026
38 1029
37 1032
36 1035
35 1038
34 1041
33 1044
32 1047
42 1018
43 1017
89 924
88 926
87 928
86 930
85 932
84 934
83 936
82 938
81 940
80 942
79 944
78 946
77 948
76 950
91 921
92 920
93 918
95 915
96 914
97 913
98 912
99 911
100 910
101 909
102 908
103 907
104 906
105 905
106 904
107 903
108 902
109 901
110 900
111 899
112 898
113 897
114 896
217 793
216 794
215 795
230 786
229 787
228 788
MAXX = 235 1164
