2.562280719e-05
3.128500285e-05
3.122724598e-05
2.760818644e-05
3.318765368e-05
2.748532609e-05
2.893738228e-05
2.828973287e-05
2.773639554e-05
3.130032367e-05
2.955035508e-05
3.068843845e-05
2.868294744e-05
2.592524513e-05
3.030809169e-05
2.846003342e-05
2.903059201e-05
3.185257314e-05
2.705575258e-05
2.733454384e-05
2.758604527e-05
2.658679389e-05
2.922794574e-05
2.887166813e-05
3.107868808e-05
2.554803329e-05
2.828242489e-05
3.293207230e-05
2.994089409e-05
2.994304838e-05

4.930335549e-05
6.189408381e-05
4.878065908e-05
5.831355817e-05
4.744303759e-05
5.266407827e-05
5.819817845e-05
5.543179870e-05
5.527743794e-05
5.243393164e-05
5.632181913e-05
4.638272579e-05
6.407357357e-05
5.551492620e-05
5.161704595e-05
5.942153603e-05
5.798477403e-05
5.365736734e-05
5.273770307e-05
5.211390385e-05
4.688372984e-05
4.536569591e-05
6.591489472e-05
5.289238168e-05
5.627842612e-05
6.063501426e-05
5.340413905e-05
5.301043549e-05
5.553600287e-05
4.742528994e-05
