3.407300000e+04
3.521800000e+04
3.261400000e+04
3.207300000e+04
3.115600000e+04
3.307700000e+04
3.094300000e+04
3.025700000e+04
2.814900000e+04
3.368600000e+04
2.987600000e+04
3.201300000e+04
3.256600000e+04
3.030600000e+04
3.325600000e+04
2.720700000e+04
3.137700000e+04
2.681500000e+04
2.991800000e+04
3.450200000e+04
2.769800000e+04
3.307800000e+04
3.173900000e+04
2.956100000e+04
3.090200000e+04
3.175200000e+04
2.839400000e+04
2.923500000e+04
3.212300000e+04
2.766300000e+04

9.096800000e+04
9.452800000e+04
8.245800000e+04
1.295580000e+05
1.032210000e+05
1.103620000e+05
9.320100000e+04
1.179710000e+05
1.065510000e+05
9.984700000e+04
1.157250000e+05
1.021630000e+05
1.076720000e+05
7.509500000e+04
1.470000000e+05
1.009740000e+05
1.117440000e+05
1.233240000e+05
6.879900000e+04
1.197340000e+05
1.257960000e+05
1.257610000e+05
9.764600000e+04
2.420600000e+05
2.299370000e+05
9.132500000e+04
1.070500000e+05
9.632900000e+04
1.130707000e+06
8.567300000e+04
