3.920000000e+02
2.890000000e+02
4.310000000e+02
3.420000000e+02
2.760000000e+02
4.560000000e+02
4.250000000e+02
4.560000000e+02
3.840000000e+02
3.400000000e+02
3.880000000e+02
2.650000000e+02
2.970000000e+02
2.690000000e+02
2.850000000e+02
3.160000000e+02
3.370000000e+02
3.320000000e+02
2.630000000e+02
2.440000000e+02
2.320000000e+02
4.560000000e+02
4.560000000e+02
3.880000000e+02
2.660000000e+02
2.090000000e+02
3.840000000e+02
2.450000000e+02
2.970000000e+02
2.860000000e+02

1.765000000e+03
1.084000000e+03
1.069000000e+03
7.610000000e+02
1.481000000e+03
1.009000000e+03
1.001000000e+03
1.612000000e+03
8.160000000e+02
1.195000000e+03
1.557000000e+03
1.012000000e+03
9.390000000e+02
1.094000000e+03
1.368000000e+03
1.252000000e+03
8.310000000e+02
1.102000000e+03
1.246000000e+03
1.522000000e+03
1.314000000e+03
1.241000000e+03
7.490000000e+02
1.217000000e+03
8.030000000e+02
1.168000000e+03
1.426000000e+03
7.910000000e+02
1.150000000e+03
1.296000000e+03
