2.439092216e-05
2.642578108e-05
1.943929278e-05
2.279999788e-05
2.579910522e-05
2.080131764e-05
2.548003324e-05
1.960499624e-05
2.174057662e-05
2.477971414e-05
1.915890044e-05
2.277049232e-05
2.457701363e-05
1.790789682e-05
1.946555650e-05
1.987328188e-05
2.252950350e-05
2.287075881e-05
1.859062341e-05
1.987692463e-05
2.012809632e-05
2.119590795e-05
2.131928674e-05
2.271858814e-05
2.357168625e-05
1.916701528e-05
2.511037796e-05
2.509527391e-05
2.302587937e-05
1.865429085e-05

6.342568536e-05
5.987931765e-05
6.021672889e-05
6.652949762e-05
6.935092658e-05
7.185384587e-05
6.386526596e-05
6.166621294e-05
6.054094541e-05
6.213892832e-05
7.126148331e-05
6.980437091e-05
6.804163108e-05
6.565062609e-05
6.719957052e-05
6.127246268e-05
5.408990264e-05
5.995846467e-05
6.523978690e-05
6.379746782e-05
6.120540913e-05
6.167137885e-05
6.133555719e-05
6.516917160e-05
6.366665430e-05
5.449239193e-05
7.142537552e-05
6.144604582e-05
6.549794269e-05
6.304083001e-05
