1.793474614e-06
1.374171520e-06
1.495104253e-06
1.479296405e-06
1.308004680e-06
1.434511380e-06
1.451987171e-06
1.704384324e-06
1.351205954e-06
1.364414324e-06
1.361202192e-06
1.540517142e-06
1.419484010e-06
1.396929102e-06
1.634779643e-06
1.637450897e-06
1.432722719e-06
1.619721694e-06
1.409798989e-06
1.617818422e-06
1.468491027e-06
1.693438945e-06
1.610800186e-06
1.510650386e-06
1.591996572e-06
1.776911956e-06
1.305053346e-06
1.454396949e-06
1.699627562e-06
1.727817114e-06

1.498697463e-06
1.498651954e-06
1.376632396e-06
1.297486008e-06
1.495218505e-06
1.857924090e-06
1.473786790e-06
1.998816404e-06
1.373795033e-06
1.578810956e-06
1.458611835e-06
1.458543332e-06
1.504291629e-06
1.550357811e-06
1.618671874e-06
1.340523330e-06
1.376134392e-06
1.618374869e-06
1.348780687e-06
1.493137788e-06
1.447655678e-06
1.395974891e-06
1.492634755e-06
1.482702869e-06
1.359251655e-06
1.496168604e-06
1.534842098e-06
1.586451946e-06
1.431665235e-06
1.409844977e-06
