Number of sample populations = 3. Total number of values in the input = 90
32261 0 1
35795 0 2
36452 0 3
36479 0 4
37399 0 5
37469 0 6
37564 0 7
37624 0 8
37721 0 9
37889 0 10
38177 0 11
38343 0 12
38447 0 13
38765 0 14
38976 0 15
39617 0 16
39642 0 17
39737 0 18
39997 0 19
40379 0 20
40975 0 21
41206 1 22
41289 0 23
42048 1 24
42502 0 25
42608 0 26
42661 0 27
42913 0 28
43183 1 29
43645 0 30
44383 0 31
45602 0 32
45884 1 33
47087 0 34
49636 1 35
50506 1 36
51250 1 37
51509 1 38
51653 1 39
51977 1 40
53180 1 41
53897 1 42
54148 1 43
54623 2 44
54689 2 45
54821 2 46
54917 1 47
55021 2 48
55715 1 49
56389 2 50
56630 2 51
56653 2 52
56664 1 53
56696 2 54
56990 1 55
57490 1 56
57797 2 57
59240 2 58
59527 2 59
61220 2 60
61547 2 61
62503 1 62
62540 1 63
63996 1 64
64874 2 65
65297 1 66
65581 2 67
66058 2 68
67340 1 69
67549 2 70
67910 2 71
68703 1 72
68890 1 73
69772 2 74
70122 2 75
70289 2 76
71097 2 77
72051 1 78
74295 1 79
74326 1 80
75364 1 81
82510 2 82
82635 2 83
82833 2 84
83017 2 85
83741 1 86
86955 2 87
90503 2 88
95794 2 89
108365 2 90
Total number of ties =0
Number of samples = 30; sum = 487
Number of samples = 30; sum = 1592
Number of samples = 30; sum = 2016
Corrected T value =60.8652
p-value to accept the null hypothesis that all distribution functions are identical = 6.07155645e-14
