3.772100000e+04
3.645200000e+04
3.739900000e+04
3.817700000e+04
3.579500000e+04
3.844700000e+04
3.226100000e+04
4.128900000e+04
3.746900000e+04
4.266100000e+04
4.250200000e+04
4.291300000e+04
3.788900000e+04
3.973700000e+04
4.364500000e+04
4.037900000e+04
4.097500000e+04
3.964200000e+04
3.647900000e+04
3.756400000e+04
3.834300000e+04
4.560200000e+04
3.897600000e+04
4.708700000e+04
3.876500000e+04
4.438300000e+04
3.999700000e+04
3.762400000e+04
4.260800000e+04
3.961700000e+04

4.963600000e+04
4.318300000e+04
7.432600000e+04
7.429500000e+04
5.666400000e+04
5.165300000e+04
5.389700000e+04
5.318000000e+04
6.870300000e+04
5.150900000e+04
5.571500000e+04
7.536400000e+04
4.588400000e+04
6.250300000e+04
6.889000000e+04
6.734000000e+04
5.699000000e+04
5.414800000e+04
5.050600000e+04
6.254000000e+04
4.204800000e+04
5.749000000e+04
6.529700000e+04
4.120600000e+04
7.205100000e+04
5.125000000e+04
5.197700000e+04
5.491700000e+04
8.374100000e+04
6.399600000e+04

6.791000000e+04
8.251000000e+04
6.754900000e+04
5.502100000e+04
6.154700000e+04
5.669600000e+04
8.301700000e+04
6.558100000e+04
6.977200000e+04
9.050300000e+04
5.952700000e+04
5.663000000e+04
7.028900000e+04
8.263500000e+04
8.695500000e+04
5.468900000e+04
5.482100000e+04
6.122000000e+04
6.605800000e+04
1.083650000e+05
8.283300000e+04
9.579400000e+04
7.109700000e+04
7.012200000e+04
5.638900000e+04
5.462300000e+04
6.487400000e+04
5.665300000e+04
5.924000000e+04
5.779700000e+04
