3.687699849e-05
3.486229544e-05
3.684348914e-05
3.882867666e-05
3.050757408e-05
3.650161787e-05
3.411455383e-05
3.637391209e-05
3.096230045e-05
3.978150876e-05
3.079753775e-05
4.247042376e-05
3.812764974e-05
3.460084528e-05
3.238867807e-05
4.146649482e-05
3.626585168e-05
3.385683648e-05
3.706401216e-05
3.562487400e-05
3.120967985e-05
3.450841747e-05
3.871111023e-05
3.422780573e-05
4.368254566e-05
3.318258450e-05
3.457591908e-05
3.547172960e-05
3.595314233e-05
3.403259303e-05

5.980022168e-05
6.459513784e-05
5.425869903e-05
5.023687376e-05
5.489278982e-05
6.318893266e-05
6.940013168e-05
6.244884078e-05
5.695474903e-05
5.296806711e-05
6.364647903e-05
7.273486910e-05
5.948497157e-05
5.392449618e-05
5.314198538e-05
6.436681104e-05
7.360299698e-05
5.852560088e-05
5.468141618e-05
6.041825399e-05
6.125086474e-05
5.604763996e-05
6.061396585e-05
6.175554168e-05
5.414438290e-05
4.963445328e-05
5.071751898e-05
5.531239846e-05
4.399969233e-05
6.747158039e-05
