4.057082969e-07
4.336073109e-07
4.237151052e-07
4.670977365e-07
4.492082933e-07
4.458868994e-07
5.151384070e-07
4.944191862e-07
3.953788062e-07
4.620203763e-07
4.367395233e-07
3.928133796e-07
4.115258959e-07
4.221040889e-07
4.114497283e-07
4.287723856e-07
4.982505996e-07
4.381334940e-07
4.533884887e-07
4.076168379e-07
4.262494340e-07
4.504748390e-07
4.194535127e-07
3.788056092e-07
4.885410683e-07
4.205975036e-07
4.848366010e-07
4.203513162e-07
4.311058364e-07
4.332038782e-07

1.778841734e-07
1.764174683e-07
2.001867858e-07
1.785970669e-07
1.927258751e-07
1.890363379e-07
1.622498178e-07
1.915954571e-07
1.777311197e-07
1.893008486e-07
2.271186551e-07
1.966370090e-07
2.060984765e-07
1.770116793e-07
2.015720938e-07
1.832808546e-07
1.752016611e-07
1.937382095e-07
1.821392191e-07
1.808187014e-07
1.844689572e-07
1.861855623e-07
1.833596969e-07
1.702870553e-07
1.996002395e-07
1.627376417e-07
1.730656952e-07
1.734202657e-07
2.079110097e-07
2.008229130e-07
