9.688000000e+03
9.450000000e+03
1.023300000e+04
9.994000000e+03
1.002900000e+04
1.058700000e+04
1.043700000e+04
1.126200000e+04
1.037100000e+04
1.028500000e+04
1.042200000e+04
1.037500000e+04
1.068800000e+04
9.495000000e+03
1.028300000e+04
9.952000000e+03
1.052500000e+04
9.164000000e+03
1.036600000e+04
1.029200000e+04
1.079500000e+04
9.103000000e+03
1.048300000e+04
1.088500000e+04
9.946000000e+03
1.002900000e+04
9.771000000e+03
1.018100000e+04
1.028400000e+04
9.551000000e+03

1.139000000e+04
1.219300000e+04
1.153300000e+04
1.070700000e+04
1.231800000e+04
1.154000000e+04
1.127500000e+04
1.085500000e+04
1.148400000e+04
1.206100000e+04
1.246300000e+04
1.222900000e+04
1.143400000e+04
1.091800000e+04
1.092200000e+04
1.237200000e+04
1.130600000e+04
1.254200000e+04
1.296200000e+04
1.160500000e+04
1.121000000e+04
1.080200000e+04
1.210700000e+04
1.140100000e+04
1.122800000e+04
1.369400000e+04
1.134500000e+04
1.160400000e+04
1.163600000e+04
1.199000000e+04
