7.600000000e+01
6.600000000e+01
6.800000000e+01
7.000000000e+01
7.100000000e+01
9.300000000e+01
8.500000000e+01
6.800000000e+01
9.000000000e+01
8.000000000e+01
9.400000000e+01
8.200000000e+01
6.100000000e+01
5.600000000e+01
7.600000000e+01
8.000000000e+01
8.900000000e+01
7.000000000e+01
7.900000000e+01
7.800000000e+01
7.300000000e+01
9.100000000e+01
5.300000000e+01
6.500000000e+01
5.400000000e+01
5.700000000e+01
6.300000000e+01
7.200000000e+01
6.300000000e+01
6.400000000e+01

3.620000000e+02
3.780000000e+02
3.380000000e+02
3.300000000e+02
3.330000000e+02
3.160000000e+02
3.350000000e+02
5.010000000e+02
3.100000000e+02
3.940000000e+02
2.890000000e+02
3.200000000e+02
3.450000000e+02
2.930000000e+02
3.040000000e+02
3.000000000e+02
4.680000000e+02
2.780000000e+02
2.500000000e+02
3.460000000e+02
3.970000000e+02
3.940000000e+02
3.340000000e+02
4.470000000e+02
3.430000000e+02
3.040000000e+02
3.430000000e+02
4.040000000e+02
3.040000000e+02
3.350000000e+02
