3.865856454e-06
3.271728066e-06
3.580682008e-06
4.356372091e-06
3.775412592e-06
4.891795986e-06
4.789361758e-06
3.759363187e-06
6.469854528e-06
4.257726960e-06
4.978575540e-06
4.460921607e-06
5.167295751e-06
4.062504361e-06
5.235969255e-06
4.294982970e-06
4.616632669e-06
3.906936373e-06
4.023697533e-06
4.305016773e-06
4.506842439e-06
3.852117106e-06
3.972693912e-06
3.598295683e-06
3.460693505e-06
5.265524555e-06
4.617463846e-06
5.019430709e-06
4.671933891e-06
5.502165396e-06

2.292017269e-06
1.699381494e-06
2.176245209e-06
1.942611471e-06
1.977897583e-06
2.104156738e-06
1.618736625e-06
2.221650353e-06
1.750999047e-06
2.312203197e-06
1.901440454e-06
2.111361681e-06
1.969948010e-06
2.204613484e-06
2.325515798e-06
2.242909454e-06
2.325788453e-06
2.180041133e-06
2.238441634e-06
1.917969898e-06
1.859225885e-06
1.414982537e-06
2.582363366e-06
2.015791717e-06
2.522966259e-06
2.292787128e-06
2.373944452e-06
2.628100246e-06
2.195811896e-06
2.192337369e-06
