7.680000000e+02
1.792000000e+03
1.664000000e+03
7.680000000e+02
-1.280000000e+02
1.408000000e+03
1.792000000e+03
2.560000000e+03
1.280000000e+03
1.792000000e+03
8.960000000e+02
1.920000000e+03
-8.960000000e+02
1.024000000e+03
1.024000000e+03
1.536000000e+03
1.152000000e+03
6.400000000e+02
3.840000000e+02
1.536000000e+03
2.304000000e+03
1.536000000e+03
1.152000000e+03
2.688000000e+03
1.280000000e+03
1.152000000e+03
5.120000000e+02
1.792000000e+03
1.024000000e+03
7.680000000e+02

1.574400000e+04
1.331200000e+04
1.484800000e+04
1.433600000e+04
1.382400000e+04
1.420800000e+04
1.446400000e+04
1.254400000e+04
1.408000000e+04
1.536000000e+04
1.344000000e+04
1.382400000e+04
1.254400000e+04
1.177600000e+04
1.305600000e+04
1.433600000e+04
1.446400000e+04
1.344000000e+04
1.267200000e+04
1.267200000e+04
1.356800000e+04
1.433600000e+04
1.561600000e+04
1.369600000e+04
1.369600000e+04
1.548800000e+04
1.497600000e+04
1.267200000e+04
1.382400000e+04
1.331200000e+04
