2.350000000e+02
2.410000000e+02
3.210000000e+02
2.130000000e+02
2.910000000e+02
2.040000000e+02
2.420000000e+02
2.650000000e+02
2.390000000e+02
2.390000000e+02
2.710000000e+02
2.100000000e+02
2.520000000e+02
2.310000000e+02
2.870000000e+02
2.820000000e+02
2.320000000e+02
2.820000000e+02
2.310000000e+02
2.200000000e+02
2.410000000e+02
2.620000000e+02
2.620000000e+02
2.140000000e+02
2.550000000e+02
2.600000000e+02
2.700000000e+02
2.600000000e+02
2.520000000e+02
2.300000000e+02

7.760000000e+02
5.920000000e+02
6.150000000e+02
5.460000000e+02
6.910000000e+02
6.200000000e+02
9.570000000e+02
6.930000000e+02
7.460000000e+02
1.378000000e+03
8.630000000e+02
7.620000000e+02
1.188000000e+03
6.760000000e+02
6.480000000e+02
7.670000000e+02
6.640000000e+02
5.690000000e+02
9.710000000e+02
5.430000000e+02
8.640000000e+02
7.570000000e+02
7.170000000e+02
6.590000000e+02
4.890000000e+02
4.320000000e+02
5.130000000e+02
5.820000000e+02
4.990000000e+02
6.930000000e+02
