3.844000000e+03
4.262000000e+03
3.743000000e+03
3.203000000e+03
5.624000000e+03
3.042000000e+03
5.569000000e+03
3.389000000e+03
3.233000000e+03
4.619000000e+03
5.025000000e+03
3.876000000e+03
4.007000000e+03
2.772000000e+03
4.047000000e+03
3.385000000e+03
4.323000000e+03
6.126000000e+03
5.767000000e+03
3.559000000e+03
7.113000000e+03
4.738000000e+03
3.798000000e+03
3.699000000e+03
4.268000000e+03
4.525000000e+03
4.871000000e+03
5.571000000e+03
5.837000000e+03
3.778000000e+03

1.514600000e+04
8.767000000e+03
1.010306000e+06
1.814700000e+04
1.753200000e+04
9.981000000e+03
3.014700000e+04
2.090300000e+04
1.819400000e+04
1.055600000e+04
7.715000000e+03
1.042600000e+04
1.435500000e+04
2.540000000e+04
1.176100000e+04
1.685100000e+04
1.093000000e+04
9.338000000e+03
2.419400000e+04
8.677000000e+03
1.719200000e+04
8.297000000e+03
1.252000000e+04
1.368800000e+04
1.233400000e+04
1.007810000e+06
1.266000000e+04
1.067000000e+04
4.455000000e+03
3.536100000e+04
