1.830600000e+04
1.461400000e+04
1.689100000e+04
1.530900000e+04
1.585600000e+04
1.580100000e+04
1.634600000e+04
1.772800000e+04
1.695500000e+04
1.611700000e+04
1.425700000e+04
1.604900000e+04
1.584400000e+04
1.583100000e+04
1.719300000e+04
1.779900000e+04
1.651200000e+04
1.656100000e+04
1.708300000e+04
1.624600000e+04
1.773400000e+04
1.655800000e+04
1.647300000e+04
1.644000000e+04
1.492800000e+04
1.508900000e+04
1.548400000e+04
1.642600000e+04
1.740700000e+04
1.528800000e+04

2.457000000e+04
2.537400000e+04
2.268800000e+04
2.224400000e+04
2.404000000e+04
2.587600000e+04
2.352400000e+04
2.556000000e+04
2.600500000e+04
2.184800000e+04
2.365000000e+04
2.389400000e+04
2.474400000e+04
2.229400000e+04
2.478200000e+04
2.397600000e+04
2.162500000e+04
2.496500000e+04
2.403300000e+04
2.259000000e+04
2.203000000e+04
2.540400000e+04
2.266500000e+04
2.336400000e+04
2.294900000e+04
2.218500000e+04
2.480000000e+04
2.783300000e+04
2.252300000e+04
2.196700000e+04
