2.600000000e+02
2.050000000e+02
2.630000000e+02
1.290000000e+02
1.700000000e+02
1.350000000e+02
2.260000000e+02
1.850000000e+02
1.420000000e+02
1.560000000e+02
1.300000000e+02
1.600000000e+02
2.230000000e+02
1.350000000e+02
1.470000000e+02
2.060000000e+02
2.280000000e+02
2.730000000e+02
1.420000000e+02
1.690000000e+02
1.940000000e+02
1.990000000e+02
2.290000000e+02
1.830000000e+02
2.540000000e+02
1.510000000e+02
1.920000000e+02
1.080000000e+02
1.390000000e+02
1.400000000e+02

9.920000000e+02
1.095000000e+03
9.200000000e+02
8.440000000e+02
8.250000000e+02
8.330000000e+02
7.700000000e+02
8.310000000e+02
6.380000000e+02
8.680000000e+02
8.120000000e+02
1.011000000e+03
9.440000000e+02
6.560000000e+02
5.930000000e+02
8.660000000e+02
7.190000000e+02
7.120000000e+02
8.000000000e+02
1.003000000e+03
9.020000000e+02
6.390000000e+02
9.840000000e+02
6.820000000e+02
7.790000000e+02
7.560000000e+02
7.820000000e+02
1.062000000e+03
1.439000000e+03
7.630000000e+02
