2.019110288e-05
2.310550416e-05
2.202757186e-05
1.948996239e-05
2.184950450e-05
1.991042448e-05
2.367267230e-05
2.031790108e-05
1.946087699e-05
2.155914056e-05
2.044505991e-05
2.231761030e-05
2.278804767e-05
2.303003621e-05
1.964673959e-05
1.971779322e-05
2.229274222e-05
2.306844060e-05
2.262762819e-05
2.116098750e-05
2.253191431e-05
2.269599814e-05
1.889966669e-05
2.125006637e-05
2.363469609e-05
2.103847724e-05
1.830147850e-05
1.939714475e-05
2.407844207e-05
2.290780643e-05

1.830125104e-05
1.645476243e-05
1.520898204e-05
1.858193579e-05
1.637255868e-05
1.654346617e-05
1.640946706e-05
1.553018870e-05
1.772040671e-05
1.672821393e-05
1.874411207e-05
1.537592063e-05
1.708797289e-05
1.561050219e-05
1.704861285e-05
1.875476743e-05
1.549631828e-05
1.718777742e-05
1.796961772e-05
1.752093046e-05
1.690480106e-05
1.771914476e-05
1.685345305e-05
1.681982717e-05
1.703322728e-05
1.780665924e-05
1.627121662e-05
1.701521644e-05
1.677883204e-05
1.632945142e-05
