4.595200000e+04
4.608000000e+04
4.812800000e+04
4.364800000e+04
4.313600000e+04
4.697600000e+04
4.723200000e+04
4.595200000e+04
4.403200000e+04
4.902400000e+04
4.467200000e+04
4.556800000e+04
4.723200000e+04
4.467200000e+04
4.748800000e+04
4.800000000e+04
3.980800000e+04
4.889600000e+04
5.043200000e+04
4.710400000e+04
4.211200000e+04
4.864000000e+04
4.748800000e+04
4.569600000e+04
4.185600000e+04
5.478400000e+04
4.480000000e+04
4.684800000e+04
4.454400000e+04
4.620800000e+04

5.000252288e+09
6.000232192e+09
7.000209408e+09
2.000273024e+09
7.000200960e+09
3.000314368e+09
5.000240640e+09
8.000160768e+09
4.000286208e+09
9.000227456e+09
5.000233856e+09
2.000248064e+09
1.000264064e+09
3.000258688e+09
2.000295936e+09
5.000219392e+09
2.000237184e+09
5.000247424e+09
3.000243712e+09
3.000250496e+09
8.000170496e+09
5.000215680e+09
9.000200576e+09
1.000020006e+10
7.000227072e+09
1.000374528e+09
5.000265728e+09
4.000219264e+09
6.000183552e+09
2.000390272e+09
