1.000812891e-05
9.306552011e-06
8.993203981e-06
7.695661127e-06
1.002455393e-05
9.559580341e-06
1.061767573e-05
8.955149688e-06
9.987016520e-06
8.357336752e-06
1.064431950e-05
9.293831065e-06
1.068492041e-05
8.780347268e-06
9.095912381e-06
8.052719612e-06
9.112625099e-06
1.079368454e-05
8.132110151e-06
8.530253745e-06
1.128517822e-05
9.693218770e-06
1.008817251e-05
9.334709308e-06
9.901944709e-06
1.134721775e-05
9.094136734e-06
8.768572469e-06
8.686357182e-06
9.000902496e-06

7.962769123e-06
8.519452159e-06
9.245315785e-06
1.012077487e-05
7.830378557e-06
8.648530992e-06
9.420086149e-06
8.707588897e-06
9.497678087e-06
8.340460362e-06
7.198906095e-06
9.965420853e-06
8.331797337e-06
1.092174988e-05
1.218076710e-05
8.489137020e-06
8.822519680e-06
8.934710427e-06
8.433688053e-06
7.151764305e-06
8.094910588e-06
9.213109150e-06
1.056642277e-05
8.768334665e-06
1.272152732e-05
7.692743166e-06
9.089963724e-06
7.488486005e-06
1.003647072e-05
8.512731208e-06
