1.650000000e+02
1.720000000e+02
2.870000000e+02
2.100000000e+02
2.040000000e+02
2.160000000e+02
1.630000000e+02
2.260000000e+02
2.830000000e+02
2.770000000e+02
2.210000000e+02
1.590000000e+02
2.020000000e+02
1.720000000e+02
2.770000000e+02
1.640000000e+02
2.240000000e+02
1.680000000e+02
1.680000000e+02
1.680000000e+02
1.660000000e+02
1.880000000e+02
2.240000000e+02
2.320000000e+02
1.820000000e+02
1.460000000e+02
1.630000000e+02
2.250000000e+02
1.620000000e+02
2.090000000e+02

2.350000000e+02
2.510000000e+02
3.210000000e+02
2.320000000e+02
2.860000000e+02
2.040000000e+02
2.420000000e+02
2.650000000e+02
2.410000000e+02
2.620000000e+02
2.790000000e+02
2.080000000e+02
2.470000000e+02
2.200000000e+02
2.890000000e+02
2.820000000e+02
2.370000000e+02
2.780000000e+02
2.310000000e+02
2.610000000e+02
2.500000000e+02
2.650000000e+02
2.680000000e+02
2.140000000e+02
2.800000000e+02
2.600000000e+02
2.700000000e+02
2.600000000e+02
2.570000000e+02
2.660000000e+02
