3.909176600e+07
3.746314900e+07
2.441648700e+07
2.028596300e+07
2.183440300e+07
4.390299500e+07
4.087840800e+07
5.119956800e+07
2.242397800e+07
2.408256100e+07
3.881031300e+07
3.635811800e+07
5.232019200e+07
4.035533000e+07
3.821571800e+07
4.140334600e+07
3.541332500e+07
1.560215300e+07
1.784995100e+07
5.561149200e+07
1.788887500e+07
5.155363500e+07
2.407165000e+07
3.738333700e+07
2.759334600e+07
2.033948700e+07
2.110230100e+07
3.838801200e+07
3.927780500e+07
3.861493300e+07

3.391156600e+07
1.886358400e+07
5.033788900e+07
3.525262700e+07
2.055042400e+07
2.027917200e+07
2.614499000e+07
2.190592900e+07
4.112622000e+07
4.995131900e+07
1.979986700e+07
1.755292000e+07
2.791598700e+07
3.169292100e+07
4.856686200e+07
2.648748700e+07
3.575724300e+07
4.927973000e+07
1.930490600e+07
5.095173100e+07
1.789476000e+07
1.930537000e+07
2.980166200e+07
2.025964500e+07
3.180901400e+07
4.628219200e+07
2.152289000e+07
5.345946600e+07
3.053362800e+07
4.620815800e+07
