2.521000000e+04
2.762500000e+04
2.707400000e+04
2.954500000e+04
2.755400000e+04
2.818300000e+04
2.562700000e+04
2.894800000e+04
2.514900000e+04
2.470000000e+04
2.913600000e+04
2.694800000e+04
2.601400000e+04
2.609500000e+04
2.405800000e+04
2.835100000e+04
2.946300000e+04
2.885700000e+04
2.603100000e+04
2.541400000e+04
3.033900000e+04
2.686300000e+04
2.717500000e+04
2.753800000e+04
2.937400000e+04
3.005400000e+04
2.684900000e+04
2.511700000e+04
2.883000000e+04
2.629900000e+04

1.754500000e+04
1.532300000e+04
1.780400000e+04
2.459300000e+04
1.812800000e+04
1.944800000e+04
2.115400000e+04
1.784600000e+04
1.501600000e+04
1.524400000e+04
1.903400000e+04
1.826700000e+04
1.805300000e+04
1.508600000e+04
1.592000000e+04
1.540700000e+04
1.762700000e+04
2.204100000e+04
1.941400000e+04
1.767100000e+04
1.583900000e+04
1.549500000e+04
2.548700000e+04
1.499900000e+04
2.062000000e+04
1.891900000e+04
1.869200000e+04
2.086500000e+04
2.054000000e+04
2.168800000e+04
