3.248300000e+04
3.208600000e+04
2.964700000e+04
2.709400000e+04
3.342000000e+04
3.029500000e+04
3.178700000e+04
3.021100000e+04
2.815500000e+04
3.030300000e+04
3.257900000e+04
3.225500000e+04
3.206300000e+04
2.867800000e+04
2.962600000e+04
3.067400000e+04
3.262500000e+04
3.055600000e+04
3.038400000e+04
2.897800000e+04
3.030200000e+04
3.125700000e+04
3.150100000e+04
3.278300000e+04
3.193500000e+04
3.075100000e+04
2.866000000e+04
2.887900000e+04
3.003500000e+04
3.212100000e+04

5.298500000e+04
5.839900000e+04
5.738100000e+04
5.712700000e+04
5.178700000e+04
5.283800000e+04
5.168900000e+04
5.367200000e+04
5.785600000e+04
5.425300000e+04
5.359700000e+04
5.918000000e+04
5.268900000e+04
5.541900000e+04
5.493400000e+04
5.674000000e+04
5.816300000e+04
5.584800000e+04
5.613800000e+04
5.550400000e+04
5.643600000e+04
5.926100000e+04
5.056800000e+04
5.296700000e+04
5.591200000e+04
5.364500000e+04
5.637800000e+04
5.354600000e+04
4.898500000e+04
5.881100000e+04
