3.025000000e+03
3.453000000e+03
2.764000000e+03
3.331000000e+03
3.035000000e+03
2.653000000e+03
2.798000000e+03
2.782000000e+03
2.909000000e+03
3.062000000e+03
2.888000000e+03
2.729000000e+03
2.796000000e+03
3.446000000e+03
2.974000000e+03
2.903000000e+03
3.140000000e+03
3.028000000e+03
3.144000000e+03
2.842000000e+03
2.715000000e+03
3.695000000e+03
2.893000000e+03
3.045000000e+03
3.094000000e+03
2.835000000e+03
2.773000000e+03
2.573000000e+03
2.931000000e+03
3.451000000e+03

4.759000000e+03
5.125000000e+03
4.197000000e+03
6.437000000e+03
4.974000000e+03
4.219000000e+03
4.848000000e+03
1.003533000e+06
4.209000000e+03
6.743000000e+03
4.592000000e+03
4.570000000e+03
5.626000000e+03
4.579000000e+03
5.116000000e+03
4.315000000e+03
4.859000000e+03
4.363000000e+03
4.486000000e+03
4.573000000e+03
6.862000000e+03
1.002870000e+06
4.330000000e+03
5.532000000e+03
4.323000000e+03
3.952000000e+03
5.992000000e+03
2.996673000e+06
4.429000000e+03
4.281000000e+03
