1.164800000e+04
1.228800000e+04
1.497600000e+04
1.523200000e+04
1.331200000e+04
1.318400000e+04
1.267200000e+04
1.382400000e+04
1.356800000e+04
1.369600000e+04
1.152000000e+04
1.280000000e+04
1.395200000e+04
1.254400000e+04
1.433600000e+04
1.241600000e+04
1.395200000e+04
1.216000000e+04
1.344000000e+04
1.446400000e+04
1.292800000e+04
1.344000000e+04
1.203200000e+04
1.280000000e+04
1.292800000e+04
1.395200000e+04
1.280000000e+04
1.305600000e+04
1.446400000e+04
1.318400000e+04

1.456640000e+05
1.000148864e+09
1.382400000e+05
1.379840000e+05
1.253120000e+05
1.460480000e+05
1.619200000e+05
1.269760000e+05
1.241600000e+05
1.369600000e+05
1.436160000e+05
1.342720000e+05
1.154560000e+05
1.451520000e+05
1.332480000e+05
1.304320000e+05
1.381120000e+05
1.525760000e+05
1.329920000e+05
1.379840000e+05
1.408000000e+05
1.175040000e+05
1.272320000e+05
1.441280000e+05
1.000116608e+09
1.400320000e+05
1.440000000e+05
1.475840000e+05
1.262080000e+05
1.271040000e+05
