1.221404455e-05
1.311442493e-05
1.359129104e-05
1.260604947e-05
1.222622314e-05
1.165270312e-05
1.268476672e-05
1.232936052e-05
1.171372278e-05
1.079429380e-05
1.178868765e-05
1.117798878e-05
1.316299981e-05
1.469927959e-05
1.381616894e-05
1.316712991e-05
1.120552005e-05
1.337936993e-05
1.214620841e-05
1.109793617e-05
1.060105339e-05
1.156666101e-05
1.289072938e-05
1.388267378e-05
1.309031833e-05
1.227824018e-05
1.379816297e-05
1.444243470e-05
1.251123867e-05
1.290195349e-05

1.938167291e-05
1.565451353e-05
1.369017857e-05
1.485936514e-05
1.599865466e-05
1.434887511e-05
1.896087908e-05
1.865290318e-05
1.794115088e-05
1.642150689e-05
1.709099528e-05
2.028266786e-05
1.560730759e-05
1.686317336e-05
1.616809090e-05
1.614705008e-05
1.852288355e-05
1.594820936e-05
1.742274465e-05
2.332243009e-05
1.855845290e-05
1.754900784e-05
1.853781931e-05
1.773853799e-05
1.746410481e-05
1.717389109e-05
1.961124837e-05
2.000796774e-05
1.941575711e-05
1.589920674e-05
