1.062400000e+04
1.113600000e+04
8.320000000e+03
1.254400000e+04
1.267200000e+04
9.856000000e+03
9.088000000e+03
1.049600000e+04
9.088000000e+03
1.164800000e+04
1.587200000e+04
1.305600000e+04
8.320000000e+03
1.152000000e+04
2.214400000e+04
1.113600000e+04
1.241600000e+04
1.484800000e+04
1.318400000e+04
1.152000000e+04
1.715200000e+04
9.728000000e+03
1.523200000e+04
1.088000000e+04
1.344000000e+04
1.510400000e+04
1.548800000e+04
1.420800000e+04
8.448000000e+03
1.100800000e+04

2.496000000e+04
2.316800000e+04
2.649600000e+04
3.020800000e+04
2.508800000e+04
2.777600000e+04
1.600000000e+04
1.804800000e+04
2.252800000e+04
1.958400000e+04
3.315200000e+04
2.803200000e+04
2.035200000e+04
2.867200000e+04
2.368000000e+04
2.393600000e+04
1.984000000e+04
2.944000000e+04
2.969600000e+04
3.379200000e+04
2.880000000e+04
1.356800000e+04
2.176000000e+04
2.841600000e+04
2.508800000e+04
2.368000000e+04
3.430400000e+04
2.508800000e+04
2.752000000e+04
1.945600000e+04
