8.919403616e-06
9.678775112e-06
9.077682140e-06
8.379557968e-06
8.166733829e-06
8.815994218e-06
7.811851549e-06
8.089348797e-06
8.436768489e-06
9.209717457e-06
8.087136903e-06
9.184633530e-06
9.765643448e-06
8.152655480e-06
8.073880230e-06
7.842442936e-06
9.091128554e-06
8.855067472e-06
8.669816839e-06
7.455095180e-06
7.899523877e-06
8.865348460e-06
8.944314010e-06
8.183982674e-06
8.432423384e-06
7.099988469e-06
8.761393275e-06
8.339638207e-06
9.286449915e-06
8.614937613e-06

1.213122272e-05
9.073759948e-06
1.076084141e-05
1.045418384e-05
1.178670981e-05
1.026756714e-05
1.084977697e-05
1.062872634e-05
1.101737238e-05
1.056067694e-05
1.083997870e-05
1.031307504e-05
1.140359510e-05
1.136494560e-05
9.864777520e-06
9.985251572e-06
1.063531739e-05
9.861196366e-06
9.428741230e-06
1.047988265e-05
9.863217921e-06
9.488865521e-06
1.015784126e-05
1.171266278e-05
1.123968708e-05
9.658941000e-06
9.840077385e-06
1.024207311e-05
1.196972396e-05
1.015708210e-05
