5.884240782e-06
5.048586089e-06
5.586979762e-06
6.082218708e-06
5.708779641e-06
5.478067017e-06
6.979075057e-06
6.488817743e-06
6.629618440e-06
6.037392046e-06
5.694962489e-06
5.891184728e-06
5.703930743e-06
6.871607220e-06
6.247433673e-06
6.261914696e-06
6.238676476e-06
6.021821962e-06
6.580650505e-06
6.635562067e-06
6.387296327e-06
6.146608823e-06
6.359160747e-06
6.599632203e-06
6.780728668e-06
5.897260171e-06
5.962580584e-06
5.533734546e-06
6.630784906e-06
6.099685916e-06

9.039359064e-06
1.211358497e-05
8.848959375e-06
9.187401431e-06
9.094380087e-06
1.063563655e-05
1.111686729e-05
8.012216060e-06
8.795667452e-06
1.046773816e-05
1.005887381e-05
8.333539730e-06
9.260455290e-06
9.224012093e-06
8.876323738e-06
1.114424434e-05
8.948882628e-06
9.272482823e-06
9.187675004e-06
1.276965637e-05
1.099020210e-05
9.926355263e-06
9.689600929e-06
9.162860697e-06
9.853603440e-06
1.099903188e-05
1.019516118e-05
1.227615387e-05
9.008097219e-06
9.147447619e-06
