7.767300000e+04
7.757900000e+04
7.240300000e+04
7.932300000e+04
7.458800000e+04
7.953000000e+04
7.470300000e+04
7.719600000e+04
7.634800000e+04
7.794200000e+04
7.550400000e+04
7.423000000e+04
7.354000000e+04
8.084600000e+04
7.324800000e+04
7.702800000e+04
7.738600000e+04
7.693000000e+04
7.774900000e+04
7.258300000e+04
8.016400000e+04
7.101500000e+04
8.132000000e+04
7.727400000e+04
7.857000000e+04
8.082200000e+04
7.614000000e+04
7.425800000e+04
7.535200000e+04
7.804700000e+04

1.081340000e+05
1.084020000e+05
1.071500000e+05
1.029390000e+05
1.040480000e+05
1.067020000e+05
1.055720000e+05
9.968700000e+04
1.100410000e+05
1.069320000e+05
1.110920000e+05
1.141640000e+05
1.088830000e+05
1.068870000e+05
1.082120000e+05
1.079360000e+05
1.047950000e+05
1.053130000e+05
9.456400000e+04
9.924300000e+04
1.043750000e+05
1.086960000e+05
1.073530000e+05
1.025630000e+05
1.092460000e+05
1.050430000e+05
9.578900000e+04
1.082760000e+05
1.073710000e+05
1.073150000e+05

1.957600000e+05
1.830830000e+05
1.879600000e+05
1.920300000e+05
1.940330000e+05
1.867090000e+05
1.904900000e+05
1.929030000e+05
1.959700000e+05
1.869180000e+05
1.915770000e+05
1.978780000e+05
1.917180000e+05
1.908270000e+05
1.901810000e+05
1.884960000e+05
1.928130000e+05
2.069100000e+05
2.001340000e+05
2.010470000e+05
1.918880000e+05
1.976980000e+05
1.927130000e+05
2.033210000e+05
1.929130000e+05
1.879070000e+05
1.852410000e+05
1.904840000e+05
1.900790000e+05
1.941660000e+05
