2.670000000e+02
2.700000000e+02
3.980000000e+02
2.750000000e+02
3.360000000e+02
2.690000000e+02
2.240000000e+02
2.650000000e+02
2.700000000e+02
2.550000000e+02
2.620000000e+02
2.610000000e+02
2.420000000e+02
2.500000000e+02
2.640000000e+02
3.180000000e+02
2.590000000e+02
2.520000000e+02
2.430000000e+02
2.720000000e+02
2.600000000e+02
2.600000000e+02
2.630000000e+02
2.580000000e+02
2.620000000e+02
2.810000000e+02
2.490000000e+02
2.510000000e+02
2.460000000e+02
2.840000000e+02

1.783000000e+03
1.835000000e+03
1.841000000e+03
1.798000000e+03
1.835000000e+03
1.849000000e+03
1.768000000e+03
1.869000000e+03
1.662000000e+03
1.828000000e+03
1.835000000e+03
1.824000000e+03
1.858000000e+03
1.731000000e+03
1.712000000e+03
1.827000000e+03
1.791000000e+03
1.877000000e+03
1.793000000e+03
1.835000000e+03
1.775000000e+03
1.835000000e+03
1.809000000e+03
1.849000000e+03
1.833000000e+03
1.787000000e+03
1.827000000e+03
1.869000000e+03
1.827000000e+03
1.724000000e+03
