1.220000000e+02
1.170000000e+02
1.440000000e+02
1.150000000e+02
1.410000000e+02
1.370000000e+02
1.210000000e+02
1.410000000e+02
1.150000000e+02
1.210000000e+02
1.370000000e+02
1.160000000e+02
1.200000000e+02
9.700000000e+01
1.110000000e+02
1.510000000e+02
1.360000000e+02
1.280000000e+02
1.320000000e+02
8.900000000e+01
1.090000000e+02
1.250000000e+02
1.030000000e+02
1.500000000e+02
1.200000000e+02
1.440000000e+02
1.300000000e+02
1.240000000e+02
1.600000000e+02
1.180000000e+02

1.580000000e+02
1.440000000e+02
1.520000000e+02
1.550000000e+02
1.560000000e+02
1.600000000e+02
1.530000000e+02
1.670000000e+02
1.270000000e+02
1.760000000e+02
1.410000000e+02
1.340000000e+02
1.710000000e+02
1.520000000e+02
1.550000000e+02
1.460000000e+02
1.640000000e+02
1.380000000e+02
1.450000000e+02
1.380000000e+02
1.340000000e+02
1.500000000e+02
1.760000000e+02
1.580000000e+02
1.790000000e+02
1.680000000e+02
1.550000000e+02
1.790000000e+02
1.780000000e+02
1.460000000e+02
