Number of sample populations = 3. Total number of values in the input = 90
8 1 2
8 0 2
8 1 2
9 0 7
9 1 7
9 1 7
9 0 7
9 1 7
9 1 7
9 0 7
10 1 19
10 0 19
10 1 19
10 0 19
10 0 19
10 0 19
10 1 19
10 0 19
10 1 19
10 2 19
10 0 19
10 0 19
10 0 19
10 1 19
10 1 19
10 1 19
10 2 19
11 0 34
11 1 34
11 2 34
11 0 34
11 0 34
11 0 34
11 1 34
11 1 34
11 0 34
11 1 34
11 1 34
11 1 34
11 1 34
12 0 49
12 1 49
12 0 49
12 0 49
12 2 49
12 0 49
12 0 49
12 2 49
12 2 49
12 2 49
12 2 49
12 0 49
12 0 49
12 1 49
12 0 49
12 0 49
12 1 49
13 1 64
13 0 64
13 0 64
13 0 64
13 1 64
13 1 64
13 1 64
13 1 64
13 2 64
13 2 64
13 2 64
13 2 64
13 2 64
14 1 74
14 2 74
14 2 74
14 2 74
14 1 74
14 2 74
14 0 74
15 2 80
15 2 80
15 2 80
15 2 80
16 2 84
16 2 84
16 2 84
16 2 84
17 2 87
17 2 87
17 2 87
22 2 89
24 2 90
Total number of ties =78
Number of samples = 30; sum = 1052
Number of samples = 30; sum = 1018
Number of samples = 30; sum = 2025
Corrected T value =32.6114
p-value to accept the null hypothesis that all distribution functions are identical = 8.28935516e-08
