1.210000000e+02
1.030000000e+02
1.110000000e+02
1.220000000e+02
1.960000000e+02
1.440000000e+02
1.750000000e+02
1.300000000e+02
1.510000000e+02
1.090000000e+02
1.240000000e+02
1.010000000e+02
1.110000000e+02
1.190000000e+02
1.180000000e+02
1.500000000e+02
1.160000000e+02
2.000000000e+02
1.060000000e+02
1.300000000e+02
1.490000000e+02
1.170000000e+02
1.540000000e+02
1.550000000e+02
1.260000000e+02
1.330000000e+02
1.080000000e+02
1.180000000e+02
1.060000000e+02
1.520000000e+02

3.500000000e+02
3.430000000e+02
2.520000000e+02
3.630000000e+02
3.520000000e+02
4.120000000e+02
2.800000000e+02
4.920000000e+02
5.210000000e+02
5.140000000e+02
1.870000000e+02
2.140000000e+02
2.080000000e+02
4.310000000e+02
4.600000000e+02
2.940000000e+02
3.670000000e+02
3.010000000e+02
2.440000000e+02
3.400000000e+02
1.760000000e+02
2.540000000e+02
3.030000000e+02
1.680000000e+02
3.010000000e+02
2.520000000e+02
5.070000000e+02
2.550000000e+02
3.520000000e+02
3.080000000e+02
