1.099600000e+04
1.177800000e+04
1.152100000e+04
1.163300000e+04
1.152400000e+04
1.058900000e+04
1.175300000e+04
1.153700000e+04
1.056700000e+04
1.061700000e+04
1.173300000e+04
1.177500000e+04
1.017100000e+04
1.084200000e+04
9.790000000e+03
1.160300000e+04
1.184500000e+04
1.055000000e+04
1.014200000e+04
1.223700000e+04
1.236800000e+04
1.133100000e+04
1.118600000e+04
1.044700000e+04
1.181500000e+04
1.115500000e+04
1.255800000e+04
1.098700000e+04
1.186800000e+04
1.052500000e+04

1.853200000e+04
2.533300000e+04
1.015048000e+06
1.759500000e+04
1.681200000e+04
2.710500000e+04
2.023728000e+06
1.855800000e+04
1.786500000e+04
1.017495000e+06
1.940500000e+04
5.001483000e+06
2.641000000e+04
2.193800000e+04
2.530500000e+04
2.031300000e+04
2.302500000e+04
2.355700000e+04
1.649400000e+04
3.058100000e+04
2.358600000e+04
2.741300000e+04
2.112100000e+04
1.841700000e+04
1.967200000e+04
1.866200000e+04
2.558500000e+04
1.599700000e+04
1.012203000e+06
1.623200000e+04
