2.717700000e+04
2.662900000e+04
2.732200000e+04
2.998000000e+04
2.765400000e+04
2.610100000e+04
2.898400000e+04
2.879600000e+04
2.875400000e+04
2.773900000e+04
2.708300000e+04
2.776600000e+04
2.914800000e+04
2.770000000e+04
2.599900000e+04
2.721600000e+04
2.938900000e+04
2.906600000e+04
2.867800000e+04
2.666400000e+04
2.852500000e+04
3.024900000e+04
2.857200000e+04
2.683900000e+04
2.935200000e+04
2.724000000e+04
2.767000000e+04
2.849900000e+04
2.790500000e+04
2.810500000e+04

6.392000000e+04
6.142300000e+04
6.239000000e+04
5.768300000e+04
6.089300000e+04
6.667800000e+04
6.136000000e+04
5.659300000e+04
6.447100000e+04
6.250500000e+04
6.160800000e+04
6.175300000e+04
5.554700000e+04
6.327000000e+04
6.256700000e+04
6.020500000e+04
6.405500000e+04
5.858800000e+04
7.123700000e+04
6.673700000e+04
5.361500000e+04
5.733100000e+04
6.144400000e+04
6.076500000e+04
5.654100000e+04
6.501800000e+04
6.041900000e+04
5.788900000e+04
6.517600000e+04
6.034000000e+04
