1.960000000e+02
2.450000000e+02
2.150000000e+02
1.820000000e+02
2.400000000e+02
2.100000000e+02
2.270000000e+02
3.210000000e+02
2.130000000e+02
3.030000000e+02
2.560000000e+02
2.620000000e+02
2.970000000e+02
2.220000000e+02
2.550000000e+02
2.920000000e+02
2.850000000e+02
2.290000000e+02
2.320000000e+02
2.890000000e+02
2.450000000e+02
2.410000000e+02
2.970000000e+02
2.860000000e+02
2.080000000e+02
2.760000000e+02
3.350000000e+02
2.890000000e+02
3.130000000e+02
2.560000000e+02

3.770000000e+02
2.660000000e+02
3.770000000e+02
3.050000000e+02
3.150000000e+02
4.030000000e+02
2.710000000e+02
2.780000000e+02
2.570000000e+02
3.590000000e+02
3.600000000e+02
2.980000000e+02
3.320000000e+02
2.950000000e+02
3.030000000e+02
3.000000000e+02
2.790000000e+02
2.760000000e+02
4.000000000e+02
3.750000000e+02
4.180000000e+02
3.250000000e+02
3.100000000e+02
3.460000000e+02
3.160000000e+02
3.410000000e+02
3.130000000e+02
3.620000000e+02
4.170000000e+02
3.120000000e+02
