9.875998000e+06
1.519116500e+07
1.225654300e+07
1.297881200e+07
9.233765000e+06
8.553172000e+06
1.663651000e+07
7.149032000e+06
4.863739000e+06
2.952272200e+07
4.269521000e+06
1.571860200e+07
9.435518000e+06
3.019126100e+07
1.401642600e+07
1.900094800e+07
4.117551000e+06
9.957767000e+06
1.702399700e+07
1.619128900e+07
1.068664300e+07
9.394244000e+06
1.619916500e+07
9.295078000e+06
3.695217500e+07
1.128137900e+07
5.726494000e+06
1.663142500e+07
9.269523000e+06
1.624653900e+07

2.017192900e+07
1.477122000e+07
1.297916400e+07
1.431091700e+07
2.855129300e+07
1.442019100e+07
1.956028900e+07
1.704266900e+07
7.957853000e+06
1.258742600e+07
1.801815600e+07
8.894287000e+06
8.087974000e+06
1.961251500e+07
1.188397500e+07
2.025912000e+07
2.949986000e+07
1.264335500e+07
1.100914700e+07
1.437697300e+07
3.715343200e+07
1.172166900e+07
9.962568000e+06
1.253106200e+07
2.069130200e+07
1.351496100e+07
2.161171700e+07
1.436782000e+07
1.704000500e+07
1.695368800e+07
