6.590000000e+03
6.561000000e+03
6.227000000e+03
6.255000000e+03
6.014000000e+03
6.522000000e+03
6.378000000e+03
6.209000000e+03
6.421000000e+03
6.245000000e+03
6.606000000e+03
6.575000000e+03
6.605000000e+03
6.578000000e+03
5.796000000e+03
6.445000000e+03
6.178000000e+03
7.415000000e+03
6.753000000e+03
6.349000000e+03
6.314000000e+03
6.496000000e+03
6.475000000e+03
6.186000000e+03
6.338000000e+03
6.557000000e+03
6.305000000e+03
6.518000000e+03
6.868000000e+03
6.482000000e+03

7.678000000e+03
7.924000000e+03
7.591000000e+03
8.245000000e+03
7.746000000e+03
8.111000000e+03
8.103000000e+03
8.579000000e+03
7.763000000e+03
7.588000000e+03
7.976000000e+03
9.457000000e+03
8.422000000e+03
8.104000000e+03
7.786000000e+03
7.569000000e+03
7.810000000e+03
7.641000000e+03
7.807000000e+03
7.758000000e+03
7.613000000e+03
7.535000000e+03
7.715000000e+03
8.417000000e+03
8.057000000e+03
7.167000000e+03
7.857000000e+03
7.430000000e+03
8.319000000e+03
7.423000000e+03
