Number of sample populations = 3. Total number of values in the input = 90
28200 0 1
28592 0 2
29048 0 3
29083 0 4
29534 0 5
29779 0 6
30620 0 7
30946 0 8
31261 0 9
31303 0 10
31642 0 11
31691 0 12
32287 0 13
32328 0 14
32541 0 15
32762 0 16
33124 0 17
33137 0 18
33398 0 19
33458 0 20
33508 0 21
33951 0 22
33999 0 23
34462 0 24
34463 0 25
34641 0 26
35071 0 27
35458 0 28
35887 0 29
36603 0 30
53282 1 31
57782 1 32
58764 1 33
60875 1 34
60882 1 35
61399 1 36
63339 1 37
63663 1 38
64283 1 39
64956 1 40
65159 1 41
65999 1 42
66589 1 43
66685 1 44
68679 1 45
69178 1 46
69548 1 47
69801 1 48
69899 1 49
70197 1 50
70413 1 51
70560 1 52
72614 2 53
73044 1 54
73435 1 55
75350 1 56
76414 1 57
80145 1 58
81929 1 59
82807 1 60
82849 1 61
85416 2 62
86699 2 63
88122 2 64
99895 2 65
99945 2 66
100781 2 67
103064 2 68
105810 2 69
105911 2 70
116778 2 71
121278 2 72
142560 2 73
177132 2 74
282343 2 75
284545 2 76
286528 2 77
291700 2 78
308918 2 79
315212 2 80
324721 2 81
331971 2 82
347292 2 83
348707 2 84
349741 2 85
400507 2 86
412137 2 87
413698 2 88
427270 2 89
498082 2 90
Total number of ties =0
Number of samples = 30; sum = 465
Number of samples = 30; sum = 1373
Number of samples = 30; sum = 2257
Corrected T value =78.4238
p-value to accept the null hypothesis that all distribution functions are identical = 9.34288136e-18
