3.545800000e+04
3.660300000e+04
3.399900000e+04
3.345800000e+04
3.254100000e+04
3.446200000e+04
3.232800000e+04
3.164200000e+04
2.953400000e+04
3.507100000e+04
3.126100000e+04
3.339800000e+04
3.395100000e+04
3.169100000e+04
3.464100000e+04
2.859200000e+04
3.276200000e+04
2.820000000e+04
3.130300000e+04
3.588700000e+04
2.908300000e+04
3.446300000e+04
3.312400000e+04
3.094600000e+04
3.228700000e+04
3.313700000e+04
2.977900000e+04
3.062000000e+04
3.350800000e+04
2.904800000e+04

8.014500000e+04
8.284900000e+04
5.328200000e+04
6.668500000e+04
5.778200000e+04
6.087500000e+04
7.019700000e+04
6.515900000e+04
6.088200000e+04
7.641400000e+04
6.495600000e+04
6.428300000e+04
6.917800000e+04
7.535000000e+04
6.658900000e+04
7.343500000e+04
8.280700000e+04
6.954800000e+04
7.304400000e+04
7.056000000e+04
6.366300000e+04
7.041300000e+04
8.192900000e+04
6.989900000e+04
5.876400000e+04
6.139900000e+04
6.333900000e+04
6.867900000e+04
6.980100000e+04
6.599900000e+04

4.980820000e+05
1.771320000e+05
2.917000000e+05
1.059110000e+05
1.167780000e+05
1.007810000e+05
9.994500000e+04
4.272700000e+05
3.247210000e+05
3.487070000e+05
2.845450000e+05
4.136980000e+05
4.005070000e+05
1.058100000e+05
8.541600000e+04
2.823430000e+05
8.669900000e+04
7.261400000e+04
9.989500000e+04
3.497410000e+05
3.152120000e+05
1.425600000e+05
4.121370000e+05
8.812200000e+04
1.030640000e+05
1.212780000e+05
2.865280000e+05
3.089180000e+05
3.472920000e+05
3.319710000e+05
