3.060000000e+02
2.640000000e+02
2.180000000e+02
2.260000000e+02
2.970000000e+02
2.530000000e+02
3.170000000e+02
2.530000000e+02
3.000000000e+02
2.900000000e+02
2.480000000e+02
2.610000000e+02
2.390000000e+02
2.830000000e+02
2.570000000e+02
3.250000000e+02
2.420000000e+02
2.410000000e+02
2.960000000e+02
2.440000000e+02
2.710000000e+02
2.480000000e+02
2.670000000e+02
2.830000000e+02
2.530000000e+02
2.880000000e+02
2.760000000e+02
2.440000000e+02
2.810000000e+02
2.520000000e+02

3.450000000e+02
3.790000000e+02
2.960000000e+02
3.600000000e+02
3.410000000e+02
3.740000000e+02
3.080000000e+02
2.790000000e+02
3.380000000e+02
3.030000000e+02
4.340000000e+02
3.390000000e+02
3.330000000e+02
3.390000000e+02
2.700000000e+02
2.880000000e+02
3.680000000e+02
3.760000000e+02
3.740000000e+02
3.940000000e+02
3.300000000e+02
2.850000000e+02
3.030000000e+02
2.970000000e+02
2.830000000e+02
3.860000000e+02
3.260000000e+02
3.570000000e+02
3.500000000e+02
2.670000000e+02
