5.500000000e+01
5.600000000e+01
6.200000000e+01
1.190000000e+02
4.900000000e+01
7.400000000e+01
7.500000000e+01
1.190000000e+02
1.280000000e+02
1.010000000e+02
8.800000000e+01
8.800000000e+01
5.500000000e+01
7.100000000e+01
1.200000000e+02
1.310000000e+02
5.900000000e+01
1.040000000e+02
6.500000000e+01
7.900000000e+01
8.600000000e+01
1.780000000e+02
5.500000000e+01
6.200000000e+01
6.400000000e+01
1.070000000e+02
9.000000000e+01
5.800000000e+01
1.030000000e+02
5.400000000e+01

1.080000000e+02
9.000000000e+01
8.900000000e+01
7.800000000e+01
6.700000000e+01
9.200000000e+01
9.500000000e+01
1.240000000e+02
8.200000000e+01
6.900000000e+01
8.300000000e+01
1.440000000e+02
1.640000000e+02
8.600000000e+01
1.180000000e+02
8.700000000e+01
1.670000000e+02
2.130000000e+02
9.800000000e+01
8.300000000e+01
1.030000000e+02
8.400000000e+01
1.000000000e+02
1.030000000e+02
1.360000000e+02
8.400000000e+01
7.800000000e+01
6.500000000e+01
1.010000000e+02
8.700000000e+01
