2.862277776e-07
6.315861947e-08
1.734564333e-07
1.199051496e-07
3.445841265e-07
2.298453191e-07
1.192766472e-07
1.797915567e-07
1.737466526e-07
1.781527560e-07
3.967104217e-07
1.776270878e-07
1.762223787e-07
2.877759597e-07
1.713692498e-07
1.731182700e-07
2.901641410e-07
1.209618750e-07
2.282641230e-07
2.904543602e-07
3.435897562e-07
2.260069995e-07
1.190175257e-07
2.333286689e-07
3.462899132e-07
1.747175898e-07
2.318289897e-07
5.728507246e-07
3.450719903e-07
5.212408760e-07

1.105769753e-07
1.180262293e-07
8.681624053e-08
9.284102492e-08
1.048988572e-07
1.009260069e-07
1.008456477e-07
1.075222078e-07
9.440469601e-08
9.964053908e-08
1.127535399e-07
9.703183910e-08
1.167633962e-07
1.095500302e-07
9.807155861e-08
1.151832381e-07
9.494301883e-08
1.047687974e-07
1.048172605e-07
1.039856844e-07
1.198173253e-07
1.083520673e-07
1.093337829e-07
1.148546556e-07
1.204048297e-07
1.094000104e-07
1.022697181e-07
1.053585374e-07
1.123344585e-07
1.075641639e-07
