1.009650000e+05
9.922900000e+04
9.864900000e+04
9.769500000e+04
1.049420000e+05
1.051700000e+05
1.020760000e+05
9.605700000e+04
1.032870000e+05
9.600100000e+04
9.912800000e+04
1.059030000e+05
1.000840000e+05
9.922100000e+04
1.003110000e+05
9.286300000e+04
1.081490000e+05
9.844500000e+04
1.050190000e+05
1.000270000e+05
1.096740000e+05
9.755300000e+04
1.021700000e+05
1.025960000e+05
9.687800000e+04
1.018650000e+05
1.019950000e+05
8.576400000e+04
1.102630000e+05
9.387900000e+04

2.557340000e+05
2.631280000e+05
2.462360000e+05
2.602630000e+05
2.453490000e+05
2.609990000e+05
2.569230000e+05
2.552120000e+05
2.486840000e+05
2.547740000e+05
2.388000000e+05
2.689470000e+05
2.506660000e+05
2.475650000e+05
2.532150000e+05
2.325780000e+05
2.526740000e+05
2.631980000e+05
2.691570000e+05
2.295390000e+05
2.593050000e+05
2.499250000e+05
2.628930000e+05
2.661950000e+05
2.657420000e+05
2.530680000e+05
2.684060000e+05
2.664530000e+05
2.632210000e+05
2.653940000e+05
