3.840000000e+04
4.083200000e+04
3.814400000e+04
3.788800000e+04
3.865600000e+04
3.392000000e+04
3.699200000e+04
3.827200000e+04
3.660800000e+04
3.788800000e+04
3.635200000e+04
3.558400000e+04
3.148800000e+04
3.699200000e+04
3.891200000e+04
4.364800000e+04
3.776000000e+04
4.172800000e+04
4.172800000e+04
3.430400000e+04
4.083200000e+04
4.185600000e+04
4.070400000e+04
3.097600000e+04
3.699200000e+04
3.430400000e+04
3.750400000e+04
3.878400000e+04
4.044800000e+04
3.993600000e+04

1.232640000e+05
1.153280000e+05
1.196800000e+05
1.278720000e+05
1.245440000e+05
1.204480000e+05
1.312000000e+05
1.244160000e+05
1.315840000e+05
1.224960000e+05
1.342720000e+05
1.305600000e+05
1.195520000e+05
1.381120000e+05
1.290240000e+05
1.329920000e+05
1.305600000e+05
1.162240000e+05
1.345280000e+05
1.263360000e+05
1.324800000e+05
1.276160000e+05
1.365760000e+05
1.355520000e+05
1.323520000e+05
1.213440000e+05
1.335040000e+05
1.322240000e+05
1.294080000e+05
1.382400000e+05
