2.603788900e+07
1.571484300e+07
2.471236300e+07
2.567106200e+07
2.286592500e+07
2.702313200e+07
2.605468700e+07
3.204230600e+07
3.086731000e+07
4.922889900e+07
2.280905800e+07
3.768454400e+07
2.108625700e+07
2.169097900e+07
2.232111500e+07
3.247839500e+07
2.020904000e+07
2.240205700e+07
3.168355600e+07
4.816584300e+07
2.176366000e+07
1.885117700e+07
6.658074600e+07
3.206010700e+07
1.859592400e+07
4.957102800e+07
2.974810500e+07
5.197887300e+07
2.553152300e+07
2.154649800e+07

9.966879000e+06
6.515102600e+07
1.664759900e+07
8.263481300e+07
3.673825900e+07
1.058088200e+07
9.594638500e+07
1.054569300e+07
1.083677200e+07
3.164763300e+07
1.169675600e+07
3.268640900e+07
1.147383500e+07
3.323159400e+07
1.105669900e+07
1.633417100e+07
5.643021800e+07
9.934896000e+06
9.696115000e+06
1.117510940e+08
6.539456700e+07
4.519649700e+07
1.096360600e+07
6.531447600e+07
1.073386200e+07
5.683967900e+07
1.118751000e+07
4.873853500e+07
1.012976600e+07
1.084116300e+07
