5.244248000e+07
8.706593200e+07
5.960996500e+07
3.826531600e+07
6.856752700e+07
4.531668400e+07
4.100986400e+07
3.402673400e+07
4.378367500e+07
3.817222200e+07
4.379277300e+07
3.235032000e+07
4.053392000e+07
3.724106400e+07
4.187168300e+07
3.815792900e+07
3.245286500e+07
3.980758100e+07
3.912295400e+07
3.369340400e+07
3.917608600e+07
4.119266400e+07
2.898774600e+07
4.319624800e+07
2.976146500e+07
4.413173800e+07
4.126251000e+07
4.168557900e+07
4.047905800e+07
4.387362900e+07

1.892971400e+07
1.277635630e+08
1.820678700e+07
3.501314400e+07
4.963266500e+07
1.882477600e+07
1.890261800e+07
1.790992900e+07
1.852247200e+07
1.853468200e+07
1.730789600e+07
1.825814000e+07
1.602316300e+07
2.036770600e+07
1.810381700e+07
1.906987900e+07
1.866935800e+07
1.777707400e+07
1.768376400e+07
4.987636300e+07
1.845977200e+07
1.641307500e+07
1.863602100e+07
3.503667400e+07
1.799715900e+07
1.702287000e+07
1.611351300e+07
2.002991100e+07
1.823257700e+07
2.045617000e+07
