Number of sample populations = 3. Total number of values in the input = 90
15989 0 1
16438 0 2
16803 0 3
16865 0 4
16944 0 5
17592 0 6
17623 0 7
17711 0 8
17750 0 9
17814 0 10
17818 0 11
18043 0 12
18355 0 13
18509 0 14
18597 0 15
18606 0 16
18724 0 17
18749 0 18
18778 0 19
18934 0 20
18942 0 21
18994 0 22
19002 0 23
19065 0 24
19251 0 25
19503 0 26
19958 0 27
20204 0 28
20732 0 29
21482 0 30
21527 1 31
22206 1 32
22601 1 33
22775 1 34
22912 1 35
23085 1 36
23088 1 37
23230 1 38
23259 1 39
23355 1 40
23402 1 41
23428 1 42
23429 1 43
23701 1 44
23787 1 45
23898 1 46
24023 1 47
24152 1 48
24536 1 49
24809 1 50
24819 1 51
24880 1 52
25403 1 53
25631 1 54
25813 1 55
25944 1 56
26137 1 57
26277 1 58
26669 1 59
26958 1 60
51364 2 61
52509 2 62
52765 2 63
53475 2 64
53854 2 65
54224 2 66
54310 2 67
54345 2 68
54643 2 69
54930 2 70
55086 2 71
55135 2 72
55264 2 73
55328 2 74
55338 2 75
55554 2 76
55554 2 76
55591 2 78
55850 2 79
55887 2 80
55996 2 81
56036 2 82
56343 2 83
56477 2 84
56592 2 85
56822 2 86
56865 2 87
58090 2 88
58723 2 89
59339 2 90
Total number of ties =1
Number of samples = 30; sum = 465
Number of samples = 30; sum = 1365
Number of samples = 30; sum = 2265
Corrected T value =79.1215
p-value to accept the null hypothesis that all distribution functions are identical = 6.59140462e-18
