1.680300000e+04
1.781800000e+04
2.020400000e+04
1.995800000e+04
1.860600000e+04
2.073200000e+04
1.859700000e+04
1.872400000e+04
1.900200000e+04
1.899400000e+04
1.874900000e+04
1.925100000e+04
1.643800000e+04
1.694400000e+04
1.950300000e+04
1.759200000e+04
1.775000000e+04
1.762300000e+04
1.781400000e+04
1.894200000e+04
1.850900000e+04
1.835500000e+04
1.906500000e+04
1.893400000e+04
1.877800000e+04
1.804300000e+04
2.148200000e+04
1.598900000e+04
1.771100000e+04
1.686500000e+04

2.666900000e+04
2.152700000e+04
2.402300000e+04
2.613700000e+04
2.277500000e+04
2.335500000e+04
2.594400000e+04
2.563100000e+04
2.453600000e+04
2.378700000e+04
2.323000000e+04
2.342900000e+04
2.220600000e+04
2.389800000e+04
2.481900000e+04
2.540300000e+04
2.480900000e+04
2.695800000e+04
2.308800000e+04
2.415200000e+04
2.627700000e+04
2.340200000e+04
2.308500000e+04
2.291200000e+04
2.342800000e+04
2.370100000e+04
2.260100000e+04
2.488000000e+04
2.581300000e+04
2.325900000e+04

5.513500000e+04
5.682200000e+04
5.559100000e+04
5.933900000e+04
5.136400000e+04
5.659200000e+04
5.250900000e+04
5.599600000e+04
5.532800000e+04
5.464300000e+04
5.555400000e+04
5.634300000e+04
5.585000000e+04
5.809000000e+04
5.603600000e+04
5.555400000e+04
5.422400000e+04
5.347500000e+04
5.526400000e+04
5.647700000e+04
5.431000000e+04
5.385400000e+04
5.533800000e+04
5.508600000e+04
5.434500000e+04
5.686500000e+04
5.493000000e+04
5.872300000e+04
5.276500000e+04
5.588700000e+04
