2.020000000e+02
1.380000000e+02
2.470000000e+02
1.820000000e+02
1.950000000e+02
1.750000000e+02
1.710000000e+02
2.240000000e+02
1.710000000e+02
1.470000000e+02
1.700000000e+02
1.730000000e+02
1.930000000e+02
2.310000000e+02
1.840000000e+02
1.540000000e+02
1.760000000e+02
1.660000000e+02
2.060000000e+02
1.720000000e+02
1.840000000e+02
1.720000000e+02
1.860000000e+02
2.260000000e+02
2.060000000e+02
1.790000000e+02
1.820000000e+02
1.990000000e+02
1.690000000e+02
2.150000000e+02

2.020000000e+02
2.220000000e+02
1.780000000e+02
1.970000000e+02
2.790000000e+02
2.220000000e+02
2.370000000e+02
2.010000000e+02
2.180000000e+02
2.050000000e+02
1.920000000e+02
2.150000000e+02
2.540000000e+02
1.760000000e+02
1.830000000e+02
2.020000000e+02
1.900000000e+02
2.140000000e+02
1.740000000e+02
1.870000000e+02
2.250000000e+02
2.390000000e+02
2.070000000e+02
2.060000000e+02
2.000000000e+02
2.000000000e+02
2.420000000e+02
2.250000000e+02
1.940000000e+02
1.930000000e+02
