1.788800000e+06
1.787648000e+06
1.580800000e+06
1.664512000e+06
1.644544000e+06
1.667456000e+06
1.748352000e+06
1.639680000e+06
1.659008000e+06
1.699200000e+06
1.418496000e+06
1.624064000e+06
1.676288000e+06
1.585536000e+06
1.705984000e+06
1.766912000e+06
1.465600000e+06
1.848832000e+06
1.570304000e+06
1.679360000e+06
1.510144000e+06
1.890432000e+06
1.691776000e+06
1.585536000e+06
1.610624000e+06
1.657728000e+06
1.680256000e+06
1.738368000e+06
1.585408000e+06
1.773312000e+06

1.158246400e+07
1.092441600e+07
9.809920000e+06
1.465804800e+07
1.117363200e+07
1.230592000e+07
1.190118400e+07
1.415846400e+07
1.295859200e+07
1.344448000e+07
1.072883200e+07
1.050060800e+07
1.257356800e+07
1.185228800e+07
1.408896000e+07
1.672665600e+07
1.255539200e+07
1.280716800e+07
1.090752000e+07
1.137062400e+07
1.325516800e+07
1.283622400e+07
1.254374400e+07
1.297574400e+07
1.002828800e+07
9.333248000e+06
1.083417600e+07
9.795968000e+06
1.009881600e+07
1.189171200e+07
