4.352000000e+03
2.304000000e+03
2.944000000e+03
3.328000000e+03
2.048000000e+03
4.608000000e+03
2.816000000e+03
4.864000000e+03
4.480000000e+03
2.304000000e+03
3.584000000e+03
3.328000000e+03
3.328000000e+03
2.688000000e+03
2.176000000e+03
1.408000000e+03
3.456000000e+03
2.560000000e+03
2.176000000e+03
2.560000000e+03
4.864000000e+03
2.816000000e+03
1.920000000e+03
4.096000000e+03
3.584000000e+03
4.352000000e+03
1.664000000e+03
2.048000000e+03
3.456000000e+03
2.944000000e+03

4.352000000e+03
4.224000000e+03
4.480000000e+03
3.712000000e+03
3.584000000e+03
4.096000000e+03
3.328000000e+03
3.584000000e+03
3.968000000e+03
5.504000000e+03
3.328000000e+03
4.480000000e+03
3.456000000e+03
3.968000000e+03
4.352000000e+03
3.968000000e+03
4.096000000e+03
3.584000000e+03
4.096000000e+03
3.840000000e+03
3.968000000e+03
4.352000000e+03
3.584000000e+03
3.200000000e+03
4.608000000e+03
3.968000000e+03
3.072000000e+03
3.072000000e+03
2.944000000e+03
4.608000000e+03
