5.400000000e+01
5.000000000e+01
6.900000000e+01
5.800000000e+01
5.000000000e+01
5.500000000e+01
5.700000000e+01
4.400000000e+01
5.900000000e+01
5.100000000e+01
5.900000000e+01
5.400000000e+01
6.300000000e+01
5.800000000e+01
5.400000000e+01
7.400000000e+01
6.600000000e+01
5.900000000e+01
5.900000000e+01
4.600000000e+01
6.800000000e+01
5.800000000e+01
7.700000000e+01
5.200000000e+01
5.700000000e+01
5.300000000e+01
6.600000000e+01
4.900000000e+01
5.300000000e+01
6.300000000e+01

6.100000000e+01
8.700000000e+01
8.700000000e+01
7.400000000e+01
8.600000000e+01
8.900000000e+01
7.400000000e+01
9.000000000e+01
7.800000000e+01
1.020000000e+02
7.200000000e+01
1.020000000e+02
7.100000000e+01
7.800000000e+01
8.400000000e+01
9.000000000e+01
6.300000000e+01
7.700000000e+01
6.700000000e+01
1.010000000e+02
7.900000000e+01
7.600000000e+01
6.700000000e+01
9.200000000e+01
8.300000000e+01
7.400000000e+01
7.300000000e+01
7.500000000e+01
8.200000000e+01
7.100000000e+01
