1.448716236e-06
1.222776542e-06
1.194554933e-06
1.141831673e-06
1.394051221e-06
1.245049254e-06
1.273438687e-06
1.188174301e-06
1.182118538e-06
1.150536893e-06
1.382952509e-06
1.440151534e-06
1.330383700e-06
1.251276513e-06
1.233535932e-06
1.274731979e-06
1.311599766e-06
1.239059040e-06
1.230496255e-06
1.232350544e-06
1.171360026e-06
1.299524409e-06
1.314526031e-06
1.375199623e-06
1.287783662e-06
1.238671496e-06
1.203093248e-06
1.234852138e-06
1.349775377e-06
1.287374521e-06

1.268846875e-06
1.318403712e-06
1.347185359e-06
1.306386917e-06
1.313911860e-06
1.332950883e-06
1.177821896e-06
1.225939732e-06
1.339464449e-06
1.240146943e-06
1.139879738e-06
1.377845888e-06
1.273500204e-06
1.273847948e-06
1.336641697e-06
1.358266306e-06
1.394814613e-06
1.162222231e-06
1.274694134e-06
1.339257343e-06
1.290831204e-06
1.281796842e-06
1.284310851e-06
1.383764644e-06
1.244883027e-06
1.247540150e-06
1.218668362e-06
1.260722132e-06
1.144072628e-06
1.191879247e-06
