2.036880442e-05
1.491312209e-05
1.886392409e-05
1.570852226e-05
2.011157390e-05
1.703556197e-05
2.062783546e-05
1.833572610e-05
1.647185004e-05
2.186116257e-05
1.619411079e-05
2.030256684e-05
1.590009216e-05
1.745349532e-05
2.124558406e-05
2.132682414e-05
1.871603817e-05
1.949932341e-05
1.933255588e-05
1.872823912e-05
1.879476771e-05
1.789521065e-05
1.624902239e-05
1.726527986e-05
1.738396641e-05
2.058702979e-05
1.484358831e-05
1.514064079e-05
1.925013911e-05
2.048460910e-05

3.563367499e-05
3.620422052e-05
3.622121420e-05
3.588453925e-05
3.582372541e-05
2.831864062e-05
3.468804607e-05
4.247319888e-05
3.337429932e-05
3.297891804e-05
3.599780608e-05
2.600797798e-05
3.488377462e-05
3.620814818e-05
3.356952527e-05
3.798221072e-05
4.580608150e-05
3.082278004e-05
3.064157802e-05
3.285718930e-05
2.421442129e-05
3.379335144e-05
2.960284229e-05
2.903535739e-05
3.447666688e-05
3.180123722e-05
3.486532993e-05
2.830774786e-05
3.589253644e-05
3.593472798e-05
