1.740807389e-05
2.471357385e-05
2.329574557e-05
2.387093872e-05
2.181073040e-05
2.032008679e-05
2.557151587e-05
2.007750276e-05
2.230295131e-05
2.388424570e-05
2.523429624e-05
2.064554786e-05
2.416880757e-05
2.630118635e-05
2.193882245e-05
2.112990490e-05
2.589667514e-05
1.861427939e-05
2.078590576e-05
2.568229995e-05
2.544446929e-05
2.643339049e-05
2.135287821e-05
2.074201487e-05
2.061091168e-05
2.430523066e-05
2.323833421e-05
2.509938696e-05
1.800184471e-05
2.146243862e-05

2.549911986e-02
2.546625026e-02
2.553014166e-02
2.531681720e-02
9.560559342e-04
2.551515117e-02
2.550203370e-02
2.549698494e-02
2.537551872e-02
2.531675679e-02
2.465091126e-02
2.529888116e-02
2.531355813e-02
2.537452890e-02
2.554466110e-02
2.555998319e-02
2.551667454e-02
2.472196918e-02
2.553360734e-02
2.551256456e-02
2.527315481e-02
2.555030138e-02
2.553766128e-02
2.557003466e-02
2.532634665e-02
2.532027191e-02
2.549883684e-02
2.553027620e-02
2.554378045e-02
2.556722402e-02
