3.254746582e-05
3.331306118e-05
2.845563993e-05
3.030981073e-05
3.075056426e-05
3.593981620e-05
3.281385605e-05
3.551258772e-05
2.970791548e-05
4.194319658e-05
4.071438344e-05
4.623083549e-05
3.037685246e-05
3.076440772e-05
3.021600192e-05
3.294212754e-05
3.327752744e-05
3.589856650e-05
3.284766077e-05
3.717330965e-05
3.200446253e-05
3.507717586e-05
3.443081691e-05
3.508578016e-05
3.922252030e-05
3.418998042e-05
4.549769438e-05
3.426117145e-05
3.477010850e-05
4.372327073e-05

5.944643552e-05
7.394627104e-05
9.224782500e-05
7.364776060e-05
4.396213197e-05
8.417032701e-05
8.594256795e-05
6.902834522e-05
6.052250008e-05
4.517857981e-05
7.149841872e-05
7.572012843e-05
5.168838771e-05
4.849813685e-05
5.898226249e-05
5.794269407e-05
5.913120243e-05
6.112551911e-05
5.601090666e-05
4.566641565e-05
6.147129490e-05
6.480052219e-05
7.643359047e-05
6.599757436e-05
5.592757333e-05
6.957700268e-05
6.278249103e-05
7.815421745e-05
6.786137374e-05
7.554124961e-05
