2.100000000e+02
2.620000000e+02
1.500000000e+02
2.390000000e+02
2.010000000e+02
2.710000000e+02
1.980000000e+02
1.800000000e+02
1.350000000e+02
3.190000000e+02
2.340000000e+02
1.870000000e+02
1.830000000e+02
2.170000000e+02
2.500000000e+02
1.750000000e+02
1.950000000e+02
2.060000000e+02
2.030000000e+02
3.150000000e+02
2.060000000e+02
2.430000000e+02
2.290000000e+02
1.540000000e+02
2.310000000e+02
2.260000000e+02
2.120000000e+02
2.130000000e+02
1.990000000e+02
1.860000000e+02

1.196000000e+03
1.112000000e+03
1.215000000e+03
1.192000000e+03
1.232000000e+03
1.352000000e+03
1.265000000e+03
1.069000000e+03
1.189000000e+03
1.352000000e+03
1.329000000e+03
1.228000000e+03
1.265000000e+03
1.161000000e+03
1.183000000e+03
1.007000000e+03
1.023000000e+03
1.236000000e+03
1.265000000e+03
1.138000000e+03
1.121000000e+03
1.196000000e+03
1.172000000e+03
1.196000000e+03
1.193000000e+03
1.068000000e+03
1.352000000e+03
1.015000000e+03
1.299000000e+03
1.236000000e+03
