4.383360000e+06
4.212736000e+06
3.805568000e+06
6.316800000e+06
4.519680000e+06
4.389632000e+06
4.903552000e+06
4.723200000e+06
4.185728000e+06
4.065920000e+06
4.217472000e+06
4.392576000e+06
4.284544000e+06
4.802304000e+06
4.915712000e+06
4.065792000e+06
5.298432000e+06
4.563200000e+06
4.987904000e+06
4.005760000e+06
3.673472000e+06
4.696192000e+06
5.321856000e+06
4.974848000e+06
4.365440000e+06
3.939072000e+06
3.880192000e+06
4.519552000e+06
4.800384000e+06
4.922752000e+06

6.121088000e+07
6.035225600e+07
4.490598400e+07
5.407756800e+07
5.180403200e+07
4.088947200e+07
5.021504000e+07
5.421414400e+07
4.305036800e+07
5.426764800e+07
6.663308800e+07
5.609062400e+07
4.942400000e+07
8.002470400e+07
4.762777600e+07
5.856780800e+07
6.953920000e+07
5.078003200e+07
6.013004800e+07
7.062003200e+07
4.355417600e+07
5.074316800e+07
5.517657600e+07
5.138649600e+07
4.906124800e+07
7.985894400e+07
4.289203200e+07
6.377843200e+07
5.136460800e+07
6.142464000e+07
