4.124064539e-07
3.958459116e-08
6.180316375e-07
2.208406574e-07
6.665184952e-07
5.186573656e-08
1.510950585e-07
2.471413097e-07
9.364248520e-07
4.142558732e-08
4.077286142e-07
2.734085090e-07
1.136026608e-06
1.092324177e-06
6.068531656e-07
3.728428607e-07
1.804189813e-07
3.481202906e-07
4.332330997e-08
3.205929728e-07
8.221820122e-08
4.588525152e-07
8.000109764e-07
5.648207925e-07
7.082611680e-08
3.278773168e-07
7.974569271e-07
1.785545520e-07
4.000864662e-07
3.224675418e-08

1.508678491e-06
1.208256277e-06
1.457291277e-06
8.019674216e-07
2.598572332e-06
1.840433289e-07
1.408037993e-06
1.626683403e-07
1.365551169e-06
1.801248897e-07
4.776905802e-07
8.605282812e-07
3.233896567e-07
9.891719450e-07
7.211095783e-07
1.880104587e-06
1.500972551e-07
1.561579317e-06
1.140919418e-07
8.931540370e-07
1.846183383e-07
5.428289981e-08
1.482714086e-06
1.954501758e-06
1.091032801e-06
1.726613483e-06
8.857405514e-07
1.149438292e-06
9.218148467e-07
4.602656076e-07
