2.106300000e+04
2.223500000e+04
2.340800000e+04
2.064600000e+04
2.120100000e+04
2.207700000e+04
2.144400000e+04
2.117000000e+04
2.302000000e+04
2.098400000e+04
2.354800000e+04
2.304400000e+04
2.238400000e+04
2.194100000e+04
2.226300000e+04
2.240400000e+04
1.954500000e+04
2.287300000e+04
2.198100000e+04
2.073600000e+04
2.376400000e+04
2.271400000e+04
2.106100000e+04
2.165800000e+04
2.136600000e+04
2.141500000e+04
2.149500000e+04
2.104800000e+04
2.346400000e+04
2.417800000e+04

4.479600000e+04
3.665100000e+04
5.187500000e+04
4.416200000e+04
4.214100000e+04
4.413100000e+04
4.446400000e+04
3.837100000e+04
4.319200000e+04
4.571700000e+04
3.949200000e+04
4.836000000e+04
4.403200000e+04
4.487900000e+04
4.024200000e+04
5.347600000e+04
4.803600000e+04
4.473300000e+04
5.283500000e+04
4.997500000e+04
4.254900000e+04
4.562700000e+04
5.693200000e+04
4.863800000e+04
4.484200000e+04
4.831200000e+04
4.551500000e+04
4.613400000e+04
5.414900000e+04
4.722200000e+04
