Number of sample populations = 3. Total number of values in the input = 90
1.82553e-05 1 1
1.84518e-05 1 2
1.84847e-05 1 3
1.86875e-05 0 4
1.88572e-05 1 5
1.89285e-05 1 6
1.92857e-05 0 7
1.92981e-05 1 8
1.95814e-05 1 9
1.97832e-05 0 10
1.98469e-05 0 11
1.9876e-05 0 12
1.99002e-05 1 13
1.99262e-05 1 14
2.00328e-05 0 15
2.01039e-05 0 16
2.02965e-05 0 17
2.05772e-05 0 18
2.0704e-05 0 19
2.07391e-05 1 20
2.08165e-05 1 21
2.08302e-05 1 22
2.08311e-05 0 23
2.10465e-05 1 24
2.10638e-05 1 25
2.10958e-05 1 26
2.11653e-05 1 27
2.14245e-05 0 28
2.14407e-05 1 29
2.15471e-05 0 30
2.16361e-05 0 31
2.19086e-05 1 32
2.19452e-05 0 33
2.20447e-05 1 34
2.22356e-05 0 35
2.23312e-05 1 36
2.24136e-05 0 37
2.2675e-05 1 38
2.26788e-05 0 39
2.27037e-05 0 40
2.2918e-05 0 41
2.30137e-05 0 42
2.30821e-05 0 43
2.31741e-05 0 44
2.32284e-05 1 45
2.32939e-05 0 46
2.33036e-05 1 47
2.34161e-05 0 48
2.34545e-05 0 49
2.34916e-05 0 50
2.35395e-05 1 51
2.38995e-05 1 52
2.40208e-05 0 53
2.40587e-05 0 54
2.43115e-05 1 55
2.44645e-05 0 56
2.45242e-05 1 57
2.4999e-05 1 58
2.57886e-05 1 59
2.6639e-05 1 60
0.00204612 2 61
0.00204841 2 62
0.0020488 2 63
0.00205104 2 64
0.00205267 2 65
0.00205605 2 66
0.00206518 2 67
0.00206611 2 68
0.00207162 2 69
0.00207905 2 70
0.00208123 2 71
0.00208182 2 72
0.00208269 2 73
0.00210872 2 74
0.00220685 2 75
0.00222392 2 76
0.00222394 2 77
0.00222413 2 78
0.00222485 2 79
0.0022254 2 80
0.00244735 2 81
0.00244925 2 82
0.00244933 2 83
0.00244937 2 84
0.00244946 2 85
0.00254836 2 86
0.0391109 2 87
0.0391683 2 88
0.0392 2 89
0.0392159 2 90
Total number of ties =0
Number of samples = 30; sum = 951
Number of samples = 30; sum = 879
Number of samples = 30; sum = 2265
Corrected T value =59.4673
p-value to accept the null hypothesis that all distribution functions are identical = 1.22137813e-13
