1.165500000e+04
1.160200000e+04
1.064200000e+04
1.104900000e+04
1.159700000e+04
1.107800000e+04
1.081400000e+04
1.091700000e+04
1.044100000e+04
1.066300000e+04
1.150800000e+04
1.057700000e+04
1.033500000e+04
1.188300000e+04
1.084500000e+04
1.063100000e+04
1.063900000e+04
1.113500000e+04
1.093600000e+04
1.088900000e+04
1.149700000e+04
1.081400000e+04
1.119200000e+04
1.162300000e+04
1.180300000e+04
1.177600000e+04
1.129100000e+04
1.107700000e+04
1.139600000e+04
1.137600000e+04

1.669800000e+04
1.546600000e+04
1.465600000e+04
1.619600000e+04
1.532700000e+04
1.582800000e+04
1.760900000e+04
1.637800000e+04
1.727300000e+04
1.632800000e+04
1.553200000e+04
1.565000000e+04
1.564800000e+04
1.739100000e+04
1.628900000e+04
1.712300000e+04
1.568000000e+04
1.711000000e+04
1.699000000e+04
1.575500000e+04
1.571900000e+04
1.790400000e+04
1.706700000e+04
1.655100000e+04
1.549400000e+04
1.677000000e+04
1.684400000e+04
1.471700000e+04
1.563100000e+04
1.676400000e+04
