1.350000000e+02
1.440000000e+02
9.600000000e+01
8.300000000e+01
8.200000000e+01
1.540000000e+02
1.340000000e+02
1.080000000e+02
1.240000000e+02
1.770000000e+02
1.150000000e+02
1.120000000e+02
1.600000000e+02
1.080000000e+02
1.470000000e+02
1.270000000e+02
1.520000000e+02
1.550000000e+02
1.220000000e+02
1.270000000e+02
1.290000000e+02
1.600000000e+02
1.760000000e+02
1.040000000e+02
1.650000000e+02
1.260000000e+02
1.380000000e+02
1.600000000e+02
1.540000000e+02
1.190000000e+02

5.440000000e+02
5.490000000e+02
4.700000000e+02
7.610000000e+02
4.590000000e+02
7.260000000e+02
5.620000000e+02
7.470000000e+02
7.670000000e+02
6.070000000e+02
5.370000000e+02
4.270000000e+02
6.980000000e+02
5.160000000e+02
7.620000000e+02
1.106000000e+03
6.670000000e+02
7.070000000e+02
4.740000000e+02
7.510000000e+02
5.460000000e+02
6.580000000e+02
6.340000000e+02
8.330000000e+02
5.780000000e+02
5.160000000e+02
5.270000000e+02
5.290000000e+02
5.120000000e+02
7.050000000e+02
