4.608000000e+03
7.040000000e+03
5.120000000e+03
6.272000000e+03
5.888000000e+03
3.200000000e+03
5.504000000e+03
6.528000000e+03
6.912000000e+03
6.016000000e+03
4.736000000e+03
5.888000000e+03
6.016000000e+03
4.480000000e+03
4.096000000e+03
7.296000000e+03
4.608000000e+03
5.376000000e+03
5.760000000e+03
5.248000000e+03
6.912000000e+03
6.144000000e+03
4.992000000e+03
5.376000000e+03
6.016000000e+03
4.608000000e+03
6.016000000e+03
4.864000000e+03
6.272000000e+03
4.992000000e+03

5.000023808e+09
1.000044032e+09
2.000038144e+09
1.000044800e+09
4.697600000e+04
2.000039424e+09
4.000023040e+09
3.000032896e+09
2.000032128e+09
5.440000000e+04
1.000041472e+09
2.000034304e+09
3.000030208e+09
4.000023168e+09
4.851200000e+04
4.000023296e+09
1.000042240e+09
4.000025344e+09
3.000036480e+09
4.000019456e+09
3.000034560e+09
7.000007808e+09
5.000014208e+09
3.000030592e+09
4.000032384e+09
3.000026368e+09
3.000026752e+09
2.000035200e+09
4.000023936e+09
3.000026368e+09
