4.402261865e-07
3.892752993e-07
4.286715474e-07
3.560006420e-07
4.328659943e-07
4.340729392e-07
4.107455374e-07
4.109607866e-07
4.054778380e-07
4.174316385e-07
4.062308912e-07
3.963547334e-07
4.538005841e-07
4.122252165e-07
3.823654061e-07
3.979325362e-07
4.039459434e-07
4.125590685e-07
4.149787068e-07
3.895996104e-07
3.977732150e-07
4.226617729e-07
4.796592010e-07
4.568153116e-07
4.333804848e-07
4.260496738e-07
4.337126601e-07
4.446534476e-07
4.106755574e-07
4.249338266e-07

6.181966672e-07
5.464131063e-07
5.097749792e-07
4.819868234e-07
5.886168964e-07
5.773680454e-07
5.515530213e-07
5.140256337e-07
5.150952933e-07
5.663031463e-07
5.124051563e-07
4.945615813e-07
4.708541000e-07
5.619010748e-07
5.000892404e-07
4.869644232e-07
5.539513822e-07
4.679705899e-07
5.756810211e-07
5.551273491e-07
4.653548640e-07
5.471998121e-07
5.179472665e-07
5.816678415e-07
4.981460488e-07
5.711068141e-07
4.850875389e-07
4.906441002e-07
5.050539860e-07
5.172184049e-07
