1.099548000e+06
1.108774000e+06
1.116721000e+06
1.096922000e+06
1.101717000e+06
1.099583000e+06
1.103195000e+06
1.111303000e+06
1.104748000e+06
1.102792000e+06
1.105433000e+06
1.111387000e+06
1.089368000e+06
2.087005000e+06
1.098007000e+06
1.119228000e+06
1.106819000e+06
1.110445000e+06
1.102906000e+06
1.101052000e+06
1.096333000e+06
1.104707000e+06
2.091128000e+06
1.108101000e+06
1.105751000e+06
1.096011000e+06
1.109106000e+06
1.102373000e+06
1.096848000e+06
1.110941000e+06

9.481000000e+04
9.124000000e+04
9.510400000e+04
1.083627000e+06
1.073670000e+05
8.904300000e+04
9.925300000e+04
1.008180000e+05
1.018750000e+05
9.410900000e+04
8.807400000e+04
5.046137000e+06
9.616500000e+04
9.126300000e+04
9.627000000e+04
1.003380000e+05
9.018506000e+06
2.076423000e+06
1.000079500e+07
9.439000000e+04
9.925400000e+04
9.831800000e+04
8.604900000e+04
9.573400000e+04
3.064536000e+06
9.097900000e+04
9.806000000e+04
9.329900000e+04
9.700000000e+04
9.193600000e+04
