1.067392000e+06
8.764160000e+05
7.604480000e+05
1.011072000e+06
1.283712000e+06
8.345600000e+05
7.966720000e+05
8.193280000e+05
7.667200000e+05
5.879040000e+05
1.018112000e+06
7.809280000e+05
9.688320000e+05
1.118208000e+06
9.111040000e+05
7.072000000e+05
7.454720000e+05
8.048640000e+05
9.584640000e+05
9.122560000e+05
1.163264000e+06
7.055360000e+05
7.532800000e+05
8.654080000e+05
9.286400000e+05
8.797440000e+05
9.096960000e+05
8.289280000e+05
6.652160000e+05
5.634560000e+05

7.008768000e+06
7.070080000e+06
7.502592000e+06
6.425472000e+06
7.379968000e+06
8.284032000e+06
8.334592000e+06
6.894720000e+06
7.408256000e+06
6.842624000e+06
6.834176000e+06
8.114048000e+06
7.662208000e+06
8.118784000e+06
7.431168000e+06
8.005632000e+06
6.815488000e+06
6.672768000e+06
8.690688000e+06
9.459328000e+06
7.018624000e+06
7.520256000e+06
1.050611200e+07
7.235456000e+06
7.837184000e+06
9.188096000e+06
9.256704000e+06
9.426432000e+06
7.499520000e+06
8.161024000e+06
