2.632743914e-06
2.604368374e-06
2.452677507e-06
2.090247131e-06
2.222649833e-06
2.530234955e-06
2.503434742e-06
2.453040182e-06
1.815347167e-06
2.411575153e-06
2.337917981e-06
1.635845390e-06
2.001655803e-06
2.037363751e-06
2.053493356e-06
2.130423019e-06
2.587319329e-06
1.903370432e-06
2.073046869e-06
2.242369454e-06
2.389404038e-06
2.271188986e-06
2.568481024e-06
2.424634701e-06
2.318494608e-06
2.139164767e-06
2.611439824e-06
2.319653209e-06
2.098567522e-06
1.781597180e-06

8.439648526e-06
6.908792652e-06
7.387148741e-06
5.158009732e-06
8.949836320e-06
5.343786872e-06
1.274823164e-05
5.683537829e-06
8.780209423e-06
8.795223899e-06
4.788360800e-06
7.318755156e-06
7.967022612e-06
1.077040009e-05
7.673275401e-06
5.604185973e-06
7.735945877e-06
6.183661521e-06
6.528985287e-06
4.686346292e-06
4.853829597e-06
8.925077063e-06
9.183123991e-06
8.101080202e-06
7.771541929e-06
7.274563624e-06
5.229786906e-06
9.812046994e-06
6.811470713e-06
9.037257150e-06
