Number of sample populations = 3. Total number of values in the input = 90
1.64167e-05 0 1
1.6641e-05 0 2
1.68875e-05 0 3
1.68941e-05 0 4
1.70254e-05 0 5
1.70629e-05 0 6
1.72228e-05 0 7
1.72418e-05 0 8
1.72851e-05 0 9
1.73707e-05 0 10
1.74602e-05 0 11
1.76406e-05 0 12
1.77646e-05 0 13
1.77895e-05 0 14
1.78639e-05 0 15
1.78915e-05 0 16
1.8499e-05 0 17
1.87079e-05 0 18
1.88623e-05 0 19
1.90766e-05 0 20
1.92044e-05 0 21
1.94444e-05 0 22
1.96447e-05 0 23
1.96746e-05 0 24
1.99463e-05 0 25
2.00512e-05 0 26
2.03467e-05 0 27
2.09486e-05 0 28
2.21833e-05 0 29
2.34306e-05 0 30
2.52463e-05 1 31
2.61798e-05 1 32
2.68393e-05 1 33
2.69676e-05 1 34
2.72485e-05 1 35
2.77279e-05 1 36
2.77825e-05 1 37
2.8335e-05 1 38
2.87012e-05 1 39
2.90777e-05 1 40
2.92039e-05 1 41
2.92288e-05 1 42
2.95803e-05 1 43
2.97535e-05 1 44
2.98165e-05 1 45
2.9971e-05 1 46
3.07023e-05 1 47
3.08801e-05 1 48
3.12843e-05 1 49
3.15376e-05 1 50
3.16231e-05 1 51
3.17613e-05 1 52
3.22025e-05 1 53
3.22371e-05 1 54
3.23608e-05 1 55
3.32717e-05 1 56
3.41102e-05 1 57
3.49894e-05 1 58
3.52123e-05 1 59
3.5751e-05 1 60
9.30656e-05 2 61
9.32356e-05 2 62
9.33497e-05 2 63
9.44407e-05 2 64
9.58274e-05 2 65
9.60638e-05 2 66
9.60639e-05 2 67
9.66132e-05 2 68
9.81988e-05 2 69
9.93084e-05 2 70
9.95906e-05 2 71
9.96668e-05 2 72
0.000100115 2 73
0.000100513 2 74
0.000100534 2 75
0.000100537 2 76
0.000100957 2 77
0.000101306 2 78
0.000101413 2 79
0.000101528 2 80
0.000101773 2 81
0.000102525 2 82
0.000102686 2 83
0.000102781 2 84
0.000102893 2 85
0.000103066 2 86
0.000103146 2 87
0.000103377 2 88
0.000103468 2 89
0.000104489 2 90
Total number of ties =0
Number of samples = 30; sum = 465
Number of samples = 30; sum = 1365
Number of samples = 30; sum = 2265
Corrected T value =79.1209
p-value to accept the null hypothesis that all distribution functions are identical = 6.59355142e-18
