1.722276226e-05
1.688745828e-05
1.728507824e-05
1.706286789e-05
1.702536437e-05
1.724180216e-05
1.664100743e-05
1.967459051e-05
2.034670995e-05
1.964471768e-05
2.343062966e-05
1.746021048e-05
1.944435141e-05
1.737073261e-05
2.094855258e-05
1.789148311e-05
1.907659909e-05
1.920440902e-05
1.776457764e-05
2.005117113e-05
1.886229104e-05
1.778952784e-05
2.218326676e-05
1.689406893e-05
1.641670670e-05
1.764061122e-05
1.870787395e-05
1.849904513e-05
1.786388976e-05
1.994627251e-05

3.411021687e-05
3.327173599e-05
3.223709403e-05
2.772785024e-05
3.176126740e-05
2.778249641e-05
2.870119102e-05
2.833496671e-05
2.922883225e-05
3.162305979e-05
2.617978695e-05
3.236081363e-05
2.724854988e-05
2.997100029e-05
3.220254852e-05
2.975351037e-05
3.498939906e-05
3.521227944e-05
2.524634533e-05
3.575104253e-05
2.958030695e-05
3.088010940e-05
2.907770557e-05
2.920390848e-05
3.128428812e-05
2.696760373e-05
2.683925284e-05
2.981650519e-05
3.153760806e-05
3.070231257e-05

1.005369141e-04
1.027806622e-04
1.044891177e-04
9.966680764e-05
9.959058408e-05
1.025249091e-04
9.444069853e-05
1.009566196e-04
9.323561331e-05
1.033770973e-04
1.013055106e-04
9.819882468e-05
1.001145438e-04
1.015280403e-04
9.661320937e-05
1.005130489e-04
1.031463959e-04
1.034684030e-04
9.606392996e-05
1.014127484e-04
9.606377104e-05
9.582744489e-05
9.334973340e-05
1.028930780e-04
1.005340340e-04
9.930843418e-05
1.030655724e-04
1.026859580e-04
1.017729457e-04
9.306562761e-05
