2.764800000e+04
2.880000000e+04
2.816000000e+04
3.123200000e+04
2.521600000e+04
3.315200000e+04
2.598400000e+04
3.225600000e+04
2.649600000e+04
3.110400000e+04
3.328000000e+04
3.417600000e+04
3.289600000e+04
3.750400000e+04
2.816000000e+04
2.611200000e+04
3.212800000e+04
3.212800000e+04
2.611200000e+04
3.008000000e+04
2.649600000e+04
2.611200000e+04
3.660800000e+04
2.995200000e+04
2.969600000e+04
2.598400000e+04
3.174400000e+04
3.251200000e+04
2.880000000e+04
2.816000000e+04

1.000017536e+09
1.000018816e+09
2.534400000e+04
2.432000000e+04
2.329600000e+04
2.534400000e+04
2.547200000e+04
2.457600000e+04
2.406400000e+04
1.000020096e+09
1.000016000e+09
2.188800000e+04
1.000033792e+09
1.000018432e+09
2.508800000e+04
2.342400000e+04
1.000015488e+09
2.188800000e+04
2.854400000e+04
2.764800000e+04
2.316800000e+04
2.150400000e+04
2.086400000e+04
2.176000000e+04
1.000018688e+09
2.483200000e+04
1.000021248e+09
2.636800000e+04
2.457600000e+04
2.124800000e+04
