4.269159084e-06
4.278398476e-06
4.193555048e-06
3.995922311e-06
4.053825567e-06
4.051511956e-06
4.236657360e-06
3.918413726e-06
4.152223273e-06
4.484585296e-06
4.472566146e-06
4.336670114e-06
4.481437475e-06
4.102005798e-06
4.209519224e-06
4.002356397e-06
3.946454217e-06
4.108704554e-06
3.598535164e-06
3.806528130e-06
3.963913122e-06
4.064166475e-06
4.277923067e-06
3.829368067e-06
4.271091936e-06
4.100653504e-06
3.733359820e-06
4.157326861e-06
4.168790322e-06
4.142847993e-06

2.518881473e-06
2.435536966e-06
2.436169939e-06
2.433217367e-06
2.473121120e-06
2.747575735e-06
2.469034776e-06
2.350321562e-06
2.361226820e-06
2.621937817e-06
2.451849125e-06
2.464177895e-06
2.318042712e-06
2.627423201e-06
2.403665620e-06
2.350173817e-06
2.417155547e-06
2.360063269e-06
2.578586683e-06
2.625381566e-06
2.571833516e-06
2.407237752e-06
2.564085021e-06
2.377873550e-06
2.521614724e-06
2.722111370e-06
2.343756059e-06
2.406095318e-06
2.532069165e-06
2.443493046e-06
