6.300000000e+01
7.000000000e+01
1.050000000e+02
8.600000000e+01
1.050000000e+02
1.050000000e+02
8.900000000e+01
1.050000000e+02
7.100000000e+01
1.050000000e+02
7.000000000e+01
7.000000000e+01
1.050000000e+02
1.050000000e+02
8.900000000e+01
8.900000000e+01
7.400000000e+01
6.300000000e+01
8.900000000e+01
8.900000000e+01
8.900000000e+01
8.900000000e+01
8.900000000e+01
1.050000000e+02
1.160000000e+02
6.500000000e+01
1.050000000e+02
6.500000000e+01
1.050000000e+02
7.000000000e+01

5.200000000e+01
4.600000000e+01
4.800000000e+01
4.600000000e+01
5.500000000e+01
4.800000000e+01
5.000000000e+01
5.100000000e+01
5.100000000e+01
4.500000000e+01
4.000000000e+01
4.400000000e+01
4.900000000e+01
5.100000000e+01
4.200000000e+01
5.000000000e+01
5.800000000e+01
6.000000000e+01
4.300000000e+01
6.200000000e+01
4.400000000e+01
4.500000000e+01
5.000000000e+01
4.800000000e+01
5.200000000e+01
6.000000000e+01
6.900000000e+01
6.300000000e+01
5.400000000e+01
4.300000000e+01
