1.027141771e-05
9.231249891e-06
9.666968936e-06
8.607655784e-06
1.080795422e-05
9.585426662e-06
9.223934928e-06
9.524380496e-06
8.159706052e-06
8.484713352e-06
7.848730315e-06
9.071115839e-06
9.811686276e-06
1.026833720e-05
9.256955134e-06
8.567070235e-06
8.869521590e-06
9.706652249e-06
1.097591282e-05
8.187028899e-06
8.542030101e-06
9.816080603e-06
9.218244395e-06
9.319774513e-06
9.276796432e-06
9.016869746e-06
8.360214115e-06
1.074901931e-05
1.028766025e-05
9.576529705e-06

2.269304721e-05
2.213757842e-05
2.281765698e-05
2.417435092e-05
2.072589077e-05
2.245362413e-05
2.232240155e-05
2.146784759e-05
2.229905782e-05
2.217987674e-05
2.112676199e-05
2.302001670e-05
2.218226021e-05
2.290791761e-05
2.030155443e-05
2.115802327e-05
2.159148272e-05
2.369678992e-05
2.165243264e-05
2.164551927e-05
2.039217278e-05
2.143126488e-05
2.324577164e-05
2.214307179e-05
2.216774797e-05
2.135724882e-05
2.373413012e-05
2.044754494e-05
1.890252976e-05
2.133253723e-05
