1.200000000e+01 8.618000000e+03 
1.300000000e+01 8.536000000e+03 
1.400000000e+01 8.460000000e+03 
1.600000000e+01 8.316000000e+03 
1.800000000e+01 8.178000000e+03 
1.900000000e+01 8.114000000e+03 
2.100000000e+01 7.992000000e+03 
2.400000000e+01 7.812000000e+03 
2.500000000e+01 7.754000000e+03 
2.600000000e+01 7.697000000e+03 
2.800000000e+01 7.587000000e+03 
2.900000000e+01 7.533000000e+03 
3.100000000e+01 7.427000000e+03 
3.200000000e+01 7.375000000e+03 
3.300000000e+01 7.324000000e+03 
3.500000000e+01 7.228000000e+03 
3.600000000e+01 7.181000000e+03 
3.700000000e+01 7.135000000e+03 
3.800000000e+01 7.090000000e+03 
3.900000000e+01 7.046000000e+03 
4.000000000e+01 7.004000000e+03 
4.300000000e+01 6.881000000e+03 
4.400000000e+01 6.842000000e+03 
4.700000000e+01 6.728000000e+03 
4.900000000e+01 6.653000000e+03 
5.100000000e+01 6.580000000e+03 
5.400000000e+01 6.478000000e+03 
5.600000000e+01 6.412000000e+03 
5.800000000e+01 6.348000000e+03 
6.300000000e+01 6.193000000e+03 
6.800000000e+01 6.043000000e+03 
7.100000000e+01 5.956000000e+03 
7.400000000e+01 5.872000000e+03 
7.600000000e+01 5.818000000e+03 
7.800000000e+01 5.765000000e+03 
8.000000000e+01 5.713000000e+03 
8.300000000e+01 5.638000000e+03 
8.800000000e+01 5.518000000e+03 
9.000000000e+01 5.471000000e+03 
9.800000000e+01 5.287000000e+03 
1.000000000e+02 5.242000000e+03 
1.030000000e+02 5.176000000e+03 
1.100000000e+02 5.029000000e+03 
1.160000000e+02 4.906000000e+03 
1.230000000e+02 4.766000000e+03 
1.250000000e+02 4.729000000e+03 
1.300000000e+02 4.633000000e+03 
1.320000000e+02 4.597000000e+03 
1.340000000e+02 4.562000000e+03 
1.370000000e+02 4.511000000e+03 
1.390000000e+02 4.478000000e+03 
1.460000000e+02 4.366000000e+03 
1.480000000e+02 4.335000000e+03 
1.530000000e+02 4.260000000e+03 
1.580000000e+02 4.190000000e+03 
1.640000000e+02 4.109000000e+03 
1.730000000e+02 3.992000000e+03 
1.800000000e+02 3.908000000e+03 
1.840000000e+02 3.862000000e+03 
1.870000000e+02 3.828000000e+03 
1.920000000e+02 3.773000000e+03 
1.940000000e+02 3.752000000e+03 
2.050000000e+02 3.642000000e+03 
2.110000000e+02 3.584000000e+03 
2.130000000e+02 3.565000000e+03 
2.250000000e+02 3.457000000e+03 
2.340000000e+02 3.379000000e+03 
2.400000000e+02 3.328000000e+03 
2.550000000e+02 3.207000000e+03 
2.630000000e+02 3.145000000e+03 
2.710000000e+02 3.086000000e+03 
2.830000000e+02 3.002000000e+03 
2.870000000e+02 2.974000000e+03 
2.910000000e+02 2.948000000e+03 
2.970000000e+02 2.910000000e+03 
2.990000000e+02 2.898000000e+03 
3.130000000e+02 2.814000000e+03 
3.170000000e+02 2.791000000e+03 
3.260000000e+02 2.740000000e+03 
3.360000000e+02 2.685000000e+03 
3.460000000e+02 2.631000000e+03 
3.560000000e+02 2.578000000e+03 
3.720000000e+02 2.498000000e+03 
3.750000000e+02 2.484000000e+03 
3.840000000e+02 2.444000000e+03 
3.870000000e+02 2.430000000e+03 
3.900000000e+02 2.417000000e+03 
3.960000000e+02 2.391000000e+03 
3.990000000e+02 2.379000000e+03 
4.270000000e+02 2.268000000e+03 
4.340000000e+02 2.242000000e+03 
4.630000000e+02 2.141000000e+03 
4.690000000e+02 2.121000000e+03 
4.780000000e+02 2.092000000e+03 
4.810000000e+02 2.082000000e+03 
5.290000000e+02 1.940000000e+03 
5.520000000e+02 1.877000000e+03 
5.670000000e+02 1.838000000e+03 
5.960000000e+02 1.766000000e+03 
5.990000000e+02 1.759000000e+03 
6.270000000e+02 1.697000000e+03 
6.330000000e+02 1.684000000e+03 
6.390000000e+02 1.671000000e+03 
6.470000000e+02 1.654000000e+03 
6.970000000e+02 1.554000000e+03 
7.070000000e+02 1.535000000e+03 
7.180000000e+02 1.515000000e+03 
7.360000000e+02 1.484000000e+03 
7.390000000e+02 1.479000000e+03 
7.450000000e+02 1.469000000e+03 
7.480000000e+02 1.464000000e+03 
7.630000000e+02 1.440000000e+03 
7.940000000e+02 1.393000000e+03 
8.040000000e+02 1.379000000e+03 
8.680000000e+02 1.295000000e+03 
9.130000000e+02 1.241000000e+03 
9.190000000e+02 1.234000000e+03 
9.340000000e+02 1.217000000e+03 
9.540000000e+02 1.195000000e+03 
9.870000000e+02 1.162000000e+03 
9.890000000e+02 1.160000000e+03 
9.950000000e+02 1.154000000e+03 
1.039000000e+03 1.111000000e+03 
1.048000000e+03 1.103000000e+03 
1.064000000e+03 1.089000000e+03 
1.079000000e+03 1.076000000e+03 
1.086000000e+03 1.070000000e+03 
1.098000000e+03 1.060000000e+03 
1.115000000e+03 1.046000000e+03 
1.150000000e+03 1.018000000e+03 
1.159000000e+03 1.011000000e+03 
1.169000000e+03 1.004000000e+03 
1.183000000e+03 9.930000000e+02 
1.331000000e+03 8.960000000e+02 
1.348000000e+03 8.860000000e+02 
1.366000000e+03 8.760000000e+02 
1.388000000e+03 8.640000000e+02 
1.401000000e+03 8.570000000e+02 
1.405000000e+03 8.550000000e+02 
1.443000000e+03 8.360000000e+02 
1.458000000e+03 8.300000000e+02 
1.476000000e+03 8.210000000e+02 
1.490000000e+03 8.150000000e+02 
1.493000000e+03 8.140000000e+02 
1.494000000e+03 8.130000000e+02 
1.543000000e+03 7.920000000e+02 
1.555000000e+03 7.870000000e+02 
1.570000000e+03 7.810000000e+02 
1.580000000e+03 7.770000000e+02 
1.593000000e+03 7.720000000e+02 
1.604000000e+03 7.680000000e+02 
1.617000000e+03 7.630000000e+02 
1.639000000e+03 7.550000000e+02 
1.673000000e+03 7.430000000e+02 
1.715000000e+03 7.290000000e+02 
1.728000000e+03 7.250000000e+02 
1.738000000e+03 7.220000000e+02 
1.780000000e+03 7.100000000e+02 
1.802000000e+03 7.040000000e+02 
1.817000000e+03 7.000000000e+02 
1.825000000e+03 6.980000000e+02 
1.857000000e+03 6.900000000e+02 
1.891000000e+03 6.820000000e+02 
1.930000000e+03 6.730000000e+02 
1.939000000e+03 6.710000000e+02 
1.966000000e+03 6.650000000e+02 
2.026000000e+03 6.530000000e+02 
2.047000000e+03 6.490000000e+02 
2.063000000e+03 6.460000000e+02 
2.074000000e+03 6.440000000e+02 
2.091000000e+03 6.410000000e+02 
2.163000000e+03 6.290000000e+02 
2.191000000e+03 6.250000000e+02 
2.239000000e+03 6.190000000e+02 
2.338000000e+03 6.080000000e+02 
2.378000000e+03 6.040000000e+02 
2.399000000e+03 6.020000000e+02 
2.410000000e+03 6.010000000e+02 
2.443000000e+03 5.980000000e+02 
2.503000000e+03 5.930000000e+02 
2.555000000e+03 5.890000000e+02 
2.569000000e+03 5.880000000e+02 
2.583000000e+03 5.870000000e+02 
2.643000000e+03 5.830000000e+02 
2.707000000e+03 5.790000000e+02 
2.724000000e+03 5.780000000e+02 
2.760000000e+03 5.760000000e+02 
2.817000000e+03 5.730000000e+02 
2.837000000e+03 5.720000000e+02 
2.859000000e+03 5.710000000e+02 
2.882000000e+03 5.700000000e+02 
2.907000000e+03 5.690000000e+02 
2.934000000e+03 5.680000000e+02 
2.964000000e+03 5.670000000e+02 
8.200000000e+01 5.663000000e+03 
2.430000000e+02 3.303000000e+03 
2.650000000e+02 3.130000000e+03 
3.180000000e+02 2.786000000e+03 
3.680000000e+02 2.518000000e+03 
3.690000000e+02 2.513000000e+03 
3.810000000e+02 2.457000000e+03 
4.100000000e+02 2.336000000e+03 
4.250000000e+02 2.275000000e+03 
4.280000000e+02 2.264000000e+03 
4.580000000e+02 2.158000000e+03 
4.930000000e+02 2.046000000e+03 
5.480000000e+02 1.888000000e+03 
5.830000000e+02 1.798000000e+03 
5.900000000e+02 1.782000000e+03 
6.700000000e+02 1.608000000e+03 
7.120000000e+02 1.526000000e+03 
7.820000000e+02 1.411000000e+03 
7.990000000e+02 1.386000000e+03 
8.000000000e+02 1.384000000e+03 
9.180000000e+02 1.235000000e+03 
9.260000000e+02 1.226000000e+03 
9.440000000e+02 1.206000000e+03 
9.530000000e+02 1.196000000e+03 
9.570000000e+02 1.192000000e+03 
1.021000000e+03 1.128000000e+03 
1.229000000e+03 9.600000000e+02 
1.230000000e+03 9.590000000e+02 
1.246000000e+03 9.480000000e+02 
1.255000000e+03 9.420000000e+02 
1.261000000e+03 9.380000000e+02 
1.320000000e+03 9.020000000e+02 
1.332000000e+03 8.950000000e+02 
1.357000000e+03 8.810000000e+02 
1.441000000e+03 8.370000000e+02 
1.529000000e+03 7.980000000e+02 
1.637000000e+03 7.560000000e+02 
2.216000000e+03 6.220000000e+02 
2.615000000e+03 5.850000000e+02 
1.190000000e+02 4.846000000e+03 
2.410000000e+02 3.324000000e+03 
2.560000000e+02 3.200000000e+03 
3.010000000e+02 2.886000000e+03 
3.280000000e+02 2.729000000e+03 
3.550000000e+02 2.583000000e+03 
3.640000000e+02 2.542000000e+03 
4.240000000e+02 2.279000000e+03 
4.980000000e+02 2.033000000e+03 
5.380000000e+02 1.915000000e+03 
6.080000000e+02 1.740000000e+03 
6.340000000e+02 1.683000000e+03 
6.670000000e+02 1.614000000e+03 
6.760000000e+02 1.596000000e+03 
7.020000000e+02 1.545000000e+03 
7.210000000e+02 1.512000000e+03 
7.260000000e+02 1.501000000e+03 
7.710000000e+02 1.427000000e+03 
7.860000000e+02 1.405000000e+03 
8.020000000e+02 1.381000000e+03 
8.980000000e+02 1.258000000e+03 
1.208000000e+03 9.750000000e+02 
1.216000000e+03 9.690000000e+02 
1.252000000e+03 9.440000000e+02 
1.285000000e+03 9.230000000e+02 
1.387000000e+03 8.650000000e+02 
1.560000000e+03 7.850000000e+02 
1.773000000e+03 7.120000000e+02 
1.829000000e+03 6.970000000e+02 
1.957000000e+03 6.670000000e+02 
2.086000000e+03 6.420000000e+02 
2.127000000e+03 6.350000000e+02 
2.700000000e+01 7.651000000e+03 
5.300000000e+01 6.512000000e+03 
1.200000000e+02 4.828000000e+03 
1.780000000e+02 3.932000000e+03 
2.770000000e+02 3.044000000e+03 
3.070000000e+02 2.850000000e+03 
3.230000000e+02 2.757000000e+03 
3.320000000e+02 2.708000000e+03 
3.450000000e+02 2.641000000e+03 
3.970000000e+02 2.387000000e+03 
4.080000000e+02 2.343000000e+03 
5.130000000e+02 1.987000000e+03 
5.680000000e+02 1.836000000e+03 
6.820000000e+02 1.584000000e+03 
7.170000000e+02 1.518000000e+03 
7.230000000e+02 1.507000000e+03 
7.290000000e+02 1.496000000e+03 
7.500000000e+02 1.461000000e+03 
7.550000000e+02 1.454000000e+03 
7.730000000e+02 1.424000000e+03 
8.670000000e+02 1.296000000e+03 
8.710000000e+02 1.291000000e+03 
8.880000000e+02 1.270000000e+03 
9.240000000e+02 1.229000000e+03 
9.330000000e+02 1.218000000e+03 
9.410000000e+02 1.209000000e+03 
9.750000000e+02 1.176000000e+03 
9.920000000e+02 1.157000000e+03 
1.000000000e+03 1.149000000e+03 
1.037000000e+03 1.113000000e+03 
1.069000000e+03 1.085000000e+03 
1.108000000e+03 1.052000000e+03 
1.118000000e+03 1.044000000e+03 
1.185000000e+03 9.920000000e+02 
1.269000000e+03 9.330000000e+02 
1.294000000e+03 9.180000000e+02 
1.314000000e+03 9.060000000e+02 
1.419000000e+03 8.480000000e+02 
1.427000000e+03 8.440000000e+02 
1.563000000e+03 7.840000000e+02 
1.634000000e+03 7.570000000e+02 
1.706000000e+03 7.320000000e+02 
1.853000000e+03 6.910000000e+02 
1.210000000e+02 4.806000000e+03 
2.070000000e+02 3.623000000e+03 
2.480000000e+02 3.263000000e+03 
2.610000000e+02 3.162000000e+03 
2.780000000e+02 3.037000000e+03 
3.700000000e+02 2.508000000e+03 
3.730000000e+02 2.494000000e+03 
4.190000000e+02 2.300000000e+03 
4.420000000e+02 2.214000000e+03 
4.540000000e+02 2.174000000e+03 
4.800000000e+02 2.086000000e+03 
4.910000000e+02 2.054000000e+03 
5.340000000e+02 1.926000000e+03 
5.640000000e+02 1.847000000e+03 
5.880000000e+02 1.789000000e+03 
6.050000000e+02 1.746000000e+03 
6.150000000e+02 1.724000000e+03 
6.640000000e+02 1.621000000e+03 
7.150000000e+02 1.521000000e+03 
7.440000000e+02 1.472000000e+03 
7.660000000e+02 1.435000000e+03 
7.680000000e+02 1.432000000e+03 
8.150000000e+02 1.364000000e+03 
8.310000000e+02 1.344000000e+03 
8.960000000e+02 1.261000000e+03 
9.000000000e+02 1.256000000e+03 
9.580000000e+02 1.191000000e+03 
9.630000000e+02 1.186000000e+03 
1.006000000e+03 1.143000000e+03 
1.068000000e+03 1.086000000e+03 
1.077000000e+03 1.078000000e+03 
1.249000000e+03 9.460000000e+02 
1.258000000e+03 9.400000000e+02 
1.301000000e+03 9.140000000e+02 
1.307000000e+03 9.100000000e+02 
1.313000000e+03 9.070000000e+02 
1.409000000e+03 8.530000000e+02 
1.465000000e+03 8.260000000e+02 
1.602000000e+03 7.690000000e+02 
1.608000000e+03 7.670000000e+02 
1.791000000e+03 7.070000000e+02 
1.922000000e+03 6.750000000e+02 
2.170000000e+03 6.280000000e+02 
2.779000000e+03 5.750000000e+02 
1.550000000e+02 4.232000000e+03 
1.890000000e+02 3.807000000e+03 
2.740000000e+02 3.065000000e+03 
4.390000000e+02 2.227000000e+03 
4.680000000e+02 2.125000000e+03 
4.790000000e+02 2.089000000e+03 
4.920000000e+02 2.049000000e+03 
5.120000000e+02 1.989000000e+03 
5.170000000e+02 1.974000000e+03 
5.230000000e+02 1.957000000e+03 
5.730000000e+02 1.823000000e+03 
5.800000000e+02 1.806000000e+03 
6.290000000e+02 1.693000000e+03 
6.710000000e+02 1.606000000e+03 
6.730000000e+02 1.603000000e+03 
7.590000000e+02 1.446000000e+03 
8.090000000e+02 1.372000000e+03 
8.400000000e+02 1.331000000e+03 
8.990000000e+02 1.257000000e+03 
9.290000000e+02 1.223000000e+03 
1.052000000e+03 1.100000000e+03 
1.197000000e+03 9.830000000e+02 
1.219000000e+03 9.670000000e+02 
1.274000000e+03 9.300000000e+02 
1.284000000e+03 9.240000000e+02 
1.352000000e+03 8.840000000e+02 
1.368000000e+03 8.750000000e+02 
1.407000000e+03 8.540000000e+02 
1.459000000e+03 8.290000000e+02 
1.629000000e+03 7.590000000e+02 
1.688000000e+03 7.380000000e+02 
1.870000000e+03 6.870000000e+02 
5.200000000e+01 6.546000000e+03 
8.100000000e+01 5.688000000e+03 
1.930000000e+02 3.763000000e+03 
2.600000000e+02 3.171000000e+03 
2.800000000e+02 3.023000000e+03 
3.570000000e+02 2.573000000e+03 
3.890000000e+02 2.423000000e+03 
4.140000000e+02 2.322000000e+03 
5.780000000e+02 1.811000000e+03 
5.860000000e+02 1.791000000e+03 
6.220000000e+02 1.708000000e+03 
6.940000000e+02 1.560000000e+03 
7.010000000e+02 1.546000000e+03 
7.430000000e+02 1.473000000e+03 
7.610000000e+02 1.443000000e+03 
7.790000000e+02 1.415000000e+03 
7.800000000e+02 1.414000000e+03 
7.920000000e+02 1.396000000e+03 
9.040000000e+02 1.251000000e+03 
9.770000000e+02 1.172000000e+03 
9.860000000e+02 1.163000000e+03 
9.900000000e+02 1.159000000e+03 
1.041000000e+03 1.110000000e+03 
1.122000000e+03 1.041000000e+03 
1.192000000e+03 9.880000000e+02 
1.233000000e+03 9.570000000e+02 
1.257000000e+03 9.410000000e+02 
1.260000000e+03 9.390000000e+02 
1.271000000e+03 9.320000000e+02 
1.525000000e+03 8.000000000e+02 
1.662000000e+03 7.470000000e+02 
1.668000000e+03 7.450000000e+02 
1.703000000e+03 7.330000000e+02 
1.841000000e+03 6.940000000e+02 
1.879000000e+03 6.850000000e+02 
1.080000000e+02 5.075000000e+03 
1.500000000e+02 4.312000000e+03 
1.760000000e+02 3.956000000e+03 
2.090000000e+02 3.605000000e+03 
2.570000000e+02 3.194000000e+03 
2.840000000e+02 2.995000000e+03 
4.050000000e+02 2.355000000e+03 
4.360000000e+02 2.235000000e+03 
5.150000000e+02 1.981000000e+03 
5.360000000e+02 1.922000000e+03 
5.590000000e+02 1.860000000e+03 
6.300000000e+02 1.691000000e+03 
6.850000000e+02 1.578000000e+03 
7.520000000e+02 1.458000000e+03 
7.650000000e+02 1.437000000e+03 
7.910000000e+02 1.397000000e+03 
8.110000000e+02 1.369000000e+03 
8.460000000e+02 1.323000000e+03 
8.930000000e+02 1.264000000e+03 
9.500000000e+02 1.200000000e+03 
9.600000000e+02 1.189000000e+03 
9.640000000e+02 1.185000000e+03 
1.054000000e+03 1.098000000e+03 
1.056000000e+03 1.096000000e+03 
1.145000000e+03 1.022000000e+03 
1.390000000e+03 8.630000000e+02 
1.403000000e+03 8.560000000e+02 
1.576000000e+03 7.790000000e+02 
1.643000000e+03 7.540000000e+02 
1.962000000e+03 6.660000000e+02 
2.491000000e+03 5.940000000e+02 
7.900000000e+01 5.739000000e+03 
1.590000000e+02 4.177000000e+03 
3.050000000e+02 2.863000000e+03 
3.060000000e+02 2.856000000e+03 
3.850000000e+02 2.440000000e+03 
3.910000000e+02 2.415000000e+03 
4.120000000e+02 2.327000000e+03 
4.230000000e+02 2.283000000e+03 
5.440000000e+02 1.899000000e+03 
5.750000000e+02 1.818000000e+03 
6.040000000e+02 1.748000000e+03 
6.250000000e+02 1.702000000e+03 
6.490000000e+02 1.650000000e+03 
6.890000000e+02 1.571000000e+03 
7.270000000e+02 1.500000000e+03 
7.320000000e+02 1.491000000e+03 
7.530000000e+02 1.456000000e+03 
7.640000000e+02 1.438000000e+03 
8.070000000e+02 1.374000000e+03 
8.250000000e+02 1.350000000e+03 
9.160000000e+02 1.238000000e+03 
9.820000000e+02 1.168000000e+03 
1.014000000e+03 1.135000000e+03 
1.035000000e+03 1.115000000e+03 
1.103000000e+03 1.056000000e+03 
1.210000000e+03 9.740000000e+02 
1.240000000e+03 9.520000000e+02 
1.322000000e+03 9.010000000e+02 
1.350000000e+03 8.850000000e+02 
1.364000000e+03 8.780000000e+02 
1.423000000e+03 8.460000000e+02 
1.682000000e+03 7.400000000e+02 
1.697000000e+03 7.350000000e+02 
1.766000000e+03 7.140000000e+02 
1.821000000e+03 6.990000000e+02 
2.177000000e+03 6.270000000e+02 
2.675000000e+03 5.810000000e+02 
1.400000000e+02 4.462000000e+03 
1.570000000e+02 4.204000000e+03 
2.350000000e+02 3.372000000e+03 
2.960000000e+02 2.917000000e+03 
3.220000000e+02 2.765000000e+03 
4.570000000e+02 2.163000000e+03 
4.660000000e+02 2.131000000e+03 
6.160000000e+02 1.722000000e+03 
6.660000000e+02 1.616000000e+03 
7.000000000e+02 1.548000000e+03 
7.670000000e+02 1.434000000e+03 
7.890000000e+02 1.400000000e+03 
8.750000000e+02 1.286000000e+03 
1.023000000e+03 1.126000000e+03 
1.031000000e+03 1.119000000e+03 
1.043000000e+03 1.108000000e+03 
1.092000000e+03 1.065000000e+03 
1.102000000e+03 1.057000000e+03 
1.120000000e+03 1.042000000e+03 
1.144000000e+03 1.023000000e+03 
1.171000000e+03 1.002000000e+03 
1.292000000e+03 9.190000000e+02 
1.415000000e+03 8.500000000e+02 
1.431000000e+03 8.420000000e+02 
1.452000000e+03 8.320000000e+02 
1.515000000e+03 8.040000000e+02 
1.749000000e+03 7.190000000e+02 
1.845000000e+03 6.930000000e+02 
1.909000000e+03 6.780000000e+02 
2.248000000e+03 6.180000000e+02 
1.380000000e+02 4.495000000e+03 
2.080000000e+02 3.613000000e+03 
2.330000000e+02 3.388000000e+03 
2.490000000e+02 3.256000000e+03 
2.850000000e+02 2.988000000e+03 
3.080000000e+02 2.844000000e+03 
4.010000000e+02 2.371000000e+03 
4.870000000e+02 2.064000000e+03 
5.050000000e+02 2.010000000e+03 
5.330000000e+02 1.929000000e+03 
7.050000000e+02 1.540000000e+03 
8.520000000e+02 1.316000000e+03 
8.730000000e+02 1.289000000e+03 
9.520000000e+02 1.197000000e+03 
9.710000000e+02 1.178000000e+03 
9.760000000e+02 1.174000000e+03 
1.025000000e+03 1.124000000e+03 
1.070000000e+03 1.084000000e+03 
1.287000000e+03 9.220000000e+02 
1.327000000e+03 8.980000000e+02 
1.372000000e+03 8.730000000e+02 
1.381000000e+03 8.680000000e+02 
1.624000000e+03 7.610000000e+02 
1.648000000e+03 7.520000000e+02 
1.814000000e+03 7.010000000e+02 
1.849000000e+03 6.920000000e+02 
1.874000000e+03 6.860000000e+02 
1.976000000e+03 6.630000000e+02 
1.350000000e+02 4.548000000e+03 
2.620000000e+02 3.159000000e+03 
3.600000000e+02 2.558000000e+03 
3.740000000e+02 2.489000000e+03 
3.760000000e+02 2.480000000e+03 
4.090000000e+02 2.339000000e+03 
4.300000000e+02 2.259000000e+03 
4.880000000e+02 2.062000000e+03 
5.940000000e+02 1.771000000e+03 
6.310000000e+02 1.689000000e+03 
6.610000000e+02 1.626000000e+03 
6.650000000e+02 1.618000000e+03 
7.080000000e+02 1.533000000e+03 
8.240000000e+02 1.352000000e+03 
8.360000000e+02 1.337000000e+03 
8.430000000e+02 1.327000000e+03 
1.053000000e+03 1.099000000e+03 
1.149000000e+03 1.019000000e+03 
1.175000000e+03 9.990000000e+02 
1.212000000e+03 9.720000000e+02 
1.268000000e+03 9.340000000e+02 
1.281000000e+03 9.260000000e+02 
1.341000000e+03 8.900000000e+02 
1.546000000e+03 7.910000000e+02 
1.676000000e+03 7.420000000e+02 
1.777000000e+03 7.110000000e+02 
6.100000000e+01 6.262000000e+03 
1.220000000e+02 4.786000000e+03 
2.590000000e+02 3.176000000e+03 
2.790000000e+02 3.030000000e+03 
2.860000000e+02 2.981000000e+03 
2.890000000e+02 2.962000000e+03 
2.900000000e+02 2.955000000e+03 
2.950000000e+02 2.924000000e+03 
3.040000000e+02 2.868000000e+03 
3.590000000e+02 2.563000000e+03 
4.150000000e+02 2.316000000e+03 
4.180000000e+02 2.303000000e+03 
4.710000000e+02 2.115000000e+03 
6.140000000e+02 1.726000000e+03 
6.500000000e+02 1.648000000e+03 
7.560000000e+02 1.451000000e+03 
7.570000000e+02 1.450000000e+03 
7.580000000e+02 1.449000000e+03 
9.270000000e+02 1.225000000e+03 
1.030000000e+03 1.120000000e+03 
1.139000000e+03 1.027000000e+03 
1.179000000e+03 9.960000000e+02 
1.193000000e+03 9.860000000e+02 
1.439000000e+03 8.380000000e+02 
1.588000000e+03 7.740000000e+02 
1.837000000e+03 6.950000000e+02 
2.140000000e+03 6.330000000e+02 
2.199000000e+03 6.240000000e+02 
5.500000000e+01 6.445000000e+03 
6.600000000e+01 6.112000000e+03 
3.790000000e+02 2.466000000e+03 
4.450000000e+02 2.204000000e+03 
5.850000000e+02 1.793000000e+03 
6.010000000e+02 1.755000000e+03 
6.740000000e+02 1.600000000e+03 
6.750000000e+02 1.599000000e+03 
7.770000000e+02 1.420000000e+03 
8.080000000e+02 1.373000000e+03 
1.083000000e+03 1.073000000e+03 
1.207000000e+03 9.760000000e+02 
1.245000000e+03 9.490000000e+02 
1.306000000e+03 9.110000000e+02 
1.355000000e+03 8.830000000e+02 
1.433000000e+03 8.410000000e+02 
1.461000000e+03 8.280000000e+02 
1.586000000e+03 7.750000000e+02 
1.745000000e+03 7.200000000e+02 
1.760000000e+03 7.160000000e+02 
1.953000000e+03 6.680000000e+02 
2.146000000e+03 6.320000000e+02 
2.257000000e+03 6.170000000e+02 
2.329000000e+03 6.090000000e+02 
2.140000000e+02 3.556000000e+03 
2.320000000e+02 3.399000000e+03 
2.530000000e+02 3.223000000e+03 
2.700000000e+02 3.094000000e+03 
2.760000000e+02 3.051000000e+03 
2.940000000e+02 2.929000000e+03 
3.090000000e+02 2.838000000e+03 
3.820000000e+02 2.455000000e+03 
4.030000000e+02 2.363000000e+03 
4.210000000e+02 2.291000000e+03 
4.330000000e+02 2.246000000e+03 
4.620000000e+02 2.145000000e+03 
4.970000000e+02 2.034000000e+03 
5.420000000e+02 1.904000000e+03 
5.580000000e+02 1.862000000e+03 
6.870000000e+02 1.575000000e+03 
7.350000000e+02 1.486000000e+03 
7.690000000e+02 1.431000000e+03 
7.750000000e+02 1.421000000e+03 
8.010000000e+02 1.383000000e+03 
8.350000000e+02 1.338000000e+03 
8.370000000e+02 1.336000000e+03 
9.020000000e+02 1.254000000e+03 
9.730000000e+02 1.177000000e+03 
9.830000000e+02 1.166000000e+03 
1.047000000e+03 1.104000000e+03 
1.071000000e+03 1.083000000e+03 
1.128000000e+03 1.036000000e+03 
1.182000000e+03 9.940000000e+02 
1.454000000e+03 8.310000000e+02 
1.511000000e+03 8.060000000e+02 
1.592000000e+03 7.730000000e+02 
1.631000000e+03 7.580000000e+02 
1.660000000e+03 7.480000000e+02 
1.671000000e+03 7.440000000e+02 
1.709000000e+03 7.310000000e+02 
1.712000000e+03 7.300000000e+02 
1.742000000e+03 7.210000000e+02 
1.914000000e+03 6.770000000e+02 
2.540000000e+02 3.216000000e+03 
2.660000000e+02 3.123000000e+03 
2.810000000e+02 3.016000000e+03 
3.240000000e+02 2.752000000e+03 
3.470000000e+02 2.626000000e+03 
4.410000000e+02 2.218000000e+03 
5.020000000e+02 2.021000000e+03 
6.190000000e+02 1.716000000e+03 
6.570000000e+02 1.634000000e+03 
7.700000000e+02 1.429000000e+03 
7.840000000e+02 1.408000000e+03 
8.660000000e+02 1.298000000e+03 
1.055000000e+03 1.097000000e+03 
1.226000000e+03 9.620000000e+02 
1.279000000e+03 9.270000000e+02 
1.347000000e+03 8.880000000e+02 
1.527000000e+03 7.990000000e+02 
1.558000000e+03 7.860000000e+02 
1.657000000e+03 7.490000000e+02 
1.771000000e+03 7.130000000e+02 
2.300000000e+01 7.876000000e+03 
1.140000000e+02 4.954000000e+03 
1.560000000e+02 4.218000000e+03 
3.290000000e+02 2.726000000e+03 
4.070000000e+02 2.348000000e+03 
4.380000000e+02 2.228000000e+03 
5.040000000e+02 2.014000000e+03 
5.460000000e+02 1.893000000e+03 
5.600000000e+02 1.857000000e+03 
6.030000000e+02 1.750000000e+03 
6.350000000e+02 1.681000000e+03 
6.860000000e+02 1.576000000e+03 
8.050000000e+02 1.377000000e+03 
9.430000000e+02 1.207000000e+03 
1.126000000e+03 1.038000000e+03 
1.475000000e+03 8.220000000e+02 
1.616000000e+03 7.640000000e+02 
1.896000000e+03 6.810000000e+02 
2.300000000e+02 3.420000000e+03 
2.730000000e+02 3.072000000e+03 
3.390000000e+02 2.669000000e+03 
3.400000000e+02 2.665000000e+03 
4.890000000e+02 2.061000000e+03 
5.210000000e+02 1.964000000e+03 
5.770000000e+02 1.813000000e+03 
5.920000000e+02 1.776000000e+03 
8.180000000e+02 1.361000000e+03 
8.600000000e+02 1.306000000e+03 
9.210000000e+02 1.232000000e+03 
1.142000000e+03 1.025000000e+03 
1.194000000e+03 9.850000000e+02 
1.200000000e+03 9.810000000e+02 
1.392000000e+03 8.620000000e+02 
1.463000000e+03 8.270000000e+02 
1.497000000e+03 8.120000000e+02 
2.006000000e+03 6.570000000e+02 
2.151000000e+03 6.310000000e+02 
2.184000000e+03 6.260000000e+02 
2.798000000e+03 5.740000000e+02 
3.000000000e+01 7.484000000e+03 
2.310000000e+02 3.406000000e+03 
2.930000000e+02 2.936000000e+03 
3.430000000e+02 2.651000000e+03 
3.490000000e+02 2.620000000e+03 
3.920000000e+02 2.409000000e+03 
4.470000000e+02 2.202000000e+03 
4.830000000e+02 2.076000000e+03 
5.840000000e+02 1.797000000e+03 
6.230000000e+02 1.706000000e+03 
8.510000000e+02 1.318000000e+03 
9.700000000e+02 1.179000000e+03 
9.850000000e+02 1.164000000e+03 
1.027000000e+03 1.123000000e+03 
1.154000000e+03 1.015000000e+03 
1.263000000e+03 9.370000000e+02 
1.343000000e+03 8.890000000e+02 
1.361000000e+03 8.790000000e+02 
1.413000000e+03 8.510000000e+02 
2.304000000e+03 6.120000000e+02 
2.280000000e+02 3.431000000e+03 
5.140000000e+02 1.984000000e+03 
5.350000000e+02 1.924000000e+03 
5.650000000e+02 1.844000000e+03 
5.930000000e+02 1.774000000e+03 
6.280000000e+02 1.695000000e+03 
6.410000000e+02 1.669000000e+03 
6.550000000e+02 1.638000000e+03 
6.900000000e+02 1.568000000e+03 
7.200000000e+02 1.513000000e+03 
8.330000000e+02 1.340000000e+03 
1.112000000e+03 1.049000000e+03 
1.243000000e+03 9.500000000e+02 
1.417000000e+03 8.490000000e+02 
1.621000000e+03 7.620000000e+02 
2.467000000e+03 5.960000000e+02 
1.740000000e+02 3.980000000e+03 
2.380000000e+02 3.345000000e+03 
2.520000000e+02 3.231000000e+03 
4.310000000e+02 2.257000000e+03 
4.600000000e+02 2.152000000e+03 
5.000000000e+02 2.025000000e+03 
6.120000000e+02 1.730000000e+03 
6.910000000e+02 1.566000000e+03 
7.040000000e+02 1.541000000e+03 
7.280000000e+02 1.498000000e+03 
7.380000000e+02 1.481000000e+03 
7.420000000e+02 1.474000000e+03 
8.890000000e+02 1.269000000e+03 
9.300000000e+02 1.222000000e+03 
9.370000000e+02 1.214000000e+03 
1.010000000e+03 1.139000000e+03 
1.058000000e+03 1.095000000e+03 
1.211000000e+03 9.730000000e+02 
1.236000000e+03 9.550000000e+02 
1.277000000e+03 9.280000000e+02 
1.429000000e+03 8.430000000e+02 
1.685000000e+03 7.390000000e+02 
1.991000000e+03 6.600000000e+02 
2.691000000e+03 5.800000000e+02 
1.410000000e+02 4.446000000e+03 
1.630000000e+02 4.130000000e+03 
3.780000000e+02 2.471000000e+03 
3.930000000e+02 2.404000000e+03 
4.170000000e+02 2.313000000e+03 
4.610000000e+02 2.148000000e+03 
5.570000000e+02 1.864000000e+03 
6.060000000e+02 1.744000000e+03 
6.720000000e+02 1.604000000e+03 
7.100000000e+02 1.530000000e+03 
8.120000000e+02 1.368000000e+03 
8.440000000e+02 1.326000000e+03 
8.450000000e+02 1.325000000e+03 
8.780000000e+02 1.283000000e+03 
8.940000000e+02 1.263000000e+03 
9.960000000e+02 1.153000000e+03 
1.011000000e+03 1.138000000e+03 
1.221000000e+03 9.660000000e+02 
1.317000000e+03 9.040000000e+02 
1.365000000e+03 8.770000000e+02 
1.536000000e+03 7.950000000e+02 
1.626000000e+03 7.600000000e+02 
1.665000000e+03 7.460000000e+02 
1.722000000e+03 7.270000000e+02 
1.971000000e+03 6.640000000e+02 
2.037000000e+03 6.510000000e+02 
4.040000000e+02 2.359000000e+03 
4.400000000e+02 2.221000000e+03 
5.070000000e+02 2.004000000e+03 
5.250000000e+02 1.954000000e+03 
5.280000000e+02 1.943000000e+03 
6.000000000e+02 1.757000000e+03 
6.200000000e+02 1.714000000e+03 
6.590000000e+02 1.630000000e+03 
6.770000000e+02 1.594000000e+03 
6.880000000e+02 1.574000000e+03 
1.107000000e+03 1.053000000e+03 
1.135000000e+03 1.030000000e+03 
1.242000000e+03 9.510000000e+02 
1.504000000e+03 8.090000000e+02 
1.764000000e+03 7.150000000e+02 
1.948000000e+03 6.690000000e+02 
1.986000000e+03 6.610000000e+02 
2.097000000e+03 6.400000000e+02 
2.293000000e+03 6.130000000e+02 
1.130000000e+02 4.976000000e+03 
2.360000000e+02 3.362000000e+03 
4.700000000e+02 2.118000000e+03 
4.840000000e+02 2.073000000e+03 
5.090000000e+02 1.998000000e+03 
8.700000000e+02 1.293000000e+03 
1.029000000e+03 1.121000000e+03 
1.124000000e+03 1.039000000e+03 
1.202000000e+03 9.800000000e+02 
1.329000000e+03 8.970000000e+02 
1.338000000e+03 8.920000000e+02 
1.936000000e+03 6.720000000e+02 
1.981000000e+03 6.620000000e+02 
2.207000000e+03 6.230000000e+02 
2.223000000e+03 6.210000000e+02 
2.720000000e+02 3.079000000e+03 
3.310000000e+02 2.713000000e+03 
3.660000000e+02 2.528000000e+03 
4.900000000e+02 2.055000000e+03 
7.090000000e+02 1.532000000e+03 
7.870000000e+02 1.403000000e+03 
8.170000000e+02 1.363000000e+03 
9.060000000e+02 1.249000000e+03 
1.143000000e+03 1.024000000e+03 
1.508000000e+03 8.070000000e+02 
1.548000000e+03 7.900000000e+02 
1.599000000e+03 7.700000000e+02 
1.653000000e+03 7.510000000e+02 
1.900000000e+03 6.800000000e+02 
2.133000000e+03 6.340000000e+02 
1.700000000e+02 4.040000000e+03 
3.440000000e+02 2.644000000e+03 
3.670000000e+02 2.524000000e+03 
4.950000000e+02 2.040000000e+03 
5.080000000e+02 2.001000000e+03 
5.240000000e+02 1.955000000e+03 
5.310000000e+02 1.935000000e+03 
6.370000000e+02 1.677000000e+03 
7.460000000e+02 1.468000000e+03 
7.620000000e+02 1.441000000e+03 
8.230000000e+02 1.353000000e+03 
8.470000000e+02 1.322000000e+03 
8.630000000e+02 1.302000000e+03 
8.810000000e+02 1.279000000e+03 
9.470000000e+02 1.203000000e+03 
1.066000000e+03 1.088000000e+03 
1.167000000e+03 1.005000000e+03 
1.239000000e+03 9.530000000e+02 
1.578000000e+03 7.780000000e+02 
1.996000000e+03 6.590000000e+02 
2.021000000e+03 6.540000000e+02 
2.080000000e+03 6.430000000e+02 
9.300000000e+01 5.416000000e+03 
1.910000000e+02 3.784000000e+03 
2.510000000e+02 3.239000000e+03 
5.320000000e+02 1.934000000e+03 
7.130000000e+02 1.524000000e+03 
7.740000000e+02 1.423000000e+03 
8.480000000e+02 1.321000000e+03 
8.770000000e+02 1.284000000e+03 
1.075000000e+03 1.080000000e+03 
1.394000000e+03 8.610000000e+02 
1.435000000e+03 8.400000000e+02 
1.438000000e+03 8.390000000e+02 
1.694000000e+03 7.360000000e+02 
1.732000000e+03 7.240000000e+02 
1.735000000e+03 7.230000000e+02 
1.756000000e+03 7.170000000e+02 
2.109000000e+03 6.380000000e+02 
1.420000000e+02 4.430000000e+03 
1.770000000e+02 3.944000000e+03 
1.880000000e+02 3.817000000e+03 
2.190000000e+02 3.515000000e+03 
3.620000000e+02 2.549000000e+03 
6.320000000e+02 1.688000000e+03 
6.680000000e+02 1.612000000e+03 
7.310000000e+02 1.493000000e+03 
7.850000000e+02 1.406000000e+03 
7.950000000e+02 1.391000000e+03 
8.130000000e+02 1.367000000e+03 
8.530000000e+02 1.314000000e+03 
8.570000000e+02 1.309000000e+03 
9.980000000e+02 1.152000000e+03 
9.990000000e+02 1.150000000e+03 
1.140000000e+03 1.026000000e+03 
1.266000000e+03 9.350000000e+02 
1.421000000e+03 8.470000000e+02 
1.448000000e+03 8.340000000e+02 
1.597000000e+03 7.710000000e+02 
1.799000000e+03 7.050000000e+02 
2.121000000e+03 6.360000000e+02 
1.790000000e+02 3.920000000e+03 
2.370000000e+02 3.356000000e+03 
2.580000000e+02 3.185000000e+03 
4.440000000e+02 2.207000000e+03 
5.160000000e+02 1.977000000e+03 
5.450000000e+02 1.896000000e+03 
6.800000000e+02 1.588000000e+03 
7.060000000e+02 1.539000000e+03 
7.410000000e+02 1.476000000e+03 
8.100000000e+02 1.370000000e+03 
1.100000000e+03 1.059000000e+03 
1.156000000e+03 1.014000000e+03 
1.214000000e+03 9.710000000e+02 
1.299000000e+03 9.150000000e+02 
1.319000000e+03 9.030000000e+02 
1.371000000e+03 8.740000000e+02 
1.485000000e+03 8.170000000e+02 
1.520000000e+03 8.020000000e+02 
1.440000000e+02 4.405000000e+03 
3.100000000e+02 2.832000000e+03 
3.210000000e+02 2.770000000e+03 
3.340000000e+02 2.696000000e+03 
3.880000000e+02 2.427000000e+03 
6.780000000e+02 1.592000000e+03 
7.970000000e+02 1.389000000e+03 
8.380000000e+02 1.334000000e+03 
9.930000000e+02 1.156000000e+03 
1.111000000e+03 1.050000000e+03 
1.177000000e+03 9.980000000e+02 
1.276000000e+03 9.290000000e+02 
1.310000000e+03 9.080000000e+02 
1.379000000e+03 8.690000000e+02 
2.421000000e+03 6.000000000e+02 
2.479000000e+03 5.950000000e+02 
9.700000000e+01 5.315000000e+03 
3.020000000e+02 2.880000000e+03 
2.157000000e+03 6.300000000e+02 
1.134000000e+03 1.031000000e+03 
4.260000000e+02 2.272000000e+03 
1.114000000e+03 1.047000000e+03 
5.690000000e+02 1.833000000e+03 
5.720000000e+02 1.826000000e+03 
6.070000000e+02 1.741000000e+03 
5.910000000e+02 1.778000000e+03 
7.250000000e+02 1.504000000e+03 
1.001000000e+03 1.148000000e+03 
2.069000000e+03 6.450000000e+02 
1.280000000e+02 4.673000000e+03 
4.650000000e+02 2.138000000e+03 
1.532000000e+03 7.970000000e+02 
1.091000000e+03 1.066000000e+03 
1.680000000e+03 7.410000000e+02 
9.400000000e+02 1.211000000e+03 
3.370000000e+02 2.680000000e+03 
5.180000000e+02 1.972000000e+03 
5.410000000e+02 1.908000000e+03 
6.930000000e+02 1.562000000e+03 
1.005000000e+03 1.144000000e+03 
2.016000000e+03 6.550000000e+02 
2.118000000e+03 6.370000000e+02 
2.820000000e+02 3.011000000e+03 
9.600000000e+01 5.341000000e+03 
2.042000000e+03 6.500000000e+02 
2.012000000e+03 6.560000000e+02 
2.120000000e+02 3.575000000e+03 
2.231000000e+03 6.200000000e+02 
4.750000000e+02 2.102000000e+03 
6.110000000e+02 1.733000000e+03 
1.153000000e+03 1.016000000e+03 
1.232000000e+03 9.580000000e+02 
1.336000000e+03 8.930000000e+02 
6.700000000e+01 6.073000000e+03 
2.920000000e+02 2.942000000e+03 
2.420000000e+02 3.312000000e+03 
3.770000000e+02 2.475000000e+03 
5.620000000e+02 1.851000000e+03 
3.110000000e+02 2.826000000e+03 
8.850000000e+02 1.274000000e+03 
1.036000000e+03 1.114000000e+03 
8.690000000e+02 1.294000000e+03 
1.165000000e+03 1.007000000e+03 
3.950000000e+02 2.398000000e+03 
4.500000000e+02 2.187000000e+03 
1.007000000e+03 1.142000000e+03 
1.203000000e+03 9.790000000e+02 
1.335000000e+03 8.940000000e+02 
1.692000000e+03 7.370000000e+02 
2.368000000e+03 6.050000000e+02 
2.628000000e+03 5.840000000e+02 
1.710000000e+02 4.030000000e+03 
1.094000000e+03 1.064000000e+03 
3.140000000e+02 2.809000000e+03 
1.046000000e+03 1.105000000e+03 
3.650000000e+02 2.533000000e+03 
2.320000000e+03 6.100000000e+02 
1.067000000e+03 1.087000000e+03 
4.820000000e+02 2.079000000e+03 
1.400000000e+03 8.580000000e+02 
4.350000000e+02 2.239000000e+03 
8.320000000e+02 1.342000000e+03 
4.510000000e+02 2.185000000e+03 
6.950000000e+02 1.559000000e+03 
8.420000000e+02 1.329000000e+03 
9.660000000e+02 1.184000000e+03 
1.061000000e+03 1.092000000e+03 
1.326000000e+03 8.990000000e+02 
9.010000000e+02 1.255000000e+03 
1.900000000e+02 3.798000000e+03 
9.690000000e+02 1.180000000e+03 
3.940000000e+02 2.400000000e+03 
1.806000000e+03 7.030000000e+02 
1.097000000e+03 1.061000000e+03 
2.659000000e+03 5.820000000e+02 
1.157000000e+03 1.013000000e+03 
1.289000000e+03 9.210000000e+02 
3.380000000e+02 2.675000000e+03 
4.550000000e+02 2.169000000e+03 
4.720000000e+02 2.112000000e+03 
1.013000000e+03 1.136000000e+03 
1.446000000e+03 8.350000000e+02 
1.551000000e+03 7.890000000e+02 
2.058000000e+03 6.470000000e+02 
2.240000000e+02 3.466000000e+03 
1.090000000e+03 1.067000000e+03 
1.038000000e+03 1.112000000e+03 
1.501000000e+03 8.100000000e+02 
1.238000000e+03 9.540000000e+02 
3.120000000e+02 2.821000000e+03 
4.520000000e+02 2.179000000e+03 
5.820000000e+02 1.801000000e+03 
6.960000000e+02 1.557000000e+03 
1.519000000e+03 8.030000000e+02 
6.400000000e+01 6.163000000e+03 
2.000000000e+02 3.696000000e+03 
1.490000000e+02 4.320000000e+03 
3.710000000e+02 2.503000000e+03 
3.480000000e+02 2.623000000e+03 
1.473000000e+03 8.230000000e+02 
7.140000000e+02 1.523000000e+03 
1.398000000e+03 8.590000000e+02 
2.542000000e+03 5.900000000e+02 
1.178000000e+03 9.970000000e+02 
8.140000000e+02 1.365000000e+03 
6.430000000e+02 1.663000000e+03 
8.790000000e+02 1.282000000e+03 
1.189000000e+03 9.890000000e+02 
1.479000000e+03 8.200000000e+02 
1.106000000e+03 1.054000000e+03 
1.310000000e+02 4.615000000e+03 
1.060000000e+02 5.113000000e+03 
3.300000000e+02 2.718000000e+03 
9.090000000e+02 1.246000000e+03 
9.030000000e+02 1.253000000e+03 
1.018000000e+03 1.131000000e+03 
2.160000000e+02 3.538000000e+03 
1.753000000e+03 7.180000000e+02 
1.980000000e+02 3.715000000e+03 
7.470000000e+02 1.466000000e+03 
7.880000000e+02 1.402000000e+03 
9.680000000e+02 1.181000000e+03 
1.522000000e+03 8.010000000e+02 
1.887000000e+03 6.830000000e+02 
1.945000000e+03 6.700000000e+02 
2.150000000e+02 3.548000000e+03 
1.600000000e+02 4.164000000e+03 
3.860000000e+02 2.438000000e+03 
9.380000000e+02 1.213000000e+03 
1.095000000e+03 1.063000000e+03 
3.980000000e+02 2.383000000e+03 
1.573000000e+03 7.800000000e+02 
1.324000000e+03 9.000000000e+02 
5.270000000e+02 1.950000000e+03 
2.210000000e+02 3.502000000e+03 
3.330000000e+02 2.702000000e+03 
4.590000000e+02 2.155000000e+03 
6.990000000e+02 1.551000000e+03 
8.620000000e+02 1.303000000e+03 
9.140000000e+02 1.240000000e+03 
1.196000000e+03 9.840000000e+02 
1.254000000e+03 9.430000000e+02 
1.283000000e+03 9.250000000e+02 
2.020000000e+02 3.676000000e+03 
1.096000000e+03 1.062000000e+03 
1.719000000e+03 7.280000000e+02 
1.330000000e+02 4.581000000e+03 
3.160000000e+02 2.799000000e+03 
8.650000000e+02 1.299000000e+03 
1.020000000e+03 1.129000000e+03 
1.359000000e+03 8.800000000e+02 
5.560000000e+02 1.870000000e+03 
1.430000000e+02 4.421000000e+03 
1.483000000e+03 8.180000000e+02 
1.174000000e+03 1.001000000e+03 
1.376000000e+03 8.710000000e+02 
1.028000000e+03 1.122000000e+03 
1.750000000e+02 3.968000000e+03 
1.002000000e+03 1.147000000e+03 
1.137000000e+03 1.029000000e+03 
1.850000000e+02 3.854000000e+03 
2.744000000e+03 5.770000000e+02 
1.500000000e+01 8.395000000e+03 
1.085000000e+03 1.071000000e+03 
2.200000000e+02 3.503000000e+03 
1.078000000e+03 1.077000000e+03 
2.010000000e+02 3.682000000e+03 
6.600000000e+02 1.628000000e+03 
6.530000000e+02 1.642000000e+03 
4.480000000e+02 2.194000000e+03 
1.646000000e+03 7.530000000e+02 
1.725000000e+03 7.260000000e+02 
1.883000000e+03 6.840000000e+02 
2.311000000e+03 6.110000000e+02 
1.240000000e+02 4.747000000e+03 
1.470000000e+02 4.351000000e+03 
1.074000000e+03 1.082000000e+03 
5.900000000e+01 6.318000000e+03 
1.009000000e+03 1.140000000e+03 
1.188000000e+03 9.900000000e+02 
1.295000000e+03 9.170000000e+02 
2.030000000e+02 3.662000000e+03 
9.400000000e+01 5.385000000e+03 
7.220000000e+02 1.508000000e+03 
1.540000000e+02 4.246000000e+03 
6.460000000e+02 1.657000000e+03 
4.760000000e+02 2.100000000e+03 
7.110000000e+02 1.529000000e+03 
1.650000000e+02 4.096000000e+03 
5.470000000e+02 1.892000000e+03 
2.450000000e+02 3.293000000e+03 
4.320000000e+02 2.252000000e+03 
5.400000000e+02 1.911000000e+03 
7.490000000e+02 1.463000000e+03 
9.800000000e+02 1.169000000e+03 
1.042000000e+03 1.109000000e+03 
8.600000000e+01 5.575000000e+03 
2.000000000e+01 8.061000000e+03 
2.040000000e+02 3.652000000e+03 
8.830000000e+02 1.277000000e+03 
7.980000000e+02 1.387000000e+03 
8.640000000e+02 1.301000000e+03 
9.620000000e+02 1.187000000e+03 
1.088000000e+03 1.069000000e+03 
1.138000000e+03 1.028000000e+03 
1.539000000e+03 7.940000000e+02 
4.770000000e+02 2.095000000e+03 
1.720000000e+02 4.007000000e+03 
1.090000000e+02 5.057000000e+03 
1.045000000e+03 1.106000000e+03 
1.795000000e+03 7.060000000e+02 
3.150000000e+02 2.804000000e+03 
2.880000000e+02 2.968000000e+03 
4.290000000e+02 2.261000000e+03 
6.480000000e+02 1.652000000e+03 
8.220000000e+02 1.354000000e+03 
1.396000000e+03 8.600000000e+02 
4.850000000e+02 2.072000000e+03 
2.260000000e+02 3.450000000e+03 
5.260000000e+02 1.953000000e+03 
5.200000000e+02 1.967000000e+03 
1.788000000e+03 7.080000000e+02 
2.105000000e+03 6.390000000e+02 
1.670000000e+02 4.079000000e+03 
3.000000000e+02 2.892000000e+03 
1.109000000e+03 1.051000000e+03 
3.410000000e+02 2.658000000e+03 
1.620000000e+02 4.142000000e+03 
1.385000000e+03 8.660000000e+02 
5.630000000e+02 1.849000000e+03 
3.510000000e+02 2.605000000e+03 
1.290000000e+03 9.200000000e+02 
1.450000000e+03 8.330000000e+02 
1.553000000e+03 7.880000000e+02 
2.750000000e+02 3.058000000e+03 
8.500000000e+01 5.596000000e+03 
2.001000000e+03 6.580000000e+02 
1.810000000e+02 3.899000000e+03 
7.930000000e+02 1.394000000e+03 
1.820000000e+02 3.887000000e+03 
9.500000000e+01 5.358000000e+03 
1.205000000e+03 9.770000000e+02 
2.200000000e+01 7.941000000e+03 
1.340000000e+03 8.910000000e+02 
1.927000000e+03 6.740000000e+02 
5.390000000e+02 1.913000000e+03 
5.510000000e+02 1.880000000e+03 
2.060000000e+02 3.633000000e+03 
5.660000000e+02 1.841000000e+03 
6.520000000e+02 1.644000000e+03 
6.840000000e+02 1.582000000e+03 
9.460000000e+02 1.204000000e+03 
1.147000000e+03 1.021000000e+03 
1.468000000e+03 8.250000000e+02 
1.700000000e+01 8.255000000e+03 
1.862000000e+03 6.890000000e+02 
4.370000000e+02 2.232000000e+03 
1.113000000e+03 1.048000000e+03 
6.450000000e+02 1.660000000e+03 
7.240000000e+02 1.506000000e+03 
9.080000000e+02 1.247000000e+03 
1.130000000e+03 1.035000000e+03 
1.583000000e+03 7.760000000e+02 
8.920000000e+02 1.266000000e+03 
6.920000000e+02 1.565000000e+03 
9.100000000e+02 1.245000000e+03 
1.063000000e+03 1.090000000e+03 
1.084000000e+03 1.072000000e+03 
1.905000000e+03 6.790000000e+02 
4.670000000e+02 2.128000000e+03 
1.033000000e+03 1.117000000e+03 
6.980000000e+02 1.552000000e+03 
2.690000000e+02 3.102000000e+03 
1.101000000e+03 1.058000000e+03 
1.132000000e+03 1.033000000e+03 
1.470000000e+03 8.240000000e+02 
1.860000000e+02 3.841000000e+03 
3.200000000e+02 2.775000000e+03 
2.600000000e+03 5.860000000e+02 
2.220000000e+02 3.486000000e+03 
5.100000000e+02 1.995000000e+03 
1.161000000e+03 1.010000000e+03 
1.302000000e+03 9.130000000e+02 
2.433000000e+03 5.990000000e+02 
5.700000000e+02 1.831000000e+03 
3.350000000e+02 2.691000000e+03 
4.530000000e+02 2.177000000e+03 
1.082000000e+03 1.074000000e+03 
1.609000000e+03 7.660000000e+02 
1.089000000e+03 1.068000000e+03 
2.032000000e+03 6.520000000e+02 
2.640000000e+02 3.141000000e+03 
2.270000000e+02 3.440000000e+03 
1.251000000e+03 9.450000000e+02 
3.800000000e+02 2.464000000e+03 
1.008000000e+03 1.141000000e+03 
2.470000000e+02 3.272000000e+03 
3.270000000e+02 2.735000000e+03 
9.120000000e+02 1.242000000e+03 
2.053000000e+03 6.480000000e+02 
9.900000000e+01 5.266000000e+03 
4.800000000e+01 6.694000000e+03 
3.400000000e+01 7.276000000e+03 
1.450000000e+02 4.386000000e+03 
3.530000000e+02 2.594000000e+03 
9.350000000e+02 1.216000000e+03 
6.200000000e+01 6.226000000e+03 
2.980000000e+02 2.906000000e+03 
4.730000000e+02 2.108000000e+03 
1.022000000e+03 1.127000000e+03 
1.425000000e+03 8.450000000e+02 
6.000000000e+01 6.309000000e+03 
9.510000000e+02 1.199000000e+03 
9.390000000e+02 1.212000000e+03 
2.680000000e+02 3.112000000e+03 
1.223000000e+03 9.640000000e+02 
1.613000000e+03 7.650000000e+02 
1.810000000e+03 7.020000000e+02 
1.830000000e+02 3.877000000e+03 
4.600000000e+01 6.766000000e+03 
3.540000000e+02 2.589000000e+03 
3.830000000e+02 2.448000000e+03 
4.200000000e+02 2.295000000e+03 
1.654000000e+03 7.500000000e+02 
2.455000000e+03 5.970000000e+02 
6.440000000e+02 1.661000000e+03 
9.480000000e+02 1.202000000e+03 
1.411000000e+03 8.520000000e+02 
1.833000000e+03 6.960000000e+02 
1.510000000e+02 4.290000000e+03 
1.990000000e+02 3.702000000e+03 
1.970000000e+02 3.722000000e+03 
1.950000000e+02 3.742000000e+03 
1.960000000e+02 3.732000000e+03 
3.500000000e+02 2.610000000e+03 
1.019000000e+03 1.130000000e+03 
1.866000000e+03 6.880000000e+02 
2.349000000e+03 6.070000000e+02 
1.680000000e+02 4.066000000e+03 
1.520000000e+02 4.275000000e+03 
8.270000000e+02 1.348000000e+03 
2.275000000e+03 6.150000000e+02 
2.266000000e+03 6.160000000e+02 
1.660000000e+02 4.083000000e+03 
5.610000000e+02 1.856000000e+03 
5.000000000e+01 6.619000000e+03 
6.420000000e+02 1.665000000e+03 
1.270000000e+02 4.707000000e+03 
1.010000000e+02 5.220000000e+03 
9.200000000e+01 5.440000000e+03 
4.200000000e+01 6.922000000e+03 
9.100000000e+01 5.456000000e+03 
2.180000000e+02 3.520000000e+03 
1.315000000e+03 9.050000000e+02 
1.070000000e+02 5.092000000e+03 
1.050000000e+02 5.135000000e+03 
1.040000000e+02 5.155000000e+03 
4.110000000e+02 2.332000000e+03 
7.200000000e+01 5.928000000e+03 
1.150000000e+02 4.934000000e+03 
1.360000000e+02 4.530000000e+03 
6.100000000e+02 1.737000000e+03 
1.152000000e+03 1.017000000e+03 
7.500000000e+01 5.847000000e+03 
4.000000000e+02 2.376000000e+03 
6.380000000e+02 1.675000000e+03 
9.320000000e+02 1.220000000e+03 
1.567000000e+03 7.830000000e+02 
1.110000000e+02 5.012000000e+03 
1.120000000e+02 4.988000000e+03 
2.500000000e+02 3.250000000e+03 
7.340000000e+02 1.488000000e+03 
8.190000000e+02 1.358000000e+03 
1.044000000e+03 1.107000000e+03 
1.610000000e+02 4.156000000e+03 
6.090000000e+02 1.739000000e+03 
2.284000000e+03 6.140000000e+02 
8.900000000e+01 5.495000000e+03 
4.860000000e+02 2.069000000e+03 
5.980000000e+02 1.765000000e+03 
6.020000000e+02 1.754000000e+03 
5.700000000e+01 6.381000000e+03 
2.230000000e+02 3.482000000e+03 
1.164000000e+03 1.008000000e+03 
8.400000000e+01 5.614000000e+03 
3.520000000e+02 2.599000000e+03 
2.529000000e+03 5.910000000e+02 
2.516000000e+03 5.920000000e+02 
4.500000000e+01 6.804000000e+03 
7.000000000e+01 5.985000000e+03 
1.290000000e+02 4.653000000e+03 
2.170000000e+02 3.532000000e+03 
5.500000000e+02 1.883000000e+03 
8.290000000e+02 1.345000000e+03 
9.550000000e+02 1.194000000e+03 
1.784000000e+03 7.090000000e+02 
1.180000000e+02 4.866000000e+03 
5.540000000e+02 1.872000000e+03 
9.560000000e+02 1.193000000e+03 
1.534000000e+03 7.960000000e+02 
6.900000000e+01 6.014000000e+03 
1.170000000e+02 4.893000000e+03 
7.700000000e+01 5.793000000e+03 
7.300000000e+01 5.901000000e+03 
2.290000000e+02 3.423000000e+03 
3.580000000e+02 2.568000000e+03 
1.260000000e+02 4.718000000e+03 
5.710000000e+02 1.830000000e+03 
1.506000000e+03 8.080000000e+02 
6.500000000e+01 6.136000000e+03 
2.100000000e+02 3.594000000e+03 
2.390000000e+02 3.338000000e+03 
1.488000000e+03 8.160000000e+02 
2.389000000e+03 6.030000000e+02 
1.020000000e+02 5.201000000e+03 
4.100000000e+01 6.971000000e+03 
8.700000000e+01 5.543000000e+03 
2.460000000e+02 3.282000000e+03 
1.917000000e+03 6.760000000e+02 
2.440000000e+02 3.297000000e+03 
3.250000000e+02 2.749000000e+03 
5.220000000e+02 1.961000000e+03 
9.490000000e+02 1.201000000e+03 
2.358000000e+03 6.060000000e+02 

