4.910000000e+02
4.960000000e+02
4.640000000e+02
4.680000000e+02
4.750000000e+02
4.730000000e+02
4.590000000e+02
4.840000000e+02
4.320000000e+02
5.480000000e+02
5.570000000e+02
4.870000000e+02
5.380000000e+02
5.290000000e+02
4.880000000e+02
5.020000000e+02
4.510000000e+02
6.470000000e+02
5.190000000e+02
5.400000000e+02
6.260000000e+02
4.940000000e+02
5.690000000e+02
5.420000000e+02
5.760000000e+02
4.920000000e+02
5.080000000e+02
4.710000000e+02
5.800000000e+02
4.610000000e+02

8.040000000e+02
4.570000000e+02
8.040000000e+02
5.770000000e+02
6.860000000e+02
7.300000000e+02
5.310000000e+02
5.240000000e+02
5.650000000e+02
7.080000000e+02
8.270000000e+02
5.020000000e+02
4.610000000e+02
8.010000000e+02
8.040000000e+02
5.940000000e+02
4.710000000e+02
8.040000000e+02
4.630000000e+02
8.010000000e+02
8.040000000e+02
4.900000000e+02
7.370000000e+02
5.530000000e+02
5.660000000e+02
6.270000000e+02
5.660000000e+02
7.910000000e+02
5.070000000e+02
8.040000000e+02
