1.359434166e-05
1.358992038e-05
1.624574982e-05
1.539598337e-05
1.337777513e-05
1.404078544e-05
1.336372991e-05
1.487053591e-05
1.595452484e-05
1.411907586e-05
1.627904448e-05
1.329471553e-05
1.422681555e-05
1.347933403e-05
1.487321990e-05
1.245113242e-05
1.386470366e-05
1.417153772e-05
1.280744524e-05
1.299218841e-05
1.324071846e-05
1.399664493e-05
1.325663808e-05
1.487356932e-05
1.431389096e-05
1.302318442e-05
1.446708685e-05
1.454469979e-05
1.315893810e-05
1.320535757e-05

1.592084835e-05
1.772046875e-05
1.617274263e-05
1.492736687e-05
1.541103042e-05
1.504406659e-05
1.771001830e-05
1.981945056e-05
1.470617719e-05
1.567430157e-05
1.657919879e-05
1.450367943e-05
1.333561022e-05
1.521073138e-05
1.848109330e-05
1.768786567e-05
1.618023264e-05
1.896881049e-05
1.776151733e-05
1.618059276e-05
1.545988226e-05
1.951190376e-05
1.758660441e-05
1.402543755e-05
1.675326165e-05
1.556430164e-05
1.453021186e-05
1.623453894e-05
1.492167689e-05
1.511800013e-05
