2.412186801e-05
2.143630862e-05
2.255306982e-05
2.072705943e-05
1.912876774e-05
2.020063960e-05
1.926688005e-05
2.292037409e-05
1.905602977e-05
1.787677554e-05
2.115581545e-05
1.801648645e-05
2.051549749e-05
2.205348697e-05
1.820132771e-05
1.916054335e-05
1.942704612e-05
2.045268138e-05
1.939606248e-05
1.999261586e-05
1.800587601e-05
2.114336852e-05
1.991701202e-05
2.225297986e-05
2.220068698e-05
1.887727569e-05
2.276977312e-05
2.158623051e-05
1.752572048e-05
2.088283153e-05

5.379659199e-05
5.984745373e-05
4.121802856e-05
4.406260137e-05
5.214788458e-05
4.933558148e-05
3.610244601e-05
4.545366788e-05
4.673697861e-05
4.313771646e-05
6.778125082e-05
5.309138723e-05
4.695801839e-05
5.241676874e-05
3.513187688e-05
4.068145537e-05
5.974728337e-05
4.746192032e-05
5.522764437e-05
5.974848628e-05
3.864603620e-05
4.281224278e-05
4.307364946e-05
4.131083873e-05
3.830682652e-05
3.466555619e-05
4.918367641e-05
6.155757880e-05
4.963912765e-05
3.264731586e-05
