1.948000000e+03
1.123000000e+03
1.664000000e+03
1.967000000e+03
1.545000000e+03
1.957000000e+03
1.621000000e+03
1.578000000e+03
1.971000000e+03
1.833000000e+03
1.825000000e+03
1.666000000e+03
1.716000000e+03
1.612000000e+03
1.556000000e+03
9.520000000e+02
1.889000000e+03
1.154000000e+03
1.196000000e+03
1.597000000e+03
1.919000000e+03
1.233000000e+03
1.324000000e+03
1.610000000e+03
1.537000000e+03
1.807000000e+03
2.027000000e+03
1.980000000e+03
1.296000000e+03
1.150000000e+03

3.042000000e+03
4.130000000e+03
2.736000000e+03
2.912000000e+03
2.513000000e+03
2.616000000e+03
3.784000000e+03
3.500000000e+03
3.588000000e+03
2.958000000e+03
5.385000000e+03
4.140000000e+03
4.077000000e+03
2.575000000e+03
3.040000000e+03
3.468000000e+03
4.622000000e+03
3.634000000e+03
4.110000000e+03
3.274000000e+03
2.016000000e+03
2.736000000e+03
3.969000000e+03
3.798000000e+03
4.820000000e+03
3.598000000e+03
4.146000000e+03
3.639000000e+03
3.918000000e+03
4.665000000e+03
