1.126400000e+04
1.049600000e+04
1.241600000e+04
1.139200000e+04
1.305600000e+04
1.139200000e+04
1.062400000e+04
1.164800000e+04
1.216000000e+04
1.369600000e+04
1.344000000e+04
1.267200000e+04
1.075200000e+04
1.190400000e+04
1.113600000e+04
1.126400000e+04
1.190400000e+04
1.190400000e+04
1.241600000e+04
1.267200000e+04
1.190400000e+04
1.100800000e+04
1.113600000e+04
1.292800000e+04
1.088000000e+04
1.190400000e+04
1.228800000e+04
1.088000000e+04
1.254400000e+04
1.331200000e+04

7.961600000e+04
7.424000000e+04
7.680000000e+04
6.912000000e+04
7.884800000e+04
7.321600000e+04
6.592000000e+04
7.539200000e+04
7.539200000e+04
7.577600000e+04
7.680000000e+04
6.912000000e+04
7.846400000e+04
7.564800000e+04
7.820800000e+04
7.846400000e+04
7.577600000e+04
6.860800000e+04
7.654400000e+04
7.372800000e+04
7.641600000e+04
7.424000000e+04
7.948800000e+04
7.616000000e+04
7.270400000e+04
7.180800000e+04
6.950400000e+04
7.744000000e+04
7.129600000e+04
7.360000000e+04
