4.067383729e-05
4.037020290e-05
3.752661485e-05
3.817750538e-05
3.162496642e-05
3.862078330e-05
4.099079326e-05
4.306215338e-05
4.068848662e-05
4.039814890e-05
3.861093536e-05
4.702138240e-05
4.087966782e-05
4.364116338e-05
3.977095065e-05
4.653994448e-05
5.065828188e-05
4.134883119e-05
4.055603749e-05
3.939978771e-05
4.756087663e-05
3.952631293e-05
4.545262944e-05
3.850823439e-05
3.744886566e-05
3.831873613e-05
4.357366900e-05
4.612045703e-05
4.265280146e-05
3.643765195e-05

2.488564122e-05
2.399154539e-05
2.165633116e-05
2.012463708e-05
1.983216033e-05
2.257712708e-05
2.238606991e-05
2.158106796e-05
2.288753552e-05
2.162349750e-05
2.254564272e-05
2.093448457e-05
2.124525620e-05
1.812367441e-05
2.203290024e-05
2.337138134e-05
2.150473043e-05
2.089891655e-05
2.083354224e-05
1.844467820e-05
2.407976331e-05
2.372277716e-05
2.488353671e-05
2.309626876e-05
2.335243745e-05
2.104652418e-05
2.033963132e-05
2.109874265e-05
2.231096723e-05
2.217286988e-05
