1.636800000e+04
1.536300000e+04
1.443000000e+04
1.435000000e+04
1.504600000e+04
1.451600000e+04
1.761400000e+04
1.639500000e+04
1.557200000e+04
1.406900000e+04
1.401000000e+04
1.520800000e+04
1.607600000e+04
1.523800000e+04
1.557500000e+04
1.551300000e+04
1.655600000e+04
1.562200000e+04
1.583200000e+04
1.425300000e+04
1.508600000e+04
1.594500000e+04
1.435800000e+04
1.583600000e+04
1.445800000e+04
1.383200000e+04
1.537200000e+04
1.474200000e+04
1.399500000e+04
1.590700000e+04

3.705700000e+04
3.512300000e+04
3.172300000e+04
3.514400000e+04
3.487000000e+04
3.477800000e+04
3.369900000e+04
3.170900000e+04
3.508900000e+04
3.520700000e+04
3.550600000e+04
3.457200000e+04
3.465400000e+04
3.715700000e+04
3.326400000e+04
3.380800000e+04
3.308500000e+04
3.427800000e+04
3.602900000e+04
3.535900000e+04
3.267100000e+04
3.225300000e+04
3.557600000e+04
3.671500000e+04
3.406800000e+04
3.460600000e+04
3.768200000e+04
3.499300000e+04
3.373000000e+04
3.462500000e+04
