1.390475057e-06
1.164535362e-06
1.136313754e-06
1.083590493e-06
1.335810041e-06
1.186808075e-06
1.215197507e-06
1.129933122e-06
1.123877359e-06
1.092295714e-06
1.324711330e-06
1.381910355e-06
1.272142520e-06
1.193035334e-06
1.175294753e-06
1.216490799e-06
1.253358587e-06
1.180817861e-06
1.172255075e-06
1.174109365e-06
1.113118847e-06
1.241283230e-06
1.256284851e-06
1.316958444e-06
1.229542483e-06
1.180430317e-06
1.144852069e-06
1.176610959e-06
1.291534197e-06
1.229133342e-06

2.461175782e-06
2.478020077e-06
2.416650078e-06
2.580368238e-06
2.277019240e-06
2.233676529e-06
2.305304721e-06
2.296442853e-06
2.632088585e-06
2.412611360e-06
2.336272554e-06
2.507866514e-06
2.282064025e-06
2.464444681e-06
2.352090183e-06
2.468287632e-06
2.499419497e-06
2.564038634e-06
2.416513033e-06
2.473365231e-06
2.455736626e-06
2.473220760e-06
2.182496420e-06
2.526891685e-06
2.379973947e-06
2.375639501e-06
2.516748541e-06
2.327675557e-06
2.171711681e-06
2.538717381e-06
