1.330344219e-06
1.389172782e-06
1.424880731e-06
1.488312364e-06
1.463037419e-06
1.338817743e-06
1.303983926e-06
1.454802018e-06
1.310581404e-06
1.208317115e-06
1.383738576e-06
1.262089716e-06
1.333172359e-06
1.558029141e-06
1.311318409e-06
1.321441633e-06
1.210178870e-06
1.315748505e-06
1.435621119e-06
1.420301055e-06
1.383673028e-06
1.511643997e-06
1.351165395e-06
1.519966384e-06
1.404984583e-06
1.467258692e-06
1.728345058e-06
1.383071112e-06
1.355906708e-06
1.677343193e-06

1.572413837e-06
1.773036231e-06
1.812806730e-06
1.536559461e-06
1.750679287e-06
1.589067672e-06
1.598942273e-06
1.743914064e-06
1.640292970e-06
1.643542748e-06
1.659005008e-06
1.761809216e-06
1.703790831e-06
1.673602159e-06
1.605691608e-06
1.831047470e-06
1.774171918e-06
1.563515083e-06
1.471902041e-06
1.606574242e-06
1.537033912e-06
1.607116038e-06
1.702771112e-06
1.815280221e-06
1.518949739e-06
1.685592526e-06
1.616103174e-06
1.766970808e-06
1.677244510e-06
1.645298235e-06
