6.520000000e+03
6.491000000e+03
6.157000000e+03
6.185000000e+03
5.944000000e+03
6.452000000e+03
6.308000000e+03
6.139000000e+03
6.351000000e+03
6.175000000e+03
6.536000000e+03
6.505000000e+03
6.535000000e+03
6.508000000e+03
5.726000000e+03
6.375000000e+03
6.108000000e+03
7.345000000e+03
6.683000000e+03
6.279000000e+03
6.244000000e+03
6.426000000e+03
6.405000000e+03
6.116000000e+03
6.268000000e+03
6.487000000e+03
6.235000000e+03
6.448000000e+03
6.798000000e+03
6.412000000e+03

7.960000000e+03
8.220000000e+03
8.597000000e+03
9.122000000e+03
7.491000000e+03
8.005000000e+03
7.980000000e+03
7.806000000e+03
9.547000000e+03
7.930000000e+03
7.859000000e+03
8.134000000e+03
9.148000000e+03
7.398000000e+03
8.711000000e+03
8.271000000e+03
8.116000000e+03
8.281000000e+03
8.780000000e+03
8.864000000e+03
9.012000000e+03
7.816000000e+03
9.470000000e+03
7.587000000e+03
8.415000000e+03
7.735000000e+03
6.903000000e+03
7.213000000e+03
9.459000000e+03
8.125000000e+03
