2.334151518e-06
2.088864698e-06
2.338370436e-06
2.148717612e-06
2.067567034e-06
2.094255670e-06
1.992289465e-06
2.134611039e-06
2.158626983e-06
2.061807559e-06
2.071623717e-06
2.285390609e-06
2.193885870e-06
2.046177315e-06
2.099017222e-06
2.296878142e-06
2.225878772e-06
2.207550208e-06
2.068183840e-06
2.263885241e-06
2.162632169e-06
2.214500460e-06
2.066360928e-06
2.278875845e-06
2.118115726e-06
2.274033215e-06
2.138954188e-06
2.228540646e-06
2.131112520e-06
2.110154297e-06

2.282620192e-06
2.084023265e-06
2.095633912e-06
1.948679449e-06
2.066906676e-06
2.198833809e-06
2.074957686e-06
2.056510359e-06
2.013057189e-06
2.072909224e-06
1.840457441e-06
2.273371699e-06
1.942103806e-06
2.249953998e-06
2.315741157e-06
2.033060721e-06
2.062011551e-06
2.125084262e-06
1.969441863e-06
2.270961561e-06
1.981490234e-06
2.334817665e-06
2.099459617e-06
2.142492069e-06
2.128286295e-06
1.894222377e-06
2.030714057e-06
1.988717013e-06
2.055520220e-06
1.947399250e-06
