8.571825360e-07
8.507227421e-07
8.781069063e-07
8.221879602e-07
8.624977403e-07
1.007584382e-06
9.075927850e-07
8.236634877e-07
8.379001601e-07
9.899912256e-07
9.186140914e-07
9.015886393e-07
8.802002775e-07
8.149359116e-07
8.764005208e-07
8.844013112e-07
8.985471254e-07
9.329567916e-07
8.569525562e-07
8.780051499e-07
9.073964180e-07
8.882864969e-07
9.610603563e-07
8.859024275e-07
9.022428503e-07
8.325367723e-07
8.657438049e-07
8.832665020e-07
8.830827097e-07
8.801682616e-07

2.144378534e-06
2.255550439e-06
2.403211249e-06
2.022787678e-06
2.054148884e-06
2.202391850e-06
2.137850876e-06
2.126928452e-06
2.033979842e-06
2.186562724e-06
1.923553206e-06
1.973181819e-06
2.252673196e-06
2.022435383e-06
2.085452206e-06
2.066427435e-06
1.970142221e-06
2.128516913e-06
2.062542448e-06
2.127131805e-06
2.087296835e-06
2.163197717e-06
2.094129203e-06
2.127522024e-06
2.058711075e-06
2.149712940e-06
2.076437644e-06
1.956562674e-06
2.030421363e-06
2.162022429e-06
