1.123058000e+06
9.577690000e+05
1.029954000e+06
1.080364000e+06
1.078783000e+06
4.947378000e+06
1.042755000e+06
9.912860000e+05
9.755580000e+05
1.057418000e+06
1.051614000e+06
9.467350000e+05
1.064131000e+06
9.706120000e+05
1.011047000e+06
1.037058000e+06
1.110585000e+06
1.085453000e+06
8.632191000e+06
1.087096000e+06
1.341425900e+07
1.039025000e+06
9.956150000e+05
1.020831000e+06
1.081283000e+06
2.040014000e+06
9.461150000e+05
9.931390000e+05
1.120292000e+06
1.171208000e+06

1.341095000e+06
1.870379000e+06
1.517193000e+06
1.394510000e+06
3.273045000e+06
1.546367000e+06
1.300941000e+06
1.608703000e+06
1.544306000e+06
1.328345000e+06
2.358605000e+06
1.344979000e+06
8.178387000e+06
1.010221600e+07
1.774772000e+06
1.515680000e+06
1.532649000e+06
1.523367000e+06
1.393008000e+06
2.467917000e+06
1.629209000e+06
1.447613000e+06
1.331864000e+06
1.571394000e+06
1.541166000e+06
1.656712000e+06
1.778391000e+06
1.381545000e+06
1.710975000e+06
1.296047000e+06
