3.126306455e-06
3.097930914e-06
2.946240048e-06
2.583809672e-06
2.716212374e-06
3.023797495e-06
2.996997282e-06
2.946602722e-06
2.308909707e-06
2.905137694e-06
2.831480522e-06
2.129407930e-06
2.495218343e-06
2.530926291e-06
2.547055896e-06
2.623985560e-06
3.080881869e-06
2.396932972e-06
2.566609409e-06
2.735931995e-06
2.882966578e-06
2.764751527e-06
3.062043565e-06
2.918197241e-06
2.812057148e-06
2.632727307e-06
3.105002364e-06
2.813215750e-06
2.592130063e-06
2.275159721e-06

1.407719630e-06
1.174284854e-06
1.271175415e-06
1.304111670e-06
1.360971853e-06
1.331644457e-06
1.079310697e-06
1.133335274e-06
1.241638040e-06
1.083495004e-06
1.284564783e-06
1.314439444e-06
1.162146742e-06
1.544231071e-06
1.346657855e-06
1.107726118e-06
1.440218640e-06
1.325046220e-06
1.347601447e-06
1.288317314e-06
1.230140087e-06
1.067968952e-06
1.280197283e-06
1.156606748e-06
1.110477013e-06
1.247167056e-06
1.206957835e-06
1.174398546e-06
1.268785957e-06
1.320106025e-06
