5.493004687e-06
5.613296463e-06
5.373147321e-06
5.765689683e-06
5.067081121e-06
4.958158036e-06
5.390443033e-06
5.071018602e-06
4.624662920e-06
4.904479646e-06
5.383294257e-06
5.244834715e-06
5.601097153e-06
5.305490982e-06
4.942483201e-06
4.722531645e-06
4.947335053e-06
5.536211031e-06
5.674807978e-06
5.297964403e-06
4.551558642e-06
5.136576740e-06
5.067497208e-06
4.914323748e-06
4.868469543e-06
4.810486687e-06
5.339996776e-06
5.098863524e-06
5.327262178e-06
5.282840106e-06

3.560899832e-06
3.876137761e-06
3.345434938e-06
3.203021907e-06
3.430507947e-06
3.705791743e-06
3.765337512e-06
3.394066985e-06
3.466911503e-06
3.618399655e-06
4.099070152e-06
3.616415665e-06
3.662927395e-06
3.653185089e-06
3.572839341e-06
3.605932482e-06
3.559358197e-06
3.526306893e-06
4.058183686e-06
3.239978437e-06
3.747952180e-06
3.757821232e-06
3.782516976e-06
3.448566372e-06
3.286176195e-06
3.476733569e-06
4.748673295e-06
3.806278509e-06
3.260114265e-06
4.062881326e-06
