4.762004020e-07
4.276930254e-07
5.087650801e-07
4.540849351e-07
4.620060051e-07
5.098291508e-07
4.654522691e-07
4.335025206e-07
4.779924162e-07
4.649850440e-07
4.980220968e-07
4.636576601e-07
4.707735013e-07
4.967533955e-07
4.930634590e-07
4.700797694e-07
4.396734925e-07
4.719980110e-07
4.995577040e-07
4.978042527e-07
4.733363330e-07
4.359826379e-07
5.036068417e-07
4.864709307e-07
4.482873361e-07
4.177850912e-07
4.966052918e-07
4.981822164e-07
4.440057436e-07
4.441069411e-07

5.601828729e-07
6.587706386e-07
5.621451464e-07
6.224020922e-07
5.512560954e-07
6.031156045e-07
5.992042311e-07
6.313685503e-07
6.108106067e-07
6.214044085e-07
5.773470873e-07
6.085077747e-07
6.575074064e-07
5.478954601e-07
5.415958257e-07
6.381105395e-07
5.693881731e-07
5.932162930e-07
5.814718736e-07
6.906174730e-07
5.948454730e-07
6.240325496e-07
6.089065767e-07
6.096719652e-07
5.508761357e-07
5.728769521e-07
5.527744971e-07
5.740534379e-07
5.913391691e-07
6.766135350e-07
