6.795400000e+04
6.746300000e+04
6.411100000e+04
5.650000000e+04
5.924700000e+04
6.552900000e+04
6.475300000e+04
6.348600000e+04
5.060800000e+04
6.297700000e+04
6.165200000e+04
4.649600000e+04
5.472700000e+04
5.563000000e+04
5.554700000e+04
5.742800000e+04
6.711400000e+04
5.203200000e+04
5.579900000e+04
5.932400000e+04
6.253000000e+04
6.008400000e+04
6.613500000e+04
6.331800000e+04
6.104900000e+04
5.768200000e+04
6.782200000e+04
6.083600000e+04
5.625800000e+04
4.979500000e+04

3.132900000e+04
2.543000000e+04
2.787300000e+04
2.905500000e+04
3.014800000e+04
2.943400000e+04
2.405600000e+04
2.482700000e+04
2.725600000e+04
2.454000000e+04
2.862800000e+04
2.921300000e+04
2.542700000e+04
3.383500000e+04
2.955000000e+04
2.445400000e+04
3.160500000e+04
2.874800000e+04
2.990700000e+04
2.824600000e+04
2.652800000e+04
2.359800000e+04
2.784800000e+04
2.573300000e+04
2.446700000e+04
2.722900000e+04
2.644400000e+04
2.629500000e+04
2.785000000e+04
2.932400000e+04
