2.007000000e+03 4.843600000e+04 
2.008000000e+03 4.825900000e+04 
2.012000000e+03 4.765100000e+04 
2.013000000e+03 4.751500000e+04 
2.014000000e+03 4.738200000e+04 
2.017000000e+03 4.701100000e+04 
2.019000000e+03 4.677200000e+04 
2.022000000e+03 4.642600000e+04 
2.023000000e+03 4.631300000e+04 
2.025000000e+03 4.609000000e+04 
2.030000000e+03 4.554600000e+04 
2.034000000e+03 4.512500000e+04 
2.038000000e+03 4.472100000e+04 
2.039000000e+03 4.462200000e+04 
2.041000000e+03 4.442600000e+04 
2.043000000e+03 4.423500000e+04 
2.048000000e+03 4.376600000e+04 
2.050000000e+03 4.358200000e+04 
2.052000000e+03 4.340100000e+04 
2.056000000e+03 4.304600000e+04 
2.060000000e+03 4.270000000e+04 
2.062000000e+03 4.253000000e+04 
2.066000000e+03 4.219800000e+04 
2.069000000e+03 4.195500000e+04 
2.073000000e+03 4.163500000e+04 
2.076000000e+03 4.139900000e+04 
2.082000000e+03 4.094000000e+04 
2.087000000e+03 4.076900000e+04 
2.090000000e+03 4.034700000e+04 
2.094000000e+03 4.005800000e+04 
2.098000000e+03 3.977400000e+04 
2.101000000e+03 3.956400000e+04 
2.104000000e+03 3.935900000e+04 
2.106000000e+03 3.922400000e+04 
2.110000000e+03 3.895600000e+04 
2.119000000e+03 3.836500000e+04 
2.121000000e+03 3.823600000e+04 
2.132000000e+03 3.753900000e+04 
2.137000000e+03 3.723300000e+04 
2.141000000e+03 3.699300000e+04 
2.153000000e+03 3.629300000e+04 
2.155000000e+03 3.617800000e+04 
2.162000000e+03 3.578300000e+04 
2.167000000e+03 3.550800000e+04 
2.176000000e+03 3.502200000e+04 
2.182000000e+03 3.470400000e+04 
2.192000000e+03 3.418400000e+04 
2.198000000e+03 3.387800000e+04 
2.205000000e+03 3.353200000e+04 
2.208000000e+03 3.338400000e+04 
2.211000000e+03 3.324000000e+04 
2.221000000e+03 3.276900000e+04 
2.227000000e+03 3.249300000e+04 
2.233000000e+03 3.222000000e+04 
2.251000000e+03 3.141700000e+04 
2.253000000e+03 3.133000000e+04 
2.261000000e+03 3.098600000e+04 
2.273000000e+03 3.048800000e+04 
2.282000000e+03 3.012900000e+04 
2.290000000e+03 2.981700000e+04 
2.303000000e+03 2.932100000e+04 
2.315000000e+03 2.887500000e+04 
2.317000000e+03 2.880200000e+04 
2.369000000e+03 2.703400000e+04 
2.388000000e+03 2.645100000e+04 
2.406000000e+03 2.592600000e+04 
2.418000000e+03 2.558800000e+04 
2.440000000e+03 2.499500000e+04 
2.452000000e+03 2.468300000e+04 
2.473000000e+03 2.415600000e+04 
2.476000000e+03 2.408300000e+04 
2.511000000e+03 2.326500000e+04 
2.519000000e+03 2.308500000e+04 
2.525000000e+03 2.295500000e+04 
2.546000000e+03 2.251400000e+04 
2.549000000e+03 2.245200000e+04 
2.557000000e+03 2.228800000e+04 
2.558000000e+03 2.226800000e+04 
2.568000000e+03 2.207000000e+04 
2.598000000e+03 2.150900000e+04 
2.637000000e+03 2.081000000e+04 
2.649000000e+03 2.060800000e+04 
2.694000000e+03 1.989200000e+04 
2.737000000e+03 1.925200000e+04 
2.751000000e+03 1.905700000e+04 
2.776000000e+03 1.870700000e+04 
2.786000000e+03 1.857200000e+04 
2.831000000e+03 1.798800000e+04 
2.886000000e+03 1.734000000e+04 
2.928000000e+03 1.689500000e+04 
2.950000000e+03 1.665100000e+04 
2.979000000e+03 1.636300000e+04 
3.060000000e+03 1.563900000e+04 
3.118000000e+03 1.518300000e+04 
3.342000000e+03 1.359400000e+04 
3.350000000e+03 1.354400000e+04 
3.356000000e+03 1.350700000e+04 
7.743000000e+03 5.349000000e+03 
7.870000000e+03 5.246000000e+03 
7.991000000e+03 5.165000000e+03 
9.142000000e+03 4.541000000e+03 
9.387000000e+03 4.436000000e+03 
9.611000000e+03 4.345000000e+03 
1.205600000e+04 3.600000000e+03 
1.242200000e+04 3.521000000e+03 
1.276200000e+04 3.453000000e+03 
1.299000000e+04 3.410000000e+03 
1.307100000e+04 3.395000000e+03 
1.334500000e+04 3.346000000e+03 
1.347600000e+04 3.331000000e+03 
1.399500000e+04 3.242000000e+03 
1.415100000e+04 3.218000000e+03 
1.464200000e+04 3.148000000e+03 
1.582300000e+04 3.000000000e+03 
1.586700000e+04 2.995000000e+03 
1.619000000e+04 2.960000000e+03 
1.674200000e+04 2.905000000e+03 
1.707800000e+04 2.873000000e+03 
1.821900000e+04 2.775000000e+03 
1.881100000e+04 2.730000000e+03 
1.904900000e+04 2.713000000e+03 
1.921800000e+04 2.701000000e+03 
1.930500000e+04 2.695000000e+03 
2.058100000e+04 2.613000000e+03 
2.077900000e+04 2.601000000e+03 
2.115200000e+04 2.579000000e+03 
2.137900000e+04 2.566000000e+03 
2.221500000e+04 2.521000000e+03 
2.245600000e+04 2.509000000e+03 
2.259400000e+04 2.502000000e+03 
2.273800000e+04 2.495000000e+03 
2.294800000e+04 2.485000000e+03 
2.345200000e+04 2.462000000e+03 
2.369900000e+04 2.451000000e+03 
2.420600000e+04 2.429000000e+03 
2.444700000e+04 2.419000000e+03 
2.484900000e+04 2.403000000e+03 
2.527000000e+04 2.387000000e+03 
2.565800000e+04 2.373000000e+03 
2.609100000e+04 2.358000000e+03 
2.642100000e+04 2.347000000e+03 
2.648200000e+04 2.345000000e+03 
2.694800000e+04 2.330000000e+03 
2.704400000e+04 2.327000000e+03 
2.717400000e+04 2.323000000e+03 
2.773800000e+04 2.306000000e+03 
2.787400000e+04 2.302000000e+03 
2.822300000e+04 2.292000000e+03 
2.854800000e+04 2.283000000e+03 
2.927900000e+04 2.264000000e+03 
2.963800000e+04 2.255000000e+03 
2.971900000e+04 2.253000000e+03 
3.021200000e+04 2.241000000e+03 
3.033800000e+04 2.238000000e+03 
3.072500000e+04 2.229000000e+03 
3.098800000e+04 2.223000000e+03 
3.107700000e+04 2.221000000e+03 
3.157200000e+04 2.210000000e+03 
3.171000000e+04 2.207000000e+03 
3.213300000e+04 2.198000000e+03 
3.237300000e+04 2.193000000e+03 
3.346300000e+04 2.171000000e+03 
3.361600000e+04 2.168000000e+03 
3.371900000e+04 2.166000000e+03 
3.445500000e+04 2.152000000e+03 
3.472500000e+04 2.147000000e+03 
3.489000000e+04 2.144000000e+03 
3.528200000e+04 2.137000000e+03 
3.573700000e+04 2.129000000e+03 
3.596900000e+04 2.125000000e+03 
3.620500000e+04 2.121000000e+03 
3.644300000e+04 2.117000000e+03 
3.686300000e+04 2.110000000e+03 
3.723300000e+04 2.104000000e+03 
3.735900000e+04 2.102000000e+03 
3.755100000e+04 2.099000000e+03 
3.774600000e+04 2.096000000e+03 
3.807600000e+04 2.091000000e+03 
3.882100000e+04 2.080000000e+03 
3.896100000e+04 2.078000000e+03 
3.910300000e+04 2.076000000e+03 
3.939400000e+04 2.072000000e+03 
3.954200000e+04 2.070000000e+03 
3.967100000e+04 2.069000000e+03 
4.038100000e+04 2.059000000e+03 
4.054000000e+04 2.057000000e+03 
4.062100000e+04 2.056000000e+03 
4.086900000e+04 2.053000000e+03 
4.138100000e+04 2.047000000e+03 
4.175300000e+04 2.043000000e+03 
4.221000000e+04 2.038000000e+03 
4.230600000e+04 2.037000000e+03 
4.279900000e+04 2.032000000e+03 
4.300400000e+04 2.030000000e+03 
4.321500000e+04 2.028000000e+03 
4.365300000e+04 2.024000000e+03 
4.388200000e+04 2.022000000e+03 
4.399900000e+04 2.021000000e+03 
4.461700000e+04 2.016000000e+03 
4.500400000e+04 2.013000000e+03 
4.513700000e+04 2.012000000e+03 
4.527200000e+04 2.011000000e+03 
4.555200000e+04 2.009000000e+03 
4.569700000e+04 2.008000000e+03 
4.615300000e+04 2.005000000e+03 
4.647300000e+04 2.003000000e+03 
2.037000000e+03 4.482800000e+04 
2.093000000e+03 4.017200000e+04 
2.096000000e+03 3.991600000e+04 
2.307000000e+03 2.917100000e+04 
2.362000000e+03 2.725600000e+04 
2.367000000e+03 2.709700000e+04 
2.372000000e+03 2.694000000e+04 
2.855000000e+03 1.770900000e+04 
2.930000000e+03 1.686300000e+04 
3.390000000e+03 1.331800000e+04 
3.670000000e+03 1.187000000e+04 
4.285000000e+03 9.748000000e+03 
8.649000000e+03 4.778000000e+03 
8.925000000e+03 4.639000000e+03 
8.972000000e+03 4.617000000e+03 
9.021000000e+03 4.597000000e+03 
1.233500000e+04 3.539000000e+03 
1.238800000e+04 3.528000000e+03 
1.242100000e+04 3.522000000e+03 
1.385400000e+04 3.263000000e+03 
1.495600000e+04 3.107000000e+03 
1.558300000e+04 3.029000000e+03 
1.816800000e+04 2.779000000e+03 
2.474700000e+04 2.407000000e+03 
2.862300000e+04 2.281000000e+03 
3.286200000e+04 2.183000000e+03 
3.546100000e+04 2.134000000e+03 
3.671800000e+04 2.113000000e+03 
4.070300000e+04 2.055000000e+03 
4.147000000e+04 2.046000000e+03 
4.183600000e+04 2.042000000e+03 
4.290100000e+04 2.031000000e+03 
2.081000000e+03 4.107500000e+04 
2.146000000e+03 3.670300000e+04 
2.195000000e+03 3.404000000e+04 
2.332000000e+03 2.837400000e+04 
2.420000000e+03 2.553300000e+04 
2.533000000e+03 2.280800000e+04 
2.540000000e+03 2.264100000e+04 
3.046000000e+03 1.576100000e+04 
3.049000000e+03 1.573300000e+04 
3.085000000e+03 1.542900000e+04 
3.093000000e+03 1.536300000e+04 
3.140000000e+03 1.498600000e+04 
3.219000000e+03 1.443100000e+04 
3.278000000e+03 1.400600000e+04 
3.316000000e+03 1.375900000e+04 
3.509000000e+03 1.264300000e+04 
3.515000000e+03 1.260600000e+04 
3.912000000e+03 1.088100000e+04 
4.703000000e+03 8.750000000e+03 
4.785000000e+03 8.588000000e+03 
4.885000000e+03 8.404000000e+03 
5.123000000e+03 8.030000000e+03 
8.400000000e+03 4.911000000e+03 
1.047800000e+04 4.031000000e+03 
1.120700000e+04 3.813000000e+03 
1.314300000e+04 3.382000000e+03 
1.488000000e+04 3.123000000e+03 
1.734000000e+04 2.860000000e+03 
2.217600000e+04 2.523000000e+03 
2.243400000e+04 2.510000000e+03 
2.439800000e+04 2.421000000e+03 
2.665800000e+04 2.343000000e+03 
3.514200000e+04 2.140000000e+03 
4.211900000e+04 2.039000000e+03 
2.079000000e+03 4.116800000e+04 
2.188000000e+03 3.439500000e+04 
2.920000000e+03 1.696700000e+04 
3.603000000e+03 1.218300000e+04 
3.666000000e+03 1.187700000e+04 
3.809000000e+03 1.126800000e+04 
3.858000000e+03 1.107400000e+04 
4.219000000e+03 9.937000000e+03 
7.653000000e+03 5.408000000e+03 
7.755000000e+03 5.331000000e+03 
7.975000000e+03 5.174000000e+03 
8.392000000e+03 4.922000000e+03 
8.495000000e+03 4.859000000e+03 
8.840000000e+03 4.692000000e+03 
8.989000000e+03 4.611000000e+03 
9.208000000e+03 4.514000000e+03 
9.361000000e+03 4.447000000e+03 
9.593000000e+03 4.353000000e+03 
1.038900000e+04 4.069000000e+03 
1.216300000e+04 3.576000000e+03 
1.245300000e+04 3.515000000e+03 
1.265400000e+04 3.482000000e+03 
1.267200000e+04 3.476000000e+03 
1.313700000e+04 3.383000000e+03 
1.578400000e+04 3.013000000e+03 
1.700000000e+04 2.881000000e+03 
1.794500000e+04 2.800000000e+03 
1.863500000e+04 2.743000000e+03 
1.903500000e+04 2.714000000e+03 
2.052800000e+04 2.617000000e+03 
2.220300000e+04 2.522000000e+03 
2.431800000e+04 2.427000000e+03 
2.764100000e+04 2.310000000e+03 
2.833500000e+04 2.289000000e+03 
3.115500000e+04 2.220000000e+03 
3.268800000e+04 2.190000000e+03 
3.276900000e+04 2.188000000e+03 
2.032000000e+03 4.534000000e+04 
2.108000000e+03 3.909000000e+04 
2.207000000e+03 3.350200000e+04 
2.256000000e+03 3.120100000e+04 
2.578000000e+03 2.191600000e+04 
3.011000000e+03 1.611400000e+04 
3.058000000e+03 1.565600000e+04 
3.235000000e+03 1.437400000e+04 
3.382000000e+03 1.335100000e+04 
3.747000000e+03 1.153900000e+04 
3.885000000e+03 1.097600000e+04 
4.499000000e+03 9.200000000e+03 
4.525000000e+03 9.130000000e+03 
4.590000000e+03 8.990000000e+03 
6.897000000e+03 6.060000000e+03 
7.103000000e+03 5.862000000e+03 
7.209000000e+03 5.768000000e+03 
1.200000000e+04 3.621000000e+03 
1.285700000e+04 3.436000000e+03 
2.039700000e+04 2.628000000e+03 
3.564800000e+04 2.131000000e+03 
3.814700000e+04 2.090000000e+03 
3.868300000e+04 2.082000000e+03 
3.893500000e+04 2.079000000e+03 
2.263000000e+03 3.091500000e+04 
2.302000000e+03 2.947800000e+04 
2.465000000e+03 2.436400000e+04 
2.697000000e+03 1.984600000e+04 
2.924000000e+03 1.692300000e+04 
2.929000000e+03 1.688600000e+04 
3.062000000e+03 1.563300000e+04 
3.209000000e+03 1.449100000e+04 
3.458000000e+03 1.292700000e+04 
3.534000000e+03 1.251100000e+04 
5.857000000e+03 7.222000000e+03 
8.512000000e+03 4.851000000e+03 
8.739000000e+03 4.738000000e+03 
8.854000000e+03 4.678000000e+03 
1.043400000e+04 4.047000000e+03 
1.097100000e+04 3.876000000e+03 
1.189300000e+04 3.639000000e+03 
1.253200000e+04 3.503000000e+03 
1.276900000e+04 3.452000000e+03 
1.320000000e+04 3.372000000e+03 
1.357300000e+04 3.308000000e+03 
1.442100000e+04 3.181000000e+03 
1.499500000e+04 3.101000000e+03 
1.611400000e+04 2.968000000e+03 
1.787900000e+04 2.803000000e+03 
1.828300000e+04 2.770000000e+03 
1.978400000e+04 2.663000000e+03 
2.069900000e+04 2.606000000e+03 
2.351900000e+04 2.459000000e+03 
2.777200000e+04 2.305000000e+03 
3.334300000e+04 2.174000000e+03 
2.084000000e+03 4.082300000e+04 
2.166000000e+03 3.560900000e+04 
2.223000000e+03 3.268000000e+04 
2.335000000e+03 2.817100000e+04 
2.458000000e+03 2.453600000e+04 
2.470000000e+03 2.423500000e+04 
2.562000000e+03 2.218800000e+04 
2.648000000e+03 2.062500000e+04 
2.674000000e+03 2.020800000e+04 
2.748000000e+03 1.911600000e+04 
2.842000000e+03 1.785500000e+04 
2.986000000e+03 1.630000000e+04 
3.533000000e+03 1.253600000e+04 
4.599000000e+03 8.967000000e+03 
6.859000000e+03 6.096000000e+03 
6.956000000e+03 6.005000000e+03 
7.242000000e+03 5.739000000e+03 
7.341000000e+03 5.660000000e+03 
7.690000000e+03 5.378000000e+03 
7.715000000e+03 5.368000000e+03 
8.435000000e+03 4.893000000e+03 
8.711000000e+03 4.748000000e+03 
1.195300000e+04 3.624000000e+03 
1.493400000e+04 3.112000000e+03 
1.550000000e+04 3.040000000e+03 
1.609900000e+04 2.970000000e+03 
1.802300000e+04 2.792000000e+03 
2.360900000e+04 2.455000000e+03 
3.742800000e+04 2.101000000e+03 
3.768100000e+04 2.097000000e+03 
2.241000000e+03 3.207400000e+04 
2.467000000e+03 2.432300000e+04 
2.717000000e+03 1.959300000e+04 
2.774000000e+03 1.874700000e+04 
3.110000000e+03 1.523300000e+04 
3.129000000e+03 1.508200000e+04 
3.460000000e+03 1.291500000e+04 
3.582000000e+03 1.227300000e+04 
3.730000000e+03 1.159700000e+04 
3.989000000e+03 1.060400000e+04 
4.128000000e+03 1.017000000e+04 
4.676000000e+03 8.819000000e+03 
8.442000000e+03 4.888000000e+03 
8.506000000e+03 4.853000000e+03 
8.683000000e+03 4.760000000e+03 
1.188900000e+04 3.646000000e+03 
1.234000000e+04 3.538000000e+03 
1.347500000e+04 3.332000000e+03 
1.388700000e+04 3.258000000e+03 
1.666000000e+04 2.913000000e+03 
1.690700000e+04 2.893000000e+03 
1.903100000e+04 2.716000000e+03 
2.170400000e+04 2.548000000e+03 
2.451300000e+04 2.418000000e+03 
3.230000000e+04 2.197000000e+03 
3.844200000e+04 2.086000000e+03 
2.092000000e+03 4.021800000e+04 
2.189000000e+03 3.434400000e+04 
2.219000000e+03 3.286900000e+04 
2.342000000e+03 2.792900000e+04 
2.433000000e+03 2.527100000e+04 
2.634000000e+03 2.091600000e+04 
2.851000000e+03 1.776500000e+04 
3.072000000e+03 1.555000000e+04 
3.372000000e+03 1.342500000e+04 
3.419000000e+03 1.313000000e+04 
3.432000000e+03 1.305500000e+04 
3.577000000e+03 1.229600000e+04 
3.598000000e+03 1.220500000e+04 
3.953000000e+03 1.074400000e+04 
4.005000000e+03 1.055000000e+04 
4.472000000e+03 9.255000000e+03 
4.490000000e+03 9.220000000e+03 
4.522000000e+03 9.142000000e+03 
5.148000000e+03 7.996000000e+03 
9.390000000e+03 4.435000000e+03 
1.040900000e+04 4.054000000e+03 
1.100800000e+04 3.869000000e+03 
1.159400000e+04 3.708000000e+03 
1.435400000e+04 3.189000000e+03 
1.514000000e+04 3.084000000e+03 
1.556600000e+04 3.031000000e+03 
1.899300000e+04 2.717000000e+03 
2.091900000e+04 2.593000000e+03 
2.237400000e+04 2.513000000e+03 
2.318000000e+04 2.475000000e+03 
2.836800000e+04 2.288000000e+03 
3.042700000e+04 2.236000000e+03 
3.204000000e+04 2.200000000e+03 
3.325500000e+04 2.177000000e+03 
3.985900000e+04 2.066000000e+03 
4.113800000e+04 2.050000000e+03 
2.031000000e+03 4.544300000e+04 
2.293000000e+03 2.978000000e+04 
2.375000000e+03 2.684700000e+04 
2.798000000e+03 1.841200000e+04 
2.832000000e+03 1.797700000e+04 
3.059000000e+03 1.565100000e+04 
3.391000000e+03 1.330000000e+04 
3.450000000e+03 1.295500000e+04 
3.587000000e+03 1.225100000e+04 
3.660000000e+03 1.190400000e+04 
4.160000000e+03 1.012200000e+04 
4.309000000e+03 9.682000000e+03 
4.375000000e+03 9.524000000e+03 
4.545000000e+03 9.087000000e+03 
4.718000000e+03 8.720000000e+03 
8.391000000e+03 4.924000000e+03 
8.544000000e+03 4.840000000e+03 
9.110000000e+03 4.561000000e+03 
9.154000000e+03 4.536000000e+03 
1.066400000e+04 3.970000000e+03 
1.133200000e+04 3.778000000e+03 
1.207400000e+04 3.597000000e+03 
1.235900000e+04 3.534000000e+03 
1.270900000e+04 3.464000000e+03 
1.315000000e+04 3.381000000e+03 
1.349400000e+04 3.324000000e+03 
1.616300000e+04 2.963000000e+03 
2.042400000e+04 2.626000000e+03 
2.239400000e+04 2.512000000e+03 
3.377100000e+04 2.165000000e+03 
2.131000000e+03 3.769100000e+04 
2.575000000e+03 2.202800000e+04 
2.660000000e+03 2.044400000e+04 
3.126000000e+03 1.512800000e+04 
3.151000000e+03 1.492200000e+04 
3.212000000e+03 1.446000000e+04 
3.659000000e+03 1.191100000e+04 
3.746000000e+03 1.154500000e+04 
4.542000000e+03 9.096000000e+03 
4.581000000e+03 9.007000000e+03 
4.655000000e+03 8.847000000e+03 
4.687000000e+03 8.800000000e+03 
1.049400000e+04 4.027000000e+03 
1.068100000e+04 3.967000000e+03 
1.094600000e+04 3.883000000e+03 
1.179200000e+04 3.660000000e+03 
1.292300000e+04 3.428000000e+03 
1.565800000e+04 3.019000000e+03 
1.612900000e+04 2.967000000e+03 
1.692800000e+04 2.889000000e+03 
2.012800000e+04 2.642000000e+03 
2.018200000e+04 2.638000000e+03 
2.060200000e+04 2.612000000e+03 
2.288500000e+04 2.488000000e+03 
2.290600000e+04 2.487000000e+03 
2.408200000e+04 2.435000000e+03 
2.462200000e+04 2.412000000e+03 
3.199200000e+04 2.201000000e+03 
3.292700000e+04 2.182000000e+03 
3.387800000e+04 2.163000000e+03 
4.332300000e+04 2.027000000e+03 
2.118000000e+03 3.845700000e+04 
2.151000000e+03 3.641900000e+04 
2.194000000e+03 3.408600000e+04 
2.313000000e+03 2.908600000e+04 
2.343000000e+03 2.788900000e+04 
2.651000000e+03 2.059100000e+04 
2.844000000e+03 1.783800000e+04 
2.917000000e+03 1.699800000e+04 
3.057000000e+03 1.567300000e+04 
3.115000000e+03 1.521600000e+04 
3.374000000e+03 1.339900000e+04 
3.463000000e+03 1.288800000e+04 
3.585000000e+03 1.225900000e+04 
3.669000000e+03 1.187200000e+04 
3.817000000e+03 1.123600000e+04 
3.875000000e+03 1.103300000e+04 
4.113000000e+03 1.021000000e+04 
4.586000000e+03 8.998000000e+03 
9.240000000e+03 4.510000000e+03 
9.322000000e+03 4.474000000e+03 
1.281200000e+04 3.445000000e+03 
1.288500000e+04 3.432000000e+03 
1.288900000e+04 3.429000000e+03 
1.341900000e+04 3.338000000e+03 
1.390000000e+04 3.256000000e+03 
1.483800000e+04 3.127000000e+03 
1.504100000e+04 3.095000000e+03 
1.613300000e+04 2.966000000e+03 
1.780100000e+04 2.809000000e+03 
2.068400000e+04 2.609000000e+03 
2.247400000e+04 2.508000000e+03 
3.007500000e+04 2.250000000e+03 
2.095000000e+03 3.998800000e+04 
2.835000000e+03 1.793900000e+04 
2.984000000e+03 1.631700000e+04 
3.051000000e+03 1.572300000e+04 
3.130000000e+03 1.507800000e+04 
3.202000000e+03 1.453800000e+04 
3.299000000e+03 1.386900000e+04 
3.924000000e+03 1.082800000e+04 
4.458000000e+03 9.287000000e+03 
7.726000000e+03 5.364000000e+03 
8.386000000e+03 4.925000000e+03 
1.051900000e+04 4.019000000e+03 
1.180400000e+04 3.657000000e+03 
1.184200000e+04 3.648000000e+03 
1.209400000e+04 3.592000000e+03 
1.456300000e+04 3.159000000e+03 
1.700400000e+04 2.880000000e+03 
1.796900000e+04 2.795000000e+03 
1.878400000e+04 2.732000000e+03 
2.323900000e+04 2.473000000e+03 
3.366900000e+04 2.167000000e+03 
3.508500000e+04 2.142000000e+03 
3.788500000e+04 2.095000000e+03 
2.300000000e+03 2.956000000e+04 
2.449000000e+03 2.480000000e+04 
2.850000000e+03 1.778000000e+04 
2.919000000e+03 1.697900000e+04 
3.367000000e+03 1.345500000e+04 
3.395000000e+03 1.328900000e+04 
3.459000000e+03 1.292200000e+04 
3.526000000e+03 1.255000000e+04 
3.645000000e+03 1.198400000e+04 
3.734000000e+03 1.159000000e+04 
3.945000000e+03 1.076100000e+04 
3.988000000e+03 1.060700000e+04 
4.055000000e+03 1.039500000e+04 
4.216000000e+03 9.948000000e+03 
4.462000000e+03 9.277000000e+03 
4.511000000e+03 9.163000000e+03 
4.611000000e+03 8.939000000e+03 
4.752000000e+03 8.662000000e+03 
8.777000000e+03 4.713000000e+03 
1.007300000e+04 4.175000000e+03 
1.091100000e+04 3.900000000e+03 
1.180800000e+04 3.656000000e+03 
1.350000000e+04 3.320000000e+03 
1.395100000e+04 3.249000000e+03 
1.444800000e+04 3.176000000e+03 
1.627300000e+04 2.954000000e+03 
1.703500000e+04 2.877000000e+03 
1.798100000e+04 2.794000000e+03 
2.009000000e+04 2.648000000e+03 
2.780600000e+04 2.304000000e+03 
3.244400000e+04 2.192000000e+03 
3.438500000e+04 2.154000000e+03 
2.059000000e+03 4.282600000e+04 
2.125000000e+03 3.805200000e+04 
2.334000000e+03 2.826300000e+04 
2.555000000e+03 2.238100000e+04 
2.755000000e+03 1.899800000e+04 
2.909000000e+03 1.711300000e+04 
3.017000000e+03 1.603500000e+04 
3.211000000e+03 1.447400000e+04 
3.592000000e+03 1.224100000e+04 
4.229000000e+03 9.892000000e+03 
4.260000000e+03 9.790000000e+03 
4.354000000e+03 9.568000000e+03 
5.011000000e+03 8.194000000e+03 
8.456000000e+03 4.880000000e+03 
8.627000000e+03 4.788000000e+03 
8.771000000e+03 4.716000000e+03 
9.583000000e+03 4.380000000e+03 
1.177700000e+04 3.664000000e+03 
1.205400000e+04 3.603000000e+03 
1.210600000e+04 3.589000000e+03 
1.274700000e+04 3.456000000e+03 
1.318900000e+04 3.374000000e+03 
1.387500000e+04 3.261000000e+03 
1.451400000e+04 3.166000000e+03 
1.614300000e+04 2.965000000e+03 
1.765000000e+04 2.828000000e+03 
2.062300000e+04 2.611000000e+03 
2.744400000e+04 2.315000000e+03 
2.128000000e+03 3.789500000e+04 
2.185000000e+03 3.455600000e+04 
2.341000000e+03 2.796100000e+04 
2.536000000e+03 2.272400000e+04 
2.559000000e+03 2.224800000e+04 
2.563000000e+03 2.216800000e+04 
2.609000000e+03 2.138700000e+04 
2.653000000e+03 2.055200000e+04 
2.754000000e+03 1.902100000e+04 
2.936000000e+03 1.680000000e+04 
3.090000000e+03 1.541600000e+04 
3.121000000e+03 1.515300000e+04 
3.451000000e+03 1.294900000e+04 
3.513000000e+03 1.262900000e+04 
3.584000000e+03 1.227200000e+04 
3.664000000e+03 1.190000000e+04 
3.740000000e+03 1.156600000e+04 
3.815000000e+03 1.124400000e+04 
3.892000000e+03 1.095600000e+04 
4.602000000e+03 8.959000000e+03 
5.189000000e+03 7.975000000e+03 
8.526000000e+03 4.844000000e+03 
8.809000000e+03 4.697000000e+03 
1.070700000e+04 3.962000000e+03 
1.109300000e+04 3.842000000e+03 
1.201800000e+04 3.618000000e+03 
1.214500000e+04 3.580000000e+03 
1.269400000e+04 3.471000000e+03 
1.432500000e+04 3.193000000e+03 
1.524300000e+04 3.074000000e+03 
1.637100000e+04 2.947000000e+03 
1.896500000e+04 2.719000000e+03 
2.086900000e+04 2.596000000e+03 
2.381600000e+04 2.446000000e+03 
3.459300000e+04 2.150000000e+03 
2.190000000e+03 3.429400000e+04 
2.344000000e+03 2.785500000e+04 
2.749000000e+03 1.910000000e+04 
2.840000000e+03 1.789800000e+04 
3.142000000e+03 1.497300000e+04 
3.369000000e+03 1.344800000e+04 
3.539000000e+03 1.248500000e+04 
3.735000000e+03 1.157500000e+04 
3.824000000e+03 1.120800000e+04 
4.004000000e+03 1.055100000e+04 
4.540000000e+03 9.099000000e+03 
4.716000000e+03 8.729000000e+03 
4.768000000e+03 8.641000000e+03 
4.982000000e+03 8.237000000e+03 
8.484000000e+03 4.868000000e+03 
9.012000000e+03 4.600000000e+03 
1.039000000e+04 4.066000000e+03 
1.074600000e+04 3.947000000e+03 
1.183900000e+04 3.650000000e+03 
1.209600000e+04 3.591000000e+03 
1.342100000e+04 3.336000000e+03 
1.448900000e+04 3.175000000e+03 
1.495000000e+04 3.109000000e+03 
1.567800000e+04 3.017000000e+03 
1.632000000e+04 2.948000000e+03 
1.707600000e+04 2.874000000e+03 
1.910700000e+04 2.710000000e+03 
2.469700000e+04 2.409000000e+03 
2.762200000e+04 2.311000000e+03 
2.904200000e+04 2.271000000e+03 
3.104500000e+04 2.222000000e+03 
3.336200000e+04 2.173000000e+03 
2.191000000e+03 3.424400000e+04 
2.331000000e+03 2.839100000e+04 
2.843000000e+03 1.784300000e+04 
2.922000000e+03 1.694800000e+04 
2.981000000e+03 1.634400000e+04 
3.045000000e+03 1.577600000e+04 
3.373000000e+03 1.340500000e+04 
4.503000000e+03 9.185000000e+03 
4.701000000e+03 8.763000000e+03 
5.169000000e+03 7.988000000e+03 
8.412000000e+03 4.904000000e+03 
1.061000000e+04 3.987000000e+03 
1.098800000e+04 3.875000000e+03 
1.111800000e+04 3.837000000e+03 
1.215900000e+04 3.578000000e+03 
1.249600000e+04 3.508000000e+03 
1.311700000e+04 3.393000000e+03 
1.361000000e+04 3.306000000e+03 
1.400800000e+04 3.241000000e+03 
1.785900000e+04 2.806000000e+03 
1.887400000e+04 2.726000000e+03 
1.999100000e+04 2.651000000e+03 
2.048300000e+04 2.622000000e+03 
2.784000000e+04 2.303000000e+03 
3.063900000e+04 2.231000000e+03 
3.329200000e+04 2.175000000e+03 
2.033000000e+03 4.522800000e+04 
2.113000000e+03 3.875900000e+04 
2.499000000e+03 2.356700000e+04 
2.502000000e+03 2.349700000e+04 
2.535000000e+03 2.274500000e+04 
2.556000000e+03 2.231000000e+04 
2.812000000e+03 1.823700000e+04 
2.836000000e+03 1.793700000e+04 
2.923000000e+03 1.693700000e+04 
2.985000000e+03 1.630700000e+04 
3.008000000e+03 1.613000000e+04 
3.064000000e+03 1.563000000e+04 
3.694000000e+03 1.176000000e+04 
3.757000000e+03 1.149400000e+04 
3.948000000e+03 1.074700000e+04 
3.987000000e+03 1.061300000e+04 
4.879000000e+03 8.410000000e+03 
4.949000000e+03 8.291000000e+03 
5.121000000e+03 8.032000000e+03 
6.844000000e+03 6.120000000e+03 
6.987000000e+03 5.970000000e+03 
6.990000000e+03 5.965000000e+03 
7.153000000e+03 5.828000000e+03 
8.877000000e+03 4.663000000e+03 
1.240900000e+04 3.524000000e+03 
1.282400000e+04 3.444000000e+03 
1.486600000e+04 3.125000000e+03 
1.628100000e+04 2.952000000e+03 
1.891000000e+04 2.723000000e+03 
1.960100000e+04 2.680000000e+03 
2.072000000e+04 2.605000000e+03 
2.617800000e+04 2.356000000e+03 
2.925400000e+04 2.265000000e+03 
3.085700000e+04 2.226000000e+03 
3.603000000e+04 2.124000000e+03 
3.717100000e+04 2.105000000e+03 
2.186000000e+03 3.451000000e+04 
2.463000000e+03 2.440600000e+04 
2.734000000e+03 1.936300000e+04 
2.838000000e+03 1.790500000e+04 
3.133000000e+03 1.506400000e+04 
3.215000000e+03 1.444600000e+04 
3.298000000e+03 1.388800000e+04 
3.386000000e+03 1.332700000e+04 
7.603000000e+03 5.449000000e+03 
7.778000000e+03 5.310000000e+03 
7.881000000e+03 5.239000000e+03 
7.951000000e+03 5.196000000e+03 
8.226000000e+03 5.013000000e+03 
8.763000000e+03 4.722000000e+03 
1.072100000e+04 3.952000000e+03 
1.213800000e+04 3.583000000e+03 
1.258400000e+04 3.493000000e+03 
1.324100000e+04 3.366000000e+03 
1.353200000e+04 3.315000000e+03 
1.391700000e+04 3.255000000e+03 
1.789900000e+04 2.801000000e+03 
1.895100000e+04 2.720000000e+03 
2.454900000e+04 2.416000000e+03 
2.800200000e+04 2.299000000e+03 
2.848000000e+04 2.286000000e+03 
3.139200000e+04 2.214000000e+03 
2.029000000e+03 4.566300000e+04 
2.345000000e+03 2.782700000e+04 
2.560000000e+03 2.222800000e+04 
2.616000000e+03 2.127100000e+04 
2.692000000e+03 1.995300000e+04 
2.725000000e+03 1.942600000e+04 
2.757000000e+03 1.897000000e+04 
3.015000000e+03 1.604500000e+04 
4.537000000e+03 9.103000000e+03 
4.577000000e+03 9.018000000e+03 
4.661000000e+03 8.835000000e+03 
4.725000000e+03 8.708000000e+03 
8.817000000e+03 4.693000000e+03 
1.072000000e+04 3.954000000e+03 
1.178700000e+04 3.661000000e+03 
1.250800000e+04 3.507000000e+03 
1.699200000e+04 2.884000000e+03 
2.813600000e+04 2.298000000e+03 
2.114000000e+03 3.869800000e+04 
2.115000000e+03 3.869600000e+04 
2.123000000e+03 3.814500000e+04 
2.129000000e+03 3.782200000e+04 
2.184000000e+03 3.461800000e+04 
2.296000000e+03 2.965000000e+04 
2.338000000e+03 2.808500000e+04 
2.834000000e+03 1.795100000e+04 
3.022000000e+03 1.599800000e+04 
4.401000000e+03 9.447000000e+03 
4.925000000e+03 8.341000000e+03 
4.995000000e+03 8.208000000e+03 
5.862000000e+03 7.098000000e+03 
8.492000000e+03 4.860000000e+03 
8.807000000e+03 4.698000000e+03 
1.182000000e+04 3.654000000e+03 
1.211500000e+04 3.588000000e+03 
1.277300000e+04 3.451000000e+03 
1.317600000e+04 3.376000000e+03 
1.355000000e+04 3.314000000e+03 
1.691300000e+04 2.890000000e+03 
1.736700000e+04 2.858000000e+03 
2.100000000e+03 3.975200000e+04 
2.234000000e+03 3.218900000e+04 
2.523000000e+03 2.299800000e+04 
2.539000000e+03 2.266500000e+04 
2.758000000e+03 1.895600000e+04 
2.969000000e+03 1.646300000e+04 
2.987000000e+03 1.628800000e+04 
3.403000000e+03 1.324200000e+04 
3.930000000e+03 1.081100000e+04 
4.741000000e+03 8.679000000e+03 
8.519000000e+03 4.846000000e+03 
8.619000000e+03 4.792000000e+03 
8.873000000e+03 4.665000000e+03 
8.990000000e+03 4.609000000e+03 
1.131500000e+04 3.782000000e+03 
1.154300000e+04 3.726000000e+03 
1.181500000e+04 3.655000000e+03 
1.252300000e+04 3.505000000e+03 
1.277900000e+04 3.450000000e+03 
1.518900000e+04 3.077000000e+03 
1.572000000e+04 3.014000000e+03 
3.342700000e+04 2.172000000e+03 
2.347000000e+03 2.778600000e+04 
2.471000000e+03 2.422900000e+04 
2.534000000e+03 2.278700000e+04 
2.597000000e+03 2.162800000e+04 
2.804000000e+03 1.834900000e+04 
2.810000000e+03 1.827200000e+04 
2.847000000e+03 1.779500000e+04 
2.876000000e+03 1.752500000e+04 
2.931000000e+03 1.685600000e+04 
3.223000000e+03 1.441000000e+04 
3.306000000e+03 1.382900000e+04 
3.381000000e+03 1.335700000e+04 
3.608000000e+03 1.217700000e+04 
3.833000000e+03 1.120000000e+04 
4.056000000e+03 1.038300000e+04 
4.102000000e+03 1.025900000e+04 
4.528000000e+03 9.126000000e+03 
8.466000000e+03 4.874000000e+03 
8.700000000e+03 4.758000000e+03 
8.759000000e+03 4.728000000e+03 
1.052600000e+04 4.015000000e+03 
1.238500000e+04 3.529000000e+03 
1.259600000e+04 3.487000000e+03 
1.328400000e+04 3.363000000e+03 
1.457000000e+04 3.158000000e+03 
1.642700000e+04 2.937000000e+03 
1.695400000e+04 2.886000000e+03 
2.250200000e+04 2.507000000e+03 
2.338000000e+04 2.468000000e+03 
2.731900000e+04 2.321000000e+03 
2.297000000e+03 2.960600000e+04 
2.459000000e+03 2.451300000e+04 
2.647000000e+03 2.064100000e+04 
2.761000000e+03 1.891400000e+04 
3.054000000e+03 1.569000000e+04 
3.378000000e+03 1.337500000e+04 
3.468000000e+03 1.287600000e+04 
3.517000000e+03 1.259700000e+04 
4.478000000e+03 9.246000000e+03 
4.553000000e+03 9.069000000e+03 
7.674000000e+03 5.390000000e+03 
8.504000000e+03 4.856000000e+03 
8.787000000e+03 4.708000000e+03 
8.931000000e+03 4.636000000e+03 
9.318000000e+03 4.484000000e+03 
1.045100000e+04 4.040000000e+03 
1.070900000e+04 3.956000000e+03 
1.091600000e+04 3.892000000e+03 
1.115000000e+04 3.826000000e+03 
1.255100000e+04 3.502000000e+03 
1.267300000e+04 3.475000000e+03 
1.271100000e+04 3.463000000e+03 
1.438100000e+04 3.185000000e+03 
1.515200000e+04 3.081000000e+03 
1.871200000e+04 2.740000000e+03 
1.898600000e+04 2.718000000e+03 
2.235500000e+04 2.514000000e+03 
2.467200000e+04 2.410000000e+03 
2.593800000e+04 2.368000000e+03 
2.768900000e+04 2.308000000e+03 
3.321500000e+04 2.178000000e+03 
3.557900000e+04 2.133000000e+03 
4.159800000e+04 2.045000000e+03 
4.310800000e+04 2.029000000e+03 
2.035000000e+03 4.503100000e+04 
2.070000000e+03 4.187800000e+04 
2.245000000e+03 3.169800000e+04 
2.626000000e+03 2.101800000e+04 
2.642000000e+03 2.074900000e+04 
2.827000000e+03 1.804900000e+04 
3.333000000e+03 1.365100000e+04 
3.522000000e+03 1.258300000e+04 
3.867000000e+03 1.106000000e+04 
4.588000000e+03 8.997000000e+03 
4.663000000e+03 8.830000000e+03 
8.546000000e+03 4.837000000e+03 
8.913000000e+03 4.645000000e+03 
8.983000000e+03 4.612000000e+03 
9.291000000e+03 4.485000000e+03 
9.652000000e+03 4.338000000e+03 
1.212600000e+04 3.586000000e+03 
1.242800000e+04 3.520000000e+03 
1.274500000e+04 3.457000000e+03 
1.434800000e+04 3.191000000e+03 
1.568900000e+04 3.016000000e+03 
1.594500000e+04 2.991000000e+03 
3.137100000e+04 2.218000000e+03 
3.561100000e+04 2.132000000e+03 
2.457000000e+03 2.455800000e+04 
2.618000000e+03 2.125500000e+04 
2.766000000e+03 1.886000000e+04 
2.807000000e+03 1.832100000e+04 
2.918000000e+03 1.698700000e+04 
2.958000000e+03 1.661800000e+04 
3.150000000e+03 1.495200000e+04 
3.204000000e+03 1.452100000e+04 
3.398000000e+03 1.325500000e+04 
3.674000000e+03 1.184100000e+04 
3.798000000e+03 1.133900000e+04 
3.881000000e+03 1.101200000e+04 
4.043000000e+03 1.042500000e+04 
9.587000000e+03 4.358000000e+03 
1.069700000e+04 3.963000000e+03 
1.113700000e+04 3.829000000e+03 
1.301700000e+04 3.405000000e+03 
1.789600000e+04 2.802000000e+03 
2.130900000e+04 2.573000000e+03 
2.459000000e+04 2.414000000e+03 
3.019200000e+04 2.242000000e+03 
3.385300000e+04 2.164000000e+03 
2.065000000e+03 4.228000000e+04 
2.272000000e+03 3.062800000e+04 
2.413000000e+03 2.577200000e+04 
2.464000000e+03 2.438100000e+04 
2.561000000e+03 2.220800000e+04 
2.764000000e+03 1.888000000e+04 
3.055000000e+03 1.568200000e+04 
3.066000000e+03 1.559000000e+04 
3.303000000e+03 1.384700000e+04 
4.147000000e+03 1.016800000e+04 
4.469000000e+03 9.261000000e+03 
4.699000000e+03 8.785000000e+03 
4.818000000e+03 8.520000000e+03 
4.848000000e+03 8.464000000e+03 
4.912000000e+03 8.354000000e+03 
8.396000000e+03 4.918000000e+03 
8.801000000e+03 4.706000000e+03 
8.883000000e+03 4.660000000e+03 
9.037000000e+03 4.590000000e+03 
1.248400000e+04 3.509000000e+03 
1.275800000e+04 3.454000000e+03 
1.402400000e+04 3.237000000e+03 
1.459300000e+04 3.156000000e+03 
1.561300000e+04 3.025000000e+03 
1.618200000e+04 2.962000000e+03 
2.943900000e+04 2.260000000e+03 
3.353000000e+04 2.170000000e+03 
2.024000000e+03 4.620100000e+04 
2.089000000e+03 4.044000000e+04 
2.170000000e+03 3.535800000e+04 
2.260000000e+03 3.119800000e+04 
2.346000000e+03 2.779600000e+04 
2.462000000e+03 2.444900000e+04 
2.498000000e+03 2.362800000e+04 
2.611000000e+03 2.138100000e+04 
2.656000000e+03 2.051100000e+04 
2.915000000e+03 1.703400000e+04 
2.991000000e+03 1.625300000e+04 
3.883000000e+03 1.097900000e+04 
4.779000000e+03 8.617000000e+03 
8.186000000e+03 5.045000000e+03 
8.911000000e+03 4.656000000e+03 
9.382000000e+03 4.438000000e+03 
1.183500000e+04 3.651000000e+03 
1.292400000e+04 3.424000000e+03 
1.349600000e+04 3.323000000e+03 
1.712700000e+04 2.869000000e+03 
1.721200000e+04 2.867000000e+03 
2.241400000e+04 2.511000000e+03 
2.388700000e+04 2.443000000e+03 
3.029700000e+04 2.239000000e+03 
3.055800000e+04 2.233000000e+03 
2.171000000e+03 3.530900000e+04 
2.239000000e+03 3.209800000e+04 
2.442000000e+03 2.494800000e+04 
2.666000000e+03 2.035100000e+04 
2.839000000e+03 1.790200000e+04 
3.447000000e+03 1.297500000e+04 
3.702000000e+03 1.172500000e+04 
3.774000000e+03 1.147600000e+04 
8.548000000e+03 4.834000000e+03 
8.673000000e+03 4.776000000e+03 
8.675000000e+03 4.770000000e+03 
1.046900000e+04 4.036000000e+03 
1.243200000e+04 3.519000000e+03 
1.352200000e+04 3.317000000e+03 
1.381200000e+04 3.272000000e+03 
1.383900000e+04 3.266000000e+03 
1.725100000e+04 2.862000000e+03 
1.756100000e+04 2.834000000e+03 
1.794600000e+04 2.798000000e+03 
1.847000000e+04 2.756000000e+03 
1.892700000e+04 2.722000000e+03 
1.962200000e+04 2.676000000e+03 
2.056700000e+04 2.614000000e+03 
3.116700000e+04 2.219000000e+03 
3.211400000e+04 2.199000000e+03 
3.409600000e+04 2.159000000e+03 
4.260000000e+04 2.034000000e+03 
6.626000000e+03 6.387000000e+03 
2.242000000e+03 3.205500000e+04 
4.411700000e+04 2.020000000e+03 
2.267000000e+03 3.073400000e+04 
2.436000000e+03 2.510100000e+04 
6.920000000e+03 6.036000000e+03 
2.381000000e+03 2.666100000e+04 
3.436000000e+03 1.304800000e+04 
2.493000000e+03 2.370000000e+04 
6.641000000e+03 6.351000000e+03 
2.181500000e+04 2.542000000e+03 
1.323000000e+04 3.367000000e+03 
1.602900000e+04 2.977000000e+03 
3.403100000e+04 2.160000000e+03 
8.946000000e+03 4.629000000e+03 
2.629000000e+03 2.095000000e+04 
2.361000000e+03 2.731300000e+04 
8.996000000e+03 4.606000000e+03 
2.820000000e+03 1.812600000e+04 
2.408000000e+03 2.588700000e+04 
3.471000000e+03 1.283900000e+04 
2.582000000e+03 2.180700000e+04 
2.489000000e+03 2.377100000e+04 
2.134200000e+04 2.569000000e+03 
2.513500000e+04 2.392000000e+03 
4.022500000e+04 2.061000000e+03 
1.658900000e+04 2.920000000e+03 
2.522200000e+04 2.391000000e+03 
1.602700000e+04 2.978000000e+03 
3.438000000e+03 1.302100000e+04 
1.217800000e+04 3.573000000e+03 
4.664500000e+04 2.002000000e+03 
1.321400000e+04 3.369000000e+03 
8.921000000e+03 4.642000000e+03 
1.217200000e+04 3.574000000e+03 
1.990800000e+04 2.655000000e+03 
3.443000000e+03 1.299300000e+04 
1.478100000e+04 3.129000000e+03 
1.813000000e+04 2.782000000e+03 
1.496100000e+04 3.105000000e+03 
2.972000000e+03 1.643500000e+04 
2.435000000e+04 2.424000000e+03 
2.652000000e+03 2.055900000e+04 
1.578800000e+04 3.004000000e+03 
1.745200000e+04 2.839000000e+03 
2.005000000e+03 4.880100000e+04 
2.601000000e+03 2.145400000e+04 
1.273100000e+04 3.459000000e+03 
5.636000000e+03 7.328000000e+03 
1.338600000e+04 3.339000000e+03 
5.706000000e+03 7.250000000e+03 
1.655700000e+04 2.924000000e+03 
2.009000000e+03 4.808800000e+04 
4.165200000e+04 2.044000000e+03 
3.361000000e+03 1.347700000e+04 
3.032000000e+03 1.588100000e+04 
5.609000000e+03 7.359000000e+03 
2.010000000e+03 4.793600000e+04 
6.947000000e+03 6.026000000e+03 
3.523000000e+03 1.256500000e+04 
4.823000000e+03 8.512000000e+03 
1.877000000e+04 2.733000000e+03 
2.767000000e+03 1.883000000e+04 
3.626000000e+03 1.206100000e+04 
1.127000000e+04 3.791000000e+03 
1.085000000e+04 3.912000000e+03 
3.254000000e+03 1.416800000e+04 
3.696000000e+03 1.174300000e+04 
1.371800000e+04 3.286000000e+03 
1.135400000e+04 3.770000000e+03 
3.139000000e+03 1.499500000e+04 
2.580000000e+03 2.184200000e+04 
1.143300000e+04 3.748000000e+03 
3.424000000e+03 1.310100000e+04 
2.684000000e+03 2.004700000e+04 
9.738000000e+03 4.294000000e+03 
3.285000000e+03 1.396000000e+04 
3.037000000e+03 1.583700000e+04 
1.535700000e+04 3.055000000e+03 
3.877600000e+04 2.081000000e+03 
4.070000000e+03 1.033700000e+04 
2.944000000e+03 1.671300000e+04 
2.857000000e+03 1.767500000e+04 
3.786000000e+03 1.136000000e+04 
4.085000000e+03 1.029000000e+04 
4.337000000e+03 9.584000000e+03 
4.328000000e+03 9.607000000e+03 
3.266000000e+03 1.408600000e+04 
1.418500000e+04 3.213000000e+03 
3.098000000e+03 1.532200000e+04 
9.813000000e+03 4.265000000e+03 
5.402000000e+03 7.613000000e+03 
7.906000000e+03 5.220000000e+03 
5.720000000e+03 7.235000000e+03 
7.565000000e+03 5.470000000e+03 
4.607000000e+03 8.948000000e+03 
9.430000000e+03 4.418000000e+03 
3.919000000e+03 1.084600000e+04 
3.845000000e+03 1.112400000e+04 
6.996000000e+03 5.959000000e+03 
4.411000000e+03 9.399000000e+03 
4.648000000e+03 8.860000000e+03 
5.516000000e+03 7.469000000e+03 
7.515000000e+03 5.509000000e+03 
7.465000000e+03 5.549000000e+03 
3.650000000e+03 1.194900000e+04 
4.906000000e+03 8.359000000e+03 
5.088000000e+03 8.060000000e+03 
7.529000000e+03 5.498000000e+03 
7.071000000e+03 5.889000000e+03 
8.450000000e+03 4.883000000e+03 
4.919000000e+03 8.347000000e+03 
1.535000000e+04 3.056000000e+03 
7.623000000e+03 5.426000000e+03 
9.979000000e+03 4.203000000e+03 
1.364400000e+04 3.296000000e+03 
1.769300000e+04 2.818000000e+03 
5.660000000e+03 7.301000000e+03 
1.167300000e+04 3.688000000e+03 
2.163000000e+03 3.578000000e+04 
2.861000000e+03 1.762800000e+04 
2.957600000e+04 2.258000000e+03 
2.329000000e+03 2.841200000e+04 
2.849600000e+04 2.285000000e+03 
2.587000000e+03 2.173300000e+04 
4.584300000e+04 2.007000000e+03 
2.150000000e+03 3.667600000e+04 
2.507900000e+04 2.398000000e+03 
2.549000000e+04 2.379000000e+03 
2.577200000e+04 2.369000000e+03 
8.332000000e+03 4.952000000e+03 
2.006000000e+03 4.861400000e+04 
2.698300000e+04 2.329000000e+03 
2.164900000e+04 2.551000000e+03 
2.046000000e+03 4.418300000e+04 
2.367700000e+04 2.452000000e+03 
2.360000000e+03 2.732100000e+04 
1.748600000e+04 2.836000000e+03 
2.638000000e+03 2.079700000e+04 
3.175000000e+03 1.476600000e+04 
7.031000000e+03 5.926000000e+03 
3.197000000e+03 1.456900000e+04 
1.482700000e+04 3.128000000e+03 
6.276000000e+03 6.761000000e+03 
1.229700000e+04 3.547000000e+03 
1.672800000e+04 2.907000000e+03 
2.016000000e+03 4.713300000e+04 
2.743000000e+03 1.916600000e+04 
4.454000000e+03 9.296000000e+03 
2.294000000e+03 2.966300000e+04 
8.344000000e+03 4.944000000e+03 
3.250000000e+03 1.419400000e+04 
8.345000000e+03 4.942000000e+03 
3.854500000e+04 2.084000000e+03 
1.580700000e+04 3.003000000e+03 
2.382000000e+03 2.664500000e+04 
4.441000000e+03 9.327000000e+03 
4.474000000e+03 9.249000000e+03 
1.540000000e+04 3.051000000e+03 
1.605300000e+04 2.975000000e+03 
1.543900000e+04 3.045000000e+03 
8.314000000e+03 4.965000000e+03 
4.171000000e+03 1.003200000e+04 
1.939400000e+04 2.690000000e+03 
8.321000000e+03 4.956000000e+03 
3.103000000e+03 1.528900000e+04 
4.023000000e+03 1.048800000e+04 
1.621900000e+04 2.957000000e+03 
3.070000000e+03 1.555400000e+04 
3.985000000e+03 1.061500000e+04 
1.417900000e+04 3.214000000e+03 
2.992000000e+03 1.624100000e+04 
2.303400000e+04 2.481000000e+03 
1.192900000e+04 3.628000000e+03 
4.518000000e+03 9.146000000e+03 
4.016000000e+03 1.051100000e+04 
1.025000000e+04 4.107000000e+03 
1.377600000e+04 3.275000000e+03 
1.246100000e+04 3.513000000e+03 
3.610000000e+03 1.213700000e+04 
2.384000000e+03 2.659800000e+04 
2.977000000e+03 1.638200000e+04 
9.774000000e+03 4.280000000e+03 
1.121500000e+04 3.806000000e+03 
4.617000000e+03 8.926000000e+03 
1.412400000e+04 3.222000000e+03 
4.973000000e+03 8.257000000e+03 
3.751000000e+03 1.150700000e+04 
1.118100000e+04 3.818000000e+03 
7.615000000e+03 5.436000000e+03 
2.267600000e+04 2.498000000e+03 
1.008700000e+04 4.164000000e+03 
5.208000000e+03 7.880000000e+03 
1.331600000e+04 3.351000000e+03 
7.890000000e+03 5.231000000e+03 
5.580000000e+03 7.398000000e+03 
7.410000000e+03 5.596000000e+03 
9.162000000e+03 4.532000000e+03 
7.604000000e+03 5.440000000e+03 
7.321000000e+03 5.668000000e+03 
3.244000000e+03 1.423500000e+04 
8.433000000e+03 4.894000000e+03 
5.318000000e+03 7.725000000e+03 
4.076000000e+03 1.031800000e+04 
3.311000000e+03 1.379100000e+04 
1.680400000e+04 2.899000000e+03 
3.494000000e+03 1.271600000e+04 
2.018000000e+03 4.689000000e+04 
8.615000000e+03 4.794000000e+03 
5.556000000e+03 7.421000000e+03 
1.467100000e+04 3.144000000e+03 
9.503000000e+03 4.388000000e+03 
9.914000000e+03 4.227000000e+03 
2.504400000e+04 2.399000000e+03 
2.560400000e+04 2.377000000e+03 
2.888900000e+04 2.274000000e+03 
2.935800000e+04 2.262000000e+03 
2.728000000e+03 1.939200000e+04 
4.046000000e+04 2.058000000e+03 
2.883300000e+04 2.276000000e+03 
2.349000000e+03 2.768500000e+04 
2.129800000e+04 2.574000000e+03 
2.820000000e+04 2.293000000e+03 
3.618900000e+04 2.123000000e+03 
2.409000000e+03 2.584000000e+04 
1.988000000e+04 2.657000000e+03 
2.688500000e+04 2.332000000e+03 
1.300700000e+04 3.407000000e+03 
2.159000000e+03 3.595600000e+04 
2.564000000e+03 2.214800000e+04 
2.011000000e+03 4.779100000e+04 
1.283300000e+04 3.440000000e+03 
1.305400000e+04 3.399000000e+03 
2.973000000e+03 1.642100000e+04 
2.833000000e+03 1.797500000e+04 
2.111000000e+03 3.890300000e+04 
6.450000000e+03 6.551000000e+03 
8.488000000e+03 4.862000000e+03 
2.443000000e+03 2.494700000e+04 
4.557000000e+03 9.058000000e+03 
8.594000000e+03 4.805000000e+03 
3.153000000e+03 1.488600000e+04 
2.396000000e+03 2.622100000e+04 
2.794300000e+04 2.300000000e+03 
4.793000000e+03 8.570000000e+03 
2.490000000e+03 2.376000000e+04 
3.258000000e+03 1.414300000e+04 
4.639000000e+03 8.879000000e+03 
4.129300000e+04 2.048000000e+03 
1.553900000e+04 3.033000000e+03 
2.159100000e+04 2.558000000e+03 
3.849000000e+04 2.085000000e+03 
1.190700000e+04 3.633000000e+03 
1.934900000e+04 2.692000000e+03 
4.199000000e+03 9.953000000e+03 
7.280000000e+03 5.703000000e+03 
1.118600000e+04 3.814000000e+03 
7.779000000e+03 5.309000000e+03 
5.079000000e+03 8.074000000e+03 
4.473000000e+03 9.251000000e+03 
8.444000000e+03 4.886000000e+03 
8.408000000e+03 4.906000000e+03 
9.842000000e+03 4.254000000e+03 
5.235000000e+03 7.841000000e+03 
3.413000000e+03 1.316500000e+04 
4.861000000e+03 8.440000000e+03 
8.055000000e+03 5.127000000e+03 
1.284600000e+04 3.437000000e+03 
3.895000000e+03 1.093400000e+04 
9.481000000e+03 4.397000000e+03 
4.263000000e+03 9.778000000e+03 
5.624000000e+03 7.342000000e+03 
3.595000000e+03 1.220900000e+04 
4.959000000e+03 8.267000000e+03 
3.719000000e+03 1.171500000e+04 
7.444000000e+03 5.566000000e+03 
4.184000000e+03 9.995000000e+03 
3.723000000e+03 1.162600000e+04 
1.092800000e+04 3.890000000e+03 
5.451000000e+03 7.550000000e+03 
7.411000000e+03 5.593000000e+03 
3.186000000e+03 1.464200000e+04 
4.837000000e+03 8.484000000e+03 
5.709000000e+03 7.249000000e+03 
1.061900000e+04 3.984000000e+03 
4.938000000e+03 8.303000000e+03 
8.421000000e+03 4.899000000e+03 
2.083000000e+03 4.086500000e+04 
2.280000000e+03 3.020800000e+04 
2.488000000e+03 2.380600000e+04 
3.698500000e+04 2.108000000e+03 
2.053200000e+04 2.616000000e+03 
2.139000000e+03 3.719300000e+04 
5.928000000e+03 7.071000000e+03 
2.551000000e+03 2.241400000e+04 
1.231600000e+04 3.543000000e+03 
2.547000000e+03 2.249900000e+04 
2.676400000e+04 2.342000000e+03 
2.547900000e+04 2.380000000e+03 
2.227400000e+04 2.518000000e+03 
2.415900000e+04 2.431000000e+03 
2.572600000e+04 2.371000000e+03 
2.949000000e+03 1.669000000e+04 
2.645000000e+03 2.067400000e+04 
2.823000000e+03 1.808800000e+04 
1.244500000e+04 3.517000000e+03 
2.120400000e+04 2.576000000e+03 
2.365000000e+03 2.717300000e+04 
1.980400000e+04 2.662000000e+03 
2.340000000e+03 2.799100000e+04 
2.890000000e+03 1.729500000e+04 
4.436300000e+04 2.018000000e+03 
2.769000000e+03 1.881600000e+04 
4.566000000e+03 9.038000000e+03 
1.508500000e+04 3.089000000e+03 
7.029000000e+03 5.934000000e+03 
2.803000000e+03 1.836700000e+04 
3.191000000e+03 1.460600000e+04 
7.117000000e+03 5.847000000e+03 
2.084600000e+04 2.597000000e+03 
2.867000000e+03 1.755800000e+04 
3.281700000e+04 2.184000000e+03 
7.124000000e+03 5.845000000e+03 
1.227600000e+04 3.555000000e+03 
3.168000000e+03 1.477400000e+04 
1.503000000e+04 3.096000000e+03 
1.142700000e+04 3.750000000e+03 
1.494700000e+04 3.111000000e+03 
2.202000000e+03 3.367800000e+04 
9.060000000e+03 4.577000000e+03 
4.275000000e+03 9.763000000e+03 
1.605700000e+04 2.974000000e+03 
5.622000000e+03 7.344000000e+03 
1.364200000e+04 3.297000000e+03 
1.101400000e+04 3.863000000e+03 
3.612000000e+03 1.213400000e+04 
4.406000000e+03 9.413000000e+03 
7.194000000e+03 5.778000000e+03 
1.126200000e+04 3.799000000e+03 
3.686000000e+03 1.178700000e+04 
5.083000000e+03 8.069000000e+03 
9.344000000e+03 4.454000000e+03 
4.631000000e+03 8.896000000e+03 
5.507000000e+03 7.480000000e+03 
1.084700000e+04 3.917000000e+03 
1.328500000e+04 3.361000000e+03 
7.167000000e+03 5.802000000e+03 
7.825000000e+03 5.278000000e+03 
7.757000000e+03 5.325000000e+03 
8.104000000e+03 5.089000000e+03 
3.978000000e+03 1.063900000e+04 
5.567000000e+03 7.408000000e+03 
8.499000000e+03 4.857000000e+03 
1.261700000e+04 3.483000000e+03 
8.476000000e+03 4.869000000e+03 
2.845600000e+04 2.287000000e+03 
2.149300000e+04 2.563000000e+03 
2.351000000e+03 2.761800000e+04 
4.103700000e+04 2.051000000e+03 
2.472500000e+04 2.408000000e+03 
2.025500000e+04 2.636000000e+03 
6.592000000e+03 6.419000000e+03 
2.635000000e+03 2.085900000e+04 
1.742600000e+04 2.842000000e+03 
2.047000000e+03 4.385900000e+04 
2.628000000e+03 2.097000000e+04 
6.017000000e+03 6.939000000e+03 
3.251000000e+03 1.419100000e+04 
2.606000000e+03 2.140000000e+04 
1.989700000e+04 2.656000000e+03 
2.571000000e+03 2.203000000e+04 
2.199000000e+03 3.387200000e+04 
1.533600000e+04 3.061000000e+03 
3.081200000e+04 2.227000000e+03 
2.983000000e+03 1.632500000e+04 
2.028000000e+03 4.576000000e+04 
3.355000000e+03 1.352400000e+04 
2.178600000e+04 2.544000000e+03 
3.247000000e+04 2.191000000e+03 
3.324000000e+03 1.370800000e+04 
1.805500000e+04 2.788000000e+03 
2.286000000e+03 3.002900000e+04 
2.298900000e+04 2.484000000e+03 
2.521000000e+03 2.304100000e+04 
4.599700000e+04 2.006000000e+03 
2.630000000e+03 2.093500000e+04 
2.456000000e+03 2.458100000e+04 
2.161700000e+04 2.554000000e+03 
3.167000000e+03 1.478100000e+04 
4.235000000e+03 9.854000000e+03 
1.134500000e+04 3.771000000e+03 
7.016000000e+03 5.940000000e+03 
9.941000000e+03 4.217000000e+03 
3.863000000e+03 1.106200000e+04 
1.005900000e+04 4.176000000e+03 
4.414000000e+03 9.396000000e+03 
1.025600000e+04 4.105000000e+03 
8.056000000e+03 5.120000000e+03 
7.621000000e+03 5.427000000e+03 
7.753000000e+03 5.333000000e+03 
3.182000000e+03 1.467100000e+04 
1.166300000e+04 3.693000000e+03 
3.445000000e+03 1.298700000e+04 
7.095000000e+03 5.867000000e+03 
1.455600000e+04 3.162000000e+03 
9.713000000e+03 4.320000000e+03 
8.126000000e+03 5.075000000e+03 
4.296000000e+03 9.690000000e+03 
2.325000000e+03 2.851400000e+04 
2.117000000e+03 3.849600000e+04 
4.808000000e+03 8.542000000e+03 
2.165000000e+03 3.574900000e+04 
3.522600000e+04 2.138000000e+03 
3.167500000e+04 2.208000000e+03 
2.324000000e+03 2.855000000e+04 
3.008400000e+04 2.245000000e+03 
4.540900000e+04 2.010000000e+03 
4.376600000e+04 2.023000000e+03 
2.771000000e+03 1.878200000e+04 
2.255000000e+03 3.125700000e+04 
2.607000000e+04 2.360000000e+03 
2.684300000e+04 2.335000000e+03 
3.476000000e+03 1.281200000e+04 
1.329300000e+04 3.357000000e+03 
6.234000000e+03 6.781000000e+03 
2.021000000e+03 4.654000000e+04 
4.828000000e+03 8.501000000e+03 
2.658000000e+03 2.048500000e+04 
2.226000000e+04 2.520000000e+03 
2.926000000e+03 1.691700000e+04 
3.000000000e+03 1.620400000e+04 
1.330100000e+04 3.354000000e+03 
1.772000000e+04 2.816000000e+03 
2.272400000e+04 2.496000000e+03 
8.951000000e+03 4.628000000e+03 
2.148000000e+03 3.669400000e+04 
3.428000000e+03 1.308100000e+04 
2.570600000e+04 2.372000000e+03 
3.695000000e+03 1.175100000e+04 
3.973000000e+03 1.071000000e+04 
1.190400000e+04 3.637000000e+03 
5.696000000e+03 7.261000000e+03 
2.162500000e+04 2.553000000e+03 
3.566000000e+03 1.235000000e+04 
2.870000000e+03 1.753200000e+04 
4.202200000e+04 2.040000000e+03 
8.166000000e+03 5.050000000e+03 
4.422000000e+03 9.387000000e+03 
8.076000000e+03 5.107000000e+03 
7.301000000e+03 5.687000000e+03 
5.629000000e+03 7.337000000e+03 
1.621500000e+04 2.958000000e+03 
5.604000000e+03 7.367000000e+03 
3.995000000e+03 1.058100000e+04 
1.083300000e+04 3.920000000e+03 
5.456000000e+03 7.544000000e+03 
5.294000000e+03 7.758000000e+03 
3.185000000e+03 1.465300000e+04 
7.828000000e+03 5.274000000e+03 
5.099000000e+03 8.049000000e+03 
1.334200000e+04 3.348000000e+03 
2.248000000e+03 3.157600000e+04 
2.289000000e+03 2.985700000e+04 
2.359400000e+04 2.456000000e+03 
2.072000000e+03 4.172300000e+04 
3.359000000e+03 1.349200000e+04 
2.316000000e+03 2.887000000e+04 
2.213000000e+03 3.314500000e+04 
2.169000000e+03 3.545700000e+04 
1.272100000e+04 3.461000000e+03 
2.051000000e+03 4.349100000e+04 
2.244000000e+03 3.172500000e+04 
1.499300000e+04 3.102000000e+03 
1.532900000e+04 3.062000000e+03 
2.883000000e+03 1.737400000e+04 
2.226800000e+04 2.519000000e+03 
1.371900000e+04 3.284000000e+03 
1.474400000e+04 3.138000000e+03 
2.327000000e+03 2.846700000e+04 
1.795700000e+04 2.796000000e+03 
8.633000000e+03 4.786000000e+03 
1.061700000e+04 3.985000000e+03 
1.222300000e+04 3.570000000e+03 
4.523000000e+03 9.136000000e+03 
4.644000000e+03 8.871000000e+03 
4.633000000e+03 8.892000000e+03 
7.250000000e+03 5.729000000e+03 
4.341000000e+03 9.577000000e+03 
2.566000000e+03 2.211900000e+04 
1.913300000e+04 2.707000000e+03 
3.441000000e+03 1.300700000e+04 
5.046000000e+03 8.126000000e+03 
1.375500000e+04 3.279000000e+03 
1.004500000e+04 4.179000000e+03 
7.045000000e+03 5.913000000e+03 
3.789000000e+03 1.135200000e+04 
5.462000000e+03 7.541000000e+03 
1.024400000e+04 4.110000000e+03 
8.219000000e+03 5.029000000e+03 
8.353000000e+03 4.939000000e+03 
3.484200000e+04 2.145000000e+03 
6.994000000e+03 5.962000000e+03 
1.224100000e+04 3.559000000e+03 
4.977000000e+03 8.240000000e+03 
8.579000000e+03 4.813000000e+03 
1.859500000e+04 2.746000000e+03 
5.249000000e+03 7.821000000e+03 
3.648000000e+03 1.196600000e+04 
2.394000000e+03 2.627400000e+04 
2.507000000e+03 2.344900000e+04 
2.266000000e+03 3.089300000e+04 
4.819000000e+03 8.519000000e+03 
4.813000000e+03 8.533000000e+03 
2.851100000e+04 2.284000000e+03 
2.615000000e+03 2.137700000e+04 
6.445000000e+03 6.565000000e+03 
2.254000000e+03 3.129600000e+04 
2.713000000e+03 1.964500000e+04 
8.963000000e+03 4.623000000e+03 
8.938000000e+03 4.633000000e+03 
2.701000000e+03 1.980100000e+04 
3.227000000e+03 1.439900000e+04 
1.461900000e+04 3.152000000e+03 
4.816000000e+03 8.527000000e+03 
3.905600000e+04 2.077000000e+03 
1.765400000e+04 2.825000000e+03 
5.744000000e+03 7.224000000e+03 
3.510000000e+03 1.263200000e+04 
5.731000000e+03 7.228000000e+03 
9.523000000e+03 4.381000000e+03 
7.308000000e+03 5.679000000e+03 
2.262000000e+03 3.094900000e+04 
1.093000000e+04 3.888000000e+03 
2.483700000e+04 2.404000000e+03 
7.920000000e+03 5.214000000e+03 
3.917500000e+04 2.075000000e+03 
1.015500000e+04 4.140000000e+03 
1.395800000e+04 3.247000000e+03 
8.187000000e+03 5.037000000e+03 
7.058000000e+03 5.906000000e+03 
4.240300000e+04 2.036000000e+03 
2.026000000e+03 4.599900000e+04 
2.626900000e+04 2.355000000e+03 
1.297900000e+04 3.413000000e+03 
2.364000000e+03 2.719200000e+04 
2.222000000e+03 3.272400000e+04 
1.679200000e+04 2.902000000e+03 
2.974000000e+03 1.641300000e+04 
2.996000000e+03 1.621200000e+04 
3.152900000e+04 2.211000000e+03 
1.677800000e+04 2.903000000e+03 
1.812300000e+04 2.784000000e+03 
1.543000000e+04 3.047000000e+03 
2.154000000e+03 3.625700000e+04 
2.383000000e+03 2.662000000e+04 
2.770700000e+04 2.307000000e+03 
1.296900000e+04 3.419000000e+03 
8.245000000e+03 5.006000000e+03 
1.075900000e+04 3.940000000e+03 
1.191600000e+04 3.631000000e+03 
3.900000000e+03 1.092400000e+04 
3.159000000e+03 1.485400000e+04 
1.215400000e+04 3.579000000e+03 
5.216000000e+03 7.871000000e+03 
2.640000000e+03 2.077200000e+04 
2.319000000e+03 2.874400000e+04 
5.503000000e+03 7.491000000e+03 
3.341000000e+03 1.363500000e+04 
4.991000000e+03 8.214000000e+03 
7.749000000e+03 5.335000000e+03 
9.146000000e+03 4.539000000e+03 
3.936000000e+03 1.080800000e+04 
7.207000000e+03 5.775000000e+03 
4.098900000e+04 2.052000000e+03 
3.422600000e+04 2.158000000e+03 
2.237000000e+03 3.213200000e+04 
2.569000000e+03 2.205900000e+04 
2.358000000e+03 2.753200000e+04 
2.103000000e+03 3.944600000e+04 
2.203000000e+03 3.364200000e+04 
2.822000000e+03 1.810500000e+04 
2.161100000e+04 2.557000000e+03 
1.542000000e+04 3.049000000e+03 
2.275000000e+03 3.044400000e+04 
3.156000000e+03 1.487300000e+04 
2.602000000e+03 2.143900000e+04 
3.755000000e+03 1.149700000e+04 
1.107200000e+04 3.859000000e+03 
2.116000000e+03 3.856000000e+04 
1.116800000e+04 3.819000000e+03 
1.169800000e+04 3.682000000e+03 
2.959400000e+04 2.257000000e+03 
7.040000000e+03 5.919000000e+03 
3.570000000e+03 1.233300000e+04 
2.654000000e+03 2.053100000e+04 
4.868000000e+03 8.432000000e+03 
9.971000000e+03 4.209000000e+03 
3.030000000e+03 1.591100000e+04 
4.983000000e+03 8.227000000e+03 
2.753700000e+04 2.312000000e+03 
5.323000000e+03 7.719000000e+03 
9.074000000e+03 4.575000000e+03 
1.917500000e+04 2.704000000e+03 
2.133000000e+03 3.747700000e+04 
2.591000000e+03 2.165600000e+04 
3.061500000e+04 2.232000000e+03 
2.270000000e+03 3.066600000e+04 
2.492000000e+03 2.372000000e+04 
2.127000000e+03 3.792800000e+04 
2.036000000e+03 4.492100000e+04 
2.752800000e+04 2.314000000e+03 
2.574000000e+03 2.202900000e+04 
1.795300000e+04 2.797000000e+03 
3.277600000e+04 2.185000000e+03 
1.701800000e+04 2.879000000e+03 
1.744500000e+04 2.840000000e+03 
2.686000000e+03 2.001700000e+04 
1.338100000e+04 3.340000000e+03 
2.544000000e+03 2.256000000e+04 
3.596000000e+03 1.220700000e+04 
3.074000000e+03 1.554000000e+04 
2.952000000e+03 1.663300000e+04 
2.746000000e+03 1.912600000e+04 
8.612000000e+03 4.796000000e+03 
1.232600000e+04 3.541000000e+03 
8.965000000e+03 4.622000000e+03 
2.799000000e+03 1.839900000e+04 
3.195000000e+03 1.458000000e+04 
5.691000000e+03 7.267000000e+03 
5.207000000e+03 7.883000000e+03 
5.257000000e+03 7.814000000e+03 
3.194000000e+03 1.458500000e+04 
3.497000000e+03 1.271300000e+04 
1.099600000e+04 3.870000000e+03 
1.000400000e+04 4.201000000e+03 
7.519000000e+03 5.507000000e+03 
1.014000000e+04 4.149000000e+03 
7.249000000e+03 5.730000000e+03 
2.217000000e+03 3.302300000e+04 
2.077300000e+04 2.602000000e+03 
2.269000000e+03 3.070400000e+04 
2.491000000e+03 2.372600000e+04 
2.137500000e+04 2.567000000e+03 
2.276000000e+03 3.041400000e+04 
4.269800000e+04 2.033000000e+03 
3.144000000e+03 1.495500000e+04 
1.767500000e+04 2.820000000e+03 
2.210800000e+04 2.530000000e+03 
2.690000000e+03 2.000000000e+04 
2.631000000e+03 2.091800000e+04 
8.573000000e+03 4.817000000e+03 
3.791000000e+03 1.134100000e+04 
1.165000000e+04 3.699000000e+03 
2.993000000e+03 1.623500000e+04 
2.133700000e+04 2.571000000e+03 
1.002900000e+04 4.192000000e+03 
3.698000000e+03 1.174100000e+04 
2.980000000e+03 1.635700000e+04 
8.043000000e+03 5.129000000e+03 
4.178000000e+03 1.001200000e+04 
9.179000000e+03 4.528000000e+03 
1.013400000e+04 4.153000000e+03 
4.000000000e+03 1.056600000e+04 
5.659000000e+03 7.305000000e+03 
9.114000000e+03 4.553000000e+03 
1.420800000e+04 3.211000000e+03 
6.788000000e+03 6.235000000e+03 
2.878100000e+04 2.279000000e+03 
2.385000000e+03 2.659700000e+04 
2.179000000e+03 3.490500000e+04 
2.439000000e+03 2.504300000e+04 
2.646000000e+03 2.066000000e+04 
4.355000000e+04 2.025000000e+03 
2.644000000e+03 2.069200000e+04 
2.339000000e+03 2.807000000e+04 
3.415000000e+03 1.315900000e+04 
2.342300000e+04 2.464000000e+03 
2.412300000e+04 2.433000000e+03 
2.441000000e+03 2.496900000e+04 
2.893000000e+03 1.728200000e+04 
2.858000000e+03 1.767300000e+04 
2.209000000e+03 3.334100000e+04 
1.929700000e+04 2.698000000e+03 
1.306400000e+04 3.398000000e+03 
1.322200000e+04 3.368000000e+03 
6.659000000e+03 6.302000000e+03 
2.789000000e+03 1.854500000e+04 
3.327000000e+03 1.369300000e+04 
1.551400000e+04 3.039000000e+03 
4.321000000e+03 9.625000000e+03 
5.616000000e+03 7.352000000e+03 
3.654000000e+03 1.193100000e+04 
3.287000000e+03 1.395300000e+04 
2.927000000e+03 1.690900000e+04 
8.150000000e+03 5.069000000e+03 
1.022000000e+04 4.120000000e+03 
9.374000000e+03 4.446000000e+03 
4.812000000e+03 8.539000000e+03 
1.003700000e+04 4.185000000e+03 
4.647000000e+03 8.865000000e+03 
1.114500000e+04 3.828000000e+03 
4.232000000e+03 9.865000000e+03 
1.094000000e+04 3.885000000e+03 
4.320000000e+03 9.658000000e+03 
1.375100000e+04 3.281000000e+03 
5.220000000e+03 7.870000000e+03 
1.279500000e+04 3.447000000e+03 
3.358000000e+03 1.349700000e+04 
2.509100000e+04 2.397000000e+03 
2.257500000e+04 2.504000000e+03 
2.410000000e+03 2.583000000e+04 
2.232200000e+04 2.517000000e+03 
2.082000000e+04 2.599000000e+03 
2.698000000e+03 1.983300000e+04 
4.253700000e+04 2.035000000e+03 
1.222400000e+04 3.563000000e+03 
3.501000000e+03 1.269800000e+04 
3.418000000e+03 1.314300000e+04 
1.748400000e+04 2.837000000e+03 
2.565000000e+03 2.213300000e+04 
8.631000000e+03 4.787000000e+03 
9.803000000e+03 4.273000000e+03 
4.956000000e+03 8.274000000e+03 
1.582000000e+04 3.002000000e+03 
4.515000000e+03 9.155000000e+03 
4.357000000e+03 9.563000000e+03 
2.563100000e+04 2.375000000e+03 
1.475800000e+04 3.136000000e+03 
7.417000000e+03 5.590000000e+03 
9.040000000e+03 4.586000000e+03 
1.126500000e+04 3.793000000e+03 
3.477000000e+03 1.281100000e+04 
2.520000000e+03 2.307700000e+04 
2.415000000e+03 2.567800000e+04 
1.974100000e+04 2.668000000e+03 
2.246000000e+03 3.167200000e+04 
2.366300000e+04 2.454000000e+03 
2.073000000e+04 2.604000000e+03 
3.012900000e+04 2.243000000e+03 
2.603000000e+03 2.142300000e+04 
2.693000000e+03 1.995200000e+04 
1.664900000e+04 2.917000000e+03 
3.069000000e+03 1.556400000e+04 
2.102000000e+03 3.949500000e+04 
2.488000000e+04 2.402000000e+03 
3.933900000e+04 2.073000000e+03 
3.783000000e+03 1.137300000e+04 
1.543400000e+04 3.046000000e+03 
2.608700000e+04 2.359000000e+03 
8.224000000e+03 5.025000000e+03 
1.600400000e+04 2.983000000e+03 
3.353000000e+03 1.353100000e+04 
5.204000000e+03 7.886000000e+03 
1.173500000e+04 3.674000000e+03 
3.847000000e+03 1.111800000e+04 
5.231000000e+03 7.849000000e+03 
4.876000000e+03 8.428000000e+03 
7.005000000e+03 5.958000000e+03 
7.838000000e+03 5.267000000e+03 
9.757000000e+03 4.287000000e+03 
7.023000000e+03 5.936000000e+03 
4.466000000e+03 9.268000000e+03 
1.298900000e+04 3.411000000e+03 
4.431300000e+04 2.019000000e+03 
3.626600000e+04 2.120000000e+03 
2.921700000e+04 2.266000000e+03 
2.728400000e+04 2.322000000e+03 
2.405000000e+03 2.596000000e+04 
6.509000000e+03 6.480000000e+03 
2.363000000e+03 2.725300000e+04 
3.365000000e+03 1.346400000e+04 
2.302200000e+04 2.482000000e+03 
2.050000000e+04 2.618000000e+03 
2.955000000e+03 1.662300000e+04 
2.513000000e+03 2.322800000e+04 
2.144000000e+03 3.693400000e+04 
2.421000000e+03 2.552500000e+04 
1.853600000e+04 2.754000000e+03 
1.393300000e+04 3.251000000e+03 
3.143000000e+03 1.496500000e+04 
3.141000000e+03 1.498000000e+04 
1.821200000e+04 2.777000000e+03 
4.629000000e+03 8.908000000e+03 
3.036000000e+03 1.586300000e+04 
2.693800000e+04 2.331000000e+03 
4.561000000e+03 9.050000000e+03 
2.738000000e+03 1.923800000e+04 
1.086500000e+04 3.910000000e+03 
2.865000000e+03 1.760400000e+04 
2.727000000e+03 1.940100000e+04 
2.158000000e+03 3.600700000e+04 
4.470000000e+03 9.260000000e+03 
3.280000000e+03 1.399600000e+04 
1.023200000e+04 4.114000000e+03 
3.002000000e+03 1.618300000e+04 
7.455000000e+03 5.560000000e+03 
2.524000000e+03 2.297800000e+04 
5.396000000e+03 7.624000000e+03 
4.176000000e+03 1.002600000e+04 
7.260000000e+03 5.722000000e+03 
2.509600000e+04 2.395000000e+03 
2.510000000e+03 2.339600000e+04 
2.210000000e+03 3.329400000e+04 
2.636400000e+04 2.349000000e+03 
2.042000000e+03 4.438800000e+04 
2.058000000e+03 4.287200000e+04 
6.555000000e+03 6.422000000e+03 
2.135000000e+03 3.746800000e+04 
2.395000000e+03 2.625900000e+04 
2.326000000e+03 2.848300000e+04 
2.543500000e+04 2.381000000e+03 
2.183000000e+03 3.465600000e+04 
1.916500000e+04 2.705000000e+03 
2.474000000e+03 2.413300000e+04 
2.252000000e+03 3.138600000e+04 
2.136000000e+03 3.741700000e+04 
2.894000000e+03 1.727000000e+04 
2.285000000e+03 3.009500000e+04 
8.610000000e+03 4.798000000e+03 
1.601100000e+04 2.979000000e+03 
3.034000000e+03 1.586400000e+04 
2.374000000e+03 2.689400000e+04 
1.770600000e+04 2.817000000e+03 
1.401700000e+04 3.239000000e+03 
1.183400000e+04 3.653000000e+03 
8.625000000e+03 4.789000000e+03 
1.566700000e+04 3.018000000e+03 
1.174000000e+04 3.672000000e+03 
1.223000000e+04 3.562000000e+03 
2.353000000e+03 2.757600000e+04 
3.514000000e+03 1.261800000e+04 
8.564000000e+03 4.824000000e+03 
1.062400000e+04 3.983000000e+03 
8.096000000e+03 5.098000000e+03 
1.036400000e+04 4.097000000e+03 
5.000000000e+03 8.202000000e+03 
9.839000000e+03 4.258000000e+03 
7.039000000e+03 5.920000000e+03 
4.342000000e+03 9.572000000e+03 
1.116100000e+04 3.821000000e+03 
4.035000000e+03 1.044900000e+04 
4.168000000e+03 1.004400000e+04 
1.088600000e+04 3.901000000e+03 
3.475000000e+03 1.283300000e+04 
4.471000000e+03 9.256000000e+03 
4.615000000e+03 8.935000000e+03 
9.751000000e+03 4.292000000e+03 
5.577000000e+03 7.403000000e+03 
1.005000000e+04 4.178000000e+03 
2.075000000e+03 4.147700000e+04 
2.064000000e+03 4.236200000e+04 
2.215000000e+03 3.309800000e+04 
6.176000000e+03 6.797000000e+03 
2.328000000e+03 2.846000000e+04 
3.348000000e+03 1.357200000e+04 
2.613000000e+04 2.357000000e+03 
2.711000000e+04 2.325000000e+03 
2.797000000e+03 1.843800000e+04 
2.135100000e+04 2.568000000e+03 
2.574700000e+04 2.370000000e+03 
2.266100000e+04 2.499000000e+03 
3.077200000e+04 2.228000000e+03 
3.293000000e+03 1.394900000e+04 
2.978000000e+03 1.637500000e+04 
3.313000000e+03 1.378100000e+04 
2.921000000e+03 1.696200000e+04 
1.564200000e+04 3.021000000e+03 
2.744000000e+03 1.916300000e+04 
1.202000000e+04 3.616000000e+03 
1.143800000e+04 3.747000000e+03 
1.919200000e+04 2.703000000e+03 
4.028000000e+03 1.047700000e+04 
2.418400000e+04 2.430000000e+03 
2.235000000e+03 3.214500000e+04 
4.653000000e+03 8.850000000e+03 
3.427000000e+03 1.309300000e+04 
1.414400000e+04 3.220000000e+03 
7.791000000e+03 5.304000000e+03 
7.813000000e+03 5.300000000e+03 
2.045800000e+04 2.624000000e+03 
2.117800000e+04 2.578000000e+03 
4.242000000e+03 9.848000000e+03 
8.086000000e+03 5.104000000e+03 
1.005300000e+04 4.177000000e+03 
1.004300000e+04 4.183000000e+03 
2.604600000e+04 2.361000000e+03 
3.393200000e+04 2.162000000e+03 
3.991700000e+04 2.065000000e+03 
1.977600000e+04 2.664000000e+03 
3.349000000e+03 1.356200000e+04 
3.467200000e+04 2.148000000e+03 
3.235000000e+04 2.194000000e+03 
2.255400000e+04 2.506000000e+03 
2.213600000e+04 2.529000000e+03 
2.925000000e+03 1.691900000e+04 
3.100000000e+03 1.531400000e+04 
1.874200000e+04 2.736000000e+03 
3.491000000e+03 1.274200000e+04 
3.334000000e+03 1.364500000e+04 
4.641000000e+03 8.875000000e+03 
3.097000000e+03 1.534900000e+04 
3.887000000e+03 1.096700000e+04 
4.559000000e+03 9.055000000e+03 
2.818000000e+04 2.297000000e+03 
1.228900000e+04 3.550000000e+03 
6.719000000e+03 6.236000000e+03 
7.188000000e+03 5.784000000e+03 
8.155000000e+03 5.058000000e+03 
2.181100000e+04 2.543000000e+03 
9.722000000e+03 4.302000000e+03 
2.046600000e+04 2.623000000e+03 
5.714000000e+03 7.244000000e+03 
4.281000000e+03 9.762000000e+03 
1.411900000e+04 3.233000000e+03 
9.809000000e+03 4.270000000e+03 
5.058000000e+03 8.107000000e+03 
5.422000000e+03 7.606000000e+03 
8.115000000e+03 5.085000000e+03 
1.130900000e+04 3.785000000e+03 
1.431600000e+04 3.209000000e+03 
2.407000000e+03 2.591800000e+04 
2.595000000e+03 2.164000000e+04 
2.200000000e+03 3.379100000e+04 
2.350000000e+03 2.766300000e+04 
2.295000000e+03 2.965400000e+04 
2.435000000e+03 2.513200000e+04 
2.437000000e+03 2.507700000e+04 
6.322000000e+03 6.667000000e+03 
2.801000000e+03 1.838000000e+04 
1.742400000e+04 2.844000000e+03 
3.246000000e+03 1.422600000e+04 
2.075600000e+04 2.603000000e+03 
2.959000000e+03 1.660800000e+04 
8.448000000e+03 4.884000000e+03 
8.920000000e+03 4.644000000e+03 
2.436200000e+04 2.423000000e+03 
2.257900000e+04 2.503000000e+03 
4.012000000e+03 1.052900000e+04 
1.975200000e+04 2.666000000e+03 
6.813000000e+03 6.188000000e+03 
8.966000000e+03 4.621000000e+03 
1.531700000e+04 3.070000000e+03 
4.089000000e+03 1.028100000e+04 
9.512000000e+03 4.386000000e+03 
2.639000000e+03 2.078500000e+04 
3.520000000e+03 1.258600000e+04 
3.701000000e+03 1.172900000e+04 
3.692000000e+03 1.176500000e+04 
9.385000000e+03 4.437000000e+03 
1.075600000e+04 3.941000000e+03 
3.075000000e+03 1.551300000e+04 
3.041000000e+03 1.581200000e+04 
5.308000000e+03 7.748000000e+03 
1.287300000e+04 3.433000000e+03 
2.103900000e+04 2.588000000e+03 
2.533200000e+04 2.385000000e+03 
2.053000000e+03 4.334300000e+04 
3.440500000e+04 2.153000000e+03 
6.434000000e+03 6.644000000e+03 
1.303700000e+04 3.402000000e+03 
2.318000000e+03 2.877300000e+04 
1.933800000e+04 2.693000000e+03 
2.422000000e+03 2.547900000e+04 
3.195200000e+04 2.203000000e+03 
2.323000000e+03 2.872400000e+04 
1.857700000e+04 2.748000000e+03 
2.056500000e+04 2.615000000e+03 
2.143000000e+03 3.693900000e+04 
2.300500000e+04 2.483000000e+03 
2.736000000e+03 1.929300000e+04 
2.274000000e+03 3.048500000e+04 
1.809100000e+04 2.787000000e+03 
2.995000000e+03 1.621500000e+04 
2.768000000e+03 1.882000000e+04 
3.091000000e+03 1.539600000e+04 
3.423000000e+03 1.312600000e+04 
3.899000000e+03 1.093200000e+04 
4.020000000e+03 1.049900000e+04 
4.940000000e+03 8.302000000e+03 
7.439000000e+03 5.574000000e+03 
5.725000000e+03 7.231000000e+03 
9.478000000e+03 4.401000000e+03 
4.421000000e+03 9.395000000e+03 
3.575000000e+03 1.231800000e+04 
3.039000000e+03 1.582600000e+04 
5.407000000e+03 7.609000000e+03 
5.319000000e+03 7.724000000e+03 
1.136400000e+04 3.766000000e+03 
2.742100000e+04 2.318000000e+03 
2.283000000e+03 3.012300000e+04 
1.282500000e+04 3.441000000e+03 
1.275300000e+04 3.455000000e+03 
2.142000000e+03 3.694000000e+04 
2.145000000e+03 3.675700000e+04 
2.193000000e+03 3.414000000e+04 
2.427000000e+03 2.538900000e+04 
2.094900000e+04 2.592000000e+03 
3.412000000e+03 1.317100000e+04 
1.584800000e+04 2.999000000e+03 
1.879800000e+04 2.731000000e+03 
3.344000000e+03 1.359200000e+04 
2.598100000e+04 2.363000000e+03 
2.868000000e+03 1.754900000e+04 
2.088000000e+03 4.075600000e+04 
1.600500000e+04 2.980000000e+03 
2.479900000e+04 2.405000000e+03 
2.898000000e+03 1.725400000e+04 
1.228700000e+04 3.553000000e+03 
2.512700000e+04 2.394000000e+03 
1.017600000e+04 4.136000000e+03 
7.030000000e+03 5.927000000e+03 
2.884000000e+03 1.736600000e+04 
4.487300000e+04 2.014000000e+03 
6.992000000e+03 5.964000000e+03 
1.146700000e+04 3.742000000e+03 
5.703000000e+03 7.255000000e+03 
4.509000000e+03 9.170000000e+03 
1.116700000e+04 3.820000000e+03 
4.083000000e+03 1.030400000e+04 
4.080000000e+03 1.031100000e+04 
7.756000000e+03 5.326000000e+03 
9.728000000e+03 4.300000000e+03 
4.844000000e+03 8.480000000e+03 
4.410000000e+03 9.405000000e+03 
7.372000000e+03 5.657000000e+03 
2.404000000e+03 2.616000000e+04 
2.664000000e+03 2.038400000e+04 
2.367600000e+04 2.453000000e+03 
6.534000000e+03 6.479000000e+03 
2.726000000e+03 1.942300000e+04 
4.771000000e+03 8.619000000e+03 
2.411000000e+03 2.579400000e+04 
5.719000000e+03 7.240000000e+03 
2.871000000e+03 1.752700000e+04 
8.942000000e+03 4.631000000e+03 
3.174000000e+03 1.476900000e+04 
1.463800000e+04 3.149000000e+03 
1.477600000e+04 3.130000000e+03 
1.974200000e+04 2.667000000e+03 
3.687000000e+03 1.178600000e+04 
4.094000000e+03 1.026700000e+04 
1.086800000e+04 3.908000000e+03 
1.500100000e+04 3.100000000e+03 
1.995500000e+04 2.654000000e+03 
8.047000000e+03 5.128000000e+03 
1.874700000e+04 2.735000000e+03 
4.905000000e+03 8.368000000e+03 
5.688000000e+03 7.278000000e+03 
1.915500000e+04 2.706000000e+03 
2.631600000e+04 2.354000000e+03 
6.438000000e+03 6.627000000e+03 
3.370000000e+03 1.342600000e+04 
2.497000000e+03 2.368100000e+04 
2.312600000e+04 2.479000000e+03 
2.080800000e+04 2.600000000e+03 
4.193000000e+04 2.041000000e+03 
4.631100000e+04 2.004000000e+03 
2.791000000e+03 1.850800000e+04 
1.930200000e+04 2.696000000e+03 
2.916000000e+03 1.700900000e+04 
2.204000000e+03 3.359100000e+04 
1.743200000e+04 2.841000000e+03 
2.686100000e+04 2.333000000e+03 
3.768000000e+03 1.148900000e+04 
4.571000000e+03 9.027000000e+03 
3.915000000e+03 1.086500000e+04 
2.729000000e+03 1.937900000e+04 
8.339000000e+03 4.946000000e+03 
7.402000000e+03 5.602000000e+03 
2.112000000e+04 2.582000000e+03 
7.400000000e+03 5.603000000e+03 
1.454200000e+04 3.164000000e+03 
1.057600000e+04 3.999000000e+03 
5.496000000e+03 7.526000000e+03 
4.463000000e+03 9.276000000e+03 
3.632000000e+03 1.203400000e+04 
7.272000000e+03 5.710000000e+03 
6.253000000e+03 6.778000000e+03 
2.352000000e+03 2.758500000e+04 
2.120000000e+03 3.830100000e+04 
6.506000000e+03 6.481000000e+03 
2.077000000e+03 4.132700000e+04 
2.215100000e+04 2.526000000e+03 
1.300500000e+04 3.409000000e+03 
2.188200000e+04 2.540000000e+03 
2.390000000e+03 2.639500000e+04 
2.739000000e+03 1.922700000e+04 
1.618900000e+04 2.961000000e+03 
3.189000000e+03 1.462900000e+04 
1.741800000e+04 2.845000000e+03 
1.705300000e+04 2.876000000e+03 
2.340800000e+04 2.467000000e+03 
2.866000000e+03 1.758500000e+04 
4.652000000e+03 8.852000000e+03 
2.453000000e+03 2.466200000e+04 
3.984000000e+03 1.063400000e+04 
4.189000000e+03 9.988000000e+03 
1.405000000e+04 3.235000000e+03 
1.362500000e+04 3.300000000e+03 
8.617000000e+03 4.793000000e+03 
7.586000000e+03 5.467000000e+03 
5.643000000e+03 7.322000000e+03 
5.215000000e+03 7.872000000e+03 
9.265000000e+03 4.502000000e+03 
7.477000000e+03 5.548000000e+03 
4.854000000e+03 8.456000000e+03 
3.190000000e+03 1.462100000e+04 
7.064000000e+03 5.898000000e+03 
4.265000000e+03 9.775000000e+03 
1.766200000e+04 2.821000000e+03 
5.543000000e+03 7.468000000e+03 
8.602000000e+03 4.801000000e+03 
1.063500000e+04 3.979000000e+03 
2.423000000e+03 2.546000000e+04 
3.715400000e+04 2.107000000e+03 
3.480200000e+04 2.146000000e+03 
3.320700000e+04 2.180000000e+03 
3.352000000e+03 1.353400000e+04 
3.751900000e+04 2.100000000e+03 
2.512000000e+03 2.324900000e+04 
2.214100000e+04 2.528000000e+03 
2.310000000e+03 2.909800000e+04 
3.560000000e+03 1.239100000e+04 
2.779000000e+03 1.868300000e+04 
2.371000000e+03 2.703100000e+04 
1.927200000e+04 2.699000000e+03 
1.987600000e+04 2.658000000e+03 
3.270000000e+03 1.406300000e+04 
9.057000000e+03 4.584000000e+03 
1.811000000e+04 2.785000000e+03 
8.232000000e+03 5.012000000e+03 
2.366000000e+03 2.716000000e+04 
3.498000000e+03 1.270200000e+04 
8.598000000e+03 4.804000000e+03 
9.733000000e+03 4.296000000e+03 
4.999000000e+03 8.203000000e+03 
4.961000000e+03 8.264000000e+03 
1.167100000e+04 3.692000000e+03 
4.482900000e+04 2.015000000e+03 
2.228000000e+03 3.244900000e+04 
3.539500000e+04 2.135000000e+03 
2.304000000e+03 2.931800000e+04 
2.455000000e+03 2.461800000e+04 
2.343700000e+04 2.463000000e+03 
4.120700000e+04 2.049000000e+03 
2.337000000e+03 2.811700000e+04 
2.215700000e+04 2.524000000e+03 
3.152100000e+04 2.212000000e+03 
2.619000000e+03 2.114300000e+04 
2.015000000e+03 4.725600000e+04 
2.563400000e+04 2.374000000e+03 
2.438000000e+03 2.506900000e+04 
2.695000000e+03 1.988000000e+04 
1.223400000e+04 3.561000000e+03 
1.534400000e+04 3.057000000e+03 
1.882700000e+04 2.729000000e+03 
8.490000000e+03 4.861000000e+03 
2.770000000e+03 1.879300000e+04 
4.536000000e+03 9.116000000e+03 
1.286300000e+04 3.434000000e+03 
7.463000000e+03 5.551000000e+03 
1.059700000e+04 3.993000000e+03 
8.912000000e+03 4.650000000e+03 
2.824000000e+03 1.808000000e+04 
4.338000000e+03 9.582000000e+03 
4.944000000e+03 8.301000000e+03 
3.099000000e+03 1.531600000e+04 
1.022400000e+04 4.116000000e+03 
3.784000000e+03 1.137200000e+04 
3.852000000e+03 1.109700000e+04 
7.438000000e+03 5.585000000e+03 
1.063400000e+04 3.980000000e+03 
3.680300000e+04 2.111000000e+03 
3.850000000e+03 1.110800000e+04 
9.783000000e+03 4.277000000e+03 
1.247300000e+04 3.512000000e+03 
2.197500000e+04 2.536000000e+03 
6.141000000e+03 6.850000000e+03 
3.328000000e+03 1.369000000e+04 
2.309000000e+03 2.911400000e+04 
2.083900000e+04 2.598000000e+03 
2.409000000e+04 2.434000000e+03 
2.020000000e+03 4.671800000e+04 
2.074000000e+03 4.158300000e+04 
1.841500000e+04 2.766000000e+03 
2.161000000e+03 3.595100000e+04 
1.501200000e+04 3.099000000e+03 
3.162200000e+04 2.209000000e+03 
1.620300000e+04 2.959000000e+03 
2.086000000e+03 4.080900000e+04 
4.449000000e+03 9.312000000e+03 
4.172000000e+03 1.003000000e+04 
3.164000000e+03 1.482600000e+04 
1.319300000e+04 3.373000000e+03 
5.548000000e+03 7.452000000e+03 
9.112000000e+03 4.554000000e+03 
1.301200000e+04 3.406000000e+03 
4.987000000e+03 8.221000000e+03 
2.863000000e+03 1.762100000e+04 
1.219000000e+04 3.571000000e+03 
5.965000000e+03 7.039000000e+03 
2.680900000e+04 2.337000000e+03 
3.028600000e+04 2.240000000e+03 
3.345000000e+03 1.358500000e+04 
3.948900000e+04 2.071000000e+03 
6.110000000e+03 6.908000000e+03 
6.281000000e+03 6.703000000e+03 
1.238100000e+04 3.530000000e+03 
2.347600000e+04 2.461000000e+03 
1.234600000e+04 3.537000000e+03 
7.009000000e+03 5.947000000e+03 
1.855400000e+04 2.750000000e+03 
7.008000000e+03 5.950000000e+03 
4.520000000e+03 9.144000000e+03 
3.529000000e+03 1.254600000e+04 
1.505700000e+04 3.093000000e+03 
2.292000000e+03 2.980300000e+04 
1.009900000e+04 4.160000000e+03 
3.166000000e+03 1.479400000e+04 
1.586400000e+04 2.996000000e+03 
5.335000000e+03 7.709000000e+03 
1.151300000e+04 3.739000000e+03 
2.683000000e+03 2.006300000e+04 
6.466000000e+03 6.548000000e+03 
3.101000000e+03 1.531100000e+04 
7.918000000e+03 5.218000000e+03 
4.040000000e+03 1.043600000e+04 
2.553300000e+04 2.378000000e+03 
4.009100000e+04 2.063000000e+03 
2.685000000e+03 2.003700000e+04 
2.049000000e+03 4.370000000e+04 
1.833400000e+04 2.767000000e+03 
2.976700000e+04 2.252000000e+03 
1.826400000e+04 2.772000000e+03 
2.281000000e+03 3.019800000e+04 
2.529000000e+03 2.288200000e+04 
2.527000000e+03 2.292200000e+04 
2.419000000e+03 2.557900000e+04 
2.178000000e+04 2.546000000e+03 
2.478000000e+03 2.403800000e+04 
2.291000000e+03 2.981100000e+04 
1.803700000e+04 2.791000000e+03 
2.169800000e+04 2.549000000e+03 
1.599100000e+04 2.985000000e+03 
4.624000000e+03 8.915000000e+03 
2.947000000e+03 1.669800000e+04 
7.536000000e+03 5.493000000e+03 
9.206000000e+03 4.524000000e+03 
8.473000000e+03 4.873000000e+03 
5.712000000e+03 7.248000000e+03 
5.095000000e+03 8.051000000e+03 
9.764000000e+03 4.285000000e+03 
3.578000000e+03 1.229400000e+04 
3.761000000e+03 1.149000000e+04 
8.153000000e+03 5.066000000e+03 
1.063800000e+04 3.978000000e+03 
5.442000000e+03 7.562000000e+03 
8.397000000e+03 4.915000000e+03 
3.894000000e+03 1.094100000e+04 
5.555000000e+03 7.428000000e+03 
7.770000000e+03 5.318000000e+03 
1.239300000e+04 3.527000000e+03 

