2.176000000e+03
2.432000000e+03
2.688000000e+03
2.560000000e+03
2.816000000e+03
3.072000000e+03
2.048000000e+03
2.688000000e+03
2.944000000e+03
1.792000000e+03
1.664000000e+03
2.432000000e+03
2.048000000e+03
3.200000000e+03
2.816000000e+03
3.328000000e+03
3.328000000e+03
2.816000000e+03
3.200000000e+03
2.688000000e+03
2.048000000e+03
2.560000000e+03
2.432000000e+03
2.176000000e+03
2.432000000e+03
2.688000000e+03
2.560000000e+03
2.944000000e+03
2.816000000e+03
2.176000000e+03

-5.120000000e+02
-2.560000000e+02
-3.840000000e+02
-1.280000000e+02
-2.560000000e+02
-2.560000000e+02
6.400000000e+02
-1.280000000e+02
1.280000000e+02
-2.560000000e+02
-2.560000000e+02
2.560000000e+02
0.000000000e+00
-2.560000000e+02
3.840000000e+02
5.120000000e+02
-3.840000000e+02
-3.840000000e+02
-6.400000000e+02
-2.560000000e+02
2.560000000e+02
-3.840000000e+02
5.120000000e+02
-1.280000000e+02
5.120000000e+02
5.120000000e+02
2.560000000e+02
1.280000000e+02
-6.400000000e+02
6.400000000e+02
