1.240600000e+04
1.174600000e+04
1.031000000e+04
1.211200000e+04
1.165900000e+04
1.124400000e+04
1.177900000e+04
1.153100000e+04
1.157000000e+04
1.163500000e+04
1.159200000e+04
1.120500000e+04
1.130100000e+04
1.118500000e+04
1.168400000e+04
1.167700000e+04
1.166400000e+04
1.146500000e+04
1.109900000e+04
1.009400000e+04
1.147300000e+04
1.261700000e+04
1.076000000e+04
1.184400000e+04
1.057800000e+04
1.219100000e+04
1.141100000e+04
1.123300000e+04
1.124600000e+04
1.079500000e+04

1.041300000e+04
1.025100000e+04
9.975000000e+03
9.324000000e+03
9.959000000e+03
8.970000000e+03
9.768000000e+03
9.476000000e+03
9.387000000e+03
9.930000000e+03
9.832000000e+03
9.094000000e+03
9.369000000e+03
9.572000000e+03
9.675000000e+03
9.195000000e+03
8.560000000e+03
9.386000000e+03
9.129000000e+03
1.021900000e+04
9.972000000e+03
1.004300000e+04
8.980000000e+03
9.859000000e+03
9.556000000e+03
9.687000000e+03
9.595000000e+03
9.833000000e+03
9.694000000e+03
9.919000000e+03
