4.728940000e+05
4.569260000e+05
4.675250000e+05
4.151730000e+05
5.155230000e+05
4.928200000e+05
5.352810000e+05
4.351710000e+05
4.702500000e+05
4.248390000e+05
5.264280000e+05
4.735540000e+05
5.213830000e+05
4.541480000e+05
4.548340000e+05
4.313910000e+05
4.550590000e+05
2.459638000e+06
4.268620000e+05
4.166340000e+05
5.081240000e+05
4.491210000e+05
2.432468000e+06
4.778170000e+05
4.824800000e+05
5.317240000e+05
4.719640000e+05
4.777550000e+05
4.453640000e+05
4.397010000e+05

4.249180000e+05
3.855050000e+05
3.355612000e+06
4.521340000e+05
4.203170000e+05
3.627880000e+05
4.165040000e+05
4.150010000e+05
4.049860000e+05
4.021990000e+05
3.912720000e+05
4.052860000e+05
4.312290000e+05
4.043210000e+05
3.906670000e+05
4.108530000e+05
4.210610000e+05
4.133140000e+05
3.748060000e+05
3.942720000e+05
4.227380000e+05
1.375761000e+06
4.258210000e+05
4.244970000e+05
4.252290000e+05
4.220440000e+05
3.930120000e+05
3.896800000e+05
3.635890000e+05
4.222250000e+05
