1.367289970e-06
1.407975039e-06
1.412473917e-06
1.357396247e-06
1.258571596e-06
1.359855526e-06
1.463317419e-06
1.295480221e-06
1.313979484e-06
1.319459918e-06
1.309392423e-06
1.326253724e-06
1.298135588e-06
1.462528478e-06
1.230955735e-06
1.354558526e-06
1.354354055e-06
1.330650685e-06
1.506667236e-06
1.361662032e-06
1.163368617e-06
1.348452184e-06
1.397554970e-06
1.346606438e-06
1.276533654e-06
1.332071283e-06
1.334825931e-06
1.381214467e-06
1.362101512e-06
1.233660722e-06

1.303068198e-06
1.287889850e-06
1.414861060e-06
1.260827681e-06
1.290614478e-06
1.382827080e-06
1.304818735e-06
1.384792148e-06
1.239050338e-06
1.346235261e-06
1.320974368e-06
1.347738253e-06
1.358463392e-06
1.320711733e-06
1.399410058e-06
1.486222945e-06
1.258046367e-06
1.313572020e-06
1.395170621e-06
1.432448787e-06
1.422980932e-06
1.274571899e-06
1.324740192e-06
1.394161400e-06
1.295701858e-06
1.399595207e-06
1.449542183e-06
1.431406153e-06
1.423016741e-06
1.368583063e-06
