2.120000000e+02
2.120000000e+02
1.740000000e+02
1.970000000e+02
2.740000000e+02
2.220000000e+02
2.070000000e+02
1.940000000e+02
2.070000000e+02
2.030000000e+02
1.960000000e+02
2.090000000e+02
2.300000000e+02
1.740000000e+02
1.810000000e+02
1.950000000e+02
1.900000000e+02
1.970000000e+02
1.710000000e+02
1.820000000e+02
2.250000000e+02
2.390000000e+02
2.070000000e+02
2.140000000e+02
1.980000000e+02
2.000000000e+02
2.260000000e+02
2.090000000e+02
1.900000000e+02
1.930000000e+02

2.120000000e+02
2.620000000e+02
1.670000000e+02
2.220000000e+02
2.420000000e+02
2.710000000e+02
2.130000000e+02
1.590000000e+02
1.580000000e+02
3.210000000e+02
2.130000000e+02
1.750000000e+02
1.810000000e+02
1.940000000e+02
2.210000000e+02
1.790000000e+02
2.010000000e+02
2.060000000e+02
2.030000000e+02
3.130000000e+02
2.060000000e+02
2.300000000e+02
2.300000000e+02
1.560000000e+02
2.310000000e+02
1.980000000e+02
2.090000000e+02
1.980000000e+02
2.060000000e+02
1.860000000e+02
