1.322882669e-06
1.203509655e-06
1.292553238e-06
1.063874425e-06
1.217849241e-06
1.307774740e-06
1.325544662e-06
1.303440852e-06
1.434719523e-06
1.315571778e-06
1.207898433e-06
1.141963409e-06
1.246233724e-06
1.085965621e-06
1.361378998e-06
1.140973709e-06
1.304657258e-06
1.332839426e-06
1.237444311e-06
1.240782232e-06
1.404920112e-06
1.247471926e-06
1.324223865e-06
1.196290181e-06
1.288859310e-06
1.227785120e-06
1.056433594e-06
1.143775543e-06
1.207868892e-06
1.089320068e-06

2.857897701e-06
2.542335222e-06
2.367305537e-06
2.772739143e-06
2.391399205e-06
3.383032146e-06
2.396426626e-06
2.969647849e-06
3.342923563e-06
2.839713807e-06
2.816511515e-06
2.078975885e-06
3.856765006e-06
3.114042036e-06
2.085250450e-06
4.092214471e-06
4.559841787e-06
3.034236646e-06
2.801487218e-06
2.854364531e-06
2.178293470e-06
3.552193055e-06
3.656416184e-06
2.281840992e-06
3.686183140e-06
4.474846064e-06
3.730145332e-06
2.784182845e-06
2.361217878e-06
3.537498379e-06
