1.934300000e+04
1.895200000e+04
1.881400000e+04
2.235200000e+04
1.915700000e+04
2.053700000e+04
2.054300000e+04
1.992300000e+04
1.719600000e+04
1.907000000e+04
2.012900000e+04
1.934100000e+04
1.880900000e+04
2.215900000e+04
2.047800000e+04
2.045000000e+04
1.702600000e+04
1.945700000e+04
1.873300000e+04
1.844000000e+04
1.849400000e+04
1.960200000e+04
1.896800000e+04
2.014300000e+04
1.975900000e+04
1.888800000e+04
2.025200000e+04
2.065800000e+04
2.011500000e+04
2.013900000e+04

2.411000000e+04
3.496700000e+04
3.732700000e+04
1.024003000e+06
2.357200000e+04
2.027194000e+06
3.723200000e+04
2.851800000e+04
2.984200000e+04
3.591900000e+04
4.995956000e+06
3.024489000e+06
2.948500000e+04
3.219000000e+04
3.592000000e+04
2.875900000e+04
1.023632000e+06
3.041211000e+06
3.343800000e+04
3.833900000e+04
4.006377000e+06
1.020762000e+06
4.013612000e+06
3.012388000e+06
2.037902000e+06
3.425800000e+04
3.160000000e+04
3.004500000e+04
4.223400000e+04
3.139200000e+04
