8.900000000e+01
8.100000000e+01
9.300000000e+01
1.060000000e+02
9.900000000e+01
6.400000000e+01
7.900000000e+01
8.300000000e+01
8.900000000e+01
1.240000000e+02
9.200000000e+01
9.300000000e+01
9.200000000e+01
1.190000000e+02
9.700000000e+01
9.600000000e+01
1.120000000e+02
1.100000000e+02
1.180000000e+02
1.120000000e+02
1.260000000e+02
8.600000000e+01
9.700000000e+01
9.500000000e+01
8.800000000e+01
7.700000000e+01
1.090000000e+02
8.200000000e+01
9.700000000e+01
8.900000000e+01

1.170000000e+02
1.010000000e+02
1.000000000e+02
6.800000000e+01
1.090000000e+02
8.300000000e+01
1.170000000e+02
1.090000000e+02
1.520000000e+02
1.000000000e+02
1.280000000e+02
9.100000000e+01
9.700000000e+01
9.000000000e+01
8.500000000e+01
7.500000000e+01
9.600000000e+01
1.390000000e+02
7.900000000e+01
7.800000000e+01
1.020000000e+02
1.210000000e+02
1.040000000e+02
9.200000000e+01
9.200000000e+01
1.370000000e+02
7.000000000e+01
1.070000000e+02
1.200000000e+02
1.020000000e+02
