3.038200000e+04
2.448300000e+04
2.692600000e+04
2.810800000e+04
2.920100000e+04
2.848700000e+04
2.310900000e+04
2.388000000e+04
2.630900000e+04
2.359300000e+04
2.768100000e+04
2.826600000e+04
2.448000000e+04
3.288800000e+04
2.860300000e+04
2.350700000e+04
3.065800000e+04
2.780100000e+04
2.896000000e+04
2.729900000e+04
2.558100000e+04
2.265100000e+04
2.690100000e+04
2.478600000e+04
2.352000000e+04
2.628200000e+04
2.549700000e+04
2.534800000e+04
2.690300000e+04
2.837700000e+04

1.197940000e+05
1.123690000e+05
1.924890000e+05
1.177410000e+05
9.313600000e+04
1.266130000e+05
1.296270000e+05
1.629720000e+05
1.004730000e+05
1.319790000e+05
1.236680000e+05
7.786700000e+04
1.434080000e+05
1.438990000e+05
9.258300000e+04
9.167600000e+04
1.463240000e+05
1.123730000e+05
1.101380000e+05
1.001320000e+05
1.060630000e+05
1.383770000e+05
1.319410000e+05
2.001300000e+05
1.359560000e+05
6.644700000e+04
1.230730000e+05
1.146020000e+05
1.628530000e+05
1.248860000e+05
