5.313000000e+04
5.208800000e+04
5.556400000e+04
5.096800000e+04
5.616700000e+04
4.827400000e+04
5.602700000e+04
5.475600000e+04
4.821600000e+04
5.035400000e+04
5.036400000e+04
5.287500000e+04
4.891500000e+04
5.021800000e+04
5.154400000e+04
5.423800000e+04
4.893900000e+04
4.935800000e+04
5.452200000e+04
5.528200000e+04
5.338600000e+04
4.965700000e+04
5.140600000e+04
5.185800000e+04
5.402900000e+04
5.372100000e+04
5.376100000e+04
5.191100000e+04
5.153700000e+04
5.587500000e+04

1.162420000e+05
1.039990000e+05
1.128750000e+05
1.092840000e+05
1.142470000e+05
1.086450000e+05
1.139240000e+05
1.072950000e+05
9.989600000e+04
1.118250000e+05
1.056460000e+05
1.174170000e+05
1.019820000e+05
1.079620000e+05
1.163170000e+05
1.087560000e+05
1.138540000e+05
1.136450000e+05
1.054670000e+05
1.056150000e+05
1.179780000e+05
1.061190000e+05
1.113330000e+05
1.101360000e+05
1.094870000e+05
1.001350000e+05
1.006800000e+05
1.118410000e+05
1.146900000e+05
9.447600000e+04
