Number of sample populations = 3. Total number of values in the input = 90
2.47434e-07 2 1
2.4758e-07 2 2
2.52777e-07 2 3
2.60782e-07 1 4
2.66406e-07 2 5
2.66515e-07 2 6
2.67529e-07 1 7
2.67748e-07 1 8
2.68636e-07 1 9
2.69709e-07 1 10
2.698e-07 2 11
2.70083e-07 2 12
2.72331e-07 2 13
2.73335e-07 1 14
2.7426e-07 1 15
2.74398e-07 2 16
2.74464e-07 1 17
2.74481e-07 1 18
2.76395e-07 1 19
2.77858e-07 2 20
2.78066e-07 1 21
2.79041e-07 1 22
2.79638e-07 1 23
2.79829e-07 2 24
2.80339e-07 1 25
2.81247e-07 1 26
2.81855e-07 2 27
2.83399e-07 2 28
2.8396e-07 2 29
2.84422e-07 1 30
2.84779e-07 2 31
2.86985e-07 2 32
2.87152e-07 2 33
2.8799e-07 1 34
2.88129e-07 2 35
2.88261e-07 0 36
2.8972e-07 1 37
2.89725e-07 2 38
2.89895e-07 2 39
2.9006e-07 1 40
2.9057e-07 2 41
2.92147e-07 1 42
2.93227e-07 1 43
2.93876e-07 1 44
2.94333e-07 2 45
2.97851e-07 2 46
3.01429e-07 2 47
3.01912e-07 2 48
3.03129e-07 2 49
3.0434e-07 2 50
3.05967e-07 1 51
3.06567e-07 2 52
3.06809e-07 0 53
3.0794e-07 1 54
3.08067e-07 0 55
3.08387e-07 1 56
3.11116e-07 0 57
3.11793e-07 0 58
3.15417e-07 1 59
3.15762e-07 0 60
3.16023e-07 0 61
3.16414e-07 2 62
3.17761e-07 0 63
3.18201e-07 1 64
3.19456e-07 1 65
3.22335e-07 2 66
3.23883e-07 1 67
3.24846e-07 0 68
3.251e-07 0 69
3.30369e-07 1 70
3.31789e-07 0 71
3.32207e-07 0 72
3.35635e-07 0 73
3.36173e-07 0 74
3.39004e-07 0 75
3.39175e-07 0 76
3.42994e-07 0 77
3.45752e-07 0 78
3.54827e-07 0 79
3.57174e-07 0 80
3.66041e-07 0 81
3.66512e-07 0 82
3.68936e-07 0 83
3.70837e-07 0 84
3.72854e-07 0 85
3.73121e-07 0 86
3.73478e-07 0 87
3.79986e-07 0 88
3.84163e-07 0 89
3.84297e-07 0 90
Total number of ties =0
Number of samples = 30; sum = 2190
Number of samples = 30; sum = 994
Number of samples = 30; sum = 911
Corrected T value =50.0309
p-value to accept the null hypothesis that all distribution functions are identical = 1.36752504e-11
