3.080960000e+05
3.289600000e+05
3.051520000e+05
2.502400000e+05
2.511360000e+05
2.575360000e+05
2.561280000e+05
2.480640000e+05
3.996160000e+05
2.652160000e+05
2.562560000e+05
2.639360000e+05
3.144960000e+05
3.248640000e+05
3.938560000e+05
3.079680000e+05
2.600960000e+05
2.588160000e+05
2.598400000e+05
3.153920000e+05
2.438400000e+05
2.631680000e+05
2.478080000e+05
3.050240000e+05
2.533120000e+05
2.410240000e+05
3.910400000e+05
2.588160000e+05
3.028480000e+05
3.228160000e+05

2.816000000e+04
2.841600000e+04
3.916800000e+04
2.393600000e+04
2.316800000e+04
2.700800000e+04
2.854400000e+04
2.432000000e+04
2.777600000e+04
2.009600000e+04
2.329600000e+04
2.073600000e+04
2.752000000e+04
2.240000000e+04
2.700800000e+04
2.854400000e+04
2.790400000e+04
3.008000000e+04
2.688000000e+04
2.547200000e+04
2.419200000e+04
2.803200000e+04
3.097600000e+04
2.649600000e+04
2.483200000e+04
2.752000000e+04
2.944000000e+04
2.700800000e+04
2.342400000e+04
2.432000000e+04
