4.380000000e+02
3.760000000e+02
3.970000000e+02
4.480000000e+02
4.780000000e+02
4.780000000e+02
3.770000000e+02
4.260000000e+02
4.500000000e+02
3.740000000e+02
4.400000000e+02
4.670000000e+02
4.480000000e+02
3.630000000e+02
4.120000000e+02
4.400000000e+02
4.390000000e+02
3.850000000e+02
4.380000000e+02
3.890000000e+02
4.450000000e+02
3.710000000e+02
4.370000000e+02
4.830000000e+02
3.820000000e+02
3.760000000e+02
3.700000000e+02
4.470000000e+02
4.270000000e+02
4.150000000e+02

3.730000000e+02
5.110000000e+02
4.250000000e+02
4.100000000e+02
4.340000000e+02
5.320000000e+02
4.150000000e+02
3.970000000e+02
4.240000000e+02
4.590000000e+02
4.820000000e+02
5.650000000e+02
4.110000000e+02
5.250000000e+02
5.030000000e+02
3.770000000e+02
5.350000000e+02
5.340000000e+02
5.270000000e+02
4.050000000e+02
2.920000000e+02
4.160000000e+02
4.350000000e+02
6.220000000e+02
3.940000000e+02
4.860000000e+02
5.580000000e+02
5.340000000e+02
4.010000000e+02
2.750000000e+02
