5.050000000e+02
3.650000000e+02
6.190000000e+02
4.190000000e+02
6.360000000e+02
5.840000000e+02
4.720000000e+02
5.990000000e+02
4.390000000e+02
3.390000000e+02
5.820000000e+02
4.040000000e+02
6.180000000e+02
5.570000000e+02
5.440000000e+02
4.730000000e+02
4.330000000e+02
3.430000000e+02
6.060000000e+02
4.100000000e+02
6.140000000e+02
6.130000000e+02
4.600000000e+02
4.850000000e+02
4.350000000e+02
5.980000000e+02
3.800000000e+02
3.530000000e+02
3.650000000e+02
4.860000000e+02

4.464000000e+03
2.350000000e+03
2.056000000e+03
4.136000000e+03
2.064000000e+03
1.986000000e+03
2.312000000e+03
4.343000000e+03
3.044000000e+03
2.783000000e+03
2.040000000e+03
2.688000000e+03
2.446000000e+03
3.929000000e+03
2.502000000e+03
1.650000000e+03
1.699000000e+03
2.891000000e+03
3.139000000e+03
4.884000000e+03
2.315000000e+03
2.028000000e+03
2.722000000e+03
2.904000000e+03
2.533000000e+03
2.439000000e+03
3.547000000e+03
2.007000000e+03
3.158000000e+03
3.542000000e+03
