2.480900000e+04
2.722400000e+04
2.667300000e+04
2.914400000e+04
2.715300000e+04
2.778200000e+04
2.522600000e+04
2.854700000e+04
2.474800000e+04
2.429900000e+04
2.873500000e+04
2.654700000e+04
2.561300000e+04
2.569400000e+04
2.365700000e+04
2.795000000e+04
2.906200000e+04
2.845600000e+04
2.563000000e+04
2.501300000e+04
2.993800000e+04
2.646200000e+04
2.677400000e+04
2.713700000e+04
2.897300000e+04
2.965300000e+04
2.644800000e+04
2.471600000e+04
2.842900000e+04
2.589800000e+04

2.174400000e+04
2.125600000e+04
2.002400000e+04
2.017200000e+04
2.068200000e+04
1.899200000e+04
1.852700000e+04
1.875100000e+04
2.258400000e+04
1.986400000e+04
2.120400000e+04
2.056300000e+04
2.041400000e+04
2.329500000e+04
2.192500000e+04
1.930600000e+04
1.931900000e+04
2.091000000e+04
1.826300000e+04
2.095800000e+04
2.017000000e+04
2.190000000e+04
2.069300000e+04
2.126400000e+04
2.094800000e+04
2.026200000e+04
1.955200000e+04
2.120300000e+04
2.133400000e+04
2.113900000e+04
