7.641600000e+04
6.169600000e+04
6.681600000e+04
5.542400000e+04
7.436800000e+04
7.040000000e+04
5.862400000e+04
6.848000000e+04
6.387200000e+04
6.323200000e+04
8.102400000e+04
7.782400000e+04
5.964800000e+04
7.398400000e+04
6.988800000e+04
6.528000000e+04
6.630400000e+04
8.716800000e+04
7.449600000e+04
7.436800000e+04
6.310400000e+04
6.067200000e+04
6.092800000e+04
7.910400000e+04
7.782400000e+04
8.704000000e+04
6.860800000e+04
6.003200000e+04
7.385600000e+04
5.862400000e+04

3.123200000e+04
2.649600000e+04
2.956800000e+04
3.404800000e+04
5.043200000e+04
3.148800000e+04
3.532800000e+04
2.598400000e+04
3.596800000e+04
1.000021760e+09
3.020800000e+04
2.000017920e+09
3.865600000e+04
3.084800000e+04
1.000031104e+09
3.686400000e+04
3.392000000e+04
3.072000000e+04
1.000025216e+09
3.443200000e+04
3.814400000e+04
2.304000000e+04
2.841600000e+04
2.969600000e+04
2.867200000e+04
1.000018688e+09
3.315200000e+04
3.596800000e+04
2.841600000e+04
3.532800000e+04
