1.757418410e-05
1.682880225e-05
1.429215900e-05
1.464837809e-05
1.502294226e-05
1.422075356e-05
1.681771240e-05
1.523758644e-05
1.380481817e-05
1.650302286e-05
1.401481852e-05
1.546743080e-05
1.610546302e-05
1.289493198e-05
1.818521423e-05
1.630082126e-05
1.348090536e-05
1.358648262e-05
1.337147864e-05
1.384365949e-05
1.458068797e-05
1.530462521e-05
1.773711851e-05
1.542741028e-05
1.244333662e-05
1.353307525e-05
1.595845394e-05
1.306857939e-05
1.494998353e-05
1.586181823e-05

3.682962796e-05
3.272872336e-05
2.786408427e-05
4.319744431e-05
3.351763087e-05
3.361689564e-05
3.436414771e-05
3.713485077e-05
3.635603454e-05
4.338747174e-05
3.113662379e-05
3.049397721e-05
3.186419927e-05
3.575279523e-05
4.187579397e-05
4.352558653e-05
3.430003137e-05
3.562180685e-05
3.264752448e-05
2.863172794e-05
4.233869139e-05
3.404004253e-05
4.295935596e-05
3.297245629e-05
2.702992646e-05
2.448233328e-05
3.090967719e-05
2.524373731e-05
2.943159137e-05
3.546389144e-05
