1.981696000e+06
2.505472000e+06
3.555456000e+06
2.727296000e+06
2.543616000e+06
2.297216000e+06
2.513024000e+06
2.706304000e+06
2.769920000e+06
2.729856000e+06
2.554368000e+06
2.897920000e+06
2.580224000e+06
2.193664000e+06
2.848256000e+06
2.168320000e+06
2.665216000e+06
2.114944000e+06
3.133696000e+06
2.778240000e+06
2.946432000e+06
1.956992000e+06
2.411008000e+06
2.225664000e+06
2.732928000e+06
2.263424000e+06
3.244544000e+06
2.185856000e+06
2.699776000e+06
2.503040000e+06

3.498227200e+07
3.271385600e+07
3.153779200e+07
2.899238400e+07
3.190464000e+07
3.435916800e+07
3.221030400e+07
3.054131200e+07
3.425804800e+07
4.266483200e+07
3.721100800e+07
3.263641600e+07
2.971315200e+07
3.301568000e+07
2.855244800e+07
3.110323200e+07
3.302080000e+07
3.172403200e+07
3.055987200e+07
3.254041600e+07
3.000038400e+07
2.877158400e+07
2.805043200e+07
3.822809600e+07
3.297036800e+07
3.692633600e+07
3.514982400e+07
3.098329600e+07
3.794688000e+07
2.846169600e+07
