8.192000000e+03
7.040000000e+03
8.704000000e+03
7.680000000e+03
7.296000000e+03
6.272000000e+03
6.656000000e+03
9.472000000e+03
7.552000000e+03
8.832000000e+03
6.400000000e+03
7.936000000e+03
8.576000000e+03
8.576000000e+03
8.448000000e+03
6.272000000e+03
7.552000000e+03
8.576000000e+03
7.040000000e+03
7.936000000e+03
7.168000000e+03
6.528000000e+03
7.808000000e+03
6.144000000e+03
7.424000000e+03
5.888000000e+03
7.040000000e+03
4.992000000e+03
8.576000000e+03
6.400000000e+03

3.000064000e+09
2.000077952e+09
1.000086784e+09
4.000065792e+09
1.000081664e+09
2.000070528e+09
2.000072448e+09
4.000064384e+09
4.000049792e+09
1.000073088e+09
2.000077440e+09
1.000076416e+09
3.000060928e+09
4.000051584e+09
3.000067584e+09
8.576000000e+04
2.000089984e+09
2.000075648e+09
3.000065024e+09
4.000055168e+09
5.000047232e+09
7.000036096e+09
8.473600000e+04
3.000065664e+09
4.000056832e+09
3.000065408e+09
3.000061440e+09
1.000077056e+09
1.000080128e+09
2.000075904e+09
