1.753270000e+05
1.690000000e+05
1.541300000e+05
1.765170000e+05
1.846790000e+05
1.717720000e+05
2.149319000e+06
1.967200000e+05
9.109098000e+06
1.943840000e+05
1.552230000e+05
2.165517000e+06
1.906000000e+05
2.158246000e+06
1.720480000e+05
1.749450000e+05
1.718790000e+05
1.714730000e+05
2.157374000e+06
1.659880000e+05
2.148759000e+06
1.950270000e+05
1.724500000e+05
1.920120000e+05
1.772710000e+05
1.159150000e+06
3.151553000e+06
1.833790000e+05
6.122083000e+06
1.749850000e+05

4.043910000e+05
3.855790000e+05
3.685180000e+05
4.265800000e+05
4.069620000e+05
4.333970000e+05
3.871520000e+05
4.476100000e+05
3.888350000e+05
3.883340000e+05
4.121900000e+05
3.825200000e+05
3.833770000e+05
3.580560000e+05
3.374020000e+05
3.547740000e+05
3.549030000e+05
3.777140000e+05
4.174510000e+05
4.065010000e+05
3.684620000e+05
3.971850000e+05
3.959860000e+05
3.728240000e+05
4.066750000e+05
3.989690000e+05
3.703850000e+05
4.320330000e+05
3.613380000e+05
4.177060000e+05
