5.257800000e+04
5.153600000e+04
5.501200000e+04
5.041600000e+04
5.561500000e+04
4.772200000e+04
5.547500000e+04
5.420400000e+04
4.766400000e+04
4.980200000e+04
4.981200000e+04
5.232300000e+04
4.836300000e+04
4.966600000e+04
5.099200000e+04
5.368600000e+04
4.838700000e+04
4.880600000e+04
5.397000000e+04
5.473000000e+04
5.283400000e+04
4.910500000e+04
5.085400000e+04
5.130600000e+04
5.347700000e+04
5.316900000e+04
5.320900000e+04
5.135900000e+04
5.098500000e+04
5.532300000e+04

6.830900000e+04
6.985600000e+04
7.173500000e+04
7.001900000e+04
7.137600000e+04
6.653800000e+04
6.441600000e+04
6.623000000e+04
7.606400000e+04
6.501500000e+04
7.083700000e+04
7.167100000e+04
6.925900000e+04
7.687000000e+04
6.890400000e+04
7.031800000e+04
6.789100000e+04
6.669100000e+04
7.060300000e+04
7.696900000e+04
6.802000000e+04
6.397000000e+04
6.837100000e+04
6.358600000e+04
7.003600000e+04
6.616000000e+04
7.031900000e+04
7.213700000e+04
7.087300000e+04
7.052000000e+04
