1.751897000e+06
1.941701000e+06
1.840447000e+06
1.614085000e+06
2.483949000e+06
2.002170000e+06
2.043371000e+06
1.899515000e+06
1.646056000e+06
2.183154000e+06
1.821051000e+06
1.992734000e+06
1.884449000e+06
1.697060000e+06
2.044900000e+06
2.216463000e+06
1.843658000e+06
1.750376000e+06
1.712583000e+06
1.752156000e+06
1.873453000e+06
1.642874000e+06
1.788066000e+06
2.007853000e+06
2.301888000e+06
1.618985000e+06
2.040094000e+06
1.745357000e+06
2.016800000e+06
2.171097000e+06

4.678894600e+07
4.865347100e+07
4.889269100e+07
4.971827700e+07
4.957284800e+07
5.264413500e+07
5.072659900e+07
4.797321600e+07
5.079199200e+07
4.889411700e+07
5.331617900e+07
4.985474300e+07
5.457330700e+07
5.155560000e+07
5.538300500e+07
5.357369400e+07
4.611783900e+07
5.076486300e+07
5.060560800e+07
5.168688400e+07
4.894138600e+07
5.518265300e+07
5.125369300e+07
5.178487200e+07
5.419180800e+07
5.202915400e+07
4.968683500e+07
5.061833600e+07
5.356717400e+07
4.992595000e+07
