1.789600000e+04
1.943400000e+04
1.791600000e+04
1.840700000e+04
1.773900000e+04
1.843500000e+04
1.762000000e+04
1.755500000e+04
1.777100000e+04
1.746200000e+04
1.842300000e+04
1.903800000e+04
1.698700000e+04
1.691300000e+04
1.790100000e+04
1.819800000e+04
1.847500000e+04
1.744900000e+04
1.983200000e+04
1.781500000e+04
1.923200000e+04
1.837300000e+04
1.822700000e+04
1.714600000e+04
1.853200000e+04
1.803700000e+04
1.723600000e+04
1.719100000e+04
1.619000000e+04
1.722500000e+04

2.275000000e+04
2.114300000e+04
1.764000000e+04
2.071300000e+04
2.118200000e+04
1.998400000e+04
2.151000000e+04
2.426900000e+04
2.295100000e+04
2.118200000e+04
2.093800000e+04
2.205300000e+04
2.101200000e+04
2.109400000e+04
2.039100000e+04
2.286000000e+04
2.096000000e+04
2.136600000e+04
2.111200000e+04
2.060500000e+04
2.211200000e+04
2.049800000e+04
2.254900000e+04
2.005800000e+04
2.225200000e+04
2.135900000e+04
2.140200000e+04
2.125100000e+04
2.336100000e+04
2.434000000e+04
