1.571125200e+07
1.140646220e+08
1.094638500e+07
1.177022900e+07
1.165866300e+07
1.136605400e+07
8.774716000e+06
6.959921600e+07
1.329588100e+07
1.121259700e+07
1.194222200e+07
1.185814000e+07
1.104242400e+07
1.210601800e+07
1.248790700e+07
1.140792400e+07
1.176719900e+07
1.965614700e+07
1.241058100e+07
1.184427200e+07
1.281472800e+07
1.097162900e+07
1.233066180e+08
1.125838600e+07
3.945981000e+07
1.500792100e+07
8.735103000e+06
1.125235000e+07
2.984750300e+07
7.670448900e+07

9.995762200e+07
6.340587700e+07
6.786168400e+07
8.215950400e+07
6.428749500e+07
6.306193100e+07
6.938993000e+07
9.020359100e+07
7.204754000e+07
6.985276900e+07
7.118750800e+07
7.421225000e+07
7.794440600e+07
7.587876300e+07
6.078737100e+07
6.448372000e+07
5.529858700e+07
7.334864500e+07
7.314896600e+07
9.894577500e+07
7.244739200e+07
6.274916200e+07
6.865304900e+07
6.787525300e+07
7.320699000e+07
7.028661800e+07
7.821760400e+07
6.659880100e+07
7.078399300e+07
7.655946600e+07
