1.125606400e+07
1.042534400e+07
1.475904000e+07
9.799168000e+06
8.362752000e+06
1.318156800e+07
1.283379200e+07
1.163392000e+07
1.135193600e+07
1.022054400e+07
1.400089600e+07
1.167667200e+07
1.411315200e+07
1.320614400e+07
1.312678400e+07
1.158604800e+07
1.068262400e+07
1.141888000e+07
1.328550400e+07
1.249472000e+07
1.423680000e+07
1.590182400e+07
1.011136000e+07
1.262963200e+07
9.414528000e+06
1.546444800e+07
1.490393600e+07
1.130073600e+07
1.004544000e+07
1.170560000e+07

8.410176000e+07
7.447577600e+07
1.032323840e+08
9.568230400e+07
7.905612800e+07
9.308032000e+07
7.090483200e+07
6.839603200e+07
8.650368000e+07
7.543206400e+07
6.075788800e+07
7.359308800e+07
7.486489600e+07
7.890496000e+07
8.753113600e+07
1.068067840e+08
7.817932800e+07
9.914048000e+07
7.166835200e+07
6.913625600e+07
8.764275200e+07
7.603123200e+07
8.986585600e+07
7.652684800e+07
8.175360000e+07
8.820710400e+07
7.201446400e+07
8.609024000e+07
6.933772800e+07
7.697536000e+07
