2.540800000e+05
2.394880000e+05
3.080960000e+05
2.599680000e+05
2.481920000e+05
3.272960000e+05
2.777600000e+05
2.677760000e+05
3.201280000e+05
3.057920000e+05
3.042560000e+05
2.652160000e+05
3.179520000e+05
2.590720000e+05
2.657280000e+05
2.949120000e+05
3.180800000e+05
2.583040000e+05
3.180800000e+05
3.210240000e+05
3.173120000e+05
2.503680000e+05
2.259200000e+05
2.528000000e+05
3.093760000e+05
2.387200000e+05
3.074560000e+05
2.403840000e+05
2.539520000e+05
2.421760000e+05

3.276800000e+04
2.752000000e+04
2.483200000e+04
2.688000000e+04
2.739200000e+04
2.380800000e+04
3.571200000e+04
3.276800000e+04
2.240000000e+04
3.200000000e+04
3.302400000e+04
2.675200000e+04
2.636800000e+04
2.086400000e+04
2.969600000e+04
2.176000000e+04
3.148800000e+04
2.995200000e+04
2.624000000e+04
1.996800000e+04
3.404800000e+04
2.713600000e+04
2.534400000e+04
2.547200000e+04
2.662400000e+04
2.368000000e+04
3.161600000e+04
3.392000000e+04
2.841600000e+04
3.097600000e+04
