Number of sample populations = 3. Total number of values in the input = 90
14 0 2.5
14 0 2.5
14 0 2.5
14 0 2.5
15 0 6.5
15 1 6.5
15 0 6.5
15 0 6.5
16 0 11
16 0 11
16 0 11
16 0 11
16 1 11
17 0 18
17 1 18
17 1 18
17 0 18
17 0 18
17 0 18
17 0 18
17 0 18
18 1 25
18 1 25
18 0 25
18 1 25
18 1 25
18 0 25
18 0 25
19 1 32
19 1 32
19 1 32
19 0 32
19 0 32
19 0 32
19 1 32
19 1 32
20 1 42
20 0 42
20 0 42
20 0 42
20 0 42
20 0 42
20 0 42
20 1 42
20 1 42
20 1 42
20 2 42
21 2 51
21 1 51
21 1 51
21 0 51
21 1 51
21 2 51
21 2 51
22 2 58
22 1 58
22 2 58
22 1 58
22 2 58
22 2 58
23 2 63
23 2 63
23 1 63
23 1 63
23 1 63
24 1 68
24 2 68
24 2 68
24 1 68
25 1 71
25 2 71
25 1 71
26 2 74
26 2 74
26 2 74
27 1 76
29 2 77
31 2 78
32 2 79
33 2 80
35 2 82
35 2 82
37 2 83
38 2 84
39 2 85
40 2 88
40 2 88
40 2 88
40 2 88
40 2 88
Total number of ties =67
Number of samples = 30; sum = 654
Number of samples = 30; sum = 1293
Number of samples = 30; sum = 2148
Corrected T value =55.1741
p-value to accept the null hypothesis that all distribution functions are identical = 1.04495545e-12
