1.409282172e-05
1.440756927e-05
1.690174641e-05
1.284095830e-05
1.544719425e-05
1.449928051e-05
1.329988219e-05
1.348648867e-05
1.400641725e-05
1.453860742e-05
1.491572508e-05
1.390996401e-05
1.419749407e-05
1.640596495e-05
1.362900996e-05
1.295204489e-05
1.355600273e-05
1.438916433e-05
1.302705256e-05
1.161655002e-05
1.388317825e-05
1.599348796e-05
1.357459397e-05
1.469477900e-05
1.241073190e-05
1.421682606e-05
1.412001466e-05
1.556987621e-05
1.602180035e-05
1.404668428e-05

7.871148975e-06
7.707428740e-06
8.680014035e-06
7.620351581e-06
8.631976797e-06
8.587428538e-06
8.208172431e-06
7.917256514e-06
1.054110319e-05
9.409395860e-06
7.815156736e-06
8.825985825e-06
8.718759984e-06
7.858536373e-06
8.084060379e-06
7.694891587e-06
9.466346142e-06
7.032797478e-06
7.402019225e-06
8.380025592e-06
8.878705972e-06
9.641992953e-06
8.344856126e-06
7.819171542e-06
7.987484148e-06
8.265712493e-06
8.210857258e-06
7.716771924e-06
8.403328443e-06
7.992944622e-06

1.195469156e-05
1.555907211e-05
1.259404800e-05
1.657441225e-05
1.436379721e-05
1.651272704e-05
1.235850257e-05
1.455840209e-05
1.640843820e-05
1.529363740e-05
1.245325497e-05
1.466448554e-05
1.252803681e-05
1.728174368e-05
1.286204834e-05
1.813899000e-05
1.410931284e-05
1.343943383e-05
1.495776105e-05
1.373789397e-05
1.345629852e-05
1.398709460e-05
1.566585938e-05
1.508203342e-05
1.947028025e-05
1.230144339e-05
1.442960737e-05
1.347290449e-05
1.605477868e-05
1.855357350e-05
