9.842000000e+03
9.244000000e+03
1.210100000e+04
7.565000000e+03
8.375000000e+03
7.958000000e+03
1.123900000e+04
1.021000000e+04
9.605000000e+03
8.610000000e+03
9.307000000e+03
8.912000000e+03
1.267600000e+04
9.219000000e+03
7.455000000e+03
7.572000000e+03
8.170000000e+03
1.051600000e+04
8.960000000e+03
1.060400000e+04
9.383000000e+03
8.859000000e+03
8.784000000e+03
1.008800000e+04
1.095800000e+04
8.353000000e+03
7.795000000e+03
7.912000000e+03
8.554000000e+03
8.711000000e+03

2.011138000e+06
2.007258000e+06
1.509800000e+04
2.011117000e+06
1.628600000e+04
3.007841000e+06
3.006257000e+06
1.013321000e+06
1.468600000e+04
1.011123000e+06
3.007347000e+06
2.007155000e+06
3.006945000e+06
4.006151000e+06
3.005085000e+06
5.002037000e+06
1.021667000e+06
1.014941000e+06
1.742600000e+04
2.009085000e+06
1.926400000e+04
2.013274000e+06
2.014401000e+06
1.747900000e+04
3.003606000e+06
1.557600000e+04
4.001557000e+06
1.699300000e+04
1.012633000e+06
1.010779000e+06
