1.978000000e+04
1.938900000e+04
1.925100000e+04
2.278900000e+04
1.959400000e+04
2.097400000e+04
2.098000000e+04
2.036000000e+04
1.763300000e+04
1.950700000e+04
2.056600000e+04
1.977800000e+04
1.924600000e+04
2.259600000e+04
2.091500000e+04
2.088700000e+04
1.746300000e+04
1.989400000e+04
1.917000000e+04
1.887700000e+04
1.893100000e+04
2.003900000e+04
1.940500000e+04
2.058000000e+04
2.019600000e+04
1.932500000e+04
2.068900000e+04
2.109500000e+04
2.055200000e+04
2.057600000e+04

1.814700000e+04
1.445500000e+04
1.673200000e+04
1.515000000e+04
1.569700000e+04
1.564200000e+04
1.618700000e+04
1.756900000e+04
1.679600000e+04
1.595800000e+04
1.409800000e+04
1.589000000e+04
1.568500000e+04
1.567200000e+04
1.703400000e+04
1.764000000e+04
1.635300000e+04
1.640200000e+04
1.692400000e+04
1.608700000e+04
1.757500000e+04
1.639900000e+04
1.631400000e+04
1.628100000e+04
1.476900000e+04
1.493000000e+04
1.532500000e+04
1.626700000e+04
1.724800000e+04
1.512900000e+04
