2948.0000000000 862.0000000000
1316.0000000000 1577.0000000000
1320.0000000000 1574.0000000000
29.0000000000 8743.0000000000
2719.0000000000 913.0000000000
2286.0000000000 1027.0000000000
95.0000000000 7048.0000000000
1805.0000000000 1228.0000000000
1839.0000000000 1205.0000000000
176.0000000000 5617.0000000000
1324.0000000000 1569.0000000000
659.0000000000 2681.0000000000
123.0000000000 6516.0000000000
2694.0000000000 917.0000000000
110.0000000000 6663.0000000000
69.0000000000 7611.0000000000
1310.0000000000 1581.0000000000
2265.0000000000 1043.0000000000
258.0000000000 4706.0000000000
206.0000000000 5225.0000000000
158.0000000000 5806.0000000000
177.0000000000 5583.0000000000
70.0000000000 7511.0000000000
126.0000000000 6348.0000000000
3803.0000000000 759.0000000000
3230.0000000000 818.0000000000
651.0000000000 2702.0000000000
140.0000000000 6116.0000000000
1764.0000000000 1239.0000000000
12.0000000000 9447.0000000000
22.0000000000 9150.0000000000
222.0000000000 5049.0000000000
3726.0000000000 763.0000000000
62.0000000000 7713.0000000000
129.0000000000 6276.0000000000
1299.0000000000 1601.0000000000
270.0000000000 4567.0000000000
387.0000000000 3754.0000000000
1309.0000000000 1583.0000000000
11.0000000000 9611.0000000000
2586.0000000000 942.0000000000
358.0000000000 3942.0000000000
2267.0000000000 1037.0000000000
3063.0000000000 848.0000000000
2611.0000000000 930.0000000000
4059.0000000000 738.0000000000
2.0000000000 10012.0000000000
3595.0000000000 776.0000000000
3193.0000000000 823.0000000000
7.0000000000 10002.0000000000
38.0000000000 8417.0000000000
3735.0000000000 762.0000000000
3504.0000000000 785.0000000000
65.0000000000 7645.0000000000
3065.0000000000 841.0000000000
237.0000000000 4948.0000000000
131.0000000000 6263.0000000000
371.0000000000 3901.0000000000
3072.0000000000 840.0000000000
4196.0000000000 731.0000000000
99.0000000000 6850.0000000000
1768.0000000000 1237.0000000000
1613.0000000000 1318.0000000000
200.0000000000 5263.0000000000
852.0000000000 2255.0000000000
134.0000000000 6181.0000000000
45.0000000000 8193.0000000000
178.0000000000 5582.0000000000
2467.0000000000 969.0000000000
2880.0000000000 876.0000000000
28.0000000000 8763.0000000000
2916.0000000000 870.0000000000
30.0000000000 8724.0000000000
216.0000000000 5085.0000000000
2199.0000000000 1053.0000000000
3420.0000000000 794.0000000000
3169.0000000000 827.0000000000
2142.0000000000 1069.0000000000
124.0000000000 6355.0000000000
51.0000000000 8014.0000000000
814.0000000000 2311.0000000000
3702.0000000000 765.0000000000
808.0000000000 2315.0000000000
58.0000000000 7899.0000000000
150.0000000000 5932.0000000000
2450.0000000000 973.0000000000
2153.0000000000 1065.0000000000
3472.0000000000 792.0000000000
218.0000000000 5064.0000000000
55.0000000000 7902.0000000000
86.0000000000 7136.0000000000
23.0000000000 8956.0000000000
160.0000000000 5777.0000000000
1288.0000000000 1618.0000000000
312.0000000000 4250.0000000000
396.0000000000 3703.0000000000
2390.0000000000 992.0000000000
3232.0000000000 817.0000000000
1053.0000000000 1895.0000000000
3202.0000000000 821.0000000000
1058.0000000000 1865.0000000000
3040.0000000000 854.0000000000
35.0000000000 8518.0000000000
1985.0000000000 1129.0000000000
17.0000000000 9208.0000000000
2866.0000000000 879.0000000000
3914.0000000000 751.0000000000
745.0000000000 2456.0000000000
2097.0000000000 1085.0000000000
4077.0000000000 737.0000000000
252.0000000000 4737.0000000000
410.0000000000 3626.0000000000
71.0000000000 7489.0000000000
3391.0000000000 798.0000000000
1.0000000000 10026.0000000000
692.0000000000 2617.0000000000
231.0000000000 5045.0000000000
115.0000000000 6557.0000000000
345.0000000000 4008.0000000000
1214.0000000000 1660.0000000000
297.0000000000 4347.0000000000
202.0000000000 5239.0000000000
267.0000000000 4593.0000000000
309.0000000000 4257.0000000000
50.0000000000 8043.0000000000
1893.0000000000 1169.0000000000
204.0000000000 5227.0000000000
347.0000000000 3995.0000000000
768.0000000000 2402.0000000000
3400.0000000000 796.0000000000
417.0000000000 3589.0000000000
807.0000000000 2317.0000000000
249.0000000000 4755.0000000000
2491.0000000000 960.0000000000
1471.0000000000 1417.0000000000
2370.0000000000 995.0000000000
169.0000000000 5651.0000000000
78.0000000000 7328.0000000000
2619.0000000000 928.0000000000
1518.0000000000 1385.0000000000
189.0000000000 5393.0000000000
64.0000000000 7661.0000000000
18.0000000000 9164.0000000000
383.0000000000 3777.0000000000
1725.0000000000 1253.0000000000
16.0000000000 9254.0000000000
770.0000000000 2400.0000000000
148.0000000000 5956.0000000000
37.0000000000 8450.0000000000
4010.0000000000 741.0000000000
571.0000000000 2946.0000000000
3712.0000000000 764.0000000000
3077.0000000000 839.0000000000
350.0000000000 3976.0000000000
3090.0000000000 837.0000000000
2749.0000000000 900.0000000000
278.0000000000 4499.0000000000
1663.0000000000 1298.0000000000
537.0000000000 3070.0000000000
0.0000000000 10092.0000000000
911.0000000000 2112.0000000000
2076.0000000000 1096.0000000000
2313.0000000000 1012.0000000000
2885.0000000000 872.0000000000
2454.0000000000 970.0000000000
2730.0000000000 906.0000000000
3922.0000000000 747.0000000000
1226.0000000000 1652.0000000000
4042.0000000000 739.0000000000
3950.0000000000 745.0000000000
946.0000000000 2045.0000000000
1616.0000000000 1316.0000000000
3425.0000000000 793.0000000000
750.0000000000 2444.0000000000
788.0000000000 2357.0000000000
1992.0000000000 1126.0000000000
2882.0000000000 873.0000000000
185.0000000000 5443.0000000000
2088.0000000000 1089.0000000000
2476.0000000000 964.0000000000
930.0000000000 2072.0000000000
668.0000000000 2654.0000000000
2057.0000000000 1100.0000000000
916.0000000000 2100.0000000000
541.0000000000 3051.0000000000
356.0000000000 3947.0000000000
3831.0000000000 754.0000000000
277.0000000000 4518.0000000000
106.0000000000 6703.0000000000
479.0000000000 3296.0000000000
4154.0000000000 733.0000000000
1530.0000000000 1373.0000000000
1523.0000000000 1378.0000000000
968.0000000000 2005.0000000000
1688.0000000000 1276.0000000000
354.0000000000 3951.0000000000
10.0000000000 9764.0000000000
2325.0000000000 1008.0000000000
520.0000000000 3129.0000000000
2740.0000000000 901.0000000000
1917.0000000000 1158.0000000000
199.0000000000 5273.0000000000
4134.0000000000 734.0000000000
475.0000000000 3309.0000000000
4267.0000000000 728.0000000000
923.0000000000 2087.0000000000
4241.0000000000 729.0000000000
2951.0000000000 860.0000000000
451.0000000000 3419.0000000000
283.0000000000 4482.0000000000
1007.0000000000 1940.0000000000
587.0000000000 2895.0000000000
2130.0000000000 1073.0000000000
653.0000000000 2697.0000000000
1177.0000000000 1703.0000000000
804.0000000000 2322.0000000000
532.0000000000 3084.0000000000
580.0000000000 2916.0000000000
608.0000000000 2863.0000000000
655.0000000000 2690.0000000000
963.0000000000 2016.0000000000
924.0000000000 2083.0000000000
1890.0000000000 1170.0000000000
1680.0000000000 1277.0000000000
247.0000000000 4774.0000000000
2632.0000000000 925.0000000000
940.0000000000 2054.0000000000
1720.0000000000 1255.0000000000
2147.0000000000 1067.0000000000
1617.0000000000 1315.0000000000
791.0000000000 2352.0000000000
3515.0000000000 783.0000000000
336.0000000000 4068.0000000000
1187.0000000000 1691.0000000000
584.0000000000 2903.0000000000
701.0000000000 2566.0000000000
220.0000000000 5057.0000000000
660.0000000000 2676.0000000000
1402.0000000000 1473.0000000000
673.0000000000 2644.0000000000
2309.0000000000 1013.0000000000
1990.0000000000 1127.0000000000
1093.0000000000 1812.0000000000
3635.0000000000 771.0000000000
917.0000000000 2096.0000000000
1213.0000000000 1661.0000000000
2398.0000000000 986.0000000000
1012.0000000000 1932.0000000000
168.0000000000 5727.0000000000
295.0000000000 4383.0000000000
323.0000000000 4213.0000000000
379.0000000000 3817.0000000000
407.0000000000 3648.0000000000
441.0000000000 3484.0000000000
463.0000000000 3383.0000000000
480.0000000000 3295.0000000000
512.0000000000 3163.0000000000
526.0000000000 3118.0000000000
564.0000000000 2982.0000000000
704.0000000000 2562.0000000000
733.0000000000 2497.0000000000
763.0000000000 2417.0000000000
817.0000000000 2299.0000000000
901.0000000000 2131.0000000000
976.0000000000 1997.0000000000
1055.0000000000 1868.0000000000
1089.0000000000 1824.0000000000
1104.0000000000 1800.0000000000
1136.0000000000 1758.0000000000
1173.0000000000 1711.0000000000
1236.0000000000 1640.0000000000
1253.0000000000 1622.0000000000
1372.0000000000 1504.0000000000
1357.0000000000 1522.0000000000
1385.0000000000 1490.0000000000
1400.0000000000 1479.0000000000
1461.0000000000 1426.0000000000
1458.0000000000 1432.0000000000
1517.0000000000 1388.0000000000
1522.0000000000 1381.0000000000
1605.0000000000 1326.0000000000
1607.0000000000 1322.0000000000
1674.0000000000 1286.0000000000
1729.0000000000 1251.0000000000
1753.0000000000 1243.0000000000
1846.0000000000 1200.0000000000
1876.0000000000 1179.0000000000
2014.0000000000 1119.0000000000
2118.0000000000 1080.0000000000
2180.0000000000 1057.0000000000
2289.0000000000 1022.0000000000
2447.0000000000 975.0000000000
2570.0000000000 943.0000000000
2600.0000000000 935.0000000000
2735.0000000000 904.0000000000
2874.0000000000 877.0000000000
2935.0000000000 864.0000000000
2986.0000000000 855.0000000000
3086.0000000000 838.0000000000
3360.0000000000 803.0000000000

116.0000000000 1612.0000000000
163.0000000000 1078.0000000000
111.0000000000 1727.0000000000
107.0000000000 1806.0000000000
105.0000000000 1857.0000000000
743.0000000000 327.0000000000
139.0000000000 1302.0000000000
547.0000000000 414.0000000000
121.0000000000 1550.0000000000
240.0000000000 758.0000000000
187.0000000000 935.0000000000
513.0000000000 437.0000000000
868.0000000000 294.0000000000
550.0000000000 413.0000000000
482.0000000000 459.0000000000
751.0000000000 323.0000000000
630.0000000000 369.0000000000
659.0000000000 361.0000000000
355.0000000000 581.0000000000
233.0000000000 778.0000000000
818.0000000000 304.0000000000
133.0000000000 1375.0000000000
587.0000000000 391.0000000000
236.0000000000 767.0000000000
385.0000000000 545.0000000000
215.0000000000 820.0000000000
235.0000000000 769.0000000000
266.0000000000 705.0000000000
277.0000000000 697.0000000000
673.0000000000 351.0000000000
272.0000000000 703.0000000000
776.0000000000 316.0000000000
172.0000000000 1031.0000000000
388.0000000000 544.0000000000
203.0000000000 871.0000000000
501.0000000000 445.0000000000
256.0000000000 723.0000000000
666.0000000000 354.0000000000
265.0000000000 712.0000000000
913.0000000000 285.0000000000
978.0000000000 277.0000000000
138.0000000000 1316.0000000000
102.0000000000 1906.0000000000
326.0000000000 616.0000000000
396.0000000000 533.0000000000
476.0000000000 467.0000000000
892.0000000000 289.0000000000
125.0000000000 1489.0000000000
408.0000000000 524.0000000000
281.0000000000 678.0000000000
286.0000000000 667.0000000000
494.0000000000 449.0000000000
503.0000000000 441.0000000000
570.0000000000 399.0000000000
606.0000000000 381.0000000000
489.0000000000 454.0000000000
416.0000000000 513.0000000000
250.0000000000 736.0000000000
392.0000000000 540.0000000000
601.0000000000 385.0000000000
736.0000000000 328.0000000000
622.0000000000 376.0000000000
152.0000000000 1172.0000000000
514.0000000000 435.0000000000
588.0000000000 390.0000000000
590.0000000000 388.0000000000
422.0000000000 510.0000000000
671.0000000000 353.0000000000
165.0000000000 1066.0000000000
344.0000000000 591.0000000000
275.0000000000 698.0000000000
308.0000000000 635.0000000000
244.0000000000 747.0000000000
398.0000000000 531.0000000000
126.0000000000 1461.0000000000
533.0000000000 422.0000000000
808.0000000000 309.0000000000
374.0000000000 558.0000000000
119.0000000000 1565.0000000000
130.0000000000 1407.0000000000
339.0000000000 600.0000000000
393.0000000000 537.0000000000
360.0000000000 572.0000000000
993.0000000000 275.0000000000
410.0000000000 519.0000000000
141.0000000000 1273.0000000000
183.0000000000 952.0000000000
530.0000000000 425.0000000000
432.0000000000 498.0000000000
200.0000000000 873.0000000000
178.0000000000 981.0000000000
906.0000000000 286.0000000000
199.0000000000 874.0000000000
787.0000000000 312.0000000000
144.0000000000 1239.0000000000
449.0000000000 484.0000000000
224.0000000000 791.0000000000
332.0000000000 606.0000000000
204.0000000000 859.0000000000
280.0000000000 679.0000000000
210.0000000000 840.0000000000
1072.0000000000 271.0000000000
109.0000000000 1752.0000000000
131.0000000000 1394.0000000000
273.0000000000 700.0000000000
771.0000000000 319.0000000000
304.0000000000 643.0000000000
523.0000000000 427.0000000000
929.0000000000 283.0000000000
302.0000000000 648.0000000000
158.0000000000 1116.0000000000
227.0000000000 785.0000000000
124.0000000000 1502.0000000000
841.0000000000 298.0000000000
214.0000000000 822.0000000000
114.0000000000 1658.0000000000
128.0000000000 1442.0000000000
495.0000000000 447.0000000000
967.0000000000 278.0000000000
604.0000000000 384.0000000000
100.0000000000 1954.0000000000
188.0000000000 924.0000000000
440.0000000000 492.0000000000
259.0000000000 717.0000000000
180.0000000000 971.0000000000
108.0000000000 1754.0000000000
313.0000000000 630.0000000000
811.0000000000 306.0000000000
707.0000000000 339.0000000000
221.0000000000 804.0000000000
480.0000000000 463.0000000000
954.0000000000 279.0000000000
103.0000000000 1868.0000000000
305.0000000000 641.0000000000
623.0000000000 372.0000000000
695.0000000000 343.0000000000
448.0000000000 487.0000000000
782.0000000000 314.0000000000
346.0000000000 587.0000000000
181.0000000000 963.0000000000
99.0000000000 1994.0000000000
481.0000000000 461.0000000000
97.0000000000 2138.0000000000
794.0000000000 310.0000000000
363.0000000000 571.0000000000
219.0000000000 807.0000000000
255.0000000000 725.0000000000
582.0000000000 392.0000000000
173.0000000000 1010.0000000000
175.0000000000 999.0000000000
1084.0000000000 270.0000000000
607.0000000000 379.0000000000
710.0000000000 336.0000000000
563.0000000000 403.0000000000
329.0000000000 614.0000000000
444.0000000000 491.0000000000
206.0000000000 848.0000000000
1023.0000000000 273.0000000000
112.0000000000 1675.0000000000
1184.0000000000 268.0000000000
321.0000000000 617.0000000000
228.0000000000 782.0000000000
916.0000000000 284.0000000000
101.0000000000 1919.0000000000
297.0000000000 650.0000000000
98.0000000000 2057.0000000000
106.0000000000 1815.0000000000
123.0000000000 1504.0000000000
136.0000000000 1332.0000000000
148.0000000000 1196.0000000000
149.0000000000 1186.0000000000
155.0000000000 1138.0000000000
164.0000000000 1068.0000000000
168.0000000000 1042.0000000000
176.0000000000 992.0000000000
190.0000000000 913.0000000000
198.0000000000 876.0000000000
194.0000000000 893.0000000000
216.0000000000 818.0000000000
223.0000000000 793.0000000000
230.0000000000 780.0000000000
243.0000000000 749.0000000000
260.0000000000 715.0000000000
278.0000000000 681.0000000000
285.0000000000 668.0000000000
292.0000000000 658.0000000000
291.0000000000 659.0000000000
309.0000000000 633.0000000000
333.0000000000 602.0000000000
367.0000000000 563.0000000000
378.0000000000 552.0000000000
380.0000000000 549.0000000000
424.0000000000 505.0000000000
413.0000000000 516.0000000000
428.0000000000 501.0000000000
425.0000000000 504.0000000000
462.0000000000 473.0000000000
483.0000000000 456.0000000000
515.0000000000 432.0000000000
535.0000000000 418.0000000000
557.0000000000 405.0000000000
553.0000000000 408.0000000000
575.0000000000 395.0000000000
592.0000000000 386.0000000000
638.0000000000 365.0000000000
645.0000000000 362.0000000000
688.0000000000 344.0000000000
684.0000000000 348.0000000000
700.0000000000 340.0000000000
722.0000000000 332.0000000000
758.0000000000 320.0000000000
823.0000000000 302.0000000000
844.0000000000 297.0000000000
847.0000000000 296.0000000000
877.0000000000 291.0000000000
880.0000000000 290.0000000000
942.0000000000 280.0000000000
939.0000000000 281.0000000000
981.0000000000 276.0000000000
1006.0000000000 274.0000000000
1039.0000000000 272.0000000000
1121.0000000000 269.0000000000

4935.0000000000 9800.0000000000
10453.0000000000 8802.0000000000
32910.0000000000 6337.0000000000
27.0000000000 18684.0000000000
32462.0000000000 6338.0000000000
76390.0000000000 1938.0000000000
50450.0000000000 4467.0000000000
23548.0000000000 7147.0000000000
48041.0000000000 4694.0000000000
22201.0000000000 7299.0000000000
52807.0000000000 4109.0000000000
54469.0000000000 4017.0000000000
35322.0000000000 5953.0000000000
67456.0000000000 2808.0000000000
76968.0000000000 1918.0000000000
46377.0000000000 4808.0000000000
36970.0000000000 5878.0000000000
32975.0000000000 6326.0000000000
53316.0000000000 4045.0000000000
30348.0000000000 6525.0000000000
49612.0000000000 4529.0000000000
67920.0000000000 2779.0000000000
56096.0000000000 3770.0000000000
50499.0000000000 4426.0000000000
63003.0000000000 3214.0000000000
33040.0000000000 6142.0000000000
54396.0000000000 4030.0000000000
41696.0000000000 5361.0000000000
38.0000000000 18429.0000000000
72884.0000000000 2303.0000000000
48650.0000000000 4624.0000000000
45130.0000000000 4945.0000000000
40149.0000000000 5468.0000000000
12701.0000000000 8446.0000000000
12617.0000000000 8469.0000000000
47789.0000000000 4732.0000000000
42849.0000000000 5216.0000000000
8633.0000000000 9034.0000000000
72654.0000000000 2311.0000000000
307.0000000000 15178.0000000000
57876.0000000000 3599.0000000000
17.0000000000 18950.0000000000
69235.0000000000 2521.0000000000
72885.0000000000 2282.0000000000
73978.0000000000 2163.0000000000
20.0000000000 18867.0000000000
50298.0000000000 4490.0000000000
11961.0000000000 8550.0000000000
17627.0000000000 7830.0000000000
299.0000000000 15242.0000000000
79.0000000000 17627.0000000000
55304.0000000000 3847.0000000000
64081.0000000000 3204.0000000000
64268.0000000000 3087.0000000000
74070.0000000000 2160.0000000000
8610.0000000000 9110.0000000000
75039.0000000000 2035.0000000000
71331.0000000000 2369.0000000000
78338.0000000000 1760.0000000000
59872.0000000000 3422.0000000000
47373.0000000000 4756.0000000000
42964.0000000000 5212.0000000000
21911.0000000000 7414.0000000000
64331.0000000000 2990.0000000000
58406.0000000000 3591.0000000000
50.0000000000 18152.0000000000
98.0000000000 17344.0000000000
43087.0000000000 5093.0000000000
50649.0000000000 4305.0000000000
68007.0000000000 2635.0000000000
57258.0000000000 3687.0000000000
43557.0000000000 5017.0000000000
16887.0000000000 7970.0000000000
16909.0000000000 7927.0000000000
57931.0000000000 3595.0000000000
70126.0000000000 2438.0000000000
335.0000000000 15143.0000000000
16979.0000000000 7915.0000000000
65538.0000000000 2866.0000000000
18039.0000000000 7781.0000000000
68133.0000000000 2623.0000000000
24150.0000000000 7105.0000000000
55243.0000000000 3853.0000000000
71014.0000000000 2375.0000000000
81638.0000000000 1420.0000000000
16238.0000000000 7998.0000000000
11668.0000000000 8607.0000000000
68690.0000000000 2621.0000000000
67.0000000000 17826.0000000000
17147.0000000000 7889.0000000000
82339.0000000000 1363.0000000000
80107.0000000000 1548.0000000000
16942.0000000000 7917.0000000000
38938.0000000000 5491.0000000000
19324.0000000000 7630.0000000000
17068.0000000000 7900.0000000000
77429.0000000000 1786.0000000000
83480.0000000000 1275.0000000000
84878.0000000000 1165.0000000000
81554.0000000000 1430.0000000000
87369.0000000000 992.0000000000
83050.0000000000 1310.0000000000
50539.0000000000 4317.0000000000
19994.0000000000 7552.0000000000
79973.0000000000 1572.0000000000
217.0000000000 15938.0000000000
58765.0000000000 3512.0000000000
53.0000000000 18150.0000000000
13.0000000000 19091.0000000000
22.0000000000 18814.0000000000
30445.0000000000 6391.0000000000
31.0000000000 18584.0000000000
93.0000000000 17394.0000000000
256.0000000000 15585.0000000000
106.0000000000 17217.0000000000
19932.0000000000 7559.0000000000
78767.0000000000 1663.0000000000
9.0000000000 19196.0000000000
84492.0000000000 1196.0000000000
86574.0000000000 1043.0000000000
19.0000000000 18894.0000000000
12793.0000000000 8436.0000000000
42.0000000000 18335.0000000000
87594.0000000000 978.0000000000
13903.0000000000 8290.0000000000
198.0000000000 16181.0000000000
295.0000000000 15273.0000000000
28107.0000000000 6641.0000000000
81567.0000000000 1427.0000000000
11847.0000000000 8560.0000000000
61550.0000000000 3245.0000000000
48.0000000000 18194.0000000000
138.0000000000 16791.0000000000
72.0000000000 17736.0000000000
33718.0000000000 6048.0000000000
118.0000000000 17042.0000000000
61427.0000000000 3266.0000000000
13259.0000000000 8373.0000000000
85440.0000000000 1125.0000000000
83467.0000000000 1281.0000000000
220.0000000000 15901.0000000000
9854.0000000000 8849.0000000000
88732.0000000000 910.0000000000
58.0000000000 18080.0000000000
254.0000000000 15597.0000000000
5602.0000000000 9605.0000000000
43.0000000000 18325.0000000000
38372.0000000000 5553.0000000000
10021.0000000000 8816.0000000000
12645.0000000000 8461.0000000000
33500.0000000000 6061.0000000000
58673.0000000000 3521.0000000000
89539.0000000000 871.0000000000
11429.0000000000 8617.0000000000
6.0000000000 19305.0000000000
74338.0000000000 2065.0000000000
5544.0000000000 9614.0000000000
78.0000000000 17634.0000000000
157.0000000000 16572.0000000000
1.0000000000 19525.0000000000
89253.0000000000 876.0000000000
78843.0000000000 1656.0000000000
8732.0000000000 9018.0000000000
12780.0000000000 8438.0000000000
437.0000000000 14361.0000000000
372.0000000000 14730.0000000000
41.0000000000 18348.0000000000
5685.0000000000 9576.0000000000
8644.0000000000 9033.0000000000
2.0000000000 19473.0000000000
178.0000000000 16319.0000000000
13997.0000000000 8278.0000000000
83506.0000000000 1273.0000000000
356.0000000000 14834.0000000000
250.0000000000 15631.0000000000
216.0000000000 15939.0000000000
90583.0000000000 815.0000000000
16205.0000000000 8002.0000000000
86313.0000000000 1061.0000000000
38892.0000000000 5496.0000000000
90049.0000000000 835.0000000000
76987.0000000000 1818.0000000000
10.0000000000 19164.0000000000
500.0000000000 14040.0000000000
297.0000000000 15253.0000000000
104.0000000000 17229.0000000000
42700.0000000000 5251.0000000000
154.0000000000 16583.0000000000
8798.0000000000 9004.0000000000
81815.0000000000 1409.0000000000
433.0000000000 14376.0000000000
5811.0000000000 9549.0000000000
554.0000000000 13797.0000000000
723.0000000000 13169.0000000000
37285.0000000000 5664.0000000000
90430.0000000000 823.0000000000
90708.0000000000 806.0000000000
179.0000000000 16310.0000000000
180.0000000000 16303.0000000000
633.0000000000 13481.0000000000
5868.0000000000 9537.0000000000
412.0000000000 14491.0000000000
5892.0000000000 9532.0000000000
3096.0000000000 10361.0000000000
648.0000000000 13426.0000000000
86600.0000000000 1042.0000000000
155.0000000000 16575.0000000000
3304.0000000000 10270.0000000000
920.0000000000 12626.0000000000
94.0000000000 17381.0000000000
10967.0000000000 8681.0000000000
146.0000000000 16752.0000000000
3557.0000000000 10170.0000000000
2894.0000000000 10473.0000000000
14151.0000000000 8261.0000000000
135.0000000000 16813.0000000000
837.0000000000 12841.0000000000
13812.0000000000 8302.0000000000
310.0000000000 15156.0000000000
990.0000000000 12454.0000000000
1159.0000000000 12116.0000000000
832.0000000000 12844.0000000000
52074.0000000000 4164.0000000000
408.0000000000 14514.0000000000
10955.0000000000 8683.0000000000
3161.0000000000 10331.0000000000
2457.0000000000 10696.0000000000
435.0000000000 14365.0000000000
512.0000000000 13984.0000000000
544.0000000000 13843.0000000000
5672.0000000000 9580.0000000000
0.0000000000 19599.0000000000
1110.0000000000 12277.0000000000
4657.0000000000 9821.0000000000
84733.0000000000 1182.0000000000
20791.0000000000 7464.0000000000
3072.0000000000 10371.0000000000
4088.0000000000 9985.0000000000
27302.0000000000 6729.0000000000
720.0000000000 13177.0000000000
23486.0000000000 7154.0000000000
79719.0000000000 1581.0000000000
2100.0000000000 10953.0000000000
2664.0000000000 10575.0000000000
117.0000000000 17047.0000000000
247.0000000000 15750.0000000000
289.0000000000 15375.0000000000
490.0000000000 14104.0000000000
510.0000000000 14019.0000000000
559.0000000000 13787.0000000000
625.0000000000 13520.0000000000
697.0000000000 13271.0000000000
733.0000000000 13148.0000000000
749.0000000000 13109.0000000000
794.0000000000 12956.0000000000
829.0000000000 12857.0000000000
878.0000000000 12732.0000000000
962.0000000000 12530.0000000000
1013.0000000000 12410.0000000000
1119.0000000000 12207.0000000000
1139.0000000000 12163.0000000000
1171.0000000000 12103.0000000000
1284.0000000000 11917.0000000000
1312.0000000000 11864.0000000000
1428.0000000000 11700.0000000000
1431.0000000000 11686.0000000000
1490.0000000000 11605.0000000000
1573.0000000000 11492.0000000000
1604.0000000000 11455.0000000000
1673.0000000000 11379.0000000000
1694.0000000000 11350.0000000000
1736.0000000000 11311.0000000000
1979.0000000000 11064.0000000000
1985.0000000000 11057.0000000000
2014.0000000000 11037.0000000000
2023.0000000000 11023.0000000000
2152.0000000000 10918.0000000000
2403.0000000000 10735.0000000000
2448.0000000000 10704.0000000000
2466.0000000000 10692.0000000000
2577.0000000000 10627.0000000000
2690.0000000000 10568.0000000000
2704.0000000000 10558.0000000000
3008.0000000000 10405.0000000000
3043.0000000000 10387.0000000000
3252.0000000000 10295.0000000000
3722.0000000000 10113.0000000000
3823.0000000000 10079.0000000000
4072.0000000000 9996.0000000000
4503.0000000000 9869.0000000000
5139.0000000000 9709.0000000000
5745.0000000000 9569.0000000000
6451.0000000000 9425.0000000000
7169.0000000000 9287.0000000000
7967.0000000000 9148.0000000000
9580.0000000000 8890.0000000000
15742.0000000000 8066.0000000000
26445.0000000000 6837.0000000000
55037.0000000000 3884.0000000000
85887.0000000000 1099.0000000000

