1.896294710e-07
1.850103539e-07
2.074662995e-07
1.970663898e-07
1.885070370e-07
1.827073622e-07
2.063433066e-07
1.854303136e-07
1.852784175e-07
1.952405233e-07
1.956756127e-07
1.928276315e-07
1.886337834e-07
1.808910766e-07
2.131662938e-07
1.976200020e-07
1.823448476e-07
2.069494138e-07
1.880397720e-07
2.171280863e-07
1.960865105e-07
1.940427201e-07
1.977415188e-07
2.096697704e-07
1.749558330e-07
2.002213167e-07
2.126028613e-07
1.858951834e-07
1.734092078e-07
1.764912008e-07

2.202254484e-07
2.024288594e-07
2.122909654e-07
2.159774687e-07
2.306990507e-07
2.501660971e-07
1.926075918e-07
2.086293323e-07
2.033426310e-07
2.090684137e-07
2.021525723e-07
2.342300253e-07
2.077360797e-07
2.117730417e-07
2.188102802e-07
2.097758780e-07
2.256449241e-07
2.066447035e-07
2.092411081e-07
2.043136081e-07
2.157961116e-07
1.989067073e-07
1.988403201e-07
2.238869617e-07
2.223103965e-07
2.161306422e-07
2.240636083e-07
2.213592996e-07
2.345644760e-07
2.176754709e-07
