3.584000000e+03
2.176000000e+03
2.560000000e+03
3.072000000e+03
3.840000000e+03
2.048000000e+03
3.584000000e+03
2.688000000e+03
3.840000000e+03
3.712000000e+03
2.432000000e+03
4.608000000e+03
5.120000000e+03
2.688000000e+03
4.608000000e+03
3.200000000e+03
2.304000000e+03
2.560000000e+03
3.584000000e+03
3.200000000e+03
3.456000000e+03
4.096000000e+03
4.352000000e+03
4.352000000e+03
3.328000000e+03
4.096000000e+03
4.352000000e+03
4.224000000e+03
4.096000000e+03
2.944000000e+03

1.199998797e+10
8.999997184e+09
8.999999872e+09
6.000007808e+09
5.000010880e+09
7.000006272e+09
9.000001280e+09
8.999997312e+09
8.000000000e+09
1.099999424e+10
9.999998848e+09
8.000000512e+09
1.399998515e+10
8.999994624e+09
9.999997184e+09
9.999993472e+09
1.199998784e+10
9.000000640e+09
1.299998656e+10
1.199999002e+10
8.000000896e+09
8.000002176e+09
8.999997056e+09
9.000001280e+09
5.000011648e+09
1.099999373e+10
7.000005632e+09
8.000001280e+09
5.000011136e+09
7.999997952e+09
