1.410000000e+02
9.100000000e+01
1.370000000e+02
1.200000000e+02
9.100000000e+01
8.100000000e+01
1.280000000e+02
1.080000000e+02
1.570000000e+02
1.180000000e+02
1.070000000e+02
8.400000000e+01
1.120000000e+02
1.170000000e+02
1.030000000e+02
8.700000000e+01
1.140000000e+02
1.220000000e+02
1.140000000e+02
1.130000000e+02
8.400000000e+01
1.220000000e+02
9.900000000e+01
1.080000000e+02
1.140000000e+02
1.270000000e+02
9.600000000e+01
9.100000000e+01
1.010000000e+02
9.300000000e+01

7.070000000e+02
4.930000000e+02
4.280000000e+02
4.520000000e+02
5.040000000e+02
5.110000000e+02
6.430000000e+02
5.040000000e+02
3.950000000e+02
3.900000000e+02
4.150000000e+02
5.480000000e+02
4.240000000e+02
4.950000000e+02
4.440000000e+02
5.720000000e+02
2.780000000e+02
3.340000000e+02
4.580000000e+02
5.290000000e+02
3.810000000e+02
4.540000000e+02
4.980000000e+02
5.300000000e+02
3.850000000e+02
5.830000000e+02
4.750000000e+02
5.630000000e+02
5.370000000e+02
4.580000000e+02
