2.314900000e+04
2.469300000e+04
2.325900000e+04
2.042400000e+04
1.997800000e+04
2.522700000e+04
2.556800000e+04
2.139700000e+04
2.549400000e+04
2.210100000e+04
2.486100000e+04
2.227500000e+04
2.403400000e+04
2.694800000e+04
2.391800000e+04
2.378400000e+04
2.504400000e+04
2.701300000e+04
2.642200000e+04
2.670500000e+04
2.695600000e+04
2.383800000e+04
2.090400000e+04
2.383600000e+04
2.290200000e+04
2.346000000e+04
2.491700000e+04
2.184100000e+04
2.315600000e+04
2.718700000e+04

6.568700000e+04
6.519600000e+04
6.184400000e+04
5.423300000e+04
5.698000000e+04
6.326200000e+04
6.248600000e+04
6.121900000e+04
4.834100000e+04
6.071000000e+04
5.938500000e+04
4.422900000e+04
5.246000000e+04
5.336300000e+04
5.328000000e+04
5.516100000e+04
6.484700000e+04
4.976500000e+04
5.353200000e+04
5.705700000e+04
6.026300000e+04
5.781700000e+04
6.386800000e+04
6.105100000e+04
5.878200000e+04
5.541500000e+04
6.555500000e+04
5.856900000e+04
5.399100000e+04
4.752800000e+04
