2.621957937e-06
2.440999834e-06
2.439932171e-06
2.423854422e-06
2.361184106e-06
2.356974889e-06
2.389142761e-06
2.380056742e-06
2.297473391e-06
2.511354734e-06
2.548986353e-06
2.286561466e-06
2.359024787e-06
2.379445804e-06
2.243658675e-06
2.336768402e-06
2.436064271e-06
2.292246490e-06
2.197501036e-06
2.285130130e-06
2.336681775e-06
2.442485941e-06
2.235285549e-06
2.597328660e-06
2.577491914e-06
2.322373805e-06
2.389275295e-06
2.364775719e-06
2.589487949e-06
2.347667912e-06

3.675492213e-06
3.466530226e-06
3.492014272e-06
4.254841653e-06
3.796662431e-06
4.066069986e-06
4.172875707e-06
3.725489448e-06
3.832462914e-06
3.932702614e-06
3.736194188e-06
3.770322058e-06
3.643132285e-06
3.710727946e-06
3.596279358e-06
3.707517051e-06
3.910520281e-06
3.700954822e-06
4.058453626e-06
3.881200270e-06
3.542365599e-06
3.836537561e-06
3.800713485e-06
3.642213963e-06
3.823932743e-06
3.892264371e-06
4.039390412e-06
3.876354367e-06
3.628673816e-06
3.865800685e-06
