1.980000000e+03 2.985000000e+03 
1.981000000e+03 2.984000000e+03 
1.982000000e+03 2.983000000e+03 
1.983000000e+03 2.982000000e+03 
1.984000000e+03 2.981000000e+03 
1.985000000e+03 2.980000000e+03 
1.986000000e+03 2.979000000e+03 
1.987000000e+03 2.978000000e+03 
1.988000000e+03 2.977000000e+03 
1.989000000e+03 2.976000000e+03 
1.990000000e+03 2.975000000e+03 
2.975000000e+03 1.990000000e+03 
2.976000000e+03 1.989000000e+03 
2.977000000e+03 1.988000000e+03 
2.978000000e+03 1.987000000e+03 
2.979000000e+03 1.986000000e+03 
2.980000000e+03 1.985000000e+03 
2.981000000e+03 1.984000000e+03 
2.982000000e+03 1.983000000e+03 
2.983000000e+03 1.982000000e+03 
2.984000000e+03 1.981000000e+03 
2.985000000e+03 1.980000000e+03 

