7.516652763e-07
7.140313019e-07
6.811444686e-07
7.263331260e-07
7.156067495e-07
7.063064793e-07
7.028510337e-07
6.995937515e-07
7.018856454e-07
7.596281026e-07
7.712441789e-07
7.357108811e-07
6.594589813e-07
7.001115155e-07
7.095116258e-07
7.637587572e-07
6.661028868e-07
7.709674925e-07
7.724547964e-07
7.228486185e-07
7.314721228e-07
7.207531315e-07
7.195629531e-07
7.245920898e-07
7.802214952e-07
7.292279335e-07
7.937794457e-07
6.823954054e-07
7.434204542e-07
7.613534901e-07

1.370166534e-06
1.266632905e-06
1.137851317e-06
9.358000622e-07
1.191153340e-06
1.088932085e-06
1.153989066e-06
1.336508803e-06
1.044555602e-06
1.102941652e-06
1.316031339e-06
1.172137830e-06
1.273234615e-06
1.134302299e-06
1.105509593e-06
1.037682635e-06
1.313109785e-06
1.177890878e-06
1.144563007e-06
1.021618978e-06
9.234799548e-07
1.020598900e-06
1.201820794e-06
1.121710016e-06
1.175711519e-06
1.183472948e-06
9.444431274e-07
1.194963955e-06
1.155407946e-06
1.000578041e-06
