4.013538501e-07
4.356204426e-07
4.259017298e-07
4.261690748e-07
4.051327685e-07
4.179207398e-07
4.040410730e-07
3.949049145e-07
4.249366609e-07
4.427488986e-07
4.712806066e-07
3.877749416e-07
4.417850273e-07
4.022064241e-07
3.640693365e-07
3.988850702e-07
3.606627930e-07
4.297303088e-07
3.634008342e-07
4.073673371e-07
4.390282236e-07
4.241275599e-07
3.719721230e-07
4.375914586e-07
3.802733123e-07
4.075504907e-07
3.911570540e-07
3.877599715e-07
4.340538574e-07
4.361980069e-07

4.875811491e-07
4.882787932e-07
4.782342124e-07
5.429613732e-07
5.001312364e-07
4.682512683e-07
4.994426143e-07
4.838706539e-07
4.535735185e-07
4.409775630e-07
5.778112785e-07
5.026042479e-07
5.152008820e-07
4.816792788e-07
5.007747088e-07
4.952613810e-07
5.004805374e-07
4.569346728e-07
5.174540135e-07
4.749988064e-07
5.333813029e-07
4.590914371e-07
4.778281449e-07
5.183726553e-07
4.987772258e-07
4.910304072e-07
4.429325311e-07
4.468874573e-07
4.759087456e-07
4.714020037e-07
