7.078400000e+04
7.168000000e+04
7.590400000e+04
7.308800000e+04
8.192000000e+04
7.782400000e+04
7.347200000e+04
7.385600000e+04
8.332800000e+04
6.361600000e+04
7.436800000e+04
7.232000000e+04
7.859200000e+04
7.884800000e+04
7.654400000e+04
7.577600000e+04
7.411200000e+04
7.820800000e+04
6.822400000e+04
7.142400000e+04
7.283200000e+04
7.884800000e+04
7.206400000e+04
7.744000000e+04
7.705600000e+04
7.923200000e+04
7.321600000e+04
7.475200000e+04
6.988800000e+04
8.217600000e+04

4.000327680e+09
3.000329856e+09
2.000307712e+09
2.000305920e+09
4.000321920e+09
3.000335872e+09
2.000358144e+09
1.000343424e+09
3.000294656e+09
5.000295040e+09
2.000372224e+09
2.000351104e+09
2.000349312e+09
3.000317696e+09
6.000269952e+09
3.592960000e+05
4.000296448e+09
2.000352000e+09
3.000333696e+09
2.000321792e+09
3.000340480e+09
5.000281216e+09
1.000362880e+09
3.000316800e+09
2.000339968e+09
3.000345984e+09
2.000360832e+09
3.000329216e+09
2.000337920e+09
3.000301568e+09
