5.634688178e-07
5.441464419e-07
5.753709616e-07
6.569678860e-07
5.409888802e-07
5.695833027e-07
5.517390491e-07
5.567378864e-07
5.708035011e-07
6.366079861e-07
5.969570078e-07
5.731588280e-07
5.241673401e-07
5.346433376e-07
4.857670192e-07
5.225186392e-07
5.395810971e-07
5.066977368e-07
5.658005520e-07
5.723222620e-07
5.946053535e-07
5.543075096e-07
5.573822770e-07
6.034664225e-07
5.562249927e-07
4.777039135e-07
6.591387421e-07
5.383185036e-07
5.462982561e-07
4.813691394e-07

9.480070759e-07
9.715775514e-07
9.546126582e-07
9.477139026e-07
9.611057455e-07
8.465979957e-07
9.559142936e-07
1.037950180e-06
1.044839594e-06
1.024902368e-06
9.622146466e-07
9.016645674e-07
9.423128701e-07
9.313002663e-07
1.059432793e-06
9.593993999e-07
1.012883977e-06
8.610963046e-07
9.979303394e-07
9.032168213e-07
1.019885687e-06
9.646126482e-07
9.265639836e-07
9.485631632e-07
9.884308279e-07
1.064694424e-06
9.880517465e-07
1.052063140e-06
1.048419910e-06
8.589044904e-07
