1.387233942e-06
1.275796489e-06
1.262030674e-06
1.280182233e-06
1.377967684e-06
1.051649886e-06
1.119942992e-06
1.104008157e-06
1.069820886e-06
8.625343470e-07
1.274000482e-06
1.104083367e-06
1.116076928e-06
1.097990758e-06
1.072622121e-06
1.369160068e-06
1.289959229e-06
1.234346830e-06
1.189499090e-06
1.267675459e-06
1.247620389e-06
1.139134150e-06
1.256813593e-06
1.112136852e-06
1.226085760e-06
1.215594633e-06
1.376608843e-06
1.282180953e-06
1.033383238e-06
1.263324405e-06

3.547842281e-06
5.005812639e-06
4.167276511e-06
7.416783681e-06
5.187835132e-06
4.929238863e-06
4.584907351e-06
3.516441993e-06
3.245368292e-06
3.218633268e-06
4.674209298e-06
5.003209887e-06
5.354329097e-06
5.119471767e-06
7.479151044e-06
4.227268587e-06
4.014085048e-06
4.109440761e-06
5.224546592e-06
8.479764973e-06
4.450649202e-06
7.278865456e-06
1.221549661e-05
5.474849934e-06
5.856879213e-06
4.360199512e-06
4.754634926e-06
4.372780138e-06
3.127818549e-06
8.451412227e-06
