2.961871912e-05
3.253300595e-05
3.239949499e-05
2.792846173e-05
2.911766473e-05
2.826777788e-05
3.244066165e-05
3.029594863e-05
3.180609430e-05
2.998122814e-05
2.913290991e-05
3.319184286e-05
2.840485116e-05
3.132907466e-05
3.058728602e-05
3.074306411e-05
3.157718355e-05
3.153155382e-05
3.427279726e-05
2.830710862e-05
3.361406267e-05
2.908696888e-05
3.086498490e-05
3.217355278e-05
3.271775263e-05
3.118587265e-05
3.181210527e-05
3.168647542e-05
3.400747058e-05
2.882389142e-05

1.661230304e-04
1.364020168e-04
1.548452468e-04
1.490284720e-04
1.523220090e-04
1.485106862e-04
1.737294754e-04
1.657974823e-04
1.636390444e-04
1.599440475e-04
1.490742053e-04
1.736634535e-04
1.446732183e-04
1.579263356e-04
1.501517157e-04
1.541666686e-04
1.570913986e-04
1.274762038e-04
1.859529572e-04
1.731521563e-04
1.312301257e-04
1.638173434e-04
1.630904103e-04
1.331110369e-04
1.574969760e-04
1.385181894e-04
1.886161530e-04
1.641418454e-04
1.261074102e-04
1.438603699e-04
