6.311554168e-07
6.194703985e-07
6.498736415e-07
5.985316969e-07
6.488022255e-07
5.951679877e-07
6.069415088e-07
6.298748192e-07
5.937818813e-07
6.561376273e-07
5.584324955e-07
6.127431797e-07
6.186286828e-07
6.126613434e-07
6.697773342e-07
6.125334793e-07
6.972631351e-07
5.741767113e-07
5.325522419e-07
6.467425070e-07
6.120850566e-07
5.752240555e-07
5.797634921e-07
5.925525412e-07
7.068826863e-07
5.963628767e-07
6.554890850e-07
6.218992583e-07
7.129396064e-07
6.408851076e-07

6.658550228e-07
6.485115671e-07
6.949288859e-07
6.371987640e-07
6.271725864e-07
7.419687191e-07
6.434849453e-07
6.525069722e-07
5.974627957e-07
6.321983698e-07
6.464393136e-07
6.138282085e-07
6.652236861e-07
5.900667153e-07
6.282631642e-07
6.432556043e-07
6.531791472e-07
6.243256431e-07
6.868070577e-07
7.541683476e-07
6.471892929e-07
7.299430625e-07
7.368463290e-07
7.320125614e-07
7.507910656e-07
6.562032959e-07
7.323432996e-07
7.021757050e-07
6.802111362e-07
6.552661312e-07
