1.753367269e-06
2.266094021e-06
2.099158460e-06
2.072809145e-06
1.941192270e-06
2.160120594e-06
1.982810951e-06
2.152152898e-06
1.990728029e-06
1.918136046e-06
2.090184377e-06
2.025112466e-06
1.905711587e-06
2.250125375e-06
1.805163305e-06
2.241789614e-06
2.182368436e-06
2.117636765e-06
2.112816889e-06
2.105431428e-06
1.907272504e-06
1.921361352e-06
2.337237463e-06
1.831355494e-06
2.032526191e-06
2.019018660e-06
2.036615129e-06
2.061650872e-06
1.815981817e-06
1.919840875e-06

2.564023504e-06
3.208604296e-06
2.568669487e-06
2.587432103e-06
2.726848610e-06
1.939080456e-06
3.063168114e-06
2.520012570e-06
3.077949617e-06
2.598718679e-06
2.408328410e-06
2.439532491e-06
2.669222041e-06
2.882833804e-06
2.422805681e-06
2.670832579e-06
2.574952275e-06
2.864724560e-06
3.009383577e-06
2.610483857e-06
2.782863085e-06
2.421831071e-06
3.129613278e-06
2.746757253e-06
2.838706503e-06
2.820916141e-06
2.760657319e-06
2.694236268e-06
2.568731683e-06
2.697107922e-06
