5.000000000e+02
4.730000000e+02
5.540000000e+02
4.980000000e+02
4.950000000e+02
5.810000000e+02
6.030000000e+02
6.270000000e+02
4.080000000e+02
5.010000000e+02
4.850000000e+02
4.720000000e+02
5.090000000e+02
5.840000000e+02
5.500000000e+02
5.900000000e+02
4.760000000e+02
5.060000000e+02
4.900000000e+02
5.460000000e+02
5.070000000e+02
4.690000000e+02
4.810000000e+02
4.820000000e+02
5.190000000e+02
5.300000000e+02
5.620000000e+02
6.520000000e+02
5.400000000e+02
4.790000000e+02

3.498000000e+03
3.156000000e+03
2.701000000e+03
2.140000000e+03
4.242000000e+03
1.466000000e+03
3.701000000e+03
3.324000000e+03
1.836000000e+03
3.569000000e+03
3.983000000e+03
5.011000000e+03
1.884000000e+03
2.973000000e+03
1.987000000e+03
3.574000000e+03
1.654000000e+03
2.631000000e+03
3.009000000e+03
4.280000000e+03
3.457000000e+03
2.943000000e+03
2.949000000e+03
2.929000000e+03
3.354000000e+03
2.346000000e+03
3.406000000e+03
3.411000000e+03
2.414000000e+03
2.271000000e+03
