Number of sample populations = 3. Total number of values in the input = 90
31288 0 1
31843 0 2
32813 0 3
33008 0 4
33172 0 5
33248 0 6
33889 0 7
34179 0 8
34259 0 9
34567 0 10
34781 0 11
35083 0 12
35294 0 13
35556 0 14
35914 0 15
35985 0 16
37030 0 17
37946 0 18
38544 0 19
38926 0 20
38971 0 21
39246 0 22
39263 0 23
40226 0 24
40717 0 25
40913 0 26
41482 0 27
41662 0 28
42299 0 29
42962 0 30
67539 1 31
67626 1 32
67835 1 33
70499 1 34
70850 1 35
71233 1 36
71973 1 37
73925 1 38
73969 1 39
74712 1 40
75134 1 41
75482 1 42
75561 1 43
77709 1 44
78138 1 45
78879 1 46
80207 1 47
81481 1 48
81956 1 49
83064 1 50
86339 1 51
88648 1 52
89684 1 53
89948 1 54
91631 1 55
96619 1 56
100041 1 57
100475 1 58
108184 1 59
109573 1 60
161678 2 61
171086 2 62
172719 2 63
173910 2 64
174618 2 65
174970 2 66
175003 2 67
176284 2 68
176841 2 69
178990 2 70
181332 2 71
184119 2 72
186377 2 73
188333 2 74
204126 2 75
205754 2 76
206368 2 77
207189 2 78
209784 2 79
215857 2 80
220977 2 81
227646 2 82
230340 2 83
246600 2 84
252720 2 85
281051 2 86
303217 2 87
355487 2 88
363706 2 89
375845 2 90
Total number of ties =0
Number of samples = 30; sum = 465
Number of samples = 30; sum = 1365
Number of samples = 30; sum = 2265
Corrected T value =79.1209
p-value to accept the null hypothesis that all distribution functions are identical = 6.59355142e-18
