6.504600000e+04
6.966000000e+04
6.213300000e+04
6.765300000e+04
7.072500000e+04
5.982600000e+04
6.409500000e+04
6.426500000e+04
6.277500000e+04
7.215300000e+04
6.360200000e+04
6.442200000e+04
6.963200000e+04
6.545500000e+04
6.402000000e+04
6.719500000e+04
6.958800000e+04
6.935200000e+04
5.966800000e+04
6.355100000e+04
6.199600000e+04
6.716200000e+04
6.696300000e+04
6.393400000e+04
6.081800000e+04
6.395100000e+04
6.530700000e+04
6.224000000e+04
6.264700000e+04
6.350000000e+04

1.124340000e+05
1.081955000e+06
1.027870000e+05
1.004070000e+05
1.076650000e+05
1.284640000e+05
7.068116000e+06
1.021200000e+05
1.271370000e+05
9.108600000e+04
1.172660000e+05
1.204400000e+05
1.266310000e+05
1.170310000e+05
1.082460000e+05
1.099675000e+06
1.151640000e+05
1.264480000e+05
1.092750000e+05
1.089998000e+06
1.173410000e+05
1.122505000e+06
7.077951000e+06
5.164691000e+06
1.002411700e+07
9.678000000e+04
1.063410000e+05
1.098376000e+06
1.090877000e+06
1.093643000e+06
