1.005000000e+03
1.014000000e+03
8.960000000e+02
8.760000000e+02
1.104000000e+03
8.580000000e+02
8.320000000e+02
9.070000000e+02
8.930000000e+02
1.075000000e+03
9.660000000e+02
9.680000000e+02
8.910000000e+02
1.084000000e+03
8.550000000e+02
8.180000000e+02
9.020000000e+02
9.080000000e+02
1.136000000e+03
9.280000000e+02
9.700000000e+02
1.050000000e+03
9.040000000e+02
1.002000000e+03
9.380000000e+02
8.650000000e+02
8.460000000e+02
9.300000000e+02
9.780000000e+02
9.750000000e+02

9.360000000e+02
1.089000000e+03
8.620000000e+02
1.007000000e+03
1.020000000e+03
1.124000000e+03
1.029000000e+03
8.930000000e+02
7.370000000e+02
8.510000000e+02
9.530000000e+02
9.910000000e+02
9.630000000e+02
1.042000000e+03
8.840000000e+02
8.110000000e+02
8.960000000e+02
1.141000000e+03
1.057000000e+03
8.960000000e+02
1.085000000e+03
9.540000000e+02
1.113000000e+03
1.102000000e+03
1.091000000e+03
8.060000000e+02
8.590000000e+02
1.180000000e+03
7.830000000e+02
1.121000000e+03
