2.841600000e+04
2.316800000e+04
2.816000000e+04
2.956800000e+04
2.496000000e+04
2.291200000e+04
3.289600000e+04
2.432000000e+04
2.355200000e+04
2.816000000e+04
2.662400000e+04
2.956800000e+04
3.264000000e+04
2.764800000e+04
2.457600000e+04
2.841600000e+04
2.700800000e+04
3.136000000e+04
2.982400000e+04
2.803200000e+04
3.148800000e+04
3.264000000e+04
2.841600000e+04
2.560000000e+04
2.931200000e+04
2.828800000e+04
3.187200000e+04
2.995200000e+04
2.393600000e+04
3.020800000e+04

3.417600000e+04
2.892800000e+04
2.624000000e+04
2.828800000e+04
2.880000000e+04
2.521600000e+04
3.712000000e+04
3.417600000e+04
2.380800000e+04
3.340800000e+04
3.443200000e+04
2.816000000e+04
2.777600000e+04
2.227200000e+04
3.110400000e+04
2.316800000e+04
3.289600000e+04
3.136000000e+04
2.764800000e+04
2.137600000e+04
3.545600000e+04
2.854400000e+04
2.675200000e+04
2.688000000e+04
2.803200000e+04
2.508800000e+04
3.302400000e+04
3.532800000e+04
2.982400000e+04
3.238400000e+04
