7.240000000e+02
4.870000000e+02
7.880000000e+02
3.730000000e+02
6.610000000e+02
7.920000000e+02
8.870000000e+02
7.310000000e+02
7.460000000e+02
7.290000000e+02
7.560000000e+02
8.570000000e+02
1.025000000e+03
7.890000000e+02
6.920000000e+02
7.650000000e+02
7.270000000e+02
7.370000000e+02
4.220000000e+02
8.000000000e+02
7.480000000e+02
8.800000000e+02
6.610000000e+02
8.660000000e+02
7.030000000e+02
8.310000000e+02
8.110000000e+02
7.640000000e+02
8.240000000e+02
7.500000000e+02

3.605000000e+03
3.029000000e+03
3.806000000e+03
2.421000000e+03
1.873000000e+03
3.437000000e+03
3.108000000e+03
2.928000000e+03
2.161000000e+03
3.141000000e+03
3.074000000e+03
3.468000000e+03
2.700000000e+03
2.130000000e+03
2.523000000e+03
3.388000000e+03
4.271000000e+03
2.957000000e+03
3.605000000e+03
3.657000000e+03
2.000000000e+03
3.827000000e+03
3.781000000e+03
2.090000000e+03
2.303000000e+03
2.174000000e+03
3.097000000e+03
3.593000000e+03
2.499000000e+03
2.270000000e+03
