Number of sample populations = 3. Total number of values in the input = 90
3.20387e-07 0 1
3.23881e-07 0 2
3.25754e-07 0 3
3.311e-07 0 4
3.34176e-07 0 5
3.3427e-07 0 6
3.35934e-07 0 7
3.38923e-07 0 8
3.39145e-07 0 9
3.40385e-07 0 10
3.41613e-07 0 11
3.45402e-07 0 12
3.47738e-07 0 13
3.48132e-07 0 14
3.49155e-07 0 15
3.49185e-07 0 16
3.52069e-07 0 17
3.53679e-07 1 18
3.54075e-07 0 19
3.56721e-07 0 20
3.58408e-07 0 21
3.59305e-07 0 22
3.65108e-07 0 23
3.6576e-07 0 24
3.66221e-07 0 25
3.66284e-07 1 26
3.66375e-07 1 27
3.67685e-07 0 28
3.68824e-07 0 29
3.69731e-07 1 30
3.72193e-07 0 31
3.72722e-07 0 32
3.74617e-07 1 33
3.76612e-07 0 34
3.81967e-07 1 35
3.85329e-07 0 36
3.88535e-07 1 37
3.89183e-07 1 38
3.92183e-07 1 39
3.92612e-07 1 40
3.95368e-07 1 41
3.95813e-07 1 42
3.95967e-07 1 43
3.97963e-07 1 44
3.99534e-07 1 45
3.99645e-07 1 46
4.02365e-07 1 47
4.03737e-07 1 48
4.05742e-07 1 49
4.11313e-07 1 50
4.12531e-07 1 51
4.13767e-07 1 52
4.16795e-07 1 53
4.20438e-07 1 54
4.24863e-07 1 55
4.33077e-07 1 56
4.37366e-07 1 57
4.41424e-07 1 58
4.42075e-07 1 59
4.45513e-07 1 60
5.23626e-07 2 61
5.36326e-07 2 62
5.42799e-07 2 63
5.4608e-07 2 64
5.47737e-07 2 65
5.48939e-07 2 66
5.5281e-07 2 67
5.54199e-07 2 68
5.55992e-07 2 69
5.56182e-07 2 70
5.58808e-07 2 71
5.69403e-07 2 72
5.72444e-07 2 73
5.73077e-07 2 74
5.75937e-07 2 75
5.80562e-07 2 76
5.84513e-07 2 77
5.87505e-07 2 78
5.87553e-07 2 79
5.89292e-07 2 80
5.89947e-07 2 81
5.92576e-07 2 82
5.95558e-07 2 83
5.97304e-07 2 84
5.98428e-07 2 85
5.99708e-07 2 86
6.00428e-07 2 87
6.19132e-07 2 88
6.33535e-07 2 89
6.38032e-07 2 90
Total number of ties =0
Number of samples = 30; sum = 497
Number of samples = 30; sum = 1333
Number of samples = 30; sum = 2265
Corrected T value =76.4077
p-value to accept the null hypothesis that all distribution functions are identical = 2.56020726e-17
