1.152399414e-05
1.251472098e-05
1.220247371e-05
1.392302029e-05
1.619120305e-05
1.751375382e-05
1.150254123e-05
1.293072032e-05
1.393024607e-05
1.111709623e-05
1.246329372e-05
1.519874296e-05
1.246007864e-05
1.282690737e-05
1.282665200e-05
1.423960995e-05
1.407830836e-05
1.419085922e-05
1.182773037e-05
1.369521177e-05
1.473436874e-05
1.381049781e-05
1.239948988e-05
1.213241621e-05
1.261122699e-05
1.480406500e-05
1.479853458e-05
1.536795262e-05
1.291532549e-05
1.435679985e-05

2.615279888e-05
2.666264268e-05
2.219026088e-05
2.362863398e-05
1.871864196e-05
2.235693142e-05
1.848972251e-05
3.061058073e-05
2.337877427e-05
2.704509731e-05
1.783627969e-05
2.616582577e-05
1.845963763e-05
2.675110850e-05
2.759779332e-05
3.018580606e-05
2.616461016e-05
2.082067327e-05
2.341043910e-05
2.981568068e-05
2.771110638e-05
2.488576777e-05
2.935688194e-05
2.731399356e-05
1.964017912e-05
2.498537250e-05
2.374461382e-05
3.581430782e-05
3.362549456e-05
1.970779909e-05
