6.118948532e-06
5.283293838e-06
5.821687512e-06
6.316926458e-06
5.943487390e-06
5.712774766e-06
7.213782806e-06
6.723525492e-06
6.864326190e-06
6.272099796e-06
5.929670238e-06
6.125892477e-06
5.938638492e-06
7.106314970e-06
6.482141422e-06
6.496622445e-06
6.473384225e-06
6.256529712e-06
6.815358254e-06
6.870269816e-06
6.622004077e-06
6.381316573e-06
6.593868496e-06
6.834339952e-06
7.015436418e-06
6.131967920e-06
6.197288334e-06
5.768442295e-06
6.865492655e-06
6.334393666e-06

1.448433969e-05
1.542864920e-05
1.421226048e-05
1.519007275e-05
1.165906930e-05
1.283517024e-05
1.392207342e-05
1.461201764e-05
1.468632388e-05
1.492465937e-05
1.659570301e-05
1.432239985e-05
1.362880972e-05
1.539511718e-05
1.798326214e-05
1.355177655e-05
1.650281759e-05
1.303494293e-05
1.501718371e-05
1.759077726e-05
1.806225866e-05
1.753428370e-05
1.149381968e-05
1.410699108e-05
1.545519692e-05
1.752696918e-05
1.510439048e-05
1.515976883e-05
1.255191599e-05
1.725772626e-05
