3.420000000e+02
3.790000000e+02
3.590000000e+02
4.300000000e+02
2.600000000e+02
3.200000000e+02
4.100000000e+02
3.440000000e+02
3.530000000e+02
3.470000000e+02
3.980000000e+02
2.930000000e+02
3.560000000e+02
3.030000000e+02
4.060000000e+02
4.250000000e+02
3.810000000e+02
3.320000000e+02
4.260000000e+02
4.490000000e+02
4.450000000e+02
3.690000000e+02
3.720000000e+02
4.040000000e+02
4.250000000e+02
4.100000000e+02
3.090000000e+02
4.150000000e+02
4.190000000e+02
3.300000000e+02

1.765000000e+03
1.097000000e+03
1.083000000e+03
8.110000000e+02
1.507000000e+03
9.930000000e+02
1.031000000e+03
1.588000000e+03
8.320000000e+02
1.099000000e+03
1.580000000e+03
9.960000000e+02
9.600000000e+02
1.100000000e+03
1.354000000e+03
1.252000000e+03
8.420000000e+02
1.001000000e+03
1.247000000e+03
1.504000000e+03
1.311000000e+03
1.240000000e+03
7.510000000e+02
1.216000000e+03
8.020000000e+02
1.206000000e+03
1.386000000e+03
7.930000000e+02
1.158000000e+03
1.316000000e+03
