9.620480000e+05
6.581760000e+05
7.650560000e+05
7.525120000e+05
6.705920000e+05
6.465280000e+05
8.144640000e+05
7.139840000e+05
9.045760000e+05
7.688960000e+05
7.444480000e+05
7.566080000e+05
9.064960000e+05
7.802880000e+05
9.140480000e+05
7.141120000e+05
7.660800000e+05
6.848000000e+05
8.083200000e+05
7.394560000e+05
8.007680000e+05
7.809280000e+05
6.234880000e+05
7.251200000e+05
7.710720000e+05
8.456960000e+05
8.712960000e+05
7.960320000e+05
7.569920000e+05
9.122560000e+05

9.514752000e+06
8.233728000e+06
8.531968000e+06
1.054707200e+07
8.823040000e+06
1.028198400e+07
7.759360000e+06
9.397120000e+06
8.393472000e+06
1.024550400e+07
7.722368000e+06
8.487680000e+06
9.516928000e+06
9.840128000e+06
9.545216000e+06
8.595584000e+06
8.020096000e+06
8.889600000e+06
8.272384000e+06
8.396160000e+06
9.729792000e+06
6.919680000e+06
9.856640000e+06
8.910592000e+06
8.156160000e+06
8.356352000e+06
7.880960000e+06
9.303680000e+06
7.939584000e+06
9.014528000e+06
