2.207232000e+06
2.322432000e+06
2.183040000e+06
2.100992000e+06
2.061184000e+06
2.170240000e+06
2.265856000e+06
2.050176000e+06
1.893760000e+06
2.083328000e+06
2.312448000e+06
2.116992000e+06
1.748352000e+06
2.182784000e+06
2.030720000e+06
2.041216000e+06
1.951744000e+06
1.882496000e+06
2.154240000e+06
2.069248000e+06
2.153088000e+06
2.164224000e+06
2.238592000e+06
1.986304000e+06
2.177280000e+06
2.015488000e+06
2.041472000e+06
2.193024000e+06
2.097536000e+06
2.164096000e+06

2.044083200e+07
2.519180800e+07
1.887782400e+07
1.992537600e+07
2.012044800e+07
1.938112000e+07
2.187750400e+07
1.840332800e+07
2.303321600e+07
2.146457600e+07
2.245721600e+07
2.921382400e+07
3.073446400e+07
2.105625600e+07
2.506982400e+07
2.415616000e+07
2.592576000e+07
2.179635200e+07
2.404044800e+07
1.976665600e+07
2.194291200e+07
1.946124800e+07
2.264166400e+07
2.353472000e+07
1.785369600e+07
2.142707200e+07
2.571673600e+07
1.967692800e+07
2.074841600e+07
2.517401600e+07
