2.410240000e+05
2.656000000e+05
2.689280000e+05
1.991680000e+05
2.478080000e+05
2.502400000e+05
2.095360000e+05
2.954240000e+05
2.371840000e+05
2.778880000e+05
2.597120000e+05
2.182400000e+05
2.890240000e+05
2.218240000e+05
2.693120000e+05
2.549760000e+05
3.013120000e+05
2.821120000e+05
2.361600000e+05
2.494720000e+05
2.476800000e+05
2.092800000e+05
2.218240000e+05
2.289920000e+05
2.438400000e+05
2.383360000e+05
2.433280000e+05
3.129600000e+05
2.684160000e+05
2.732800000e+05

4.088448000e+06
4.422400000e+06
3.773568000e+06
3.331456000e+06
3.610240000e+06
3.574656000e+06
3.475328000e+06
4.591360000e+06
3.199360000e+06
4.541568000e+06
3.192704000e+06
3.872256000e+06
4.113536000e+06
4.000768000e+06
3.684480000e+06
3.487744000e+06
4.553088000e+06
3.567104000e+06
3.595776000e+06
3.850368000e+06
4.284288000e+06
4.427136000e+06
4.521728000e+06
4.297856000e+06
4.143872000e+06
3.570560000e+06
3.882112000e+06
4.772864000e+06
3.450240000e+06
3.956864000e+06
