2.566000000e+03
5.991000000e+03
8.710000000e+02
4.271000000e+03
4.264000000e+03
4.292000000e+03
2.565000000e+03
5.136000000e+03
8.770000000e+02
4.274000000e+03
3.426000000e+03
5.128000000e+03
4.277000000e+03
2.569000000e+03
3.434000000e+03
5.144000000e+03
1.714000000e+03
4.276000000e+03
8.630000000e+02
1.727000000e+03
1.500000000e+01
3.413000000e+03
8.780000000e+02
5.124000000e+03
6.857000000e+03
5.122000000e+03
5.124000000e+03
1.703000000e+03
7.717000000e+03
8.620000000e+02

1.264800000e+04
5.083000000e+03
6.682000000e+03
9.062000000e+03
2.248900000e+04
2.293000000e+03
1.442600000e+04
9.284000000e+03
4.910000000e+02
1.426200000e+04
2.256000000e+03
2.426000000e+03
1.091200000e+04
4.788000000e+03
9.265000000e+03
7.400000000e+03
1.450300000e+04
6.462000000e+03
3.134000000e+03
7.299000000e+03
5.759000000e+03
6.026000000e+03
1.518200000e+04
1.356800000e+04
2.324000000e+03
9.291000000e+03
8.620000000e+02
1.444400000e+04
5.871000000e+03
3.127000000e+03
