2.481539634e-06
2.582835222e-06
2.367922103e-06
2.506352823e-06
2.716027024e-06
2.183823405e-06
2.400445663e-06
2.430721122e-06
2.376655707e-06
2.734677904e-06
2.216670039e-06
2.324863384e-06
2.842072487e-06
2.439564746e-06
2.239250775e-06
2.381141371e-06
2.624252825e-06
2.622143925e-06
2.202691530e-06
2.262882328e-06
2.320697080e-06
2.328028890e-06
2.438684707e-06
2.502469673e-06
2.427506754e-06
2.334635470e-06
2.427426315e-06
2.191037210e-06
2.383072467e-06
2.361651411e-06

3.567513239e-06
3.622045240e-06
3.569446251e-06
3.380827637e-06
3.776663130e-06
3.680964223e-06
3.284237195e-06
3.381301010e-06
3.372396747e-06
3.392524112e-06
3.730731838e-06
3.591937486e-06
3.516047342e-06
3.704412823e-06
3.745477851e-06
3.522287296e-06
3.332381538e-06
3.600362148e-06
3.623720688e-06
3.436700955e-06
3.473959001e-06
3.647850883e-06
3.523885817e-06
3.426580685e-06
3.505974179e-06
3.444815717e-06
3.395567702e-06
3.410823655e-06
3.246297792e-06
3.690208286e-06
