4.519329600e+07
3.972816000e+06
4.002132000e+06
1.832496600e+07
1.934173900e+07
3.468594800e+07
7.804837000e+06
4.326723000e+06
7.813877400e+07
4.309718000e+06
9.960717400e+07
2.701027700e+07
4.355207900e+07
4.039899000e+06
3.989490600e+07
4.092654000e+06
2.345099800e+07
5.884776900e+07
1.279374700e+07
1.685695500e+07
4.233826000e+06
4.085639000e+06
2.856968200e+07
4.076599000e+06
3.952423000e+06
2.035158500e+07
4.208657000e+06
4.230941000e+06
4.115993000e+06
5.225711100e+07

1.417031400e+07
1.254976400e+07
1.454482900e+07
1.653749100e+07
1.533999800e+07
1.497673200e+07
1.267328200e+07
1.510452500e+07
1.429361800e+07
1.506880800e+07
2.020718600e+07
1.488422000e+07
1.646488500e+07
1.213423600e+07
1.553561500e+07
1.507121200e+07
1.726617800e+07
1.724002200e+07
1.537011500e+07
1.308308800e+07
1.413008800e+07
1.322225400e+07
1.424703300e+07
1.455217300e+07
1.325774900e+07
1.385296300e+07
2.346120800e+07
1.278881600e+07
1.040500000e+07
1.423610100e+07
