1.233048823e-05
1.522864992e-05
1.322358155e-05
1.271973343e-05
1.370349640e-05
1.295863702e-05
1.331220022e-05
1.237109350e-05
1.560149027e-05
1.561544770e-05
1.355519834e-05
1.634044286e-05
1.618502409e-05
1.521315744e-05
1.473710450e-05
1.426351552e-05
1.311768297e-05
1.452428707e-05
1.348809458e-05
1.331056565e-05
1.218665927e-05
1.408079690e-05
1.654786900e-05
1.324919785e-05
1.454511044e-05
1.312390604e-05
1.401835077e-05
1.185632411e-05
1.284964136e-05
1.332038967e-05

3.306474486e-05
3.116005738e-05
2.608957842e-05
2.738314563e-05
2.329524457e-05
2.822824355e-05
2.663297413e-05
2.265689163e-05
2.368527156e-05
2.408353320e-05
2.657423626e-05
2.290551845e-05
2.547482091e-05
3.150183560e-05
2.436454897e-05
2.642675992e-05
1.988878147e-05
2.598331689e-05
2.234470652e-05
3.477260674e-05
2.943548585e-05
2.772246880e-05
2.513322660e-05
2.399470742e-05
2.525952009e-05
2.757334967e-05
3.115875523e-05
2.624106118e-05
2.608061528e-05
3.162797875e-05
