3.378103608e-07
3.663501726e-07
3.328417031e-07
3.329350363e-07
3.467973778e-07
3.440677597e-07
3.390504394e-07
3.637730893e-07
3.225463441e-07
3.644254240e-07
3.713874130e-07
3.244197155e-07
3.527407251e-07
3.752778682e-07
3.839940272e-07
3.402784222e-07
3.478208897e-07
3.507344996e-07
3.297656183e-07
3.464036057e-07
3.375884448e-07
3.579706600e-07
3.553859121e-07
3.570738146e-07
3.708579924e-07
3.478508298e-07
3.190520163e-07
3.345989069e-07
3.648868207e-07
3.674891734e-07

3.180286241e-07
3.629730901e-07
3.122188495e-07
3.813600977e-07
3.079490733e-07
3.775583450e-07
3.691545211e-07
3.937215224e-07
3.673486945e-07
3.395071256e-07
3.663946037e-07
3.731601857e-07
3.263167196e-07
3.400735521e-07
3.653700538e-07
3.629085792e-07
3.821410949e-07
3.656721693e-07
3.766380266e-07
3.466086354e-07
3.798404984e-07
3.553844750e-07
3.558353727e-07
3.385740726e-07
3.825489188e-07
3.493340618e-07
3.827913138e-07
3.514384110e-07
3.627017930e-07
3.884553002e-07
