1.892960000e+05
2.024190000e+05
1.179253000e+06
2.375650000e+05
1.175398000e+06
1.993170000e+05
2.029770000e+05
2.064750000e+05
2.230690000e+05
2.077640000e+05
1.891990000e+05
2.198700000e+05
1.958480000e+05
2.265850000e+05
2.140660000e+05
2.136880000e+05
2.012030000e+05
2.072310000e+05
1.931390000e+05
2.075070000e+05
1.960000000e+05
2.014930000e+05
2.048250000e+05
2.064500000e+05
2.215830000e+05
2.272010000e+05
2.144690000e+05
2.099470000e+05
2.391190000e+05
2.078580000e+05

8.048530000e+05
7.602300000e+05
7.206460000e+05
7.420590000e+05
7.131100000e+05
7.456250000e+05
7.983480000e+05
7.118440000e+05
7.808920000e+05
7.987620000e+05
7.175480000e+05
7.809650000e+05
9.168680000e+05
6.994980000e+05
8.538420000e+05
8.167130000e+05
7.746120000e+05
8.103240000e+05
8.450020000e+05
7.958240000e+05
8.573960000e+05
7.845640000e+05
6.864910000e+05
8.684800000e+05
7.304910000e+05
7.595100000e+05
8.330570000e+05
8.199000000e+05
6.952880000e+05
8.023430000e+05
