1.450000000e+02
1.920000000e+02
1.610000000e+02
1.750000000e+02
1.450000000e+02
1.750000000e+02
1.550000000e+02
1.720000000e+02
1.610000000e+02
1.510000000e+02
1.610000000e+02
1.610000000e+02
1.780000000e+02
1.730000000e+02
1.990000000e+02
1.860000000e+02
2.140000000e+02
1.870000000e+02
1.580000000e+02
1.620000000e+02
1.750000000e+02
1.750000000e+02
1.750000000e+02
1.510000000e+02
1.510000000e+02
1.360000000e+02
1.380000000e+02
1.750000000e+02
2.300000000e+02
1.750000000e+02

1.837000000e+03
1.374000000e+03
1.215000000e+03
1.148000000e+03
2.984000000e+03
2.225000000e+03
2.264000000e+03
1.451000000e+03
1.988000000e+03
2.104000000e+03
2.194000000e+03
1.314000000e+03
1.326000000e+03
1.923000000e+03
1.135000000e+03
2.257000000e+03
2.353000000e+03
1.074000000e+03
1.068000000e+03
1.100000000e+03
2.106000000e+03
1.452000000e+03
1.265000000e+03
1.636000000e+03
1.199000000e+03
1.285000000e+03
2.020000000e+03
1.249000000e+03
1.203000000e+03
1.360000000e+03
