1.589200000e+04
1.556300000e+04
1.638400000e+04
1.632300000e+04
1.725900000e+04
1.840100000e+04
1.613900000e+04
1.747500000e+04
1.720200000e+04
1.763600000e+04
1.571300000e+04
1.621500000e+04
1.586400000e+04
1.589200000e+04
1.673700000e+04
1.686100000e+04
1.579500000e+04
1.721300000e+04
1.676300000e+04
1.673000000e+04
1.645300000e+04
1.797400000e+04
1.625600000e+04
1.712800000e+04
1.640800000e+04
1.645200000e+04
1.626000000e+04
1.763300000e+04
1.613900000e+04
1.611200000e+04

5.840700000e+04
5.535600000e+04
5.135900000e+04
4.851500000e+04
5.353600000e+04
4.924200000e+04
5.403100000e+04
5.686900000e+04
5.219900000e+04
4.481800000e+04
5.223800000e+04
5.335500000e+04
5.442100000e+04
5.419600000e+04
5.386500000e+04
5.871700000e+04
5.268400000e+04
5.528100000e+04
4.873300000e+04
5.206500000e+04
5.456700000e+04
4.607200000e+04
5.325400000e+04
5.504600000e+04
5.236300000e+04
5.402700000e+04
5.685200000e+04
5.336400000e+04
5.374200000e+04
5.372300000e+04
