1.714764273e-06
5.856881568e-07
8.276551005e-07
3.676264587e-07
1.558572853e-06
1.494032797e-06
6.330008440e-07
9.707376321e-07
6.683811679e-07
8.938923995e-07
3.887493518e-07
8.511650570e-07
7.974406397e-07
1.214737388e-06
1.293433996e-06
1.544401210e-06
6.712655164e-07
8.535824598e-07
4.651469201e-07
1.377914630e-06
9.054135856e-07
4.919664541e-07
7.987495007e-07
1.597112056e-06
1.349171824e-06
1.020363451e-06
7.404416548e-07
9.658973575e-07
1.222747520e-06
1.285005222e-06

2.830680403e-06
3.267902041e-06
1.494657627e-06
3.246317153e-06
2.834047984e-06
2.290884535e-06
1.219456625e-06
2.538682292e-06
1.470476973e-06
2.295513233e-06
3.132703095e-06
1.642627459e-06
2.227236336e-06
3.047963738e-06
2.626854339e-06
2.694316308e-06
1.198795448e-06
2.345934700e-06
2.614008963e-06
2.504067396e-06
1.656671517e-06
3.646014278e-06
3.804190567e-06
1.831138848e-06
1.704868634e-06
1.582782210e-06
3.164520987e-06
2.074491059e-06
1.836024551e-06
2.083594124e-06
