1.334963934e-06
1.393792498e-06
1.429500447e-06
1.492932080e-06
1.467657135e-06
1.343437459e-06
1.308603641e-06
1.459421734e-06
1.315201120e-06
1.212936831e-06
1.388358292e-06
1.266709432e-06
1.337792075e-06
1.562648857e-06
1.315938125e-06
1.326061349e-06
1.214798586e-06
1.320368221e-06
1.440240835e-06
1.424920771e-06
1.388292743e-06
1.516263713e-06
1.355785111e-06
1.524586100e-06
1.409604299e-06
1.471878408e-06
1.732964774e-06
1.387690828e-06
1.360526424e-06
1.681962909e-06

1.542816182e-06
1.406227775e-06
1.483333327e-06
1.440344308e-06
1.424756420e-06
1.619641295e-06
1.593439205e-06
1.567416317e-06
1.615981697e-06
1.588938531e-06
1.399668820e-06
1.518782234e-06
1.466003085e-06
1.466966996e-06
1.528264260e-06
1.516108344e-06
1.500381933e-06
1.465116339e-06
1.614467368e-06
1.521552171e-06
1.433597648e-06
1.602679675e-06
1.357076407e-06
1.541613149e-06
1.505178455e-06
1.509194219e-06
1.469833500e-06
1.511358050e-06
1.610349887e-06
1.495063375e-06
