5.909638801e-08
6.061854218e-08
6.032656642e-08
4.547041361e-08
4.977064883e-08
5.616956459e-08
6.470516484e-08
6.896048992e-08
5.157970890e-08
5.565108207e-08
5.514094286e-08
4.710135011e-08
5.031547863e-08
6.040660626e-08
5.187056689e-08
5.180948911e-08
5.774708796e-08
5.452677182e-08
6.938144759e-08
6.065826269e-08
5.881175756e-08
5.334769116e-08
6.083383139e-08
5.570178062e-08
6.186265271e-08
5.827407346e-08
6.314756160e-08
6.368640338e-08
4.737312628e-08
5.718277715e-08

4.920362345e-08
6.391155286e-08
6.737582085e-08
7.480946611e-08
6.477063383e-08
6.630572212e-08
6.561039347e-08
5.122849169e-08
6.541682081e-08
5.910600876e-08
6.089303292e-08
6.597266856e-08
5.570213991e-08
4.903009069e-08
5.705391500e-08
6.591590215e-08
4.769037147e-08
6.615230910e-08
6.394308975e-08
7.320994675e-08
5.391747103e-08
5.046282379e-08
5.342924797e-08
6.766663892e-08
5.961810405e-08
5.972365285e-08
5.317974722e-08
7.114032806e-08
5.676118077e-08
7.331589475e-08
