5.000000000e+01
3.800000000e+01
5.300000000e+01
4.700000000e+01
6.100000000e+01
5.900000000e+01
5.300000000e+01
6.100000000e+01
7.300000000e+01
4.600000000e+01
9.200000000e+01
4.600000000e+01
6.900000000e+01
5.200000000e+01
6.400000000e+01
4.900000000e+01
4.900000000e+01
4.400000000e+01
5.400000000e+01
5.900000000e+01
5.100000000e+01
5.100000000e+01
5.100000000e+01
4.200000000e+01
3.900000000e+01
6.000000000e+01
4.800000000e+01
6.900000000e+01
5.900000000e+01
6.400000000e+01

1.560000000e+02
1.500000000e+02
1.080000000e+02
1.660000000e+02
2.220000000e+02
1.090000000e+02
1.090000000e+02
1.380000000e+02
1.190000000e+02
1.110000000e+02
1.440000000e+02
1.110000000e+02
1.270000000e+02
1.090000000e+02
1.100000000e+02
1.150000000e+02
1.120000000e+02
1.410000000e+02
3.570000000e+02
1.100000000e+02
1.740000000e+02
1.430000000e+02
1.640000000e+02
1.190000000e+02
1.090000000e+02
2.200000000e+02
3.390000000e+02
1.210000000e+02
1.210000000e+02
3.160000000e+02
