6.902000000e+03
7.282000000e+03
7.206000000e+03
7.926000000e+03
6.817000000e+03
7.444000000e+03
6.721000000e+03
6.647000000e+03
8.025000000e+03
6.839000000e+03
7.171000000e+03
7.309000000e+03
7.493000000e+03
7.017000000e+03
6.888000000e+03
6.772000000e+03
7.233000000e+03
7.424000000e+03
6.828000000e+03
6.301000000e+03
7.786000000e+03
6.236000000e+03
7.307000000e+03
7.289000000e+03
6.600000000e+03
7.400000000e+03
7.520000000e+03
7.516000000e+03
7.604000000e+03
6.400000000e+03

8.116000000e+03
8.091000000e+03
7.681000000e+03
7.998000000e+03
7.684000000e+03
7.942000000e+03
8.086000000e+03
7.700000000e+03
7.427000000e+03
8.297000000e+03
8.759000000e+03
8.058000000e+03
6.937000000e+03
7.443000000e+03
7.546000000e+03
8.709000000e+03
7.626000000e+03
8.515000000e+03
8.171000000e+03
7.997000000e+03
7.936000000e+03
8.039000000e+03
8.204000000e+03
7.891000000e+03
8.536000000e+03
8.017000000e+03
9.189000000e+03
7.715000000e+03
8.762000000e+03
8.282000000e+03
