4.701000000e+03
5.587000000e+03
5.641000000e+03
2.830000000e+03
2.837000000e+03
6.530000000e+03
8.375000000e+03
2.826000000e+03
3.767000000e+03
4.699000000e+03
1.024800000e+04
8.408000000e+03
5.637000000e+03
1.899000000e+03
4.676000000e+03
2.865000000e+03
3.765000000e+03
2.917000000e+03
3.753000000e+03
4.728000000e+03
2.933000000e+03
2.857000000e+03
2.843000000e+03
7.474000000e+03
2.851000000e+03
6.545000000e+03
1.119200000e+04
2.854000000e+03
1.026900000e+04
5.631000000e+03

1.837000000e+03
0.000000000e+00
1.000000000e+00
3.680000000e+03
0.000000000e+00
0.000000000e+00
2.000000000e+00
1.839000000e+03
9.180000000e+02
9.180000000e+02
9.180000000e+02
0.000000000e+00
9.200000000e+02
9.190000000e+02
9.180000000e+02
9.170000000e+02
9.180000000e+02
9.170000000e+02
9.180000000e+02
9.180000000e+02
9.180000000e+02
1.000000000e+00
9.180000000e+02
9.190000000e+02
9.190000000e+02
0.000000000e+00
2.762000000e+03
0.000000000e+00
0.000000000e+00
0.000000000e+00
