2.978891400e+07
1.519683500e+07
1.444586000e+07
1.285811400e+07
3.400128200e+07
1.487231300e+07
4.498489200e+07
1.576474800e+07
1.306957700e+07
4.189187900e+07
1.458103400e+07
4.632420900e+07
2.147722100e+07
2.511103800e+07
2.186506000e+07
2.191516200e+07
2.797493400e+07
2.391361100e+07
1.538777300e+07
3.856309600e+07
2.066457700e+07
2.978635700e+07
4.056930400e+07
1.689694300e+07
4.196107500e+07
2.431071800e+07
2.623808900e+07
1.365678500e+07
1.445768900e+07
4.075989300e+07

1.020298780e+08
6.276622600e+07
1.159287180e+08
1.250355450e+08
1.154895710e+08
1.115281520e+08
1.881712160e+08
7.197872000e+07
1.246031920e+08
1.277460510e+08
1.138962390e+08
1.229498140e+08
2.992396200e+07
1.037030600e+08
1.031329020e+08
1.142797830e+08
4.190392600e+07
1.154437100e+08
7.185109300e+07
1.100482250e+08
9.197292300e+07
1.303233770e+08
1.293133960e+08
9.439357800e+07
7.362235300e+07
1.051140510e+08
1.221077690e+08
6.645160300e+07
6.450092300e+07
1.173719900e+08
