1.542959152e-05
1.241890543e-05
1.396910403e-05
1.426508797e-05
1.275199875e-05
1.470209069e-05
1.394408398e-05
1.668783956e-05
1.326574286e-05
1.508870288e-05
1.383480912e-05
1.523084852e-05
1.478837523e-05
1.390416079e-05
1.357850407e-05
1.391216066e-05
1.468089718e-05
1.343574613e-05
1.409288551e-05
1.646548753e-05
1.447603339e-05
1.472686603e-05
1.562208649e-05
1.725965200e-05
1.705566929e-05
1.634076893e-05
1.462911906e-05
1.462833419e-05
1.475890867e-05
1.359356633e-05

3.630565212e-05
3.164982260e-05
2.915900226e-05
3.029232659e-05
3.410099261e-05
3.702701076e-05
3.054024323e-05
2.961248616e-05
3.034742323e-05
3.722795734e-05
3.496546228e-05
3.463739430e-05
3.103544797e-05
2.776219443e-05
3.369809425e-05
3.732363501e-05
3.025424005e-05
3.150557317e-05
2.691752602e-05
3.668312427e-05
3.336396983e-05
3.068136337e-05
3.398532997e-05
3.574956201e-05
2.986161908e-05
2.973287230e-05
3.065573897e-05
3.053821948e-05
2.682398751e-05
3.363914955e-05
