3.379200000e+04
3.712000000e+04
3.840000000e+04
3.494400000e+04
3.750400000e+04
3.494400000e+04
3.520000000e+04
3.289600000e+04
3.788800000e+04
3.776000000e+04
3.801600000e+04
3.699200000e+04
3.468800000e+04
3.379200000e+04
3.596800000e+04
3.456000000e+04
3.379200000e+04
3.878400000e+04
3.622400000e+04
3.379200000e+04
3.596800000e+04
3.417600000e+04
3.289600000e+04
3.187200000e+04
3.699200000e+04
3.507200000e+04
3.430400000e+04
3.584000000e+04
3.584000000e+04
3.865600000e+04

1.288960000e+05
1.236480000e+05
1.222400000e+05
1.207040000e+05
1.222400000e+05
1.310720000e+05
1.184000000e+05
1.139200000e+05
1.297920000e+05
1.277440000e+05
1.246720000e+05
1.287680000e+05
1.251840000e+05
1.061120000e+05
1.223680000e+05
1.184000000e+05
1.263360000e+05
1.171200000e+05
1.232640000e+05
1.269760000e+05
1.182720000e+05
1.218560000e+05
1.189120000e+05
1.259520000e+05
1.255680000e+05
1.274880000e+05
1.240320000e+05
1.260800000e+05
1.262080000e+05
1.259520000e+05
