5.083000000e+03
5.244000000e+03
4.858000000e+03
4.971000000e+03
5.072000000e+03
5.158000000e+03
5.244000000e+03
4.782000000e+03
4.717000000e+03
5.020000000e+03
4.842000000e+03
4.797000000e+03
4.959000000e+03
4.499000000e+03
4.870000000e+03
4.634000000e+03
4.603000000e+03
5.142000000e+03
4.540000000e+03
4.939000000e+03
5.092000000e+03
4.701000000e+03
5.370000000e+03
4.876000000e+03
4.639000000e+03
4.678000000e+03
4.964000000e+03
4.814000000e+03
4.794000000e+03
5.671000000e+03

5.704000000e+03
5.535000000e+03
4.779000000e+03
5.051000000e+03
5.765000000e+03
5.632000000e+03
4.518000000e+03
4.965000000e+03
5.295000000e+03
4.333000000e+03
4.707000000e+03
5.018000000e+03
5.226000000e+03
5.060000000e+03
4.925000000e+03
4.924000000e+03
5.156000000e+03
5.035000000e+03
4.962000000e+03
4.585000000e+03
4.742000000e+03
4.940000000e+03
5.132000000e+03
5.235000000e+03
6.003000000e+03
5.310000000e+03
4.962000000e+03
4.645000000e+03
5.265000000e+03
4.839000000e+03
