8.960000000e+02
1.920000000e+03
1.920000000e+03
1.920000000e+03
1.920000000e+03
1.920000000e+03
1.920000000e+03
1.920000000e+03
1.920000000e+03
2.688000000e+03
1.920000000e+03
1.920000000e+03
1.920000000e+03
8.960000000e+02
1.920000000e+03
2.688000000e+03
1.920000000e+03
2.048000000e+03
1.280000000e+02
1.920000000e+03
1.920000000e+03
2.816000000e+03
8.960000000e+02
1.920000000e+03
8.960000000e+02
1.920000000e+03
3.072000000e+03
8.960000000e+02
1.920000000e+03
1.920000000e+03

0.000000000e+00
0.000000000e+00
0.000000000e+00
0.000000000e+00
0.000000000e+00
0.000000000e+00
0.000000000e+00
0.000000000e+00
0.000000000e+00
0.000000000e+00
0.000000000e+00
0.000000000e+00
0.000000000e+00
0.000000000e+00
0.000000000e+00
0.000000000e+00
0.000000000e+00
0.000000000e+00
0.000000000e+00
0.000000000e+00
0.000000000e+00
0.000000000e+00
0.000000000e+00
0.000000000e+00
0.000000000e+00
0.000000000e+00
0.000000000e+00
0.000000000e+00
0.000000000e+00
0.000000000e+00
