4.460000000e+02
4.340000000e+02
3.360000000e+02
3.380000000e+02
2.730000000e+02
3.300000000e+02
3.570000000e+02
3.370000000e+02
3.210000000e+02
2.850000000e+02
3.450000000e+02
3.890000000e+02
2.900000000e+02
3.880000000e+02
3.070000000e+02
3.400000000e+02
3.060000000e+02
3.380000000e+02
3.850000000e+02
3.200000000e+02
3.380000000e+02
3.610000000e+02
3.770000000e+02
3.620000000e+02
3.310000000e+02
2.890000000e+02
3.340000000e+02
3.390000000e+02
3.480000000e+02
4.010000000e+02

1.823000000e+03
1.369000000e+03
1.214000000e+03
1.095000000e+03
2.957000000e+03
2.175000000e+03
2.274000000e+03
1.448000000e+03
1.997000000e+03
2.080000000e+03
2.192000000e+03
1.306000000e+03
1.299000000e+03
1.877000000e+03
1.110000000e+03
2.227000000e+03
2.298000000e+03
1.057000000e+03
1.034000000e+03
1.097000000e+03
2.092000000e+03
1.448000000e+03
1.250000000e+03
1.563000000e+03
1.181000000e+03
1.294000000e+03
2.013000000e+03
1.249000000e+03
1.202000000e+03
1.350000000e+03
