1.318400000e+04
1.676800000e+04
1.561600000e+04
1.408000000e+04
1.395200000e+04
1.459200000e+04
1.459200000e+04
1.472000000e+04
1.472000000e+04
1.472000000e+04
1.574400000e+04
1.408000000e+04
1.484800000e+04
1.548800000e+04
1.510400000e+04
1.548800000e+04
1.472000000e+04
1.369600000e+04
1.446400000e+04
1.100800000e+04
1.561600000e+04
1.356800000e+04
1.369600000e+04
1.216000000e+04
1.548800000e+04
1.331200000e+04
1.331200000e+04
1.484800000e+04
1.305600000e+04
1.446400000e+04

6.515200000e+04
6.348800000e+04
6.476800000e+04
5.760000000e+04
6.131200000e+04
6.822400000e+04
6.067200000e+04
5.811200000e+04
6.489600000e+04
6.310400000e+04
6.144000000e+04
6.361600000e+04
5.657600000e+04
6.323200000e+04
6.182400000e+04
6.220800000e+04
6.515200000e+04
5.926400000e+04
7.270400000e+04
6.720000000e+04
5.427200000e+04
5.734400000e+04
6.105600000e+04
6.054400000e+04
5.657600000e+04
6.412800000e+04
6.041600000e+04
5.939200000e+04
6.732800000e+04
6.080000000e+04
