5.113400000e+04
7.035700000e+04
5.253000000e+04
5.777600000e+04
5.156300000e+04
6.863400000e+04
5.908900000e+04
5.567200000e+04
6.477500000e+04
6.833100000e+04
5.648000000e+04
4.875800000e+04
6.551500000e+04
4.669500000e+04
5.532900000e+04
4.613400000e+04
5.213900000e+04
4.874200000e+04
5.144800000e+04
7.666600000e+04
5.164100000e+04
5.634800000e+04
4.534700000e+04
5.496100000e+04
5.067300000e+04
4.686300000e+04
4.108800000e+04
4.671100000e+04
5.310000000e+04
5.544800000e+04

1.203630000e+05
1.838580000e+05
1.370360000e+05
1.742140000e+05
1.841850000e+05
1.464130000e+05
1.575300000e+05
1.885600000e+05
1.219880000e+05
1.968810000e+05
1.735910000e+05
1.968130000e+05
1.349270000e+05
2.436400000e+05
1.561560000e+05
1.482500000e+05
2.174760000e+05
1.247430000e+05
2.175790000e+05
1.631080000e+05
1.425000000e+05
1.699880000e+05
1.209640000e+05
1.136710000e+05
1.562620000e+05
1.619870000e+05
2.182570000e+05
1.394890000e+05
1.933010000e+05
1.934470000e+05
