3.570000000e+02
4.260000000e+02
4.490000000e+02
5.640000000e+02
5.280000000e+02
5.650000000e+02
3.780000000e+02
3.550000000e+02
4.950000000e+02
4.370000000e+02
4.750000000e+02
5.650000000e+02
3.870000000e+02
5.030000000e+02
5.650000000e+02
3.950000000e+02
5.650000000e+02
5.650000000e+02
4.720000000e+02
4.090000000e+02
5.640000000e+02
3.890000000e+02
4.160000000e+02
5.620000000e+02
5.640000000e+02
3.030000000e+02
5.650000000e+02
3.740000000e+02
4.910000000e+02
3.760000000e+02

3.400000000e+02
4.280000000e+02
4.060000000e+02
4.110000000e+02
3.300000000e+02
3.340000000e+02
3.220000000e+02
3.000000000e+02
3.270000000e+02
3.330000000e+02
3.700000000e+02
3.380000000e+02
4.140000000e+02
3.480000000e+02
3.030000000e+02
4.800000000e+02
3.510000000e+02
3.570000000e+02
3.730000000e+02
3.560000000e+02
4.260000000e+02
3.240000000e+02
3.930000000e+02
3.390000000e+02
3.390000000e+02
3.640000000e+02
3.780000000e+02
3.440000000e+02
3.710000000e+02
4.320000000e+02

4.931000000e+03
5.137000000e+03
5.956700000e+04
4.931000000e+03
4.931000000e+03
4.931000000e+03
4.931000000e+03
5.959000000e+04
5.497000000e+03
4.931000000e+03
4.931000000e+03
5.497000000e+03
5.497000000e+03
4.930000000e+03
5.497000000e+03
4.931000000e+03
4.931000000e+03
5.238000000e+03
5.497000000e+03
5.952900000e+04
5.137000000e+03
5.497000000e+03
5.497000000e+03
5.480000000e+03
5.497000000e+03
5.497000000e+03
5.137000000e+03
5.949700000e+04
4.931000000e+03
5.497000000e+03
