1.710000000e+02
1.670000000e+02
2.340000000e+02
1.970000000e+02
1.640000000e+02
1.600000000e+02
1.740000000e+02
2.070000000e+02
1.360000000e+02
1.840000000e+02
1.790000000e+02
1.720000000e+02
1.650000000e+02
2.410000000e+02
1.540000000e+02
1.750000000e+02
1.680000000e+02
2.030000000e+02
2.090000000e+02
1.420000000e+02
1.410000000e+02
1.920000000e+02
1.870000000e+02
2.130000000e+02
1.580000000e+02
1.650000000e+02
2.000000000e+02
1.920000000e+02
1.950000000e+02
1.910000000e+02

2.540000000e+02
1.970000000e+02
2.470000000e+02
2.380000000e+02
1.990000000e+02
2.100000000e+02
2.090000000e+02
2.470000000e+02
2.700000000e+02
1.560000000e+02
2.250000000e+02
2.580000000e+02
2.310000000e+02
1.610000000e+02
2.090000000e+02
1.920000000e+02
3.420000000e+02
1.720000000e+02
2.830000000e+02
1.740000000e+02
1.990000000e+02
1.880000000e+02
2.390000000e+02
3.450000000e+02
1.820000000e+02
1.960000000e+02
2.100000000e+02
2.520000000e+02
2.980000000e+02
2.410000000e+02
