1.641141473e-06
1.352053538e-06
1.456096149e-06
1.618124410e-06
1.485855321e-06
1.384106600e-06
1.448043861e-06
1.545523884e-06
1.495893833e-06
1.480802831e-06
1.397675808e-06
1.502483168e-06
1.463903007e-06
1.512108109e-06
1.398029061e-06
1.542708956e-06
1.563396920e-06
1.554581879e-06
1.490133320e-06
1.433715692e-06
1.493280024e-06
1.466201967e-06
1.487328014e-06
1.396774332e-06
1.553615532e-06
1.590356733e-06
1.461280894e-06
1.469206635e-06
1.452698228e-06
1.354733975e-06

1.349808031e-06
1.422723168e-06
1.563207738e-06
1.322005345e-06
1.389348910e-06
1.342333348e-06
1.344139853e-06
1.293313477e-06
1.560921034e-06
1.310196734e-06
1.489495197e-06
1.461914147e-06
1.389682962e-06
1.377322295e-06
1.403050174e-06
1.435556608e-06
1.207318833e-06
1.466381448e-06
1.414441819e-06
1.351657491e-06
1.553474295e-06
1.443577958e-06
1.336704332e-06
1.319324709e-06
1.307616577e-06
1.395258804e-06
1.335961937e-06
1.301150316e-06
1.518005149e-06
1.564287298e-06
