4.109312000e+06
4.911616000e+06
3.972480000e+06
4.303360000e+06
4.860672000e+06
4.921600000e+06
5.276800000e+06
4.523136000e+06
5.070080000e+06
5.448320000e+06
4.208000000e+06
5.221376000e+06
4.512512000e+06
4.076928000e+06
4.804992000e+06
4.297984000e+06
3.775104000e+06
4.552704000e+06
4.551808000e+06
3.701504000e+06
4.636416000e+06
4.751360000e+06
5.332096000e+06
4.529408000e+06
3.911296000e+06
4.589952000e+06
5.288832000e+06
4.102784000e+06
4.504960000e+06
4.835456000e+06

5.964032000e+06
5.762944000e+06
7.543424000e+06
7.357568000e+06
7.103360000e+06
5.931520000e+06
5.685760000e+06
5.983232000e+06
7.478784000e+06
5.953920000e+06
6.882816000e+06
8.114944000e+06
6.846464000e+06
6.272384000e+06
7.615616000e+06
7.065984000e+06
6.802048000e+06
6.501376000e+06
8.646016000e+06
6.597376000e+06
7.451392000e+06
5.839232000e+06
9.021568000e+06
7.408768000e+06
5.462400000e+06
8.018816000e+06
7.670144000e+06
7.560064000e+06
8.210816000e+06
7.158016000e+06
