2.982400000e+04
2.867200000e+04
3.084800000e+04
3.251200000e+04
3.110400000e+04
2.572800000e+04
2.969600000e+04
3.430400000e+04
3.187200000e+04
3.136000000e+04
3.097600000e+04
3.008000000e+04
2.675200000e+04
2.726400000e+04
2.496000000e+04
3.008000000e+04
3.148800000e+04
3.110400000e+04
2.931200000e+04
2.611200000e+04
2.880000000e+04
2.662400000e+04
2.700800000e+04
3.110400000e+04
3.251200000e+04
2.790400000e+04
2.969600000e+04
3.353600000e+04
2.419200000e+04
2.726400000e+04

2.000077056e+09
5.000055296e+09
2.000074496e+09
6.000045824e+09
3.000083712e+09
1.352960000e+05
9.600000000e+04
1.000100224e+09
3.000060416e+09
9.216000000e+04
9.344000000e+04
4.000056832e+09
8.396800000e+04
3.000098816e+09
2.000085120e+09
4.000067200e+09
1.000102912e+09
3.000068224e+09
2.000082688e+09
2.000059008e+09
1.000096256e+09
3.000108672e+09
6.000056832e+09
4.000054400e+09
5.000085632e+09
3.000085760e+09
2.000115072e+09
4.000070272e+09
3.000088064e+09
2.000096000e+09
