3.189073318e-05
2.971388681e-05
2.701914548e-05
2.952951135e-05
2.895877767e-05
2.821376871e-05
2.993166995e-05
2.621788787e-05
3.142174746e-05
2.854380503e-05
3.031582010e-05
2.854590403e-05
2.757661658e-05
2.856038034e-05
2.892440864e-05
2.707396758e-05
3.434580541e-05
3.110307033e-05
3.122670845e-05
3.069263278e-05
2.959938693e-05
2.929536328e-05
3.001046648e-05
3.160415147e-05
2.938866131e-05
2.774007466e-05
2.860851183e-05
2.686717225e-05
3.086914542e-05
2.761253470e-05

6.064870594e-05
6.343107433e-05
5.875854943e-05
6.131785545e-05
4.753281977e-05
5.847069738e-05
6.303821540e-05
5.874931446e-05
5.890295231e-05
5.633979675e-05
5.147289244e-05
7.099178290e-05
6.058338129e-05
6.405300002e-05
6.697612907e-05
5.847537598e-05
6.094205658e-05
5.801000015e-05
5.450967990e-05
5.531350976e-05
6.196116011e-05
6.039025538e-05
6.901731589e-05
5.446064885e-05
5.025969737e-05
6.446182089e-05
6.355809596e-05
6.635739716e-05
5.274068442e-05
5.260220680e-05
