1.080000000e+02
9.000000000e+01
8.900000000e+01
7.800000000e+01
6.500000000e+01
9.200000000e+01
9.500000000e+01
1.190000000e+02
8.100000000e+01
6.900000000e+01
8.100000000e+01
1.440000000e+02
1.640000000e+02
8.400000000e+01
1.180000000e+02
8.800000000e+01
1.670000000e+02
2.130000000e+02
9.800000000e+01
8.300000000e+01
1.010000000e+02
8.400000000e+01
1.000000000e+02
1.030000000e+02
1.360000000e+02
8.300000000e+01
7.800000000e+01
6.500000000e+01
1.010000000e+02
8.700000000e+01

1.810000000e+02
2.580000000e+02
1.050000000e+02
2.200000000e+02
2.000000000e+02
1.340000000e+02
1.920000000e+02
2.840000000e+02
1.530000000e+02
1.120000000e+02
1.670000000e+02
2.720000000e+02
2.120000000e+02
2.620000000e+02
1.120000000e+02
2.620000000e+02
3.090000000e+02
1.150000000e+02
3.590000000e+02
2.630000000e+02
2.350000000e+02
2.320000000e+02
2.930000000e+02
2.860000000e+02
1.980000000e+02
1.630000000e+02
3.450000000e+02
2.510000000e+02
2.050000000e+02
1.700000000e+02
