2.827541000e+06
2.328029000e+06
2.550183000e+06
2.630058000e+06
2.504299000e+06
2.443617000e+06
2.613292000e+06
2.721321000e+06
2.539570000e+06
2.536756000e+06
2.778483000e+06
2.527009000e+06
2.526418000e+06
2.540146000e+06
2.640613000e+06
2.611906000e+06
2.591452000e+06
2.732785000e+06
2.430369000e+06
2.497849000e+06
2.767588000e+06
2.565038000e+06
2.716697000e+06
2.633082000e+06
2.610928000e+06
2.572442000e+06
2.585829000e+06
2.763576000e+06
2.568414000e+06
2.368245000e+06

7.328507000e+06
9.126937000e+06
8.869180000e+06
6.933212000e+06
7.505239000e+06
7.911646000e+06
6.734500000e+06
5.907514000e+06
1.461389800e+07
4.927110000e+06
3.789710000e+06
7.893816000e+06
1.795423900e+07
1.175070300e+07
1.142631500e+07
1.351871000e+07
5.877188000e+06
1.173808000e+07
9.105158000e+06
7.603167000e+06
5.142864000e+06
8.392594000e+06
5.992764000e+06
5.984475000e+06
6.874960000e+06
4.861095000e+06
6.954621000e+06
5.659889000e+06
7.671876000e+06
8.348516000e+06
