3.120000000e+02
2.890000000e+02
2.730000000e+02
2.800000000e+02
2.650000000e+02
3.150000000e+02
3.270000000e+02
2.860000000e+02
2.410000000e+02
2.910000000e+02
3.240000000e+02
2.740000000e+02
3.170000000e+02
2.430000000e+02
2.740000000e+02
3.050000000e+02
2.910000000e+02
2.690000000e+02
2.900000000e+02
2.710000000e+02
2.760000000e+02
3.110000000e+02
2.720000000e+02
3.240000000e+02
2.440000000e+02
2.840000000e+02
2.740000000e+02
2.740000000e+02
2.990000000e+02
2.650000000e+02

2.200000000e+01
2.000000000e+01
2.500000000e+01
2.500000000e+01
3.300000000e+01
2.500000000e+01
2.800000000e+01
2.600000000e+01
2.500000000e+01
2.500000000e+01
2.000000000e+01
3.000000000e+01
2.500000000e+01
2.100000000e+01
2.500000000e+01
3.200000000e+01
2.500000000e+01
2.200000000e+01
2.200000000e+01
2.200000000e+01
2.600000000e+01
1.800000000e+01
2.500000000e+01
2.700000000e+01
2.300000000e+01
2.600000000e+01
2.400000000e+01
2.700000000e+01
2.400000000e+01
2.500000000e+01
