7.777961324e-06
7.614241088e-06
8.586826383e-06
7.527163930e-06
8.538789146e-06
8.494240887e-06
8.114984779e-06
7.824068863e-06
1.044791554e-05
9.316208209e-06
7.721969084e-06
8.732798173e-06
8.625572333e-06
7.765348722e-06
7.990872728e-06
7.601703935e-06
9.373158491e-06
6.939609827e-06
7.308831573e-06
8.286837941e-06
8.785518320e-06
9.548805301e-06
8.251668475e-06
7.725983891e-06
7.894296497e-06
8.172524841e-06
8.117669607e-06
7.623584273e-06
8.310140792e-06
7.899756970e-06

1.399963406e-05
1.431438161e-05
1.680855876e-05
1.274777065e-05
1.535400660e-05
1.440609286e-05
1.320669454e-05
1.339330102e-05
1.391322960e-05
1.444541977e-05
1.482253743e-05
1.381677636e-05
1.410430641e-05
1.631277730e-05
1.353582231e-05
1.285885724e-05
1.346281508e-05
1.429597668e-05
1.293386491e-05
1.152336237e-05
1.378999060e-05
1.590030031e-05
1.348140632e-05
1.460159135e-05
1.231754425e-05
1.412363841e-05
1.402682701e-05
1.547668856e-05
1.592861269e-05
1.395349663e-05
