4.494149900e+07
2.054759800e+07
1.529974500e+07
3.475747700e+07
1.261662300e+07
1.467932800e+07
2.833549500e+07
1.606895100e+07
2.006774600e+07
3.230639800e+07
3.079759200e+07
4.270132800e+07
1.469687800e+07
2.069348700e+07
1.985566000e+07
2.290372800e+07
2.212660600e+07
3.300210700e+07
2.030366900e+07
4.220332600e+07
2.822428000e+07
1.533909800e+07
2.326130600e+07
1.692434900e+07
2.304354400e+07
1.515701200e+07
2.302879200e+07
2.691452400e+07
4.774522600e+07
3.156905000e+07

2.183870630e+08
1.900172230e+08
2.477263610e+08
2.252851150e+08
2.315591940e+08
2.204118420e+08
1.409127420e+08
2.484552470e+08
2.208142890e+08
1.639301660e+08
2.222191860e+08
1.874365220e+08
2.394551180e+08
2.222811010e+08
2.174752680e+08
2.390309350e+08
2.164891510e+08
1.963766910e+08
2.157072710e+08
2.123250630e+08
1.250039630e+08
2.271834220e+08
1.652315870e+08
2.316583120e+08
2.570220870e+08
2.349694930e+08
2.234712190e+08
2.286680700e+08
2.196838070e+08
2.007124910e+08
