1.772200000e+04
1.800900000e+04
1.570900000e+04
1.619700000e+04
1.656500000e+04
1.625600000e+04
1.479100000e+04
1.489600000e+04
1.540500000e+04
1.732700000e+04
1.667000000e+04
1.550900000e+04
1.777000000e+04
1.650300000e+04
1.698200000e+04
1.532600000e+04
1.610000000e+04
1.604600000e+04
1.703000000e+04
1.555900000e+04
1.533000000e+04
1.669200000e+04
1.734700000e+04
1.651500000e+04
1.628000000e+04
1.551500000e+04
1.729300000e+04
1.569900000e+04
1.697500000e+04
1.752900000e+04

2.339000000e+04
2.275900000e+04
2.275700000e+04
2.819500000e+04
2.331600000e+04
2.853700000e+04
2.624600000e+04
2.655600000e+04
2.231600000e+04
2.345600000e+04
2.278300000e+04
2.274200000e+04
2.123100000e+04
2.080000000e+04
2.014300000e+04
2.562700000e+04
2.490200000e+04
2.053600000e+04
2.191800000e+04
2.204300000e+04
2.475700000e+04
2.724300000e+04
2.670000000e+04
2.142000000e+04
2.306500000e+04
1.958300000e+04
2.319100000e+04
2.488700000e+04
1.751500000e+04
2.790300000e+04
